I200313 14:36:16.360968 1 util/log/clog.go:1196  [config] file created at: 2020/03/13 14:36:16
I200313 14:36:16.360968 1 util/log/clog.go:1196  [config] running on machine: 287541f04cdc
I200313 14:36:16.360968 1 util/log/clog.go:1196  [config] binary: CockroachDB CCL v19.2.4 (x86_64-unknown-linux-gnu, built 2020/02/06 21:55:19, go1.12.12)
I200313 14:36:16.360968 1 util/log/clog.go:1196  [config] arguments: [/cockroach/cockroach start --insecure --join=node_1]
I200313 14:36:16.360968 1 util/log/clog.go:1196  line format: [IWEF]yymmdd hh:mm:ss.uuuuuu goid file:line msg utf8=✓
I200313 14:36:16.360952 1 cli/start.go:1144  logging to directory /cockroach/cockroach-data/logs
W200313 14:36:16.365313 1 cli/start.go:1182  RUNNING IN INSECURE MODE!

- Your cluster is open for any client that can access <all your IP addresses>.
- Any user, even root, can log in without providing a password.
- Any user, connecting as root, can read or write any data in your cluster.
- There is no network encryption nor authentication, and thus no confidentiality.

Check out how to secure your cluster: https://www.cockroachlabs.com/docs/v19.2/secure-a-cluster.html
I200313 14:36:16.366152 1 server/status/recorder.go:597  available memory from cgroups is unsupported, using system memory 2.0 GiB instead: failed to find cgroup memory limit
W200313 14:36:16.366318 1 cli/start.go:1052  Using the default setting for --cache (128 MiB).
  A significantly larger value is usually needed for good performance.
  If you have a dedicated server a reasonable setting is --cache=.25 (500 MiB).
I200313 14:36:16.366847 1 server/status/recorder.go:597  available memory from cgroups is unsupported, using system memory 2.0 GiB instead: failed to find cgroup memory limit
W200313 14:36:16.366919 1 cli/start.go:1065  Using the default setting for --max-sql-memory (128 MiB).
  A significantly larger value is usually needed in production.
  If you have a dedicated server a reasonable setting is --max-sql-memory=.25 (500 MiB).
I200313 14:36:16.367541 1 server/status/recorder.go:597  available memory from cgroups is unsupported, using system memory 2.0 GiB instead: failed to find cgroup memory limit
I200313 14:36:16.367605 1 cli/start.go:1196  CockroachDB CCL v19.2.4 (x86_64-unknown-linux-gnu, built 2020/02/06 21:55:19, go1.12.12)
I200313 14:36:16.492523 1 server/status/recorder.go:597  available memory from cgroups is unsupported, using system memory 2.0 GiB instead: failed to find cgroup memory limit
I200313 14:36:16.492851 1 server/config.go:394  system total memory: 2.0 GiB
I200313 14:36:16.492967 1 server/config.go:396  server configuration:
max offset             500000000
cache size             128 MiB
SQL memory pool size   128 MiB
scan interval          10m0s
scan min idle time     10ms
scan max idle time     1s
event log enabled      true
I200313 14:36:16.493047 1 cli/start.go:1030  using local environment variables: COCKROACH_CHANNEL=official-docker
I200313 14:36:16.493157 1 cli/start.go:1037  process identity: uid 0 euid 0 gid 0 egid 0
I200313 14:36:16.493319 1 cli/start.go:644  starting cockroach node
I200313 14:36:16.497220 24 storage/engine/rocksdb.go:622  opening rocksdb instance at "/cockroach/cockroach-data/cockroach-temp213135852"
I200313 14:36:16.597789 24 server/server.go:928  [n?] monitoring forward clock jumps based on server.clock.forward_jump_check_enabled
I200313 14:36:16.601037 24 storage/engine/rocksdb.go:622  opening rocksdb instance at "/cockroach/cockroach-data"
I200313 14:36:16.711884 24 server/config.go:502  [n?] 1 storage engine initialized
I200313 14:36:16.711992 24 server/config.go:505  [n?] RocksDB cache size: 128 MiB
I200313 14:36:16.712034 24 server/config.go:505  [n?] store 0: RocksDB, max size 0 B, max open file limit 1043576
W200313 14:36:16.724984 24 gossip/gossip.go:1517  [n?] no incoming or outgoing connections
I200313 14:36:16.732029 24 server/server.go:1386  [n?] no stores bootstrapped and --join flag specified, awaiting init command or join with an already initialized node.
I200313 14:36:17.208317 42 gossip/client.go:124  [n?] started gossip client to node_1:26257
I200313 14:36:17.230279 24 server/node.go:645  [n?] connecting to gossip network to verify cluster ID...
I200313 14:36:17.230341 24 server/node.go:665  [n?] node connected via gossip and verified as part of cluster "658b6d5e-e699-44c5-895d-ae8ec745f62b"
W200313 14:36:17.231681 58 cli/start.go:996  neither --listen-addr nor --advertise-addr was specified.
The server will advertise "287541f04cdc" to other nodes, is this routable?

Consider using:
- for local-only servers:  --listen-addr=localhost
- for multi-node clusters: --advertise-addr=<host/IP addr>
I200313 14:36:17.373501 24 server/node.go:381  [n?] new node allocated ID 4
I200313 14:36:17.373694 24 gossip/gossip.go:394  [n4] NodeDescriptor set to node_id:4 address:<network_field:"tcp" address_field:"287541f04cdc:26257" > attrs:<> locality:<> ServerVersion:<major_val:19 minor_val:2 patch:0 unstable:0 > build_tag:"v19.2.4" started_at:1584110177373555100 cluster_name:"" sql_address:<network_field:"tcp" address_field:"287541f04cdc:26257" > 
I200313 14:36:17.373828 24 storage/stores.go:240  [n4] read 0 node addresses from persistent storage
I200313 14:36:17.373938 24 storage/stores.go:259  [n4] wrote 2 node addresses to persistent storage
I200313 14:36:17.413992 24 server/node.go:620  [n4] bootstrapped store [n4,s4]
I200313 14:36:17.452163 24 server/node.go:512  [n4] node=4: started with [<no-attributes>=/cockroach/cockroach-data] engine(s) and attributes []
I200313 14:36:17.456464 24 server/server.go:1514  [n4] starting http server at [::]:8080 (use: 287541f04cdc:8080)
I200313 14:36:17.456552 24 server/server.go:1521  [n4] starting grpc/postgres server at [::]:26257
I200313 14:36:17.456592 24 server/server.go:1522  [n4] advertising CockroachDB node at 287541f04cdc:26257
I200313 14:36:17.531827 24 server/server.go:1590  [n4] done ensuring all necessary migrations have run
I200313 14:36:17.531966 24 server/server.go:1841  [n4] serving sql connections
I200313 14:36:17.532236 24 cli/start.go:803  [config] clusterID: 658b6d5e-e699-44c5-895d-ae8ec745f62b
I200313 14:36:17.532363 24 cli/start.go:812  node startup completed:
CockroachDB node starting at 2020-03-13 14:36:17.5320169 +0000 UTC (took 1.2s)
build:               CCL v19.2.4 @ 2020/02/06 21:55:19 (go1.12.12)
webui:               http://287541f04cdc:8080
sql:                 postgresql://root@287541f04cdc:26257?sslmode=disable
RPC client flags:    /cockroach/cockroach <client cmd> --host=287541f04cdc:26257 --insecure
logs:                /cockroach/cockroach-data/logs
temp dir:            /cockroach/cockroach-data/cockroach-temp213135852
external I/O path:   /cockroach/cockroach-data/extern
store[0]:            path=/cockroach/cockroach-data
status:              initialized new node, joined pre-existing cluster
clusterID:           658b6d5e-e699-44c5-895d-ae8ec745f62b
nodeID:              4
I200313 14:36:17.580354 231 sql/event_log.go:130  [n4] Event: "node_join", target: 4, info: {Descriptor:{NodeID:4 Address:287541f04cdc:26257 Attrs: Locality: ServerVersion:19.2 BuildTag:v19.2.4 StartedAt:1584110177373555100 LocalityAddress:[] ClusterName: SQLAddress:287541f04cdc:26257} ClusterID:658b6d5e-e699-44c5-895d-ae8ec745f62b StartedAt:1584110177373555100 LastUp:1584110177373555100}
I200313 14:36:17.583799 229 server/server_update.go:50  [n4] failed attempt to upgrade cluster version, error: node 2 not running (DEAD), cannot determine version
I200313 14:36:17.697279 268 storage/replica_raftstorage.go:794  [n4,s4,r3/3:{-}] applying LEARNER snapshot [id=632fea25 index=1054]
I200313 14:36:17.766999 268 storage/replica_raftstorage.go:815  [n4,s4,r3/3:/System/{NodeLive…-tsd}] applied LEARNER snapshot [total=70ms ingestion=4@67ms id=632fea25 index=1054]
I200313 14:36:17.804101 257 storage/replica_raftstorage.go:794  [n4,s4,r7/2:{-}] applying LEARNER snapshot [id=c0949860 index=99]
I200313 14:36:17.849723 257 storage/replica_raftstorage.go:815  [n4,s4,r7/2:/Table/1{1-2}] applied LEARNER snapshot [total=46ms ingestion=4@43ms id=c0949860 index=99]
I200313 14:36:18.067986 287 storage/replica_raftstorage.go:794  [n4,s4,r8/3:{-}] applying LEARNER snapshot [id=0807cacd index=141]
I200313 14:36:18.104637 287 storage/replica_raftstorage.go:815  [n4,s4,r8/3:/Table/1{2-3}] applied LEARNER snapshot [total=37ms ingestion=4@32ms id=0807cacd index=141]
I200313 14:36:18.241832 67 storage/stores.go:259  [n4] wrote 3 node addresses to persistent storage
I200313 14:36:18.580921 229 server/server_update.go:53  [n4] no need to upgrade, cluster already at the newest version
I200313 14:36:19.050874 56 gossip/gossip.go:1531  [n4] node has connected to cluster via gossip
I200313 14:36:19.051547 56 storage/stores.go:259  [n4] wrote 3 node addresses to persistent storage
I200313 14:36:19.126894 340 storage/replica_raftstorage.go:794  [n4,s4,r9/2:{-}] applying LEARNER snapshot [id=e8adcf12 index=79]
I200313 14:36:19.205497 340 storage/replica_raftstorage.go:815  [n4,s4,r9/2:/Table/1{3-4}] applied LEARNER snapshot [total=78ms ingestion=4@68ms id=e8adcf12 index=79]
I200313 14:36:19.505198 411 storage/replica_command.go:1586  [n4,replicate,s4,r9/2:/Table/1{3-4}] change replicas (add [(n3,s3):4LEARNER] remove []): existing descriptor r9:/Table/1{3-4} [(n1,s1):1, (n4,s4):2, (n2,s2):3, next=4, gen=4]
I200313 14:36:19.525670 411 storage/replica_raft.go:291  [n4,s4,r9/2:/Table/1{3-4}] proposing ADD_REPLICA[(n3,s3):4LEARNER]: after=[(n1,s1):1 (n4,s4):2 (n2,s2):3 (n3,s3):4LEARNER] next=5
I200313 14:36:19.535490 411 storage/store_snapshot.go:978  [n4,replicate,s4,r9/2:/Table/1{3-4}] sending LEARNER snapshot 717db3e8 at applied index 99
I200313 14:36:19.545140 411 storage/store_snapshot.go:1021  [n4,replicate,s4,r9/2:/Table/1{3-4}] streamed snapshot to (n3,s3):4LEARNER: kv pairs: 140, log entries: 0, rate-limit: 8.0 MiB/sec, 0.02s
I200313 14:36:19.545767 415 storage/raft_snapshot_queue.go:125  [n4,raftsnapshot,s4,r9/2:/Table/1{3-4}] skipping snapshot; replica is likely a learner in the process of being added: (n3,s3):4LEARNER
I200313 14:36:19.661563 411 storage/replica_command.go:1586  [n4,replicate,s4,r9/2:/Table/1{3-4}] change replicas (add [(n3,s3):4VOTER_INCOMING] remove [(n1,s1):1VOTER_OUTGOING]): existing descriptor r9:/Table/1{3-4} [(n1,s1):1, (n4,s4):2, (n2,s2):3, (n3,s3):4LEARNER, next=5, gen=5]
I200313 14:36:19.697977 411 storage/replica_raft.go:291  [n4,s4,r9/2:/Table/1{3-4}] proposing ENTER_JOINT ADD_REPLICA[(n3,s3):4VOTER_INCOMING], REMOVE_REPLICA[(n1,s1):1VOTER_OUTGOING]: after=[(n1,s1):1VOTER_OUTGOING (n4,s4):2 (n2,s2):3 (n3,s3):4VOTER_INCOMING] next=5
I200313 14:36:19.702436 411 storage/replica_command.go:1586  [n4,replicate,s4,r9/2:/Table/1{3-4}] change replicas (add [] remove []): existing descriptor r9:/Table/1{3-4} [(n1,s1):1VOTER_OUTGOING, (n4,s4):2, (n2,s2):3, (n3,s3):4VOTER_INCOMING, next=5, gen=6]
I200313 14:36:19.726910 411 storage/replica_raft.go:291  [n4,s4,r9/2:/Table/1{3-4}] proposing LEAVE_JOINT: after=[(n3,s3):4 (n4,s4):2 (n2,s2):3] next=5
I200313 14:36:19.770468 467 storage/replica_raftstorage.go:794  [n4,s4,r17/4:{-}] applying LEARNER snapshot [id=f5b9ea80 index=60]
I200313 14:36:19.812715 467 storage/replica_raftstorage.go:815  [n4,s4,r17/4:/Table/2{1-2}] applied LEARNER snapshot [total=42ms ingestion=4@36ms id=f5b9ea80 index=60]
I200313 14:36:21.279301 525 storage/replica_raftstorage.go:794  [n4,s4,r12/2:{-}] applying LEARNER snapshot [id=51864d86 index=32]
I200313 14:36:21.314528 525 storage/replica_raftstorage.go:815  [n4,s4,r12/2:/Table/1{6-7}] applied LEARNER snapshot [total=35ms ingestion=4@33ms id=51864d86 index=32]
I200313 14:36:21.493346 537 storage/replica_command.go:1586  [n4,replicate,s4,r8/3:/Table/1{2-3}] change replicas (add [(n2,s2):4LEARNER] remove []): existing descriptor r8:/Table/1{2-3} [(n1,s1):1, (n3,s3):2, (n4,s4):3, next=4, gen=4]
I200313 14:36:21.511062 537 storage/replica_raft.go:291  [n4,s4,r8/3:/Table/1{2-3}] proposing ADD_REPLICA[(n2,s2):4LEARNER]: after=[(n1,s1):1 (n3,s3):2 (n4,s4):3 (n2,s2):4LEARNER] next=5
I200313 14:36:21.519754 537 storage/store_snapshot.go:978  [n4,replicate,s4,r8/3:/Table/1{2-3}] sending LEARNER snapshot d3915992 at applied index 155
I200313 14:36:21.520973 542 storage/raft_snapshot_queue.go:125  [n4,raftsnapshot,s4,r8/3:/Table/1{2-3}] skipping snapshot; replica is likely a learner in the process of being added: (n2,s2):4LEARNER
I200313 14:36:21.526632 537 storage/store_snapshot.go:1021  [n4,replicate,s4,r8/3:/Table/1{2-3}] streamed snapshot to (n2,s2):4LEARNER: kv pairs: 166, log entries: 0, rate-limit: 8.0 MiB/sec, 0.01s
I200313 14:36:21.623920 537 storage/replica_command.go:1586  [n4,replicate,s4,r8/3:/Table/1{2-3}] change replicas (add [(n2,s2):4VOTER_INCOMING] remove [(n1,s1):1VOTER_OUTGOING]): existing descriptor r8:/Table/1{2-3} [(n1,s1):1, (n3,s3):2, (n4,s4):3, (n2,s2):4LEARNER, next=5, gen=5]
I200313 14:36:21.645412 537 storage/replica_raft.go:291  [n4,s4,r8/3:/Table/1{2-3}] proposing ENTER_JOINT ADD_REPLICA[(n2,s2):4VOTER_INCOMING], REMOVE_REPLICA[(n1,s1):1VOTER_OUTGOING]: after=[(n1,s1):1VOTER_OUTGOING (n3,s3):2 (n4,s4):3 (n2,s2):4VOTER_INCOMING] next=5
I200313 14:36:21.649198 537 storage/replica_command.go:1586  [n4,replicate,s4,r8/3:/Table/1{2-3}] change replicas (add [] remove []): existing descriptor r8:/Table/1{2-3} [(n1,s1):1VOTER_OUTGOING, (n3,s3):2, (n4,s4):3, (n2,s2):4VOTER_INCOMING, next=5, gen=6]
I200313 14:36:21.707421 537 storage/replica_raft.go:291  [n4,s4,r8/3:/Table/1{2-3}] proposing LEAVE_JOINT: after=[(n2,s2):4 (n3,s3):2 (n4,s4):3] next=5
I200313 14:36:22.275860 566 storage/replica_raftstorage.go:794  [n4,s4,r5/2:{-}] applying LEARNER snapshot [id=2f4716cd index=36]
I200313 14:36:22.361922 566 storage/replica_raftstorage.go:815  [n4,s4,r5/2:/{Systemtse-Table/System…}] applied LEARNER snapshot [total=86ms ingestion=4@80ms id=2f4716cd index=36]
I200313 14:36:22.430232 609 storage/replica_command.go:1586  [n4,replicate,s4,r12/2:/Table/1{6-7}] change replicas (add [(n3,s3):4LEARNER] remove []): existing descriptor r12:/Table/1{6-7} [(n1,s1):1, (n4,s4):2, (n2,s2):3, next=4, gen=4]
I200313 14:36:22.454448 609 storage/replica_raft.go:291  [n4,s4,r12/2:/Table/1{6-7}] proposing ADD_REPLICA[(n3,s3):4LEARNER]: after=[(n1,s1):1 (n4,s4):2 (n2,s2):3 (n3,s3):4LEARNER] next=5
I200313 14:36:22.468590 609 storage/store_snapshot.go:978  [n4,replicate,s4,r12/2:/Table/1{6-7}] sending LEARNER snapshot d6ffa3ba at applied index 45
I200313 14:36:22.469838 609 storage/store_snapshot.go:1021  [n4,replicate,s4,r12/2:/Table/1{6-7}] streamed snapshot to (n3,s3):4LEARNER: kv pairs: 11, log entries: 0, rate-limit: 8.0 MiB/sec, 0.01s
I200313 14:36:22.474656 562 storage/raft_snapshot_queue.go:125  [n4,raftsnapshot,s4,r12/2:/Table/1{6-7}] skipping snapshot; replica is likely a learner in the process of being added: (n3,s3):4LEARNER
I200313 14:36:22.564495 609 storage/replica_command.go:1586  [n4,replicate,s4,r12/2:/Table/1{6-7}] change replicas (add [(n3,s3):4VOTER_INCOMING] remove [(n1,s1):1VOTER_OUTGOING]): existing descriptor r12:/Table/1{6-7} [(n1,s1):1, (n4,s4):2, (n2,s2):3, (n3,s3):4LEARNER, next=5, gen=5]
I200313 14:36:22.590052 609 storage/replica_raft.go:291  [n4,s4,r12/2:/Table/1{6-7}] proposing ENTER_JOINT ADD_REPLICA[(n3,s3):4VOTER_INCOMING], REMOVE_REPLICA[(n1,s1):1VOTER_OUTGOING]: after=[(n1,s1):1VOTER_OUTGOING (n4,s4):2 (n2,s2):3 (n3,s3):4VOTER_INCOMING] next=5
I200313 14:36:22.595121 609 storage/replica_command.go:1586  [n4,replicate,s4,r12/2:/Table/1{6-7}] change replicas (add [] remove []): existing descriptor r12:/Table/1{6-7} [(n1,s1):1VOTER_OUTGOING, (n4,s4):2, (n2,s2):3, (n3,s3):4VOTER_INCOMING, next=5, gen=6]
I200313 14:36:22.610245 609 storage/replica_raft.go:291  [n4,s4,r12/2:/Table/1{6-7}] proposing LEAVE_JOINT: after=[(n3,s3):4 (n4,s4):2 (n2,s2):3] next=5
I200313 14:36:23.734332 661 storage/replica_raftstorage.go:794  [n4,s4,r23/4:{-}] applying LEARNER snapshot [id=c66405a1 index=56]
I200313 14:36:23.785958 661 storage/replica_raftstorage.go:815  [n4,s4,r23/4:/Table/2{7-8}] applied LEARNER snapshot [total=52ms ingestion=4@47ms id=c66405a1 index=56]
I200313 14:36:24.395492 685 storage/replica_raftstorage.go:794  [n4,s4,r19/3:{-}] applying LEARNER snapshot [id=68fed1a1 index=44]
I200313 14:36:24.445573 685 storage/replica_raftstorage.go:815  [n4,s4,r19/3:/Table/2{3-4}] applied LEARNER snapshot [total=50ms ingestion=4@46ms id=68fed1a1 index=44]
I200313 14:36:26.288698 732 storage/replica_raftstorage.go:794  [n4,s4,r10/2:{-}] applying LEARNER snapshot [id=a07a774b index=38]
I200313 14:36:26.326392 732 storage/replica_raftstorage.go:815  [n4,s4,r10/2:/Table/1{4-5}] applied LEARNER snapshot [total=38ms ingestion=4@35ms id=a07a774b index=38]
I200313 14:36:26.893185 761 storage/replica_raftstorage.go:794  [n4,s4,r4/4:{-}] applying LEARNER snapshot [id=caccb949 index=1438]
I200313 14:36:26.984946 761 storage/replica_raftstorage.go:815  [n4,s4,r4/4:/System{/tsd-tse}] applied LEARNER snapshot [total=92ms ingestion=4@81ms id=caccb949 index=1438]
I200313 14:36:27.457301 216 server/status/runtime.go:498  [n4] runtime stats: 179 MiB RSS, 239 goroutines, 92 MiB/25 MiB/136 MiB GO alloc/idle/total, 21 MiB/31 MiB CGO alloc/total, 0.0 CGO/sec, 0.0/0.0 %(u/s)time, 0.0 %gc (10x), 752 KiB/386 KiB (r/w)net
I200313 14:36:28.520761 819 storage/replica_raftstorage.go:794  [n4,s4,r14/3:{-}] applying LEARNER snapshot [id=ef50742d index=42]
I200313 14:36:28.596323 819 storage/replica_raftstorage.go:815  [n4,s4,r14/3:/Table/1{8-9}] applied LEARNER snapshot [total=75ms ingestion=4@57ms id=ef50742d index=42]
I200313 14:36:30.395785 798 storage/replica_raftstorage.go:794  [n4,s4,r18/3:{-}] applying LEARNER snapshot [id=e65379cf index=46]
I200313 14:36:30.448118 798 storage/replica_raftstorage.go:815  [n4,s4,r18/3:/Table/2{2-3}] applied LEARNER snapshot [total=52ms ingestion=4@49ms id=e65379cf index=46]
I200313 14:36:30.555590 883 storage/replica_raftstorage.go:794  [n4,s4,r24/4:{-}] applying LEARNER snapshot [id=51861b07 index=389]
I200313 14:36:30.605190 883 storage/replica_raftstorage.go:815  [n4,s4,r24/4:/{Table/28-Max}] applied LEARNER snapshot [total=50ms ingestion=4@46ms id=51861b07 index=389]
I200313 14:36:32.384998 907 storage/replica_raftstorage.go:794  [n4,s4,r15/3:{-}] applying LEARNER snapshot [id=2d3e5fd5 index=39]
I200313 14:36:32.431478 907 storage/replica_raftstorage.go:815  [n4,s4,r15/3:/Table/{19-20}] applied LEARNER snapshot [total=46ms ingestion=4@42ms id=2d3e5fd5 index=39]
I200313 14:36:34.272590 970 storage/replica_raftstorage.go:794  [n4,s4,r16/2:{-}] applying LEARNER snapshot [id=e409f333 index=38]
I200313 14:36:34.314362 970 storage/replica_raftstorage.go:815  [n4,s4,r16/2:/Table/2{0-1}] applied LEARNER snapshot [total=42ms ingestion=4@39ms id=e409f333 index=38]
I200313 14:36:35.409243 930 storage/replica_raftstorage.go:794  [n4,s4,r20/3:{-}] applying LEARNER snapshot [id=5776188a index=42]
I200313 14:36:35.454157 930 storage/replica_raftstorage.go:815  [n4,s4,r20/3:/Table/2{4-5}] applied LEARNER snapshot [total=45ms ingestion=4@42ms id=5776188a index=42]
I200313 14:36:37.425022 216 server/status/runtime.go:498  [n4] runtime stats: 185 MiB RSS, 239 goroutines, 110 MiB/9.9 MiB/136 MiB GO alloc/idle/total, 20 MiB/36 MiB CGO alloc/total, 484.3 CGO/sec, 5.0/8.9 %(u/s)time, 0.0 %gc (0x), 314 KiB/252 KiB (r/w)net
I200313 14:36:37.506165 211 storage/store.go:2364  [n4,s4] sstables (read amplification = 2):
0 [   3K  1 ]: 3K
6 [ 428K 11 ]: 419K 1K[10]
I200313 14:36:37.506350 211 storage/store.go:2365  [n4,s4] 
** Compaction Stats [default] **
Level    Files   Size     Score Read(GB)  Rn(GB) Rnp1(GB) Write(GB) Wnew(GB) Moved(GB) W-Amp Rd(MB/s) Wr(MB/s) Comp(sec) CompMergeCPU(sec) Comp(cnt) Avg(sec) KeyIn KeyDrop
----------------------------------------------------------------------------------------------------------------------------------------------------------------------------
  L0      1/0    3.13 KB   0.5      0.0     0.0      0.0       0.0      0.0       0.0   0.4      0.0      0.2      1.21              0.03        74    0.016       0      0
  L6     11/0   428.42 KB   0.0      0.0     0.0      0.0       0.0      0.0       0.0   9.2      7.0      6.8      0.78              0.29        33    0.024     63K   1084
 Sum     12/0   431.55 KB   0.0      0.0     0.0      0.0       0.0      0.0       0.0   8.9      2.8      2.8      1.99              0.32       107    0.019     63K   1084
 Int      0/0    0.00 KB   0.0      0.0     0.0      0.0       0.0      0.0       0.0   8.9      2.8      2.8      1.99              0.32       107    0.019     63K   1084

** Compaction Stats [default] **
Priority    Files   Size     Score Read(GB)  Rn(GB) Rnp1(GB) Write(GB) Wnew(GB) Moved(GB) W-Amp Rd(MB/s) Wr(MB/s) Comp(sec) CompMergeCPU(sec) Comp(cnt) Avg(sec) KeyIn KeyDrop
-------------------------------------------------------------------------------------------------------------------------------------------------------------------------------
 Low      0/0    0.00 KB   0.0      0.0     0.0      0.0       0.0      0.0       0.0   0.0     10.2      9.8      0.54              0.29        22    0.025     63K   1084
High      0/0    0.00 KB   0.0      0.0     0.0      0.0       0.0      0.0       0.0   0.0      0.0      3.2      0.07              0.03        17    0.004       0      0
User      0/0    0.00 KB   0.0      0.0     0.0      0.0       0.0      0.0       0.0   0.0      0.0      0.0      1.37              0.00        68    0.020       0      0
Uptime(secs): 20.8 total, 20.8 interval
Flush(GB): cumulative 0.000, interval 0.000
AddFile(GB): cumulative 0.000, interval 0.000
AddFile(Total Files): cumulative 68, interval 68
AddFile(L0 Files): cumulative 57, interval 57
AddFile(Keys): cumulative 4667, interval 4667
Cumulative compaction: 0.01 GB write, 0.27 MB/s write, 0.01 GB read, 0.26 MB/s read, 2.0 seconds
Interval compaction: 0.01 GB write, 0.27 MB/s write, 0.01 GB read, 0.26 MB/s read, 2.0 seconds
Stalls(count): 0 level0_slowdown, 0 level0_slowdown_with_compaction, 0 level0_numfiles, 0 level0_numfiles_with_compaction, 0 stop for pending_compaction_bytes, 0 slowdown for pending_compaction_bytes, 0 memtable_compaction, 0 memtable_slowdown, interval 0 total count
estimated_pending_compaction_bytes: 0 B
I200313 14:36:38.310034 1019 storage/replica_raftstorage.go:794  [n4,s4,r2/2:{-}] applying LEARNER snapshot [id=9645b443 index=2558]
I200313 14:36:38.382643 1019 storage/replica_raftstorage.go:815  [n4,s4,r2/2:/System/NodeLiveness{-Max}] applied LEARNER snapshot [total=72ms ingestion=4@67ms id=9645b443 index=2558]
I200313 14:36:39.403290 1025 storage/replica_raftstorage.go:794  [n4,s4,r21/3:{-}] applying LEARNER snapshot [id=b90d4d12 index=46]
I200313 14:36:39.460665 1025 storage/replica_raftstorage.go:815  [n4,s4,r21/3:/Table/2{5-6}] applied LEARNER snapshot [total=57ms ingestion=4@54ms id=b90d4d12 index=46]
I200313 14:36:47.424210 216 server/status/runtime.go:498  [n4] runtime stats: 193 MiB RSS, 239 goroutines, 123 MiB/62 MiB/202 MiB GO alloc/idle/total, 20 MiB/36 MiB CGO alloc/total, 179.8 CGO/sec, 3.1/4.3 %(u/s)time, 0.0 %gc (0x), 166 KiB/91 KiB (r/w)net
I200313 14:36:57.425071 216 server/status/runtime.go:498  [n4] runtime stats: 207 MiB RSS, 240 goroutines, 135 MiB/50 MiB/202 MiB GO alloc/idle/total, 20 MiB/36 MiB CGO alloc/total, 25.8 CGO/sec, 1.5/2.7 %(u/s)time, 0.0 %gc (0x), 119 KiB/55 KiB (r/w)net
I200313 14:37:07.390664 216 server/status/runtime.go:498  [n4] runtime stats: 216 MiB RSS, 240 goroutines, 89 MiB/90 MiB/202 MiB GO alloc/idle/total, 20 MiB/36 MiB CGO alloc/total, 27.4 CGO/sec, 2.0/2.6 %(u/s)time, 0.0 %gc (1x), 110 KiB/50 KiB (r/w)net
