I200313 14:45:06.395536 1 util/log/clog.go:1196  [config] file created at: 2020/03/13 14:45:06
I200313 14:45:06.395536 1 util/log/clog.go:1196  [config] running on machine: 0fa111da6291
I200313 14:45:06.395536 1 util/log/clog.go:1196  [config] binary: CockroachDB CCL v19.2.4 (x86_64-unknown-linux-gnu, built 2020/02/06 21:55:19, go1.12.12)
I200313 14:45:06.395536 1 util/log/clog.go:1196  [config] arguments: [/cockroach/cockroach start --insecure --join=node_1]
I200313 14:45:06.395536 1 util/log/clog.go:1196  line format: [IWEF]yymmdd hh:mm:ss.uuuuuu goid file:line msg utf8=✓
I200313 14:45:06.395504 1 cli/start.go:1144  logging to directory /cockroach/cockroach-data/logs
W200313 14:45:06.425796 1 cli/start.go:1182  RUNNING IN INSECURE MODE!

- Your cluster is open for any client that can access <all your IP addresses>.
- Any user, even root, can log in without providing a password.
- Any user, connecting as root, can read or write any data in your cluster.
- There is no network encryption nor authentication, and thus no confidentiality.

Check out how to secure your cluster: https://www.cockroachlabs.com/docs/v19.2/secure-a-cluster.html
I200313 14:45:06.426980 1 server/status/recorder.go:597  available memory from cgroups is unsupported, using system memory 2.0 GiB instead: failed to find cgroup memory limit
W200313 14:45:06.427188 1 cli/start.go:1052  Using the default setting for --cache (128 MiB).
  A significantly larger value is usually needed for good performance.
  If you have a dedicated server a reasonable setting is --cache=.25 (500 MiB).
I200313 14:45:06.428320 1 server/status/recorder.go:597  available memory from cgroups is unsupported, using system memory 2.0 GiB instead: failed to find cgroup memory limit
W200313 14:45:06.428423 1 cli/start.go:1065  Using the default setting for --max-sql-memory (128 MiB).
  A significantly larger value is usually needed in production.
  If you have a dedicated server a reasonable setting is --max-sql-memory=.25 (500 MiB).
I200313 14:45:06.428866 1 server/status/recorder.go:597  available memory from cgroups is unsupported, using system memory 2.0 GiB instead: failed to find cgroup memory limit
I200313 14:45:06.428924 1 cli/start.go:1196  CockroachDB CCL v19.2.4 (x86_64-unknown-linux-gnu, built 2020/02/06 21:55:19, go1.12.12)
I200313 14:45:06.596819 1 server/status/recorder.go:597  available memory from cgroups is unsupported, using system memory 2.0 GiB instead: failed to find cgroup memory limit
I200313 14:45:06.596891 1 server/config.go:394  system total memory: 2.0 GiB
I200313 14:45:06.596980 1 server/config.go:396  server configuration:
max offset             500000000
cache size             128 MiB
SQL memory pool size   128 MiB
scan interval          10m0s
scan min idle time     10ms
scan max idle time     1s
event log enabled      true
I200313 14:45:06.597025 1 cli/start.go:1030  using local environment variables: COCKROACH_CHANNEL=official-docker
I200313 14:45:06.597095 1 cli/start.go:1037  process identity: uid 0 euid 0 gid 0 egid 0
I200313 14:45:06.597210 1 cli/start.go:644  starting cockroach node
I200313 14:45:06.602930 53 storage/engine/rocksdb.go:622  opening rocksdb instance at "/cockroach/cockroach-data/cockroach-temp102890864"
I200313 14:45:06.774877 53 server/server.go:928  [n?] monitoring forward clock jumps based on server.clock.forward_jump_check_enabled
I200313 14:45:06.781080 53 storage/engine/rocksdb.go:622  opening rocksdb instance at "/cockroach/cockroach-data"
I200313 14:45:07.568979 53 server/config.go:502  [n?] 1 storage engine initialized
I200313 14:45:07.569124 53 server/config.go:505  [n?] RocksDB cache size: 128 MiB
I200313 14:45:07.569170 53 server/config.go:505  [n?] store 0: RocksDB, max size 0 B, max open file limit 1043576
W200313 14:45:07.589287 53 gossip/gossip.go:1517  [n?] no incoming or outgoing connections
W200313 14:45:07.589454 53 cli/start.go:996  neither --listen-addr nor --advertise-addr was specified.
The server will advertise "0fa111da6291" to other nodes, is this routable?

Consider using:
- for local-only servers:  --listen-addr=localhost
- for multi-node clusters: --advertise-addr=<host/IP addr>
I200313 14:45:07.591168 53 gossip/gossip.go:394  [n4] NodeDescriptor set to node_id:4 address:<network_field:"tcp" address_field:"0fa111da6291:26257" > attrs:<> locality:<> ServerVersion:<major_val:19 minor_val:2 patch:0 unstable:0 > build_tag:"v19.2.4" started_at:1584110707590962700 cluster_name:"" sql_address:<network_field:"tcp" address_field:"0fa111da6291:26257" > 
I200313 14:45:07.642601 65 gossip/client.go:124  [n4] started gossip client to node_1:26257
W200313 14:45:07.769325 53 storage/replica_range_lease.go:554  can't determine lease status due to node liveness error: node not in the liveness table
github.com/cockroachdb/cockroach/pkg/storage.init.ializers
	/go/src/github.com/cockroachdb/cockroach/pkg/storage/node_liveness.go:44
runtime.main
	/usr/local/go/src/runtime/proc.go:188
runtime.goexit
	/usr/local/go/src/runtime/asm_amd64.s:1337
I200313 14:45:07.769883 53 server/node.go:431  [n4] initialized store [n4,s4]: disk (capacity=58 TiB, available=32 TiB, used=1.2 MiB, logicalBytes=16 MiB), ranges=19, leases=0, queries=0.00, writes=0.00, bytesPerReplica={p10=0.00 p25=0.00 p50=146.00 p75=22905.00 p90=109083.00 pMax=17037092.00}, writesPerReplica={p10=0.00 p25=0.00 p50=0.00 p75=0.00 p90=0.00 pMax=0.00}
I200313 14:45:07.770066 53 storage/stores.go:240  [n4] read 3 node addresses from persistent storage
I200313 14:45:07.770314 53 storage/stores.go:259  [n4] wrote 6 node addresses to persistent storage
I200313 14:45:07.770482 53 server/node.go:645  [n4] connecting to gossip network to verify cluster ID...
I200313 14:45:07.770537 53 server/node.go:665  [n4] node connected via gossip and verified as part of cluster "658b6d5e-e699-44c5-895d-ae8ec745f62b"
I200313 14:45:07.770672 53 server/node.go:512  [n4] node=4: started with [<no-attributes>=/cockroach/cockroach-data] engine(s) and attributes []
I200313 14:45:07.779486 53 server/server.go:1514  [n4] starting http server at [::]:8080 (use: 0fa111da6291:8080)
I200313 14:45:07.779550 53 server/server.go:1521  [n4] starting grpc/postgres server at [::]:26257
I200313 14:45:07.779591 53 server/server.go:1522  [n4] advertising CockroachDB node at 0fa111da6291:26257
W200313 14:45:08.624788 74 gossip/gossip.go:1300  [n4] invalid bootstrap address: &{typ:tcp addr:068c9c09d521:26257}, lookup 068c9c09d521 on 127.0.0.11:53: no such host
W200313 14:45:08.629996 74 gossip/gossip.go:1300  [n4] invalid bootstrap address: &{typ:tcp addr:22bf95210875:26257}, lookup 22bf95210875 on 127.0.0.11:53: no such host
I200313 14:45:08.634405 239 gossip/client.go:124  [n4] started gossip client to 6f5a45d6756d:26257
I200313 14:45:08.635374 239 gossip/client.go:129  [n4] closing client to n1 (6f5a45d6756d:26257): rpc error: code = Unknown desc = duplicate connection from node at 0fa111da6291:26257
I200313 14:45:09.638662 342 gossip/client.go:124  [n4] started gossip client to bd2bbd8edd61:26257
I200313 14:45:09.640894 342 gossip/client.go:129  [n4] closing client to n2 (bd2bbd8edd61:26257): stopping outgoing client to n2 (bd2bbd8edd61:26257); already have incoming
I200313 14:45:10.640531 382 gossip/client.go:124  [n4] started gossip client to a78564d74f65:26257
I200313 14:45:11.276662 53 server/server.go:1590  [n4] done ensuring all necessary migrations have run
I200313 14:45:11.276789 53 server/server.go:1841  [n4] serving sql connections
I200313 14:45:11.276934 53 cli/start.go:803  [config] clusterID: 658b6d5e-e699-44c5-895d-ae8ec745f62b
I200313 14:45:11.277000 53 cli/start.go:812  node startup completed:
CockroachDB node starting at 2020-03-13 14:45:11.2768497 +0000 UTC (took 4.9s)
build:               CCL v19.2.4 @ 2020/02/06 21:55:19 (go1.12.12)
webui:               http://0fa111da6291:8080
sql:                 postgresql://root@0fa111da6291:26257?sslmode=disable
RPC client flags:    /cockroach/cockroach <client cmd> --host=0fa111da6291:26257 --insecure
logs:                /cockroach/cockroach-data/logs
temp dir:            /cockroach/cockroach-data/cockroach-temp102890864
external I/O path:   /cockroach/cockroach-data/extern
store[0]:            path=/cockroach/cockroach-data
status:              restarted pre-existing node
clusterID:           658b6d5e-e699-44c5-895d-ae8ec745f62b
nodeID:              4
I200313 14:45:11.313981 473 sql/event_log.go:130  [n4] Event: "node_restart", target: 4, info: {Descriptor:{NodeID:4 Address:0fa111da6291:26257 Attrs: Locality: ServerVersion:19.2 BuildTag:v19.2.4 StartedAt:1584110707590962700 LocalityAddress:[] ClusterName: SQLAddress:0fa111da6291:26257} ClusterID:658b6d5e-e699-44c5-895d-ae8ec745f62b StartedAt:1584110707590962700 LastUp:1584110692096157400}
I200313 14:45:11.323443 471 server/server_update.go:50  [n4] failed attempt to upgrade cluster version, error: node 3 not running (UNAVAILABLE), cannot determine version
I200313 14:45:11.501880 75 gossip/gossip.go:1531  [n4] node has connected to cluster via gossip
I200313 14:45:11.502182 75 storage/stores.go:259  [n4] wrote 3 node addresses to persistent storage
I200313 14:45:11.643169 382 gossip/client.go:129  [n4] closing client to n3 (a78564d74f65:26257): stopping outgoing client to n3 (a78564d74f65:26257); already have incoming
W200313 14:45:11.661651 125 storage/node_liveness.go:559  [n4,liveness-hb] slow heartbeat took 3.9s
I200313 14:45:11.662113 125 storage/node_liveness.go:474  [n4,liveness-hb] heartbeat failed on epoch increment; retrying
I200313 14:45:12.299425 471 server/server_update.go:53  [n4] no need to upgrade, cluster already at the newest version
I200313 14:45:17.775721 203 server/status/runtime.go:498  [n4] runtime stats: 130 MiB RSS, 242 goroutines, 108 MiB/14 MiB/135 MiB GO alloc/idle/total, 15 MiB/23 MiB CGO alloc/total, 0.0 CGO/sec, 0.0/0.0 %(u/s)time, 0.0 %gc (9x), 354 KiB/223 KiB (r/w)net
