I200313 14:40:47.231807 1 util/log/clog.go:1196  [config] file created at: 2020/03/13 14:40:47
I200313 14:40:47.231807 1 util/log/clog.go:1196  [config] running on machine: 287541f04cdc
I200313 14:40:47.231807 1 util/log/clog.go:1196  [config] binary: CockroachDB CCL v19.2.4 (x86_64-unknown-linux-gnu, built 2020/02/06 21:55:19, go1.12.12)
I200313 14:40:47.231807 1 util/log/clog.go:1196  [config] arguments: [/cockroach/cockroach start --insecure --join=node_1]
I200313 14:40:47.231807 1 util/log/clog.go:1196  line format: [IWEF]yymmdd hh:mm:ss.uuuuuu goid file:line msg utf8=✓
I200313 14:40:47.231777 1 cli/start.go:1144  logging to directory /cockroach/cockroach-data/logs
W200313 14:40:47.241565 1 cli/start.go:1182  RUNNING IN INSECURE MODE!

- Your cluster is open for any client that can access <all your IP addresses>.
- Any user, even root, can log in without providing a password.
- Any user, connecting as root, can read or write any data in your cluster.
- There is no network encryption nor authentication, and thus no confidentiality.

Check out how to secure your cluster: https://www.cockroachlabs.com/docs/v19.2/secure-a-cluster.html
I200313 14:40:47.242439 1 server/status/recorder.go:597  available memory from cgroups is unsupported, using system memory 2.0 GiB instead: failed to find cgroup memory limit
W200313 14:40:47.242685 1 cli/start.go:1052  Using the default setting for --cache (128 MiB).
  A significantly larger value is usually needed for good performance.
  If you have a dedicated server a reasonable setting is --cache=.25 (500 MiB).
I200313 14:40:47.243452 1 server/status/recorder.go:597  available memory from cgroups is unsupported, using system memory 2.0 GiB instead: failed to find cgroup memory limit
W200313 14:40:47.243626 1 cli/start.go:1065  Using the default setting for --max-sql-memory (128 MiB).
  A significantly larger value is usually needed in production.
  If you have a dedicated server a reasonable setting is --max-sql-memory=.25 (500 MiB).
I200313 14:40:47.244794 1 server/status/recorder.go:597  available memory from cgroups is unsupported, using system memory 2.0 GiB instead: failed to find cgroup memory limit
I200313 14:40:47.244969 1 cli/start.go:1196  CockroachDB CCL v19.2.4 (x86_64-unknown-linux-gnu, built 2020/02/06 21:55:19, go1.12.12)
I200313 14:40:47.390106 1 server/status/recorder.go:597  available memory from cgroups is unsupported, using system memory 2.0 GiB instead: failed to find cgroup memory limit
I200313 14:40:47.390147 1 server/config.go:394  system total memory: 2.0 GiB
I200313 14:40:47.390205 1 server/config.go:396  server configuration:
max offset             500000000
cache size             128 MiB
SQL memory pool size   128 MiB
scan interval          10m0s
scan min idle time     10ms
scan max idle time     1s
event log enabled      true
I200313 14:40:47.390250 1 cli/start.go:1030  using local environment variables: COCKROACH_CHANNEL=official-docker
I200313 14:40:47.390292 1 cli/start.go:1037  process identity: uid 0 euid 0 gid 0 egid 0
I200313 14:40:47.390400 1 cli/start.go:644  starting cockroach node
I200313 14:40:47.398875 10 storage/engine/rocksdb.go:622  opening rocksdb instance at "/cockroach/cockroach-data/cockroach-temp918274896"
I200313 14:40:47.492357 10 server/server.go:928  [n?] monitoring forward clock jumps based on server.clock.forward_jump_check_enabled
I200313 14:40:47.496888 10 storage/engine/rocksdb.go:622  opening rocksdb instance at "/cockroach/cockroach-data"
I200313 14:40:47.973344 10 server/config.go:502  [n?] 1 storage engine initialized
I200313 14:40:47.973392 10 server/config.go:505  [n?] RocksDB cache size: 128 MiB
I200313 14:40:47.973450 10 server/config.go:505  [n?] store 0: RocksDB, max size 0 B, max open file limit 1043576
W200313 14:40:47.994489 10 gossip/gossip.go:1517  [n?] no incoming or outgoing connections
W200313 14:40:47.994669 10 cli/start.go:996  neither --listen-addr nor --advertise-addr was specified.
The server will advertise "287541f04cdc" to other nodes, is this routable?

Consider using:
- for local-only servers:  --listen-addr=localhost
- for multi-node clusters: --advertise-addr=<host/IP addr>
I200313 14:40:48.000106 10 gossip/gossip.go:394  [n4] NodeDescriptor set to node_id:4 address:<network_field:"tcp" address_field:"287541f04cdc:26257" > attrs:<> locality:<> ServerVersion:<major_val:19 minor_val:2 patch:0 unstable:0 > build_tag:"v19.2.4" started_at:1584110447998668800 cluster_name:"" sql_address:<network_field:"tcp" address_field:"287541f04cdc:26257" > 
W200313 14:40:48.002446 60 vendor/google.golang.org/grpc/clientconn.go:1206  grpc: addrConn.createTransport failed to connect to {node_1:26257 0  <nil>}. Err :connection error: desc = "transport: Error while dialing dial tcp 172.20.0.5:26257: connect: connection refused". Reconnecting...
I200313 14:40:48.003669 31 vendor/github.com/cockroachdb/circuitbreaker/circuitbreaker.go:322  [n4] circuitbreaker: gossip [::]:26257->node_1:26257 tripped: initial connection heartbeat failed: rpc error: code = Unavailable desc = all SubConns are in TransientFailure, latest connection error: connection error: desc = "transport: Error while dialing dial tcp 172.20.0.5:26257: connect: connection refused"
I200313 14:40:48.003762 31 vendor/github.com/cockroachdb/circuitbreaker/circuitbreaker.go:447  [n4] circuitbreaker: gossip [::]:26257->node_1:26257 event: BreakerTripped
W200313 14:40:48.003887 31 gossip/client.go:118  [n4] failed to start gossip client to node_1:26257: initial connection heartbeat failed: rpc error: code = Unavailable desc = all SubConns are in TransientFailure, latest connection error: connection error: desc = "transport: Error while dialing dial tcp 172.20.0.5:26257: connect: connection refused"
I200313 14:40:48.179871 164 vendor/github.com/cockroachdb/circuitbreaker/circuitbreaker.go:322  [n4] circuitbreaker: rpc [::]:26257 [n2] tripped: failed to resolve n2: unable to look up descriptor for n2
I200313 14:40:48.179926 164 vendor/github.com/cockroachdb/circuitbreaker/circuitbreaker.go:447  [n4] circuitbreaker: rpc [::]:26257 [n2] event: BreakerTripped
I200313 14:40:48.180050 163 vendor/github.com/cockroachdb/circuitbreaker/circuitbreaker.go:322  [n4] circuitbreaker: rpc [::]:26257 [n1] tripped: failed to resolve n1: unable to look up descriptor for n1
I200313 14:40:48.180082 163 vendor/github.com/cockroachdb/circuitbreaker/circuitbreaker.go:447  [n4] circuitbreaker: rpc [::]:26257 [n1] event: BreakerTripped
W200313 14:40:48.268088 10 storage/replica_range_lease.go:554  can't determine lease status due to node liveness error: node not in the liveness table
github.com/cockroachdb/cockroach/pkg/storage.init.ializers
	/go/src/github.com/cockroachdb/cockroach/pkg/storage/node_liveness.go:44
runtime.main
	/usr/local/go/src/runtime/proc.go:188
runtime.goexit
	/usr/local/go/src/runtime/asm_amd64.s:1337
I200313 14:40:48.269337 10 server/node.go:431  [n4] initialized store [n4,s4]: disk (capacity=58 TiB, available=32 TiB, used=929 KiB, logicalBytes=14 MiB), ranges=19, leases=0, queries=0.00, writes=0.00, bytesPerReplica={p10=0.00 p25=0.00 p50=146.00 p75=17047.00 p90=109064.00 pMax=13919300.00}, writesPerReplica={p10=0.00 p25=0.00 p50=0.00 p75=0.00 p90=0.00 pMax=0.00}
I200313 14:40:48.269787 10 storage/stores.go:240  [n4] read 3 node addresses from persistent storage
I200313 14:40:48.270293 10 server/node.go:645  [n4] connecting to gossip network to verify cluster ID...
W200313 14:40:49.003348 60 vendor/google.golang.org/grpc/clientconn.go:1206  grpc: addrConn.createTransport failed to connect to {node_1:26257 0  <nil>}. Err :connection error: desc = "transport: Error while dialing cannot reuse client connection". Reconnecting...
W200313 14:40:49.338183 97 gossip/gossip.go:1300  [n4] invalid bootstrap address: &{typ:tcp addr:27c1a1f5a240:26257}, lookup 27c1a1f5a240 on 127.0.0.11:53: no such host
I200313 14:40:49.352051 158 gossip/client.go:124  [n4] started gossip client to f47a1c7300a3:26257
I200313 14:40:49.353830 10 server/node.go:665  [n4] node connected via gossip and verified as part of cluster "658b6d5e-e699-44c5-895d-ae8ec745f62b"
I200313 14:40:49.354548 10 server/node.go:512  [n4] node=4: started with [<no-attributes>=/cockroach/cockroach-data] engine(s) and attributes []
I200313 14:40:49.357117 10 server/server.go:1514  [n4] starting http server at [::]:8080 (use: 287541f04cdc:8080)
I200313 14:40:49.357262 10 server/server.go:1521  [n4] starting grpc/postgres server at [::]:26257
I200313 14:40:49.357347 10 server/server.go:1522  [n4] advertising CockroachDB node at 287541f04cdc:26257
I200313 14:40:49.538483 13 storage/stores.go:259  [n4] wrote 4 node addresses to persistent storage
I200313 14:40:50.352129 236 gossip/client.go:124  [n4] started gossip client to 068c9c09d521:26257
I200313 14:40:50.352918 236 gossip/client.go:129  [n4] closing client to n1 (068c9c09d521:26257): stopping outgoing client to n1 (068c9c09d521:26257); already have incoming
I200313 14:40:50.485661 329 vendor/github.com/cockroachdb/circuitbreaker/circuitbreaker.go:447  [n4] circuitbreaker: rpc [::]:26257 [n2] event: BreakerReset
I200313 14:40:51.355990 365 vendor/github.com/cockroachdb/circuitbreaker/circuitbreaker.go:447  [n4] circuitbreaker: gossip [::]:26257->node_1:26257 event: BreakerReset
I200313 14:40:51.356079 365 gossip/client.go:124  [n4] started gossip client to node_1:26257
I200313 14:40:51.357848 365 gossip/client.go:129  [n4] closing client to n1 (node_1:26257): stopping outgoing client to n1 (node_1:26257); already have incoming
I200313 14:40:52.178162 420 vendor/github.com/cockroachdb/circuitbreaker/circuitbreaker.go:447  [n4] circuitbreaker: rpc [::]:26257 [n1] event: BreakerReset
I200313 14:40:53.001976 10 server/server.go:1590  [n4] done ensuring all necessary migrations have run
I200313 14:40:53.002177 10 server/server.go:1841  [n4] serving sql connections
I200313 14:40:53.002302 10 cli/start.go:803  [config] clusterID: 658b6d5e-e699-44c5-895d-ae8ec745f62b
I200313 14:40:53.004768 10 cli/start.go:812  node startup completed:
CockroachDB node starting at 2020-03-13 14:40:53.0022189 +0000 UTC (took 5.8s)
build:               CCL v19.2.4 @ 2020/02/06 21:55:19 (go1.12.12)
webui:               http://287541f04cdc:8080
sql:                 postgresql://root@287541f04cdc:26257?sslmode=disable
RPC client flags:    /cockroach/cockroach <client cmd> --host=287541f04cdc:26257 --insecure
logs:                /cockroach/cockroach-data/logs
temp dir:            /cockroach/cockroach-data/cockroach-temp918274896
external I/O path:   /cockroach/cockroach-data/extern
store[0]:            path=/cockroach/cockroach-data
status:              restarted pre-existing node
clusterID:           658b6d5e-e699-44c5-895d-ae8ec745f62b
nodeID:              4
I200313 14:40:53.044325 510 server/server_update.go:50  [n4] failed attempt to upgrade cluster version, error: node 4 not running (UNAVAILABLE), cannot determine version
W200313 14:40:53.059915 211 storage/node_liveness.go:559  [n4,liveness-hb] slow heartbeat took 3.7s
I200313 14:40:53.060020 211 storage/node_liveness.go:474  [n4,liveness-hb] heartbeat failed on epoch increment; retrying
I200313 14:40:53.061158 512 sql/event_log.go:130  [n4] Event: "node_restart", target: 4, info: {Descriptor:{NodeID:4 Address:287541f04cdc:26257 Attrs: Locality: ServerVersion:19.2 BuildTag:v19.2.4 StartedAt:1584110447998668800 LocalityAddress:[] ClusterName: SQLAddress:287541f04cdc:26257} ClusterID:658b6d5e-e699-44c5-895d-ae8ec745f62b StartedAt:1584110447998668800 LastUp:1584110231394011400}
I200313 14:40:53.596224 99 gossip/gossip.go:1531  [n4] node has connected to cluster via gossip
I200313 14:40:53.596911 99 storage/stores.go:259  [n4] wrote 3 node addresses to persistent storage
I200313 14:40:53.991568 510 server/server_update.go:53  [n4] no need to upgrade, cluster already at the newest version
I200313 14:40:59.324830 44 server/status/runtime.go:498  [n4] runtime stats: 133 MiB RSS, 260 goroutines, 108 MiB/13 MiB/135 MiB GO alloc/idle/total, 14 MiB/23 MiB CGO alloc/total, 0.0 CGO/sec, 0.0/0.0 %(u/s)time, 0.0 %gc (9x), 391 KiB/206 KiB (r/w)net
W200313 14:41:03.023763 465 server/node.go:826  [n4,summaries] health alerts detected: {Alerts:[{StoreID:0 Category:METRICS Description:liveness.heartbeatfailures Value:1}]}
I200313 14:41:09.325419 44 server/status/runtime.go:498  [n4] runtime stats: 148 MiB RSS, 260 goroutines, 121 MiB/64 MiB/202 MiB GO alloc/idle/total, 14 MiB/23 MiB CGO alloc/total, 26.0 CGO/sec, 3.2/5.4 %(u/s)time, 0.0 %gc (0x), 163 KiB/101 KiB (r/w)net
I200313 14:41:09.375205 39 storage/store.go:2364  [n4,s4] sstables (read amplification = 2):
0 [   3K  1 ]: 3K
6 [ 472K 12 ]: 462K 1K[11]
I200313 14:41:09.375330 39 storage/store.go:2365  [n4,s4] 
** Compaction Stats [default] **
Level    Files   Size     Score Read(GB)  Rn(GB) Rnp1(GB) Write(GB) Wnew(GB) Moved(GB) W-Amp Rd(MB/s) Wr(MB/s) Comp(sec) CompMergeCPU(sec) Comp(cnt) Avg(sec) KeyIn KeyDrop
----------------------------------------------------------------------------------------------------------------------------------------------------------------------------
  L0      1/0    3.13 KB   0.5      0.0     0.0      0.0       0.0      0.0       0.0   1.0      0.0      2.0      0.06              0.00         1    0.055       0      0
  L6     12/0   472.28 KB   0.0      0.0     0.0      0.0       0.0      0.0       0.0   4.1      4.2      3.5      0.13              0.12         1    0.128    8556    134
 Sum     13/0   475.41 KB   0.0      0.0     0.0      0.0       0.0      0.0       0.0   5.1      2.9      3.1      0.18              0.12         2    0.092    8556    134
 Int      0/0    0.00 KB   0.0      0.0     0.0      0.0       0.0      0.0       0.0   5.1      2.9      3.1      0.18              0.12         2    0.092    8556    134

** Compaction Stats [default] **
Priority    Files   Size     Score Read(GB)  Rn(GB) Rnp1(GB) Write(GB) Wnew(GB) Moved(GB) W-Amp Rd(MB/s) Wr(MB/s) Comp(sec) CompMergeCPU(sec) Comp(cnt) Avg(sec) KeyIn KeyDrop
-------------------------------------------------------------------------------------------------------------------------------------------------------------------------------
 Low      0/0    0.00 KB   0.0      0.0     0.0      0.0       0.0      0.0       0.0   0.0      4.2      3.5      0.13              0.12         1    0.128    8556    134
User      0/0    0.00 KB   0.0      0.0     0.0      0.0       0.0      0.0       0.0   0.0      0.0      2.0      0.06              0.00         1    0.055       0      0
Uptime(secs): 21.8 total, 21.8 interval
Flush(GB): cumulative 0.000, interval 0.000
AddFile(GB): cumulative 0.000, interval 0.000
AddFile(Total Files): cumulative 0, interval 0
AddFile(L0 Files): cumulative 0, interval 0
AddFile(Keys): cumulative 0, interval 0
Cumulative compaction: 0.00 GB write, 0.03 MB/s write, 0.00 GB read, 0.02 MB/s read, 0.2 seconds
Interval compaction: 0.00 GB write, 0.03 MB/s write, 0.00 GB read, 0.02 MB/s read, 0.2 seconds
Stalls(count): 0 level0_slowdown, 0 level0_slowdown_with_compaction, 0 level0_numfiles, 0 level0_numfiles_with_compaction, 0 stop for pending_compaction_bytes, 0 slowdown for pending_compaction_bytes, 0 memtable_compaction, 0 memtable_slowdown, interval 0 total count
estimated_pending_compaction_bytes: 0 B
I200313 14:41:19.326297 44 server/status/runtime.go:498  [n4] runtime stats: 155 MiB RSS, 260 goroutines, 90 MiB/92 MiB/202 MiB GO alloc/idle/total, 15 MiB/23 MiB CGO alloc/total, 29.9 CGO/sec, 3.4/5.4 %(u/s)time, 0.0 %gc (1x), 158 KiB/94 KiB (r/w)net
I200313 14:41:29.291983 44 server/status/runtime.go:498  [n4] runtime stats: 157 MiB RSS, 261 goroutines, 101 MiB/83 MiB/202 MiB GO alloc/idle/total, 15 MiB/23 MiB CGO alloc/total, 29.7 CGO/sec, 3.5/4.9 %(u/s)time, 0.0 %gc (0x), 170 KiB/105 KiB (r/w)net
I200313 14:41:39.293664 44 server/status/runtime.go:498  [n4] runtime stats: 158 MiB RSS, 261 goroutines, 112 MiB/73 MiB/202 MiB GO alloc/idle/total, 15 MiB/24 MiB CGO alloc/total, 27.8 CGO/sec, 2.8/5.8 %(u/s)time, 0.0 %gc (0x), 162 KiB/97 KiB (r/w)net
I200313 14:41:49.286962 40 gossip/gossip.go:566  [n4] gossip status (ok, 4 nodes)
gossip client (1/3 cur/max conns)
  3: f47a1c7300a3:26257 (1m0s: infos 280/281 sent/received, bytes 62626B/70070B sent/received)
gossip server (2/3 cur/max conns, infos 735/918 sent/received, bytes 165059B/209651B sent/received)
  2: 22bf95210875:26257 (1m0s)
  1: 068c9c09d521:26257 (1m0s)
gossip connectivity
  n1 [sentinel];
  n1 -> n2; n1 -> n4; n2 -> n4; n3 -> n1; n3 -> n2; n4 -> n3;
I200313 14:41:49.294001 44 server/status/runtime.go:498  [n4] runtime stats: 160 MiB RSS, 261 goroutines, 123 MiB/62 MiB/202 MiB GO alloc/idle/total, 15 MiB/24 MiB CGO alloc/total, 40.1 CGO/sec, 3.4/6.0 %(u/s)time, 0.0 %gc (0x), 183 KiB/115 KiB (r/w)net
I200313 14:41:59.259785 44 server/status/runtime.go:498  [n4] runtime stats: 171 MiB RSS, 260 goroutines, 136 MiB/50 MiB/202 MiB GO alloc/idle/total, 15 MiB/24 MiB CGO alloc/total, 27.1 CGO/sec, 2.0/6.0 %(u/s)time, 0.0 %gc (0x), 157 KiB/94 KiB (r/w)net
I200313 14:42:09.260771 44 server/status/runtime.go:498  [n4] runtime stats: 178 MiB RSS, 260 goroutines, 89 MiB/93 MiB/202 MiB GO alloc/idle/total, 15 MiB/24 MiB CGO alloc/total, 24.2 CGO/sec, 3.9/4.7 %(u/s)time, 0.0 %gc (1x), 156 KiB/92 KiB (r/w)net
I200313 14:42:19.260372 44 server/status/runtime.go:498  [n4] runtime stats: 179 MiB RSS, 260 goroutines, 100 MiB/84 MiB/202 MiB GO alloc/idle/total, 23 MiB/32 MiB CGO alloc/total, 26.2 CGO/sec, 2.9/4.6 %(u/s)time, 0.0 %gc (0x), 162 KiB/96 KiB (r/w)net
I200313 14:42:29.226612 44 server/status/runtime.go:498  [n4] runtime stats: 180 MiB RSS, 261 goroutines, 110 MiB/74 MiB/202 MiB GO alloc/idle/total, 23 MiB/32 MiB CGO alloc/total, 25.5 CGO/sec, 3.3/4.8 %(u/s)time, 0.0 %gc (0x), 160 KiB/96 KiB (r/w)net
I200313 14:42:39.226958 44 server/status/runtime.go:498  [n4] runtime stats: 181 MiB RSS, 261 goroutines, 121 MiB/64 MiB/202 MiB GO alloc/idle/total, 23 MiB/32 MiB CGO alloc/total, 24.0 CGO/sec, 3.0/4.8 %(u/s)time, 0.0 %gc (0x), 156 KiB/92 KiB (r/w)net
I200313 14:42:49.217597 40 gossip/gossip.go:566  [n4] gossip status (ok, 4 nodes)
gossip client (1/3 cur/max conns)
  3: f47a1c7300a3:26257 (2m0s: infos 507/505 sent/received, bytes 99957B/111935B sent/received)
gossip server (2/3 cur/max conns, infos 1299/1642 sent/received, bytes 273739B/332968B sent/received)
  2: 22bf95210875:26257 (2m0s)
  1: 068c9c09d521:26257 (2m0s)
I200313 14:42:49.227100 44 server/status/runtime.go:498  [n4] runtime stats: 182 MiB RSS, 261 goroutines, 131 MiB/54 MiB/202 MiB GO alloc/idle/total, 23 MiB/32 MiB CGO alloc/total, 29.4 CGO/sec, 2.4/5.5 %(u/s)time, 0.0 %gc (0x), 164 KiB/100 KiB (r/w)net
I200313 14:42:59.193918 44 server/status/runtime.go:498  [n4] runtime stats: 184 MiB RSS, 260 goroutines, 142 MiB/43 MiB/202 MiB GO alloc/idle/total, 24 MiB/33 MiB CGO alloc/total, 28.1 CGO/sec, 2.9/3.7 %(u/s)time, 0.0 %gc (0x), 164 KiB/101 KiB (r/w)net
I200313 14:43:09.194433 44 server/status/runtime.go:498  [n4] runtime stats: 192 MiB RSS, 260 goroutines, 87 MiB/95 MiB/202 MiB GO alloc/idle/total, 24 MiB/33 MiB CGO alloc/total, 28.8 CGO/sec, 2.6/6.1 %(u/s)time, 0.0 %gc (1x), 161 KiB/96 KiB (r/w)net
I200313 14:43:19.193991 44 server/status/runtime.go:498  [n4] runtime stats: 193 MiB RSS, 260 goroutines, 98 MiB/85 MiB/202 MiB GO alloc/idle/total, 24 MiB/33 MiB CGO alloc/total, 26.6 CGO/sec, 3.0/5.0 %(u/s)time, 0.0 %gc (0x), 156 KiB/93 KiB (r/w)net
I200313 14:43:29.160602 44 server/status/runtime.go:498  [n4] runtime stats: 194 MiB RSS, 261 goroutines, 109 MiB/76 MiB/202 MiB GO alloc/idle/total, 24 MiB/33 MiB CGO alloc/total, 26.1 CGO/sec, 2.6/5.7 %(u/s)time, 0.0 %gc (0x), 157 KiB/94 KiB (r/w)net
I200313 14:43:39.167848 44 server/status/runtime.go:498  [n4] runtime stats: 195 MiB RSS, 261 goroutines, 119 MiB/66 MiB/202 MiB GO alloc/idle/total, 24 MiB/33 MiB CGO alloc/total, 22.5 CGO/sec, 2.4/5.4 %(u/s)time, 0.0 %gc (0x), 156 KiB/93 KiB (r/w)net
I200313 14:43:49.149210 40 gossip/gossip.go:566  [n4] gossip status (ok, 4 nodes)
gossip client (1/3 cur/max conns)
  3: f47a1c7300a3:26257 (3m0s: infos 734/745 sent/received, bytes 137404B/155694B sent/received)
gossip server (2/3 cur/max conns, infos 1874/2395 sent/received, bytes 384904B/460435B sent/received)
  1: 068c9c09d521:26257 (3m0s)
  2: 22bf95210875:26257 (3m0s)
I200313 14:43:49.164071 44 server/status/runtime.go:498  [n4] runtime stats: 197 MiB RSS, 261 goroutines, 130 MiB/55 MiB/202 MiB GO alloc/idle/total, 32 MiB/41 MiB CGO alloc/total, 33.2 CGO/sec, 3.0/5.3 %(u/s)time, 0.0 %gc (0x), 174 KiB/106 KiB (r/w)net
I200313 14:43:59.127834 44 server/status/runtime.go:498  [n4] runtime stats: 198 MiB RSS, 260 goroutines, 140 MiB/45 MiB/202 MiB GO alloc/idle/total, 32 MiB/41 MiB CGO alloc/total, 25.5 CGO/sec, 2.7/5.4 %(u/s)time, 0.0 %gc (0x), 157 KiB/95 KiB (r/w)net
I200313 14:44:09.128026 44 server/status/runtime.go:498  [n4] runtime stats: 200 MiB RSS, 260 goroutines, 151 MiB/35 MiB/202 MiB GO alloc/idle/total, 32 MiB/41 MiB CGO alloc/total, 25.5 CGO/sec, 2.8/5.2 %(u/s)time, 0.0 %gc (0x), 160 KiB/96 KiB (r/w)net
I200313 14:44:19.129684 44 server/status/runtime.go:498  [n4] runtime stats: 204 MiB RSS, 260 goroutines, 93 MiB/89 MiB/202 MiB GO alloc/idle/total, 32 MiB/41 MiB CGO alloc/total, 24.9 CGO/sec, 2.4/5.8 %(u/s)time, 0.0 %gc (1x), 153 KiB/90 KiB (r/w)net
I200313 14:44:29.094716 44 server/status/runtime.go:498  [n4] runtime stats: 205 MiB RSS, 261 goroutines, 104 MiB/80 MiB/202 MiB GO alloc/idle/total, 32 MiB/41 MiB CGO alloc/total, 29.1 CGO/sec, 2.4/4.9 %(u/s)time, 0.0 %gc (0x), 166 KiB/102 KiB (r/w)net
I200313 14:44:39.095439 44 server/status/runtime.go:498  [n4] runtime stats: 206 MiB RSS, 261 goroutines, 114 MiB/70 MiB/202 MiB GO alloc/idle/total, 32 MiB/42 MiB CGO alloc/total, 28.5 CGO/sec, 3.3/5.4 %(u/s)time, 0.0 %gc (0x), 160 KiB/97 KiB (r/w)net
I200313 14:44:47.712567 1 cli/start.go:865  received signal 'terminated'
I200313 14:44:47.713641 1 cli/start.go:930  initiating graceful shutdown of server
I200313 14:44:48.718474 3605 storage/store.go:1111  [drain] waiting for 2 replicas to transfer their lease away
I200313 14:44:49.079853 40 gossip/gossip.go:566  [n4] gossip status (ok, 4 nodes)
gossip client (1/3 cur/max conns)
  3: f47a1c7300a3:26257 (4m0s: infos 966/1004 sent/received, bytes 176773B/204239B sent/received)
gossip server (2/3 cur/max conns, infos 2496/3204 sent/received, bytes 507659B/602386B sent/received)
  2: 22bf95210875:26257 (4m0s)
  1: 068c9c09d521:26257 (4m0s)
I200313 14:44:49.095655 44 server/status/runtime.go:498  [n4] runtime stats: 208 MiB RSS, 263 goroutines, 126 MiB/59 MiB/202 MiB GO alloc/idle/total, 32 MiB/42 MiB CGO alloc/total, 39.9 CGO/sec, 3.1/5.2 %(u/s)time, 0.0 %gc (0x), 196 KiB/123 KiB (r/w)net
I200313 14:44:49.927940 3605 storage/store.go:1111  [drain] waiting for 2 replicas to transfer their lease away
I200313 14:44:51.859748 3605 storage/store.go:1111  [drain] waiting for 2 replicas to transfer their lease away
I200313 14:44:52.716726 3583 cli/start.go:940  7 running tasks
W200313 14:44:53.720099 3605 storage/store.go:1120  [drain] unable to drain cleanly within 5s, service might briefly deteriorate: operation "wait for raft leadership transfer" timed out after 5s:
  - waiting for 2 replicas to transfer their lease away
    github.com/cockroachdb/cockroach/pkg/storage.(*Store).SetDraining.func3.1
    	/go/src/github.com/cockroachdb/cockroach/pkg/storage/store.go:1109
    github.com/cockroachdb/cockroach/pkg/util/retry.WithMaxAttempts
    	/go/src/github.com/cockroachdb/cockroach/pkg/util/retry/retry.go:159
    github.com/cockroachdb/cockroach/pkg/storage.(*Store).SetDraining.func3
    	/go/src/github.com/cockroachdb/cockroach/pkg/storage/store.go:1107
    github.com/cockroachdb/cockroach/pkg/util/contextutil.RunWithTimeout
    	/go/src/github.com/cockroachdb/cockroach/pkg/util/contextutil/context.go:135
    github.com/cockroachdb/cockroach/pkg/storage.(*Store).SetDraining
    	/go/src/github.com/cockroachdb/cockroach/pkg/storage/store.go:1098
    github.com/cockroachdb/cockroach/pkg/server.(*Node).SetDraining.func1
    	/go/src/github.com/cockroachdb/cockroach/pkg/server/node.go:532
    github.com/cockroachdb/cockroach/pkg/storage.(*Stores).VisitStores.func1
    	/go/src/github.com/cockroachdb/cockroach/pkg/storage/stores.go:126
    github.com/cockroachdb/cockroach/pkg/util/syncutil.(*IntMap).Range
    	/go/src/github.com/cockroachdb/cockroach/pkg/util/syncutil/int_map.go:352
    github.com/cockroachdb/cockroach/pkg/storage.(*Stores).VisitStores
    	/go/src/github.com/cockroachdb/cockroach/pkg/storage/stores.go:125
    github.com/cockroachdb/cockroach/pkg/server.(*Node).SetDraining
    	/go/src/github.com/cockroachdb/cockroach/pkg/server/node.go:531
    github.com/cockroachdb/cockroach/pkg/server.(*Server).doDrain
    	/go/src/github.com/cockroachdb/cockroach/pkg/server/server.go:1954
    github.com/cockroachdb/cockroach/pkg/server.(*Server).Drain
    	/go/src/github.com/cockroachdb/cockroach/pkg/server/server.go:1979
    github.com/cockroachdb/cockroach/pkg/cli.runStart.func4
    	/go/src/github.com/cockroachdb/cockroach/pkg/cli/start.go:901
    runtime.goexit
    	/usr/local/go/src/runtime/asm_amd64.s:1337
I200313 14:44:53.721500 3605 util/stop/stopper.go:542  [server drain process] quiescing; tasks left:
3      [async] closedts-subscription
1      [async] intent_resolver_ir_batcher
1      [async] intent_resolver_gc_batcher
1      [async] closedts-rangefeed-subscriber
I200313 14:44:53.723138 3605 util/stop/stopper.go:542  [server drain process] quiescing; tasks left:
3      [async] closedts-subscription
1      [async] intent_resolver_gc_batcher
1      [async] closedts-rangefeed-subscriber
W200313 14:44:53.723470 364 storage/raft_transport.go:634  [n4] while processing outgoing Raft queue to node 1: rpc error: code = Canceled desc = grpc: the client connection is closing:
W200313 14:44:53.724333 420 storage/raft_transport.go:634  [n4] while processing outgoing Raft queue to node 1: rpc error: code = Canceled desc = grpc: the client connection is closing:
W200313 14:44:53.725628 262 storage/raft_transport.go:634  [n4] while processing outgoing Raft queue to node 3: rpc error: code = Canceled desc = grpc: the client connection is closing:
W200313 14:44:53.725776 99 gossip/gossip.go:1517  [n4] no incoming or outgoing connections
W200313 14:44:53.725829 2847 storage/raft_transport.go:634  [n4] while processing outgoing Raft queue to node 2: rpc error: code = Canceled desc = grpc: the client connection is closing:
W200313 14:44:53.725280 329 storage/raft_transport.go:634  [n4] while processing outgoing Raft queue to node 2: rpc error: code = Canceled desc = grpc: the client connection is closing:
W200313 14:44:53.726072 356 storage/raft_transport.go:634  [n4] while processing outgoing Raft queue to node 3: rpc error: code = Canceled desc = grpc: the client connection is closing:
I200313 14:44:53.728213 3605 util/stop/stopper.go:542  [server drain process] quiescing; tasks left:
3      [async] closedts-subscription
1      [async] intent_resolver_gc_batcher
I200313 14:44:53.738449 3605 storage/engine/rocksdb.go:762  closing rocksdb instance at "/cockroach/cockroach-data/cockroach-temp918274896"
I200313 14:44:53.758457 3605 storage/engine/rocksdb.go:762  closing rocksdb instance at "/cockroach/cockroach-data"
I200313 14:44:53.798554 1 cli/start.go:976  server drained and shutdown completed
