I200313 14:40:47.406266 10 util/log/clog.go:1196  [config] file created at: 2020/03/13 14:40:47
I200313 14:40:47.406266 10 util/log/clog.go:1196  [config] running on machine: 287541f04cdc
I200313 14:40:47.406266 10 util/log/clog.go:1196  [config] binary: CockroachDB CCL v19.2.4 (x86_64-unknown-linux-gnu, built 2020/02/06 21:55:19, go1.12.12)
I200313 14:40:47.406266 10 util/log/clog.go:1196  [config] arguments: [/cockroach/cockroach start --insecure --join=node_1]
I200313 14:40:47.406266 10 util/log/clog.go:1196  line format: [IWEF]yymmdd hh:mm:ss.uuuuuu goid file:line msg utf8=✓
I200313 14:40:47.406250 10 storage/engine/rocksdb.go:120  RocksDB version: 6.2.1
I200313 14:40:47.411411 10 storage/engine/rocksdb.go:120  Git sha rocksdb_build_git_sha:@b7009236531fa784872f4823eabf393501e41bf2@
I200313 14:40:47.411444 10 storage/engine/rocksdb.go:120  Compile date Feb  6 2020
I200313 14:40:47.411469 10 storage/engine/rocksdb.go:120  DB SUMMARY
I200313 14:40:47.413240 10 storage/engine/rocksdb.go:120  SST files in /cockroach/cockroach-data/cockroach-temp918274896 dir, Total Num: 0, files: 
I200313 14:40:47.419801 10 storage/engine/rocksdb.go:120  Write Ahead Log file in /cockroach/cockroach-data/cockroach-temp918274896: 
I200313 14:40:47.419903 10 storage/engine/rocksdb.go:120                          Options.error_if_exists: 0
I200313 14:40:47.419926 10 storage/engine/rocksdb.go:120                        Options.create_if_missing: 1
I200313 14:40:47.419945 10 storage/engine/rocksdb.go:120                          Options.paranoid_checks: 1
I200313 14:40:47.419965 10 storage/engine/rocksdb.go:120                                      Options.env: 0x756aca0
I200313 14:40:47.419985 10 storage/engine/rocksdb.go:120                                 Options.info_log: 0x7fe12fe19140
I200313 14:40:47.420004 10 storage/engine/rocksdb.go:120                 Options.max_file_opening_threads: 16
I200313 14:40:47.420076 10 storage/engine/rocksdb.go:120                               Options.statistics: 0x7fe12fe29010
I200313 14:40:47.420099 10 storage/engine/rocksdb.go:120                                Options.use_fsync: 0
I200313 14:40:47.420122 10 storage/engine/rocksdb.go:120                        Options.max_log_file_size: 0
I200313 14:40:47.420153 10 storage/engine/rocksdb.go:120                   Options.max_manifest_file_size: 134217728
I200313 14:40:47.420171 10 storage/engine/rocksdb.go:120                    Options.log_file_time_to_roll: 0
I200313 14:40:47.420198 10 storage/engine/rocksdb.go:120                        Options.keep_log_file_num: 1000
I200313 14:40:47.420217 10 storage/engine/rocksdb.go:120                     Options.recycle_log_file_num: 1
I200313 14:40:47.420235 10 storage/engine/rocksdb.go:120                          Options.allow_fallocate: 1
I200313 14:40:47.420262 10 storage/engine/rocksdb.go:120                         Options.allow_mmap_reads: 0
I200313 14:40:47.420286 10 storage/engine/rocksdb.go:120                        Options.allow_mmap_writes: 0
I200313 14:40:47.420308 10 storage/engine/rocksdb.go:120                         Options.use_direct_reads: 0
I200313 14:40:47.420334 10 storage/engine/rocksdb.go:120                         Options.use_direct_io_for_flush_and_compaction: 0
I200313 14:40:47.420356 10 storage/engine/rocksdb.go:120           Options.create_missing_column_families: 0
I200313 14:40:47.420376 10 storage/engine/rocksdb.go:120                               Options.db_log_dir: 
I200313 14:40:47.420427 10 storage/engine/rocksdb.go:120                                  Options.wal_dir: /cockroach/cockroach-data/cockroach-temp918274896
I200313 14:40:47.420470 10 storage/engine/rocksdb.go:120                 Options.table_cache_numshardbits: 6
I200313 14:40:47.420626 10 storage/engine/rocksdb.go:120                       Options.max_subcompactions: 1
I200313 14:40:47.420662 10 storage/engine/rocksdb.go:120                   Options.max_background_flushes: -1
I200313 14:40:47.420682 10 storage/engine/rocksdb.go:120                          Options.WAL_ttl_seconds: 0
I200313 14:40:47.420719 10 storage/engine/rocksdb.go:120                        Options.WAL_size_limit_MB: 0
I200313 14:40:47.420743 10 storage/engine/rocksdb.go:120              Options.manifest_preallocation_size: 4194304
I200313 14:40:47.420772 10 storage/engine/rocksdb.go:120                      Options.is_fd_close_on_exec: 1
I200313 14:40:47.420796 10 storage/engine/rocksdb.go:120                    Options.advise_random_on_open: 1
I200313 14:40:47.420856 10 storage/engine/rocksdb.go:120                     Options.db_write_buffer_size: 0
I200313 14:40:47.420875 10 storage/engine/rocksdb.go:120                     Options.write_buffer_manager: 0x7fe12fe91030
I200313 14:40:47.420895 10 storage/engine/rocksdb.go:120          Options.access_hint_on_compaction_start: 1
I200313 14:40:47.420946 10 storage/engine/rocksdb.go:120   Options.new_table_reader_for_compaction_inputs: 0
I200313 14:40:47.420966 10 storage/engine/rocksdb.go:120            Options.random_access_max_buffer_size: 1048576
I200313 14:40:47.420985 10 storage/engine/rocksdb.go:120                       Options.use_adaptive_mutex: 0
I200313 14:40:47.421004 10 storage/engine/rocksdb.go:120                             Options.rate_limiter: (nil)
I200313 14:40:47.421152 10 storage/engine/rocksdb.go:120      Options.sst_file_manager.rate_bytes_per_sec: 0
I200313 14:40:47.421174 10 storage/engine/rocksdb.go:120                        Options.wal_recovery_mode: 0
I200313 14:40:47.421195 10 storage/engine/rocksdb.go:120                   Options.enable_thread_tracking: 0
I200313 14:40:47.421271 10 storage/engine/rocksdb.go:120                   Options.enable_pipelined_write: 0
I200313 14:40:47.421299 10 storage/engine/rocksdb.go:120          Options.allow_concurrent_memtable_write: 1
I200313 14:40:47.421321 10 storage/engine/rocksdb.go:120       Options.enable_write_thread_adaptive_yield: 1
I200313 14:40:47.421347 10 storage/engine/rocksdb.go:120              Options.write_thread_max_yield_usec: 100
I200313 14:40:47.421367 10 storage/engine/rocksdb.go:120             Options.write_thread_slow_yield_usec: 3
I200313 14:40:47.421386 10 storage/engine/rocksdb.go:120                                Options.row_cache: None
I200313 14:40:47.421494 10 storage/engine/rocksdb.go:120                               Options.wal_filter: None
I200313 14:40:47.421513 10 storage/engine/rocksdb.go:120              Options.avoid_flush_during_recovery: 0
I200313 14:40:47.421539 10 storage/engine/rocksdb.go:120              Options.allow_ingest_behind: 0
I200313 14:40:47.421563 10 storage/engine/rocksdb.go:120              Options.preserve_deletes: 0
I200313 14:40:47.421585 10 storage/engine/rocksdb.go:120              Options.two_write_queues: 0
I200313 14:40:47.421605 10 storage/engine/rocksdb.go:120              Options.manual_wal_flush: 1
I200313 14:40:47.421624 10 storage/engine/rocksdb.go:120              Options.atomic_flush: 0
I200313 14:40:47.421643 10 storage/engine/rocksdb.go:120              Options.avoid_unnecessary_blocking_io: 0
I200313 14:40:47.421671 10 storage/engine/rocksdb.go:120              Options.max_background_jobs: 4
I200313 14:40:47.421698 10 storage/engine/rocksdb.go:120              Options.max_background_compactions: -1
I200313 14:40:47.421757 10 storage/engine/rocksdb.go:120              Options.avoid_flush_during_shutdown: 0
I200313 14:40:47.421776 10 storage/engine/rocksdb.go:120            Options.writable_file_max_buffer_size: 1048576
I200313 14:40:47.421855 10 storage/engine/rocksdb.go:120              Options.delayed_write_rate : 16777216
I200313 14:40:47.421892 10 storage/engine/rocksdb.go:120              Options.max_total_wal_size: 0
I200313 14:40:47.421937 10 storage/engine/rocksdb.go:120              Options.delete_obsolete_files_period_micros: 21600000000
I200313 14:40:47.421960 10 storage/engine/rocksdb.go:120                    Options.stats_dump_period_sec: 0
I200313 14:40:47.421985 10 storage/engine/rocksdb.go:120                  Options.stats_persist_period_sec: 600
I200313 14:40:47.422007 10 storage/engine/rocksdb.go:120                  Options.stats_history_buffer_size: 1048576
I200313 14:40:47.423870 10 storage/engine/rocksdb.go:120                           Options.max_open_files: 128
I200313 14:40:47.423891 10 storage/engine/rocksdb.go:120                           Options.bytes_per_sync: 524288
I200313 14:40:47.423947 10 storage/engine/rocksdb.go:120                       Options.wal_bytes_per_sync: 0
I200313 14:40:47.423973 10 storage/engine/rocksdb.go:120                    Options.strict_bytes_per_sync: 1
I200313 14:40:47.423992 10 storage/engine/rocksdb.go:120        Options.compaction_readahead_size: 0
I200313 14:40:47.424012 10 storage/engine/rocksdb.go:120  Compression algorithms supported:
I200313 14:40:47.424035 10 storage/engine/rocksdb.go:120  	kZSTDNotFinalCompression supported: 0
I200313 14:40:47.424054 10 storage/engine/rocksdb.go:120  	kZSTD supported: 0
I200313 14:40:47.424080 10 storage/engine/rocksdb.go:120  	kXpressCompression supported: 0
I200313 14:40:47.424099 10 storage/engine/rocksdb.go:120  	kLZ4HCCompression supported: 0
I200313 14:40:47.424114 10 storage/engine/rocksdb.go:120  	kLZ4Compression supported: 0
I200313 14:40:47.424135 10 storage/engine/rocksdb.go:120  	kBZip2Compression supported: 0
I200313 14:40:47.424154 10 storage/engine/rocksdb.go:120  	kZlibCompression supported: 0
I200313 14:40:47.424172 10 storage/engine/rocksdb.go:120  	kSnappyCompression supported: 1
I200313 14:40:47.424207 10 storage/engine/rocksdb.go:120  Fast CRC32 supported: Supported on x86
I200313 14:40:47.428941 10 storage/engine/rocksdb.go:120  [db/db_impl_open.cc:242] Creating manifest 1 
I200313 14:40:47.442650 10 storage/engine/rocksdb.go:120  [db/version_set.cc:4072] Recovering from manifest file: /cockroach/cockroach-data/cockroach-temp918274896/MANIFEST-000001
I200313 14:40:47.443844 10 storage/engine/rocksdb.go:120  [db/column_family.cc:488] --------------- Options for column family [default]:
I200313 14:40:47.443873 10 storage/engine/rocksdb.go:120                Options.comparator: cockroach_comparator
I200313 14:40:47.443902 10 storage/engine/rocksdb.go:120            Options.merge_operator: cockroach_merge_operator
I200313 14:40:47.443932 10 storage/engine/rocksdb.go:120         Options.compaction_filter: None
I200313 14:40:47.443955 10 storage/engine/rocksdb.go:120         Options.compaction_filter_factory: None
I200313 14:40:47.443983 10 storage/engine/rocksdb.go:120          Options.memtable_factory: SkipListFactory
I200313 14:40:47.444004 10 storage/engine/rocksdb.go:120             Options.table_factory: BlockBasedTable
I200313 14:40:47.444089 10 storage/engine/rocksdb.go:120             table_factory options:   flush_block_policy_factory: FlushBlockBySizePolicyFactory (0x7fe12fe1d030)
  cache_index_and_filter_blocks: 0
  cache_index_and_filter_blocks_with_high_priority: 0
  pin_l0_filter_and_index_blocks_in_cache: 0
  pin_top_level_index_and_filter: 1
  index_type: 0
  data_block_index_type: 0
  index_shortening: 1
  data_block_hash_table_util_ratio: 0.750000
  hash_index_allow_collision: 1
  checksum: 1
  no_block_cache: 0
  block_cache: 0x7fe12fe0e010
  block_cache_name: LRUCache
  block_cache_options:
    capacity : 1048576
    num_shard_bits : 4
    strict_capacity_limit : 0
    memory_allocator : None
    high_pri_pool_ratio: 0.000
  block_cache_compressed: (nil)
  persistent_cache: (nil)
  block_size: 32768
  block_size_deviation: 10
  block_restart_interval: 16
  index_block_restart_interval: 1
  metadata_block_size: 4096
  partition_filters: 0
  use_delta_encoding: 1
  filter_policy: rocksdb.BuiltinBloomFilter
  whole_key_filtering: 0
  verify_compression: 0
  read_amp_bytes_per_bit: 0
  format_version: 2
  enable_index_compression: 1
  block_align: 0
I200313 14:40:47.444112 10 storage/engine/rocksdb.go:120         Options.write_buffer_size: 67108864
I200313 14:40:47.444140 10 storage/engine/rocksdb.go:120   Options.max_write_buffer_number: 4
I200313 14:40:47.444163 10 storage/engine/rocksdb.go:120           Options.compression: Snappy
I200313 14:40:47.444182 10 storage/engine/rocksdb.go:120                   Options.bottommost_compression: Disabled
I200313 14:40:47.444196 10 storage/engine/rocksdb.go:120        Options.prefix_extractor: cockroach_prefix_extractor
I200313 14:40:47.444224 10 storage/engine/rocksdb.go:120    Options.memtable_insert_with_hint_prefix_extractor: nullptr
I200313 14:40:47.444246 10 storage/engine/rocksdb.go:120              Options.num_levels: 7
I200313 14:40:47.444265 10 storage/engine/rocksdb.go:120         Options.min_write_buffer_number_to_merge: 1
I200313 14:40:47.444286 10 storage/engine/rocksdb.go:120      Options.max_write_buffer_number_to_maintain: 0
I200313 14:40:47.444304 10 storage/engine/rocksdb.go:120             Options.bottommost_compression_opts.window_bits: -14
I200313 14:40:47.444326 10 storage/engine/rocksdb.go:120                   Options.bottommost_compression_opts.level: 32767
I200313 14:40:47.444355 10 storage/engine/rocksdb.go:120                Options.bottommost_compression_opts.strategy: 0
I200313 14:40:47.444376 10 storage/engine/rocksdb.go:120          Options.bottommost_compression_opts.max_dict_bytes: 0
I200313 14:40:47.444397 10 storage/engine/rocksdb.go:120          Options.bottommost_compression_opts.zstd_max_train_bytes: 0
I200313 14:40:47.444413 10 storage/engine/rocksdb.go:120                   Options.bottommost_compression_opts.enabled: false
I200313 14:40:47.444439 10 storage/engine/rocksdb.go:120             Options.compression_opts.window_bits: -14
I200313 14:40:47.444458 10 storage/engine/rocksdb.go:120                   Options.compression_opts.level: 32767
I200313 14:40:47.444478 10 storage/engine/rocksdb.go:120                Options.compression_opts.strategy: 0
I200313 14:40:47.444497 10 storage/engine/rocksdb.go:120          Options.compression_opts.max_dict_bytes: 0
I200313 14:40:47.444516 10 storage/engine/rocksdb.go:120          Options.compression_opts.zstd_max_train_bytes: 0
I200313 14:40:47.444537 10 storage/engine/rocksdb.go:120                   Options.compression_opts.enabled: false
I200313 14:40:47.444558 10 storage/engine/rocksdb.go:120       Options.level0_file_num_compaction_trigger: 2
I200313 14:40:47.444574 10 storage/engine/rocksdb.go:120           Options.level0_slowdown_writes_trigger: 950
I200313 14:40:47.444601 10 storage/engine/rocksdb.go:120               Options.level0_stop_writes_trigger: 1000
I200313 14:40:47.444620 10 storage/engine/rocksdb.go:120                    Options.target_file_size_base: 4194304
I200313 14:40:47.444645 10 storage/engine/rocksdb.go:120              Options.target_file_size_multiplier: 2
I200313 14:40:47.444664 10 storage/engine/rocksdb.go:120                 Options.max_bytes_for_level_base: 67108864
I200313 14:40:47.444685 10 storage/engine/rocksdb.go:120  Options.level_compaction_dynamic_level_bytes: 1
I200313 14:40:47.444704 10 storage/engine/rocksdb.go:120           Options.max_bytes_for_level_multiplier: 10.000000
I200313 14:40:47.444723 10 storage/engine/rocksdb.go:120  Options.max_bytes_for_level_multiplier_addtl[0]: 1
I200313 14:40:47.444748 10 storage/engine/rocksdb.go:120  Options.max_bytes_for_level_multiplier_addtl[1]: 1
I200313 14:40:47.444767 10 storage/engine/rocksdb.go:120  Options.max_bytes_for_level_multiplier_addtl[2]: 1
I200313 14:40:47.444792 10 storage/engine/rocksdb.go:120  Options.max_bytes_for_level_multiplier_addtl[3]: 1
I200313 14:40:47.444811 10 storage/engine/rocksdb.go:120  Options.max_bytes_for_level_multiplier_addtl[4]: 1
I200313 14:40:47.444833 10 storage/engine/rocksdb.go:120  Options.max_bytes_for_level_multiplier_addtl[5]: 1
I200313 14:40:47.444853 10 storage/engine/rocksdb.go:120  Options.max_bytes_for_level_multiplier_addtl[6]: 1
I200313 14:40:47.444873 10 storage/engine/rocksdb.go:120        Options.max_sequential_skip_in_iterations: 8
I200313 14:40:47.444899 10 storage/engine/rocksdb.go:120                     Options.max_compaction_bytes: 104857600
I200313 14:40:47.444918 10 storage/engine/rocksdb.go:120                         Options.arena_block_size: 8388608
I200313 14:40:47.444937 10 storage/engine/rocksdb.go:120    Options.soft_pending_compaction_bytes_limit: 2199023255552
I200313 14:40:47.444963 10 storage/engine/rocksdb.go:120    Options.hard_pending_compaction_bytes_limit: 4400193994752
I200313 14:40:47.444982 10 storage/engine/rocksdb.go:120        Options.rate_limit_delay_max_milliseconds: 100
I200313 14:40:47.445001 10 storage/engine/rocksdb.go:120                 Options.disable_auto_compactions: 0
I200313 14:40:47.445025 10 storage/engine/rocksdb.go:120                         Options.compaction_style: kCompactionStyleLevel
I200313 14:40:47.445046 10 storage/engine/rocksdb.go:120                           Options.compaction_pri: kMinOverlappingRatio
I200313 14:40:47.445065 10 storage/engine/rocksdb.go:120  Options.compaction_options_universal.size_ratio: 1
I200313 14:40:47.445086 10 storage/engine/rocksdb.go:120  Options.compaction_options_universal.min_merge_width: 2
I200313 14:40:47.445104 10 storage/engine/rocksdb.go:120  Options.compaction_options_universal.max_merge_width: 4294967295
I200313 14:40:47.445123 10 storage/engine/rocksdb.go:120  Options.compaction_options_universal.max_size_amplification_percent: 200
I200313 14:40:47.445144 10 storage/engine/rocksdb.go:120  Options.compaction_options_universal.compression_size_percent: -1
I200313 14:40:47.445163 10 storage/engine/rocksdb.go:120  Options.compaction_options_universal.stop_style: kCompactionStopStyleTotalSize
I200313 14:40:47.445187 10 storage/engine/rocksdb.go:120  Options.compaction_options_fifo.max_table_files_size: 1073741824
I200313 14:40:47.445208 10 storage/engine/rocksdb.go:120  Options.compaction_options_fifo.allow_compaction: 0
I200313 14:40:47.445243 10 storage/engine/rocksdb.go:120                    Options.table_properties_collectors: TimeBoundTblPropCollectorFactory; DeleteRangeTblPropCollectorFactory; 
I200313 14:40:47.445262 10 storage/engine/rocksdb.go:120                    Options.inplace_update_support: 0
I200313 14:40:47.445280 10 storage/engine/rocksdb.go:120                  Options.inplace_update_num_locks: 10000
I200313 14:40:47.445300 10 storage/engine/rocksdb.go:120                Options.memtable_prefix_bloom_size_ratio: 0.000000
I200313 14:40:47.445319 10 storage/engine/rocksdb.go:120                Options.memtable_whole_key_filtering: 0
I200313 14:40:47.445339 10 storage/engine/rocksdb.go:120    Options.memtable_huge_page_size: 0
I200313 14:40:47.445361 10 storage/engine/rocksdb.go:120                            Options.bloom_locality: 0
I200313 14:40:47.445380 10 storage/engine/rocksdb.go:120                     Options.max_successive_merges: 0
I200313 14:40:47.445405 10 storage/engine/rocksdb.go:120                 Options.optimize_filters_for_hits: 1
I200313 14:40:47.445424 10 storage/engine/rocksdb.go:120                 Options.paranoid_file_checks: 0
I200313 14:40:47.445443 10 storage/engine/rocksdb.go:120                 Options.force_consistency_checks: 0
I200313 14:40:47.445467 10 storage/engine/rocksdb.go:120                 Options.report_bg_io_stats: 0
I200313 14:40:47.445489 10 storage/engine/rocksdb.go:120                                Options.ttl: 0
I200313 14:40:47.445510 10 storage/engine/rocksdb.go:120           Options.periodic_compaction_seconds: 0
I200313 14:40:47.450319 10 storage/engine/rocksdb.go:120  [db/version_set.cc:4286] Recovered from manifest file:/cockroach/cockroach-data/cockroach-temp918274896/MANIFEST-000001 succeeded,manifest_file_number is 1, next_file_number is 3, last_sequence is 0, log_number is 0,prev_log_number is 0,max_column_family is 0,min_log_number_to_keep is 0
I200313 14:40:47.450345 10 storage/engine/rocksdb.go:120  [db/version_set.cc:4295] Column family [default] (ID 0), log number is 0
I200313 14:40:47.469783 10 storage/engine/rocksdb.go:120  DB pointer 0x7fe12fe99000
I200313 14:40:47.507924 10 storage/engine/rocksdb.go:120  RocksDB version: 6.2.1
I200313 14:40:47.507950 10 storage/engine/rocksdb.go:120  Git sha rocksdb_build_git_sha:@b7009236531fa784872f4823eabf393501e41bf2@
I200313 14:40:47.507970 10 storage/engine/rocksdb.go:120  Compile date Feb  6 2020
I200313 14:40:47.508139 10 storage/engine/rocksdb.go:120  DB SUMMARY
I200313 14:40:47.523899 10 storage/engine/rocksdb.go:120  CURRENT file:  CURRENT
I200313 14:40:47.524042 10 storage/engine/rocksdb.go:120  IDENTITY file:  IDENTITY
I200313 14:40:47.525219 10 storage/engine/rocksdb.go:120  MANIFEST file:  MANIFEST-000010 size: 8399 Bytes
I200313 14:40:47.525320 10 storage/engine/rocksdb.go:120  SST files in /cockroach/cockroach-data dir, Total Num: 13, files: 000060.sst 000071.sst 000093.sst 000104.sst 000115.sst 000137.sst 000148.sst 000160.sst 000171.sst 
I200313 14:40:47.525342 10 storage/engine/rocksdb.go:120  Write Ahead Log file in /cockroach/cockroach-data: 000203.log size: 81446 ; 000215.log size: 2579858 ; 
I200313 14:40:47.525365 10 storage/engine/rocksdb.go:120                          Options.error_if_exists: 0
I200313 14:40:47.525384 10 storage/engine/rocksdb.go:120                        Options.create_if_missing: 1
I200313 14:40:47.525475 10 storage/engine/rocksdb.go:120                          Options.paranoid_checks: 1
I200313 14:40:47.525495 10 storage/engine/rocksdb.go:120                                      Options.env: 0x756aca0
I200313 14:40:47.525514 10 storage/engine/rocksdb.go:120                                 Options.info_log: 0x7fe12b419080
I200313 14:40:47.525542 10 storage/engine/rocksdb.go:120                 Options.max_file_opening_threads: 16
I200313 14:40:47.525632 10 storage/engine/rocksdb.go:120                               Options.statistics: 0x7fe12b41f010
I200313 14:40:47.525657 10 storage/engine/rocksdb.go:120                                Options.use_fsync: 0
I200313 14:40:47.525675 10 storage/engine/rocksdb.go:120                        Options.max_log_file_size: 0
I200313 14:40:47.525697 10 storage/engine/rocksdb.go:120                   Options.max_manifest_file_size: 134217728
I200313 14:40:47.525791 10 storage/engine/rocksdb.go:120                    Options.log_file_time_to_roll: 0
I200313 14:40:47.525817 10 storage/engine/rocksdb.go:120                        Options.keep_log_file_num: 1000
I200313 14:40:47.525837 10 storage/engine/rocksdb.go:120                     Options.recycle_log_file_num: 1
I200313 14:40:47.525932 10 storage/engine/rocksdb.go:120                          Options.allow_fallocate: 1
I200313 14:40:47.525950 10 storage/engine/rocksdb.go:120                         Options.allow_mmap_reads: 0
I200313 14:40:47.525971 10 storage/engine/rocksdb.go:120                        Options.allow_mmap_writes: 0
I200313 14:40:47.526102 10 storage/engine/rocksdb.go:120                         Options.use_direct_reads: 0
I200313 14:40:47.526132 10 storage/engine/rocksdb.go:120                         Options.use_direct_io_for_flush_and_compaction: 0
I200313 14:40:47.526177 10 storage/engine/rocksdb.go:120           Options.create_missing_column_families: 0
I200313 14:40:47.526330 10 storage/engine/rocksdb.go:120                               Options.db_log_dir: 
I200313 14:40:47.526355 10 storage/engine/rocksdb.go:120                                  Options.wal_dir: /cockroach/cockroach-data
I200313 14:40:47.526378 10 storage/engine/rocksdb.go:120                 Options.table_cache_numshardbits: 6
I200313 14:40:47.526400 10 storage/engine/rocksdb.go:120                       Options.max_subcompactions: 1
I200313 14:40:47.526500 10 storage/engine/rocksdb.go:120                   Options.max_background_flushes: -1
I200313 14:40:47.526524 10 storage/engine/rocksdb.go:120                          Options.WAL_ttl_seconds: 0
I200313 14:40:47.526555 10 storage/engine/rocksdb.go:120                        Options.WAL_size_limit_MB: 0
I200313 14:40:47.526658 10 storage/engine/rocksdb.go:120              Options.manifest_preallocation_size: 4194304
I200313 14:40:47.526682 10 storage/engine/rocksdb.go:120                      Options.is_fd_close_on_exec: 1
I200313 14:40:47.526706 10 storage/engine/rocksdb.go:120                    Options.advise_random_on_open: 1
I200313 14:40:47.526885 10 storage/engine/rocksdb.go:120                     Options.db_write_buffer_size: 0
I200313 14:40:47.526910 10 storage/engine/rocksdb.go:120                     Options.write_buffer_manager: 0x7fe12b487030
I200313 14:40:47.527075 10 storage/engine/rocksdb.go:120          Options.access_hint_on_compaction_start: 1
I200313 14:40:47.527103 10 storage/engine/rocksdb.go:120   Options.new_table_reader_for_compaction_inputs: 0
I200313 14:40:47.527212 10 storage/engine/rocksdb.go:120            Options.random_access_max_buffer_size: 1048576
I200313 14:40:47.527256 10 storage/engine/rocksdb.go:120                       Options.use_adaptive_mutex: 0
I200313 14:40:47.527397 10 storage/engine/rocksdb.go:120                             Options.rate_limiter: (nil)
I200313 14:40:47.527424 10 storage/engine/rocksdb.go:120      Options.sst_file_manager.rate_bytes_per_sec: 0
I200313 14:40:47.527535 10 storage/engine/rocksdb.go:120                        Options.wal_recovery_mode: 0
I200313 14:40:47.527560 10 storage/engine/rocksdb.go:120                   Options.enable_thread_tracking: 0
I200313 14:40:47.527586 10 storage/engine/rocksdb.go:120                   Options.enable_pipelined_write: 0
I200313 14:40:47.527656 10 storage/engine/rocksdb.go:120          Options.allow_concurrent_memtable_write: 1
I200313 14:40:47.527718 10 storage/engine/rocksdb.go:120       Options.enable_write_thread_adaptive_yield: 1
I200313 14:40:47.527741 10 storage/engine/rocksdb.go:120              Options.write_thread_max_yield_usec: 100
I200313 14:40:47.527767 10 storage/engine/rocksdb.go:120             Options.write_thread_slow_yield_usec: 3
I200313 14:40:47.527796 10 storage/engine/rocksdb.go:120                                Options.row_cache: None
I200313 14:40:47.527903 10 storage/engine/rocksdb.go:120                               Options.wal_filter: None
I200313 14:40:47.527929 10 storage/engine/rocksdb.go:120              Options.avoid_flush_during_recovery: 0
I200313 14:40:47.527954 10 storage/engine/rocksdb.go:120              Options.allow_ingest_behind: 0
I200313 14:40:47.528064 10 storage/engine/rocksdb.go:120              Options.preserve_deletes: 0
I200313 14:40:47.528091 10 storage/engine/rocksdb.go:120              Options.two_write_queues: 0
I200313 14:40:47.528114 10 storage/engine/rocksdb.go:120              Options.manual_wal_flush: 1
I200313 14:40:47.528206 10 storage/engine/rocksdb.go:120              Options.atomic_flush: 0
I200313 14:40:47.528358 10 storage/engine/rocksdb.go:120              Options.avoid_unnecessary_blocking_io: 0
I200313 14:40:47.528385 10 storage/engine/rocksdb.go:120              Options.max_background_jobs: 4
I200313 14:40:47.528412 10 storage/engine/rocksdb.go:120              Options.max_background_compactions: -1
I200313 14:40:47.528435 10 storage/engine/rocksdb.go:120              Options.avoid_flush_during_shutdown: 0
I200313 14:40:47.528544 10 storage/engine/rocksdb.go:120            Options.writable_file_max_buffer_size: 1048576
I200313 14:40:47.528576 10 storage/engine/rocksdb.go:120              Options.delayed_write_rate : 16777216
I200313 14:40:47.528599 10 storage/engine/rocksdb.go:120              Options.max_total_wal_size: 0
I200313 14:40:47.528727 10 storage/engine/rocksdb.go:120              Options.delete_obsolete_files_period_micros: 21600000000
I200313 14:40:47.528752 10 storage/engine/rocksdb.go:120                    Options.stats_dump_period_sec: 0
I200313 14:40:47.528887 10 storage/engine/rocksdb.go:120                  Options.stats_persist_period_sec: 600
I200313 14:40:47.528914 10 storage/engine/rocksdb.go:120                  Options.stats_history_buffer_size: 1048576
I200313 14:40:47.528938 10 storage/engine/rocksdb.go:120                           Options.max_open_files: 1043576
I200313 14:40:47.529045 10 storage/engine/rocksdb.go:120                           Options.bytes_per_sync: 524288
I200313 14:40:47.529071 10 storage/engine/rocksdb.go:120                       Options.wal_bytes_per_sync: 0
I200313 14:40:47.529096 10 storage/engine/rocksdb.go:120                    Options.strict_bytes_per_sync: 1
I200313 14:40:47.529209 10 storage/engine/rocksdb.go:120        Options.compaction_readahead_size: 0
I200313 14:40:47.529234 10 storage/engine/rocksdb.go:120  Compression algorithms supported:
I200313 14:40:47.529342 10 storage/engine/rocksdb.go:120  	kZSTDNotFinalCompression supported: 0
I200313 14:40:47.529370 10 storage/engine/rocksdb.go:120  	kZSTD supported: 0
I200313 14:40:47.529395 10 storage/engine/rocksdb.go:120  	kXpressCompression supported: 0
I200313 14:40:47.529419 10 storage/engine/rocksdb.go:120  	kLZ4HCCompression supported: 0
I200313 14:40:47.529530 10 storage/engine/rocksdb.go:120  	kLZ4Compression supported: 0
I200313 14:40:47.529618 10 storage/engine/rocksdb.go:120  	kBZip2Compression supported: 0
I200313 14:40:47.529735 10 storage/engine/rocksdb.go:120  	kZlibCompression supported: 0
I200313 14:40:47.529830 10 storage/engine/rocksdb.go:120  	kSnappyCompression supported: 1
I200313 14:40:47.529998 10 storage/engine/rocksdb.go:120  Fast CRC32 supported: Supported on x86
I200313 14:40:47.562038 10 storage/engine/rocksdb.go:120  [db/version_set.cc:4072] Recovering from manifest file: /cockroach/cockroach-data/MANIFEST-000010
I200313 14:40:47.568439 10 storage/engine/rocksdb.go:120  [db/column_family.cc:488] --------------- Options for column family [default]:
I200313 14:40:47.568540 10 storage/engine/rocksdb.go:120                Options.comparator: cockroach_comparator
I200313 14:40:47.568564 10 storage/engine/rocksdb.go:120            Options.merge_operator: cockroach_merge_operator
I200313 14:40:47.568584 10 storage/engine/rocksdb.go:120         Options.compaction_filter: None
I200313 14:40:47.568607 10 storage/engine/rocksdb.go:120         Options.compaction_filter_factory: None
I200313 14:40:47.568711 10 storage/engine/rocksdb.go:120          Options.memtable_factory: SkipListFactory
I200313 14:40:47.568733 10 storage/engine/rocksdb.go:120             Options.table_factory: BlockBasedTable
I200313 14:40:47.568873 10 storage/engine/rocksdb.go:120             table_factory options:   flush_block_policy_factory: FlushBlockBySizePolicyFactory (0x7fe12b41d028)
  cache_index_and_filter_blocks: 0
  cache_index_and_filter_blocks_with_high_priority: 0
  pin_l0_filter_and_index_blocks_in_cache: 0
  pin_top_level_index_and_filter: 1
  index_type: 0
  data_block_index_type: 0
  index_shortening: 1
  data_block_hash_table_util_ratio: 0.750000
  hash_index_allow_collision: 1
  checksum: 1
  no_block_cache: 0
  block_cache: 0x7fe12b40e010
  block_cache_name: LRUCache
  block_cache_options:
    capacity : 67108864
    num_shard_bits : 4
    strict_capacity_limit : 0
    memory_allocator : None
    high_pri_pool_ratio: 0.000
  block_cache_compressed: (nil)
  persistent_cache: (nil)
  block_size: 32768
  block_size_deviation: 10
  block_restart_interval: 16
  index_block_restart_interval: 1
  metadata_block_size: 4096
  partition_filters: 0
  use_delta_encoding: 1
  filter_policy: rocksdb.BuiltinBloomFilter
  whole_key_filtering: 0
  verify_compression: 0
  read_amp_bytes_per_bit: 0
  format_version: 2
  enable_index_compression: 1
  block_align: 0
I200313 14:40:47.568908 10 storage/engine/rocksdb.go:120         Options.write_buffer_size: 67108864
I200313 14:40:47.569004 10 storage/engine/rocksdb.go:120   Options.max_write_buffer_number: 4
I200313 14:40:47.569035 10 storage/engine/rocksdb.go:120           Options.compression: Snappy
I200313 14:40:47.569058 10 storage/engine/rocksdb.go:120                   Options.bottommost_compression: Disabled
I200313 14:40:47.569165 10 storage/engine/rocksdb.go:120        Options.prefix_extractor: cockroach_prefix_extractor
I200313 14:40:47.569188 10 storage/engine/rocksdb.go:120    Options.memtable_insert_with_hint_prefix_extractor: nullptr
I200313 14:40:47.569213 10 storage/engine/rocksdb.go:120              Options.num_levels: 7
I200313 14:40:47.569317 10 storage/engine/rocksdb.go:120         Options.min_write_buffer_number_to_merge: 1
I200313 14:40:47.569340 10 storage/engine/rocksdb.go:120      Options.max_write_buffer_number_to_maintain: 0
I200313 14:40:47.569385 10 storage/engine/rocksdb.go:120             Options.bottommost_compression_opts.window_bits: -14
I200313 14:40:47.569513 10 storage/engine/rocksdb.go:120                   Options.bottommost_compression_opts.level: 32767
I200313 14:40:47.569537 10 storage/engine/rocksdb.go:120                Options.bottommost_compression_opts.strategy: 0
I200313 14:40:47.569567 10 storage/engine/rocksdb.go:120          Options.bottommost_compression_opts.max_dict_bytes: 0
I200313 14:40:47.569667 10 storage/engine/rocksdb.go:120          Options.bottommost_compression_opts.zstd_max_train_bytes: 0
I200313 14:40:47.569697 10 storage/engine/rocksdb.go:120                   Options.bottommost_compression_opts.enabled: false
I200313 14:40:47.569721 10 storage/engine/rocksdb.go:120             Options.compression_opts.window_bits: -14
I200313 14:40:47.569803 10 storage/engine/rocksdb.go:120                   Options.compression_opts.level: 32767
I200313 14:40:47.569827 10 storage/engine/rocksdb.go:120                Options.compression_opts.strategy: 0
I200313 14:40:47.569850 10 storage/engine/rocksdb.go:120          Options.compression_opts.max_dict_bytes: 0
I200313 14:40:47.569878 10 storage/engine/rocksdb.go:120          Options.compression_opts.zstd_max_train_bytes: 0
I200313 14:40:47.569981 10 storage/engine/rocksdb.go:120                   Options.compression_opts.enabled: false
I200313 14:40:47.570006 10 storage/engine/rocksdb.go:120       Options.level0_file_num_compaction_trigger: 2
I200313 14:40:47.570029 10 storage/engine/rocksdb.go:120           Options.level0_slowdown_writes_trigger: 950
I200313 14:40:47.570127 10 storage/engine/rocksdb.go:120               Options.level0_stop_writes_trigger: 1000
I200313 14:40:47.570151 10 storage/engine/rocksdb.go:120                    Options.target_file_size_base: 4194304
I200313 14:40:47.570175 10 storage/engine/rocksdb.go:120              Options.target_file_size_multiplier: 2
I200313 14:40:47.570197 10 storage/engine/rocksdb.go:120                 Options.max_bytes_for_level_base: 67108864
I200313 14:40:47.570301 10 storage/engine/rocksdb.go:120  Options.level_compaction_dynamic_level_bytes: 1
I200313 14:40:47.570333 10 storage/engine/rocksdb.go:120           Options.max_bytes_for_level_multiplier: 10.000000
I200313 14:40:47.570356 10 storage/engine/rocksdb.go:120  Options.max_bytes_for_level_multiplier_addtl[0]: 1
I200313 14:40:47.570981 10 storage/engine/rocksdb.go:120  Options.max_bytes_for_level_multiplier_addtl[1]: 1
I200313 14:40:47.571007 10 storage/engine/rocksdb.go:120  Options.max_bytes_for_level_multiplier_addtl[2]: 1
I200313 14:40:47.571322 10 storage/engine/rocksdb.go:120  Options.max_bytes_for_level_multiplier_addtl[3]: 1
I200313 14:40:47.571349 10 storage/engine/rocksdb.go:120  Options.max_bytes_for_level_multiplier_addtl[4]: 1
I200313 14:40:47.571447 10 storage/engine/rocksdb.go:120  Options.max_bytes_for_level_multiplier_addtl[5]: 1
I200313 14:40:47.571471 10 storage/engine/rocksdb.go:120  Options.max_bytes_for_level_multiplier_addtl[6]: 1
I200313 14:40:47.571494 10 storage/engine/rocksdb.go:120        Options.max_sequential_skip_in_iterations: 8
I200313 14:40:47.571517 10 storage/engine/rocksdb.go:120                     Options.max_compaction_bytes: 104857600
I200313 14:40:47.571875 10 storage/engine/rocksdb.go:120                         Options.arena_block_size: 8388608
I200313 14:40:47.571899 10 storage/engine/rocksdb.go:120    Options.soft_pending_compaction_bytes_limit: 2199023255552
I200313 14:40:47.572090 10 storage/engine/rocksdb.go:120    Options.hard_pending_compaction_bytes_limit: 4400193994752
I200313 14:40:47.572334 10 storage/engine/rocksdb.go:120        Options.rate_limit_delay_max_milliseconds: 100
I200313 14:40:47.572727 10 storage/engine/rocksdb.go:120                 Options.disable_auto_compactions: 0
I200313 14:40:47.572755 10 storage/engine/rocksdb.go:120                         Options.compaction_style: kCompactionStyleLevel
I200313 14:40:47.572779 10 storage/engine/rocksdb.go:120                           Options.compaction_pri: kMinOverlappingRatio
I200313 14:40:47.572802 10 storage/engine/rocksdb.go:120  Options.compaction_options_universal.size_ratio: 1
I200313 14:40:47.572825 10 storage/engine/rocksdb.go:120  Options.compaction_options_universal.min_merge_width: 2
I200313 14:40:47.572848 10 storage/engine/rocksdb.go:120  Options.compaction_options_universal.max_merge_width: 4294967295
I200313 14:40:47.572870 10 storage/engine/rocksdb.go:120  Options.compaction_options_universal.max_size_amplification_percent: 200
I200313 14:40:47.572893 10 storage/engine/rocksdb.go:120  Options.compaction_options_universal.compression_size_percent: -1
I200313 14:40:47.572916 10 storage/engine/rocksdb.go:120  Options.compaction_options_universal.stop_style: kCompactionStopStyleTotalSize
I200313 14:40:47.572940 10 storage/engine/rocksdb.go:120  Options.compaction_options_fifo.max_table_files_size: 1073741824
I200313 14:40:47.572962 10 storage/engine/rocksdb.go:120  Options.compaction_options_fifo.allow_compaction: 0
I200313 14:40:47.572989 10 storage/engine/rocksdb.go:120                    Options.table_properties_collectors: TimeBoundTblPropCollectorFactory; DeleteRangeTblPropCollectorFactory; 
I200313 14:40:47.573013 10 storage/engine/rocksdb.go:120                    Options.inplace_update_support: 0
I200313 14:40:47.573035 10 storage/engine/rocksdb.go:120                  Options.inplace_update_num_locks: 10000
I200313 14:40:47.573070 10 storage/engine/rocksdb.go:120                Options.memtable_prefix_bloom_size_ratio: 0.000000
I200313 14:40:47.573093 10 storage/engine/rocksdb.go:120                Options.memtable_whole_key_filtering: 0
I200313 14:40:47.573172 10 storage/engine/rocksdb.go:120    Options.memtable_huge_page_size: 0
I200313 14:40:47.573217 10 storage/engine/rocksdb.go:120                            Options.bloom_locality: 0
I200313 14:40:47.573247 10 storage/engine/rocksdb.go:120                     Options.max_successive_merges: 0
I200313 14:40:47.573386 10 storage/engine/rocksdb.go:120                 Options.optimize_filters_for_hits: 1
I200313 14:40:47.573411 10 storage/engine/rocksdb.go:120                 Options.paranoid_file_checks: 0
I200313 14:40:47.573439 10 storage/engine/rocksdb.go:120                 Options.force_consistency_checks: 0
I200313 14:40:47.573467 10 storage/engine/rocksdb.go:120                 Options.report_bg_io_stats: 0
I200313 14:40:47.573597 10 storage/engine/rocksdb.go:120                                Options.ttl: 0
I200313 14:40:47.573620 10 storage/engine/rocksdb.go:120           Options.periodic_compaction_seconds: 0
I200313 14:40:47.613136 10 storage/engine/rocksdb.go:120  [db/version_set.cc:3086] More existing levels in DB than needed. max_bytes_for_level_multiplier may not be guaranteed.
I200313 14:40:47.613357 10 storage/engine/rocksdb.go:120  [db/version_set.cc:4286] Recovered from manifest file:/cockroach/cockroach-data/MANIFEST-000010 succeeded,manifest_file_number is 10, next_file_number is 224, last_sequence is 8855, log_number is 215,prev_log_number is 0,max_column_family is 0,min_log_number_to_keep is 0
I200313 14:40:47.613387 10 storage/engine/rocksdb.go:120  [db/version_set.cc:4295] Column family [default] (ID 0), log number is 215
I200313 14:40:47.674994 10 storage/engine/rocksdb.go:120  EVENT_LOG_v1 {"time_micros": 1584110447674872, "job": 1, "event": "recovery_started", "log_files": [203, 215]}
I200313 14:40:47.675107 10 storage/engine/rocksdb.go:120  [db/db_impl_open.cc:586] Skipping log #203 since it is older than min log to keep #215
I200313 14:40:47.675136 10 storage/engine/rocksdb.go:120  [db/db_impl_open.cc:598] Recovering log #215 mode 0
I200313 14:40:47.903262 10 storage/engine/rocksdb.go:120  EVENT_LOG_v1 {"time_micros": 1584110447903152, "cf_name": "default", "job": 1, "event": "table_file_creation", "file_number": 224, "file_size": 115637, "table_properties": {"data_size": 110439, "index_size": 780, "index_partitions": 0, "top_level_index_size": 0, "index_key_is_user_key": 0, "index_value_is_delta_encoded": 0, "filter_size": 3653, "raw_key_size": 155179, "raw_average_key_size": 54, "raw_value_size": 441112, "raw_average_value_size": 153, "num_data_blocks": 13, "num_entries": 2867, "num_deletions": 95, "num_merge_operands": 2656, "num_range_deletions": 2656, "format_version": 0, "fixed_key_len": 0, "filter_policy": "rocksdb.BuiltinBloomFilter", "column_family_name": "default", "column_family_id": 0, "comparator": "cockroach_comparator", "merge_operator": "cockroach_merge_operator", "prefix_extractor_name": "cockroach_prefix_extractor", "property_collectors": "[TimeBoundTblPropCollectorFactory,DeleteRangeTblPropCollectorFactory]", "compression": "Snappy", "compression_options": "window_bits=-14; level=32767; strategy=0; max_dict_bytes=0; zstd_max_train_bytes=0; enabled=0; ", "creation_time": 1584110447, "oldest_key_time": 3, "file_creation_time": 0}}
I200313 14:40:47.904057 10 storage/engine/rocksdb.go:120  [db/version_set.cc:3560] Creating manifest 225
I200313 14:40:47.907713 10 storage/engine/rocksdb.go:120  [db/version_set.cc:3086] More existing levels in DB than needed. max_bytes_for_level_multiplier may not be guaranteed.
I200313 14:40:47.914709 10 storage/engine/rocksdb.go:120  EVENT_LOG_v1 {"time_micros": 1584110447914636, "job": 1, "event": "recovery_finished"}
I200313 14:40:47.941874 17 storage/engine/rocksdb.go:120  [db/compaction_job.cc:1647] [default] [JOB 3] Compacting 1@0 + 1@6 files to L6, score 1.00
I200313 14:40:47.941926 17 storage/engine/rocksdb.go:120  [db/compaction_job.cc:1651] [default] Compaction start summary: Base version 2 Base level 0, inputs: [224(112KB)], [222(441KB)]
I200313 14:40:47.942018 17 storage/engine/rocksdb.go:120  EVENT_LOG_v1 {"time_micros": 1584110447941972, "job": 3, "event": "compaction_started", "compaction_reason": "LevelL0FilesNum", "files_L0": [224], "files_L6": [222], "score": 1, "input_data_size": 567668}
I200313 14:40:47.973044 10 storage/engine/rocksdb.go:120  DB pointer 0x7fe12b494000
I200313 14:40:48.068798 17 storage/engine/rocksdb.go:120  [db/compaction_job.cc:1334] [default] [JOB 3] Generated table #229: 5766 keys, 473148 bytes
I200313 14:40:48.068919 17 storage/engine/rocksdb.go:120  EVENT_LOG_v1 {"time_micros": 1584110448068838, "cf_name": "default", "job": 3, "event": "table_file_creation", "file_number": 229, "file_size": 473148, "table_properties": {"data_size": 469086, "index_size": 6930, "index_partitions": 0, "top_level_index_size": 0, "index_key_is_user_key": 0, "index_value_is_delta_encoded": 0, "filter_size": 0, "raw_key_size": 286745, "raw_average_key_size": 49, "raw_value_size": 3348632, "raw_average_value_size": 580, "num_data_blocks": 106, "num_entries": 5766, "num_deletions": 0, "num_merge_operands": 0, "num_range_deletions": 0, "format_version": 0, "fixed_key_len": 0, "filter_policy": "rocksdb.BuiltinBloomFilter", "column_family_name": "default", "column_family_id": 0, "comparator": "cockroach_comparator", "merge_operator": "cockroach_merge_operator", "prefix_extractor_name": "cockroach_prefix_extractor", "property_collectors": "[TimeBoundTblPropCollectorFactory,DeleteRangeTblPropCollectorFactory]", "compression": "Snappy", "compression_options": "window_bits=-14; level=32767; strategy=0; max_dict_bytes=0; zstd_max_train_bytes=0; enabled=0; ", "creation_time": 1584110447, "oldest_key_time": 0, "file_creation_time": 1584110447}}
I200313 14:40:48.073879 17 storage/engine/rocksdb.go:120  [db/compaction_job.cc:1397] [default] [JOB 3] Compacted 1@0 + 1@6 files to L6 => 473148 bytes
I200313 14:40:48.073966 17 storage/engine/rocksdb.go:120  [db/version_set.cc:3086] More existing levels in DB than needed. max_bytes_for_level_multiplier may not be guaranteed.
I200313 14:40:48.074809 17 storage/engine/rocksdb.go:120  (Original Log Time 2020/03/13-14:40:48.074614) [db/compaction_job.cc:770] [default] compacted to: base level 6 level multiplier 10.00 max bytes base 67108864 files[1 0 0 0 0 0 12] max score 0.50, MB/sec: 4.4 rd, 3.7 wr, level 6, files in(1, 1) out(1) MB in(0.1, 0.4) out(0.5), read-write-amplify(9.0) write-amplify(4.1) OK, records in: 8556, records dropped: 134 output_compression: Snappy
I200313 14:40:48.074849 17 storage/engine/rocksdb.go:120  (Original Log Time 2020/03/13-14:40:48.074660) EVENT_LOG_v1 {"time_micros": 1584110448074635, "job": 3, "event": "compaction_finished", "compaction_time_micros": 128407, "compaction_time_cpu_micros": 115582, "output_level": 6, "num_output_files": 1, "total_output_size": 473148, "num_input_records": 5900, "num_output_records": 5766, "num_subcompactions": 1, "output_compression": "Snappy", "num_single_delete_mismatches": 0, "num_single_delete_fallthrough": 0, "lsm_state": [1, 0, 0, 0, 0, 0, 12]}
I200313 14:40:48.078022 17 storage/engine/rocksdb.go:120  EVENT_LOG_v1 {"time_micros": 1584110448077964, "job": 3, "event": "table_file_deletion", "file_number": 224}
I200313 14:40:48.082401 17 storage/engine/rocksdb.go:120  EVENT_LOG_v1 {"time_micros": 1584110448082355, "job": 3, "event": "table_file_deletion", "file_number": 222}
I200313 14:44:53.739094 3605 storage/engine/rocksdb.go:120  bloom filter utility:    -nan%
I200313 14:44:53.739461 3605 storage/engine/rocksdb.go:120  [db/db_impl.cc:392] Shutdown: canceling all background work
I200313 14:44:53.742659 3605 storage/engine/rocksdb.go:120  [db/db_impl.cc:565] Shutdown complete
I200313 14:44:53.760431 3605 storage/engine/rocksdb.go:120  bloom filter utility:    100.0%
I200313 14:44:53.762098 3605 storage/engine/rocksdb.go:120  [db/db_impl.cc:392] Shutdown: canceling all background work
I200313 14:44:53.796611 3605 storage/engine/rocksdb.go:120  [db/db_impl.cc:565] Shutdown complete
