I200313 14:36:16.352741 1 util/log/clog.go:1196  [config] file created at: 2020/03/13 14:36:16
I200313 14:36:16.352741 1 util/log/clog.go:1196  [config] running on machine: f47a1c7300a3
I200313 14:36:16.352741 1 util/log/clog.go:1196  [config] binary: CockroachDB CCL v19.2.4 (x86_64-unknown-linux-gnu, built 2020/02/06 21:55:19, go1.12.12)
I200313 14:36:16.352741 1 util/log/clog.go:1196  [config] arguments: [/cockroach/cockroach start --insecure --join=node_1]
I200313 14:36:16.352741 1 util/log/clog.go:1196  line format: [IWEF]yymmdd hh:mm:ss.uuuuuu goid file:line msg utf8=✓
I200313 14:36:16.352728 1 cli/start.go:1144  logging to directory /cockroach/cockroach-data/logs
W200313 14:36:16.357045 1 cli/start.go:1182  RUNNING IN INSECURE MODE!

- Your cluster is open for any client that can access <all your IP addresses>.
- Any user, even root, can log in without providing a password.
- Any user, connecting as root, can read or write any data in your cluster.
- There is no network encryption nor authentication, and thus no confidentiality.

Check out how to secure your cluster: https://www.cockroachlabs.com/docs/v19.2/secure-a-cluster.html
I200313 14:36:16.359709 1 server/status/recorder.go:597  available memory from cgroups is unsupported, using system memory 2.0 GiB instead: failed to find cgroup memory limit
W200313 14:36:16.360110 1 cli/start.go:1052  Using the default setting for --cache (128 MiB).
  A significantly larger value is usually needed for good performance.
  If you have a dedicated server a reasonable setting is --cache=.25 (500 MiB).
I200313 14:36:16.360586 1 server/status/recorder.go:597  available memory from cgroups is unsupported, using system memory 2.0 GiB instead: failed to find cgroup memory limit
W200313 14:36:16.360642 1 cli/start.go:1065  Using the default setting for --max-sql-memory (128 MiB).
  A significantly larger value is usually needed in production.
  If you have a dedicated server a reasonable setting is --max-sql-memory=.25 (500 MiB).
I200313 14:36:16.361237 1 server/status/recorder.go:597  available memory from cgroups is unsupported, using system memory 2.0 GiB instead: failed to find cgroup memory limit
I200313 14:36:16.361322 1 cli/start.go:1196  CockroachDB CCL v19.2.4 (x86_64-unknown-linux-gnu, built 2020/02/06 21:55:19, go1.12.12)
I200313 14:36:16.488157 1 server/status/recorder.go:597  available memory from cgroups is unsupported, using system memory 2.0 GiB instead: failed to find cgroup memory limit
I200313 14:36:16.488234 1 server/config.go:394  system total memory: 2.0 GiB
I200313 14:36:16.488389 1 server/config.go:396  server configuration:
max offset             500000000
cache size             128 MiB
SQL memory pool size   128 MiB
scan interval          10m0s
scan min idle time     10ms
scan max idle time     1s
event log enabled      true
I200313 14:36:16.488454 1 cli/start.go:1030  using local environment variables: COCKROACH_CHANNEL=official-docker
I200313 14:36:16.488512 1 cli/start.go:1037  process identity: uid 0 euid 0 gid 0 egid 0
I200313 14:36:16.488661 1 cli/start.go:644  starting cockroach node
I200313 14:36:16.492683 14 storage/engine/rocksdb.go:622  opening rocksdb instance at "/cockroach/cockroach-data/cockroach-temp973513552"
I200313 14:36:16.597323 14 server/server.go:928  [n?] monitoring forward clock jumps based on server.clock.forward_jump_check_enabled
I200313 14:36:16.599493 14 storage/engine/rocksdb.go:622  opening rocksdb instance at "/cockroach/cockroach-data"
I200313 14:36:16.737824 14 server/config.go:502  [n?] 1 storage engine initialized
I200313 14:36:16.737963 14 server/config.go:505  [n?] RocksDB cache size: 128 MiB
I200313 14:36:16.737994 14 server/config.go:505  [n?] store 0: RocksDB, max size 0 B, max open file limit 1043576
W200313 14:36:16.747087 14 gossip/gossip.go:1517  [n?] no incoming or outgoing connections
I200313 14:36:16.748215 14 server/server.go:1386  [n?] no stores bootstrapped and --join flag specified, awaiting init command or join with an already initialized node.
I200313 14:36:17.208766 93 gossip/client.go:124  [n?] started gossip client to node_1:26257
I200313 14:36:17.231756 14 server/node.go:645  [n?] connecting to gossip network to verify cluster ID...
I200313 14:36:17.231987 14 server/node.go:665  [n?] node connected via gossip and verified as part of cluster "658b6d5e-e699-44c5-895d-ae8ec745f62b"
W200313 14:36:17.232007 101 cli/start.go:996  neither --listen-addr nor --advertise-addr was specified.
The server will advertise "f47a1c7300a3" to other nodes, is this routable?

Consider using:
- for local-only servers:  --listen-addr=localhost
- for multi-node clusters: --advertise-addr=<host/IP addr>
I200313 14:36:17.368981 14 server/node.go:381  [n?] new node allocated ID 3
I200313 14:36:17.369263 14 gossip/gossip.go:394  [n3] NodeDescriptor set to node_id:3 address:<network_field:"tcp" address_field:"f47a1c7300a3:26257" > attrs:<> locality:<> ServerVersion:<major_val:19 minor_val:2 patch:0 unstable:0 > build_tag:"v19.2.4" started_at:1584110177369045400 cluster_name:"" sql_address:<network_field:"tcp" address_field:"f47a1c7300a3:26257" > 
I200313 14:36:17.369409 14 storage/stores.go:240  [n3] read 0 node addresses from persistent storage
I200313 14:36:17.369531 14 storage/stores.go:259  [n3] wrote 1 node addresses to persistent storage
I200313 14:36:17.375957 66 storage/stores.go:259  [n3] wrote 2 node addresses to persistent storage
I200313 14:36:17.431662 14 server/node.go:620  [n3] bootstrapped store [n3,s3]
I200313 14:36:17.467694 14 server/node.go:512  [n3] node=3: started with [<no-attributes>=/cockroach/cockroach-data] engine(s) and attributes []
I200313 14:36:17.472001 14 server/server.go:1514  [n3] starting http server at [::]:8080 (use: f47a1c7300a3:8080)
I200313 14:36:17.472065 14 server/server.go:1521  [n3] starting grpc/postgres server at [::]:26257
I200313 14:36:17.472128 14 server/server.go:1522  [n3] advertising CockroachDB node at f47a1c7300a3:26257
I200313 14:36:17.556645 14 server/server.go:1590  [n3] done ensuring all necessary migrations have run
I200313 14:36:17.556737 14 server/server.go:1841  [n3] serving sql connections
I200313 14:36:17.556893 14 cli/start.go:803  [config] clusterID: 658b6d5e-e699-44c5-895d-ae8ec745f62b
I200313 14:36:17.556950 14 cli/start.go:812  node startup completed:
CockroachDB node starting at 2020-03-13 14:36:17.5567833 +0000 UTC (took 1.2s)
build:               CCL v19.2.4 @ 2020/02/06 21:55:19 (go1.12.12)
webui:               http://f47a1c7300a3:8080
sql:                 postgresql://root@f47a1c7300a3:26257?sslmode=disable
RPC client flags:    /cockroach/cockroach <client cmd> --host=f47a1c7300a3:26257 --insecure
logs:                /cockroach/cockroach-data/logs
temp dir:            /cockroach/cockroach-data/cockroach-temp973513552
external I/O path:   /cockroach/cockroach-data/extern
store[0]:            path=/cockroach/cockroach-data
status:              initialized new node, joined pre-existing cluster
clusterID:           658b6d5e-e699-44c5-895d-ae8ec745f62b
nodeID:              3
I200313 14:36:17.570140 145 storage/replica_raftstorage.go:794  [n3,s3,r3/2:{-}] applying LEARNER snapshot [id=bb3d0aeb index=1049]
I200313 14:36:17.588469 220 sql/event_log.go:130  [n3] Event: "node_join", target: 3, info: {Descriptor:{NodeID:3 Address:f47a1c7300a3:26257 Attrs: Locality: ServerVersion:19.2 BuildTag:v19.2.4 StartedAt:1584110177369045400 LocalityAddress:[] ClusterName: SQLAddress:f47a1c7300a3:26257} ClusterID:658b6d5e-e699-44c5-895d-ae8ec745f62b StartedAt:1584110177369045400 LastUp:1584110177369045400}
I200313 14:36:17.591545 218 server/server_update.go:50  [n3] failed attempt to upgrade cluster version, error: node 2 not running (DEAD), cannot determine version
I200313 14:36:17.649302 145 storage/replica_raftstorage.go:815  [n3,s3,r3/2:/System/{NodeLive…-tsd}] applied LEARNER snapshot [total=79ms ingestion=4@75ms id=bb3d0aeb index=1049]
I200313 14:36:17.889794 267 storage/replica_raftstorage.go:794  [n3,s3,r7/3:{-}] applying LEARNER snapshot [id=2c150c48 index=103]
I200313 14:36:17.900750 93 gossip/client.go:129  [n3] closing client to n1 (node_1:26257): stopping outgoing client to n1 (node_1:26257); already have incoming
I200313 14:36:17.901134 99 gossip/gossip.go:1531  [n3] node has connected to cluster via gossip
I200313 14:36:17.901400 99 storage/stores.go:259  [n3] wrote 2 node addresses to persistent storage
I200313 14:36:17.950061 267 storage/replica_raftstorage.go:815  [n3,s3,r7/3:/Table/1{1-2}] applied LEARNER snapshot [total=60ms ingestion=4@53ms id=2c150c48 index=103]
I200313 14:36:17.983905 295 storage/replica_raftstorage.go:794  [n3,s3,r8/2:{-}] applying LEARNER snapshot [id=2f722c86 index=137]
I200313 14:36:18.028505 295 storage/replica_raftstorage.go:815  [n3,s3,r8/2:/Table/1{2-3}] applied LEARNER snapshot [total=45ms ingestion=4@42ms id=2f722c86 index=137]
I200313 14:36:18.241732 66 storage/stores.go:259  [n3] wrote 3 node addresses to persistent storage
I200313 14:36:18.500433 340 storage/replica_raftstorage.go:794  [n3,s3,r4/2:{-}] applying LEARNER snapshot [id=d4744a5a index=1424]
I200313 14:36:18.589727 340 storage/replica_raftstorage.go:815  [n3,s3,r4/2:/System{/tsd-tse}] applied LEARNER snapshot [total=89ms ingestion=4@86ms id=d4744a5a index=1424]
I200313 14:36:18.697508 218 server/server_update.go:53  [n3] no need to upgrade, cluster already at the newest version
I200313 14:36:19.431834 404 storage/replica_raftstorage.go:794  [n3,s3,r17/2:{-}] applying LEARNER snapshot [id=3a16f1f3 index=50]
I200313 14:36:19.477335 404 storage/replica_raftstorage.go:815  [n3,s3,r17/2:/Table/2{1-2}] applied LEARNER snapshot [total=45ms ingestion=4@42ms id=3a16f1f3 index=50]
I200313 14:36:19.557729 407 storage/replica_raftstorage.go:794  [n3,s3,r9/4:{-}] applying LEARNER snapshot [id=717db3e8 index=99]
I200313 14:36:19.656986 407 storage/replica_raftstorage.go:815  [n3,s3,r9/4:/Table/1{3-4}] applied LEARNER snapshot [total=99ms ingestion=4@96ms id=717db3e8 index=99]
I200313 14:36:19.669913 456 storage/replica_command.go:1586  [n3,replicate,s3,r17/2:/Table/2{1-2}] change replicas (add [(n4,s4):4LEARNER] remove []): existing descriptor r17:/Table/2{1-2} [(n1,s1):1, (n3,s3):2, (n2,s2):3, next=4, gen=4]
I200313 14:36:19.751113 456 storage/replica_raft.go:291  [n3,s3,r17/2:/Table/2{1-2}] proposing ADD_REPLICA[(n4,s4):4LEARNER]: after=[(n1,s1):1 (n3,s3):2 (n2,s2):3 (n4,s4):4LEARNER] next=5
I200313 14:36:19.758026 456 storage/store_snapshot.go:978  [n3,replicate,s3,r17/2:/Table/2{1-2}] sending LEARNER snapshot f5b9ea80 at applied index 60
I200313 14:36:19.758291 456 storage/store_snapshot.go:1021  [n3,replicate,s3,r17/2:/Table/2{1-2}] streamed snapshot to (n4,s4):4LEARNER: kv pairs: 20, log entries: 0, rate-limit: 8.0 MiB/sec, 0.00s
I200313 14:36:19.765957 418 storage/raft_snapshot_queue.go:125  [n3,raftsnapshot,s3,r17/2:/Table/2{1-2}] skipping snapshot; replica is likely a learner in the process of being added: (n4,s4):4LEARNER
I200313 14:36:19.815761 456 storage/replica_command.go:1586  [n3,replicate,s3,r17/2:/Table/2{1-2}] change replicas (add [(n4,s4):4VOTER_INCOMING] remove [(n1,s1):1VOTER_OUTGOING]): existing descriptor r17:/Table/2{1-2} [(n1,s1):1, (n3,s3):2, (n2,s2):3, (n4,s4):4LEARNER, next=5, gen=5]
I200313 14:36:19.843183 456 storage/replica_raft.go:291  [n3,s3,r17/2:/Table/2{1-2}] proposing ENTER_JOINT ADD_REPLICA[(n4,s4):4VOTER_INCOMING], REMOVE_REPLICA[(n1,s1):1VOTER_OUTGOING]: after=[(n1,s1):1VOTER_OUTGOING (n3,s3):2 (n2,s2):3 (n4,s4):4VOTER_INCOMING] next=5
I200313 14:36:19.847833 456 storage/replica_command.go:1586  [n3,replicate,s3,r17/2:/Table/2{1-2}] change replicas (add [] remove []): existing descriptor r17:/Table/2{1-2} [(n1,s1):1VOTER_OUTGOING, (n3,s3):2, (n2,s2):3, (n4,s4):4VOTER_INCOMING, next=5, gen=6]
I200313 14:36:19.927376 456 storage/replica_raft.go:291  [n3,s3,r17/2:/Table/2{1-2}] proposing LEAVE_JOINT: after=[(n4,s4):4 (n3,s3):2 (n2,s2):3] next=5
I200313 14:36:22.484962 533 storage/replica_raftstorage.go:794  [n3,s3,r12/4:{-}] applying LEARNER snapshot [id=d6ffa3ba index=45]
I200313 14:36:22.562016 533 storage/replica_raftstorage.go:815  [n3,s3,r12/4:/Table/1{6-7}] applied LEARNER snapshot [total=77ms ingestion=4@73ms id=d6ffa3ba index=45]
I200313 14:36:23.284485 537 storage/replica_raftstorage.go:794  [n3,s3,r23/2:{-}] applying LEARNER snapshot [id=308b1598 index=46]
I200313 14:36:23.344090 537 storage/replica_raftstorage.go:815  [n3,s3,r23/2:/Table/2{7-8}] applied LEARNER snapshot [total=60ms ingestion=4@57ms id=308b1598 index=46]
I200313 14:36:25.381786 557 storage/replica_raftstorage.go:794  [n3,s3,r24/3:{-}] applying LEARNER snapshot [id=53951ed2 index=380]
I200313 14:36:25.416884 557 storage/replica_raftstorage.go:815  [n3,s3,r24/3:/{Table/28-Max}] applied LEARNER snapshot [total=35ms ingestion=4@33ms id=53951ed2 index=380]
I200313 14:36:26.382840 543 storage/replica_raftstorage.go:794  [n3,s3,r10/3:{-}] applying LEARNER snapshot [id=db17796a index=42]
I200313 14:36:26.437987 543 storage/replica_raftstorage.go:815  [n3,s3,r10/3:/Table/1{4-5}] applied LEARNER snapshot [total=55ms ingestion=4@52ms id=db17796a index=42]
I200313 14:36:26.492911 589 storage/replica_command.go:1586  [n3,replicate,s3,r4/2:/System{/tsd-tse}] change replicas (add [(n4,s4):4LEARNER] remove []): existing descriptor r4:/System{/tsd-tse} [(n1,s1):1, (n3,s3):2, (n2,s2):3, next=4, gen=4]
I200313 14:36:26.510869 589 storage/replica_raft.go:291  [n3,s3,r4/2:/System{/tsd-tse}] proposing ADD_REPLICA[(n4,s4):4LEARNER]: after=[(n1,s1):1 (n3,s3):2 (n2,s2):3 (n4,s4):4LEARNER] next=5
I200313 14:36:26.523963 589 storage/store_snapshot.go:978  [n3,replicate,s3,r4/2:/System{/tsd-tse}] sending LEARNER snapshot caccb949 at applied index 1438
I200313 14:36:26.526692 592 storage/raft_snapshot_queue.go:125  [n3,raftsnapshot,s3,r4/2:/System{/tsd-tse}] skipping snapshot; replica is likely a learner in the process of being added: (n4,s4):4LEARNER
I200313 14:36:26.880415 589 storage/store_snapshot.go:1021  [n3,replicate,s3,r4/2:/System{/tsd-tse}] streamed snapshot to (n4,s4):4LEARNER: kv pairs: 3996, log entries: 0, rate-limit: 8.0 MiB/sec, 0.36s
I200313 14:36:26.994802 589 storage/replica_command.go:1586  [n3,replicate,s3,r4/2:/System{/tsd-tse}] change replicas (add [(n4,s4):4VOTER_INCOMING] remove [(n1,s1):1VOTER_OUTGOING]): existing descriptor r4:/System{/tsd-tse} [(n1,s1):1, (n3,s3):2, (n2,s2):3, (n4,s4):4LEARNER, next=5, gen=5]
I200313 14:36:27.041505 589 storage/replica_raft.go:291  [n3,s3,r4/2:/System{/tsd-tse}] proposing ENTER_JOINT ADD_REPLICA[(n4,s4):4VOTER_INCOMING], REMOVE_REPLICA[(n1,s1):1VOTER_OUTGOING]: after=[(n1,s1):1VOTER_OUTGOING (n3,s3):2 (n2,s2):3 (n4,s4):4VOTER_INCOMING] next=5
I200313 14:36:27.048650 589 storage/replica_command.go:1586  [n3,replicate,s3,r4/2:/System{/tsd-tse}] change replicas (add [] remove []): existing descriptor r4:/System{/tsd-tse} [(n1,s1):1VOTER_OUTGOING, (n3,s3):2, (n2,s2):3, (n4,s4):4VOTER_INCOMING, next=5, gen=6]
I200313 14:36:27.061219 589 storage/replica_raft.go:291  [n3,s3,r4/2:/System{/tsd-tse}] proposing LEAVE_JOINT: after=[(n4,s4):4 (n3,s3):2 (n2,s2):3] next=5
I200313 14:36:27.478360 213 server/status/runtime.go:498  [n3] runtime stats: 184 MiB RSS, 244 goroutines, 105 MiB/16 MiB/135 MiB GO alloc/idle/total, 22 MiB/36 MiB CGO alloc/total, 0.0 CGO/sec, 0.0/0.0 %(u/s)time, 0.0 %gc (9x), 707 KiB/544 KiB (r/w)net
I200313 14:36:27.593042 623 storage/replica_raftstorage.go:794  [n3,s3,r6/3:{-}] applying LEARNER snapshot [id=d2d405fc index=93]
I200313 14:36:27.754581 623 storage/replica_raftstorage.go:815  [n3,s3,r6/3:/Table/{SystemCon…-11}] applied LEARNER snapshot [total=161ms ingestion=4@154ms id=d2d405fc index=93]
I200313 14:36:29.375943 628 storage/replica_raftstorage.go:794  [n3,s3,r1/3:{-}] applying LEARNER snapshot [id=199ed8c9 index=965]
I200313 14:36:29.440560 628 storage/replica_raftstorage.go:815  [n3,s3,r1/3:/{Min-System/NodeL…}] applied LEARNER snapshot [total=65ms ingestion=4@61ms id=199ed8c9 index=965]
I200313 14:36:30.464026 710 storage/replica_command.go:1586  [n3,replicate,s3,r24/3:/{Table/28-Max}] change replicas (add [(n4,s4):4LEARNER] remove []): existing descriptor r24:/{Table/28-Max} [(n1,s1):1, (n2,s2):2, (n3,s3):3, next=4, gen=4]
I200313 14:36:30.532557 710 storage/replica_raft.go:291  [n3,s3,r24/3:/{Table/28-Max}] proposing ADD_REPLICA[(n4,s4):4LEARNER]: after=[(n1,s1):1 (n2,s2):2 (n3,s3):3 (n4,s4):4LEARNER] next=5
I200313 14:36:30.539380 710 storage/store_snapshot.go:978  [n3,replicate,s3,r24/3:/{Table/28-Max}] sending LEARNER snapshot 51861b07 at applied index 389
I200313 14:36:30.540101 710 storage/store_snapshot.go:1021  [n3,replicate,s3,r24/3:/{Table/28-Max}] streamed snapshot to (n4,s4):4LEARNER: kv pairs: 107, log entries: 0, rate-limit: 8.0 MiB/sec, 0.00s
I200313 14:36:30.541226 705 storage/raft_snapshot_queue.go:125  [n3,raftsnapshot,s3,r24/3:/{Table/28-Max}] skipping snapshot; replica is likely a learner in the process of being added: (n4,s4):4LEARNER
I200313 14:36:30.608286 710 storage/replica_command.go:1586  [n3,replicate,s3,r24/3:/{Table/28-Max}] change replicas (add [(n4,s4):4VOTER_INCOMING] remove [(n1,s1):1VOTER_OUTGOING]): existing descriptor r24:/{Table/28-Max} [(n1,s1):1, (n2,s2):2, (n3,s3):3, (n4,s4):4LEARNER, next=5, gen=5]
I200313 14:36:30.638764 710 storage/replica_raft.go:291  [n3,s3,r24/3:/{Table/28-Max}] proposing ENTER_JOINT ADD_REPLICA[(n4,s4):4VOTER_INCOMING], REMOVE_REPLICA[(n1,s1):1VOTER_OUTGOING]: after=[(n1,s1):1VOTER_OUTGOING (n2,s2):2 (n3,s3):3 (n4,s4):4VOTER_INCOMING] next=5
I200313 14:36:30.644654 710 storage/replica_command.go:1586  [n3,replicate,s3,r24/3:/{Table/28-Max}] change replicas (add [] remove []): existing descriptor r24:/{Table/28-Max} [(n1,s1):1VOTER_OUTGOING, (n2,s2):2, (n3,s3):3, (n4,s4):4VOTER_INCOMING, next=5, gen=6]
I200313 14:36:30.728781 710 storage/replica_raft.go:291  [n3,s3,r24/3:/{Table/28-Max}] proposing LEAVE_JOINT: after=[(n4,s4):4 (n2,s2):2 (n3,s3):3] next=5
I200313 14:36:31.475582 740 storage/replica_raftstorage.go:794  [n3,s3,r11/3:{-}] applying LEARNER snapshot [id=515a1542 index=42]
I200313 14:36:31.566169 740 storage/replica_raftstorage.go:815  [n3,s3,r11/3:/Table/1{5-6}] applied LEARNER snapshot [total=91ms ingestion=4@76ms id=515a1542 index=42]
I200313 14:36:32.272068 760 storage/replica_raftstorage.go:794  [n3,s3,r15/2:{-}] applying LEARNER snapshot [id=3a1abfff index=35]
I200313 14:36:32.327579 760 storage/replica_raftstorage.go:815  [n3,s3,r15/2:/Table/{19-20}] applied LEARNER snapshot [total=55ms ingestion=4@51ms id=3a1abfff index=35]
I200313 14:36:33.400947 749 storage/replica_raftstorage.go:794  [n3,s3,r13/3:{-}] applying LEARNER snapshot [id=0d4ca682 index=45]
I200313 14:36:33.452446 749 storage/replica_raftstorage.go:815  [n3,s3,r13/3:/Table/1{7-8}] applied LEARNER snapshot [total=51ms ingestion=4@48ms id=0d4ca682 index=45]
I200313 14:36:34.398598 807 storage/replica_raftstorage.go:794  [n3,s3,r16/3:{-}] applying LEARNER snapshot [id=8496c5a1 index=42]
I200313 14:36:34.464827 807 storage/replica_raftstorage.go:815  [n3,s3,r16/3:/Table/2{0-1}] applied LEARNER snapshot [total=66ms ingestion=4@63ms id=8496c5a1 index=42]
I200313 14:36:36.382767 821 storage/replica_raftstorage.go:794  [n3,s3,r22/3:{-}] applying LEARNER snapshot [id=bc3e65f8 index=49]
I200313 14:36:36.431999 821 storage/replica_raftstorage.go:815  [n3,s3,r22/3:/Table/2{6-7}] applied LEARNER snapshot [total=49ms ingestion=4@45ms id=bc3e65f8 index=49]
I200313 14:36:37.439961 213 server/status/runtime.go:498  [n3] runtime stats: 197 MiB RSS, 241 goroutines, 124 MiB/60 MiB/201 MiB GO alloc/idle/total, 24 MiB/38 MiB CGO alloc/total, 300.4 CGO/sec, 7.5/9.3 %(u/s)time, 0.0 %gc (0x), 314 KiB/254 KiB (r/w)net
I200313 14:36:37.517695 128 storage/store.go:2364  [n3,s3] sstables (read amplification = 2):
0 [   3K  1 ]: 3K
6 [ 444K 10 ]: 436K 1K[9]
I200313 14:36:37.517949 128 storage/store.go:2365  [n3,s3] 
** Compaction Stats [default] **
Level    Files   Size     Score Read(GB)  Rn(GB) Rnp1(GB) Write(GB) Wnew(GB) Moved(GB) W-Amp Rd(MB/s) Wr(MB/s) Comp(sec) CompMergeCPU(sec) Comp(cnt) Avg(sec) KeyIn KeyDrop
----------------------------------------------------------------------------------------------------------------------------------------------------------------------------
  L0      1/0    3.13 KB   0.5      0.0     0.0      0.0       0.0      0.0       0.0   0.4      0.0      0.2      1.68              0.05        74    0.023       0      0
  L6     10/0   443.99 KB   0.0      0.0     0.0      0.0       0.0      0.0       0.0  15.0      7.3      7.2      1.34              0.54        37    0.036    114K   1096
 Sum     11/0   447.12 KB   0.0      0.0     0.0      0.0       0.0      0.0       0.0  14.6      3.3      3.3      3.02              0.59       111    0.027    114K   1096
 Int      0/0    0.00 KB   0.0      0.0     0.0      0.0       0.0      0.0       0.0  14.6      3.3      3.3      3.02              0.59       111    0.027    114K   1096

** Compaction Stats [default] **
Priority    Files   Size     Score Read(GB)  Rn(GB) Rnp1(GB) Write(GB) Wnew(GB) Moved(GB) W-Amp Rd(MB/s) Wr(MB/s) Comp(sec) CompMergeCPU(sec) Comp(cnt) Avg(sec) KeyIn KeyDrop
-------------------------------------------------------------------------------------------------------------------------------------------------------------------------------
 Low      0/0    0.00 KB   0.0      0.0     0.0      0.0       0.0      0.0       0.0   0.0      9.6      9.3      1.03              0.54        26    0.040    114K   1096
High      0/0    0.00 KB   0.0      0.0     0.0      0.0       0.0      0.0       0.0   0.0      0.0      2.3      0.13              0.05        17    0.007       0      0
User      0/0    0.00 KB   0.0      0.0     0.0      0.0       0.0      0.0       0.0   0.0      0.0      0.0      1.87              0.00        68    0.027       0      0
Uptime(secs): 20.8 total, 20.8 interval
Flush(GB): cumulative 0.000, interval 0.000
AddFile(GB): cumulative 0.000, interval 0.000
AddFile(Total Files): cumulative 68, interval 68
AddFile(L0 Files): cumulative 57, interval 57
AddFile(Keys): cumulative 4872, interval 4872
Cumulative compaction: 0.01 GB write, 0.47 MB/s write, 0.01 GB read, 0.47 MB/s read, 3.0 seconds
Interval compaction: 0.01 GB write, 0.47 MB/s write, 0.01 GB read, 0.47 MB/s read, 3.0 seconds
Stalls(count): 0 level0_slowdown, 0 level0_slowdown_with_compaction, 0 level0_numfiles, 0 level0_numfiles_with_compaction, 0 stop for pending_compaction_bytes, 0 slowdown for pending_compaction_bytes, 0 memtable_compaction, 0 memtable_slowdown, interval 0 total count
estimated_pending_compaction_bytes: 0 B
I200313 14:36:39.285616 874 storage/replica_raftstorage.go:794  [n3,s3,r21/2:{-}] applying LEARNER snapshot [id=ab84e095 index=42]
I200313 14:36:39.352061 874 storage/replica_raftstorage.go:815  [n3,s3,r21/2:/Table/2{5-6}] applied LEARNER snapshot [total=66ms ingestion=4@58ms id=ab84e095 index=42]
I200313 14:36:47.441171 213 server/status/runtime.go:498  [n3] runtime stats: 209 MiB RSS, 241 goroutines, 87 MiB/94 MiB/201 MiB GO alloc/idle/total, 24 MiB/39 MiB CGO alloc/total, 64.4 CGO/sec, 2.8/3.9 %(u/s)time, 0.0 %gc (1x), 138 KiB/149 KiB (r/w)net
I200313 14:36:57.442138 213 server/status/runtime.go:498  [n3] runtime stats: 210 MiB RSS, 242 goroutines, 100 MiB/83 MiB/201 MiB GO alloc/idle/total, 25 MiB/40 MiB CGO alloc/total, 32.4 CGO/sec, 2.0/2.0 %(u/s)time, 0.0 %gc (0x), 109 KiB/140 KiB (r/w)net
I200313 14:37:07.406671 213 server/status/runtime.go:498  [n3] runtime stats: 212 MiB RSS, 242 goroutines, 111 MiB/72 MiB/202 MiB GO alloc/idle/total, 25 MiB/40 MiB CGO alloc/total, 24.6 CGO/sec, 1.6/2.1 %(u/s)time, 0.0 %gc (0x), 94 KiB/132 KiB (r/w)net
