I200313 14:40:47.543228 12 util/log/clog.go:1196  [config] file created at: 2020/03/13 14:40:47
I200313 14:40:47.543228 12 util/log/clog.go:1196  [config] running on machine: f47a1c7300a3
I200313 14:40:47.543228 12 util/log/clog.go:1196  [config] binary: CockroachDB CCL v19.2.4 (x86_64-unknown-linux-gnu, built 2020/02/06 21:55:19, go1.12.12)
I200313 14:40:47.543228 12 util/log/clog.go:1196  [config] arguments: [/cockroach/cockroach start --insecure --join=node_1]
I200313 14:40:47.543228 12 util/log/clog.go:1196  line format: [IWEF]yymmdd hh:mm:ss.uuuuuu goid file:line msg utf8=✓
I200313 14:40:47.543194 12 storage/engine/rocksdb.go:120  RocksDB version: 6.2.1
I200313 14:40:47.568382 12 storage/engine/rocksdb.go:120  Git sha rocksdb_build_git_sha:@b7009236531fa784872f4823eabf393501e41bf2@
I200313 14:40:47.619318 12 storage/engine/rocksdb.go:120  Compile date Feb  6 2020
I200313 14:40:47.619371 12 storage/engine/rocksdb.go:120  DB SUMMARY
I200313 14:40:47.623471 12 storage/engine/rocksdb.go:120  SST files in /cockroach/cockroach-data/cockroach-temp101863424 dir, Total Num: 0, files: 
I200313 14:40:47.623505 12 storage/engine/rocksdb.go:120  Write Ahead Log file in /cockroach/cockroach-data/cockroach-temp101863424: 
I200313 14:40:47.623595 12 storage/engine/rocksdb.go:120                          Options.error_if_exists: 0
I200313 14:40:47.623620 12 storage/engine/rocksdb.go:120                        Options.create_if_missing: 1
I200313 14:40:47.623661 12 storage/engine/rocksdb.go:120                          Options.paranoid_checks: 1
I200313 14:40:47.623687 12 storage/engine/rocksdb.go:120                                      Options.env: 0x756aca0
I200313 14:40:47.623712 12 storage/engine/rocksdb.go:120                                 Options.info_log: 0x7f18bfa0d160
I200313 14:40:47.623746 12 storage/engine/rocksdb.go:120                 Options.max_file_opening_threads: 16
I200313 14:40:47.623770 12 storage/engine/rocksdb.go:120                               Options.statistics: 0x7f18bfa34010
I200313 14:40:47.623794 12 storage/engine/rocksdb.go:120                                Options.use_fsync: 0
I200313 14:40:47.623891 12 storage/engine/rocksdb.go:120                        Options.max_log_file_size: 0
I200313 14:40:47.623924 12 storage/engine/rocksdb.go:120                   Options.max_manifest_file_size: 134217728
I200313 14:40:47.623996 12 storage/engine/rocksdb.go:120                    Options.log_file_time_to_roll: 0
I200313 14:40:47.624025 12 storage/engine/rocksdb.go:120                        Options.keep_log_file_num: 1000
I200313 14:40:47.624050 12 storage/engine/rocksdb.go:120                     Options.recycle_log_file_num: 1
I200313 14:40:47.624075 12 storage/engine/rocksdb.go:120                          Options.allow_fallocate: 1
I200313 14:40:47.624099 12 storage/engine/rocksdb.go:120                         Options.allow_mmap_reads: 0
I200313 14:40:47.624122 12 storage/engine/rocksdb.go:120                        Options.allow_mmap_writes: 0
I200313 14:40:47.624227 12 storage/engine/rocksdb.go:120                         Options.use_direct_reads: 0
I200313 14:40:47.624254 12 storage/engine/rocksdb.go:120                         Options.use_direct_io_for_flush_and_compaction: 0
I200313 14:40:47.624275 12 storage/engine/rocksdb.go:120           Options.create_missing_column_families: 0
I200313 14:40:47.624298 12 storage/engine/rocksdb.go:120                               Options.db_log_dir: 
I200313 14:40:47.624329 12 storage/engine/rocksdb.go:120                                  Options.wal_dir: /cockroach/cockroach-data/cockroach-temp101863424
I200313 14:40:47.624347 12 storage/engine/rocksdb.go:120                 Options.table_cache_numshardbits: 6
I200313 14:40:47.624374 12 storage/engine/rocksdb.go:120                       Options.max_subcompactions: 1
I200313 14:40:47.624397 12 storage/engine/rocksdb.go:120                   Options.max_background_flushes: -1
I200313 14:40:47.624429 12 storage/engine/rocksdb.go:120                          Options.WAL_ttl_seconds: 0
I200313 14:40:47.624457 12 storage/engine/rocksdb.go:120                        Options.WAL_size_limit_MB: 0
I200313 14:40:47.624483 12 storage/engine/rocksdb.go:120              Options.manifest_preallocation_size: 4194304
I200313 14:40:47.624506 12 storage/engine/rocksdb.go:120                      Options.is_fd_close_on_exec: 1
I200313 14:40:47.624530 12 storage/engine/rocksdb.go:120                    Options.advise_random_on_open: 1
I200313 14:40:47.624554 12 storage/engine/rocksdb.go:120                     Options.db_write_buffer_size: 0
I200313 14:40:47.624578 12 storage/engine/rocksdb.go:120                     Options.write_buffer_manager: 0x7f18bfa1f060
I200313 14:40:47.624611 12 storage/engine/rocksdb.go:120          Options.access_hint_on_compaction_start: 1
I200313 14:40:47.624632 12 storage/engine/rocksdb.go:120   Options.new_table_reader_for_compaction_inputs: 0
I200313 14:40:47.624657 12 storage/engine/rocksdb.go:120            Options.random_access_max_buffer_size: 1048576
I200313 14:40:47.624686 12 storage/engine/rocksdb.go:120                       Options.use_adaptive_mutex: 0
I200313 14:40:47.624791 12 storage/engine/rocksdb.go:120                             Options.rate_limiter: (nil)
I200313 14:40:47.624821 12 storage/engine/rocksdb.go:120      Options.sst_file_manager.rate_bytes_per_sec: 0
I200313 14:40:47.624841 12 storage/engine/rocksdb.go:120                        Options.wal_recovery_mode: 0
I200313 14:40:47.624877 12 storage/engine/rocksdb.go:120                   Options.enable_thread_tracking: 0
I200313 14:40:47.624898 12 storage/engine/rocksdb.go:120                   Options.enable_pipelined_write: 0
I200313 14:40:47.625040 12 storage/engine/rocksdb.go:120          Options.allow_concurrent_memtable_write: 1
I200313 14:40:47.625068 12 storage/engine/rocksdb.go:120       Options.enable_write_thread_adaptive_yield: 1
I200313 14:40:47.625134 12 storage/engine/rocksdb.go:120              Options.write_thread_max_yield_usec: 100
I200313 14:40:47.625167 12 storage/engine/rocksdb.go:120             Options.write_thread_slow_yield_usec: 3
I200313 14:40:47.625233 12 storage/engine/rocksdb.go:120                                Options.row_cache: None
I200313 14:40:47.625335 12 storage/engine/rocksdb.go:120                               Options.wal_filter: None
I200313 14:40:47.625360 12 storage/engine/rocksdb.go:120              Options.avoid_flush_during_recovery: 0
I200313 14:40:47.625385 12 storage/engine/rocksdb.go:120              Options.allow_ingest_behind: 0
I200313 14:40:47.625429 12 storage/engine/rocksdb.go:120              Options.preserve_deletes: 0
I200313 14:40:47.625529 12 storage/engine/rocksdb.go:120              Options.two_write_queues: 0
I200313 14:40:47.625550 12 storage/engine/rocksdb.go:120              Options.manual_wal_flush: 1
I200313 14:40:47.625575 12 storage/engine/rocksdb.go:120              Options.atomic_flush: 0
I200313 14:40:47.625605 12 storage/engine/rocksdb.go:120              Options.avoid_unnecessary_blocking_io: 0
I200313 14:40:47.625651 12 storage/engine/rocksdb.go:120              Options.max_background_jobs: 4
I200313 14:40:47.625677 12 storage/engine/rocksdb.go:120              Options.max_background_compactions: -1
I200313 14:40:47.625701 12 storage/engine/rocksdb.go:120              Options.avoid_flush_during_shutdown: 0
I200313 14:40:47.625727 12 storage/engine/rocksdb.go:120            Options.writable_file_max_buffer_size: 1048576
I200313 14:40:47.625825 12 storage/engine/rocksdb.go:120              Options.delayed_write_rate : 16777216
I200313 14:40:47.625859 12 storage/engine/rocksdb.go:120              Options.max_total_wal_size: 0
I200313 14:40:47.625893 12 storage/engine/rocksdb.go:120              Options.delete_obsolete_files_period_micros: 21600000000
I200313 14:40:47.625912 12 storage/engine/rocksdb.go:120                    Options.stats_dump_period_sec: 0
I200313 14:40:47.625990 12 storage/engine/rocksdb.go:120                  Options.stats_persist_period_sec: 600
I200313 14:40:47.626021 12 storage/engine/rocksdb.go:120                  Options.stats_history_buffer_size: 1048576
I200313 14:40:47.626045 12 storage/engine/rocksdb.go:120                           Options.max_open_files: 128
I200313 14:40:47.626069 12 storage/engine/rocksdb.go:120                           Options.bytes_per_sync: 524288
I200313 14:40:47.626117 12 storage/engine/rocksdb.go:120                       Options.wal_bytes_per_sync: 0
I200313 14:40:47.626142 12 storage/engine/rocksdb.go:120                    Options.strict_bytes_per_sync: 1
I200313 14:40:47.626167 12 storage/engine/rocksdb.go:120        Options.compaction_readahead_size: 0
I200313 14:40:47.626197 12 storage/engine/rocksdb.go:120  Compression algorithms supported:
I200313 14:40:47.626323 12 storage/engine/rocksdb.go:120  	kZSTDNotFinalCompression supported: 0
I200313 14:40:47.626348 12 storage/engine/rocksdb.go:120  	kZSTD supported: 0
I200313 14:40:47.626374 12 storage/engine/rocksdb.go:120  	kXpressCompression supported: 0
I200313 14:40:47.626441 12 storage/engine/rocksdb.go:120  	kLZ4HCCompression supported: 0
I200313 14:40:47.626473 12 storage/engine/rocksdb.go:120  	kLZ4Compression supported: 0
I200313 14:40:47.626497 12 storage/engine/rocksdb.go:120  	kBZip2Compression supported: 0
I200313 14:40:47.626520 12 storage/engine/rocksdb.go:120  	kZlibCompression supported: 0
I200313 14:40:47.626544 12 storage/engine/rocksdb.go:120  	kSnappyCompression supported: 1
I200313 14:40:47.626580 12 storage/engine/rocksdb.go:120  Fast CRC32 supported: Supported on x86
I200313 14:40:47.671055 12 storage/engine/rocksdb.go:120  [db/db_impl_open.cc:242] Creating manifest 1 
I200313 14:40:47.706678 12 storage/engine/rocksdb.go:120  [db/version_set.cc:4072] Recovering from manifest file: /cockroach/cockroach-data/cockroach-temp101863424/MANIFEST-000001
I200313 14:40:47.708461 12 storage/engine/rocksdb.go:120  [db/column_family.cc:488] --------------- Options for column family [default]:
I200313 14:40:47.708489 12 storage/engine/rocksdb.go:120                Options.comparator: cockroach_comparator
I200313 14:40:47.708513 12 storage/engine/rocksdb.go:120            Options.merge_operator: cockroach_merge_operator
I200313 14:40:47.708536 12 storage/engine/rocksdb.go:120         Options.compaction_filter: None
I200313 14:40:47.708558 12 storage/engine/rocksdb.go:120         Options.compaction_filter_factory: None
I200313 14:40:47.708582 12 storage/engine/rocksdb.go:120          Options.memtable_factory: SkipListFactory
I200313 14:40:47.708604 12 storage/engine/rocksdb.go:120             Options.table_factory: BlockBasedTable
I200313 14:40:47.708654 12 storage/engine/rocksdb.go:120             table_factory options:   flush_block_policy_factory: FlushBlockBySizePolicyFactory (0x7f18bfa2d030)
  cache_index_and_filter_blocks: 0
  cache_index_and_filter_blocks_with_high_priority: 0
  pin_l0_filter_and_index_blocks_in_cache: 0
  pin_top_level_index_and_filter: 1
  index_type: 0
  data_block_index_type: 0
  index_shortening: 1
  data_block_hash_table_util_ratio: 0.750000
  hash_index_allow_collision: 1
  checksum: 1
  no_block_cache: 0
  block_cache: 0x7f18bfa22010
  block_cache_name: LRUCache
  block_cache_options:
    capacity : 1048576
    num_shard_bits : 4
    strict_capacity_limit : 0
    memory_allocator : None
    high_pri_pool_ratio: 0.000
  block_cache_compressed: (nil)
  persistent_cache: (nil)
  block_size: 32768
  block_size_deviation: 10
  block_restart_interval: 16
  index_block_restart_interval: 1
  metadata_block_size: 4096
  partition_filters: 0
  use_delta_encoding: 1
  filter_policy: rocksdb.BuiltinBloomFilter
  whole_key_filtering: 0
  verify_compression: 0
  read_amp_bytes_per_bit: 0
  format_version: 2
  enable_index_compression: 1
  block_align: 0
I200313 14:40:47.708681 12 storage/engine/rocksdb.go:120         Options.write_buffer_size: 67108864
I200313 14:40:47.708707 12 storage/engine/rocksdb.go:120   Options.max_write_buffer_number: 4
I200313 14:40:47.708731 12 storage/engine/rocksdb.go:120           Options.compression: Snappy
I200313 14:40:47.708754 12 storage/engine/rocksdb.go:120                   Options.bottommost_compression: Disabled
I200313 14:40:47.708777 12 storage/engine/rocksdb.go:120        Options.prefix_extractor: cockroach_prefix_extractor
I200313 14:40:47.708799 12 storage/engine/rocksdb.go:120    Options.memtable_insert_with_hint_prefix_extractor: nullptr
I200313 14:40:47.708820 12 storage/engine/rocksdb.go:120              Options.num_levels: 7
I200313 14:40:47.708843 12 storage/engine/rocksdb.go:120         Options.min_write_buffer_number_to_merge: 1
I200313 14:40:47.708865 12 storage/engine/rocksdb.go:120      Options.max_write_buffer_number_to_maintain: 0
I200313 14:40:47.708887 12 storage/engine/rocksdb.go:120             Options.bottommost_compression_opts.window_bits: -14
I200313 14:40:47.708914 12 storage/engine/rocksdb.go:120                   Options.bottommost_compression_opts.level: 32767
I200313 14:40:47.708937 12 storage/engine/rocksdb.go:120                Options.bottommost_compression_opts.strategy: 0
I200313 14:40:47.708962 12 storage/engine/rocksdb.go:120          Options.bottommost_compression_opts.max_dict_bytes: 0
I200313 14:40:47.708985 12 storage/engine/rocksdb.go:120          Options.bottommost_compression_opts.zstd_max_train_bytes: 0
I200313 14:40:47.709006 12 storage/engine/rocksdb.go:120                   Options.bottommost_compression_opts.enabled: false
I200313 14:40:47.709024 12 storage/engine/rocksdb.go:120             Options.compression_opts.window_bits: -14
I200313 14:40:47.709047 12 storage/engine/rocksdb.go:120                   Options.compression_opts.level: 32767
I200313 14:40:47.709071 12 storage/engine/rocksdb.go:120                Options.compression_opts.strategy: 0
I200313 14:40:47.709093 12 storage/engine/rocksdb.go:120          Options.compression_opts.max_dict_bytes: 0
I200313 14:40:47.709116 12 storage/engine/rocksdb.go:120          Options.compression_opts.zstd_max_train_bytes: 0
I200313 14:40:47.709138 12 storage/engine/rocksdb.go:120                   Options.compression_opts.enabled: false
I200313 14:40:47.709161 12 storage/engine/rocksdb.go:120       Options.level0_file_num_compaction_trigger: 2
I200313 14:40:47.709184 12 storage/engine/rocksdb.go:120           Options.level0_slowdown_writes_trigger: 950
I200313 14:40:47.709206 12 storage/engine/rocksdb.go:120               Options.level0_stop_writes_trigger: 1000
I200313 14:40:47.709229 12 storage/engine/rocksdb.go:120                    Options.target_file_size_base: 4194304
I200313 14:40:47.709252 12 storage/engine/rocksdb.go:120              Options.target_file_size_multiplier: 2
I200313 14:40:47.709275 12 storage/engine/rocksdb.go:120                 Options.max_bytes_for_level_base: 67108864
I200313 14:40:47.709297 12 storage/engine/rocksdb.go:120  Options.level_compaction_dynamic_level_bytes: 1
I200313 14:40:47.709322 12 storage/engine/rocksdb.go:120           Options.max_bytes_for_level_multiplier: 10.000000
I200313 14:40:47.709345 12 storage/engine/rocksdb.go:120  Options.max_bytes_for_level_multiplier_addtl[0]: 1
I200313 14:40:47.709368 12 storage/engine/rocksdb.go:120  Options.max_bytes_for_level_multiplier_addtl[1]: 1
I200313 14:40:47.709391 12 storage/engine/rocksdb.go:120  Options.max_bytes_for_level_multiplier_addtl[2]: 1
I200313 14:40:47.709414 12 storage/engine/rocksdb.go:120  Options.max_bytes_for_level_multiplier_addtl[3]: 1
I200313 14:40:47.709437 12 storage/engine/rocksdb.go:120  Options.max_bytes_for_level_multiplier_addtl[4]: 1
I200313 14:40:47.709460 12 storage/engine/rocksdb.go:120  Options.max_bytes_for_level_multiplier_addtl[5]: 1
I200313 14:40:47.709483 12 storage/engine/rocksdb.go:120  Options.max_bytes_for_level_multiplier_addtl[6]: 1
I200313 14:40:47.709502 12 storage/engine/rocksdb.go:120        Options.max_sequential_skip_in_iterations: 8
I200313 14:40:47.709525 12 storage/engine/rocksdb.go:120                     Options.max_compaction_bytes: 104857600
I200313 14:40:47.709546 12 storage/engine/rocksdb.go:120                         Options.arena_block_size: 8388608
I200313 14:40:47.709563 12 storage/engine/rocksdb.go:120    Options.soft_pending_compaction_bytes_limit: 2199023255552
I200313 14:40:47.709586 12 storage/engine/rocksdb.go:120    Options.hard_pending_compaction_bytes_limit: 4400193994752
I200313 14:40:47.709609 12 storage/engine/rocksdb.go:120        Options.rate_limit_delay_max_milliseconds: 100
I200313 14:40:47.709631 12 storage/engine/rocksdb.go:120                 Options.disable_auto_compactions: 0
I200313 14:40:47.709657 12 storage/engine/rocksdb.go:120                         Options.compaction_style: kCompactionStyleLevel
I200313 14:40:47.709680 12 storage/engine/rocksdb.go:120                           Options.compaction_pri: kMinOverlappingRatio
I200313 14:40:47.709707 12 storage/engine/rocksdb.go:120  Options.compaction_options_universal.size_ratio: 1
I200313 14:40:47.709729 12 storage/engine/rocksdb.go:120  Options.compaction_options_universal.min_merge_width: 2
I200313 14:40:47.709752 12 storage/engine/rocksdb.go:120  Options.compaction_options_universal.max_merge_width: 4294967295
I200313 14:40:47.709775 12 storage/engine/rocksdb.go:120  Options.compaction_options_universal.max_size_amplification_percent: 200
I200313 14:40:47.709798 12 storage/engine/rocksdb.go:120  Options.compaction_options_universal.compression_size_percent: -1
I200313 14:40:47.709822 12 storage/engine/rocksdb.go:120  Options.compaction_options_universal.stop_style: kCompactionStopStyleTotalSize
I200313 14:40:47.709844 12 storage/engine/rocksdb.go:120  Options.compaction_options_fifo.max_table_files_size: 1073741824
I200313 14:40:47.709867 12 storage/engine/rocksdb.go:120  Options.compaction_options_fifo.allow_compaction: 0
I200313 14:40:47.709894 12 storage/engine/rocksdb.go:120                    Options.table_properties_collectors: TimeBoundTblPropCollectorFactory; DeleteRangeTblPropCollectorFactory; 
I200313 14:40:47.709919 12 storage/engine/rocksdb.go:120                    Options.inplace_update_support: 0
I200313 14:40:47.709942 12 storage/engine/rocksdb.go:120                  Options.inplace_update_num_locks: 10000
I200313 14:40:47.709966 12 storage/engine/rocksdb.go:120                Options.memtable_prefix_bloom_size_ratio: 0.000000
I200313 14:40:47.709989 12 storage/engine/rocksdb.go:120                Options.memtable_whole_key_filtering: 0
I200313 14:40:47.710011 12 storage/engine/rocksdb.go:120    Options.memtable_huge_page_size: 0
I200313 14:40:47.710027 12 storage/engine/rocksdb.go:120                            Options.bloom_locality: 0
I200313 14:40:47.710048 12 storage/engine/rocksdb.go:120                     Options.max_successive_merges: 0
I200313 14:40:47.710072 12 storage/engine/rocksdb.go:120                 Options.optimize_filters_for_hits: 1
I200313 14:40:47.710095 12 storage/engine/rocksdb.go:120                 Options.paranoid_file_checks: 0
I200313 14:40:47.710117 12 storage/engine/rocksdb.go:120                 Options.force_consistency_checks: 0
I200313 14:40:47.710140 12 storage/engine/rocksdb.go:120                 Options.report_bg_io_stats: 0
I200313 14:40:47.710162 12 storage/engine/rocksdb.go:120                                Options.ttl: 0
I200313 14:40:47.710185 12 storage/engine/rocksdb.go:120           Options.periodic_compaction_seconds: 0
I200313 14:40:47.734212 12 storage/engine/rocksdb.go:120  [db/version_set.cc:4286] Recovered from manifest file:/cockroach/cockroach-data/cockroach-temp101863424/MANIFEST-000001 succeeded,manifest_file_number is 1, next_file_number is 3, last_sequence is 0, log_number is 0,prev_log_number is 0,max_column_family is 0,min_log_number_to_keep is 0
I200313 14:40:47.734246 12 storage/engine/rocksdb.go:120  [db/version_set.cc:4295] Column family [default] (ID 0), log number is 0
I200313 14:40:47.873999 12 storage/engine/rocksdb.go:120  DB pointer 0x7f18bfaa1000
I200313 14:40:47.929519 12 storage/engine/rocksdb.go:120  RocksDB version: 6.2.1
I200313 14:40:47.929557 12 storage/engine/rocksdb.go:120  Git sha rocksdb_build_git_sha:@b7009236531fa784872f4823eabf393501e41bf2@
I200313 14:40:47.929785 12 storage/engine/rocksdb.go:120  Compile date Feb  6 2020
I200313 14:40:47.929866 12 storage/engine/rocksdb.go:120  DB SUMMARY
I200313 14:40:47.935369 12 storage/engine/rocksdb.go:120  CURRENT file:  CURRENT
I200313 14:40:47.935412 12 storage/engine/rocksdb.go:120  IDENTITY file:  IDENTITY
I200313 14:40:47.937336 12 storage/engine/rocksdb.go:120  MANIFEST file:  MANIFEST-000010 size: 8246 Bytes
I200313 14:40:47.937373 12 storage/engine/rocksdb.go:120  SST files in /cockroach/cockroach-data dir, Total Num: 12, files: 000060.sst 000082.sst 000093.sst 000104.sst 000116.sst 000152.sst 000164.sst 000176.sst 000188.sst 
I200313 14:40:47.937471 12 storage/engine/rocksdb.go:120  Write Ahead Log file in /cockroach/cockroach-data: 000195.log size: 881412 ; 000207.log size: 2578734 ; 
I200313 14:40:47.937538 12 storage/engine/rocksdb.go:120                          Options.error_if_exists: 0
I200313 14:40:47.937639 12 storage/engine/rocksdb.go:120                        Options.create_if_missing: 1
I200313 14:40:47.937891 12 storage/engine/rocksdb.go:120                          Options.paranoid_checks: 1
I200313 14:40:47.937958 12 storage/engine/rocksdb.go:120                                      Options.env: 0x756aca0
I200313 14:40:47.937988 12 storage/engine/rocksdb.go:120                                 Options.info_log: 0x7f18b8819080
I200313 14:40:47.938085 12 storage/engine/rocksdb.go:120                 Options.max_file_opening_threads: 16
I200313 14:40:47.938175 12 storage/engine/rocksdb.go:120                               Options.statistics: 0x7f18b881f010
I200313 14:40:47.938373 12 storage/engine/rocksdb.go:120                                Options.use_fsync: 0
I200313 14:40:47.938402 12 storage/engine/rocksdb.go:120                        Options.max_log_file_size: 0
I200313 14:40:47.938571 12 storage/engine/rocksdb.go:120                   Options.max_manifest_file_size: 134217728
I200313 14:40:47.938686 12 storage/engine/rocksdb.go:120                    Options.log_file_time_to_roll: 0
I200313 14:40:47.938881 12 storage/engine/rocksdb.go:120                        Options.keep_log_file_num: 1000
I200313 14:40:47.938911 12 storage/engine/rocksdb.go:120                     Options.recycle_log_file_num: 1
I200313 14:40:47.939066 12 storage/engine/rocksdb.go:120                          Options.allow_fallocate: 1
I200313 14:40:47.939164 12 storage/engine/rocksdb.go:120                         Options.allow_mmap_reads: 0
I200313 14:40:47.939188 12 storage/engine/rocksdb.go:120                        Options.allow_mmap_writes: 0
I200313 14:40:47.939352 12 storage/engine/rocksdb.go:120                         Options.use_direct_reads: 0
I200313 14:40:47.939486 12 storage/engine/rocksdb.go:120                         Options.use_direct_io_for_flush_and_compaction: 0
I200313 14:40:47.939601 12 storage/engine/rocksdb.go:120           Options.create_missing_column_families: 0
I200313 14:40:47.939989 12 storage/engine/rocksdb.go:120                               Options.db_log_dir: 
I200313 14:40:47.940197 12 storage/engine/rocksdb.go:120                                  Options.wal_dir: /cockroach/cockroach-data
I200313 14:40:47.940362 12 storage/engine/rocksdb.go:120                 Options.table_cache_numshardbits: 6
I200313 14:40:47.940399 12 storage/engine/rocksdb.go:120                       Options.max_subcompactions: 1
I200313 14:40:47.940419 12 storage/engine/rocksdb.go:120                   Options.max_background_flushes: -1
I200313 14:40:47.940649 12 storage/engine/rocksdb.go:120                          Options.WAL_ttl_seconds: 0
I200313 14:40:47.940708 12 storage/engine/rocksdb.go:120                        Options.WAL_size_limit_MB: 0
I200313 14:40:47.940970 12 storage/engine/rocksdb.go:120              Options.manifest_preallocation_size: 4194304
I200313 14:40:47.941093 12 storage/engine/rocksdb.go:120                      Options.is_fd_close_on_exec: 1
I200313 14:40:47.941254 12 storage/engine/rocksdb.go:120                    Options.advise_random_on_open: 1
I200313 14:40:47.941352 12 storage/engine/rocksdb.go:120                     Options.db_write_buffer_size: 0
I200313 14:40:47.941760 12 storage/engine/rocksdb.go:120                     Options.write_buffer_manager: 0x7f18b8887030
I200313 14:40:47.942258 12 storage/engine/rocksdb.go:120          Options.access_hint_on_compaction_start: 1
I200313 14:40:47.942618 12 storage/engine/rocksdb.go:120   Options.new_table_reader_for_compaction_inputs: 0
I200313 14:40:47.942638 12 storage/engine/rocksdb.go:120            Options.random_access_max_buffer_size: 1048576
I200313 14:40:47.942819 12 storage/engine/rocksdb.go:120                       Options.use_adaptive_mutex: 0
I200313 14:40:47.943179 12 storage/engine/rocksdb.go:120                             Options.rate_limiter: (nil)
I200313 14:40:47.943212 12 storage/engine/rocksdb.go:120      Options.sst_file_manager.rate_bytes_per_sec: 0
I200313 14:40:47.943236 12 storage/engine/rocksdb.go:120                        Options.wal_recovery_mode: 0
I200313 14:40:47.944124 12 storage/engine/rocksdb.go:120                   Options.enable_thread_tracking: 0
I200313 14:40:47.944254 12 storage/engine/rocksdb.go:120                   Options.enable_pipelined_write: 0
I200313 14:40:47.944292 12 storage/engine/rocksdb.go:120          Options.allow_concurrent_memtable_write: 1
I200313 14:40:47.944317 12 storage/engine/rocksdb.go:120       Options.enable_write_thread_adaptive_yield: 1
I200313 14:40:47.944343 12 storage/engine/rocksdb.go:120              Options.write_thread_max_yield_usec: 100
I200313 14:40:47.944367 12 storage/engine/rocksdb.go:120             Options.write_thread_slow_yield_usec: 3
I200313 14:40:47.944391 12 storage/engine/rocksdb.go:120                                Options.row_cache: None
I200313 14:40:47.944415 12 storage/engine/rocksdb.go:120                               Options.wal_filter: None
I200313 14:40:47.944442 12 storage/engine/rocksdb.go:120              Options.avoid_flush_during_recovery: 0
I200313 14:40:47.944472 12 storage/engine/rocksdb.go:120              Options.allow_ingest_behind: 0
I200313 14:40:47.944496 12 storage/engine/rocksdb.go:120              Options.preserve_deletes: 0
I200313 14:40:47.944521 12 storage/engine/rocksdb.go:120              Options.two_write_queues: 0
I200313 14:40:47.944575 12 storage/engine/rocksdb.go:120              Options.manual_wal_flush: 1
I200313 14:40:47.944602 12 storage/engine/rocksdb.go:120              Options.atomic_flush: 0
I200313 14:40:47.944632 12 storage/engine/rocksdb.go:120              Options.avoid_unnecessary_blocking_io: 0
I200313 14:40:47.944657 12 storage/engine/rocksdb.go:120              Options.max_background_jobs: 4
I200313 14:40:47.944683 12 storage/engine/rocksdb.go:120              Options.max_background_compactions: -1
I200313 14:40:47.944704 12 storage/engine/rocksdb.go:120              Options.avoid_flush_during_shutdown: 0
I200313 14:40:47.944730 12 storage/engine/rocksdb.go:120            Options.writable_file_max_buffer_size: 1048576
I200313 14:40:47.944758 12 storage/engine/rocksdb.go:120              Options.delayed_write_rate : 16777216
I200313 14:40:47.944785 12 storage/engine/rocksdb.go:120              Options.max_total_wal_size: 0
I200313 14:40:47.944810 12 storage/engine/rocksdb.go:120              Options.delete_obsolete_files_period_micros: 21600000000
I200313 14:40:47.944842 12 storage/engine/rocksdb.go:120                    Options.stats_dump_period_sec: 0
I200313 14:40:47.944884 12 storage/engine/rocksdb.go:120                  Options.stats_persist_period_sec: 600
I200313 14:40:47.944938 12 storage/engine/rocksdb.go:120                  Options.stats_history_buffer_size: 1048576
I200313 14:40:47.944969 12 storage/engine/rocksdb.go:120                           Options.max_open_files: 1043576
I200313 14:40:47.944994 12 storage/engine/rocksdb.go:120                           Options.bytes_per_sync: 524288
I200313 14:40:47.945052 12 storage/engine/rocksdb.go:120                       Options.wal_bytes_per_sync: 0
I200313 14:40:47.945088 12 storage/engine/rocksdb.go:120                    Options.strict_bytes_per_sync: 1
I200313 14:40:47.945227 12 storage/engine/rocksdb.go:120        Options.compaction_readahead_size: 0
I200313 14:40:47.945318 12 storage/engine/rocksdb.go:120  Compression algorithms supported:
I200313 14:40:47.945392 12 storage/engine/rocksdb.go:120  	kZSTDNotFinalCompression supported: 0
I200313 14:40:47.945426 12 storage/engine/rocksdb.go:120  	kZSTD supported: 0
I200313 14:40:47.945464 12 storage/engine/rocksdb.go:120  	kXpressCompression supported: 0
I200313 14:40:47.945494 12 storage/engine/rocksdb.go:120  	kLZ4HCCompression supported: 0
I200313 14:40:47.945531 12 storage/engine/rocksdb.go:120  	kLZ4Compression supported: 0
I200313 14:40:47.945562 12 storage/engine/rocksdb.go:120  	kBZip2Compression supported: 0
I200313 14:40:47.945590 12 storage/engine/rocksdb.go:120  	kZlibCompression supported: 0
I200313 14:40:47.945686 12 storage/engine/rocksdb.go:120  	kSnappyCompression supported: 1
I200313 14:40:47.945767 12 storage/engine/rocksdb.go:120  Fast CRC32 supported: Supported on x86
I200313 14:40:47.959047 12 storage/engine/rocksdb.go:120  [db/version_set.cc:4072] Recovering from manifest file: /cockroach/cockroach-data/MANIFEST-000010
I200313 14:40:47.962274 12 storage/engine/rocksdb.go:120  [db/column_family.cc:488] --------------- Options for column family [default]:
I200313 14:40:47.962306 12 storage/engine/rocksdb.go:120                Options.comparator: cockroach_comparator
I200313 14:40:47.962332 12 storage/engine/rocksdb.go:120            Options.merge_operator: cockroach_merge_operator
I200313 14:40:47.962355 12 storage/engine/rocksdb.go:120         Options.compaction_filter: None
I200313 14:40:47.962380 12 storage/engine/rocksdb.go:120         Options.compaction_filter_factory: None
I200313 14:40:47.962476 12 storage/engine/rocksdb.go:120          Options.memtable_factory: SkipListFactory
I200313 14:40:47.962497 12 storage/engine/rocksdb.go:120             Options.table_factory: BlockBasedTable
I200313 14:40:47.962686 12 storage/engine/rocksdb.go:120             table_factory options:   flush_block_policy_factory: FlushBlockBySizePolicyFactory (0x7f18b881d028)
  cache_index_and_filter_blocks: 0
  cache_index_and_filter_blocks_with_high_priority: 0
  pin_l0_filter_and_index_blocks_in_cache: 0
  pin_top_level_index_and_filter: 1
  index_type: 0
  data_block_index_type: 0
  index_shortening: 1
  data_block_hash_table_util_ratio: 0.750000
  hash_index_allow_collision: 1
  checksum: 1
  no_block_cache: 0
  block_cache: 0x7f18b880e010
  block_cache_name: LRUCache
  block_cache_options:
    capacity : 67108864
    num_shard_bits : 4
    strict_capacity_limit : 0
    memory_allocator : None
    high_pri_pool_ratio: 0.000
  block_cache_compressed: (nil)
  persistent_cache: (nil)
  block_size: 32768
  block_size_deviation: 10
  block_restart_interval: 16
  index_block_restart_interval: 1
  metadata_block_size: 4096
  partition_filters: 0
  use_delta_encoding: 1
  filter_policy: rocksdb.BuiltinBloomFilter
  whole_key_filtering: 0
  verify_compression: 0
  read_amp_bytes_per_bit: 0
  format_version: 2
  enable_index_compression: 1
  block_align: 0
I200313 14:40:47.962752 12 storage/engine/rocksdb.go:120         Options.write_buffer_size: 67108864
I200313 14:40:47.962792 12 storage/engine/rocksdb.go:120   Options.max_write_buffer_number: 4
I200313 14:40:47.962827 12 storage/engine/rocksdb.go:120           Options.compression: Snappy
I200313 14:40:47.962867 12 storage/engine/rocksdb.go:120                   Options.bottommost_compression: Disabled
I200313 14:40:47.962901 12 storage/engine/rocksdb.go:120        Options.prefix_extractor: cockroach_prefix_extractor
I200313 14:40:47.962935 12 storage/engine/rocksdb.go:120    Options.memtable_insert_with_hint_prefix_extractor: nullptr
I200313 14:40:47.962972 12 storage/engine/rocksdb.go:120              Options.num_levels: 7
I200313 14:40:47.963005 12 storage/engine/rocksdb.go:120         Options.min_write_buffer_number_to_merge: 1
I200313 14:40:47.963037 12 storage/engine/rocksdb.go:120      Options.max_write_buffer_number_to_maintain: 0
I200313 14:40:47.963086 12 storage/engine/rocksdb.go:120             Options.bottommost_compression_opts.window_bits: -14
I200313 14:40:47.963117 12 storage/engine/rocksdb.go:120                   Options.bottommost_compression_opts.level: 32767
I200313 14:40:47.963157 12 storage/engine/rocksdb.go:120                Options.bottommost_compression_opts.strategy: 0
I200313 14:40:47.963185 12 storage/engine/rocksdb.go:120          Options.bottommost_compression_opts.max_dict_bytes: 0
I200313 14:40:47.963209 12 storage/engine/rocksdb.go:120          Options.bottommost_compression_opts.zstd_max_train_bytes: 0
I200313 14:40:47.963235 12 storage/engine/rocksdb.go:120                   Options.bottommost_compression_opts.enabled: false
I200313 14:40:47.963259 12 storage/engine/rocksdb.go:120             Options.compression_opts.window_bits: -14
I200313 14:40:47.963296 12 storage/engine/rocksdb.go:120                   Options.compression_opts.level: 32767
I200313 14:40:47.963325 12 storage/engine/rocksdb.go:120                Options.compression_opts.strategy: 0
I200313 14:40:47.963355 12 storage/engine/rocksdb.go:120          Options.compression_opts.max_dict_bytes: 0
I200313 14:40:47.963389 12 storage/engine/rocksdb.go:120          Options.compression_opts.zstd_max_train_bytes: 0
I200313 14:40:47.963418 12 storage/engine/rocksdb.go:120                   Options.compression_opts.enabled: false
I200313 14:40:47.963442 12 storage/engine/rocksdb.go:120       Options.level0_file_num_compaction_trigger: 2
I200313 14:40:47.963463 12 storage/engine/rocksdb.go:120           Options.level0_slowdown_writes_trigger: 950
I200313 14:40:47.963492 12 storage/engine/rocksdb.go:120               Options.level0_stop_writes_trigger: 1000
I200313 14:40:47.963522 12 storage/engine/rocksdb.go:120                    Options.target_file_size_base: 4194304
I200313 14:40:47.963556 12 storage/engine/rocksdb.go:120              Options.target_file_size_multiplier: 2
I200313 14:40:47.963586 12 storage/engine/rocksdb.go:120                 Options.max_bytes_for_level_base: 67108864
I200313 14:40:47.963612 12 storage/engine/rocksdb.go:120  Options.level_compaction_dynamic_level_bytes: 1
I200313 14:40:47.963647 12 storage/engine/rocksdb.go:120           Options.max_bytes_for_level_multiplier: 10.000000
I200313 14:40:47.963677 12 storage/engine/rocksdb.go:120  Options.max_bytes_for_level_multiplier_addtl[0]: 1
I200313 14:40:47.963709 12 storage/engine/rocksdb.go:120  Options.max_bytes_for_level_multiplier_addtl[1]: 1
I200313 14:40:47.963737 12 storage/engine/rocksdb.go:120  Options.max_bytes_for_level_multiplier_addtl[2]: 1
I200313 14:40:47.963779 12 storage/engine/rocksdb.go:120  Options.max_bytes_for_level_multiplier_addtl[3]: 1
I200313 14:40:47.963809 12 storage/engine/rocksdb.go:120  Options.max_bytes_for_level_multiplier_addtl[4]: 1
I200313 14:40:47.963839 12 storage/engine/rocksdb.go:120  Options.max_bytes_for_level_multiplier_addtl[5]: 1
I200313 14:40:47.963868 12 storage/engine/rocksdb.go:120  Options.max_bytes_for_level_multiplier_addtl[6]: 1
I200313 14:40:47.963898 12 storage/engine/rocksdb.go:120        Options.max_sequential_skip_in_iterations: 8
I200313 14:40:47.963928 12 storage/engine/rocksdb.go:120                     Options.max_compaction_bytes: 104857600
I200313 14:40:47.963951 12 storage/engine/rocksdb.go:120                         Options.arena_block_size: 8388608
I200313 14:40:47.963984 12 storage/engine/rocksdb.go:120    Options.soft_pending_compaction_bytes_limit: 2199023255552
I200313 14:40:47.964009 12 storage/engine/rocksdb.go:120    Options.hard_pending_compaction_bytes_limit: 4400193994752
I200313 14:40:47.964034 12 storage/engine/rocksdb.go:120        Options.rate_limit_delay_max_milliseconds: 100
I200313 14:40:47.964060 12 storage/engine/rocksdb.go:120                 Options.disable_auto_compactions: 0
I200313 14:40:47.964082 12 storage/engine/rocksdb.go:120                         Options.compaction_style: kCompactionStyleLevel
I200313 14:40:47.964109 12 storage/engine/rocksdb.go:120                           Options.compaction_pri: kMinOverlappingRatio
I200313 14:40:47.964137 12 storage/engine/rocksdb.go:120  Options.compaction_options_universal.size_ratio: 1
I200313 14:40:47.964164 12 storage/engine/rocksdb.go:120  Options.compaction_options_universal.min_merge_width: 2
I200313 14:40:47.964185 12 storage/engine/rocksdb.go:120  Options.compaction_options_universal.max_merge_width: 4294967295
I200313 14:40:47.964211 12 storage/engine/rocksdb.go:120  Options.compaction_options_universal.max_size_amplification_percent: 200
I200313 14:40:47.964238 12 storage/engine/rocksdb.go:120  Options.compaction_options_universal.compression_size_percent: -1
I200313 14:40:47.964271 12 storage/engine/rocksdb.go:120  Options.compaction_options_universal.stop_style: kCompactionStopStyleTotalSize
I200313 14:40:47.964297 12 storage/engine/rocksdb.go:120  Options.compaction_options_fifo.max_table_files_size: 1073741824
I200313 14:40:47.964336 12 storage/engine/rocksdb.go:120  Options.compaction_options_fifo.allow_compaction: 0
I200313 14:40:47.964414 12 storage/engine/rocksdb.go:120                    Options.table_properties_collectors: TimeBoundTblPropCollectorFactory; DeleteRangeTblPropCollectorFactory; 
I200313 14:40:47.964442 12 storage/engine/rocksdb.go:120                    Options.inplace_update_support: 0
I200313 14:40:47.964473 12 storage/engine/rocksdb.go:120                  Options.inplace_update_num_locks: 10000
I200313 14:40:47.964536 12 storage/engine/rocksdb.go:120                Options.memtable_prefix_bloom_size_ratio: 0.000000
I200313 14:40:47.964567 12 storage/engine/rocksdb.go:120                Options.memtable_whole_key_filtering: 0
I200313 14:40:47.964621 12 storage/engine/rocksdb.go:120    Options.memtable_huge_page_size: 0
I200313 14:40:47.964649 12 storage/engine/rocksdb.go:120                            Options.bloom_locality: 0
I200313 14:40:47.964680 12 storage/engine/rocksdb.go:120                     Options.max_successive_merges: 0
I200313 14:40:47.964706 12 storage/engine/rocksdb.go:120                 Options.optimize_filters_for_hits: 1
I200313 14:40:47.964732 12 storage/engine/rocksdb.go:120                 Options.paranoid_file_checks: 0
I200313 14:40:47.964759 12 storage/engine/rocksdb.go:120                 Options.force_consistency_checks: 0
I200313 14:40:47.964794 12 storage/engine/rocksdb.go:120                 Options.report_bg_io_stats: 0
I200313 14:40:47.964978 12 storage/engine/rocksdb.go:120                                Options.ttl: 0
I200313 14:40:47.965002 12 storage/engine/rocksdb.go:120           Options.periodic_compaction_seconds: 0
I200313 14:40:47.985098 12 storage/engine/rocksdb.go:120  [db/version_set.cc:3086] More existing levels in DB than needed. max_bytes_for_level_multiplier may not be guaranteed.
I200313 14:40:47.985232 12 storage/engine/rocksdb.go:120  [db/version_set.cc:4286] Recovered from manifest file:/cockroach/cockroach-data/MANIFEST-000010 succeeded,manifest_file_number is 10, next_file_number is 216, last_sequence is 9818, log_number is 207,prev_log_number is 0,max_column_family is 0,min_log_number_to_keep is 0
I200313 14:40:47.985913 12 storage/engine/rocksdb.go:120  [db/version_set.cc:4295] Column family [default] (ID 0), log number is 207
I200313 14:40:48.022339 12 storage/engine/rocksdb.go:120  EVENT_LOG_v1 {"time_micros": 1584110448022278, "job": 1, "event": "recovery_started", "log_files": [195, 207]}
I200313 14:40:48.022390 12 storage/engine/rocksdb.go:120  [db/db_impl_open.cc:586] Skipping log #195 since it is older than min log to keep #207
I200313 14:40:48.022420 12 storage/engine/rocksdb.go:120  [db/db_impl_open.cc:598] Recovering log #207 mode 0
I200313 14:40:48.114105 12 storage/engine/rocksdb.go:120  EVENT_LOG_v1 {"time_micros": 1584110448113827, "cf_name": "default", "job": 1, "event": "table_file_creation", "file_number": 216, "file_size": 114998, "table_properties": {"data_size": 109799, "index_size": 780, "index_partitions": 0, "top_level_index_size": 0, "index_key_is_user_key": 0, "index_value_is_delta_encoded": 0, "filter_size": 3653, "raw_key_size": 156427, "raw_average_key_size": 53, "raw_value_size": 442347, "raw_average_value_size": 151, "num_data_blocks": 13, "num_entries": 2914, "num_deletions": 184, "num_merge_operands": 2656, "num_range_deletions": 2656, "format_version": 0, "fixed_key_len": 0, "filter_policy": "rocksdb.BuiltinBloomFilter", "column_family_name": "default", "column_family_id": 0, "comparator": "cockroach_comparator", "merge_operator": "cockroach_merge_operator", "prefix_extractor_name": "cockroach_prefix_extractor", "property_collectors": "[TimeBoundTblPropCollectorFactory,DeleteRangeTblPropCollectorFactory]", "compression": "Snappy", "compression_options": "window_bits=-14; level=32767; strategy=0; max_dict_bytes=0; zstd_max_train_bytes=0; enabled=0; ", "creation_time": 1584110448, "oldest_key_time": 3, "file_creation_time": 0}}
I200313 14:40:48.115186 12 storage/engine/rocksdb.go:120  [db/version_set.cc:3560] Creating manifest 217
I200313 14:40:48.119690 12 storage/engine/rocksdb.go:120  [db/version_set.cc:3086] More existing levels in DB than needed. max_bytes_for_level_multiplier may not be guaranteed.
I200313 14:40:48.126342 12 storage/engine/rocksdb.go:120  EVENT_LOG_v1 {"time_micros": 1584110448126294, "job": 1, "event": "recovery_finished"}
I200313 14:40:48.174974 17 storage/engine/rocksdb.go:120  [db/compaction_job.cc:1647] [default] [JOB 3] Compacting 1@0 + 1@6 files to L6, score 1.00
I200313 14:40:48.175040 17 storage/engine/rocksdb.go:120  [db/compaction_job.cc:1651] [default] Compaction start summary: Base version 2 Base level 0, inputs: [216(112KB)], [214(444KB)]
I200313 14:40:48.175224 17 storage/engine/rocksdb.go:120  EVENT_LOG_v1 {"time_micros": 1584110448175156, "job": 3, "event": "compaction_started", "compaction_reason": "LevelL0FilesNum", "files_L0": [216], "files_L6": [214], "score": 1, "input_data_size": 569888}
I200313 14:40:48.203087 12 storage/engine/rocksdb.go:120  DB pointer 0x7f18b8894000
I200313 14:40:48.390478 17 storage/engine/rocksdb.go:120  [db/compaction_job.cc:1334] [default] [JOB 3] Generated table #221: 5453 keys, 463090 bytes
I200313 14:40:48.390872 17 storage/engine/rocksdb.go:120  EVENT_LOG_v1 {"time_micros": 1584110448390591, "cf_name": "default", "job": 3, "event": "table_file_creation", "file_number": 221, "file_size": 463090, "table_properties": {"data_size": 459059, "index_size": 6909, "index_partitions": 0, "top_level_index_size": 0, "index_key_is_user_key": 0, "index_value_is_delta_encoded": 0, "filter_size": 0, "raw_key_size": 276087, "raw_average_key_size": 50, "raw_value_size": 3351499, "raw_average_value_size": 614, "num_data_blocks": 106, "num_entries": 5453, "num_deletions": 0, "num_merge_operands": 0, "num_range_deletions": 0, "format_version": 0, "fixed_key_len": 0, "filter_policy": "rocksdb.BuiltinBloomFilter", "column_family_name": "default", "column_family_id": 0, "comparator": "cockroach_comparator", "merge_operator": "cockroach_merge_operator", "prefix_extractor_name": "cockroach_prefix_extractor", "property_collectors": "[TimeBoundTblPropCollectorFactory,DeleteRangeTblPropCollectorFactory]", "compression": "Snappy", "compression_options": "window_bits=-14; level=32767; strategy=0; max_dict_bytes=0; zstd_max_train_bytes=0; enabled=0; ", "creation_time": 1584110448, "oldest_key_time": 0, "file_creation_time": 1584110448}}
I200313 14:40:48.394918 17 storage/engine/rocksdb.go:120  [db/compaction_job.cc:1397] [default] [JOB 3] Compacted 1@0 + 1@6 files to L6 => 463090 bytes
I200313 14:40:48.395081 17 storage/engine/rocksdb.go:120  [db/version_set.cc:3086] More existing levels in DB than needed. max_bytes_for_level_multiplier may not be guaranteed.
I200313 14:40:48.396724 17 storage/engine/rocksdb.go:120  (Original Log Time 2020/03/13-14:40:48.396161) [db/compaction_job.cc:770] [default] compacted to: base level 6 level multiplier 10.00 max bytes base 67108864 files[1 0 0 0 0 0 11] max score 0.50, MB/sec: 2.6 rd, 2.1 wr, level 6, files in(1, 1) out(1) MB in(0.1, 0.4) out(0.4), read-write-amplify(9.0) write-amplify(4.0) OK, records in: 8416, records dropped: 307 output_compression: Snappy
I200313 14:40:48.396892 17 storage/engine/rocksdb.go:120  (Original Log Time 2020/03/13-14:40:48.396196) EVENT_LOG_v1 {"time_micros": 1584110448396179, "job": 3, "event": "compaction_finished", "compaction_time_micros": 217216, "compaction_time_cpu_micros": 137146, "output_level": 6, "num_output_files": 1, "total_output_size": 463090, "num_input_records": 5760, "num_output_records": 5453, "num_subcompactions": 1, "output_compression": "Snappy", "num_single_delete_mismatches": 0, "num_single_delete_fallthrough": 0, "lsm_state": [1, 0, 0, 0, 0, 0, 11]}
I200313 14:40:48.399096 17 storage/engine/rocksdb.go:120  EVENT_LOG_v1 {"time_micros": 1584110448398956, "job": 3, "event": "table_file_deletion", "file_number": 216}
I200313 14:40:48.401234 17 storage/engine/rocksdb.go:120  EVENT_LOG_v1 {"time_micros": 1584110448401196, "job": 3, "event": "table_file_deletion", "file_number": 214}
I200313 14:44:53.777036 3673 storage/engine/rocksdb.go:120  bloom filter utility:    -nan%
I200313 14:44:53.777526 3673 storage/engine/rocksdb.go:120  [db/db_impl.cc:392] Shutdown: canceling all background work
I200313 14:44:53.783311 3673 storage/engine/rocksdb.go:120  [db/db_impl.cc:565] Shutdown complete
I200313 14:44:53.824187 3673 storage/engine/rocksdb.go:120  bloom filter utility:    100.0%
I200313 14:44:53.824803 3673 storage/engine/rocksdb.go:120  [db/db_impl.cc:392] Shutdown: canceling all background work
I200313 14:44:53.848363 3673 storage/engine/rocksdb.go:120  [db/db_impl.cc:565] Shutdown complete
