I200313 14:40:47.370178 1 util/log/clog.go:1196  [config] file created at: 2020/03/13 14:40:47
I200313 14:40:47.370178 1 util/log/clog.go:1196  [config] running on machine: f47a1c7300a3
I200313 14:40:47.370178 1 util/log/clog.go:1196  [config] binary: CockroachDB CCL v19.2.4 (x86_64-unknown-linux-gnu, built 2020/02/06 21:55:19, go1.12.12)
I200313 14:40:47.370178 1 util/log/clog.go:1196  [config] arguments: [/cockroach/cockroach start --insecure --join=node_1]
I200313 14:40:47.370178 1 util/log/clog.go:1196  line format: [IWEF]yymmdd hh:mm:ss.uuuuuu goid file:line msg utf8=✓
I200313 14:40:47.370164 1 cli/start.go:1144  logging to directory /cockroach/cockroach-data/logs
W200313 14:40:47.375257 1 cli/start.go:1182  RUNNING IN INSECURE MODE!

- Your cluster is open for any client that can access <all your IP addresses>.
- Any user, even root, can log in without providing a password.
- Any user, connecting as root, can read or write any data in your cluster.
- There is no network encryption nor authentication, and thus no confidentiality.

Check out how to secure your cluster: https://www.cockroachlabs.com/docs/v19.2/secure-a-cluster.html
I200313 14:40:47.376055 1 server/status/recorder.go:597  available memory from cgroups is unsupported, using system memory 2.0 GiB instead: failed to find cgroup memory limit
W200313 14:40:47.376212 1 cli/start.go:1052  Using the default setting for --cache (128 MiB).
  A significantly larger value is usually needed for good performance.
  If you have a dedicated server a reasonable setting is --cache=.25 (500 MiB).
I200313 14:40:47.377265 1 server/status/recorder.go:597  available memory from cgroups is unsupported, using system memory 2.0 GiB instead: failed to find cgroup memory limit
W200313 14:40:47.377320 1 cli/start.go:1065  Using the default setting for --max-sql-memory (128 MiB).
  A significantly larger value is usually needed in production.
  If you have a dedicated server a reasonable setting is --max-sql-memory=.25 (500 MiB).
I200313 14:40:47.378090 1 server/status/recorder.go:597  available memory from cgroups is unsupported, using system memory 2.0 GiB instead: failed to find cgroup memory limit
I200313 14:40:47.378140 1 cli/start.go:1196  CockroachDB CCL v19.2.4 (x86_64-unknown-linux-gnu, built 2020/02/06 21:55:19, go1.12.12)
I200313 14:40:47.524735 1 server/status/recorder.go:597  available memory from cgroups is unsupported, using system memory 2.0 GiB instead: failed to find cgroup memory limit
I200313 14:40:47.524802 1 server/config.go:394  system total memory: 2.0 GiB
I200313 14:40:47.524873 1 server/config.go:396  server configuration:
max offset             500000000
cache size             128 MiB
SQL memory pool size   128 MiB
scan interval          10m0s
scan min idle time     10ms
scan max idle time     1s
event log enabled      true
I200313 14:40:47.524922 1 cli/start.go:1030  using local environment variables: COCKROACH_CHANNEL=official-docker
I200313 14:40:47.524973 1 cli/start.go:1037  process identity: uid 0 euid 0 gid 0 egid 0
I200313 14:40:47.525132 1 cli/start.go:644  starting cockroach node
I200313 14:40:47.527853 12 storage/engine/rocksdb.go:622  opening rocksdb instance at "/cockroach/cockroach-data/cockroach-temp101863424"
I200313 14:40:47.907449 12 server/server.go:928  [n?] monitoring forward clock jumps based on server.clock.forward_jump_check_enabled
I200313 14:40:47.916328 12 storage/engine/rocksdb.go:622  opening rocksdb instance at "/cockroach/cockroach-data"
I200313 14:40:48.203434 12 server/config.go:502  [n?] 1 storage engine initialized
I200313 14:40:48.203478 12 server/config.go:505  [n?] RocksDB cache size: 128 MiB
I200313 14:40:48.203556 12 server/config.go:505  [n?] store 0: RocksDB, max size 0 B, max open file limit 1043576
W200313 14:40:48.223256 12 gossip/gossip.go:1517  [n?] no incoming or outgoing connections
W200313 14:40:48.223800 12 cli/start.go:996  neither --listen-addr nor --advertise-addr was specified.
The server will advertise "f47a1c7300a3" to other nodes, is this routable?

Consider using:
- for local-only servers:  --listen-addr=localhost
- for multi-node clusters: --advertise-addr=<host/IP addr>
I200313 14:40:48.227653 12 server/server.go:978  [n?] Sleeping till wall time 1584110448227334100 to catches up to 1584110448406648301 to ensure monotonicity. Delta: 179.314201ms
W200313 14:40:48.232298 63 vendor/google.golang.org/grpc/clientconn.go:1206  grpc: addrConn.createTransport failed to connect to {node_1:26257 0  <nil>}. Err :connection error: desc = "transport: Error while dialing dial tcp 172.20.0.5:26257: connect: connection refused". Reconnecting...
I200313 14:40:48.233092 39 vendor/github.com/cockroachdb/circuitbreaker/circuitbreaker.go:322  [n?] circuitbreaker: gossip [::]:26257->node_1:26257 tripped: initial connection heartbeat failed: rpc error: code = Unavailable desc = all SubConns are in TransientFailure, latest connection error: connection error: desc = "transport: Error while dialing dial tcp 172.20.0.5:26257: connect: connection refused"
I200313 14:40:48.233237 39 vendor/github.com/cockroachdb/circuitbreaker/circuitbreaker.go:447  [n?] circuitbreaker: gossip [::]:26257->node_1:26257 event: BreakerTripped
W200313 14:40:48.233387 39 gossip/client.go:118  [n?] failed to start gossip client to node_1:26257: initial connection heartbeat failed: rpc error: code = Unavailable desc = all SubConns are in TransientFailure, latest connection error: connection error: desc = "transport: Error while dialing dial tcp 172.20.0.5:26257: connect: connection refused"
I200313 14:40:48.408880 12 gossip/gossip.go:394  [n3] NodeDescriptor set to node_id:3 address:<network_field:"tcp" address_field:"f47a1c7300a3:26257" > attrs:<> locality:<> ServerVersion:<major_val:19 minor_val:2 patch:0 unstable:0 > build_tag:"v19.2.4" started_at:1584110448408567500 cluster_name:"" sql_address:<network_field:"tcp" address_field:"f47a1c7300a3:26257" > 
W200313 14:40:48.550835 158 storage/replica_range_lease.go:554  can't determine lease status due to node liveness error: node not in the liveness table
github.com/cockroachdb/cockroach/pkg/storage.init.ializers
	/go/src/github.com/cockroachdb/cockroach/pkg/storage/node_liveness.go:44
runtime.main
	/usr/local/go/src/runtime/proc.go:188
runtime.goexit
	/usr/local/go/src/runtime/asm_amd64.s:1337
W200313 14:40:48.551147 158 storage/store.go:1530  [n3,s3,r6/3:/Table/{SystemCon…-11}] could not gossip system config: [NotLeaseHolderError] r6: replica (n3,s3):3 not lease holder; lease holder unknown
I200313 14:40:48.554398 181 vendor/github.com/cockroachdb/circuitbreaker/circuitbreaker.go:322  [n3] circuitbreaker: rpc [::]:26257 [n1] tripped: failed to resolve n1: unable to look up descriptor for n1
I200313 14:40:48.554467 181 vendor/github.com/cockroachdb/circuitbreaker/circuitbreaker.go:447  [n3] circuitbreaker: rpc [::]:26257 [n1] event: BreakerTripped
I200313 14:40:48.554534 182 vendor/github.com/cockroachdb/circuitbreaker/circuitbreaker.go:322  [n3] circuitbreaker: rpc [::]:26257 [n2] tripped: failed to resolve n2: unable to look up descriptor for n2
I200313 14:40:48.554568 182 vendor/github.com/cockroachdb/circuitbreaker/circuitbreaker.go:447  [n3] circuitbreaker: rpc [::]:26257 [n2] event: BreakerTripped
I200313 14:40:48.587286 12 server/node.go:431  [n3] initialized store [n3,s3]: disk (capacity=58 TiB, available=32 TiB, used=859 KiB, logicalBytes=14 MiB), ranges=18, leases=0, queries=0.00, writes=0.00, bytesPerReplica={p10=0.00 p25=0.00 p50=326.00 p75=12124.00 p90=109064.00 pMax=13919300.00}, writesPerReplica={p10=0.00 p25=0.00 p50=0.00 p75=0.00 p90=0.00 pMax=0.00}
I200313 14:40:48.587496 12 storage/stores.go:240  [n3] read 3 node addresses from persistent storage
I200313 14:40:48.587823 12 server/node.go:645  [n3] connecting to gossip network to verify cluster ID...
I200313 14:40:48.587883 12 server/node.go:665  [n3] node connected via gossip and verified as part of cluster "658b6d5e-e699-44c5-895d-ae8ec745f62b"
I200313 14:40:48.588055 12 server/node.go:512  [n3] node=3: started with [<no-attributes>=/cockroach/cockroach-data] engine(s) and attributes []
I200313 14:40:48.589541 12 server/server.go:1514  [n3] starting http server at [::]:8080 (use: f47a1c7300a3:8080)
I200313 14:40:48.589583 12 server/server.go:1521  [n3] starting grpc/postgres server at [::]:26257
I200313 14:40:48.589622 12 server/server.go:1522  [n3] advertising CockroachDB node at f47a1c7300a3:26257
W200313 14:40:48.608798 158 storage/store.go:1530  [n3,s3,r6/3:/Table/{SystemCon…-11}] could not gossip system config: [NotLeaseHolderError] r6: replica (n3,s3):3 not lease holder; lease holder unknown
W200313 14:40:48.698748 158 storage/store.go:1530  [n3,s3,r6/3:/Table/{SystemCon…-11}] could not gossip system config: [NotLeaseHolderError] r6: replica (n3,s3):3 not lease holder; lease holder unknown
W200313 14:40:48.887117 158 storage/store.go:1530  [n3,s3,r6/3:/Table/{SystemCon…-11}] could not gossip system config: [NotLeaseHolderError] r6: replica (n3,s3):3 not lease holder; lease holder unknown
W200313 14:40:49.233192 63 vendor/google.golang.org/grpc/clientconn.go:1206  grpc: addrConn.createTransport failed to connect to {node_1:26257 0  <nil>}. Err :connection error: desc = "transport: Error while dialing cannot reuse client connection". Reconnecting...
W200313 14:40:49.259902 158 storage/store.go:1530  [n3,s3,r6/3:/Table/{SystemCon…-11}] could not gossip system config: [NotLeaseHolderError] r6: replica (n3,s3):3 not lease holder; lease holder unknown
W200313 14:40:49.338766 99 gossip/gossip.go:1300  [n3] invalid bootstrap address: &{typ:tcp addr:27c1a1f5a240:26257}, lookup 27c1a1f5a240 on 127.0.0.11:53: no such host
I200313 14:40:49.344245 124 gossip/client.go:124  [n3] started gossip client to 22bf95210875:26257
I200313 14:40:49.540072 15 storage/stores.go:259  [n3] wrote 4 node addresses to persistent storage
W200313 14:40:50.102173 158 storage/store.go:1530  [n3,s3,r6/3:/Table/{SystemCon…-11}] could not gossip system config: [NotLeaseHolderError] r6: replica (n3,s3):3 not lease holder; lease holder unknown
I200313 14:40:50.347331 223 gossip/client.go:124  [n3] started gossip client to 068c9c09d521:26257
I200313 14:40:50.856587 344 vendor/github.com/cockroachdb/circuitbreaker/circuitbreaker.go:447  [n3] circuitbreaker: rpc [::]:26257 [n1] event: BreakerReset
W200313 14:40:51.156550 158 storage/store.go:1530  [n3,s3,r6/3:/Table/{SystemCon…-11}] could not gossip system config: [NotLeaseHolderError] r6: replica (n3,s3):3 not lease holder; lease holder unknown
I200313 14:40:51.653123 380 vendor/github.com/cockroachdb/circuitbreaker/circuitbreaker.go:447  [n3] circuitbreaker: rpc [::]:26257 [n2] event: BreakerReset
I200313 14:40:52.089614 399 vendor/github.com/cockroachdb/circuitbreaker/circuitbreaker.go:447  [n3] circuitbreaker: gossip [::]:26257->node_1:26257 event: BreakerReset
I200313 14:40:52.089692 399 gossip/client.go:124  [n3] started gossip client to node_1:26257
I200313 14:40:52.090783 399 gossip/client.go:129  [n3] closing client to n1 (node_1:26257): rpc error: code = Unknown desc = duplicate connection from node at f47a1c7300a3:26257
I200313 14:40:52.618103 12 server/server.go:1590  [n3] done ensuring all necessary migrations have run
I200313 14:40:52.618239 12 server/server.go:1841  [n3] serving sql connections
I200313 14:40:52.621047 12 cli/start.go:803  [config] clusterID: 658b6d5e-e699-44c5-895d-ae8ec745f62b
I200313 14:40:52.621096 12 cli/start.go:812  node startup completed:
CockroachDB node starting at 2020-03-13 14:40:52.6184176 +0000 UTC (took 5.3s)
build:               CCL v19.2.4 @ 2020/02/06 21:55:19 (go1.12.12)
webui:               http://f47a1c7300a3:8080
sql:                 postgresql://root@f47a1c7300a3:26257?sslmode=disable
RPC client flags:    /cockroach/cockroach <client cmd> --host=f47a1c7300a3:26257 --insecure
logs:                /cockroach/cockroach-data/logs
temp dir:            /cockroach/cockroach-data/cockroach-temp101863424
external I/O path:   /cockroach/cockroach-data/extern
store[0]:            path=/cockroach/cockroach-data
status:              restarted pre-existing node
clusterID:           658b6d5e-e699-44c5-895d-ae8ec745f62b
nodeID:              3
W200313 14:40:52.955041 177 storage/node_liveness.go:559  [n3,liveness-hb] slow heartbeat took 4.4s
I200313 14:40:52.955118 177 storage/node_liveness.go:474  [n3,liveness-hb] heartbeat failed on epoch increment; retrying
I200313 14:40:53.004233 417 server/server_update.go:50  [n3] failed attempt to upgrade cluster version, error: node 4 not running (UNAVAILABLE), cannot determine version
I200313 14:40:53.074775 467 sql/event_log.go:130  [n3] Event: "node_restart", target: 3, info: {Descriptor:{NodeID:3 Address:f47a1c7300a3:26257 Attrs: Locality: ServerVersion:19.2 BuildTag:v19.2.4 StartedAt:1584110448408567500 LocalityAddress:[] ClusterName: SQLAddress:f47a1c7300a3:26257} ClusterID:658b6d5e-e699-44c5-895d-ae8ec745f62b StartedAt:1584110448408567500 LastUp:1584110226921856600}
I200313 14:40:54.143135 417 server/server_update.go:53  [n3] no need to upgrade, cluster already at the newest version
I200313 14:40:54.220719 100 gossip/gossip.go:1531  [n3] node has connected to cluster via gossip
I200313 14:40:54.221325 100 storage/stores.go:259  [n3] wrote 3 node addresses to persistent storage
I200313 14:40:58.564702 171 server/status/runtime.go:498  [n3] runtime stats: 117 MiB RSS, 258 goroutines, 96 MiB/26 MiB/135 MiB GO alloc/idle/total, 14 MiB/22 MiB CGO alloc/total, 0.0 CGO/sec, 0.0/0.0 %(u/s)time, 0.0 %gc (9x), 295 KiB/370 KiB (r/w)net
W200313 14:41:02.631126 459 server/node.go:826  [n3,summaries] health alerts detected: {Alerts:[{StoreID:0 Category:METRICS Description:liveness.heartbeatfailures Value:1}]}
I200313 14:41:08.563456 171 server/status/runtime.go:498  [n3] runtime stats: 135 MiB RSS, 258 goroutines, 111 MiB/10 MiB/135 MiB GO alloc/idle/total, 14 MiB/22 MiB CGO alloc/total, 25.1 CGO/sec, 3.7/5.0 %(u/s)time, 0.0 %gc (0x), 145 KiB/174 KiB (r/w)net
I200313 14:41:08.598232 166 storage/store.go:2364  [n3,s3] sstables (read amplification = 2):
0 [   3K  1 ]: 3K
6 [ 461K 11 ]: 452K 1K[10]
I200313 14:41:08.598350 166 storage/store.go:2365  [n3,s3] 
** Compaction Stats [default] **
Level    Files   Size     Score Read(GB)  Rn(GB) Rnp1(GB) Write(GB) Wnew(GB) Moved(GB) W-Amp Rd(MB/s) Wr(MB/s) Comp(sec) CompMergeCPU(sec) Comp(cnt) Avg(sec) KeyIn KeyDrop
----------------------------------------------------------------------------------------------------------------------------------------------------------------------------
  L0      1/0    3.13 KB   0.5      0.0     0.0      0.0       0.0      0.0       0.0   1.0      0.0      2.0      0.05              0.00         1    0.054       0      0
  L6     11/0   461.42 KB   0.0      0.0     0.0      0.0       0.0      0.0       0.0   4.0      2.5      2.0      0.22              0.14         1    0.217    8416    307
 Sum     12/0   464.55 KB   0.0      0.0     0.0      0.0       0.0      0.0       0.0   5.0      2.0      2.0      0.27              0.14         2    0.136    8416    307
 Int      0/0    0.00 KB   0.0      0.0     0.0      0.0       0.0      0.0       0.0   5.0      2.0      2.0      0.27              0.14         2    0.136    8416    307

** Compaction Stats [default] **
Priority    Files   Size     Score Read(GB)  Rn(GB) Rnp1(GB) Write(GB) Wnew(GB) Moved(GB) W-Amp Rd(MB/s) Wr(MB/s) Comp(sec) CompMergeCPU(sec) Comp(cnt) Avg(sec) KeyIn KeyDrop
-------------------------------------------------------------------------------------------------------------------------------------------------------------------------------
 Low      0/0    0.00 KB   0.0      0.0     0.0      0.0       0.0      0.0       0.0   0.0      2.5      2.0      0.22              0.14         1    0.217    8416    307
User      0/0    0.00 KB   0.0      0.0     0.0      0.0       0.0      0.0       0.0   0.0      0.0      2.0      0.05              0.00         1    0.054       0      0
Uptime(secs): 20.6 total, 20.6 interval
Flush(GB): cumulative 0.000, interval 0.000
AddFile(GB): cumulative 0.000, interval 0.000
AddFile(Total Files): cumulative 0, interval 0
AddFile(L0 Files): cumulative 0, interval 0
AddFile(Keys): cumulative 0, interval 0
Cumulative compaction: 0.00 GB write, 0.03 MB/s write, 0.00 GB read, 0.03 MB/s read, 0.3 seconds
Interval compaction: 0.00 GB write, 0.03 MB/s write, 0.00 GB read, 0.03 MB/s read, 0.3 seconds
Stalls(count): 0 level0_slowdown, 0 level0_slowdown_with_compaction, 0 level0_numfiles, 0 level0_numfiles_with_compaction, 0 stop for pending_compaction_bytes, 0 slowdown for pending_compaction_bytes, 0 memtable_compaction, 0 memtable_slowdown, interval 0 total count
estimated_pending_compaction_bytes: 0 B
I200313 14:41:18.564339 171 server/status/runtime.go:498  [n3] runtime stats: 151 MiB RSS, 258 goroutines, 86 MiB/95 MiB/201 MiB GO alloc/idle/total, 15 MiB/22 MiB CGO alloc/total, 23.7 CGO/sec, 3.4/5.1 %(u/s)time, 0.0 %gc (1x), 138 KiB/170 KiB (r/w)net
I200313 14:41:28.530578 171 server/status/runtime.go:498  [n3] runtime stats: 154 MiB RSS, 259 goroutines, 100 MiB/84 MiB/201 MiB GO alloc/idle/total, 15 MiB/23 MiB CGO alloc/total, 31.9 CGO/sec, 3.0/4.5 %(u/s)time, 0.0 %gc (0x), 146 KiB/176 KiB (r/w)net
I200313 14:41:38.531395 171 server/status/runtime.go:498  [n3] runtime stats: 155 MiB RSS, 259 goroutines, 112 MiB/73 MiB/201 MiB GO alloc/idle/total, 15 MiB/23 MiB CGO alloc/total, 24.0 CGO/sec, 3.7/4.6 %(u/s)time, 0.0 %gc (0x), 139 KiB/171 KiB (r/w)net
I200313 14:41:48.521652 167 gossip/gossip.go:566  [n3] gossip status (ok, 4 nodes)
gossip client (2/3 cur/max conns)
  2: 22bf95210875:26257 (59s: infos 229/300 sent/received, bytes 40713B/65827B sent/received)
  1: 068c9c09d521:26257 (58s: infos 239/253 sent/received, bytes 46138B/61960B sent/received)
gossip server (1/3 cur/max conns, infos 741/829 sent/received, bytes 153910B/188642B sent/received)
  4: 287541f04cdc:26257 (59s)
gossip connectivity
  n1 [sentinel];
  n1 -> n2; n1 -> n4; n2 -> n4; n3 -> n1; n3 -> n2; n4 -> n3;
I200313 14:41:48.531593 171 server/status/runtime.go:498  [n3] runtime stats: 158 MiB RSS, 259 goroutines, 126 MiB/58 MiB/201 MiB GO alloc/idle/total, 15 MiB/23 MiB CGO alloc/total, 28.2 CGO/sec, 3.0/5.4 %(u/s)time, 0.0 %gc (0x), 139 KiB/170 KiB (r/w)net
I200313 14:41:58.496983 171 server/status/runtime.go:498  [n3] runtime stats: 174 MiB RSS, 258 goroutines, 142 MiB/44 MiB/201 MiB GO alloc/idle/total, 15 MiB/23 MiB CGO alloc/total, 34.2 CGO/sec, 3.3/4.7 %(u/s)time, 0.0 %gc (0x), 163 KiB/184 KiB (r/w)net
I200313 14:42:08.498096 171 server/status/runtime.go:498  [n3] runtime stats: 182 MiB RSS, 258 goroutines, 90 MiB/92 MiB/201 MiB GO alloc/idle/total, 15 MiB/24 MiB CGO alloc/total, 21.1 CGO/sec, 3.2/4.8 %(u/s)time, 0.0 %gc (1x), 136 KiB/163 KiB (r/w)net
I200313 14:42:18.500310 171 server/status/runtime.go:498  [n3] runtime stats: 184 MiB RSS, 258 goroutines, 103 MiB/81 MiB/201 MiB GO alloc/idle/total, 23 MiB/32 MiB CGO alloc/total, 21.9 CGO/sec, 3.9/3.6 %(u/s)time, 0.0 %gc (0x), 136 KiB/169 KiB (r/w)net
I200313 14:42:28.465774 171 server/status/runtime.go:498  [n3] runtime stats: 185 MiB RSS, 259 goroutines, 116 MiB/69 MiB/201 MiB GO alloc/idle/total, 23 MiB/32 MiB CGO alloc/total, 25.5 CGO/sec, 3.8/3.6 %(u/s)time, 0.0 %gc (0x), 144 KiB/169 KiB (r/w)net
I200313 14:42:38.466353 171 server/status/runtime.go:498  [n3] runtime stats: 186 MiB RSS, 259 goroutines, 128 MiB/57 MiB/201 MiB GO alloc/idle/total, 23 MiB/32 MiB CGO alloc/total, 19.3 CGO/sec, 2.4/4.8 %(u/s)time, 0.0 %gc (0x), 132 KiB/162 KiB (r/w)net
I200313 14:42:48.452101 167 gossip/gossip.go:566  [n3] gossip status (ok, 4 nodes)
gossip client (2/3 cur/max conns)
  2: 22bf95210875:26257 (1m59s: infos 418/541 sent/received, bytes 72001B/107769B sent/received)
  1: 068c9c09d521:26257 (1m58s: infos 439/480 sent/received, bytes 82185B/103975B sent/received)
gossip server (1/3 cur/max conns, infos 1359/1530 sent/received, bytes 265189B/311768B sent/received)
  4: 287541f04cdc:26257 (1m59s)
I200313 14:42:48.467498 171 server/status/runtime.go:498  [n3] runtime stats: 187 MiB RSS, 259 goroutines, 140 MiB/45 MiB/201 MiB GO alloc/idle/total, 23 MiB/32 MiB CGO alloc/total, 23.1 CGO/sec, 3.3/4.0 %(u/s)time, 0.0 %gc (0x), 138 KiB/168 KiB (r/w)net
I200313 14:42:58.432619 171 server/status/runtime.go:498  [n3] runtime stats: 195 MiB RSS, 258 goroutines, 88 MiB/93 MiB/202 MiB GO alloc/idle/total, 23 MiB/32 MiB CGO alloc/total, 30.2 CGO/sec, 2.5/3.9 %(u/s)time, 0.0 %gc (1x), 150 KiB/176 KiB (r/w)net
I200313 14:43:08.433316 171 server/status/runtime.go:498  [n3] runtime stats: 196 MiB RSS, 258 goroutines, 100 MiB/82 MiB/202 MiB GO alloc/idle/total, 23 MiB/32 MiB CGO alloc/total, 21.6 CGO/sec, 4.2/3.0 %(u/s)time, 0.0 %gc (0x), 138 KiB/169 KiB (r/w)net
I200313 14:43:18.434185 171 server/status/runtime.go:498  [n3] runtime stats: 197 MiB RSS, 258 goroutines, 113 MiB/71 MiB/202 MiB GO alloc/idle/total, 23 MiB/32 MiB CGO alloc/total, 24.1 CGO/sec, 3.9/3.5 %(u/s)time, 0.0 %gc (0x), 136 KiB/167 KiB (r/w)net
I200313 14:43:28.401440 171 server/status/runtime.go:498  [n3] runtime stats: 198 MiB RSS, 259 goroutines, 126 MiB/59 MiB/202 MiB GO alloc/idle/total, 23 MiB/32 MiB CGO alloc/total, 24.7 CGO/sec, 2.6/4.7 %(u/s)time, 0.0 %gc (0x), 140 KiB/166 KiB (r/w)net
I200313 14:43:38.400611 171 server/status/runtime.go:498  [n3] runtime stats: 199 MiB RSS, 259 goroutines, 138 MiB/47 MiB/202 MiB GO alloc/idle/total, 23 MiB/32 MiB CGO alloc/total, 22.8 CGO/sec, 4.0/3.4 %(u/s)time, 0.0 %gc (0x), 138 KiB/166 KiB (r/w)net
I200313 14:43:48.383506 167 gossip/gossip.go:566  [n3] gossip status (ok, 4 nodes)
gossip client (2/3 cur/max conns)
  2: 22bf95210875:26257 (2m59s: infos 597/776 sent/received, bytes 101228B/147324B sent/received)
  1: 068c9c09d521:26257 (2m58s: infos 635/710 sent/received, bytes 116633B/145944B sent/received)
gossip server (1/3 cur/max conns, infos 1969/2221 sent/received, bytes 371938B/430555B sent/received)
  4: 287541f04cdc:26257 (2m59s)
I200313 14:43:48.401422 171 server/status/runtime.go:498  [n3] runtime stats: 200 MiB RSS, 259 goroutines, 150 MiB/35 MiB/202 MiB GO alloc/idle/total, 31 MiB/40 MiB CGO alloc/total, 20.9 CGO/sec, 2.9/4.3 %(u/s)time, 0.0 %gc (0x), 138 KiB/166 KiB (r/w)net
I200313 14:43:58.367510 171 server/status/runtime.go:498  [n3] runtime stats: 210 MiB RSS, 258 goroutines, 87 MiB/94 MiB/202 MiB GO alloc/idle/total, 31 MiB/41 MiB CGO alloc/total, 26.1 CGO/sec, 3.7/4.8 %(u/s)time, 0.0 %gc (1x), 150 KiB/175 KiB (r/w)net
I200313 14:44:08.368259 171 server/status/runtime.go:498  [n3] runtime stats: 211 MiB RSS, 258 goroutines, 100 MiB/83 MiB/202 MiB GO alloc/idle/total, 32 MiB/41 MiB CGO alloc/total, 27.2 CGO/sec, 3.8/3.4 %(u/s)time, 0.0 %gc (0x), 137 KiB/166 KiB (r/w)net
I200313 14:44:18.368312 171 server/status/runtime.go:498  [n3] runtime stats: 212 MiB RSS, 258 goroutines, 112 MiB/72 MiB/202 MiB GO alloc/idle/total, 32 MiB/41 MiB CGO alloc/total, 19.0 CGO/sec, 3.8/3.2 %(u/s)time, 0.0 %gc (0x), 133 KiB/163 KiB (r/w)net
I200313 14:44:28.334338 171 server/status/runtime.go:498  [n3] runtime stats: 214 MiB RSS, 259 goroutines, 125 MiB/60 MiB/202 MiB GO alloc/idle/total, 32 MiB/41 MiB CGO alloc/total, 29.3 CGO/sec, 2.6/4.4 %(u/s)time, 0.0 %gc (0x), 144 KiB/169 KiB (r/w)net
I200313 14:44:38.335008 171 server/status/runtime.go:498  [n3] runtime stats: 215 MiB RSS, 259 goroutines, 137 MiB/48 MiB/202 MiB GO alloc/idle/total, 32 MiB/41 MiB CGO alloc/total, 22.5 CGO/sec, 2.9/4.3 %(u/s)time, 0.0 %gc (0x), 139 KiB/167 KiB (r/w)net
I200313 14:44:47.733361 1 cli/start.go:865  received signal 'terminated'
I200313 14:44:47.733802 1 cli/start.go:930  initiating graceful shutdown of server
I200313 14:44:48.313866 167 gossip/gossip.go:566  [n3] gossip status (ok, 4 nodes)
gossip client (2/3 cur/max conns)
  2: 22bf95210875:26257 (3m59s: infos 774/1021 sent/received, bytes 129624B/188314B sent/received)
  1: 068c9c09d521:26257 (3m58s: infos 830/929 sent/received, bytes 151242B/186572B sent/received)
gossip server (1/3 cur/max conns, infos 2589/2910 sent/received, bytes 479788B/549382B sent/received)
  4: 287541f04cdc:26257 (3m59s)
I200313 14:44:48.335986 171 server/status/runtime.go:498  [n3] runtime stats: 216 MiB RSS, 261 goroutines, 150 MiB/36 MiB/202 MiB GO alloc/idle/total, 32 MiB/41 MiB CGO alloc/total, 17.6 CGO/sec, 2.4/4.5 %(u/s)time, 0.0 %gc (0x), 138 KiB/168 KiB (r/w)net
I200313 14:44:48.769648 3673 storage/store.go:1111  [drain] waiting for 8 replicas to transfer their lease away
I200313 14:44:49.986088 3673 storage/store.go:1111  [drain] waiting for 7 replicas to transfer their lease away
I200313 14:44:51.098265 3673 storage/store.go:1111  [drain] waiting for 7 replicas to transfer their lease away
I200313 14:44:52.735739 3674 cli/start.go:940  6 running tasks
I200313 14:44:52.973424 3673 storage/store.go:1111  [drain] waiting for 7 replicas to transfer their lease away
W200313 14:44:53.724965 345 storage/raft_transport.go:634  [n3] while processing outgoing Raft queue to node 4: EOF:
W200313 14:44:53.725210 244 storage/raft_transport.go:634  [n3] while processing outgoing Raft queue to node 4: EOF:
W200313 14:44:53.738118 350 vendor/google.golang.org/grpc/clientconn.go:1206  grpc: addrConn.createTransport failed to connect to {287541f04cdc:26257 0  <nil>}. Err :connection error: desc = "transport: Error while dialing cannot reuse client connection". Reconnecting...
W200313 14:44:53.738979 214 vendor/google.golang.org/grpc/clientconn.go:1206  grpc: addrConn.createTransport failed to connect to {287541f04cdc:26257 0  <nil>}. Err :connection error: desc = "transport: Error while dialing cannot reuse client connection". Reconnecting...
W200313 14:44:53.755197 380 storage/raft_transport.go:634  [n3] while processing outgoing Raft queue to node 2: EOF:
W200313 14:44:53.755854 327 storage/raft_transport.go:634  [n3] while processing outgoing Raft queue to node 2: EOF:
W200313 14:44:53.759417 312 vendor/google.golang.org/grpc/clientconn.go:1206  grpc: addrConn.createTransport failed to connect to {22bf95210875:26257 0  <nil>}. Err :connection error: desc = "transport: Error while dialing cannot reuse client connection". Reconnecting...
W200313 14:44:53.759524 390 vendor/google.golang.org/grpc/clientconn.go:1206  grpc: addrConn.createTransport failed to connect to {22bf95210875:26257 0  <nil>}. Err :connection error: desc = "transport: Error while dialing cannot reuse client connection". Reconnecting...
W200313 14:44:53.760534 127 vendor/google.golang.org/grpc/clientconn.go:1206  grpc: addrConn.createTransport failed to connect to {22bf95210875:26257 0  <nil>}. Err :connection error: desc = "transport: Error while dialing cannot reuse client connection". Reconnecting...
W200313 14:44:53.769834 3673 storage/store.go:1120  [drain] unable to drain cleanly within 5s, service might briefly deteriorate: operation "wait for raft leadership transfer" timed out after 5s:
  - waiting for 7 replicas to transfer their lease away
    github.com/cockroachdb/cockroach/pkg/storage.(*Store).SetDraining.func3.1
    	/go/src/github.com/cockroachdb/cockroach/pkg/storage/store.go:1109
    github.com/cockroachdb/cockroach/pkg/util/retry.WithMaxAttempts
    	/go/src/github.com/cockroachdb/cockroach/pkg/util/retry/retry.go:159
    github.com/cockroachdb/cockroach/pkg/storage.(*Store).SetDraining.func3
    	/go/src/github.com/cockroachdb/cockroach/pkg/storage/store.go:1107
    github.com/cockroachdb/cockroach/pkg/util/contextutil.RunWithTimeout
    	/go/src/github.com/cockroachdb/cockroach/pkg/util/contextutil/context.go:135
    github.com/cockroachdb/cockroach/pkg/storage.(*Store).SetDraining
    	/go/src/github.com/cockroachdb/cockroach/pkg/storage/store.go:1098
    github.com/cockroachdb/cockroach/pkg/server.(*Node).SetDraining.func1
    	/go/src/github.com/cockroachdb/cockroach/pkg/server/node.go:532
    github.com/cockroachdb/cockroach/pkg/storage.(*Stores).VisitStores.func1
    	/go/src/github.com/cockroachdb/cockroach/pkg/storage/stores.go:126
    github.com/cockroachdb/cockroach/pkg/util/syncutil.(*IntMap).Range
    	/go/src/github.com/cockroachdb/cockroach/pkg/util/syncutil/int_map.go:352
    github.com/cockroachdb/cockroach/pkg/storage.(*Stores).VisitStores
    	/go/src/github.com/cockroachdb/cockroach/pkg/storage/stores.go:125
    github.com/cockroachdb/cockroach/pkg/server.(*Node).SetDraining
    	/go/src/github.com/cockroachdb/cockroach/pkg/server/node.go:531
    github.com/cockroachdb/cockroach/pkg/server.(*Server).doDrain
    	/go/src/github.com/cockroachdb/cockroach/pkg/server/server.go:1954
    github.com/cockroachdb/cockroach/pkg/server.(*Server).Drain
    	/go/src/github.com/cockroachdb/cockroach/pkg/server/server.go:1979
    github.com/cockroachdb/cockroach/pkg/cli.runStart.func4
    	/go/src/github.com/cockroachdb/cockroach/pkg/cli/start.go:901
    runtime.goexit
    	/usr/local/go/src/runtime/asm_amd64.s:1337
I200313 14:44:53.770416 3673 util/stop/stopper.go:542  [server drain process] quiescing; tasks left:
3      [async] closedts-subscription
1      [async] intent_resolver_ir_batcher
1      [async] intent_resolver_gc_batcher
1      [async] closedts-rangefeed-subscriber
I200313 14:44:53.771137 3673 util/stop/stopper.go:542  [server drain process] quiescing; tasks left:
3      [async] closedts-subscription
1      [async] closedts-rangefeed-subscriber
W200313 14:44:53.771775 100 gossip/gossip.go:1517  [n3] no incoming or outgoing connections
W200313 14:44:53.772065 243 storage/raft_transport.go:634  [n3] while processing outgoing Raft queue to node 1: rpc error: code = Canceled desc = grpc: the client connection is closing:
I200313 14:44:53.772659 3673 util/stop/stopper.go:542  [server drain process] quiescing; tasks left:
2      [async] closedts-subscription
1      [async] closedts-rangefeed-subscriber
W200313 14:44:53.773210 344 storage/raft_transport.go:634  [n3] while processing outgoing Raft queue to node 1: rpc error: code = Canceled desc = grpc: the client connection is closing:
I200313 14:44:53.773260 3673 util/stop/stopper.go:542  [server drain process] quiescing; tasks left:
1      [async] closedts-subscription
1      [async] closedts-rangefeed-subscriber
I200313 14:44:53.774073 3673 util/stop/stopper.go:542  [server drain process] quiescing; tasks left:
1      [async] closedts-rangefeed-subscriber
I200313 14:44:53.776340 3673 storage/engine/rocksdb.go:762  closing rocksdb instance at "/cockroach/cockroach-data/cockroach-temp101863424"
I200313 14:44:53.820398 3673 storage/engine/rocksdb.go:762  closing rocksdb instance at "/cockroach/cockroach-data"
I200313 14:44:53.850629 1 cli/start.go:976  server drained and shutdown completed
