I200313 14:18:33.948670 1 util/log/clog.go:1196  [config] file created at: 2020/03/13 14:18:33
I200313 14:18:33.948670 1 util/log/clog.go:1196  [config] running on machine: 6c116af10d54
I200313 14:18:33.948670 1 util/log/clog.go:1196  [config] binary: CockroachDB CCL v19.2.4 (x86_64-unknown-linux-gnu, built 2020/02/06 21:55:19, go1.12.12)
I200313 14:18:33.948670 1 util/log/clog.go:1196  [config] arguments: [/cockroach/cockroach start --insecure]
I200313 14:18:33.948670 1 util/log/clog.go:1196  line format: [IWEF]yymmdd hh:mm:ss.uuuuuu goid file:line msg utf8=✓
I200313 14:18:33.948657 1 cli/start.go:1144  logging to directory /cockroach/cockroach-data/logs
W200313 14:18:33.951629 1 cli/start.go:1182  RUNNING IN INSECURE MODE!

- Your cluster is open for any client that can access <all your IP addresses>.
- Any user, even root, can log in without providing a password.
- Any user, connecting as root, can read or write any data in your cluster.
- There is no network encryption nor authentication, and thus no confidentiality.

Check out how to secure your cluster: https://www.cockroachlabs.com/docs/v19.2/secure-a-cluster.html
I200313 14:18:33.952105 1 server/status/recorder.go:597  available memory from cgroups is unsupported, using system memory 2.0 GiB instead: failed to find cgroup memory limit
W200313 14:18:33.952245 1 cli/start.go:1052  Using the default setting for --cache (128 MiB).
  A significantly larger value is usually needed for good performance.
  If you have a dedicated server a reasonable setting is --cache=.25 (500 MiB).
I200313 14:18:33.952518 1 server/status/recorder.go:597  available memory from cgroups is unsupported, using system memory 2.0 GiB instead: failed to find cgroup memory limit
W200313 14:18:33.952561 1 cli/start.go:1065  Using the default setting for --max-sql-memory (128 MiB).
  A significantly larger value is usually needed in production.
  If you have a dedicated server a reasonable setting is --max-sql-memory=.25 (500 MiB).
I200313 14:18:33.952792 1 server/status/recorder.go:597  available memory from cgroups is unsupported, using system memory 2.0 GiB instead: failed to find cgroup memory limit
I200313 14:18:33.952835 1 cli/start.go:1196  CockroachDB CCL v19.2.4 (x86_64-unknown-linux-gnu, built 2020/02/06 21:55:19, go1.12.12)
W200313 14:18:34.101649 1 cli/start.go:511  running 'cockroach start' without --join is deprecated.
Consider using 'cockroach start-single-node' or 'cockroach init' instead.
I200313 14:18:34.109107 1 server/status/recorder.go:597  available memory from cgroups is unsupported, using system memory 2.0 GiB instead: failed to find cgroup memory limit
I200313 14:18:34.109165 1 server/config.go:394  system total memory: 2.0 GiB
I200313 14:18:34.109308 1 server/config.go:396  server configuration:
max offset             500000000
cache size             128 MiB
SQL memory pool size   128 MiB
scan interval          10m0s
scan min idle time     10ms
scan max idle time     1s
event log enabled      true
I200313 14:18:34.109353 1 cli/start.go:1030  using local environment variables: COCKROACH_CHANNEL=official-docker
I200313 14:18:34.109395 1 cli/start.go:1037  process identity: uid 0 euid 0 gid 0 egid 0
I200313 14:18:34.109523 1 cli/start.go:644  starting cockroach node
I200313 14:18:34.111860 25 storage/engine/rocksdb.go:622  opening rocksdb instance at "/cockroach/cockroach-data/cockroach-temp852939500"
I200313 14:18:34.191739 25 server/server.go:928  [n?] monitoring forward clock jumps based on server.clock.forward_jump_check_enabled
I200313 14:18:34.192860 25 storage/engine/rocksdb.go:622  opening rocksdb instance at "/cockroach/cockroach-data"
I200313 14:18:34.250931 25 server/config.go:502  [n?] 1 storage engine initialized
I200313 14:18:34.250969 25 server/config.go:505  [n?] RocksDB cache size: 128 MiB
I200313 14:18:34.251006 25 server/config.go:505  [n?] store 0: RocksDB, max size 0 B, max open file limit 1043576
W200313 14:18:34.265913 25 cli/start.go:996  neither --listen-addr nor --advertise-addr was specified.
The server will advertise "6c116af10d54" to other nodes, is this routable?

Consider using:
- for local-only servers:  --listen-addr=localhost
- for multi-node clusters: --advertise-addr=<host/IP addr>
I200313 14:18:34.267392 25 server/server.go:978  [n?] Sleeping till wall time 1584109114267301900 to catches up to 1584109114691573201 to ensure monotonicity. Delta: 424.271301ms
I200313 14:18:34.693905 25 gossip/gossip.go:394  [n2] NodeDescriptor set to node_id:2 address:<network_field:"tcp" address_field:"6c116af10d54:26257" > attrs:<> locality:<> ServerVersion:<major_val:19 minor_val:2 patch:0 unstable:0 > build_tag:"v19.2.4" started_at:1584109114693560400 cluster_name:"" sql_address:<network_field:"tcp" address_field:"6c116af10d54:26257" > 
I200313 14:18:34.750994 25 server/node.go:431  [n2] initialized store [n2,s2]: disk (capacity=58 TiB, available=32 TiB, used=527 KiB, logicalBytes=0 B), ranges=0, leases=0, queries=0.00, writes=0.00, bytesPerReplica={p10=0.00 p25=0.00 p50=0.00 p75=0.00 p90=0.00 pMax=0.00}, writesPerReplica={p10=0.00 p25=0.00 p50=0.00 p75=0.00 p90=0.00 pMax=0.00}
I200313 14:18:34.751219 25 storage/stores.go:240  [n2] read 1 node addresses from persistent storage
I200313 14:18:34.751580 25 server/node.go:645  [n2] connecting to gossip network to verify cluster ID...
W200313 14:18:35.322416 96 gossip/gossip.go:1300  [n2] invalid bootstrap address: &{typ:tcp addr:af6f7e9c3d61:26257}, lookup af6f7e9c3d61 on 127.0.0.11:53: no such host
W200313 14:18:40.698874 38 storage/closedts/provider/provider.go:150  [ct-closer] unable to move closed timestamp forward: node not in the liveness table
github.com/cockroachdb/cockroach/pkg/storage.init.ializers
	/go/src/github.com/cockroachdb/cockroach/pkg/storage/node_liveness.go:44
runtime.main
	/usr/local/go/src/runtime/proc.go:188
runtime.goexit
	/usr/local/go/src/runtime/asm_amd64.s:1337
