I200313 14:24:32.942741 30 util/log/clog.go:1196  [config] file created at: 2020/03/13 14:24:32
I200313 14:24:32.942741 30 util/log/clog.go:1196  [config] running on machine: 3195b81d3530
I200313 14:24:32.942741 30 util/log/clog.go:1196  [config] binary: CockroachDB CCL v19.2.4 (x86_64-unknown-linux-gnu, built 2020/02/06 21:55:19, go1.12.12)
I200313 14:24:32.942741 30 util/log/clog.go:1196  [config] arguments: [/cockroach/cockroach start --insecure --join=node_1]
I200313 14:24:32.942741 30 util/log/clog.go:1196  line format: [IWEF]yymmdd hh:mm:ss.uuuuuu goid file:line msg utf8=✓
I200313 14:24:32.942728 30 storage/engine/rocksdb.go:120  RocksDB version: 6.2.1
I200313 14:24:32.946461 30 storage/engine/rocksdb.go:120  Git sha rocksdb_build_git_sha:@b7009236531fa784872f4823eabf393501e41bf2@
I200313 14:24:32.946481 30 storage/engine/rocksdb.go:120  Compile date Feb  6 2020
I200313 14:24:32.946501 30 storage/engine/rocksdb.go:120  DB SUMMARY
I200313 14:24:32.948602 30 storage/engine/rocksdb.go:120  SST files in /cockroach/cockroach-data/cockroach-temp151637128 dir, Total Num: 0, files: 
I200313 14:24:32.960928 30 storage/engine/rocksdb.go:120  Write Ahead Log file in /cockroach/cockroach-data/cockroach-temp151637128: 
I200313 14:24:32.960951 30 storage/engine/rocksdb.go:120                          Options.error_if_exists: 0
I200313 14:24:32.960969 30 storage/engine/rocksdb.go:120                        Options.create_if_missing: 1
I200313 14:24:32.960995 30 storage/engine/rocksdb.go:120                          Options.paranoid_checks: 1
I200313 14:24:32.961015 30 storage/engine/rocksdb.go:120                                      Options.env: 0x756aca0
I200313 14:24:32.961034 30 storage/engine/rocksdb.go:120                                 Options.info_log: 0x7f968240d160
I200313 14:24:32.961053 30 storage/engine/rocksdb.go:120                 Options.max_file_opening_threads: 16
I200313 14:24:32.961070 30 storage/engine/rocksdb.go:120                               Options.statistics: 0x7f9682429010
I200313 14:24:32.961089 30 storage/engine/rocksdb.go:120                                Options.use_fsync: 0
I200313 14:24:32.961108 30 storage/engine/rocksdb.go:120                        Options.max_log_file_size: 0
I200313 14:24:32.961128 30 storage/engine/rocksdb.go:120                   Options.max_manifest_file_size: 134217728
I200313 14:24:32.961147 30 storage/engine/rocksdb.go:120                    Options.log_file_time_to_roll: 0
I200313 14:24:32.961171 30 storage/engine/rocksdb.go:120                        Options.keep_log_file_num: 1000
I200313 14:24:32.961187 30 storage/engine/rocksdb.go:120                     Options.recycle_log_file_num: 1
I200313 14:24:32.961206 30 storage/engine/rocksdb.go:120                          Options.allow_fallocate: 1
I200313 14:24:32.961225 30 storage/engine/rocksdb.go:120                         Options.allow_mmap_reads: 0
I200313 14:24:32.961244 30 storage/engine/rocksdb.go:120                        Options.allow_mmap_writes: 0
I200313 14:24:32.961263 30 storage/engine/rocksdb.go:120                         Options.use_direct_reads: 0
I200313 14:24:32.961283 30 storage/engine/rocksdb.go:120                         Options.use_direct_io_for_flush_and_compaction: 0
I200313 14:24:32.961303 30 storage/engine/rocksdb.go:120           Options.create_missing_column_families: 0
I200313 14:24:32.961322 30 storage/engine/rocksdb.go:120                               Options.db_log_dir: 
I200313 14:24:32.961343 30 storage/engine/rocksdb.go:120                                  Options.wal_dir: /cockroach/cockroach-data/cockroach-temp151637128
I200313 14:24:32.961360 30 storage/engine/rocksdb.go:120                 Options.table_cache_numshardbits: 6
I200313 14:24:32.961379 30 storage/engine/rocksdb.go:120                       Options.max_subcompactions: 1
I200313 14:24:32.961398 30 storage/engine/rocksdb.go:120                   Options.max_background_flushes: -1
I200313 14:24:32.961418 30 storage/engine/rocksdb.go:120                          Options.WAL_ttl_seconds: 0
I200313 14:24:32.961437 30 storage/engine/rocksdb.go:120                        Options.WAL_size_limit_MB: 0
I200313 14:24:32.961457 30 storage/engine/rocksdb.go:120              Options.manifest_preallocation_size: 4194304
I200313 14:24:32.961475 30 storage/engine/rocksdb.go:120                      Options.is_fd_close_on_exec: 1
I200313 14:24:32.961501 30 storage/engine/rocksdb.go:120                    Options.advise_random_on_open: 1
I200313 14:24:32.961521 30 storage/engine/rocksdb.go:120                     Options.db_write_buffer_size: 0
I200313 14:24:32.961540 30 storage/engine/rocksdb.go:120                     Options.write_buffer_manager: 0x7f9682491030
I200313 14:24:32.961554 30 storage/engine/rocksdb.go:120          Options.access_hint_on_compaction_start: 1
I200313 14:24:32.961573 30 storage/engine/rocksdb.go:120   Options.new_table_reader_for_compaction_inputs: 0
I200313 14:24:32.961593 30 storage/engine/rocksdb.go:120            Options.random_access_max_buffer_size: 1048576
I200313 14:24:32.961619 30 storage/engine/rocksdb.go:120                       Options.use_adaptive_mutex: 0
I200313 14:24:32.961644 30 storage/engine/rocksdb.go:120                             Options.rate_limiter: (nil)
I200313 14:24:32.961662 30 storage/engine/rocksdb.go:120      Options.sst_file_manager.rate_bytes_per_sec: 0
I200313 14:24:32.961679 30 storage/engine/rocksdb.go:120                        Options.wal_recovery_mode: 0
I200313 14:24:32.961698 30 storage/engine/rocksdb.go:120                   Options.enable_thread_tracking: 0
I200313 14:24:32.961716 30 storage/engine/rocksdb.go:120                   Options.enable_pipelined_write: 0
I200313 14:24:32.961735 30 storage/engine/rocksdb.go:120          Options.allow_concurrent_memtable_write: 1
I200313 14:24:32.961754 30 storage/engine/rocksdb.go:120       Options.enable_write_thread_adaptive_yield: 1
I200313 14:24:32.961774 30 storage/engine/rocksdb.go:120              Options.write_thread_max_yield_usec: 100
I200313 14:24:32.961796 30 storage/engine/rocksdb.go:120             Options.write_thread_slow_yield_usec: 3
I200313 14:24:32.961818 30 storage/engine/rocksdb.go:120                                Options.row_cache: None
I200313 14:24:32.961857 30 storage/engine/rocksdb.go:120                               Options.wal_filter: None
I200313 14:24:32.961873 30 storage/engine/rocksdb.go:120              Options.avoid_flush_during_recovery: 0
I200313 14:24:32.961890 30 storage/engine/rocksdb.go:120              Options.allow_ingest_behind: 0
I200313 14:24:32.961912 30 storage/engine/rocksdb.go:120              Options.preserve_deletes: 0
I200313 14:24:32.961944 30 storage/engine/rocksdb.go:120              Options.two_write_queues: 0
I200313 14:24:32.961963 30 storage/engine/rocksdb.go:120              Options.manual_wal_flush: 1
I200313 14:24:32.961983 30 storage/engine/rocksdb.go:120              Options.atomic_flush: 0
I200313 14:24:32.962005 30 storage/engine/rocksdb.go:120              Options.avoid_unnecessary_blocking_io: 0
I200313 14:24:32.962026 30 storage/engine/rocksdb.go:120              Options.max_background_jobs: 4
I200313 14:24:32.962046 30 storage/engine/rocksdb.go:120              Options.max_background_compactions: -1
I200313 14:24:32.962066 30 storage/engine/rocksdb.go:120              Options.avoid_flush_during_shutdown: 0
I200313 14:24:32.962086 30 storage/engine/rocksdb.go:120            Options.writable_file_max_buffer_size: 1048576
I200313 14:24:32.962111 30 storage/engine/rocksdb.go:120              Options.delayed_write_rate : 16777216
I200313 14:24:32.962132 30 storage/engine/rocksdb.go:120              Options.max_total_wal_size: 0
I200313 14:24:32.962151 30 storage/engine/rocksdb.go:120              Options.delete_obsolete_files_period_micros: 21600000000
I200313 14:24:32.962166 30 storage/engine/rocksdb.go:120                    Options.stats_dump_period_sec: 0
I200313 14:24:32.962185 30 storage/engine/rocksdb.go:120                  Options.stats_persist_period_sec: 600
I200313 14:24:32.962207 30 storage/engine/rocksdb.go:120                  Options.stats_history_buffer_size: 1048576
I200313 14:24:32.962237 30 storage/engine/rocksdb.go:120                           Options.max_open_files: 128
I200313 14:24:32.962259 30 storage/engine/rocksdb.go:120                           Options.bytes_per_sync: 524288
I200313 14:24:32.962279 30 storage/engine/rocksdb.go:120                       Options.wal_bytes_per_sync: 0
I200313 14:24:32.962301 30 storage/engine/rocksdb.go:120                    Options.strict_bytes_per_sync: 1
I200313 14:24:32.962320 30 storage/engine/rocksdb.go:120        Options.compaction_readahead_size: 0
I200313 14:24:32.962337 30 storage/engine/rocksdb.go:120  Compression algorithms supported:
I200313 14:24:32.962357 30 storage/engine/rocksdb.go:120  	kZSTDNotFinalCompression supported: 0
I200313 14:24:32.962383 30 storage/engine/rocksdb.go:120  	kZSTD supported: 0
I200313 14:24:32.962411 30 storage/engine/rocksdb.go:120  	kXpressCompression supported: 0
I200313 14:24:32.962430 30 storage/engine/rocksdb.go:120  	kLZ4HCCompression supported: 0
I200313 14:24:32.962449 30 storage/engine/rocksdb.go:120  	kLZ4Compression supported: 0
I200313 14:24:32.962468 30 storage/engine/rocksdb.go:120  	kBZip2Compression supported: 0
I200313 14:24:32.962487 30 storage/engine/rocksdb.go:120  	kZlibCompression supported: 0
I200313 14:24:32.962516 30 storage/engine/rocksdb.go:120  	kSnappyCompression supported: 1
I200313 14:24:32.962545 30 storage/engine/rocksdb.go:120  Fast CRC32 supported: Supported on x86
I200313 14:24:32.965421 30 storage/engine/rocksdb.go:120  [db/db_impl_open.cc:242] Creating manifest 1 
I200313 14:24:32.979671 30 storage/engine/rocksdb.go:120  [db/version_set.cc:4072] Recovering from manifest file: /cockroach/cockroach-data/cockroach-temp151637128/MANIFEST-000001
I200313 14:24:32.980936 30 storage/engine/rocksdb.go:120  [db/column_family.cc:488] --------------- Options for column family [default]:
I200313 14:24:32.980990 30 storage/engine/rocksdb.go:120                Options.comparator: cockroach_comparator
I200313 14:24:32.981020 30 storage/engine/rocksdb.go:120            Options.merge_operator: cockroach_merge_operator
I200313 14:24:32.981044 30 storage/engine/rocksdb.go:120         Options.compaction_filter: None
I200313 14:24:32.981066 30 storage/engine/rocksdb.go:120         Options.compaction_filter_factory: None
I200313 14:24:32.981087 30 storage/engine/rocksdb.go:120          Options.memtable_factory: SkipListFactory
I200313 14:24:32.981107 30 storage/engine/rocksdb.go:120             Options.table_factory: BlockBasedTable
I200313 14:24:32.981159 30 storage/engine/rocksdb.go:120             table_factory options:   flush_block_policy_factory: FlushBlockBySizePolicyFactory (0x7f9682422030)
  cache_index_and_filter_blocks: 0
  cache_index_and_filter_blocks_with_high_priority: 0
  pin_l0_filter_and_index_blocks_in_cache: 0
  pin_top_level_index_and_filter: 1
  index_type: 0
  data_block_index_type: 0
  index_shortening: 1
  data_block_hash_table_util_ratio: 0.750000
  hash_index_allow_collision: 1
  checksum: 1
  no_block_cache: 0
  block_cache: 0x7f9682414010
  block_cache_name: LRUCache
  block_cache_options:
    capacity : 1048576
    num_shard_bits : 4
    strict_capacity_limit : 0
    memory_allocator : None
    high_pri_pool_ratio: 0.000
  block_cache_compressed: (nil)
  persistent_cache: (nil)
  block_size: 32768
  block_size_deviation: 10
  block_restart_interval: 16
  index_block_restart_interval: 1
  metadata_block_size: 4096
  partition_filters: 0
  use_delta_encoding: 1
  filter_policy: rocksdb.BuiltinBloomFilter
  whole_key_filtering: 0
  verify_compression: 0
  read_amp_bytes_per_bit: 0
  format_version: 2
  enable_index_compression: 1
  block_align: 0
I200313 14:24:32.981196 30 storage/engine/rocksdb.go:120         Options.write_buffer_size: 67108864
I200313 14:24:32.981219 30 storage/engine/rocksdb.go:120   Options.max_write_buffer_number: 4
I200313 14:24:32.981239 30 storage/engine/rocksdb.go:120           Options.compression: Snappy
I200313 14:24:32.981258 30 storage/engine/rocksdb.go:120                   Options.bottommost_compression: Disabled
I200313 14:24:32.981277 30 storage/engine/rocksdb.go:120        Options.prefix_extractor: cockroach_prefix_extractor
I200313 14:24:32.981296 30 storage/engine/rocksdb.go:120    Options.memtable_insert_with_hint_prefix_extractor: nullptr
I200313 14:24:32.981316 30 storage/engine/rocksdb.go:120              Options.num_levels: 7
I200313 14:24:32.981335 30 storage/engine/rocksdb.go:120         Options.min_write_buffer_number_to_merge: 1
I200313 14:24:32.981350 30 storage/engine/rocksdb.go:120      Options.max_write_buffer_number_to_maintain: 0
I200313 14:24:32.981369 30 storage/engine/rocksdb.go:120             Options.bottommost_compression_opts.window_bits: -14
I200313 14:24:32.981388 30 storage/engine/rocksdb.go:120                   Options.bottommost_compression_opts.level: 32767
I200313 14:24:32.981414 30 storage/engine/rocksdb.go:120                Options.bottommost_compression_opts.strategy: 0
I200313 14:24:32.981487 30 storage/engine/rocksdb.go:120          Options.bottommost_compression_opts.max_dict_bytes: 0
I200313 14:24:32.981508 30 storage/engine/rocksdb.go:120          Options.bottommost_compression_opts.zstd_max_train_bytes: 0
I200313 14:24:32.981531 30 storage/engine/rocksdb.go:120                   Options.bottommost_compression_opts.enabled: false
I200313 14:24:32.981558 30 storage/engine/rocksdb.go:120             Options.compression_opts.window_bits: -14
I200313 14:24:32.981577 30 storage/engine/rocksdb.go:120                   Options.compression_opts.level: 32767
I200313 14:24:32.981596 30 storage/engine/rocksdb.go:120                Options.compression_opts.strategy: 0
I200313 14:24:32.981614 30 storage/engine/rocksdb.go:120          Options.compression_opts.max_dict_bytes: 0
I200313 14:24:32.981633 30 storage/engine/rocksdb.go:120          Options.compression_opts.zstd_max_train_bytes: 0
I200313 14:24:32.981652 30 storage/engine/rocksdb.go:120                   Options.compression_opts.enabled: false
I200313 14:24:32.981671 30 storage/engine/rocksdb.go:120       Options.level0_file_num_compaction_trigger: 2
I200313 14:24:32.981690 30 storage/engine/rocksdb.go:120           Options.level0_slowdown_writes_trigger: 950
I200313 14:24:32.981708 30 storage/engine/rocksdb.go:120               Options.level0_stop_writes_trigger: 1000
I200313 14:24:32.981727 30 storage/engine/rocksdb.go:120                    Options.target_file_size_base: 4194304
I200313 14:24:32.981746 30 storage/engine/rocksdb.go:120              Options.target_file_size_multiplier: 2
I200313 14:24:32.981766 30 storage/engine/rocksdb.go:120                 Options.max_bytes_for_level_base: 67108864
I200313 14:24:32.981785 30 storage/engine/rocksdb.go:120  Options.level_compaction_dynamic_level_bytes: 1
I200313 14:24:32.981817 30 storage/engine/rocksdb.go:120           Options.max_bytes_for_level_multiplier: 10.000000
I200313 14:24:32.981842 30 storage/engine/rocksdb.go:120  Options.max_bytes_for_level_multiplier_addtl[0]: 1
I200313 14:24:32.981861 30 storage/engine/rocksdb.go:120  Options.max_bytes_for_level_multiplier_addtl[1]: 1
I200313 14:24:32.981880 30 storage/engine/rocksdb.go:120  Options.max_bytes_for_level_multiplier_addtl[2]: 1
I200313 14:24:32.981899 30 storage/engine/rocksdb.go:120  Options.max_bytes_for_level_multiplier_addtl[3]: 1
I200313 14:24:32.981917 30 storage/engine/rocksdb.go:120  Options.max_bytes_for_level_multiplier_addtl[4]: 1
I200313 14:24:32.981931 30 storage/engine/rocksdb.go:120  Options.max_bytes_for_level_multiplier_addtl[5]: 1
I200313 14:24:32.981950 30 storage/engine/rocksdb.go:120  Options.max_bytes_for_level_multiplier_addtl[6]: 1
I200313 14:24:32.981969 30 storage/engine/rocksdb.go:120        Options.max_sequential_skip_in_iterations: 8
I200313 14:24:32.981987 30 storage/engine/rocksdb.go:120                     Options.max_compaction_bytes: 104857600
I200313 14:24:32.982006 30 storage/engine/rocksdb.go:120                         Options.arena_block_size: 8388608
I200313 14:24:32.982025 30 storage/engine/rocksdb.go:120    Options.soft_pending_compaction_bytes_limit: 2199023255552
I200313 14:24:32.982043 30 storage/engine/rocksdb.go:120    Options.hard_pending_compaction_bytes_limit: 4400193994752
I200313 14:24:32.982068 30 storage/engine/rocksdb.go:120        Options.rate_limit_delay_max_milliseconds: 100
I200313 14:24:32.982087 30 storage/engine/rocksdb.go:120                 Options.disable_auto_compactions: 0
I200313 14:24:32.982108 30 storage/engine/rocksdb.go:120                         Options.compaction_style: kCompactionStyleLevel
I200313 14:24:32.982126 30 storage/engine/rocksdb.go:120                           Options.compaction_pri: kMinOverlappingRatio
I200313 14:24:32.982145 30 storage/engine/rocksdb.go:120  Options.compaction_options_universal.size_ratio: 1
I200313 14:24:32.982165 30 storage/engine/rocksdb.go:120  Options.compaction_options_universal.min_merge_width: 2
I200313 14:24:32.982184 30 storage/engine/rocksdb.go:120  Options.compaction_options_universal.max_merge_width: 4294967295
I200313 14:24:32.982203 30 storage/engine/rocksdb.go:120  Options.compaction_options_universal.max_size_amplification_percent: 200
I200313 14:24:32.982222 30 storage/engine/rocksdb.go:120  Options.compaction_options_universal.compression_size_percent: -1
I200313 14:24:32.982248 30 storage/engine/rocksdb.go:120  Options.compaction_options_universal.stop_style: kCompactionStopStyleTotalSize
I200313 14:24:32.982266 30 storage/engine/rocksdb.go:120  Options.compaction_options_fifo.max_table_files_size: 1073741824
I200313 14:24:32.982286 30 storage/engine/rocksdb.go:120  Options.compaction_options_fifo.allow_compaction: 0
I200313 14:24:32.982308 30 storage/engine/rocksdb.go:120                    Options.table_properties_collectors: TimeBoundTblPropCollectorFactory; DeleteRangeTblPropCollectorFactory; 
I200313 14:24:32.982328 30 storage/engine/rocksdb.go:120                    Options.inplace_update_support: 0
I200313 14:24:32.982342 30 storage/engine/rocksdb.go:120                  Options.inplace_update_num_locks: 10000
I200313 14:24:32.982362 30 storage/engine/rocksdb.go:120                Options.memtable_prefix_bloom_size_ratio: 0.000000
I200313 14:24:32.982387 30 storage/engine/rocksdb.go:120                Options.memtable_whole_key_filtering: 0
I200313 14:24:32.982406 30 storage/engine/rocksdb.go:120    Options.memtable_huge_page_size: 0
I200313 14:24:32.982425 30 storage/engine/rocksdb.go:120                            Options.bloom_locality: 0
I200313 14:24:32.982442 30 storage/engine/rocksdb.go:120                     Options.max_successive_merges: 0
I200313 14:24:32.982461 30 storage/engine/rocksdb.go:120                 Options.optimize_filters_for_hits: 1
I200313 14:24:32.982480 30 storage/engine/rocksdb.go:120                 Options.paranoid_file_checks: 0
I200313 14:24:32.982499 30 storage/engine/rocksdb.go:120                 Options.force_consistency_checks: 0
I200313 14:24:32.982517 30 storage/engine/rocksdb.go:120                 Options.report_bg_io_stats: 0
I200313 14:24:32.982536 30 storage/engine/rocksdb.go:120                                Options.ttl: 0
I200313 14:24:32.982555 30 storage/engine/rocksdb.go:120           Options.periodic_compaction_seconds: 0
I200313 14:24:32.986275 30 storage/engine/rocksdb.go:120  [db/version_set.cc:4286] Recovered from manifest file:/cockroach/cockroach-data/cockroach-temp151637128/MANIFEST-000001 succeeded,manifest_file_number is 1, next_file_number is 3, last_sequence is 0, log_number is 0,prev_log_number is 0,max_column_family is 0,min_log_number_to_keep is 0
I200313 14:24:32.986297 30 storage/engine/rocksdb.go:120  [db/version_set.cc:4295] Column family [default] (ID 0), log number is 0
I200313 14:24:33.006214 30 storage/engine/rocksdb.go:120  DB pointer 0x7f9682499000
I200313 14:24:33.035267 30 storage/engine/rocksdb.go:120  RocksDB version: 6.2.1
I200313 14:24:33.035294 30 storage/engine/rocksdb.go:120  Git sha rocksdb_build_git_sha:@b7009236531fa784872f4823eabf393501e41bf2@
I200313 14:24:33.035338 30 storage/engine/rocksdb.go:120  Compile date Feb  6 2020
I200313 14:24:33.035362 30 storage/engine/rocksdb.go:120  DB SUMMARY
I200313 14:24:33.039299 30 storage/engine/rocksdb.go:120  CURRENT file:  CURRENT
I200313 14:24:33.039332 30 storage/engine/rocksdb.go:120  IDENTITY file:  IDENTITY
I200313 14:24:33.040392 30 storage/engine/rocksdb.go:120  MANIFEST file:  MANIFEST-000025 size: 134 Bytes
I200313 14:24:33.040425 30 storage/engine/rocksdb.go:120  SST files in /cockroach/cockroach-data dir, Total Num: 2, files: 000022.sst 000024.sst 
I200313 14:24:33.040456 30 storage/engine/rocksdb.go:120  Write Ahead Log file in /cockroach/cockroach-data: 000026.log size: 352 ; 
I200313 14:24:33.040481 30 storage/engine/rocksdb.go:120                          Options.error_if_exists: 0
I200313 14:24:33.040502 30 storage/engine/rocksdb.go:120                        Options.create_if_missing: 1
I200313 14:24:33.040539 30 storage/engine/rocksdb.go:120                          Options.paranoid_checks: 1
I200313 14:24:33.040562 30 storage/engine/rocksdb.go:120                                      Options.env: 0x756aca0
I200313 14:24:33.040593 30 storage/engine/rocksdb.go:120                                 Options.info_log: 0x7f9688e87ee0
I200313 14:24:33.040617 30 storage/engine/rocksdb.go:120                 Options.max_file_opening_threads: 16
I200313 14:24:33.040643 30 storage/engine/rocksdb.go:120                               Options.statistics: 0x7f9688e1d8d0
I200313 14:24:33.040665 30 storage/engine/rocksdb.go:120                                Options.use_fsync: 0
I200313 14:24:33.040688 30 storage/engine/rocksdb.go:120                        Options.max_log_file_size: 0
I200313 14:24:33.040757 30 storage/engine/rocksdb.go:120                   Options.max_manifest_file_size: 134217728
I200313 14:24:33.040780 30 storage/engine/rocksdb.go:120                    Options.log_file_time_to_roll: 0
I200313 14:24:33.040799 30 storage/engine/rocksdb.go:120                        Options.keep_log_file_num: 1000
I200313 14:24:33.040829 30 storage/engine/rocksdb.go:120                     Options.recycle_log_file_num: 1
I200313 14:24:33.040860 30 storage/engine/rocksdb.go:120                          Options.allow_fallocate: 1
I200313 14:24:33.040883 30 storage/engine/rocksdb.go:120                         Options.allow_mmap_reads: 0
I200313 14:24:33.040899 30 storage/engine/rocksdb.go:120                        Options.allow_mmap_writes: 0
I200313 14:24:33.040920 30 storage/engine/rocksdb.go:120                         Options.use_direct_reads: 0
I200313 14:24:33.040939 30 storage/engine/rocksdb.go:120                         Options.use_direct_io_for_flush_and_compaction: 0
I200313 14:24:33.040969 30 storage/engine/rocksdb.go:120           Options.create_missing_column_families: 0
I200313 14:24:33.040993 30 storage/engine/rocksdb.go:120                               Options.db_log_dir: 
I200313 14:24:33.041029 30 storage/engine/rocksdb.go:120                                  Options.wal_dir: /cockroach/cockroach-data
I200313 14:24:33.041154 30 storage/engine/rocksdb.go:120                 Options.table_cache_numshardbits: 6
I200313 14:24:33.041177 30 storage/engine/rocksdb.go:120                       Options.max_subcompactions: 1
I200313 14:24:33.041212 30 storage/engine/rocksdb.go:120                   Options.max_background_flushes: -1
I200313 14:24:33.041235 30 storage/engine/rocksdb.go:120                          Options.WAL_ttl_seconds: 0
I200313 14:24:33.041254 30 storage/engine/rocksdb.go:120                        Options.WAL_size_limit_MB: 0
I200313 14:24:33.041278 30 storage/engine/rocksdb.go:120              Options.manifest_preallocation_size: 4194304
I200313 14:24:33.041298 30 storage/engine/rocksdb.go:120                      Options.is_fd_close_on_exec: 1
I200313 14:24:33.041320 30 storage/engine/rocksdb.go:120                    Options.advise_random_on_open: 1
I200313 14:24:33.041342 30 storage/engine/rocksdb.go:120                     Options.db_write_buffer_size: 0
I200313 14:24:33.041364 30 storage/engine/rocksdb.go:120                     Options.write_buffer_manager: 0x7f9688e60cb0
I200313 14:24:33.041390 30 storage/engine/rocksdb.go:120          Options.access_hint_on_compaction_start: 1
I200313 14:24:33.041410 30 storage/engine/rocksdb.go:120   Options.new_table_reader_for_compaction_inputs: 0
I200313 14:24:33.041437 30 storage/engine/rocksdb.go:120            Options.random_access_max_buffer_size: 1048576
I200313 14:24:33.041467 30 storage/engine/rocksdb.go:120                       Options.use_adaptive_mutex: 0
I200313 14:24:33.041536 30 storage/engine/rocksdb.go:120                             Options.rate_limiter: (nil)
I200313 14:24:33.041556 30 storage/engine/rocksdb.go:120      Options.sst_file_manager.rate_bytes_per_sec: 0
I200313 14:24:33.041577 30 storage/engine/rocksdb.go:120                        Options.wal_recovery_mode: 0
I200313 14:24:33.041610 30 storage/engine/rocksdb.go:120                   Options.enable_thread_tracking: 0
I200313 14:24:33.041634 30 storage/engine/rocksdb.go:120                   Options.enable_pipelined_write: 0
I200313 14:24:33.041665 30 storage/engine/rocksdb.go:120          Options.allow_concurrent_memtable_write: 1
I200313 14:24:33.041686 30 storage/engine/rocksdb.go:120       Options.enable_write_thread_adaptive_yield: 1
I200313 14:24:33.041706 30 storage/engine/rocksdb.go:120              Options.write_thread_max_yield_usec: 100
I200313 14:24:33.041729 30 storage/engine/rocksdb.go:120             Options.write_thread_slow_yield_usec: 3
I200313 14:24:33.041750 30 storage/engine/rocksdb.go:120                                Options.row_cache: None
I200313 14:24:33.041766 30 storage/engine/rocksdb.go:120                               Options.wal_filter: None
I200313 14:24:33.041805 30 storage/engine/rocksdb.go:120              Options.avoid_flush_during_recovery: 0
I200313 14:24:33.042030 30 storage/engine/rocksdb.go:120              Options.allow_ingest_behind: 0
I200313 14:24:33.042054 30 storage/engine/rocksdb.go:120              Options.preserve_deletes: 0
I200313 14:24:33.042074 30 storage/engine/rocksdb.go:120              Options.two_write_queues: 0
I200313 14:24:33.042100 30 storage/engine/rocksdb.go:120              Options.manual_wal_flush: 1
I200313 14:24:33.042124 30 storage/engine/rocksdb.go:120              Options.atomic_flush: 0
I200313 14:24:33.042153 30 storage/engine/rocksdb.go:120              Options.avoid_unnecessary_blocking_io: 0
I200313 14:24:33.042175 30 storage/engine/rocksdb.go:120              Options.max_background_jobs: 4
I200313 14:24:33.042202 30 storage/engine/rocksdb.go:120              Options.max_background_compactions: -1
I200313 14:24:33.042225 30 storage/engine/rocksdb.go:120              Options.avoid_flush_during_shutdown: 0
I200313 14:24:33.042269 30 storage/engine/rocksdb.go:120            Options.writable_file_max_buffer_size: 1048576
I200313 14:24:33.042300 30 storage/engine/rocksdb.go:120              Options.delayed_write_rate : 16777216
I200313 14:24:33.042323 30 storage/engine/rocksdb.go:120              Options.max_total_wal_size: 0
I200313 14:24:33.042337 30 storage/engine/rocksdb.go:120              Options.delete_obsolete_files_period_micros: 21600000000
I200313 14:24:33.042356 30 storage/engine/rocksdb.go:120                    Options.stats_dump_period_sec: 0
I200313 14:24:33.042371 30 storage/engine/rocksdb.go:120                  Options.stats_persist_period_sec: 600
I200313 14:24:33.042390 30 storage/engine/rocksdb.go:120                  Options.stats_history_buffer_size: 1048576
I200313 14:24:33.042403 30 storage/engine/rocksdb.go:120                           Options.max_open_files: 1043576
I200313 14:24:33.042432 30 storage/engine/rocksdb.go:120                           Options.bytes_per_sync: 524288
I200313 14:24:33.042454 30 storage/engine/rocksdb.go:120                       Options.wal_bytes_per_sync: 0
I200313 14:24:33.042473 30 storage/engine/rocksdb.go:120                    Options.strict_bytes_per_sync: 1
I200313 14:24:33.042491 30 storage/engine/rocksdb.go:120        Options.compaction_readahead_size: 0
I200313 14:24:33.042510 30 storage/engine/rocksdb.go:120  Compression algorithms supported:
I200313 14:24:33.042534 30 storage/engine/rocksdb.go:120  	kZSTDNotFinalCompression supported: 0
I200313 14:24:33.042557 30 storage/engine/rocksdb.go:120  	kZSTD supported: 0
I200313 14:24:33.042579 30 storage/engine/rocksdb.go:120  	kXpressCompression supported: 0
I200313 14:24:33.042599 30 storage/engine/rocksdb.go:120  	kLZ4HCCompression supported: 0
I200313 14:24:33.042618 30 storage/engine/rocksdb.go:120  	kLZ4Compression supported: 0
I200313 14:24:33.042637 30 storage/engine/rocksdb.go:120  	kBZip2Compression supported: 0
I200313 14:24:33.042655 30 storage/engine/rocksdb.go:120  	kZlibCompression supported: 0
I200313 14:24:33.042672 30 storage/engine/rocksdb.go:120  	kSnappyCompression supported: 1
I200313 14:24:33.042709 30 storage/engine/rocksdb.go:120  Fast CRC32 supported: Supported on x86
I200313 14:24:33.051369 30 storage/engine/rocksdb.go:120  [db/version_set.cc:4072] Recovering from manifest file: /cockroach/cockroach-data/MANIFEST-000025
I200313 14:24:33.052792 30 storage/engine/rocksdb.go:120  [db/column_family.cc:488] --------------- Options for column family [default]:
I200313 14:24:33.052839 30 storage/engine/rocksdb.go:120                Options.comparator: cockroach_comparator
I200313 14:24:33.052861 30 storage/engine/rocksdb.go:120            Options.merge_operator: cockroach_merge_operator
I200313 14:24:33.052881 30 storage/engine/rocksdb.go:120         Options.compaction_filter: None
I200313 14:24:33.052903 30 storage/engine/rocksdb.go:120         Options.compaction_filter_factory: None
I200313 14:24:33.052929 30 storage/engine/rocksdb.go:120          Options.memtable_factory: SkipListFactory
I200313 14:24:33.052949 30 storage/engine/rocksdb.go:120             Options.table_factory: BlockBasedTable
I200313 14:24:33.053119 30 storage/engine/rocksdb.go:120             table_factory options:   flush_block_policy_factory: FlushBlockBySizePolicyFactory (0x7f9688e24038)
  cache_index_and_filter_blocks: 0
  cache_index_and_filter_blocks_with_high_priority: 0
  pin_l0_filter_and_index_blocks_in_cache: 0
  pin_top_level_index_and_filter: 1
  index_type: 0
  data_block_index_type: 0
  index_shortening: 1
  data_block_hash_table_util_ratio: 0.750000
  hash_index_allow_collision: 1
  checksum: 1
  no_block_cache: 0
  block_cache: 0x7f9688e4b210
  block_cache_name: LRUCache
  block_cache_options:
    capacity : 67108864
    num_shard_bits : 4
    strict_capacity_limit : 0
    memory_allocator : None
    high_pri_pool_ratio: 0.000
  block_cache_compressed: (nil)
  persistent_cache: (nil)
  block_size: 32768
  block_size_deviation: 10
  block_restart_interval: 16
  index_block_restart_interval: 1
  metadata_block_size: 4096
  partition_filters: 0
  use_delta_encoding: 1
  filter_policy: rocksdb.BuiltinBloomFilter
  whole_key_filtering: 0
  verify_compression: 0
  read_amp_bytes_per_bit: 0
  format_version: 2
  enable_index_compression: 1
  block_align: 0
I200313 14:24:33.053152 30 storage/engine/rocksdb.go:120         Options.write_buffer_size: 67108864
I200313 14:24:33.053192 30 storage/engine/rocksdb.go:120   Options.max_write_buffer_number: 4
I200313 14:24:33.053223 30 storage/engine/rocksdb.go:120           Options.compression: Snappy
I200313 14:24:33.053245 30 storage/engine/rocksdb.go:120                   Options.bottommost_compression: Disabled
I200313 14:24:33.053260 30 storage/engine/rocksdb.go:120        Options.prefix_extractor: cockroach_prefix_extractor
I200313 14:24:33.053278 30 storage/engine/rocksdb.go:120    Options.memtable_insert_with_hint_prefix_extractor: nullptr
I200313 14:24:33.053298 30 storage/engine/rocksdb.go:120              Options.num_levels: 7
I200313 14:24:33.053317 30 storage/engine/rocksdb.go:120         Options.min_write_buffer_number_to_merge: 1
I200313 14:24:33.053335 30 storage/engine/rocksdb.go:120      Options.max_write_buffer_number_to_maintain: 0
I200313 14:24:33.053355 30 storage/engine/rocksdb.go:120             Options.bottommost_compression_opts.window_bits: -14
I200313 14:24:33.053375 30 storage/engine/rocksdb.go:120                   Options.bottommost_compression_opts.level: 32767
I200313 14:24:33.053394 30 storage/engine/rocksdb.go:120                Options.bottommost_compression_opts.strategy: 0
I200313 14:24:33.053413 30 storage/engine/rocksdb.go:120          Options.bottommost_compression_opts.max_dict_bytes: 0
I200313 14:24:33.053449 30 storage/engine/rocksdb.go:120          Options.bottommost_compression_opts.zstd_max_train_bytes: 0
I200313 14:24:33.053477 30 storage/engine/rocksdb.go:120                   Options.bottommost_compression_opts.enabled: false
I200313 14:24:33.053497 30 storage/engine/rocksdb.go:120             Options.compression_opts.window_bits: -14
I200313 14:24:33.053516 30 storage/engine/rocksdb.go:120                   Options.compression_opts.level: 32767
I200313 14:24:33.053534 30 storage/engine/rocksdb.go:120                Options.compression_opts.strategy: 0
I200313 14:24:33.053556 30 storage/engine/rocksdb.go:120          Options.compression_opts.max_dict_bytes: 0
I200313 14:24:33.053665 30 storage/engine/rocksdb.go:120          Options.compression_opts.zstd_max_train_bytes: 0
I200313 14:24:33.053685 30 storage/engine/rocksdb.go:120                   Options.compression_opts.enabled: false
I200313 14:24:33.053721 30 storage/engine/rocksdb.go:120       Options.level0_file_num_compaction_trigger: 2
I200313 14:24:33.053740 30 storage/engine/rocksdb.go:120           Options.level0_slowdown_writes_trigger: 950
I200313 14:24:33.053764 30 storage/engine/rocksdb.go:120               Options.level0_stop_writes_trigger: 1000
I200313 14:24:33.053794 30 storage/engine/rocksdb.go:120                    Options.target_file_size_base: 4194304
I200313 14:24:33.053817 30 storage/engine/rocksdb.go:120              Options.target_file_size_multiplier: 2
I200313 14:24:33.053837 30 storage/engine/rocksdb.go:120                 Options.max_bytes_for_level_base: 67108864
I200313 14:24:33.053856 30 storage/engine/rocksdb.go:120  Options.level_compaction_dynamic_level_bytes: 1
I200313 14:24:33.053877 30 storage/engine/rocksdb.go:120           Options.max_bytes_for_level_multiplier: 10.000000
I200313 14:24:33.053896 30 storage/engine/rocksdb.go:120  Options.max_bytes_for_level_multiplier_addtl[0]: 1
I200313 14:24:33.053917 30 storage/engine/rocksdb.go:120  Options.max_bytes_for_level_multiplier_addtl[1]: 1
I200313 14:24:33.053944 30 storage/engine/rocksdb.go:120  Options.max_bytes_for_level_multiplier_addtl[2]: 1
I200313 14:24:33.053964 30 storage/engine/rocksdb.go:120  Options.max_bytes_for_level_multiplier_addtl[3]: 1
I200313 14:24:33.053983 30 storage/engine/rocksdb.go:120  Options.max_bytes_for_level_multiplier_addtl[4]: 1
I200313 14:24:33.054001 30 storage/engine/rocksdb.go:120  Options.max_bytes_for_level_multiplier_addtl[5]: 1
I200313 14:24:33.054020 30 storage/engine/rocksdb.go:120  Options.max_bytes_for_level_multiplier_addtl[6]: 1
I200313 14:24:33.054039 30 storage/engine/rocksdb.go:120        Options.max_sequential_skip_in_iterations: 8
I200313 14:24:33.054057 30 storage/engine/rocksdb.go:120                     Options.max_compaction_bytes: 104857600
I200313 14:24:33.054080 30 storage/engine/rocksdb.go:120                         Options.arena_block_size: 8388608
I200313 14:24:33.054102 30 storage/engine/rocksdb.go:120    Options.soft_pending_compaction_bytes_limit: 2199023255552
I200313 14:24:33.054123 30 storage/engine/rocksdb.go:120    Options.hard_pending_compaction_bytes_limit: 4400193994752
I200313 14:24:33.054143 30 storage/engine/rocksdb.go:120        Options.rate_limit_delay_max_milliseconds: 100
I200313 14:24:33.054167 30 storage/engine/rocksdb.go:120                 Options.disable_auto_compactions: 0
I200313 14:24:33.054190 30 storage/engine/rocksdb.go:120                         Options.compaction_style: kCompactionStyleLevel
I200313 14:24:33.054263 30 storage/engine/rocksdb.go:120                           Options.compaction_pri: kMinOverlappingRatio
I200313 14:24:33.054280 30 storage/engine/rocksdb.go:120  Options.compaction_options_universal.size_ratio: 1
I200313 14:24:33.054303 30 storage/engine/rocksdb.go:120  Options.compaction_options_universal.min_merge_width: 2
I200313 14:24:33.054322 30 storage/engine/rocksdb.go:120  Options.compaction_options_universal.max_merge_width: 4294967295
I200313 14:24:33.054346 30 storage/engine/rocksdb.go:120  Options.compaction_options_universal.max_size_amplification_percent: 200
I200313 14:24:33.054367 30 storage/engine/rocksdb.go:120  Options.compaction_options_universal.compression_size_percent: -1
I200313 14:24:33.054386 30 storage/engine/rocksdb.go:120  Options.compaction_options_universal.stop_style: kCompactionStopStyleTotalSize
I200313 14:24:33.054404 30 storage/engine/rocksdb.go:120  Options.compaction_options_fifo.max_table_files_size: 1073741824
I200313 14:24:33.054420 30 storage/engine/rocksdb.go:120  Options.compaction_options_fifo.allow_compaction: 0
I200313 14:24:33.054444 30 storage/engine/rocksdb.go:120                    Options.table_properties_collectors: TimeBoundTblPropCollectorFactory; DeleteRangeTblPropCollectorFactory; 
I200313 14:24:33.054469 30 storage/engine/rocksdb.go:120                    Options.inplace_update_support: 0
I200313 14:24:33.054496 30 storage/engine/rocksdb.go:120                  Options.inplace_update_num_locks: 10000
I200313 14:24:33.054517 30 storage/engine/rocksdb.go:120                Options.memtable_prefix_bloom_size_ratio: 0.000000
I200313 14:24:33.054537 30 storage/engine/rocksdb.go:120                Options.memtable_whole_key_filtering: 0
I200313 14:24:33.054557 30 storage/engine/rocksdb.go:120    Options.memtable_huge_page_size: 0
I200313 14:24:33.054577 30 storage/engine/rocksdb.go:120                            Options.bloom_locality: 0
I200313 14:24:33.054596 30 storage/engine/rocksdb.go:120                     Options.max_successive_merges: 0
I200313 14:24:33.054615 30 storage/engine/rocksdb.go:120                 Options.optimize_filters_for_hits: 1
I200313 14:24:33.054630 30 storage/engine/rocksdb.go:120                 Options.paranoid_file_checks: 0
I200313 14:24:33.054648 30 storage/engine/rocksdb.go:120                 Options.force_consistency_checks: 0
I200313 14:24:33.054667 30 storage/engine/rocksdb.go:120                 Options.report_bg_io_stats: 0
I200313 14:24:33.054683 30 storage/engine/rocksdb.go:120                                Options.ttl: 0
I200313 14:24:33.054700 30 storage/engine/rocksdb.go:120           Options.periodic_compaction_seconds: 0
I200313 14:24:33.059776 30 storage/engine/rocksdb.go:120  [db/version_set.cc:3086] More existing levels in DB than needed. max_bytes_for_level_multiplier may not be guaranteed.
I200313 14:24:33.059809 30 storage/engine/rocksdb.go:120  [db/version_set.cc:4286] Recovered from manifest file:/cockroach/cockroach-data/MANIFEST-000025 succeeded,manifest_file_number is 25, next_file_number is 27, last_sequence is 441, log_number is 20,prev_log_number is 0,max_column_family is 0,min_log_number_to_keep is 0
I200313 14:24:33.059833 30 storage/engine/rocksdb.go:120  [db/version_set.cc:4295] Column family [default] (ID 0), log number is 20
I200313 14:24:33.068864 30 storage/engine/rocksdb.go:120  EVENT_LOG_v1 {"time_micros": 1584109473068795, "job": 1, "event": "recovery_started", "log_files": [26]}
I200313 14:24:33.068931 30 storage/engine/rocksdb.go:120  [db/db_impl_open.cc:598] Recovering log #26 mode 0
I200313 14:24:33.077952 30 storage/engine/rocksdb.go:120  EVENT_LOG_v1 {"time_micros": 1584109473077896, "cf_name": "default", "job": 1, "event": "table_file_creation", "file_number": 27, "file_size": 1163, "table_properties": {"data_size": 134, "index_size": 34, "index_partitions": 0, "top_level_index_size": 0, "index_key_is_user_key": 0, "index_value_is_delta_encoded": 0, "filter_size": 69, "raw_key_size": 30, "raw_average_key_size": 15, "raw_value_size": 87, "raw_average_value_size": 43, "num_data_blocks": 1, "num_entries": 2, "num_deletions": 0, "num_merge_operands": 0, "num_range_deletions": 0, "format_version": 0, "fixed_key_len": 0, "filter_policy": "rocksdb.BuiltinBloomFilter", "column_family_name": "default", "column_family_id": 0, "comparator": "cockroach_comparator", "merge_operator": "cockroach_merge_operator", "prefix_extractor_name": "cockroach_prefix_extractor", "property_collectors": "[TimeBoundTblPropCollectorFactory,DeleteRangeTblPropCollectorFactory]", "compression": "Snappy", "compression_options": "window_bits=-14; level=32767; strategy=0; max_dict_bytes=0; zstd_max_train_bytes=0; enabled=0; ", "creation_time": 1584109473, "oldest_key_time": 3, "file_creation_time": 0}}
I200313 14:24:33.078010 30 storage/engine/rocksdb.go:120  [db/version_set.cc:3560] Creating manifest 28
I200313 14:24:33.081084 30 storage/engine/rocksdb.go:120  [db/version_set.cc:3086] More existing levels in DB than needed. max_bytes_for_level_multiplier may not be guaranteed.
I200313 14:24:33.086724 30 storage/engine/rocksdb.go:120  EVENT_LOG_v1 {"time_micros": 1584109473086675, "job": 1, "event": "recovery_finished"}
I200313 14:24:33.105450 17 storage/engine/rocksdb.go:120  [db/compaction_job.cc:1647] [default] [JOB 3] Compacting 2@0 + 1@6 files to L6, score 1.00
I200313 14:24:33.105484 17 storage/engine/rocksdb.go:120  [db/compaction_job.cc:1651] [default] Compaction start summary: Base version 2 Base level 0, inputs: [27(1163B) 24(1179B)], [22(1114B)]
I200313 14:24:33.105549 17 storage/engine/rocksdb.go:120  EVENT_LOG_v1 {"time_micros": 1584109473105516, "job": 3, "event": "compaction_started", "compaction_reason": "LevelL0FilesNum", "files_L0": [27, 24], "files_L6": [22], "score": 1, "input_data_size": 3456}
I200313 14:24:33.108740 17 storage/engine/rocksdb.go:120  [db/compaction_job.cc:1334] [default] [JOB 3] Generated table #32: 4 keys, 1114 bytes
I200313 14:24:33.108852 17 storage/engine/rocksdb.go:120  EVENT_LOG_v1 {"time_micros": 1584109473108780, "cf_name": "default", "job": 3, "event": "table_file_creation", "file_number": 32, "file_size": 1114, "table_properties": {"data_size": 182, "index_size": 34, "index_partitions": 0, "top_level_index_size": 0, "index_key_is_user_key": 0, "index_value_is_delta_encoded": 0, "filter_size": 0, "raw_key_size": 60, "raw_average_key_size": 15, "raw_value_size": 157, "raw_average_value_size": 39, "num_data_blocks": 1, "num_entries": 4, "num_deletions": 0, "num_merge_operands": 0, "num_range_deletions": 0, "format_version": 0, "fixed_key_len": 0, "filter_policy": "rocksdb.BuiltinBloomFilter", "column_family_name": "default", "column_family_id": 0, "comparator": "cockroach_comparator", "merge_operator": "cockroach_merge_operator", "prefix_extractor_name": "cockroach_prefix_extractor", "property_collectors": "[TimeBoundTblPropCollectorFactory,DeleteRangeTblPropCollectorFactory]", "compression": "Snappy", "compression_options": "window_bits=-14; level=32767; strategy=0; max_dict_bytes=0; zstd_max_train_bytes=0; enabled=0; ", "creation_time": 1584109473, "oldest_key_time": 0, "file_creation_time": 1584109473}}
I200313 14:24:33.111022 17 storage/engine/rocksdb.go:120  [db/compaction_job.cc:1397] [default] [JOB 3] Compacted 2@0 + 1@6 files to L6 => 1114 bytes
I200313 14:24:33.111085 17 storage/engine/rocksdb.go:120  [db/version_set.cc:3086] More existing levels in DB than needed. max_bytes_for_level_multiplier may not be guaranteed.
I200313 14:24:33.111734 17 storage/engine/rocksdb.go:120  (Original Log Time 2020/03/13-14:24:33.111522) [db/compaction_job.cc:770] [default] compacted to: base level 6 level multiplier 10.00 max bytes base 67108864 files[0 0 0 0 0 0 1] max score 0.00, MB/sec: 0.9 rd, 0.3 wr, level 6, files in(2, 1) out(1) MB in(0.0, 0.0) out(0.0), read-write-amplify(2.0) write-amplify(0.5) OK, records in: 9, records dropped: 5 output_compression: Snappy
I200313 14:24:33.111767 17 storage/engine/rocksdb.go:120  (Original Log Time 2020/03/13-14:24:33.111580) EVENT_LOG_v1 {"time_micros": 1584109473111556, "job": 3, "event": "compaction_finished", "compaction_time_micros": 3909, "compaction_time_cpu_micros": 771, "output_level": 6, "num_output_files": 1, "total_output_size": 1114, "num_input_records": 9, "num_output_records": 4, "num_subcompactions": 1, "output_compression": "Snappy", "num_single_delete_mismatches": 0, "num_single_delete_fallthrough": 0, "lsm_state": [0, 0, 0, 0, 0, 0, 1]}
I200313 14:24:33.112597 17 storage/engine/rocksdb.go:120  EVENT_LOG_v1 {"time_micros": 1584109473112568, "job": 3, "event": "table_file_deletion", "file_number": 27}
I200313 14:24:33.113137 30 storage/engine/rocksdb.go:120  DB pointer 0x7f9688f9d000
I200313 14:24:33.113974 17 storage/engine/rocksdb.go:120  EVENT_LOG_v1 {"time_micros": 1584109473113951, "job": 3, "event": "table_file_deletion", "file_number": 24}
I200313 14:24:33.115150 17 storage/engine/rocksdb.go:120  EVENT_LOG_v1 {"time_micros": 1584109473115127, "job": 3, "event": "table_file_deletion", "file_number": 22}
I200313 14:24:45.187389 356 storage/engine/rocksdb.go:120  bloom filter utility:    -nan%
I200313 14:24:45.188338 356 storage/engine/rocksdb.go:120  [db/db_impl.cc:392] Shutdown: canceling all background work
I200313 14:24:45.197021 356 storage/engine/rocksdb.go:120  [db/db_impl.cc:565] Shutdown complete
I200313 14:24:45.214812 356 storage/engine/rocksdb.go:120  bloom filter utility:    -nan%
I200313 14:24:45.215114 356 storage/engine/rocksdb.go:120  [db/db_impl.cc:392] Shutdown: canceling all background work
I200313 14:24:45.219458 356 storage/engine/rocksdb.go:120  [db/db_impl.cc:565] Shutdown complete
