I200313 14:25:24.037426 43 util/log/clog.go:1196  [config] file created at: 2020/03/13 14:25:24
I200313 14:25:24.037426 43 util/log/clog.go:1196  [config] running on machine: 3195b81d3530
I200313 14:25:24.037426 43 util/log/clog.go:1196  [config] binary: CockroachDB CCL v19.2.4 (x86_64-unknown-linux-gnu, built 2020/02/06 21:55:19, go1.12.12)
I200313 14:25:24.037426 43 util/log/clog.go:1196  [config] arguments: [/cockroach/cockroach start --insecure --join=node_1]
I200313 14:25:24.037426 43 util/log/clog.go:1196  line format: [IWEF]yymmdd hh:mm:ss.uuuuuu goid file:line msg utf8=✓
I200313 14:25:24.037412 43 storage/engine/rocksdb.go:120  RocksDB version: 6.2.1
I200313 14:25:24.040824 43 storage/engine/rocksdb.go:120  Git sha rocksdb_build_git_sha:@b7009236531fa784872f4823eabf393501e41bf2@
I200313 14:25:24.040844 43 storage/engine/rocksdb.go:120  Compile date Feb  6 2020
I200313 14:25:24.040864 43 storage/engine/rocksdb.go:120  DB SUMMARY
I200313 14:25:24.042395 43 storage/engine/rocksdb.go:120  SST files in /cockroach/cockroach-data/cockroach-temp854717156 dir, Total Num: 0, files: 
I200313 14:25:24.055484 43 storage/engine/rocksdb.go:120  Write Ahead Log file in /cockroach/cockroach-data/cockroach-temp854717156: 
I200313 14:25:24.055509 43 storage/engine/rocksdb.go:120                          Options.error_if_exists: 0
I200313 14:25:24.055529 43 storage/engine/rocksdb.go:120                        Options.create_if_missing: 1
I200313 14:25:24.055549 43 storage/engine/rocksdb.go:120                          Options.paranoid_checks: 1
I200313 14:25:24.055568 43 storage/engine/rocksdb.go:120                                      Options.env: 0x756aca0
I200313 14:25:24.055588 43 storage/engine/rocksdb.go:120                                 Options.info_log: 0x7ff1a0827140
I200313 14:25:24.055608 43 storage/engine/rocksdb.go:120                 Options.max_file_opening_threads: 16
I200313 14:25:24.055629 43 storage/engine/rocksdb.go:120                               Options.statistics: 0x7ff1a0834010
I200313 14:25:24.055649 43 storage/engine/rocksdb.go:120                                Options.use_fsync: 0
I200313 14:25:24.055669 43 storage/engine/rocksdb.go:120                        Options.max_log_file_size: 0
I200313 14:25:24.055689 43 storage/engine/rocksdb.go:120                   Options.max_manifest_file_size: 134217728
I200313 14:25:24.055709 43 storage/engine/rocksdb.go:120                    Options.log_file_time_to_roll: 0
I200313 14:25:24.055729 43 storage/engine/rocksdb.go:120                        Options.keep_log_file_num: 1000
I200313 14:25:24.055749 43 storage/engine/rocksdb.go:120                     Options.recycle_log_file_num: 1
I200313 14:25:24.055769 43 storage/engine/rocksdb.go:120                          Options.allow_fallocate: 1
I200313 14:25:24.055789 43 storage/engine/rocksdb.go:120                         Options.allow_mmap_reads: 0
I200313 14:25:24.055809 43 storage/engine/rocksdb.go:120                        Options.allow_mmap_writes: 0
I200313 14:25:24.055829 43 storage/engine/rocksdb.go:120                         Options.use_direct_reads: 0
I200313 14:25:24.055849 43 storage/engine/rocksdb.go:120                         Options.use_direct_io_for_flush_and_compaction: 0
I200313 14:25:24.055868 43 storage/engine/rocksdb.go:120           Options.create_missing_column_families: 0
I200313 14:25:24.055888 43 storage/engine/rocksdb.go:120                               Options.db_log_dir: 
I200313 14:25:24.055910 43 storage/engine/rocksdb.go:120                                  Options.wal_dir: /cockroach/cockroach-data/cockroach-temp854717156
I200313 14:25:24.055930 43 storage/engine/rocksdb.go:120                 Options.table_cache_numshardbits: 6
I200313 14:25:24.055951 43 storage/engine/rocksdb.go:120                       Options.max_subcompactions: 1
I200313 14:25:24.055970 43 storage/engine/rocksdb.go:120                   Options.max_background_flushes: -1
I200313 14:25:24.055990 43 storage/engine/rocksdb.go:120                          Options.WAL_ttl_seconds: 0
I200313 14:25:24.056010 43 storage/engine/rocksdb.go:120                        Options.WAL_size_limit_MB: 0
I200313 14:25:24.056030 43 storage/engine/rocksdb.go:120              Options.manifest_preallocation_size: 4194304
I200313 14:25:24.056050 43 storage/engine/rocksdb.go:120                      Options.is_fd_close_on_exec: 1
I200313 14:25:24.056071 43 storage/engine/rocksdb.go:120                    Options.advise_random_on_open: 1
I200313 14:25:24.056090 43 storage/engine/rocksdb.go:120                     Options.db_write_buffer_size: 0
I200313 14:25:24.056111 43 storage/engine/rocksdb.go:120                     Options.write_buffer_manager: 0x7ff1a0819060
I200313 14:25:24.056136 43 storage/engine/rocksdb.go:120          Options.access_hint_on_compaction_start: 1
I200313 14:25:24.056156 43 storage/engine/rocksdb.go:120   Options.new_table_reader_for_compaction_inputs: 0
I200313 14:25:24.056177 43 storage/engine/rocksdb.go:120            Options.random_access_max_buffer_size: 1048576
I200313 14:25:24.056197 43 storage/engine/rocksdb.go:120                       Options.use_adaptive_mutex: 0
I200313 14:25:24.056216 43 storage/engine/rocksdb.go:120                             Options.rate_limiter: (nil)
I200313 14:25:24.056240 43 storage/engine/rocksdb.go:120      Options.sst_file_manager.rate_bytes_per_sec: 0
I200313 14:25:24.056258 43 storage/engine/rocksdb.go:120                        Options.wal_recovery_mode: 0
I200313 14:25:24.056277 43 storage/engine/rocksdb.go:120                   Options.enable_thread_tracking: 0
I200313 14:25:24.056296 43 storage/engine/rocksdb.go:120                   Options.enable_pipelined_write: 0
I200313 14:25:24.056315 43 storage/engine/rocksdb.go:120          Options.allow_concurrent_memtable_write: 1
I200313 14:25:24.056333 43 storage/engine/rocksdb.go:120       Options.enable_write_thread_adaptive_yield: 1
I200313 14:25:24.056352 43 storage/engine/rocksdb.go:120              Options.write_thread_max_yield_usec: 100
I200313 14:25:24.056371 43 storage/engine/rocksdb.go:120             Options.write_thread_slow_yield_usec: 3
I200313 14:25:24.056391 43 storage/engine/rocksdb.go:120                                Options.row_cache: None
I200313 14:25:24.056410 43 storage/engine/rocksdb.go:120                               Options.wal_filter: None
I200313 14:25:24.056430 43 storage/engine/rocksdb.go:120              Options.avoid_flush_during_recovery: 0
I200313 14:25:24.056449 43 storage/engine/rocksdb.go:120              Options.allow_ingest_behind: 0
I200313 14:25:24.056468 43 storage/engine/rocksdb.go:120              Options.preserve_deletes: 0
I200313 14:25:24.056487 43 storage/engine/rocksdb.go:120              Options.two_write_queues: 0
I200313 14:25:24.056506 43 storage/engine/rocksdb.go:120              Options.manual_wal_flush: 1
I200313 14:25:24.056525 43 storage/engine/rocksdb.go:120              Options.atomic_flush: 0
I200313 14:25:24.056543 43 storage/engine/rocksdb.go:120              Options.avoid_unnecessary_blocking_io: 0
I200313 14:25:24.056562 43 storage/engine/rocksdb.go:120              Options.max_background_jobs: 4
I200313 14:25:24.056581 43 storage/engine/rocksdb.go:120              Options.max_background_compactions: -1
I200313 14:25:24.056599 43 storage/engine/rocksdb.go:120              Options.avoid_flush_during_shutdown: 0
I200313 14:25:24.056618 43 storage/engine/rocksdb.go:120            Options.writable_file_max_buffer_size: 1048576
I200313 14:25:24.056637 43 storage/engine/rocksdb.go:120              Options.delayed_write_rate : 16777216
I200313 14:25:24.056656 43 storage/engine/rocksdb.go:120              Options.max_total_wal_size: 0
I200313 14:25:24.056674 43 storage/engine/rocksdb.go:120              Options.delete_obsolete_files_period_micros: 21600000000
I200313 14:25:24.056693 43 storage/engine/rocksdb.go:120                    Options.stats_dump_period_sec: 0
I200313 14:25:24.056711 43 storage/engine/rocksdb.go:120                  Options.stats_persist_period_sec: 600
I200313 14:25:24.056730 43 storage/engine/rocksdb.go:120                  Options.stats_history_buffer_size: 1048576
I200313 14:25:24.056749 43 storage/engine/rocksdb.go:120                           Options.max_open_files: 128
I200313 14:25:24.056767 43 storage/engine/rocksdb.go:120                           Options.bytes_per_sync: 524288
I200313 14:25:24.056786 43 storage/engine/rocksdb.go:120                       Options.wal_bytes_per_sync: 0
I200313 14:25:24.056804 43 storage/engine/rocksdb.go:120                    Options.strict_bytes_per_sync: 1
I200313 14:25:24.056823 43 storage/engine/rocksdb.go:120        Options.compaction_readahead_size: 0
I200313 14:25:24.056842 43 storage/engine/rocksdb.go:120  Compression algorithms supported:
I200313 14:25:24.056864 43 storage/engine/rocksdb.go:120  	kZSTDNotFinalCompression supported: 0
I200313 14:25:24.056884 43 storage/engine/rocksdb.go:120  	kZSTD supported: 0
I200313 14:25:24.056902 43 storage/engine/rocksdb.go:120  	kXpressCompression supported: 0
I200313 14:25:24.056921 43 storage/engine/rocksdb.go:120  	kLZ4HCCompression supported: 0
I200313 14:25:24.056940 43 storage/engine/rocksdb.go:120  	kLZ4Compression supported: 0
I200313 14:25:24.056959 43 storage/engine/rocksdb.go:120  	kBZip2Compression supported: 0
I200313 14:25:24.056977 43 storage/engine/rocksdb.go:120  	kZlibCompression supported: 0
I200313 14:25:24.056996 43 storage/engine/rocksdb.go:120  	kSnappyCompression supported: 1
I200313 14:25:24.057025 43 storage/engine/rocksdb.go:120  Fast CRC32 supported: Supported on x86
I200313 14:25:24.059737 43 storage/engine/rocksdb.go:120  [db/db_impl_open.cc:242] Creating manifest 1 
I200313 14:25:24.069866 43 storage/engine/rocksdb.go:120  [db/version_set.cc:4072] Recovering from manifest file: /cockroach/cockroach-data/cockroach-temp854717156/MANIFEST-000001
I200313 14:25:24.070830 43 storage/engine/rocksdb.go:120  [db/column_family.cc:488] --------------- Options for column family [default]:
I200313 14:25:24.070852 43 storage/engine/rocksdb.go:120                Options.comparator: cockroach_comparator
I200313 14:25:24.070872 43 storage/engine/rocksdb.go:120            Options.merge_operator: cockroach_merge_operator
I200313 14:25:24.070891 43 storage/engine/rocksdb.go:120         Options.compaction_filter: None
I200313 14:25:24.070910 43 storage/engine/rocksdb.go:120         Options.compaction_filter_factory: None
I200313 14:25:24.070929 43 storage/engine/rocksdb.go:120          Options.memtable_factory: SkipListFactory
I200313 14:25:24.070948 43 storage/engine/rocksdb.go:120             Options.table_factory: BlockBasedTable
I200313 14:25:24.070992 43 storage/engine/rocksdb.go:120             table_factory options:   flush_block_policy_factory: FlushBlockBySizePolicyFactory (0x7ff1a0828030)
  cache_index_and_filter_blocks: 0
  cache_index_and_filter_blocks_with_high_priority: 0
  pin_l0_filter_and_index_blocks_in_cache: 0
  pin_top_level_index_and_filter: 1
  index_type: 0
  data_block_index_type: 0
  index_shortening: 1
  data_block_hash_table_util_ratio: 0.750000
  hash_index_allow_collision: 1
  checksum: 1
  no_block_cache: 0
  block_cache: 0x7ff1a081c010
  block_cache_name: LRUCache
  block_cache_options:
    capacity : 1048576
    num_shard_bits : 4
    strict_capacity_limit : 0
    memory_allocator : None
    high_pri_pool_ratio: 0.000
  block_cache_compressed: (nil)
  persistent_cache: (nil)
  block_size: 32768
  block_size_deviation: 10
  block_restart_interval: 16
  index_block_restart_interval: 1
  metadata_block_size: 4096
  partition_filters: 0
  use_delta_encoding: 1
  filter_policy: rocksdb.BuiltinBloomFilter
  whole_key_filtering: 0
  verify_compression: 0
  read_amp_bytes_per_bit: 0
  format_version: 2
  enable_index_compression: 1
  block_align: 0
I200313 14:25:24.071014 43 storage/engine/rocksdb.go:120         Options.write_buffer_size: 67108864
I200313 14:25:24.071035 43 storage/engine/rocksdb.go:120   Options.max_write_buffer_number: 4
I200313 14:25:24.071060 43 storage/engine/rocksdb.go:120           Options.compression: Snappy
I200313 14:25:24.071080 43 storage/engine/rocksdb.go:120                   Options.bottommost_compression: Disabled
I200313 14:25:24.071099 43 storage/engine/rocksdb.go:120        Options.prefix_extractor: cockroach_prefix_extractor
I200313 14:25:24.071118 43 storage/engine/rocksdb.go:120    Options.memtable_insert_with_hint_prefix_extractor: nullptr
I200313 14:25:24.071137 43 storage/engine/rocksdb.go:120              Options.num_levels: 7
I200313 14:25:24.071156 43 storage/engine/rocksdb.go:120         Options.min_write_buffer_number_to_merge: 1
I200313 14:25:24.071174 43 storage/engine/rocksdb.go:120      Options.max_write_buffer_number_to_maintain: 0
I200313 14:25:24.071193 43 storage/engine/rocksdb.go:120             Options.bottommost_compression_opts.window_bits: -14
I200313 14:25:24.071215 43 storage/engine/rocksdb.go:120                   Options.bottommost_compression_opts.level: 32767
I200313 14:25:24.071234 43 storage/engine/rocksdb.go:120                Options.bottommost_compression_opts.strategy: 0
I200313 14:25:24.071252 43 storage/engine/rocksdb.go:120          Options.bottommost_compression_opts.max_dict_bytes: 0
I200313 14:25:24.071271 43 storage/engine/rocksdb.go:120          Options.bottommost_compression_opts.zstd_max_train_bytes: 0
I200313 14:25:24.071290 43 storage/engine/rocksdb.go:120                   Options.bottommost_compression_opts.enabled: false
I200313 14:25:24.071308 43 storage/engine/rocksdb.go:120             Options.compression_opts.window_bits: -14
I200313 14:25:24.071327 43 storage/engine/rocksdb.go:120                   Options.compression_opts.level: 32767
I200313 14:25:24.071346 43 storage/engine/rocksdb.go:120                Options.compression_opts.strategy: 0
I200313 14:25:24.071364 43 storage/engine/rocksdb.go:120          Options.compression_opts.max_dict_bytes: 0
I200313 14:25:24.071383 43 storage/engine/rocksdb.go:120          Options.compression_opts.zstd_max_train_bytes: 0
I200313 14:25:24.071402 43 storage/engine/rocksdb.go:120                   Options.compression_opts.enabled: false
I200313 14:25:24.071420 43 storage/engine/rocksdb.go:120       Options.level0_file_num_compaction_trigger: 2
I200313 14:25:24.071439 43 storage/engine/rocksdb.go:120           Options.level0_slowdown_writes_trigger: 950
I200313 14:25:24.071457 43 storage/engine/rocksdb.go:120               Options.level0_stop_writes_trigger: 1000
I200313 14:25:24.071476 43 storage/engine/rocksdb.go:120                    Options.target_file_size_base: 4194304
I200313 14:25:24.071494 43 storage/engine/rocksdb.go:120              Options.target_file_size_multiplier: 2
I200313 14:25:24.071513 43 storage/engine/rocksdb.go:120                 Options.max_bytes_for_level_base: 67108864
I200313 14:25:24.071532 43 storage/engine/rocksdb.go:120  Options.level_compaction_dynamic_level_bytes: 1
I200313 14:25:24.071551 43 storage/engine/rocksdb.go:120           Options.max_bytes_for_level_multiplier: 10.000000
I200313 14:25:24.071570 43 storage/engine/rocksdb.go:120  Options.max_bytes_for_level_multiplier_addtl[0]: 1
I200313 14:25:24.071589 43 storage/engine/rocksdb.go:120  Options.max_bytes_for_level_multiplier_addtl[1]: 1
I200313 14:25:24.071608 43 storage/engine/rocksdb.go:120  Options.max_bytes_for_level_multiplier_addtl[2]: 1
I200313 14:25:24.071627 43 storage/engine/rocksdb.go:120  Options.max_bytes_for_level_multiplier_addtl[3]: 1
I200313 14:25:24.071645 43 storage/engine/rocksdb.go:120  Options.max_bytes_for_level_multiplier_addtl[4]: 1
I200313 14:25:24.071664 43 storage/engine/rocksdb.go:120  Options.max_bytes_for_level_multiplier_addtl[5]: 1
I200313 14:25:24.071683 43 storage/engine/rocksdb.go:120  Options.max_bytes_for_level_multiplier_addtl[6]: 1
I200313 14:25:24.071702 43 storage/engine/rocksdb.go:120        Options.max_sequential_skip_in_iterations: 8
I200313 14:25:24.071721 43 storage/engine/rocksdb.go:120                     Options.max_compaction_bytes: 104857600
I200313 14:25:24.071740 43 storage/engine/rocksdb.go:120                         Options.arena_block_size: 8388608
I200313 14:25:24.071758 43 storage/engine/rocksdb.go:120    Options.soft_pending_compaction_bytes_limit: 2199023255552
I200313 14:25:24.071777 43 storage/engine/rocksdb.go:120    Options.hard_pending_compaction_bytes_limit: 4400193994752
I200313 14:25:24.071795 43 storage/engine/rocksdb.go:120        Options.rate_limit_delay_max_milliseconds: 100
I200313 14:25:24.071814 43 storage/engine/rocksdb.go:120                 Options.disable_auto_compactions: 0
I200313 14:25:24.071834 43 storage/engine/rocksdb.go:120                         Options.compaction_style: kCompactionStyleLevel
I200313 14:25:24.071853 43 storage/engine/rocksdb.go:120                           Options.compaction_pri: kMinOverlappingRatio
I200313 14:25:24.071875 43 storage/engine/rocksdb.go:120  Options.compaction_options_universal.size_ratio: 1
I200313 14:25:24.071894 43 storage/engine/rocksdb.go:120  Options.compaction_options_universal.min_merge_width: 2
I200313 14:25:24.071913 43 storage/engine/rocksdb.go:120  Options.compaction_options_universal.max_merge_width: 4294967295
I200313 14:25:24.071934 43 storage/engine/rocksdb.go:120  Options.compaction_options_universal.max_size_amplification_percent: 200
I200313 14:25:24.071953 43 storage/engine/rocksdb.go:120  Options.compaction_options_universal.compression_size_percent: -1
I200313 14:25:24.071972 43 storage/engine/rocksdb.go:120  Options.compaction_options_universal.stop_style: kCompactionStopStyleTotalSize
I200313 14:25:24.071991 43 storage/engine/rocksdb.go:120  Options.compaction_options_fifo.max_table_files_size: 1073741824
I200313 14:25:24.072009 43 storage/engine/rocksdb.go:120  Options.compaction_options_fifo.allow_compaction: 0
I200313 14:25:24.072030 43 storage/engine/rocksdb.go:120                    Options.table_properties_collectors: TimeBoundTblPropCollectorFactory; DeleteRangeTblPropCollectorFactory; 
I200313 14:25:24.072050 43 storage/engine/rocksdb.go:120                    Options.inplace_update_support: 0
I200313 14:25:24.072069 43 storage/engine/rocksdb.go:120                  Options.inplace_update_num_locks: 10000
I200313 14:25:24.072088 43 storage/engine/rocksdb.go:120                Options.memtable_prefix_bloom_size_ratio: 0.000000
I200313 14:25:24.072107 43 storage/engine/rocksdb.go:120                Options.memtable_whole_key_filtering: 0
I200313 14:25:24.072126 43 storage/engine/rocksdb.go:120    Options.memtable_huge_page_size: 0
I200313 14:25:24.072144 43 storage/engine/rocksdb.go:120                            Options.bloom_locality: 0
I200313 14:25:24.072163 43 storage/engine/rocksdb.go:120                     Options.max_successive_merges: 0
I200313 14:25:24.072181 43 storage/engine/rocksdb.go:120                 Options.optimize_filters_for_hits: 1
I200313 14:25:24.072200 43 storage/engine/rocksdb.go:120                 Options.paranoid_file_checks: 0
I200313 14:25:24.072218 43 storage/engine/rocksdb.go:120                 Options.force_consistency_checks: 0
I200313 14:25:24.072237 43 storage/engine/rocksdb.go:120                 Options.report_bg_io_stats: 0
I200313 14:25:24.072256 43 storage/engine/rocksdb.go:120                                Options.ttl: 0
I200313 14:25:24.072274 43 storage/engine/rocksdb.go:120           Options.periodic_compaction_seconds: 0
I200313 14:25:24.074537 43 storage/engine/rocksdb.go:120  [db/version_set.cc:4286] Recovered from manifest file:/cockroach/cockroach-data/cockroach-temp854717156/MANIFEST-000001 succeeded,manifest_file_number is 1, next_file_number is 3, last_sequence is 0, log_number is 0,prev_log_number is 0,max_column_family is 0,min_log_number_to_keep is 0
I200313 14:25:24.074558 43 storage/engine/rocksdb.go:120  [db/version_set.cc:4295] Column family [default] (ID 0), log number is 0
I200313 14:25:24.088079 43 storage/engine/rocksdb.go:120  DB pointer 0x7ff1a08a1000
I200313 14:25:24.107077 43 storage/engine/rocksdb.go:120  RocksDB version: 6.2.1
I200313 14:25:24.107102 43 storage/engine/rocksdb.go:120  Git sha rocksdb_build_git_sha:@b7009236531fa784872f4823eabf393501e41bf2@
I200313 14:25:24.107122 43 storage/engine/rocksdb.go:120  Compile date Feb  6 2020
I200313 14:25:24.107141 43 storage/engine/rocksdb.go:120  DB SUMMARY
I200313 14:25:24.110386 43 storage/engine/rocksdb.go:120  CURRENT file:  CURRENT
I200313 14:25:24.110422 43 storage/engine/rocksdb.go:120  IDENTITY file:  IDENTITY
I200313 14:25:24.111194 43 storage/engine/rocksdb.go:120  MANIFEST file:  MANIFEST-000028 size: 237 Bytes
I200313 14:25:24.111241 43 storage/engine/rocksdb.go:120  SST files in /cockroach/cockroach-data dir, Total Num: 1, files: 000032.sst 
I200313 14:25:24.111266 43 storage/engine/rocksdb.go:120  Write Ahead Log file in /cockroach/cockroach-data: 000029.log size: 908 ; 
I200313 14:25:24.111302 43 storage/engine/rocksdb.go:120                          Options.error_if_exists: 0
I200313 14:25:24.111326 43 storage/engine/rocksdb.go:120                        Options.create_if_missing: 1
I200313 14:25:24.111345 43 storage/engine/rocksdb.go:120                          Options.paranoid_checks: 1
I200313 14:25:24.111364 43 storage/engine/rocksdb.go:120                                      Options.env: 0x756aca0
I200313 14:25:24.111383 43 storage/engine/rocksdb.go:120                                 Options.info_log: 0x7ff1aa687f00
I200313 14:25:24.111401 43 storage/engine/rocksdb.go:120                 Options.max_file_opening_threads: 16
I200313 14:25:24.111420 43 storage/engine/rocksdb.go:120                               Options.statistics: 0x7ff1aa61d8d0
I200313 14:25:24.111439 43 storage/engine/rocksdb.go:120                                Options.use_fsync: 0
I200313 14:25:24.111458 43 storage/engine/rocksdb.go:120                        Options.max_log_file_size: 0
I200313 14:25:24.111477 43 storage/engine/rocksdb.go:120                   Options.max_manifest_file_size: 134217728
I200313 14:25:24.111495 43 storage/engine/rocksdb.go:120                    Options.log_file_time_to_roll: 0
I200313 14:25:24.111514 43 storage/engine/rocksdb.go:120                        Options.keep_log_file_num: 1000
I200313 14:25:24.111533 43 storage/engine/rocksdb.go:120                     Options.recycle_log_file_num: 1
I200313 14:25:24.111552 43 storage/engine/rocksdb.go:120                          Options.allow_fallocate: 1
I200313 14:25:24.111570 43 storage/engine/rocksdb.go:120                         Options.allow_mmap_reads: 0
I200313 14:25:24.111589 43 storage/engine/rocksdb.go:120                        Options.allow_mmap_writes: 0
I200313 14:25:24.111608 43 storage/engine/rocksdb.go:120                         Options.use_direct_reads: 0
I200313 14:25:24.111627 43 storage/engine/rocksdb.go:120                         Options.use_direct_io_for_flush_and_compaction: 0
I200313 14:25:24.111645 43 storage/engine/rocksdb.go:120           Options.create_missing_column_families: 0
I200313 14:25:24.111664 43 storage/engine/rocksdb.go:120                               Options.db_log_dir: 
I200313 14:25:24.111683 43 storage/engine/rocksdb.go:120                                  Options.wal_dir: /cockroach/cockroach-data
I200313 14:25:24.111701 43 storage/engine/rocksdb.go:120                 Options.table_cache_numshardbits: 6
I200313 14:25:24.111720 43 storage/engine/rocksdb.go:120                       Options.max_subcompactions: 1
I200313 14:25:24.111739 43 storage/engine/rocksdb.go:120                   Options.max_background_flushes: -1
I200313 14:25:24.111757 43 storage/engine/rocksdb.go:120                          Options.WAL_ttl_seconds: 0
I200313 14:25:24.111776 43 storage/engine/rocksdb.go:120                        Options.WAL_size_limit_MB: 0
I200313 14:25:24.111795 43 storage/engine/rocksdb.go:120              Options.manifest_preallocation_size: 4194304
I200313 14:25:24.111813 43 storage/engine/rocksdb.go:120                      Options.is_fd_close_on_exec: 1
I200313 14:25:24.111832 43 storage/engine/rocksdb.go:120                    Options.advise_random_on_open: 1
I200313 14:25:24.111851 43 storage/engine/rocksdb.go:120                     Options.db_write_buffer_size: 0
I200313 14:25:24.111870 43 storage/engine/rocksdb.go:120                     Options.write_buffer_manager: 0x7ff1aa660cb0
I200313 14:25:24.111889 43 storage/engine/rocksdb.go:120          Options.access_hint_on_compaction_start: 1
I200313 14:25:24.111909 43 storage/engine/rocksdb.go:120   Options.new_table_reader_for_compaction_inputs: 0
I200313 14:25:24.111929 43 storage/engine/rocksdb.go:120            Options.random_access_max_buffer_size: 1048576
I200313 14:25:24.111949 43 storage/engine/rocksdb.go:120                       Options.use_adaptive_mutex: 0
I200313 14:25:24.111968 43 storage/engine/rocksdb.go:120                             Options.rate_limiter: (nil)
I200313 14:25:24.111988 43 storage/engine/rocksdb.go:120      Options.sst_file_manager.rate_bytes_per_sec: 0
I200313 14:25:24.112007 43 storage/engine/rocksdb.go:120                        Options.wal_recovery_mode: 0
I200313 14:25:24.112031 43 storage/engine/rocksdb.go:120                   Options.enable_thread_tracking: 0
I200313 14:25:24.112050 43 storage/engine/rocksdb.go:120                   Options.enable_pipelined_write: 0
I200313 14:25:24.112069 43 storage/engine/rocksdb.go:120          Options.allow_concurrent_memtable_write: 1
I200313 14:25:24.112088 43 storage/engine/rocksdb.go:120       Options.enable_write_thread_adaptive_yield: 1
I200313 14:25:24.112107 43 storage/engine/rocksdb.go:120              Options.write_thread_max_yield_usec: 100
I200313 14:25:24.112125 43 storage/engine/rocksdb.go:120             Options.write_thread_slow_yield_usec: 3
I200313 14:25:24.112144 43 storage/engine/rocksdb.go:120                                Options.row_cache: None
I200313 14:25:24.112163 43 storage/engine/rocksdb.go:120                               Options.wal_filter: None
I200313 14:25:24.112182 43 storage/engine/rocksdb.go:120              Options.avoid_flush_during_recovery: 0
I200313 14:25:24.112200 43 storage/engine/rocksdb.go:120              Options.allow_ingest_behind: 0
I200313 14:25:24.112219 43 storage/engine/rocksdb.go:120              Options.preserve_deletes: 0
I200313 14:25:24.112238 43 storage/engine/rocksdb.go:120              Options.two_write_queues: 0
I200313 14:25:24.112256 43 storage/engine/rocksdb.go:120              Options.manual_wal_flush: 1
I200313 14:25:24.112275 43 storage/engine/rocksdb.go:120              Options.atomic_flush: 0
I200313 14:25:24.112294 43 storage/engine/rocksdb.go:120              Options.avoid_unnecessary_blocking_io: 0
I200313 14:25:24.112312 43 storage/engine/rocksdb.go:120              Options.max_background_jobs: 4
I200313 14:25:24.112331 43 storage/engine/rocksdb.go:120              Options.max_background_compactions: -1
I200313 14:25:24.112350 43 storage/engine/rocksdb.go:120              Options.avoid_flush_during_shutdown: 0
I200313 14:25:24.112369 43 storage/engine/rocksdb.go:120            Options.writable_file_max_buffer_size: 1048576
I200313 14:25:24.112387 43 storage/engine/rocksdb.go:120              Options.delayed_write_rate : 16777216
I200313 14:25:24.112406 43 storage/engine/rocksdb.go:120              Options.max_total_wal_size: 0
I200313 14:25:24.112425 43 storage/engine/rocksdb.go:120              Options.delete_obsolete_files_period_micros: 21600000000
I200313 14:25:24.112443 43 storage/engine/rocksdb.go:120                    Options.stats_dump_period_sec: 0
I200313 14:25:24.112462 43 storage/engine/rocksdb.go:120                  Options.stats_persist_period_sec: 600
I200313 14:25:24.112481 43 storage/engine/rocksdb.go:120                  Options.stats_history_buffer_size: 1048576
I200313 14:25:24.112499 43 storage/engine/rocksdb.go:120                           Options.max_open_files: 1043576
I200313 14:25:24.112518 43 storage/engine/rocksdb.go:120                           Options.bytes_per_sync: 524288
I200313 14:25:24.112537 43 storage/engine/rocksdb.go:120                       Options.wal_bytes_per_sync: 0
I200313 14:25:24.112555 43 storage/engine/rocksdb.go:120                    Options.strict_bytes_per_sync: 1
I200313 14:25:24.112574 43 storage/engine/rocksdb.go:120        Options.compaction_readahead_size: 0
I200313 14:25:24.112593 43 storage/engine/rocksdb.go:120  Compression algorithms supported:
I200313 14:25:24.112612 43 storage/engine/rocksdb.go:120  	kZSTDNotFinalCompression supported: 0
I200313 14:25:24.112631 43 storage/engine/rocksdb.go:120  	kZSTD supported: 0
I200313 14:25:24.112650 43 storage/engine/rocksdb.go:120  	kXpressCompression supported: 0
I200313 14:25:24.112669 43 storage/engine/rocksdb.go:120  	kLZ4HCCompression supported: 0
I200313 14:25:24.112688 43 storage/engine/rocksdb.go:120  	kLZ4Compression supported: 0
I200313 14:25:24.112706 43 storage/engine/rocksdb.go:120  	kBZip2Compression supported: 0
I200313 14:25:24.112725 43 storage/engine/rocksdb.go:120  	kZlibCompression supported: 0
I200313 14:25:24.112745 43 storage/engine/rocksdb.go:120  	kSnappyCompression supported: 1
I200313 14:25:24.112774 43 storage/engine/rocksdb.go:120  Fast CRC32 supported: Supported on x86
I200313 14:25:24.120124 43 storage/engine/rocksdb.go:120  [db/version_set.cc:4072] Recovering from manifest file: /cockroach/cockroach-data/MANIFEST-000028
I200313 14:25:24.121013 43 storage/engine/rocksdb.go:120  [db/column_family.cc:488] --------------- Options for column family [default]:
I200313 14:25:24.121087 43 storage/engine/rocksdb.go:120                Options.comparator: cockroach_comparator
I200313 14:25:24.121107 43 storage/engine/rocksdb.go:120            Options.merge_operator: cockroach_merge_operator
I200313 14:25:24.121126 43 storage/engine/rocksdb.go:120         Options.compaction_filter: None
I200313 14:25:24.121145 43 storage/engine/rocksdb.go:120         Options.compaction_filter_factory: None
I200313 14:25:24.121163 43 storage/engine/rocksdb.go:120          Options.memtable_factory: SkipListFactory
I200313 14:25:24.121182 43 storage/engine/rocksdb.go:120             Options.table_factory: BlockBasedTable
I200313 14:25:24.121241 43 storage/engine/rocksdb.go:120             table_factory options:   flush_block_policy_factory: FlushBlockBySizePolicyFactory (0x7ff1aa624038)
  cache_index_and_filter_blocks: 0
  cache_index_and_filter_blocks_with_high_priority: 0
  pin_l0_filter_and_index_blocks_in_cache: 0
  pin_top_level_index_and_filter: 1
  index_type: 0
  data_block_index_type: 0
  index_shortening: 1
  data_block_hash_table_util_ratio: 0.750000
  hash_index_allow_collision: 1
  checksum: 1
  no_block_cache: 0
  block_cache: 0x7ff1aa64b210
  block_cache_name: LRUCache
  block_cache_options:
    capacity : 67108864
    num_shard_bits : 4
    strict_capacity_limit : 0
    memory_allocator : None
    high_pri_pool_ratio: 0.000
  block_cache_compressed: (nil)
  persistent_cache: (nil)
  block_size: 32768
  block_size_deviation: 10
  block_restart_interval: 16
  index_block_restart_interval: 1
  metadata_block_size: 4096
  partition_filters: 0
  use_delta_encoding: 1
  filter_policy: rocksdb.BuiltinBloomFilter
  whole_key_filtering: 0
  verify_compression: 0
  read_amp_bytes_per_bit: 0
  format_version: 2
  enable_index_compression: 1
  block_align: 0
I200313 14:25:24.121262 43 storage/engine/rocksdb.go:120         Options.write_buffer_size: 67108864
I200313 14:25:24.121285 43 storage/engine/rocksdb.go:120   Options.max_write_buffer_number: 4
I200313 14:25:24.121304 43 storage/engine/rocksdb.go:120           Options.compression: Snappy
I200313 14:25:24.121322 43 storage/engine/rocksdb.go:120                   Options.bottommost_compression: Disabled
I200313 14:25:24.121341 43 storage/engine/rocksdb.go:120        Options.prefix_extractor: cockroach_prefix_extractor
I200313 14:25:24.121361 43 storage/engine/rocksdb.go:120    Options.memtable_insert_with_hint_prefix_extractor: nullptr
I200313 14:25:24.121379 43 storage/engine/rocksdb.go:120              Options.num_levels: 7
I200313 14:25:24.121398 43 storage/engine/rocksdb.go:120         Options.min_write_buffer_number_to_merge: 1
I200313 14:25:24.121417 43 storage/engine/rocksdb.go:120      Options.max_write_buffer_number_to_maintain: 0
I200313 14:25:24.121435 43 storage/engine/rocksdb.go:120             Options.bottommost_compression_opts.window_bits: -14
I200313 14:25:24.121454 43 storage/engine/rocksdb.go:120                   Options.bottommost_compression_opts.level: 32767
I200313 14:25:24.121473 43 storage/engine/rocksdb.go:120                Options.bottommost_compression_opts.strategy: 0
I200313 14:25:24.121492 43 storage/engine/rocksdb.go:120          Options.bottommost_compression_opts.max_dict_bytes: 0
I200313 14:25:24.121510 43 storage/engine/rocksdb.go:120          Options.bottommost_compression_opts.zstd_max_train_bytes: 0
I200313 14:25:24.121529 43 storage/engine/rocksdb.go:120                   Options.bottommost_compression_opts.enabled: false
I200313 14:25:24.121548 43 storage/engine/rocksdb.go:120             Options.compression_opts.window_bits: -14
I200313 14:25:24.121567 43 storage/engine/rocksdb.go:120                   Options.compression_opts.level: 32767
I200313 14:25:24.121589 43 storage/engine/rocksdb.go:120                Options.compression_opts.strategy: 0
I200313 14:25:24.121607 43 storage/engine/rocksdb.go:120          Options.compression_opts.max_dict_bytes: 0
I200313 14:25:24.121626 43 storage/engine/rocksdb.go:120          Options.compression_opts.zstd_max_train_bytes: 0
I200313 14:25:24.121645 43 storage/engine/rocksdb.go:120                   Options.compression_opts.enabled: false
I200313 14:25:24.121663 43 storage/engine/rocksdb.go:120       Options.level0_file_num_compaction_trigger: 2
I200313 14:25:24.121682 43 storage/engine/rocksdb.go:120           Options.level0_slowdown_writes_trigger: 950
I200313 14:25:24.121700 43 storage/engine/rocksdb.go:120               Options.level0_stop_writes_trigger: 1000
I200313 14:25:24.121719 43 storage/engine/rocksdb.go:120                    Options.target_file_size_base: 4194304
I200313 14:25:24.121738 43 storage/engine/rocksdb.go:120              Options.target_file_size_multiplier: 2
I200313 14:25:24.121756 43 storage/engine/rocksdb.go:120                 Options.max_bytes_for_level_base: 67108864
I200313 14:25:24.121775 43 storage/engine/rocksdb.go:120  Options.level_compaction_dynamic_level_bytes: 1
I200313 14:25:24.121798 43 storage/engine/rocksdb.go:120           Options.max_bytes_for_level_multiplier: 10.000000
I200313 14:25:24.121818 43 storage/engine/rocksdb.go:120  Options.max_bytes_for_level_multiplier_addtl[0]: 1
I200313 14:25:24.121836 43 storage/engine/rocksdb.go:120  Options.max_bytes_for_level_multiplier_addtl[1]: 1
I200313 14:25:24.121856 43 storage/engine/rocksdb.go:120  Options.max_bytes_for_level_multiplier_addtl[2]: 1
I200313 14:25:24.121875 43 storage/engine/rocksdb.go:120  Options.max_bytes_for_level_multiplier_addtl[3]: 1
I200313 14:25:24.121894 43 storage/engine/rocksdb.go:120  Options.max_bytes_for_level_multiplier_addtl[4]: 1
I200313 14:25:24.121912 43 storage/engine/rocksdb.go:120  Options.max_bytes_for_level_multiplier_addtl[5]: 1
I200313 14:25:24.121931 43 storage/engine/rocksdb.go:120  Options.max_bytes_for_level_multiplier_addtl[6]: 1
I200313 14:25:24.121950 43 storage/engine/rocksdb.go:120        Options.max_sequential_skip_in_iterations: 8
I200313 14:25:24.121968 43 storage/engine/rocksdb.go:120                     Options.max_compaction_bytes: 104857600
I200313 14:25:24.121987 43 storage/engine/rocksdb.go:120                         Options.arena_block_size: 8388608
I200313 14:25:24.122006 43 storage/engine/rocksdb.go:120    Options.soft_pending_compaction_bytes_limit: 2199023255552
I200313 14:25:24.122024 43 storage/engine/rocksdb.go:120    Options.hard_pending_compaction_bytes_limit: 4400193994752
I200313 14:25:24.122043 43 storage/engine/rocksdb.go:120        Options.rate_limit_delay_max_milliseconds: 100
I200313 14:25:24.122062 43 storage/engine/rocksdb.go:120                 Options.disable_auto_compactions: 0
I200313 14:25:24.122082 43 storage/engine/rocksdb.go:120                         Options.compaction_style: kCompactionStyleLevel
I200313 14:25:24.122101 43 storage/engine/rocksdb.go:120                           Options.compaction_pri: kMinOverlappingRatio
I200313 14:25:24.122120 43 storage/engine/rocksdb.go:120  Options.compaction_options_universal.size_ratio: 1
I200313 14:25:24.122144 43 storage/engine/rocksdb.go:120  Options.compaction_options_universal.min_merge_width: 2
I200313 14:25:24.122164 43 storage/engine/rocksdb.go:120  Options.compaction_options_universal.max_merge_width: 4294967295
I200313 14:25:24.122183 43 storage/engine/rocksdb.go:120  Options.compaction_options_universal.max_size_amplification_percent: 200
I200313 14:25:24.122202 43 storage/engine/rocksdb.go:120  Options.compaction_options_universal.compression_size_percent: -1
I200313 14:25:24.122221 43 storage/engine/rocksdb.go:120  Options.compaction_options_universal.stop_style: kCompactionStopStyleTotalSize
I200313 14:25:24.122241 43 storage/engine/rocksdb.go:120  Options.compaction_options_fifo.max_table_files_size: 1073741824
I200313 14:25:24.122263 43 storage/engine/rocksdb.go:120  Options.compaction_options_fifo.allow_compaction: 0
I200313 14:25:24.122284 43 storage/engine/rocksdb.go:120                    Options.table_properties_collectors: TimeBoundTblPropCollectorFactory; DeleteRangeTblPropCollectorFactory; 
I200313 14:25:24.122304 43 storage/engine/rocksdb.go:120                    Options.inplace_update_support: 0
I200313 14:25:24.122322 43 storage/engine/rocksdb.go:120                  Options.inplace_update_num_locks: 10000
I200313 14:25:24.122342 43 storage/engine/rocksdb.go:120                Options.memtable_prefix_bloom_size_ratio: 0.000000
I200313 14:25:24.122360 43 storage/engine/rocksdb.go:120                Options.memtable_whole_key_filtering: 0
I200313 14:25:24.122379 43 storage/engine/rocksdb.go:120    Options.memtable_huge_page_size: 0
I200313 14:25:24.122398 43 storage/engine/rocksdb.go:120                            Options.bloom_locality: 0
I200313 14:25:24.122416 43 storage/engine/rocksdb.go:120                     Options.max_successive_merges: 0
I200313 14:25:24.122435 43 storage/engine/rocksdb.go:120                 Options.optimize_filters_for_hits: 1
I200313 14:25:24.122453 43 storage/engine/rocksdb.go:120                 Options.paranoid_file_checks: 0
I200313 14:25:24.122472 43 storage/engine/rocksdb.go:120                 Options.force_consistency_checks: 0
I200313 14:25:24.122490 43 storage/engine/rocksdb.go:120                 Options.report_bg_io_stats: 0
I200313 14:25:24.122510 43 storage/engine/rocksdb.go:120                                Options.ttl: 0
I200313 14:25:24.122529 43 storage/engine/rocksdb.go:120           Options.periodic_compaction_seconds: 0
I200313 14:25:24.125783 43 storage/engine/rocksdb.go:120  [db/version_set.cc:3086] More existing levels in DB than needed. max_bytes_for_level_multiplier may not be guaranteed.
I200313 14:25:24.125811 43 storage/engine/rocksdb.go:120  [db/version_set.cc:4286] Recovered from manifest file:/cockroach/cockroach-data/MANIFEST-000028 succeeded,manifest_file_number is 28, next_file_number is 34, last_sequence is 445, log_number is 27,prev_log_number is 0,max_column_family is 0,min_log_number_to_keep is 0
I200313 14:25:24.125832 43 storage/engine/rocksdb.go:120  [db/version_set.cc:4295] Column family [default] (ID 0), log number is 27
I200313 14:25:24.128638 43 storage/engine/rocksdb.go:120  EVENT_LOG_v1 {"time_micros": 1584109524128605, "job": 1, "event": "recovery_started", "log_files": [29]}
I200313 14:25:24.128664 43 storage/engine/rocksdb.go:120  [db/db_impl_open.cc:598] Recovering log #29 mode 0
I200313 14:25:24.134721 43 storage/engine/rocksdb.go:120  EVENT_LOG_v1 {"time_micros": 1584109524134587, "cf_name": "default", "job": 1, "event": "table_file_creation", "file_number": 34, "file_size": 1179, "table_properties": {"data_size": 150, "index_size": 34, "index_partitions": 0, "top_level_index_size": 0, "index_key_is_user_key": 0, "index_value_is_delta_encoded": 0, "filter_size": 69, "raw_key_size": 45, "raw_average_key_size": 15, "raw_value_size": 116, "raw_average_value_size": 38, "num_data_blocks": 1, "num_entries": 3, "num_deletions": 0, "num_merge_operands": 0, "num_range_deletions": 0, "format_version": 0, "fixed_key_len": 0, "filter_policy": "rocksdb.BuiltinBloomFilter", "column_family_name": "default", "column_family_id": 0, "comparator": "cockroach_comparator", "merge_operator": "cockroach_merge_operator", "prefix_extractor_name": "cockroach_prefix_extractor", "property_collectors": "[TimeBoundTblPropCollectorFactory,DeleteRangeTblPropCollectorFactory]", "compression": "Snappy", "compression_options": "window_bits=-14; level=32767; strategy=0; max_dict_bytes=0; zstd_max_train_bytes=0; enabled=0; ", "creation_time": 1584109524, "oldest_key_time": 3, "file_creation_time": 0}}
I200313 14:25:24.134793 43 storage/engine/rocksdb.go:120  [db/version_set.cc:3560] Creating manifest 35
I200313 14:25:24.138627 43 storage/engine/rocksdb.go:120  [db/version_set.cc:3086] More existing levels in DB than needed. max_bytes_for_level_multiplier may not be guaranteed.
I200313 14:25:24.142667 43 storage/engine/rocksdb.go:120  EVENT_LOG_v1 {"time_micros": 1584109524142618, "job": 1, "event": "recovery_finished"}
I200313 14:25:24.173954 43 storage/engine/rocksdb.go:120  DB pointer 0x7ff1aa795000
