I200313 14:05:55.898908 38 util/log/clog.go:1196  [config] file created at: 2020/03/13 14:05:55
I200313 14:05:55.898908 38 util/log/clog.go:1196  [config] running on machine: a6f7baf6d0d1
I200313 14:05:55.898908 38 util/log/clog.go:1196  [config] binary: CockroachDB CCL v19.2.4 (x86_64-unknown-linux-gnu, built 2020/02/06 21:55:19, go1.12.12)
I200313 14:05:55.898908 38 util/log/clog.go:1196  [config] arguments: [/cockroach/cockroach start --insecure --join=node_1]
I200313 14:05:55.898908 38 util/log/clog.go:1196  line format: [IWEF]yymmdd hh:mm:ss.uuuuuu goid file:line msg utf8=✓
I200313 14:05:55.898895 38 storage/engine/rocksdb.go:120  RocksDB version: 6.2.1
I200313 14:05:55.908965 38 storage/engine/rocksdb.go:120  Git sha rocksdb_build_git_sha:@b7009236531fa784872f4823eabf393501e41bf2@
I200313 14:05:55.908989 38 storage/engine/rocksdb.go:120  Compile date Feb  6 2020
I200313 14:05:55.909023 38 storage/engine/rocksdb.go:120  DB SUMMARY
I200313 14:05:55.910966 38 storage/engine/rocksdb.go:120  SST files in /cockroach/cockroach-data/cockroach-temp656183660 dir, Total Num: 0, files: 
I200313 14:05:55.933819 38 storage/engine/rocksdb.go:120  Write Ahead Log file in /cockroach/cockroach-data/cockroach-temp656183660: 
I200313 14:05:55.933842 38 storage/engine/rocksdb.go:120                          Options.error_if_exists: 0
I200313 14:05:55.933867 38 storage/engine/rocksdb.go:120                        Options.create_if_missing: 1
I200313 14:05:55.933886 38 storage/engine/rocksdb.go:120                          Options.paranoid_checks: 1
I200313 14:05:55.933912 38 storage/engine/rocksdb.go:120                                      Options.env: 0x756aca0
I200313 14:05:55.933937 38 storage/engine/rocksdb.go:120                                 Options.info_log: 0x7f4935087fa0
I200313 14:05:55.933956 38 storage/engine/rocksdb.go:120                 Options.max_file_opening_threads: 16
I200313 14:05:55.933974 38 storage/engine/rocksdb.go:120                               Options.statistics: 0x7f493501d8d0
I200313 14:05:55.933987 38 storage/engine/rocksdb.go:120                                Options.use_fsync: 0
I200313 14:05:55.934006 38 storage/engine/rocksdb.go:120                        Options.max_log_file_size: 0
I200313 14:05:55.934020 38 storage/engine/rocksdb.go:120                   Options.max_manifest_file_size: 134217728
I200313 14:05:55.934045 38 storage/engine/rocksdb.go:120                    Options.log_file_time_to_roll: 0
I200313 14:05:55.934065 38 storage/engine/rocksdb.go:120                        Options.keep_log_file_num: 1000
I200313 14:05:55.934085 38 storage/engine/rocksdb.go:120                     Options.recycle_log_file_num: 1
I200313 14:05:55.934111 38 storage/engine/rocksdb.go:120                          Options.allow_fallocate: 1
I200313 14:05:55.934130 38 storage/engine/rocksdb.go:120                         Options.allow_mmap_reads: 0
I200313 14:05:55.934155 38 storage/engine/rocksdb.go:120                        Options.allow_mmap_writes: 0
I200313 14:05:55.934173 38 storage/engine/rocksdb.go:120                         Options.use_direct_reads: 0
I200313 14:05:55.934195 38 storage/engine/rocksdb.go:120                         Options.use_direct_io_for_flush_and_compaction: 0
I200313 14:05:55.934214 38 storage/engine/rocksdb.go:120           Options.create_missing_column_families: 0
I200313 14:05:55.934251 38 storage/engine/rocksdb.go:120                               Options.db_log_dir: 
I200313 14:05:55.934278 38 storage/engine/rocksdb.go:120                                  Options.wal_dir: /cockroach/cockroach-data/cockroach-temp656183660
I200313 14:05:55.934298 38 storage/engine/rocksdb.go:120                 Options.table_cache_numshardbits: 6
I200313 14:05:55.934317 38 storage/engine/rocksdb.go:120                       Options.max_subcompactions: 1
I200313 14:05:55.934376 38 storage/engine/rocksdb.go:120                   Options.max_background_flushes: -1
I200313 14:05:55.934394 38 storage/engine/rocksdb.go:120                          Options.WAL_ttl_seconds: 0
I200313 14:05:55.934416 38 storage/engine/rocksdb.go:120                        Options.WAL_size_limit_MB: 0
I200313 14:05:55.934431 38 storage/engine/rocksdb.go:120              Options.manifest_preallocation_size: 4194304
I200313 14:05:55.934451 38 storage/engine/rocksdb.go:120                      Options.is_fd_close_on_exec: 1
I200313 14:05:55.934485 38 storage/engine/rocksdb.go:120                    Options.advise_random_on_open: 1
I200313 14:05:55.934500 38 storage/engine/rocksdb.go:120                     Options.db_write_buffer_size: 0
I200313 14:05:55.934520 38 storage/engine/rocksdb.go:120                     Options.write_buffer_manager: 0x7f4935060ce0
I200313 14:05:55.934635 38 storage/engine/rocksdb.go:120          Options.access_hint_on_compaction_start: 1
I200313 14:05:55.934674 38 storage/engine/rocksdb.go:120   Options.new_table_reader_for_compaction_inputs: 0
I200313 14:05:55.934693 38 storage/engine/rocksdb.go:120            Options.random_access_max_buffer_size: 1048576
I200313 14:05:55.934712 38 storage/engine/rocksdb.go:120                       Options.use_adaptive_mutex: 0
I200313 14:05:55.934726 38 storage/engine/rocksdb.go:120                             Options.rate_limiter: (nil)
I200313 14:05:55.934746 38 storage/engine/rocksdb.go:120      Options.sst_file_manager.rate_bytes_per_sec: 0
I200313 14:05:55.934770 38 storage/engine/rocksdb.go:120                        Options.wal_recovery_mode: 0
I200313 14:05:55.934789 38 storage/engine/rocksdb.go:120                   Options.enable_thread_tracking: 0
I200313 14:05:55.934803 38 storage/engine/rocksdb.go:120                   Options.enable_pipelined_write: 0
I200313 14:05:55.934818 38 storage/engine/rocksdb.go:120          Options.allow_concurrent_memtable_write: 1
I200313 14:05:55.934836 38 storage/engine/rocksdb.go:120       Options.enable_write_thread_adaptive_yield: 1
I200313 14:05:55.934853 38 storage/engine/rocksdb.go:120              Options.write_thread_max_yield_usec: 100
I200313 14:05:55.934872 38 storage/engine/rocksdb.go:120             Options.write_thread_slow_yield_usec: 3
I200313 14:05:55.934889 38 storage/engine/rocksdb.go:120                                Options.row_cache: None
I200313 14:05:55.934903 38 storage/engine/rocksdb.go:120                               Options.wal_filter: None
I200313 14:05:55.934917 38 storage/engine/rocksdb.go:120              Options.avoid_flush_during_recovery: 0
I200313 14:05:55.934930 38 storage/engine/rocksdb.go:120              Options.allow_ingest_behind: 0
I200313 14:05:55.934948 38 storage/engine/rocksdb.go:120              Options.preserve_deletes: 0
I200313 14:05:55.934982 38 storage/engine/rocksdb.go:120              Options.two_write_queues: 0
I200313 14:05:55.935001 38 storage/engine/rocksdb.go:120              Options.manual_wal_flush: 1
I200313 14:05:55.935014 38 storage/engine/rocksdb.go:120              Options.atomic_flush: 0
I200313 14:05:55.935033 38 storage/engine/rocksdb.go:120              Options.avoid_unnecessary_blocking_io: 0
I200313 14:05:55.935051 38 storage/engine/rocksdb.go:120              Options.max_background_jobs: 4
I200313 14:05:55.935072 38 storage/engine/rocksdb.go:120              Options.max_background_compactions: -1
I200313 14:05:55.935101 38 storage/engine/rocksdb.go:120              Options.avoid_flush_during_shutdown: 0
I200313 14:05:55.935119 38 storage/engine/rocksdb.go:120            Options.writable_file_max_buffer_size: 1048576
I200313 14:05:55.935138 38 storage/engine/rocksdb.go:120              Options.delayed_write_rate : 16777216
I200313 14:05:55.935157 38 storage/engine/rocksdb.go:120              Options.max_total_wal_size: 0
I200313 14:05:55.935175 38 storage/engine/rocksdb.go:120              Options.delete_obsolete_files_period_micros: 21600000000
I200313 14:05:55.935193 38 storage/engine/rocksdb.go:120                    Options.stats_dump_period_sec: 0
I200313 14:05:55.935211 38 storage/engine/rocksdb.go:120                  Options.stats_persist_period_sec: 600
I200313 14:05:55.935230 38 storage/engine/rocksdb.go:120                  Options.stats_history_buffer_size: 1048576
I200313 14:05:55.935242 38 storage/engine/rocksdb.go:120                           Options.max_open_files: 128
I200313 14:05:55.935260 38 storage/engine/rocksdb.go:120                           Options.bytes_per_sync: 524288
I200313 14:05:55.935273 38 storage/engine/rocksdb.go:120                       Options.wal_bytes_per_sync: 0
I200313 14:05:55.935292 38 storage/engine/rocksdb.go:120                    Options.strict_bytes_per_sync: 1
I200313 14:05:55.935305 38 storage/engine/rocksdb.go:120        Options.compaction_readahead_size: 0
I200313 14:05:55.935317 38 storage/engine/rocksdb.go:120  Compression algorithms supported:
I200313 14:05:55.935337 38 storage/engine/rocksdb.go:120  	kZSTDNotFinalCompression supported: 0
I200313 14:05:55.935356 38 storage/engine/rocksdb.go:120  	kZSTD supported: 0
I200313 14:05:55.935375 38 storage/engine/rocksdb.go:120  	kXpressCompression supported: 0
I200313 14:05:55.935387 38 storage/engine/rocksdb.go:120  	kLZ4HCCompression supported: 0
I200313 14:05:55.935400 38 storage/engine/rocksdb.go:120  	kLZ4Compression supported: 0
I200313 14:05:55.935419 38 storage/engine/rocksdb.go:120  	kBZip2Compression supported: 0
I200313 14:05:55.935432 38 storage/engine/rocksdb.go:120  	kZlibCompression supported: 0
I200313 14:05:55.935445 38 storage/engine/rocksdb.go:120  	kSnappyCompression supported: 1
I200313 14:05:55.935474 38 storage/engine/rocksdb.go:120  Fast CRC32 supported: Supported on x86
I200313 14:05:55.938629 38 storage/engine/rocksdb.go:120  [db/db_impl_open.cc:242] Creating manifest 1 
I200313 14:05:55.954376 38 storage/engine/rocksdb.go:120  [db/version_set.cc:4072] Recovering from manifest file: /cockroach/cockroach-data/cockroach-temp656183660/MANIFEST-000001
I200313 14:05:55.957244 38 storage/engine/rocksdb.go:120  [db/column_family.cc:488] --------------- Options for column family [default]:
I200313 14:05:55.957268 38 storage/engine/rocksdb.go:120                Options.comparator: cockroach_comparator
I200313 14:05:55.957287 38 storage/engine/rocksdb.go:120            Options.merge_operator: cockroach_merge_operator
I200313 14:05:55.957306 38 storage/engine/rocksdb.go:120         Options.compaction_filter: None
I200313 14:05:55.957324 38 storage/engine/rocksdb.go:120         Options.compaction_filter_factory: None
I200313 14:05:55.957343 38 storage/engine/rocksdb.go:120          Options.memtable_factory: SkipListFactory
I200313 14:05:55.957361 38 storage/engine/rocksdb.go:120             Options.table_factory: BlockBasedTable
I200313 14:05:55.957402 38 storage/engine/rocksdb.go:120             table_factory options:   flush_block_policy_factory: FlushBlockBySizePolicyFactory (0x7f4935024040)
  cache_index_and_filter_blocks: 0
  cache_index_and_filter_blocks_with_high_priority: 0
  pin_l0_filter_and_index_blocks_in_cache: 0
  pin_top_level_index_and_filter: 1
  index_type: 0
  data_block_index_type: 0
  index_shortening: 1
  data_block_hash_table_util_ratio: 0.750000
  hash_index_allow_collision: 1
  checksum: 1
  no_block_cache: 0
  block_cache: 0x7f493504b210
  block_cache_name: LRUCache
  block_cache_options:
    capacity : 1048576
    num_shard_bits : 4
    strict_capacity_limit : 0
    memory_allocator : None
    high_pri_pool_ratio: 0.000
  block_cache_compressed: (nil)
  persistent_cache: (nil)
  block_size: 32768
  block_size_deviation: 10
  block_restart_interval: 16
  index_block_restart_interval: 1
  metadata_block_size: 4096
  partition_filters: 0
  use_delta_encoding: 1
  filter_policy: rocksdb.BuiltinBloomFilter
  whole_key_filtering: 0
  verify_compression: 0
  read_amp_bytes_per_bit: 0
  format_version: 2
  enable_index_compression: 1
  block_align: 0
I200313 14:05:55.957443 38 storage/engine/rocksdb.go:120         Options.write_buffer_size: 67108864
I200313 14:05:55.957464 38 storage/engine/rocksdb.go:120   Options.max_write_buffer_number: 4
I200313 14:05:55.957483 38 storage/engine/rocksdb.go:120           Options.compression: Snappy
I200313 14:05:55.957502 38 storage/engine/rocksdb.go:120                   Options.bottommost_compression: Disabled
I200313 14:05:55.957527 38 storage/engine/rocksdb.go:120        Options.prefix_extractor: cockroach_prefix_extractor
I200313 14:05:55.957546 38 storage/engine/rocksdb.go:120    Options.memtable_insert_with_hint_prefix_extractor: nullptr
I200313 14:05:55.957571 38 storage/engine/rocksdb.go:120              Options.num_levels: 7
I200313 14:05:55.957590 38 storage/engine/rocksdb.go:120         Options.min_write_buffer_number_to_merge: 1
I200313 14:05:55.957609 38 storage/engine/rocksdb.go:120      Options.max_write_buffer_number_to_maintain: 0
I200313 14:05:55.957628 38 storage/engine/rocksdb.go:120             Options.bottommost_compression_opts.window_bits: -14
I200313 14:05:55.957650 38 storage/engine/rocksdb.go:120                   Options.bottommost_compression_opts.level: 32767
I200313 14:05:55.957669 38 storage/engine/rocksdb.go:120                Options.bottommost_compression_opts.strategy: 0
I200313 14:05:55.957688 38 storage/engine/rocksdb.go:120          Options.bottommost_compression_opts.max_dict_bytes: 0
I200313 14:05:55.957706 38 storage/engine/rocksdb.go:120          Options.bottommost_compression_opts.zstd_max_train_bytes: 0
I200313 14:05:55.957725 38 storage/engine/rocksdb.go:120                   Options.bottommost_compression_opts.enabled: false
I200313 14:05:55.957749 38 storage/engine/rocksdb.go:120             Options.compression_opts.window_bits: -14
I200313 14:05:55.957768 38 storage/engine/rocksdb.go:120                   Options.compression_opts.level: 32767
I200313 14:05:55.957787 38 storage/engine/rocksdb.go:120                Options.compression_opts.strategy: 0
I200313 14:05:55.957805 38 storage/engine/rocksdb.go:120          Options.compression_opts.max_dict_bytes: 0
I200313 14:05:55.957824 38 storage/engine/rocksdb.go:120          Options.compression_opts.zstd_max_train_bytes: 0
I200313 14:05:55.957843 38 storage/engine/rocksdb.go:120                   Options.compression_opts.enabled: false
I200313 14:05:55.957861 38 storage/engine/rocksdb.go:120       Options.level0_file_num_compaction_trigger: 2
I200313 14:05:55.957880 38 storage/engine/rocksdb.go:120           Options.level0_slowdown_writes_trigger: 950
I200313 14:05:55.957899 38 storage/engine/rocksdb.go:120               Options.level0_stop_writes_trigger: 1000
I200313 14:05:55.957918 38 storage/engine/rocksdb.go:120                    Options.target_file_size_base: 4194304
I200313 14:05:55.957937 38 storage/engine/rocksdb.go:120              Options.target_file_size_multiplier: 2
I200313 14:05:55.957955 38 storage/engine/rocksdb.go:120                 Options.max_bytes_for_level_base: 67108864
I200313 14:05:55.957974 38 storage/engine/rocksdb.go:120  Options.level_compaction_dynamic_level_bytes: 1
I200313 14:05:55.957994 38 storage/engine/rocksdb.go:120           Options.max_bytes_for_level_multiplier: 10.000000
I200313 14:05:55.958013 38 storage/engine/rocksdb.go:120  Options.max_bytes_for_level_multiplier_addtl[0]: 1
I200313 14:05:55.958032 38 storage/engine/rocksdb.go:120  Options.max_bytes_for_level_multiplier_addtl[1]: 1
I200313 14:05:55.958051 38 storage/engine/rocksdb.go:120  Options.max_bytes_for_level_multiplier_addtl[2]: 1
I200313 14:05:55.958070 38 storage/engine/rocksdb.go:120  Options.max_bytes_for_level_multiplier_addtl[3]: 1
I200313 14:05:55.958088 38 storage/engine/rocksdb.go:120  Options.max_bytes_for_level_multiplier_addtl[4]: 1
I200313 14:05:55.958107 38 storage/engine/rocksdb.go:120  Options.max_bytes_for_level_multiplier_addtl[5]: 1
I200313 14:05:55.958126 38 storage/engine/rocksdb.go:120  Options.max_bytes_for_level_multiplier_addtl[6]: 1
I200313 14:05:55.958145 38 storage/engine/rocksdb.go:120        Options.max_sequential_skip_in_iterations: 8
I200313 14:05:55.958163 38 storage/engine/rocksdb.go:120                     Options.max_compaction_bytes: 104857600
I200313 14:05:55.958182 38 storage/engine/rocksdb.go:120                         Options.arena_block_size: 8388608
I200313 14:05:55.958201 38 storage/engine/rocksdb.go:120    Options.soft_pending_compaction_bytes_limit: 2199023255552
I200313 14:05:55.958220 38 storage/engine/rocksdb.go:120    Options.hard_pending_compaction_bytes_limit: 4400193994752
I200313 14:05:55.958238 38 storage/engine/rocksdb.go:120        Options.rate_limit_delay_max_milliseconds: 100
I200313 14:05:55.958257 38 storage/engine/rocksdb.go:120                 Options.disable_auto_compactions: 0
I200313 14:05:55.958277 38 storage/engine/rocksdb.go:120                         Options.compaction_style: kCompactionStyleLevel
I200313 14:05:55.958297 38 storage/engine/rocksdb.go:120                           Options.compaction_pri: kMinOverlappingRatio
I200313 14:05:55.958318 38 storage/engine/rocksdb.go:120  Options.compaction_options_universal.size_ratio: 1
I200313 14:05:55.958337 38 storage/engine/rocksdb.go:120  Options.compaction_options_universal.min_merge_width: 2
I200313 14:05:55.958356 38 storage/engine/rocksdb.go:120  Options.compaction_options_universal.max_merge_width: 4294967295
I200313 14:05:55.958375 38 storage/engine/rocksdb.go:120  Options.compaction_options_universal.max_size_amplification_percent: 200
I200313 14:05:55.958393 38 storage/engine/rocksdb.go:120  Options.compaction_options_universal.compression_size_percent: -1
I200313 14:05:55.958413 38 storage/engine/rocksdb.go:120  Options.compaction_options_universal.stop_style: kCompactionStopStyleTotalSize
I200313 14:05:55.958432 38 storage/engine/rocksdb.go:120  Options.compaction_options_fifo.max_table_files_size: 1073741824
I200313 14:05:55.958450 38 storage/engine/rocksdb.go:120  Options.compaction_options_fifo.allow_compaction: 0
I200313 14:05:55.958472 38 storage/engine/rocksdb.go:120                    Options.table_properties_collectors: TimeBoundTblPropCollectorFactory; DeleteRangeTblPropCollectorFactory; 
I200313 14:05:55.958492 38 storage/engine/rocksdb.go:120                    Options.inplace_update_support: 0
I200313 14:05:55.958512 38 storage/engine/rocksdb.go:120                  Options.inplace_update_num_locks: 10000
I200313 14:05:55.958531 38 storage/engine/rocksdb.go:120                Options.memtable_prefix_bloom_size_ratio: 0.000000
I200313 14:05:55.958550 38 storage/engine/rocksdb.go:120                Options.memtable_whole_key_filtering: 0
I200313 14:05:55.958569 38 storage/engine/rocksdb.go:120    Options.memtable_huge_page_size: 0
I200313 14:05:55.958588 38 storage/engine/rocksdb.go:120                            Options.bloom_locality: 0
I200313 14:05:55.958607 38 storage/engine/rocksdb.go:120                     Options.max_successive_merges: 0
I200313 14:05:55.958628 38 storage/engine/rocksdb.go:120                 Options.optimize_filters_for_hits: 1
I200313 14:05:55.958647 38 storage/engine/rocksdb.go:120                 Options.paranoid_file_checks: 0
I200313 14:05:55.958666 38 storage/engine/rocksdb.go:120                 Options.force_consistency_checks: 0
I200313 14:05:55.958684 38 storage/engine/rocksdb.go:120                 Options.report_bg_io_stats: 0
I200313 14:05:55.958703 38 storage/engine/rocksdb.go:120                                Options.ttl: 0
I200313 14:05:55.958721 38 storage/engine/rocksdb.go:120           Options.periodic_compaction_seconds: 0
I200313 14:05:55.969056 38 storage/engine/rocksdb.go:120  [db/version_set.cc:4286] Recovered from manifest file:/cockroach/cockroach-data/cockroach-temp656183660/MANIFEST-000001 succeeded,manifest_file_number is 1, next_file_number is 3, last_sequence is 0, log_number is 0,prev_log_number is 0,max_column_family is 0,min_log_number_to_keep is 0
I200313 14:05:55.969088 38 storage/engine/rocksdb.go:120  [db/version_set.cc:4295] Column family [default] (ID 0), log number is 0
I200313 14:05:55.988161 38 storage/engine/rocksdb.go:120  DB pointer 0x7f4935184000
I200313 14:05:56.005175 38 storage/engine/rocksdb.go:120  RocksDB version: 6.2.1
I200313 14:05:56.005213 38 storage/engine/rocksdb.go:120  Git sha rocksdb_build_git_sha:@b7009236531fa784872f4823eabf393501e41bf2@
I200313 14:05:56.005232 38 storage/engine/rocksdb.go:120  Compile date Feb  6 2020
I200313 14:05:56.005247 38 storage/engine/rocksdb.go:120  DB SUMMARY
I200313 14:05:56.008380 38 storage/engine/rocksdb.go:120  CURRENT file:  CURRENT
I200313 14:05:56.008404 38 storage/engine/rocksdb.go:120  IDENTITY file:  IDENTITY
I200313 14:05:56.008938 38 storage/engine/rocksdb.go:120  MANIFEST file:  MANIFEST-000001 size: 13 Bytes
I200313 14:05:56.008962 38 storage/engine/rocksdb.go:120  SST files in /cockroach/cockroach-data dir, Total Num: 0, files: 
I200313 14:05:56.008981 38 storage/engine/rocksdb.go:120  Write Ahead Log file in /cockroach/cockroach-data: 000003.log size: 23623 ; 
I200313 14:05:56.009002 38 storage/engine/rocksdb.go:120                          Options.error_if_exists: 0
I200313 14:05:56.009027 38 storage/engine/rocksdb.go:120                        Options.create_if_missing: 1
I200313 14:05:56.009046 38 storage/engine/rocksdb.go:120                          Options.paranoid_checks: 1
I200313 14:05:56.009065 38 storage/engine/rocksdb.go:120                                      Options.env: 0x756aca0
I200313 14:05:56.009084 38 storage/engine/rocksdb.go:120                                 Options.info_log: 0x7f493060d0e0
I200313 14:05:56.009103 38 storage/engine/rocksdb.go:120                 Options.max_file_opening_threads: 16
I200313 14:05:56.009122 38 storage/engine/rocksdb.go:120                               Options.statistics: 0x7f4930624010
I200313 14:05:56.009140 38 storage/engine/rocksdb.go:120                                Options.use_fsync: 0
I200313 14:05:56.009159 38 storage/engine/rocksdb.go:120                        Options.max_log_file_size: 0
I200313 14:05:56.009178 38 storage/engine/rocksdb.go:120                   Options.max_manifest_file_size: 134217728
I200313 14:05:56.009197 38 storage/engine/rocksdb.go:120                    Options.log_file_time_to_roll: 0
I200313 14:05:56.009218 38 storage/engine/rocksdb.go:120                        Options.keep_log_file_num: 1000
I200313 14:05:56.009238 38 storage/engine/rocksdb.go:120                     Options.recycle_log_file_num: 1
I200313 14:05:56.009256 38 storage/engine/rocksdb.go:120                          Options.allow_fallocate: 1
I200313 14:05:56.009275 38 storage/engine/rocksdb.go:120                         Options.allow_mmap_reads: 0
I200313 14:05:56.009300 38 storage/engine/rocksdb.go:120                        Options.allow_mmap_writes: 0
I200313 14:05:56.009319 38 storage/engine/rocksdb.go:120                         Options.use_direct_reads: 0
I200313 14:05:56.009334 38 storage/engine/rocksdb.go:120                         Options.use_direct_io_for_flush_and_compaction: 0
I200313 14:05:56.009353 38 storage/engine/rocksdb.go:120           Options.create_missing_column_families: 0
I200313 14:05:56.009372 38 storage/engine/rocksdb.go:120                               Options.db_log_dir: 
I200313 14:05:56.009391 38 storage/engine/rocksdb.go:120                                  Options.wal_dir: /cockroach/cockroach-data
I200313 14:05:56.009410 38 storage/engine/rocksdb.go:120                 Options.table_cache_numshardbits: 6
I200313 14:05:56.009428 38 storage/engine/rocksdb.go:120                       Options.max_subcompactions: 1
I200313 14:05:56.009447 38 storage/engine/rocksdb.go:120                   Options.max_background_flushes: -1
I200313 14:05:56.009466 38 storage/engine/rocksdb.go:120                          Options.WAL_ttl_seconds: 0
I200313 14:05:56.009484 38 storage/engine/rocksdb.go:120                        Options.WAL_size_limit_MB: 0
I200313 14:05:56.009503 38 storage/engine/rocksdb.go:120              Options.manifest_preallocation_size: 4194304
I200313 14:05:56.009522 38 storage/engine/rocksdb.go:120                      Options.is_fd_close_on_exec: 1
I200313 14:05:56.009540 38 storage/engine/rocksdb.go:120                    Options.advise_random_on_open: 1
I200313 14:05:56.009559 38 storage/engine/rocksdb.go:120                     Options.db_write_buffer_size: 0
I200313 14:05:56.009578 38 storage/engine/rocksdb.go:120                     Options.write_buffer_manager: 0x7f493068c030
I200313 14:05:56.009597 38 storage/engine/rocksdb.go:120          Options.access_hint_on_compaction_start: 1
I200313 14:05:56.009615 38 storage/engine/rocksdb.go:120   Options.new_table_reader_for_compaction_inputs: 0
I200313 14:05:56.009634 38 storage/engine/rocksdb.go:120            Options.random_access_max_buffer_size: 1048576
I200313 14:05:56.009653 38 storage/engine/rocksdb.go:120                       Options.use_adaptive_mutex: 0
I200313 14:05:56.009672 38 storage/engine/rocksdb.go:120                             Options.rate_limiter: (nil)
I200313 14:05:56.009691 38 storage/engine/rocksdb.go:120      Options.sst_file_manager.rate_bytes_per_sec: 0
I200313 14:05:56.009710 38 storage/engine/rocksdb.go:120                        Options.wal_recovery_mode: 0
I200313 14:05:56.009732 38 storage/engine/rocksdb.go:120                   Options.enable_thread_tracking: 0
I200313 14:05:56.009752 38 storage/engine/rocksdb.go:120                   Options.enable_pipelined_write: 0
I200313 14:05:56.009770 38 storage/engine/rocksdb.go:120          Options.allow_concurrent_memtable_write: 1
I200313 14:05:56.009789 38 storage/engine/rocksdb.go:120       Options.enable_write_thread_adaptive_yield: 1
I200313 14:05:56.009808 38 storage/engine/rocksdb.go:120              Options.write_thread_max_yield_usec: 100
I200313 14:05:56.009827 38 storage/engine/rocksdb.go:120             Options.write_thread_slow_yield_usec: 3
I200313 14:05:56.009845 38 storage/engine/rocksdb.go:120                                Options.row_cache: None
I200313 14:05:56.009864 38 storage/engine/rocksdb.go:120                               Options.wal_filter: None
I200313 14:05:56.009883 38 storage/engine/rocksdb.go:120              Options.avoid_flush_during_recovery: 0
I200313 14:05:56.009902 38 storage/engine/rocksdb.go:120              Options.allow_ingest_behind: 0
I200313 14:05:56.009921 38 storage/engine/rocksdb.go:120              Options.preserve_deletes: 0
I200313 14:05:56.009940 38 storage/engine/rocksdb.go:120              Options.two_write_queues: 0
I200313 14:05:56.009958 38 storage/engine/rocksdb.go:120              Options.manual_wal_flush: 1
I200313 14:05:56.009977 38 storage/engine/rocksdb.go:120              Options.atomic_flush: 0
I200313 14:05:56.009996 38 storage/engine/rocksdb.go:120              Options.avoid_unnecessary_blocking_io: 0
I200313 14:05:56.010015 38 storage/engine/rocksdb.go:120              Options.max_background_jobs: 4
I200313 14:05:56.010070 38 storage/engine/rocksdb.go:120              Options.max_background_compactions: -1
I200313 14:05:56.010121 38 storage/engine/rocksdb.go:120              Options.avoid_flush_during_shutdown: 0
I200313 14:05:56.010159 38 storage/engine/rocksdb.go:120            Options.writable_file_max_buffer_size: 1048576
I200313 14:05:56.010199 38 storage/engine/rocksdb.go:120              Options.delayed_write_rate : 16777216
I200313 14:05:56.010223 38 storage/engine/rocksdb.go:120              Options.max_total_wal_size: 0
I200313 14:05:56.010256 38 storage/engine/rocksdb.go:120              Options.delete_obsolete_files_period_micros: 21600000000
I200313 14:05:56.010294 38 storage/engine/rocksdb.go:120                    Options.stats_dump_period_sec: 0
I200313 14:05:56.010326 38 storage/engine/rocksdb.go:120                  Options.stats_persist_period_sec: 600
I200313 14:05:56.010344 38 storage/engine/rocksdb.go:120                  Options.stats_history_buffer_size: 1048576
I200313 14:05:56.010362 38 storage/engine/rocksdb.go:120                           Options.max_open_files: 1043576
I200313 14:05:56.010382 38 storage/engine/rocksdb.go:120                           Options.bytes_per_sync: 524288
I200313 14:05:56.010400 38 storage/engine/rocksdb.go:120                       Options.wal_bytes_per_sync: 0
I200313 14:05:56.010418 38 storage/engine/rocksdb.go:120                    Options.strict_bytes_per_sync: 1
I200313 14:05:56.010437 38 storage/engine/rocksdb.go:120        Options.compaction_readahead_size: 0
I200313 14:05:56.010455 38 storage/engine/rocksdb.go:120  Compression algorithms supported:
I200313 14:05:56.010474 38 storage/engine/rocksdb.go:120  	kZSTDNotFinalCompression supported: 0
I200313 14:05:56.010492 38 storage/engine/rocksdb.go:120  	kZSTD supported: 0
I200313 14:05:56.010511 38 storage/engine/rocksdb.go:120  	kXpressCompression supported: 0
I200313 14:05:56.010529 38 storage/engine/rocksdb.go:120  	kLZ4HCCompression supported: 0
I200313 14:05:56.010547 38 storage/engine/rocksdb.go:120  	kLZ4Compression supported: 0
I200313 14:05:56.010565 38 storage/engine/rocksdb.go:120  	kBZip2Compression supported: 0
I200313 14:05:56.010583 38 storage/engine/rocksdb.go:120  	kZlibCompression supported: 0
I200313 14:05:56.010601 38 storage/engine/rocksdb.go:120  	kSnappyCompression supported: 1
I200313 14:05:56.010632 38 storage/engine/rocksdb.go:120  Fast CRC32 supported: Supported on x86
I200313 14:05:56.016440 38 storage/engine/rocksdb.go:120  [db/version_set.cc:4072] Recovering from manifest file: /cockroach/cockroach-data/MANIFEST-000001
I200313 14:05:56.017171 38 storage/engine/rocksdb.go:120  [db/column_family.cc:488] --------------- Options for column family [default]:
I200313 14:05:56.017192 38 storage/engine/rocksdb.go:120                Options.comparator: cockroach_comparator
I200313 14:05:56.017212 38 storage/engine/rocksdb.go:120            Options.merge_operator: cockroach_merge_operator
I200313 14:05:56.017231 38 storage/engine/rocksdb.go:120         Options.compaction_filter: None
I200313 14:05:56.017249 38 storage/engine/rocksdb.go:120         Options.compaction_filter_factory: None
I200313 14:05:56.017268 38 storage/engine/rocksdb.go:120          Options.memtable_factory: SkipListFactory
I200313 14:05:56.017287 38 storage/engine/rocksdb.go:120             Options.table_factory: BlockBasedTable
I200313 14:05:56.017329 38 storage/engine/rocksdb.go:120             table_factory options:   flush_block_policy_factory: FlushBlockBySizePolicyFactory (0x7f4930622028)
  cache_index_and_filter_blocks: 0
  cache_index_and_filter_blocks_with_high_priority: 0
  pin_l0_filter_and_index_blocks_in_cache: 0
  pin_top_level_index_and_filter: 1
  index_type: 0
  data_block_index_type: 0
  index_shortening: 1
  data_block_hash_table_util_ratio: 0.750000
  hash_index_allow_collision: 1
  checksum: 1
  no_block_cache: 0
  block_cache: 0x7f4930614010
  block_cache_name: LRUCache
  block_cache_options:
    capacity : 67108864
    num_shard_bits : 4
    strict_capacity_limit : 0
    memory_allocator : None
    high_pri_pool_ratio: 0.000
  block_cache_compressed: (nil)
  persistent_cache: (nil)
  block_size: 32768
  block_size_deviation: 10
  block_restart_interval: 16
  index_block_restart_interval: 1
  metadata_block_size: 4096
  partition_filters: 0
  use_delta_encoding: 1
  filter_policy: rocksdb.BuiltinBloomFilter
  whole_key_filtering: 0
  verify_compression: 0
  read_amp_bytes_per_bit: 0
  format_version: 2
  enable_index_compression: 1
  block_align: 0
I200313 14:05:56.017351 38 storage/engine/rocksdb.go:120         Options.write_buffer_size: 67108864
I200313 14:05:56.017372 38 storage/engine/rocksdb.go:120   Options.max_write_buffer_number: 4
I200313 14:05:56.017391 38 storage/engine/rocksdb.go:120           Options.compression: Snappy
I200313 14:05:56.017410 38 storage/engine/rocksdb.go:120                   Options.bottommost_compression: Disabled
I200313 14:05:56.017428 38 storage/engine/rocksdb.go:120        Options.prefix_extractor: cockroach_prefix_extractor
I200313 14:05:56.017448 38 storage/engine/rocksdb.go:120    Options.memtable_insert_with_hint_prefix_extractor: nullptr
I200313 14:05:56.017467 38 storage/engine/rocksdb.go:120              Options.num_levels: 7
I200313 14:05:56.017485 38 storage/engine/rocksdb.go:120         Options.min_write_buffer_number_to_merge: 1
I200313 14:05:56.017503 38 storage/engine/rocksdb.go:120      Options.max_write_buffer_number_to_maintain: 0
I200313 14:05:56.017522 38 storage/engine/rocksdb.go:120             Options.bottommost_compression_opts.window_bits: -14
I200313 14:05:56.017541 38 storage/engine/rocksdb.go:120                   Options.bottommost_compression_opts.level: 32767
I200313 14:05:56.017559 38 storage/engine/rocksdb.go:120                Options.bottommost_compression_opts.strategy: 0
I200313 14:05:56.017578 38 storage/engine/rocksdb.go:120          Options.bottommost_compression_opts.max_dict_bytes: 0
I200313 14:05:56.017596 38 storage/engine/rocksdb.go:120          Options.bottommost_compression_opts.zstd_max_train_bytes: 0
I200313 14:05:56.017615 38 storage/engine/rocksdb.go:120                   Options.bottommost_compression_opts.enabled: false
I200313 14:05:56.017634 38 storage/engine/rocksdb.go:120             Options.compression_opts.window_bits: -14
I200313 14:05:56.017653 38 storage/engine/rocksdb.go:120                   Options.compression_opts.level: 32767
I200313 14:05:56.017677 38 storage/engine/rocksdb.go:120                Options.compression_opts.strategy: 0
I200313 14:05:56.017696 38 storage/engine/rocksdb.go:120          Options.compression_opts.max_dict_bytes: 0
I200313 14:05:56.017714 38 storage/engine/rocksdb.go:120          Options.compression_opts.zstd_max_train_bytes: 0
I200313 14:05:56.017732 38 storage/engine/rocksdb.go:120                   Options.compression_opts.enabled: false
I200313 14:05:56.017751 38 storage/engine/rocksdb.go:120       Options.level0_file_num_compaction_trigger: 2
I200313 14:05:56.017769 38 storage/engine/rocksdb.go:120           Options.level0_slowdown_writes_trigger: 950
I200313 14:05:56.017788 38 storage/engine/rocksdb.go:120               Options.level0_stop_writes_trigger: 1000
I200313 14:05:56.017807 38 storage/engine/rocksdb.go:120                    Options.target_file_size_base: 4194304
I200313 14:05:56.017825 38 storage/engine/rocksdb.go:120              Options.target_file_size_multiplier: 2
I200313 14:05:56.017844 38 storage/engine/rocksdb.go:120                 Options.max_bytes_for_level_base: 67108864
I200313 14:05:56.017862 38 storage/engine/rocksdb.go:120  Options.level_compaction_dynamic_level_bytes: 1
I200313 14:05:56.017881 38 storage/engine/rocksdb.go:120           Options.max_bytes_for_level_multiplier: 10.000000
I200313 14:05:56.017900 38 storage/engine/rocksdb.go:120  Options.max_bytes_for_level_multiplier_addtl[0]: 1
I200313 14:05:56.017919 38 storage/engine/rocksdb.go:120  Options.max_bytes_for_level_multiplier_addtl[1]: 1
I200313 14:05:56.017938 38 storage/engine/rocksdb.go:120  Options.max_bytes_for_level_multiplier_addtl[2]: 1
I200313 14:05:56.017957 38 storage/engine/rocksdb.go:120  Options.max_bytes_for_level_multiplier_addtl[3]: 1
I200313 14:05:56.017975 38 storage/engine/rocksdb.go:120  Options.max_bytes_for_level_multiplier_addtl[4]: 1
I200313 14:05:56.017994 38 storage/engine/rocksdb.go:120  Options.max_bytes_for_level_multiplier_addtl[5]: 1
I200313 14:05:56.018013 38 storage/engine/rocksdb.go:120  Options.max_bytes_for_level_multiplier_addtl[6]: 1
I200313 14:05:56.018031 38 storage/engine/rocksdb.go:120        Options.max_sequential_skip_in_iterations: 8
I200313 14:05:56.018050 38 storage/engine/rocksdb.go:120                     Options.max_compaction_bytes: 104857600
I200313 14:05:56.018069 38 storage/engine/rocksdb.go:120                         Options.arena_block_size: 8388608
I200313 14:05:56.018087 38 storage/engine/rocksdb.go:120    Options.soft_pending_compaction_bytes_limit: 2199023255552
I200313 14:05:56.018106 38 storage/engine/rocksdb.go:120    Options.hard_pending_compaction_bytes_limit: 4400193994752
I200313 14:05:56.018125 38 storage/engine/rocksdb.go:120        Options.rate_limit_delay_max_milliseconds: 100
I200313 14:05:56.018143 38 storage/engine/rocksdb.go:120                 Options.disable_auto_compactions: 0
I200313 14:05:56.018163 38 storage/engine/rocksdb.go:120                         Options.compaction_style: kCompactionStyleLevel
I200313 14:05:56.018182 38 storage/engine/rocksdb.go:120                           Options.compaction_pri: kMinOverlappingRatio
I200313 14:05:56.018201 38 storage/engine/rocksdb.go:120  Options.compaction_options_universal.size_ratio: 1
I200313 14:05:56.018219 38 storage/engine/rocksdb.go:120  Options.compaction_options_universal.min_merge_width: 2
I200313 14:05:56.018238 38 storage/engine/rocksdb.go:120  Options.compaction_options_universal.max_merge_width: 4294967295
I200313 14:05:56.018256 38 storage/engine/rocksdb.go:120  Options.compaction_options_universal.max_size_amplification_percent: 200
I200313 14:05:56.018280 38 storage/engine/rocksdb.go:120  Options.compaction_options_universal.compression_size_percent: -1
I200313 14:05:56.018299 38 storage/engine/rocksdb.go:120  Options.compaction_options_universal.stop_style: kCompactionStopStyleTotalSize
I200313 14:05:56.018318 38 storage/engine/rocksdb.go:120  Options.compaction_options_fifo.max_table_files_size: 1073741824
I200313 14:05:56.018337 38 storage/engine/rocksdb.go:120  Options.compaction_options_fifo.allow_compaction: 0
I200313 14:05:56.018360 38 storage/engine/rocksdb.go:120                    Options.table_properties_collectors: TimeBoundTblPropCollectorFactory; DeleteRangeTblPropCollectorFactory; 
I200313 14:05:56.018380 38 storage/engine/rocksdb.go:120                    Options.inplace_update_support: 0
I200313 14:05:56.018399 38 storage/engine/rocksdb.go:120                  Options.inplace_update_num_locks: 10000
I200313 14:05:56.018418 38 storage/engine/rocksdb.go:120                Options.memtable_prefix_bloom_size_ratio: 0.000000
I200313 14:05:56.018436 38 storage/engine/rocksdb.go:120                Options.memtable_whole_key_filtering: 0
I200313 14:05:56.018455 38 storage/engine/rocksdb.go:120    Options.memtable_huge_page_size: 0
I200313 14:05:56.018473 38 storage/engine/rocksdb.go:120                            Options.bloom_locality: 0
I200313 14:05:56.018492 38 storage/engine/rocksdb.go:120                     Options.max_successive_merges: 0
I200313 14:05:56.018511 38 storage/engine/rocksdb.go:120                 Options.optimize_filters_for_hits: 1
I200313 14:05:56.018529 38 storage/engine/rocksdb.go:120                 Options.paranoid_file_checks: 0
I200313 14:05:56.018548 38 storage/engine/rocksdb.go:120                 Options.force_consistency_checks: 0
I200313 14:05:56.018566 38 storage/engine/rocksdb.go:120                 Options.report_bg_io_stats: 0
I200313 14:05:56.018585 38 storage/engine/rocksdb.go:120                                Options.ttl: 0
I200313 14:05:56.018603 38 storage/engine/rocksdb.go:120           Options.periodic_compaction_seconds: 0
I200313 14:05:56.021147 38 storage/engine/rocksdb.go:120  [db/version_set.cc:4286] Recovered from manifest file:/cockroach/cockroach-data/MANIFEST-000001 succeeded,manifest_file_number is 1, next_file_number is 3, last_sequence is 0, log_number is 0,prev_log_number is 0,max_column_family is 0,min_log_number_to_keep is 0
I200313 14:05:56.021170 38 storage/engine/rocksdb.go:120  [db/version_set.cc:4295] Column family [default] (ID 0), log number is 0
I200313 14:05:56.023434 38 storage/engine/rocksdb.go:120  EVENT_LOG_v1 {"time_micros": 1584108356023405, "job": 1, "event": "recovery_started", "log_files": [3]}
I200313 14:05:56.023466 38 storage/engine/rocksdb.go:120  [db/db_impl_open.cc:598] Recovering log #3 mode 0
I200313 14:05:56.028376 38 storage/engine/rocksdb.go:120  EVENT_LOG_v1 {"time_micros": 1584108356028318, "cf_name": "default", "job": 1, "event": "table_file_creation", "file_number": 4, "file_size": 1230, "table_properties": {"data_size": 200, "index_size": 34, "index_partitions": 0, "top_level_index_size": 0, "index_key_is_user_key": 0, "index_value_is_delta_encoded": 0, "filter_size": 69, "raw_key_size": 60, "raw_average_key_size": 15, "raw_value_size": 157, "raw_average_value_size": 39, "num_data_blocks": 1, "num_entries": 4, "num_deletions": 0, "num_merge_operands": 0, "num_range_deletions": 0, "format_version": 0, "fixed_key_len": 0, "filter_policy": "rocksdb.BuiltinBloomFilter", "column_family_name": "default", "column_family_id": 0, "comparator": "cockroach_comparator", "merge_operator": "cockroach_merge_operator", "prefix_extractor_name": "cockroach_prefix_extractor", "property_collectors": "[TimeBoundTblPropCollectorFactory,DeleteRangeTblPropCollectorFactory]", "compression": "Snappy", "compression_options": "window_bits=-14; level=32767; strategy=0; max_dict_bytes=0; zstd_max_train_bytes=0; enabled=0; ", "creation_time": 1584108356, "oldest_key_time": 3, "file_creation_time": 0}}
I200313 14:05:56.028467 38 storage/engine/rocksdb.go:120  [db/version_set.cc:3560] Creating manifest 5
I200313 14:05:56.033572 38 storage/engine/rocksdb.go:120  EVENT_LOG_v1 {"time_micros": 1584108356033508, "job": 1, "event": "recovery_finished"}
I200313 14:05:56.045921 38 storage/engine/rocksdb.go:120  DB pointer 0x7f4930699000
