I200313 14:40:47.430597 23 util/log/clog.go:1196  [config] file created at: 2020/03/13 14:40:47
I200313 14:40:47.430597 23 util/log/clog.go:1196  [config] running on machine: 22bf95210875
I200313 14:40:47.430597 23 util/log/clog.go:1196  [config] binary: CockroachDB CCL v19.2.4 (x86_64-unknown-linux-gnu, built 2020/02/06 21:55:19, go1.12.12)
I200313 14:40:47.430597 23 util/log/clog.go:1196  [config] arguments: [/cockroach/cockroach start --insecure --join=node_1]
I200313 14:40:47.430597 23 util/log/clog.go:1196  line format: [IWEF]yymmdd hh:mm:ss.uuuuuu goid file:line msg utf8=✓
I200313 14:40:47.430583 23 storage/engine/rocksdb.go:120  RocksDB version: 6.2.1
I200313 14:40:47.435669 23 storage/engine/rocksdb.go:120  Git sha rocksdb_build_git_sha:@b7009236531fa784872f4823eabf393501e41bf2@
I200313 14:40:47.435698 23 storage/engine/rocksdb.go:120  Compile date Feb  6 2020
I200313 14:40:47.435725 23 storage/engine/rocksdb.go:120  DB SUMMARY
I200313 14:40:47.465568 23 storage/engine/rocksdb.go:120  SST files in /cockroach/cockroach-data/cockroach-temp838280104 dir, Total Num: 0, files: 
I200313 14:40:47.465607 23 storage/engine/rocksdb.go:120  Write Ahead Log file in /cockroach/cockroach-data/cockroach-temp838280104: 
I200313 14:40:47.465640 23 storage/engine/rocksdb.go:120                          Options.error_if_exists: 0
I200313 14:40:47.465665 23 storage/engine/rocksdb.go:120                        Options.create_if_missing: 1
I200313 14:40:47.465707 23 storage/engine/rocksdb.go:120                          Options.paranoid_checks: 1
I200313 14:40:47.465732 23 storage/engine/rocksdb.go:120                                      Options.env: 0x756aca0
I200313 14:40:47.465761 23 storage/engine/rocksdb.go:120                                 Options.info_log: 0x7f9bcf427140
I200313 14:40:47.465814 23 storage/engine/rocksdb.go:120                 Options.max_file_opening_threads: 16
I200313 14:40:47.465847 23 storage/engine/rocksdb.go:120                               Options.statistics: 0x7f9bcf434010
I200313 14:40:47.465869 23 storage/engine/rocksdb.go:120                                Options.use_fsync: 0
I200313 14:40:47.465904 23 storage/engine/rocksdb.go:120                        Options.max_log_file_size: 0
I200313 14:40:47.465962 23 storage/engine/rocksdb.go:120                   Options.max_manifest_file_size: 134217728
I200313 14:40:47.465986 23 storage/engine/rocksdb.go:120                    Options.log_file_time_to_roll: 0
I200313 14:40:47.466010 23 storage/engine/rocksdb.go:120                        Options.keep_log_file_num: 1000
I200313 14:40:47.466057 23 storage/engine/rocksdb.go:120                     Options.recycle_log_file_num: 1
I200313 14:40:47.466084 23 storage/engine/rocksdb.go:120                          Options.allow_fallocate: 1
I200313 14:40:47.466120 23 storage/engine/rocksdb.go:120                         Options.allow_mmap_reads: 0
I200313 14:40:47.466143 23 storage/engine/rocksdb.go:120                        Options.allow_mmap_writes: 0
I200313 14:40:47.466164 23 storage/engine/rocksdb.go:120                         Options.use_direct_reads: 0
I200313 14:40:47.466195 23 storage/engine/rocksdb.go:120                         Options.use_direct_io_for_flush_and_compaction: 0
I200313 14:40:47.466219 23 storage/engine/rocksdb.go:120           Options.create_missing_column_families: 0
I200313 14:40:47.466248 23 storage/engine/rocksdb.go:120                               Options.db_log_dir: 
I200313 14:40:47.466280 23 storage/engine/rocksdb.go:120                                  Options.wal_dir: /cockroach/cockroach-data/cockroach-temp838280104
I200313 14:40:47.466310 23 storage/engine/rocksdb.go:120                 Options.table_cache_numshardbits: 6
I200313 14:40:47.466338 23 storage/engine/rocksdb.go:120                       Options.max_subcompactions: 1
I200313 14:40:47.466364 23 storage/engine/rocksdb.go:120                   Options.max_background_flushes: -1
I200313 14:40:47.466389 23 storage/engine/rocksdb.go:120                          Options.WAL_ttl_seconds: 0
I200313 14:40:47.466411 23 storage/engine/rocksdb.go:120                        Options.WAL_size_limit_MB: 0
I200313 14:40:47.466449 23 storage/engine/rocksdb.go:120              Options.manifest_preallocation_size: 4194304
I200313 14:40:47.466481 23 storage/engine/rocksdb.go:120                      Options.is_fd_close_on_exec: 1
I200313 14:40:47.466507 23 storage/engine/rocksdb.go:120                    Options.advise_random_on_open: 1
I200313 14:40:47.466533 23 storage/engine/rocksdb.go:120                     Options.db_write_buffer_size: 0
I200313 14:40:47.466557 23 storage/engine/rocksdb.go:120                     Options.write_buffer_manager: 0x7f9bcf419060
I200313 14:40:47.466581 23 storage/engine/rocksdb.go:120          Options.access_hint_on_compaction_start: 1
I200313 14:40:47.466613 23 storage/engine/rocksdb.go:120   Options.new_table_reader_for_compaction_inputs: 0
I200313 14:40:47.466636 23 storage/engine/rocksdb.go:120            Options.random_access_max_buffer_size: 1048576
I200313 14:40:47.466661 23 storage/engine/rocksdb.go:120                       Options.use_adaptive_mutex: 0
I200313 14:40:47.466687 23 storage/engine/rocksdb.go:120                             Options.rate_limiter: (nil)
I200313 14:40:47.466712 23 storage/engine/rocksdb.go:120      Options.sst_file_manager.rate_bytes_per_sec: 0
I200313 14:40:47.466737 23 storage/engine/rocksdb.go:120                        Options.wal_recovery_mode: 0
I200313 14:40:47.466764 23 storage/engine/rocksdb.go:120                   Options.enable_thread_tracking: 0
I200313 14:40:47.466788 23 storage/engine/rocksdb.go:120                   Options.enable_pipelined_write: 0
I200313 14:40:47.466812 23 storage/engine/rocksdb.go:120          Options.allow_concurrent_memtable_write: 1
I200313 14:40:47.466839 23 storage/engine/rocksdb.go:120       Options.enable_write_thread_adaptive_yield: 1
I200313 14:40:47.466863 23 storage/engine/rocksdb.go:120              Options.write_thread_max_yield_usec: 100
I200313 14:40:47.466888 23 storage/engine/rocksdb.go:120             Options.write_thread_slow_yield_usec: 3
I200313 14:40:47.466910 23 storage/engine/rocksdb.go:120                                Options.row_cache: None
I200313 14:40:47.466935 23 storage/engine/rocksdb.go:120                               Options.wal_filter: None
I200313 14:40:47.466961 23 storage/engine/rocksdb.go:120              Options.avoid_flush_during_recovery: 0
I200313 14:40:47.466988 23 storage/engine/rocksdb.go:120              Options.allow_ingest_behind: 0
I200313 14:40:47.467011 23 storage/engine/rocksdb.go:120              Options.preserve_deletes: 0
I200313 14:40:47.467036 23 storage/engine/rocksdb.go:120              Options.two_write_queues: 0
I200313 14:40:47.467125 23 storage/engine/rocksdb.go:120              Options.manual_wal_flush: 1
I200313 14:40:47.467151 23 storage/engine/rocksdb.go:120              Options.atomic_flush: 0
I200313 14:40:47.467194 23 storage/engine/rocksdb.go:120              Options.avoid_unnecessary_blocking_io: 0
I200313 14:40:47.467216 23 storage/engine/rocksdb.go:120              Options.max_background_jobs: 4
I200313 14:40:47.467235 23 storage/engine/rocksdb.go:120              Options.max_background_compactions: -1
I200313 14:40:47.467260 23 storage/engine/rocksdb.go:120              Options.avoid_flush_during_shutdown: 0
I200313 14:40:47.467280 23 storage/engine/rocksdb.go:120            Options.writable_file_max_buffer_size: 1048576
I200313 14:40:47.467306 23 storage/engine/rocksdb.go:120              Options.delayed_write_rate : 16777216
I200313 14:40:47.467330 23 storage/engine/rocksdb.go:120              Options.max_total_wal_size: 0
I200313 14:40:47.467352 23 storage/engine/rocksdb.go:120              Options.delete_obsolete_files_period_micros: 21600000000
I200313 14:40:47.467389 23 storage/engine/rocksdb.go:120                    Options.stats_dump_period_sec: 0
I200313 14:40:47.467413 23 storage/engine/rocksdb.go:120                  Options.stats_persist_period_sec: 600
I200313 14:40:47.467448 23 storage/engine/rocksdb.go:120                  Options.stats_history_buffer_size: 1048576
I200313 14:40:47.467473 23 storage/engine/rocksdb.go:120                           Options.max_open_files: 128
I200313 14:40:47.467496 23 storage/engine/rocksdb.go:120                           Options.bytes_per_sync: 524288
I200313 14:40:47.467515 23 storage/engine/rocksdb.go:120                       Options.wal_bytes_per_sync: 0
I200313 14:40:47.467535 23 storage/engine/rocksdb.go:120                    Options.strict_bytes_per_sync: 1
I200313 14:40:47.467560 23 storage/engine/rocksdb.go:120        Options.compaction_readahead_size: 0
I200313 14:40:47.467583 23 storage/engine/rocksdb.go:120  Compression algorithms supported:
I200313 14:40:47.467607 23 storage/engine/rocksdb.go:120  	kZSTDNotFinalCompression supported: 0
I200313 14:40:47.467628 23 storage/engine/rocksdb.go:120  	kZSTD supported: 0
I200313 14:40:47.467647 23 storage/engine/rocksdb.go:120  	kXpressCompression supported: 0
I200313 14:40:47.467674 23 storage/engine/rocksdb.go:120  	kLZ4HCCompression supported: 0
I200313 14:40:47.467693 23 storage/engine/rocksdb.go:120  	kLZ4Compression supported: 0
I200313 14:40:47.467716 23 storage/engine/rocksdb.go:120  	kBZip2Compression supported: 0
I200313 14:40:47.467755 23 storage/engine/rocksdb.go:120  	kZlibCompression supported: 0
I200313 14:40:47.467776 23 storage/engine/rocksdb.go:120  	kSnappyCompression supported: 1
I200313 14:40:47.467804 23 storage/engine/rocksdb.go:120  Fast CRC32 supported: Supported on x86
I200313 14:40:47.471082 23 storage/engine/rocksdb.go:120  [db/db_impl_open.cc:242] Creating manifest 1 
I200313 14:40:47.492696 23 storage/engine/rocksdb.go:120  [db/version_set.cc:4072] Recovering from manifest file: /cockroach/cockroach-data/cockroach-temp838280104/MANIFEST-000001
I200313 14:40:47.494550 23 storage/engine/rocksdb.go:120  [db/column_family.cc:488] --------------- Options for column family [default]:
I200313 14:40:47.494577 23 storage/engine/rocksdb.go:120                Options.comparator: cockroach_comparator
I200313 14:40:47.494621 23 storage/engine/rocksdb.go:120            Options.merge_operator: cockroach_merge_operator
I200313 14:40:47.494649 23 storage/engine/rocksdb.go:120         Options.compaction_filter: None
I200313 14:40:47.494680 23 storage/engine/rocksdb.go:120         Options.compaction_filter_factory: None
I200313 14:40:47.494700 23 storage/engine/rocksdb.go:120          Options.memtable_factory: SkipListFactory
I200313 14:40:47.494720 23 storage/engine/rocksdb.go:120             Options.table_factory: BlockBasedTable
I200313 14:40:47.494802 23 storage/engine/rocksdb.go:120             table_factory options:   flush_block_policy_factory: FlushBlockBySizePolicyFactory (0x7f9bcf428030)
  cache_index_and_filter_blocks: 0
  cache_index_and_filter_blocks_with_high_priority: 0
  pin_l0_filter_and_index_blocks_in_cache: 0
  pin_top_level_index_and_filter: 1
  index_type: 0
  data_block_index_type: 0
  index_shortening: 1
  data_block_hash_table_util_ratio: 0.750000
  hash_index_allow_collision: 1
  checksum: 1
  no_block_cache: 0
  block_cache: 0x7f9bcf41c010
  block_cache_name: LRUCache
  block_cache_options:
    capacity : 1048576
    num_shard_bits : 4
    strict_capacity_limit : 0
    memory_allocator : None
    high_pri_pool_ratio: 0.000
  block_cache_compressed: (nil)
  persistent_cache: (nil)
  block_size: 32768
  block_size_deviation: 10
  block_restart_interval: 16
  index_block_restart_interval: 1
  metadata_block_size: 4096
  partition_filters: 0
  use_delta_encoding: 1
  filter_policy: rocksdb.BuiltinBloomFilter
  whole_key_filtering: 0
  verify_compression: 0
  read_amp_bytes_per_bit: 0
  format_version: 2
  enable_index_compression: 1
  block_align: 0
I200313 14:40:47.494835 23 storage/engine/rocksdb.go:120         Options.write_buffer_size: 67108864
I200313 14:40:47.494865 23 storage/engine/rocksdb.go:120   Options.max_write_buffer_number: 4
I200313 14:40:47.494887 23 storage/engine/rocksdb.go:120           Options.compression: Snappy
I200313 14:40:47.494906 23 storage/engine/rocksdb.go:120                   Options.bottommost_compression: Disabled
I200313 14:40:47.494925 23 storage/engine/rocksdb.go:120        Options.prefix_extractor: cockroach_prefix_extractor
I200313 14:40:47.494946 23 storage/engine/rocksdb.go:120    Options.memtable_insert_with_hint_prefix_extractor: nullptr
I200313 14:40:47.494969 23 storage/engine/rocksdb.go:120              Options.num_levels: 7
I200313 14:40:47.494990 23 storage/engine/rocksdb.go:120         Options.min_write_buffer_number_to_merge: 1
I200313 14:40:47.495015 23 storage/engine/rocksdb.go:120      Options.max_write_buffer_number_to_maintain: 0
I200313 14:40:47.495039 23 storage/engine/rocksdb.go:120             Options.bottommost_compression_opts.window_bits: -14
I200313 14:40:47.495103 23 storage/engine/rocksdb.go:120                   Options.bottommost_compression_opts.level: 32767
I200313 14:40:47.495130 23 storage/engine/rocksdb.go:120                Options.bottommost_compression_opts.strategy: 0
I200313 14:40:47.495152 23 storage/engine/rocksdb.go:120          Options.bottommost_compression_opts.max_dict_bytes: 0
I200313 14:40:47.495169 23 storage/engine/rocksdb.go:120          Options.bottommost_compression_opts.zstd_max_train_bytes: 0
I200313 14:40:47.495193 23 storage/engine/rocksdb.go:120                   Options.bottommost_compression_opts.enabled: false
I200313 14:40:47.495217 23 storage/engine/rocksdb.go:120             Options.compression_opts.window_bits: -14
I200313 14:40:47.495237 23 storage/engine/rocksdb.go:120                   Options.compression_opts.level: 32767
I200313 14:40:47.495264 23 storage/engine/rocksdb.go:120                Options.compression_opts.strategy: 0
I200313 14:40:47.495307 23 storage/engine/rocksdb.go:120          Options.compression_opts.max_dict_bytes: 0
I200313 14:40:47.495334 23 storage/engine/rocksdb.go:120          Options.compression_opts.zstd_max_train_bytes: 0
I200313 14:40:47.495359 23 storage/engine/rocksdb.go:120                   Options.compression_opts.enabled: false
I200313 14:40:47.495379 23 storage/engine/rocksdb.go:120       Options.level0_file_num_compaction_trigger: 2
I200313 14:40:47.495399 23 storage/engine/rocksdb.go:120           Options.level0_slowdown_writes_trigger: 950
I200313 14:40:47.495423 23 storage/engine/rocksdb.go:120               Options.level0_stop_writes_trigger: 1000
I200313 14:40:47.495448 23 storage/engine/rocksdb.go:120                    Options.target_file_size_base: 4194304
I200313 14:40:47.495470 23 storage/engine/rocksdb.go:120              Options.target_file_size_multiplier: 2
I200313 14:40:47.495486 23 storage/engine/rocksdb.go:120                 Options.max_bytes_for_level_base: 67108864
I200313 14:40:47.495506 23 storage/engine/rocksdb.go:120  Options.level_compaction_dynamic_level_bytes: 1
I200313 14:40:47.495533 23 storage/engine/rocksdb.go:120           Options.max_bytes_for_level_multiplier: 10.000000
I200313 14:40:47.495553 23 storage/engine/rocksdb.go:120  Options.max_bytes_for_level_multiplier_addtl[0]: 1
I200313 14:40:47.495574 23 storage/engine/rocksdb.go:120  Options.max_bytes_for_level_multiplier_addtl[1]: 1
I200313 14:40:47.495607 23 storage/engine/rocksdb.go:120  Options.max_bytes_for_level_multiplier_addtl[2]: 1
I200313 14:40:47.495630 23 storage/engine/rocksdb.go:120  Options.max_bytes_for_level_multiplier_addtl[3]: 1
I200313 14:40:47.495658 23 storage/engine/rocksdb.go:120  Options.max_bytes_for_level_multiplier_addtl[4]: 1
I200313 14:40:47.495678 23 storage/engine/rocksdb.go:120  Options.max_bytes_for_level_multiplier_addtl[5]: 1
I200313 14:40:47.495699 23 storage/engine/rocksdb.go:120  Options.max_bytes_for_level_multiplier_addtl[6]: 1
I200313 14:40:47.495720 23 storage/engine/rocksdb.go:120        Options.max_sequential_skip_in_iterations: 8
I200313 14:40:47.495745 23 storage/engine/rocksdb.go:120                     Options.max_compaction_bytes: 104857600
I200313 14:40:47.495774 23 storage/engine/rocksdb.go:120                         Options.arena_block_size: 8388608
I200313 14:40:47.495789 23 storage/engine/rocksdb.go:120    Options.soft_pending_compaction_bytes_limit: 2199023255552
I200313 14:40:47.495805 23 storage/engine/rocksdb.go:120    Options.hard_pending_compaction_bytes_limit: 4400193994752
I200313 14:40:47.495824 23 storage/engine/rocksdb.go:120        Options.rate_limit_delay_max_milliseconds: 100
I200313 14:40:47.495852 23 storage/engine/rocksdb.go:120                 Options.disable_auto_compactions: 0
I200313 14:40:47.495879 23 storage/engine/rocksdb.go:120                         Options.compaction_style: kCompactionStyleLevel
I200313 14:40:47.496151 23 storage/engine/rocksdb.go:120                           Options.compaction_pri: kMinOverlappingRatio
I200313 14:40:47.496175 23 storage/engine/rocksdb.go:120  Options.compaction_options_universal.size_ratio: 1
I200313 14:40:47.496195 23 storage/engine/rocksdb.go:120  Options.compaction_options_universal.min_merge_width: 2
I200313 14:40:47.496220 23 storage/engine/rocksdb.go:120  Options.compaction_options_universal.max_merge_width: 4294967295
I200313 14:40:47.496242 23 storage/engine/rocksdb.go:120  Options.compaction_options_universal.max_size_amplification_percent: 200
I200313 14:40:47.496271 23 storage/engine/rocksdb.go:120  Options.compaction_options_universal.compression_size_percent: -1
I200313 14:40:47.496292 23 storage/engine/rocksdb.go:120  Options.compaction_options_universal.stop_style: kCompactionStopStyleTotalSize
I200313 14:40:47.496313 23 storage/engine/rocksdb.go:120  Options.compaction_options_fifo.max_table_files_size: 1073741824
I200313 14:40:47.496342 23 storage/engine/rocksdb.go:120  Options.compaction_options_fifo.allow_compaction: 0
I200313 14:40:47.496370 23 storage/engine/rocksdb.go:120                    Options.table_properties_collectors: TimeBoundTblPropCollectorFactory; DeleteRangeTblPropCollectorFactory; 
I200313 14:40:47.496397 23 storage/engine/rocksdb.go:120                    Options.inplace_update_support: 0
I200313 14:40:47.496420 23 storage/engine/rocksdb.go:120                  Options.inplace_update_num_locks: 10000
I200313 14:40:47.496437 23 storage/engine/rocksdb.go:120                Options.memtable_prefix_bloom_size_ratio: 0.000000
I200313 14:40:47.496460 23 storage/engine/rocksdb.go:120                Options.memtable_whole_key_filtering: 0
I200313 14:40:47.496481 23 storage/engine/rocksdb.go:120    Options.memtable_huge_page_size: 0
I200313 14:40:47.496502 23 storage/engine/rocksdb.go:120                            Options.bloom_locality: 0
I200313 14:40:47.496523 23 storage/engine/rocksdb.go:120                     Options.max_successive_merges: 0
I200313 14:40:47.496542 23 storage/engine/rocksdb.go:120                 Options.optimize_filters_for_hits: 1
I200313 14:40:47.496665 23 storage/engine/rocksdb.go:120                 Options.paranoid_file_checks: 0
I200313 14:40:47.496691 23 storage/engine/rocksdb.go:120                 Options.force_consistency_checks: 0
I200313 14:40:47.496719 23 storage/engine/rocksdb.go:120                 Options.report_bg_io_stats: 0
I200313 14:40:47.496759 23 storage/engine/rocksdb.go:120                                Options.ttl: 0
I200313 14:40:47.496783 23 storage/engine/rocksdb.go:120           Options.periodic_compaction_seconds: 0
I200313 14:40:47.501558 23 storage/engine/rocksdb.go:120  [db/version_set.cc:4286] Recovered from manifest file:/cockroach/cockroach-data/cockroach-temp838280104/MANIFEST-000001 succeeded,manifest_file_number is 1, next_file_number is 3, last_sequence is 0, log_number is 0,prev_log_number is 0,max_column_family is 0,min_log_number_to_keep is 0
I200313 14:40:47.501580 23 storage/engine/rocksdb.go:120  [db/version_set.cc:4295] Column family [default] (ID 0), log number is 0
I200313 14:40:47.529288 23 storage/engine/rocksdb.go:120  DB pointer 0x7f9bcf4a1000
I200313 14:40:47.582080 23 storage/engine/rocksdb.go:120  RocksDB version: 6.2.1
I200313 14:40:47.582110 23 storage/engine/rocksdb.go:120  Git sha rocksdb_build_git_sha:@b7009236531fa784872f4823eabf393501e41bf2@
I200313 14:40:47.582132 23 storage/engine/rocksdb.go:120  Compile date Feb  6 2020
I200313 14:40:47.582155 23 storage/engine/rocksdb.go:120  DB SUMMARY
I200313 14:40:47.619785 23 storage/engine/rocksdb.go:120  CURRENT file:  CURRENT
I200313 14:40:47.619812 23 storage/engine/rocksdb.go:120  IDENTITY file:  IDENTITY
I200313 14:40:47.621558 23 storage/engine/rocksdb.go:120  MANIFEST file:  MANIFEST-000047 size: 7952 Bytes
I200313 14:40:47.621743 23 storage/engine/rocksdb.go:120  SST files in /cockroach/cockroach-data dir, Total Num: 12, files: 000081.sst 000092.sst 000125.sst 000136.sst 000147.sst 000171.sst 000195.sst 000207.sst 000219.sst 
I200313 14:40:47.621793 23 storage/engine/rocksdb.go:120  Write Ahead Log file in /cockroach/cockroach-data: 000238.log size: 667288 ; 000250.log size: 1959694 ; 
I200313 14:40:47.621821 23 storage/engine/rocksdb.go:120                          Options.error_if_exists: 0
I200313 14:40:47.621851 23 storage/engine/rocksdb.go:120                        Options.create_if_missing: 1
I200313 14:40:47.621869 23 storage/engine/rocksdb.go:120                          Options.paranoid_checks: 1
I200313 14:40:47.621903 23 storage/engine/rocksdb.go:120                                      Options.env: 0x756aca0
I200313 14:40:47.621927 23 storage/engine/rocksdb.go:120                                 Options.info_log: 0x7f9bcf4272e0
I200313 14:40:47.621951 23 storage/engine/rocksdb.go:120                 Options.max_file_opening_threads: 16
I200313 14:40:47.621977 23 storage/engine/rocksdb.go:120                               Options.statistics: 0x7f9bcf434080
I200313 14:40:47.622006 23 storage/engine/rocksdb.go:120                                Options.use_fsync: 0
I200313 14:40:47.622036 23 storage/engine/rocksdb.go:120                        Options.max_log_file_size: 0
I200313 14:40:47.622066 23 storage/engine/rocksdb.go:120                   Options.max_manifest_file_size: 134217728
I200313 14:40:47.622092 23 storage/engine/rocksdb.go:120                    Options.log_file_time_to_roll: 0
I200313 14:40:47.622116 23 storage/engine/rocksdb.go:120                        Options.keep_log_file_num: 1000
I200313 14:40:47.622140 23 storage/engine/rocksdb.go:120                     Options.recycle_log_file_num: 1
I200313 14:40:47.622192 23 storage/engine/rocksdb.go:120                          Options.allow_fallocate: 1
I200313 14:40:47.622221 23 storage/engine/rocksdb.go:120                         Options.allow_mmap_reads: 0
I200313 14:40:47.622433 23 storage/engine/rocksdb.go:120                        Options.allow_mmap_writes: 0
I200313 14:40:47.622464 23 storage/engine/rocksdb.go:120                         Options.use_direct_reads: 0
I200313 14:40:47.622498 23 storage/engine/rocksdb.go:120                         Options.use_direct_io_for_flush_and_compaction: 0
I200313 14:40:47.622547 23 storage/engine/rocksdb.go:120           Options.create_missing_column_families: 0
I200313 14:40:47.622594 23 storage/engine/rocksdb.go:120                               Options.db_log_dir: 
I200313 14:40:47.622667 23 storage/engine/rocksdb.go:120                                  Options.wal_dir: /cockroach/cockroach-data
I200313 14:40:47.622715 23 storage/engine/rocksdb.go:120                 Options.table_cache_numshardbits: 6
I200313 14:40:47.622741 23 storage/engine/rocksdb.go:120                       Options.max_subcompactions: 1
I200313 14:40:47.622773 23 storage/engine/rocksdb.go:120                   Options.max_background_flushes: -1
I200313 14:40:47.622820 23 storage/engine/rocksdb.go:120                          Options.WAL_ttl_seconds: 0
I200313 14:40:47.622854 23 storage/engine/rocksdb.go:120                        Options.WAL_size_limit_MB: 0
I200313 14:40:47.622892 23 storage/engine/rocksdb.go:120              Options.manifest_preallocation_size: 4194304
I200313 14:40:47.622937 23 storage/engine/rocksdb.go:120                      Options.is_fd_close_on_exec: 1
I200313 14:40:47.622966 23 storage/engine/rocksdb.go:120                    Options.advise_random_on_open: 1
I200313 14:40:47.622991 23 storage/engine/rocksdb.go:120                     Options.db_write_buffer_size: 0
I200313 14:40:47.623014 23 storage/engine/rocksdb.go:120                     Options.write_buffer_manager: 0x7f9bcf419570
I200313 14:40:47.623127 23 storage/engine/rocksdb.go:120          Options.access_hint_on_compaction_start: 1
I200313 14:40:47.623150 23 storage/engine/rocksdb.go:120   Options.new_table_reader_for_compaction_inputs: 0
I200313 14:40:47.623171 23 storage/engine/rocksdb.go:120            Options.random_access_max_buffer_size: 1048576
I200313 14:40:47.623236 23 storage/engine/rocksdb.go:120                       Options.use_adaptive_mutex: 0
I200313 14:40:47.623266 23 storage/engine/rocksdb.go:120                             Options.rate_limiter: (nil)
I200313 14:40:47.623318 23 storage/engine/rocksdb.go:120      Options.sst_file_manager.rate_bytes_per_sec: 0
I200313 14:40:47.623471 23 storage/engine/rocksdb.go:120                        Options.wal_recovery_mode: 0
I200313 14:40:47.623497 23 storage/engine/rocksdb.go:120                   Options.enable_thread_tracking: 0
I200313 14:40:47.623595 23 storage/engine/rocksdb.go:120                   Options.enable_pipelined_write: 0
I200313 14:40:47.623794 23 storage/engine/rocksdb.go:120          Options.allow_concurrent_memtable_write: 1
I200313 14:40:47.623884 23 storage/engine/rocksdb.go:120       Options.enable_write_thread_adaptive_yield: 1
I200313 14:40:47.623916 23 storage/engine/rocksdb.go:120              Options.write_thread_max_yield_usec: 100
I200313 14:40:47.623933 23 storage/engine/rocksdb.go:120             Options.write_thread_slow_yield_usec: 3
I200313 14:40:47.623980 23 storage/engine/rocksdb.go:120                                Options.row_cache: None
I200313 14:40:47.624003 23 storage/engine/rocksdb.go:120                               Options.wal_filter: None
I200313 14:40:47.624050 23 storage/engine/rocksdb.go:120              Options.avoid_flush_during_recovery: 0
I200313 14:40:47.624075 23 storage/engine/rocksdb.go:120              Options.allow_ingest_behind: 0
I200313 14:40:47.624122 23 storage/engine/rocksdb.go:120              Options.preserve_deletes: 0
I200313 14:40:47.624175 23 storage/engine/rocksdb.go:120              Options.two_write_queues: 0
I200313 14:40:47.624457 23 storage/engine/rocksdb.go:120              Options.manual_wal_flush: 1
I200313 14:40:47.624530 23 storage/engine/rocksdb.go:120              Options.atomic_flush: 0
I200313 14:40:47.624554 23 storage/engine/rocksdb.go:120              Options.avoid_unnecessary_blocking_io: 0
I200313 14:40:47.624578 23 storage/engine/rocksdb.go:120              Options.max_background_jobs: 4
I200313 14:40:47.624603 23 storage/engine/rocksdb.go:120              Options.max_background_compactions: -1
I200313 14:40:47.624626 23 storage/engine/rocksdb.go:120              Options.avoid_flush_during_shutdown: 0
I200313 14:40:47.624666 23 storage/engine/rocksdb.go:120            Options.writable_file_max_buffer_size: 1048576
I200313 14:40:47.624686 23 storage/engine/rocksdb.go:120              Options.delayed_write_rate : 16777216
I200313 14:40:47.624709 23 storage/engine/rocksdb.go:120              Options.max_total_wal_size: 0
I200313 14:40:47.624732 23 storage/engine/rocksdb.go:120              Options.delete_obsolete_files_period_micros: 21600000000
I200313 14:40:47.624754 23 storage/engine/rocksdb.go:120                    Options.stats_dump_period_sec: 0
I200313 14:40:47.624877 23 storage/engine/rocksdb.go:120                  Options.stats_persist_period_sec: 600
I200313 14:40:47.624898 23 storage/engine/rocksdb.go:120                  Options.stats_history_buffer_size: 1048576
I200313 14:40:47.625075 23 storage/engine/rocksdb.go:120                           Options.max_open_files: 1043576
I200313 14:40:47.625144 23 storage/engine/rocksdb.go:120                           Options.bytes_per_sync: 524288
I200313 14:40:47.625233 23 storage/engine/rocksdb.go:120                       Options.wal_bytes_per_sync: 0
I200313 14:40:47.625274 23 storage/engine/rocksdb.go:120                    Options.strict_bytes_per_sync: 1
I200313 14:40:47.625327 23 storage/engine/rocksdb.go:120        Options.compaction_readahead_size: 0
I200313 14:40:47.625353 23 storage/engine/rocksdb.go:120  Compression algorithms supported:
I200313 14:40:47.625429 23 storage/engine/rocksdb.go:120  	kZSTDNotFinalCompression supported: 0
I200313 14:40:47.625529 23 storage/engine/rocksdb.go:120  	kZSTD supported: 0
I200313 14:40:47.625651 23 storage/engine/rocksdb.go:120  	kXpressCompression supported: 0
I200313 14:40:47.625677 23 storage/engine/rocksdb.go:120  	kLZ4HCCompression supported: 0
I200313 14:40:47.625701 23 storage/engine/rocksdb.go:120  	kLZ4Compression supported: 0
I200313 14:40:47.625727 23 storage/engine/rocksdb.go:120  	kBZip2Compression supported: 0
I200313 14:40:47.625773 23 storage/engine/rocksdb.go:120  	kZlibCompression supported: 0
I200313 14:40:47.625868 23 storage/engine/rocksdb.go:120  	kSnappyCompression supported: 1
I200313 14:40:47.625912 23 storage/engine/rocksdb.go:120  Fast CRC32 supported: Supported on x86
I200313 14:40:47.651805 23 storage/engine/rocksdb.go:120  [db/version_set.cc:4072] Recovering from manifest file: /cockroach/cockroach-data/MANIFEST-000047
I200313 14:40:47.676796 23 storage/engine/rocksdb.go:120  [db/column_family.cc:488] --------------- Options for column family [default]:
I200313 14:40:47.676908 23 storage/engine/rocksdb.go:120                Options.comparator: cockroach_comparator
I200313 14:40:47.677326 23 storage/engine/rocksdb.go:120            Options.merge_operator: cockroach_merge_operator
I200313 14:40:47.677351 23 storage/engine/rocksdb.go:120         Options.compaction_filter: None
I200313 14:40:47.677547 23 storage/engine/rocksdb.go:120         Options.compaction_filter_factory: None
I200313 14:40:47.677573 23 storage/engine/rocksdb.go:120          Options.memtable_factory: SkipListFactory
I200313 14:40:47.677598 23 storage/engine/rocksdb.go:120             Options.table_factory: BlockBasedTable
I200313 14:40:47.677660 23 storage/engine/rocksdb.go:120             table_factory options:   flush_block_policy_factory: FlushBlockBySizePolicyFactory (0x7f9bcf428090)
  cache_index_and_filter_blocks: 0
  cache_index_and_filter_blocks_with_high_priority: 0
  pin_l0_filter_and_index_blocks_in_cache: 0
  pin_top_level_index_and_filter: 1
  index_type: 0
  data_block_index_type: 0
  index_shortening: 1
  data_block_hash_table_util_ratio: 0.750000
  hash_index_allow_collision: 1
  checksum: 1
  no_block_cache: 0
  block_cache: 0x7f9bcf4b9210
  block_cache_name: LRUCache
  block_cache_options:
    capacity : 67108864
    num_shard_bits : 4
    strict_capacity_limit : 0
    memory_allocator : None
    high_pri_pool_ratio: 0.000
  block_cache_compressed: (nil)
  persistent_cache: (nil)
  block_size: 32768
  block_size_deviation: 10
  block_restart_interval: 16
  index_block_restart_interval: 1
  metadata_block_size: 4096
  partition_filters: 0
  use_delta_encoding: 1
  filter_policy: rocksdb.BuiltinBloomFilter
  whole_key_filtering: 0
  verify_compression: 0
  read_amp_bytes_per_bit: 0
  format_version: 2
  enable_index_compression: 1
  block_align: 0
I200313 14:40:47.677687 23 storage/engine/rocksdb.go:120         Options.write_buffer_size: 67108864
I200313 14:40:47.677714 23 storage/engine/rocksdb.go:120   Options.max_write_buffer_number: 4
I200313 14:40:47.677737 23 storage/engine/rocksdb.go:120           Options.compression: Snappy
I200313 14:40:47.677793 23 storage/engine/rocksdb.go:120                   Options.bottommost_compression: Disabled
I200313 14:40:47.677821 23 storage/engine/rocksdb.go:120        Options.prefix_extractor: cockroach_prefix_extractor
I200313 14:40:47.677844 23 storage/engine/rocksdb.go:120    Options.memtable_insert_with_hint_prefix_extractor: nullptr
I200313 14:40:47.677867 23 storage/engine/rocksdb.go:120              Options.num_levels: 7
I200313 14:40:47.677890 23 storage/engine/rocksdb.go:120         Options.min_write_buffer_number_to_merge: 1
I200313 14:40:47.677912 23 storage/engine/rocksdb.go:120      Options.max_write_buffer_number_to_maintain: 0
I200313 14:40:47.677935 23 storage/engine/rocksdb.go:120             Options.bottommost_compression_opts.window_bits: -14
I200313 14:40:47.677958 23 storage/engine/rocksdb.go:120                   Options.bottommost_compression_opts.level: 32767
I200313 14:40:47.678004 23 storage/engine/rocksdb.go:120                Options.bottommost_compression_opts.strategy: 0
I200313 14:40:47.678030 23 storage/engine/rocksdb.go:120          Options.bottommost_compression_opts.max_dict_bytes: 0
I200313 14:40:47.678054 23 storage/engine/rocksdb.go:120          Options.bottommost_compression_opts.zstd_max_train_bytes: 0
I200313 14:40:47.678077 23 storage/engine/rocksdb.go:120                   Options.bottommost_compression_opts.enabled: false
I200313 14:40:47.678137 23 storage/engine/rocksdb.go:120             Options.compression_opts.window_bits: -14
I200313 14:40:47.678205 23 storage/engine/rocksdb.go:120                   Options.compression_opts.level: 32767
I200313 14:40:47.678232 23 storage/engine/rocksdb.go:120                Options.compression_opts.strategy: 0
I200313 14:40:47.678373 23 storage/engine/rocksdb.go:120          Options.compression_opts.max_dict_bytes: 0
I200313 14:40:47.678396 23 storage/engine/rocksdb.go:120          Options.compression_opts.zstd_max_train_bytes: 0
I200313 14:40:47.678419 23 storage/engine/rocksdb.go:120                   Options.compression_opts.enabled: false
I200313 14:40:47.678442 23 storage/engine/rocksdb.go:120       Options.level0_file_num_compaction_trigger: 2
I200313 14:40:47.678467 23 storage/engine/rocksdb.go:120           Options.level0_slowdown_writes_trigger: 950
I200313 14:40:47.678491 23 storage/engine/rocksdb.go:120               Options.level0_stop_writes_trigger: 1000
I200313 14:40:47.678515 23 storage/engine/rocksdb.go:120                    Options.target_file_size_base: 4194304
I200313 14:40:47.678539 23 storage/engine/rocksdb.go:120              Options.target_file_size_multiplier: 2
I200313 14:40:47.678564 23 storage/engine/rocksdb.go:120                 Options.max_bytes_for_level_base: 67108864
I200313 14:40:47.678589 23 storage/engine/rocksdb.go:120  Options.level_compaction_dynamic_level_bytes: 1
I200313 14:40:47.678742 23 storage/engine/rocksdb.go:120           Options.max_bytes_for_level_multiplier: 10.000000
I200313 14:40:47.678769 23 storage/engine/rocksdb.go:120  Options.max_bytes_for_level_multiplier_addtl[0]: 1
I200313 14:40:47.678794 23 storage/engine/rocksdb.go:120  Options.max_bytes_for_level_multiplier_addtl[1]: 1
I200313 14:40:47.678819 23 storage/engine/rocksdb.go:120  Options.max_bytes_for_level_multiplier_addtl[2]: 1
I200313 14:40:47.678947 23 storage/engine/rocksdb.go:120  Options.max_bytes_for_level_multiplier_addtl[3]: 1
I200313 14:40:47.678969 23 storage/engine/rocksdb.go:120  Options.max_bytes_for_level_multiplier_addtl[4]: 1
I200313 14:40:47.679126 23 storage/engine/rocksdb.go:120  Options.max_bytes_for_level_multiplier_addtl[5]: 1
I200313 14:40:47.680368 23 storage/engine/rocksdb.go:120  Options.max_bytes_for_level_multiplier_addtl[6]: 1
I200313 14:40:47.680526 23 storage/engine/rocksdb.go:120        Options.max_sequential_skip_in_iterations: 8
I200313 14:40:47.680556 23 storage/engine/rocksdb.go:120                     Options.max_compaction_bytes: 104857600
I200313 14:40:47.682484 23 storage/engine/rocksdb.go:120                         Options.arena_block_size: 8388608
I200313 14:40:47.682511 23 storage/engine/rocksdb.go:120    Options.soft_pending_compaction_bytes_limit: 2199023255552
I200313 14:40:47.682615 23 storage/engine/rocksdb.go:120    Options.hard_pending_compaction_bytes_limit: 4400193994752
I200313 14:40:47.682636 23 storage/engine/rocksdb.go:120        Options.rate_limit_delay_max_milliseconds: 100
I200313 14:40:47.682656 23 storage/engine/rocksdb.go:120                 Options.disable_auto_compactions: 0
I200313 14:40:47.682773 23 storage/engine/rocksdb.go:120                         Options.compaction_style: kCompactionStyleLevel
I200313 14:40:47.682795 23 storage/engine/rocksdb.go:120                           Options.compaction_pri: kMinOverlappingRatio
I200313 14:40:47.682908 23 storage/engine/rocksdb.go:120  Options.compaction_options_universal.size_ratio: 1
I200313 14:40:47.682929 23 storage/engine/rocksdb.go:120  Options.compaction_options_universal.min_merge_width: 2
I200313 14:40:47.682950 23 storage/engine/rocksdb.go:120  Options.compaction_options_universal.max_merge_width: 4294967295
I200313 14:40:47.683059 23 storage/engine/rocksdb.go:120  Options.compaction_options_universal.max_size_amplification_percent: 200
I200313 14:40:47.683079 23 storage/engine/rocksdb.go:120  Options.compaction_options_universal.compression_size_percent: -1
I200313 14:40:47.683101 23 storage/engine/rocksdb.go:120  Options.compaction_options_universal.stop_style: kCompactionStopStyleTotalSize
I200313 14:40:47.683214 23 storage/engine/rocksdb.go:120  Options.compaction_options_fifo.max_table_files_size: 1073741824
I200313 14:40:47.683231 23 storage/engine/rocksdb.go:120  Options.compaction_options_fifo.allow_compaction: 0
I200313 14:40:47.683356 23 storage/engine/rocksdb.go:120                    Options.table_properties_collectors: TimeBoundTblPropCollectorFactory; DeleteRangeTblPropCollectorFactory; 
I200313 14:40:47.684154 23 storage/engine/rocksdb.go:120                    Options.inplace_update_support: 0
I200313 14:40:47.684203 23 storage/engine/rocksdb.go:120                  Options.inplace_update_num_locks: 10000
I200313 14:40:47.726829 23 storage/engine/rocksdb.go:120                Options.memtable_prefix_bloom_size_ratio: 0.000000
I200313 14:40:47.726856 23 storage/engine/rocksdb.go:120                Options.memtable_whole_key_filtering: 0
I200313 14:40:47.726882 23 storage/engine/rocksdb.go:120    Options.memtable_huge_page_size: 0
I200313 14:40:47.726908 23 storage/engine/rocksdb.go:120                            Options.bloom_locality: 0
I200313 14:40:47.726932 23 storage/engine/rocksdb.go:120                     Options.max_successive_merges: 0
I200313 14:40:47.726956 23 storage/engine/rocksdb.go:120                 Options.optimize_filters_for_hits: 1
I200313 14:40:47.726980 23 storage/engine/rocksdb.go:120                 Options.paranoid_file_checks: 0
I200313 14:40:47.727004 23 storage/engine/rocksdb.go:120                 Options.force_consistency_checks: 0
I200313 14:40:47.727029 23 storage/engine/rocksdb.go:120                 Options.report_bg_io_stats: 0
I200313 14:40:47.727053 23 storage/engine/rocksdb.go:120                                Options.ttl: 0
I200313 14:40:47.727077 23 storage/engine/rocksdb.go:120           Options.periodic_compaction_seconds: 0
I200313 14:40:47.837751 23 storage/engine/rocksdb.go:120  [db/version_set.cc:3086] More existing levels in DB than needed. max_bytes_for_level_multiplier may not be guaranteed.
I200313 14:40:47.837797 23 storage/engine/rocksdb.go:120  [db/version_set.cc:4286] Recovered from manifest file:/cockroach/cockroach-data/MANIFEST-000047 succeeded,manifest_file_number is 47, next_file_number is 259, last_sequence is 9606, log_number is 250,prev_log_number is 0,max_column_family is 0,min_log_number_to_keep is 0
I200313 14:40:47.838306 23 storage/engine/rocksdb.go:120  [db/version_set.cc:4295] Column family [default] (ID 0), log number is 250
I200313 14:40:47.878217 23 storage/engine/rocksdb.go:120  EVENT_LOG_v1 {"time_micros": 1584110447878129, "job": 1, "event": "recovery_started", "log_files": [238, 250]}
I200313 14:40:47.878601 23 storage/engine/rocksdb.go:120  [db/db_impl_open.cc:586] Skipping log #238 since it is older than min log to keep #250
I200313 14:40:47.878717 23 storage/engine/rocksdb.go:120  [db/db_impl_open.cc:598] Recovering log #250 mode 0
I200313 14:40:48.029133 23 storage/engine/rocksdb.go:120  EVENT_LOG_v1 {"time_micros": 1584110448028593, "cf_name": "default", "job": 1, "event": "table_file_creation", "file_number": 259, "file_size": 72122, "table_properties": {"data_size": 66946, "index_size": 577, "index_partitions": 0, "top_level_index_size": 0, "index_key_is_user_key": 0, "index_value_is_delta_encoded": 0, "filter_size": 3781, "raw_key_size": 159125, "raw_average_key_size": 52, "raw_value_size": 289972, "raw_average_value_size": 96, "num_data_blocks": 9, "num_entries": 3003, "num_deletions": 196, "num_merge_operands": 2656, "num_range_deletions": 2656, "format_version": 0, "fixed_key_len": 0, "filter_policy": "rocksdb.BuiltinBloomFilter", "column_family_name": "default", "column_family_id": 0, "comparator": "cockroach_comparator", "merge_operator": "cockroach_merge_operator", "prefix_extractor_name": "cockroach_prefix_extractor", "property_collectors": "[TimeBoundTblPropCollectorFactory,DeleteRangeTblPropCollectorFactory]", "compression": "Snappy", "compression_options": "window_bits=-14; level=32767; strategy=0; max_dict_bytes=0; zstd_max_train_bytes=0; enabled=0; ", "creation_time": 1584110447, "oldest_key_time": 3, "file_creation_time": 0}}
I200313 14:40:48.031603 23 storage/engine/rocksdb.go:120  [db/version_set.cc:3560] Creating manifest 260
I200313 14:40:48.035583 23 storage/engine/rocksdb.go:120  [db/version_set.cc:3086] More existing levels in DB than needed. max_bytes_for_level_multiplier may not be guaranteed.
I200313 14:40:48.041727 23 storage/engine/rocksdb.go:120  EVENT_LOG_v1 {"time_micros": 1584110448041537, "job": 1, "event": "recovery_finished"}
I200313 14:40:48.081822 17 storage/engine/rocksdb.go:120  [db/compaction_job.cc:1647] [default] [JOB 3] Compacting 1@0 + 1@6 files to L6, score 1.00
I200313 14:40:48.081859 17 storage/engine/rocksdb.go:120  [db/compaction_job.cc:1651] [default] Compaction start summary: Base version 2 Base level 0, inputs: [259(70KB)], [257(417KB)]
I200313 14:40:48.081937 17 storage/engine/rocksdb.go:120  EVENT_LOG_v1 {"time_micros": 1584110448081896, "job": 3, "event": "compaction_started", "compaction_reason": "LevelL0FilesNum", "files_L0": [259], "files_L6": [257], "score": 1, "input_data_size": 499874}
I200313 14:40:48.106834 23 storage/engine/rocksdb.go:120  DB pointer 0x7f9bcf535000
I200313 14:40:48.312484 17 storage/engine/rocksdb.go:120  [db/compaction_job.cc:1334] [default] [JOB 3] Generated table #264: 5938 keys, 435480 bytes
I200313 14:40:48.312898 17 storage/engine/rocksdb.go:120  EVENT_LOG_v1 {"time_micros": 1584110448312515, "cf_name": "default", "job": 3, "event": "table_file_creation", "file_number": 264, "file_size": 435480, "table_properties": {"data_size": 431451, "index_size": 6843, "index_partitions": 0, "top_level_index_size": 0, "index_key_is_user_key": 0, "index_value_is_delta_encoded": 0, "filter_size": 0, "raw_key_size": 289475, "raw_average_key_size": 48, "raw_value_size": 3210907, "raw_average_value_size": 540, "num_data_blocks": 104, "num_entries": 5938, "num_deletions": 0, "num_merge_operands": 0, "num_range_deletions": 0, "format_version": 0, "fixed_key_len": 0, "filter_policy": "rocksdb.BuiltinBloomFilter", "column_family_name": "default", "column_family_id": 0, "comparator": "cockroach_comparator", "merge_operator": "cockroach_merge_operator", "prefix_extractor_name": "cockroach_prefix_extractor", "property_collectors": "[TimeBoundTblPropCollectorFactory,DeleteRangeTblPropCollectorFactory]", "compression": "Snappy", "compression_options": "window_bits=-14; level=32767; strategy=0; max_dict_bytes=0; zstd_max_train_bytes=0; enabled=0; ", "creation_time": 1584110447, "oldest_key_time": 0, "file_creation_time": 1584110448}}
I200313 14:40:48.318244 17 storage/engine/rocksdb.go:120  [db/compaction_job.cc:1397] [default] [JOB 3] Compacted 1@0 + 1@6 files to L6 => 435480 bytes
I200313 14:40:48.318518 17 storage/engine/rocksdb.go:120  [db/version_set.cc:3086] More existing levels in DB than needed. max_bytes_for_level_multiplier may not be guaranteed.
I200313 14:40:48.319749 17 storage/engine/rocksdb.go:120  (Original Log Time 2020/03/13-14:40:48.319216) [db/compaction_job.cc:770] [default] compacted to: base level 6 level multiplier 10.00 max bytes base 67108864 files[1 0 0 0 0 0 11] max score 0.50, MB/sec: 2.1 rd, 1.9 wr, level 6, files in(1, 1) out(1) MB in(0.1, 0.4) out(0.4), read-write-amplify(13.0) write-amplify(6.0) OK, records in: 8905, records dropped: 311 output_compression: Snappy
I200313 14:40:48.319857 17 storage/engine/rocksdb.go:120  (Original Log Time 2020/03/13-14:40:48.319419) EVENT_LOG_v1 {"time_micros": 1584110448319387, "job": 3, "event": "compaction_finished", "compaction_time_micros": 232972, "compaction_time_cpu_micros": 139687, "output_level": 6, "num_output_files": 1, "total_output_size": 435480, "num_input_records": 6249, "num_output_records": 5938, "num_subcompactions": 1, "output_compression": "Snappy", "num_single_delete_mismatches": 0, "num_single_delete_fallthrough": 0, "lsm_state": [1, 0, 0, 0, 0, 0, 11]}
I200313 14:40:48.321872 17 storage/engine/rocksdb.go:120  EVENT_LOG_v1 {"time_micros": 1584110448321698, "job": 3, "event": "table_file_deletion", "file_number": 259}
I200313 14:40:48.323991 17 storage/engine/rocksdb.go:120  EVENT_LOG_v1 {"time_micros": 1584110448323869, "job": 3, "event": "table_file_deletion", "file_number": 257}
I200313 14:44:53.762853 3861 storage/engine/rocksdb.go:120  bloom filter utility:    -nan%
I200313 14:44:53.763388 3861 storage/engine/rocksdb.go:120  [db/db_impl.cc:392] Shutdown: canceling all background work
I200313 14:44:53.768873 3861 storage/engine/rocksdb.go:120  [db/db_impl.cc:565] Shutdown complete
I200313 14:44:53.806037 3861 storage/engine/rocksdb.go:120  bloom filter utility:    84.5%
I200313 14:44:53.806689 3861 storage/engine/rocksdb.go:120  [db/db_impl.cc:392] Shutdown: canceling all background work
I200313 14:44:53.831273 3861 storage/engine/rocksdb.go:120  [db/db_impl.cc:565] Shutdown complete
