I200313 14:45:06.069282 1 util/log/clog.go:1196  [config] file created at: 2020/03/13 14:45:06
I200313 14:45:06.069282 1 util/log/clog.go:1196  [config] running on machine: bd2bbd8edd61
I200313 14:45:06.069282 1 util/log/clog.go:1196  [config] binary: CockroachDB CCL v19.2.4 (x86_64-unknown-linux-gnu, built 2020/02/06 21:55:19, go1.12.12)
I200313 14:45:06.069282 1 util/log/clog.go:1196  [config] arguments: [/cockroach/cockroach start --insecure --join=node_1]
I200313 14:45:06.069282 1 util/log/clog.go:1196  line format: [IWEF]yymmdd hh:mm:ss.uuuuuu goid file:line msg utf8=✓
I200313 14:45:06.069268 1 cli/start.go:1144  logging to directory /cockroach/cockroach-data/logs
W200313 14:45:06.072714 1 cli/start.go:1182  RUNNING IN INSECURE MODE!

- Your cluster is open for any client that can access <all your IP addresses>.
- Any user, even root, can log in without providing a password.
- Any user, connecting as root, can read or write any data in your cluster.
- There is no network encryption nor authentication, and thus no confidentiality.

Check out how to secure your cluster: https://www.cockroachlabs.com/docs/v19.2/secure-a-cluster.html
I200313 14:45:06.073146 1 server/status/recorder.go:597  available memory from cgroups is unsupported, using system memory 2.0 GiB instead: failed to find cgroup memory limit
W200313 14:45:06.073292 1 cli/start.go:1052  Using the default setting for --cache (128 MiB).
  A significantly larger value is usually needed for good performance.
  If you have a dedicated server a reasonable setting is --cache=.25 (500 MiB).
I200313 14:45:06.073813 1 server/status/recorder.go:597  available memory from cgroups is unsupported, using system memory 2.0 GiB instead: failed to find cgroup memory limit
W200313 14:45:06.073855 1 cli/start.go:1065  Using the default setting for --max-sql-memory (128 MiB).
  A significantly larger value is usually needed in production.
  If you have a dedicated server a reasonable setting is --max-sql-memory=.25 (500 MiB).
I200313 14:45:06.074188 1 server/status/recorder.go:597  available memory from cgroups is unsupported, using system memory 2.0 GiB instead: failed to find cgroup memory limit
I200313 14:45:06.074229 1 cli/start.go:1196  CockroachDB CCL v19.2.4 (x86_64-unknown-linux-gnu, built 2020/02/06 21:55:19, go1.12.12)
I200313 14:45:06.263083 1 server/status/recorder.go:597  available memory from cgroups is unsupported, using system memory 2.0 GiB instead: failed to find cgroup memory limit
I200313 14:45:06.263125 1 server/config.go:394  system total memory: 2.0 GiB
I200313 14:45:06.263184 1 server/config.go:396  server configuration:
max offset             500000000
cache size             128 MiB
SQL memory pool size   128 MiB
scan interval          10m0s
scan min idle time     10ms
scan max idle time     1s
event log enabled      true
I200313 14:45:06.263226 1 cli/start.go:1030  using local environment variables: COCKROACH_CHANNEL=official-docker
I200313 14:45:06.263264 1 cli/start.go:1037  process identity: uid 0 euid 0 gid 0 egid 0
I200313 14:45:06.263366 1 cli/start.go:644  starting cockroach node
I200313 14:45:06.267582 15 storage/engine/rocksdb.go:622  opening rocksdb instance at "/cockroach/cockroach-data/cockroach-temp602937676"
I200313 14:45:06.416727 15 server/server.go:928  [n?] monitoring forward clock jumps based on server.clock.forward_jump_check_enabled
I200313 14:45:06.429512 15 storage/engine/rocksdb.go:622  opening rocksdb instance at "/cockroach/cockroach-data"
I200313 14:45:07.111771 15 server/config.go:502  [n?] 1 storage engine initialized
I200313 14:45:07.111926 15 server/config.go:505  [n?] RocksDB cache size: 128 MiB
I200313 14:45:07.112035 15 server/config.go:505  [n?] store 0: RocksDB, max size 0 B, max open file limit 1043576
W200313 14:45:07.131607 15 gossip/gossip.go:1517  [n?] no incoming or outgoing connections
W200313 14:45:07.131753 15 cli/start.go:996  neither --listen-addr nor --advertise-addr was specified.
The server will advertise "bd2bbd8edd61" to other nodes, is this routable?

Consider using:
- for local-only servers:  --listen-addr=localhost
- for multi-node clusters: --advertise-addr=<host/IP addr>
I200313 14:45:07.136539 15 gossip/gossip.go:394  [n2] NodeDescriptor set to node_id:2 address:<network_field:"tcp" address_field:"bd2bbd8edd61:26257" > attrs:<> locality:<> ServerVersion:<major_val:19 minor_val:2 patch:0 unstable:0 > build_tag:"v19.2.4" started_at:1584110707136297700 cluster_name:"" sql_address:<network_field:"tcp" address_field:"bd2bbd8edd61:26257" > 
W200313 14:45:07.191701 154 storage/replica_range_lease.go:554  can't determine lease status due to node liveness error: node not in the liveness table
github.com/cockroachdb/cockroach/pkg/storage.init.ializers
	/go/src/github.com/cockroachdb/cockroach/pkg/storage/node_liveness.go:44
runtime.main
	/usr/local/go/src/runtime/proc.go:188
runtime.goexit
	/usr/local/go/src/runtime/asm_amd64.s:1337
W200313 14:45:07.191854 154 storage/store.go:1530  [n2,s2,r6/2:/Table/{SystemCon…-11}] could not gossip system config: [NotLeaseHolderError] r6: replica (n2,s2):2 not lease holder; lease holder unknown
I200313 14:45:07.193225 112 vendor/github.com/cockroachdb/circuitbreaker/circuitbreaker.go:322  [n2] circuitbreaker: rpc [::]:26257 [n3] tripped: failed to resolve n3: unable to look up descriptor for n3
I200313 14:45:07.193261 60 vendor/github.com/cockroachdb/circuitbreaker/circuitbreaker.go:322  [n2] circuitbreaker: rpc [::]:26257 [n4] tripped: failed to resolve n4: unable to look up descriptor for n4
I200313 14:45:07.193322 60 vendor/github.com/cockroachdb/circuitbreaker/circuitbreaker.go:447  [n2] circuitbreaker: rpc [::]:26257 [n4] event: BreakerTripped
I200313 14:45:07.193322 112 vendor/github.com/cockroachdb/circuitbreaker/circuitbreaker.go:447  [n2] circuitbreaker: rpc [::]:26257 [n3] event: BreakerTripped
I200313 14:45:07.193322 59 vendor/github.com/cockroachdb/circuitbreaker/circuitbreaker.go:322  [n2] circuitbreaker: rpc [::]:26257 [n1] tripped: failed to resolve n1: unable to look up descriptor for n1
I200313 14:45:07.193447 59 vendor/github.com/cockroachdb/circuitbreaker/circuitbreaker.go:447  [n2] circuitbreaker: rpc [::]:26257 [n1] event: BreakerTripped
W200313 14:45:07.242942 154 storage/store.go:1530  [n2,s2,r6/2:/Table/{SystemCon…-11}] could not gossip system config: [NotLeaseHolderError] r6: replica (n2,s2):2 not lease holder; lease holder unknown
I200313 14:45:07.282315 15 server/node.go:431  [n2] initialized store [n2,s2]: disk (capacity=58 TiB, available=32 TiB, used=1.7 MiB, logicalBytes=16 MiB), ranges=18, leases=0, queries=0.00, writes=0.00, bytesPerReplica={p10=0.00 p25=0.00 p50=326.00 p75=12124.00 p90=79689.00 pMax=17037092.00}, writesPerReplica={p10=0.00 p25=0.00 p50=0.00 p75=0.00 p90=0.00 pMax=0.00}
I200313 14:45:07.283119 15 storage/stores.go:240  [n2] read 3 node addresses from persistent storage
I200313 14:45:07.283551 15 server/node.go:645  [n2] connecting to gossip network to verify cluster ID...
I200313 14:45:07.283609 15 server/node.go:665  [n2] node connected via gossip and verified as part of cluster "658b6d5e-e699-44c5-895d-ae8ec745f62b"
I200313 14:45:07.283788 15 server/node.go:512  [n2] node=2: started with [<no-attributes>=/cockroach/cockroach-data] engine(s) and attributes []
I200313 14:45:07.287693 15 server/server.go:1514  [n2] starting http server at [::]:8080 (use: bd2bbd8edd61:8080)
I200313 14:45:07.288006 15 server/server.go:1521  [n2] starting grpc/postgres server at [::]:26257
I200313 14:45:07.288677 15 server/server.go:1522  [n2] advertising CockroachDB node at bd2bbd8edd61:26257
W200313 14:45:07.340610 154 storage/store.go:1530  [n2,s2,r6/2:/Table/{SystemCon…-11}] could not gossip system config: [NotLeaseHolderError] r6: replica (n2,s2):2 not lease holder; lease holder unknown
I200313 14:45:07.509498 76 gossip/client.go:124  [n2] started gossip client to node_1:26257
I200313 14:45:07.515846 67 storage/stores.go:259  [n2] wrote 4 node addresses to persistent storage
W200313 14:45:07.526658 154 storage/store.go:1530  [n2,s2,r6/2:/Table/{SystemCon…-11}] could not gossip system config: [NotLeaseHolderError] r6: replica (n2,s2):2 not lease holder; lease holder unknown
I200313 14:45:07.646038 67 storage/stores.go:259  [n2] wrote 5 node addresses to persistent storage
I200313 14:45:07.687611 67 storage/stores.go:259  [n2] wrote 6 node addresses to persistent storage
I200313 14:45:07.703904 212 vendor/github.com/cockroachdb/circuitbreaker/circuitbreaker.go:447  [n2] circuitbreaker: rpc [::]:26257 [n4] event: BreakerReset
W200313 14:45:07.704934 212 storage/raft_transport.go:634  [n2] while processing outgoing Raft queue to node 4: rpc error: code = Unavailable desc = node waiting for init; /cockroach.storage.MultiRaft/RaftMessageBatch not available:
W200313 14:45:07.955959 154 storage/store.go:1530  [n2,s2,r6/2:/Table/{SystemCon…-11}] could not gossip system config: [NotLeaseHolderError] r6: replica (n2,s2):2 not lease holder; lease holder unknown
W200313 14:45:08.187940 104 gossip/gossip.go:1300  [n2] invalid bootstrap address: &{typ:tcp addr:f47a1c7300a3:26257}, lookup f47a1c7300a3 on 127.0.0.11:53: no such host
W200313 14:45:08.243086 104 gossip/gossip.go:1300  [n2] invalid bootstrap address: &{typ:tcp addr:068c9c09d521:26257}, lookup 068c9c09d521 on 127.0.0.11:53: no such host
I200313 14:45:08.253870 254 gossip/client.go:124  [n2] started gossip client to 6f5a45d6756d:26257
I200313 14:45:08.254418 254 gossip/client.go:129  [n2] closing client to n1 (6f5a45d6756d:26257): rpc error: code = Unknown desc = duplicate connection from node at bd2bbd8edd61:26257
W200313 14:45:08.655229 154 storage/store.go:1530  [n2,s2,r6/2:/Table/{SystemCon…-11}] could not gossip system config: [NotLeaseHolderError] r6: replica (n2,s2):2 not lease holder; lease holder unknown
I200313 14:45:09.252146 359 gossip/client.go:124  [n2] started gossip client to 0fa111da6291:26257
I200313 14:45:09.500358 375 vendor/github.com/cockroachdb/circuitbreaker/circuitbreaker.go:447  [n2] circuitbreaker: rpc [::]:26257 [n1] event: BreakerReset
W200313 14:45:09.751109 154 storage/store.go:1530  [n2,s2,r6/2:/Table/{SystemCon…-11}] could not gossip system config: [NotLeaseHolderError] r6: replica (n2,s2):2 not lease holder; lease holder unknown
I200313 14:45:10.101499 364 vendor/github.com/cockroachdb/circuitbreaker/circuitbreaker.go:447  [n2] circuitbreaker: rpc [::]:26257 [n3] event: BreakerReset
I200313 14:45:10.616027 76 gossip/client.go:129  [n2] closing client to n1 (node_1:26257): stopping outgoing client to n1 (node_1:26257); already have incoming
I200313 14:45:10.619459 421 gossip/client.go:124  [n2] started gossip client to a78564d74f65:26257
W200313 14:45:10.790093 173 storage/node_liveness.go:559  [n2,liveness-hb] slow heartbeat took 3.5s
I200313 14:45:10.790183 173 storage/node_liveness.go:474  [n2,liveness-hb] heartbeat failed on epoch increment; retrying
I200313 14:45:11.138514 15 server/server.go:1590  [n2] done ensuring all necessary migrations have run
I200313 14:45:11.138589 15 server/server.go:1841  [n2] serving sql connections
I200313 14:45:11.138738 15 cli/start.go:803  [config] clusterID: 658b6d5e-e699-44c5-895d-ae8ec745f62b
I200313 14:45:11.138785 15 cli/start.go:812  node startup completed:
CockroachDB node starting at 2020-03-13 14:45:11.1386376 +0000 UTC (took 5.1s)
build:               CCL v19.2.4 @ 2020/02/06 21:55:19 (go1.12.12)
webui:               http://bd2bbd8edd61:8080
sql:                 postgresql://root@bd2bbd8edd61:26257?sslmode=disable
RPC client flags:    /cockroach/cockroach <client cmd> --host=bd2bbd8edd61:26257 --insecure
logs:                /cockroach/cockroach-data/logs
temp dir:            /cockroach/cockroach-data/cockroach-temp602937676
external I/O path:   /cockroach/cockroach-data/extern
store[0]:            path=/cockroach/cockroach-data
status:              restarted pre-existing node
clusterID:           658b6d5e-e699-44c5-895d-ae8ec745f62b
nodeID:              2
I200313 14:45:11.162650 503 storage/node_liveness.go:790  [n2,s2,r8/4:/Table/1{2-3}] incremented n3 liveness epoch to 3
I200313 14:45:11.185012 334 server/server_update.go:50  [n2] failed attempt to upgrade cluster version, error: node 3 not running (UNAVAILABLE), cannot determine version
I200313 14:45:11.200005 336 sql/event_log.go:130  [n2] Event: "node_restart", target: 2, info: {Descriptor:{NodeID:2 Address:bd2bbd8edd61:26257 Attrs: Locality: ServerVersion:19.2 BuildTag:v19.2.4 StartedAt:1584110707136297700 LocalityAddress:[] ClusterName: SQLAddress:bd2bbd8edd61:26257} ClusterID:658b6d5e-e699-44c5-895d-ae8ec745f62b StartedAt:1584110707136297700 LastUp:1584110691107518000}
I200313 14:45:11.474009 544 storage/queue.go:1132  [n2,replicate] purgatory is now empty
I200313 14:45:11.500271 105 gossip/gossip.go:1531  [n2] node has connected to cluster via gossip
I200313 14:45:11.500555 105 storage/stores.go:259  [n2] wrote 3 node addresses to persistent storage
I200313 14:45:12.197124 334 server/server_update.go:53  [n2] no need to upgrade, cluster already at the newest version
I200313 14:45:17.289646 167 server/status/runtime.go:498  [n2] runtime stats: 128 MiB RSS, 249 goroutines, 105 MiB/16 MiB/135 MiB GO alloc/idle/total, 15 MiB/22 MiB CGO alloc/total, 0.0 CGO/sec, 0.0/0.0 %(u/s)time, 0.0 %gc (9x), 317 KiB/256 KiB (r/w)net
