I200313 14:24:32.722710 1 util/log/clog.go:1196  [config] file created at: 2020/03/13 14:24:32
I200313 14:24:32.722710 1 util/log/clog.go:1196  [config] running on machine: 3195b81d3530
I200313 14:24:32.722710 1 util/log/clog.go:1196  [config] binary: CockroachDB CCL v19.2.4 (x86_64-unknown-linux-gnu, built 2020/02/06 21:55:19, go1.12.12)
I200313 14:24:32.722710 1 util/log/clog.go:1196  [config] arguments: [/cockroach/cockroach start --insecure --join=node_1]
I200313 14:24:32.722710 1 util/log/clog.go:1196  line format: [IWEF]yymmdd hh:mm:ss.uuuuuu goid file:line msg utf8=✓
I200313 14:24:32.722696 1 cli/start.go:1144  logging to directory /cockroach/cockroach-data/logs
W200313 14:24:32.743616 1 cli/start.go:1182  RUNNING IN INSECURE MODE!

- Your cluster is open for any client that can access <all your IP addresses>.
- Any user, even root, can log in without providing a password.
- Any user, connecting as root, can read or write any data in your cluster.
- There is no network encryption nor authentication, and thus no confidentiality.

Check out how to secure your cluster: https://www.cockroachlabs.com/docs/v19.2/secure-a-cluster.html
I200313 14:24:32.744618 1 server/status/recorder.go:597  available memory from cgroups is unsupported, using system memory 2.0 GiB instead: failed to find cgroup memory limit
W200313 14:24:32.745047 1 cli/start.go:1052  Using the default setting for --cache (128 MiB).
  A significantly larger value is usually needed for good performance.
  If you have a dedicated server a reasonable setting is --cache=.25 (500 MiB).
I200313 14:24:32.745897 1 server/status/recorder.go:597  available memory from cgroups is unsupported, using system memory 2.0 GiB instead: failed to find cgroup memory limit
W200313 14:24:32.745972 1 cli/start.go:1065  Using the default setting for --max-sql-memory (128 MiB).
  A significantly larger value is usually needed in production.
  If you have a dedicated server a reasonable setting is --max-sql-memory=.25 (500 MiB).
I200313 14:24:32.746833 1 server/status/recorder.go:597  available memory from cgroups is unsupported, using system memory 2.0 GiB instead: failed to find cgroup memory limit
I200313 14:24:32.746888 1 cli/start.go:1196  CockroachDB CCL v19.2.4 (x86_64-unknown-linux-gnu, built 2020/02/06 21:55:19, go1.12.12)
I200313 14:24:32.931679 1 server/status/recorder.go:597  available memory from cgroups is unsupported, using system memory 2.0 GiB instead: failed to find cgroup memory limit
I200313 14:24:32.931733 1 server/config.go:394  system total memory: 2.0 GiB
I200313 14:24:32.931791 1 server/config.go:396  server configuration:
max offset             500000000
cache size             128 MiB
SQL memory pool size   128 MiB
scan interval          10m0s
scan min idle time     10ms
scan max idle time     1s
event log enabled      true
I200313 14:24:32.931833 1 cli/start.go:1030  using local environment variables: COCKROACH_CHANNEL=official-docker
I200313 14:24:32.931873 1 cli/start.go:1037  process identity: uid 0 euid 0 gid 0 egid 0
I200313 14:24:32.932017 1 cli/start.go:644  starting cockroach node
I200313 14:24:32.939450 30 storage/engine/rocksdb.go:622  opening rocksdb instance at "/cockroach/cockroach-data/cockroach-temp151637128"
I200313 14:24:33.024231 30 server/server.go:928  [n?] monitoring forward clock jumps based on server.clock.forward_jump_check_enabled
I200313 14:24:33.026772 30 storage/engine/rocksdb.go:622  opening rocksdb instance at "/cockroach/cockroach-data"
I200313 14:24:33.113536 30 server/config.go:502  [n?] 1 storage engine initialized
I200313 14:24:33.113639 30 server/config.go:505  [n?] RocksDB cache size: 128 MiB
I200313 14:24:33.113673 30 server/config.go:505  [n?] store 0: RocksDB, max size 0 B, max open file limit 1043576
W200313 14:24:33.133104 30 gossip/gossip.go:1517  [n?] no incoming or outgoing connections
W200313 14:24:33.133801 30 cli/start.go:996  neither --listen-addr nor --advertise-addr was specified.
The server will advertise "3195b81d3530" to other nodes, is this routable?

Consider using:
- for local-only servers:  --listen-addr=localhost
- for multi-node clusters: --advertise-addr=<host/IP addr>
I200313 14:24:33.138325 30 server/server.go:978  [n?] Sleeping till wall time 1584109473138204800 to catches up to 1584109473523942901 to ensure monotonicity. Delta: 385.738101ms
I200313 14:24:33.528217 30 gossip/gossip.go:394  [n2] NodeDescriptor set to node_id:2 address:<network_field:"tcp" address_field:"3195b81d3530:26257" > attrs:<> locality:<> ServerVersion:<major_val:19 minor_val:2 patch:0 unstable:0 > build_tag:"v19.2.4" started_at:1584109473527850200 cluster_name:"" sql_address:<network_field:"tcp" address_field:"3195b81d3530:26257" > 
I200313 14:24:33.582370 32 gossip/client.go:124  [n2] started gossip client to node_1:26257
I200313 14:24:33.589072 30 server/node.go:431  [n2] initialized store [n2,s2]: disk (capacity=58 TiB, available=32 TiB, used=576 KiB, logicalBytes=0 B), ranges=0, leases=0, queries=0.00, writes=0.00, bytesPerReplica={p10=0.00 p25=0.00 p50=0.00 p75=0.00 p90=0.00 pMax=0.00}, writesPerReplica={p10=0.00 p25=0.00 p50=0.00 p75=0.00 p90=0.00 pMax=0.00}
I200313 14:24:33.589222 30 storage/stores.go:240  [n2] read 1 node addresses from persistent storage
I200313 14:24:33.589411 30 storage/stores.go:259  [n2] wrote 2 node addresses to persistent storage
I200313 14:24:33.589529 30 server/node.go:645  [n2] connecting to gossip network to verify cluster ID...
I200313 14:24:33.598343 30 server/node.go:665  [n2] node connected via gossip and verified as part of cluster "658b6d5e-e699-44c5-895d-ae8ec745f62b"
I200313 14:24:33.598476 30 server/node.go:512  [n2] node=2: started with [<no-attributes>=/cockroach/cockroach-data] engine(s) and attributes []
I200313 14:24:33.600759 30 server/server.go:1514  [n2] starting http server at [::]:8080 (use: 3195b81d3530:8080)
I200313 14:24:33.600836 30 server/server.go:1521  [n2] starting grpc/postgres server at [::]:26257
I200313 14:24:33.600887 30 server/server.go:1522  [n2] advertising CockroachDB node at 3195b81d3530:26257
I200313 14:24:33.686784 191 storage/node_liveness.go:474  [n2,liveness-hb] heartbeat failed on epoch increment; retrying
I200313 14:24:33.714646 30 server/server.go:1590  [n2] done ensuring all necessary migrations have run
I200313 14:24:33.715344 30 server/server.go:1841  [n2] serving sql connections
I200313 14:24:33.715577 30 cli/start.go:803  [config] clusterID: 658b6d5e-e699-44c5-895d-ae8ec745f62b
I200313 14:24:33.715628 30 cli/start.go:812  node startup completed:
CockroachDB node starting at 2020-03-13 14:24:33.7154973 +0000 UTC (took 1.0s)
build:               CCL v19.2.4 @ 2020/02/06 21:55:19 (go1.12.12)
webui:               http://3195b81d3530:8080
sql:                 postgresql://root@3195b81d3530:26257?sslmode=disable
RPC client flags:    /cockroach/cockroach <client cmd> --host=3195b81d3530:26257 --insecure
logs:                /cockroach/cockroach-data/logs
temp dir:            /cockroach/cockroach-data/cockroach-temp151637128
external I/O path:   /cockroach/cockroach-data/extern
store[0]:            path=/cockroach/cockroach-data
status:              restarted pre-existing node
clusterID:           658b6d5e-e699-44c5-895d-ae8ec745f62b
nodeID:              2
I200313 14:24:33.777754 213 sql/event_log.go:130  [n2] Event: "node_restart", target: 2, info: {Descriptor:{NodeID:2 Address:3195b81d3530:26257 Attrs: Locality: ServerVersion:19.2 BuildTag:v19.2.4 StartedAt:1584109473527850200 LocalityAddress:[] ClusterName: SQLAddress:3195b81d3530:26257} ClusterID:658b6d5e-e699-44c5-895d-ae8ec745f62b StartedAt:1584109473527850200 LastUp:1584108867627670400}
I200313 14:24:33.778964 211 server/server_update.go:53  [n2] no need to upgrade, cluster already at the newest version
I200313 14:24:34.213051 32 gossip/client.go:129  [n2] closing client to n1 (node_1:26257): stopping outgoing client to n1 (node_1:26257); already have incoming
I200313 14:24:34.213270 100 gossip/gossip.go:1531  [n2] node has connected to cluster via gossip
I200313 14:24:34.213514 100 storage/stores.go:259  [n2] wrote 1 node addresses to persistent storage
I200313 14:24:43.604257 185 server/status/runtime.go:498  [n2] runtime stats: 106 MiB RSS, 161 goroutines, 92 MiB/31 MiB/135 MiB GO alloc/idle/total, 3.4 MiB/6.9 MiB CGO alloc/total, 0.0 CGO/sec, 0.0/0.0 %(u/s)time, 0.0 %gc (9x), 78 KiB/55 KiB (r/w)net
W200313 14:24:43.762788 92 server/node.go:826  [n2,summaries] health alerts detected: {Alerts:[{StoreID:0 Category:METRICS Description:liveness.heartbeatfailures Value:1}]}
I200313 14:24:45.172247 1 cli/start.go:865  received signal 'terminated'
I200313 14:24:45.173029 1 cli/start.go:930  initiating graceful shutdown of server
I200313 14:24:45.177883 356 util/stop/stopper.go:542  [server drain process] quiescing; tasks left:
1      [async] intent_resolver_ir_batcher
1      [async] intent_resolver_gc_batcher
1      [async] closedts-subscription
1      [async] closedts-rangefeed-subscriber
I200313 14:24:45.185404 356 storage/engine/rocksdb.go:762  closing rocksdb instance at "/cockroach/cockroach-data/cockroach-temp151637128"
I200313 14:24:45.214422 356 storage/engine/rocksdb.go:762  closing rocksdb instance at "/cockroach/cockroach-data"
I200313 14:24:45.220212 1 cli/start.go:976  server drained and shutdown completed
