I200313 14:11:19.097286 1 util/log/clog.go:1196  [config] file created at: 2020/03/13 14:11:19
I200313 14:11:19.097286 1 util/log/clog.go:1196  [config] running on machine: 1888bdd95cad
I200313 14:11:19.097286 1 util/log/clog.go:1196  [config] binary: CockroachDB CCL v19.2.4 (x86_64-unknown-linux-gnu, built 2020/02/06 21:55:19, go1.12.12)
I200313 14:11:19.097286 1 util/log/clog.go:1196  [config] arguments: [/cockroach/cockroach start --insecure --join=node_1]
I200313 14:11:19.097286 1 util/log/clog.go:1196  line format: [IWEF]yymmdd hh:mm:ss.uuuuuu goid file:line msg utf8=✓
I200313 14:11:19.097273 1 cli/start.go:1144  logging to directory /cockroach/cockroach-data/logs
W200313 14:11:19.100340 1 cli/start.go:1182  RUNNING IN INSECURE MODE!

- Your cluster is open for any client that can access <all your IP addresses>.
- Any user, even root, can log in without providing a password.
- Any user, connecting as root, can read or write any data in your cluster.
- There is no network encryption nor authentication, and thus no confidentiality.

Check out how to secure your cluster: https://www.cockroachlabs.com/docs/v19.2/secure-a-cluster.html
I200313 14:11:19.101183 1 server/status/recorder.go:597  available memory from cgroups is unsupported, using system memory 2.0 GiB instead: failed to find cgroup memory limit
W200313 14:11:19.101298 1 cli/start.go:1052  Using the default setting for --cache (128 MiB).
  A significantly larger value is usually needed for good performance.
  If you have a dedicated server a reasonable setting is --cache=.25 (500 MiB).
I200313 14:11:19.101608 1 server/status/recorder.go:597  available memory from cgroups is unsupported, using system memory 2.0 GiB instead: failed to find cgroup memory limit
W200313 14:11:19.101665 1 cli/start.go:1065  Using the default setting for --max-sql-memory (128 MiB).
  A significantly larger value is usually needed in production.
  If you have a dedicated server a reasonable setting is --max-sql-memory=.25 (500 MiB).
I200313 14:11:19.102175 1 server/status/recorder.go:597  available memory from cgroups is unsupported, using system memory 2.0 GiB instead: failed to find cgroup memory limit
I200313 14:11:19.102220 1 cli/start.go:1196  CockroachDB CCL v19.2.4 (x86_64-unknown-linux-gnu, built 2020/02/06 21:55:19, go1.12.12)
I200313 14:11:19.224088 1 server/status/recorder.go:597  available memory from cgroups is unsupported, using system memory 2.0 GiB instead: failed to find cgroup memory limit
I200313 14:11:19.224130 1 server/config.go:394  system total memory: 2.0 GiB
I200313 14:11:19.224190 1 server/config.go:396  server configuration:
max offset             500000000
cache size             128 MiB
SQL memory pool size   128 MiB
scan interval          10m0s
scan min idle time     10ms
scan max idle time     1s
event log enabled      true
I200313 14:11:19.224233 1 cli/start.go:1030  using local environment variables: COCKROACH_CHANNEL=official-docker
I200313 14:11:19.224270 1 cli/start.go:1037  process identity: uid 0 euid 0 gid 0 egid 0
I200313 14:11:19.224363 1 cli/start.go:644  starting cockroach node
I200313 14:11:19.228412 53 storage/engine/rocksdb.go:622  opening rocksdb instance at "/cockroach/cockroach-data/cockroach-temp347311764"
I200313 14:11:19.325049 53 server/server.go:928  [n?] monitoring forward clock jumps based on server.clock.forward_jump_check_enabled
I200313 14:11:19.327900 53 storage/engine/rocksdb.go:622  opening rocksdb instance at "/cockroach/cockroach-data"
I200313 14:11:19.414593 53 server/config.go:502  [n?] 1 storage engine initialized
I200313 14:11:19.414715 53 server/config.go:505  [n?] RocksDB cache size: 128 MiB
I200313 14:11:19.414845 53 server/config.go:505  [n?] store 0: RocksDB, max size 0 B, max open file limit 1043576
W200313 14:11:19.427461 53 gossip/gossip.go:1517  [n?] no incoming or outgoing connections
W200313 14:11:19.427632 53 cli/start.go:996  neither --listen-addr nor --advertise-addr was specified.
The server will advertise "1888bdd95cad" to other nodes, is this routable?

Consider using:
- for local-only servers:  --listen-addr=localhost
- for multi-node clusters: --advertise-addr=<host/IP addr>
I200313 14:11:19.432613 53 server/server.go:978  [n?] Sleeping till wall time 1584108679432441300 to catches up to 1584108679824950201 to ensure monotonicity. Delta: 392.508901ms
I200313 14:11:19.807715 57 gossip/client.go:124  [n?] started gossip client to node_1:26257
I200313 14:11:19.825682 53 gossip/gossip.go:394  [n2] NodeDescriptor set to node_id:2 address:<network_field:"tcp" address_field:"1888bdd95cad:26257" > attrs:<> locality:<> ServerVersion:<major_val:19 minor_val:2 patch:0 unstable:0 > build_tag:"v19.2.4" started_at:1584108679825503100 cluster_name:"" sql_address:<network_field:"tcp" address_field:"1888bdd95cad:26257" > 
I200313 14:11:19.871647 53 server/node.go:431  [n2] initialized store [n2,s2]: disk (capacity=58 TiB, available=30 TiB, used=426 KiB, logicalBytes=0 B), ranges=0, leases=0, queries=0.00, writes=0.00, bytesPerReplica={p10=0.00 p25=0.00 p50=0.00 p75=0.00 p90=0.00 pMax=0.00}, writesPerReplica={p10=0.00 p25=0.00 p50=0.00 p75=0.00 p90=0.00 pMax=0.00}
I200313 14:11:19.871844 53 storage/stores.go:240  [n2] read 1 node addresses from persistent storage
I200313 14:11:19.873402 53 storage/stores.go:259  [n2] wrote 2 node addresses to persistent storage
I200313 14:11:19.873848 53 server/node.go:645  [n2] connecting to gossip network to verify cluster ID...
I200313 14:11:19.873965 53 server/node.go:665  [n2] node connected via gossip and verified as part of cluster "658b6d5e-e699-44c5-895d-ae8ec745f62b"
I200313 14:11:19.874450 53 server/node.go:512  [n2] node=2: started with [<no-attributes>=/cockroach/cockroach-data] engine(s) and attributes []
I200313 14:11:19.883925 53 server/server.go:1514  [n2] starting http server at [::]:8080 (use: 1888bdd95cad:8080)
I200313 14:11:19.883973 53 server/server.go:1521  [n2] starting grpc/postgres server at [::]:26257
I200313 14:11:19.884012 53 server/server.go:1522  [n2] advertising CockroachDB node at 1888bdd95cad:26257
I200313 14:11:19.967701 53 server/server.go:1590  [n2] done ensuring all necessary migrations have run
I200313 14:11:19.967808 53 server/server.go:1841  [n2] serving sql connections
I200313 14:11:19.968053 53 cli/start.go:803  [config] clusterID: 658b6d5e-e699-44c5-895d-ae8ec745f62b
I200313 14:11:19.968153 53 cli/start.go:812  node startup completed:
CockroachDB node starting at 2020-03-13 14:11:19.9679352 +0000 UTC (took 0.9s)
build:               CCL v19.2.4 @ 2020/02/06 21:55:19 (go1.12.12)
webui:               http://1888bdd95cad:8080
sql:                 postgresql://root@1888bdd95cad:26257?sslmode=disable
RPC client flags:    /cockroach/cockroach <client cmd> --host=1888bdd95cad:26257 --insecure
logs:                /cockroach/cockroach-data/logs
temp dir:            /cockroach/cockroach-data/cockroach-temp347311764
external I/O path:   /cockroach/cockroach-data/extern
store[0]:            path=/cockroach/cockroach-data
status:              restarted pre-existing node
clusterID:           658b6d5e-e699-44c5-895d-ae8ec745f62b
nodeID:              2
I200313 14:11:19.998142 211 server/server_update.go:53  [n2] no need to upgrade, cluster already at the newest version
I200313 14:11:19.998465 213 sql/event_log.go:130  [n2] Event: "node_restart", target: 2, info: {Descriptor:{NodeID:2 Address:1888bdd95cad:26257 Attrs: Locality: ServerVersion:19.2 BuildTag:v19.2.4 StartedAt:1584108679825503100 LocalityAddress:[] ClusterName: SQLAddress:1888bdd95cad:26257} ClusterID:658b6d5e-e699-44c5-895d-ae8ec745f62b StartedAt:1584108679825503100 LastUp:1584108654277258300}
I200313 14:11:20.424739 57 gossip/client.go:129  [n2] closing client to n1 (node_1:26257): stopping outgoing client to n1 (node_1:26257); already have incoming
I200313 14:11:20.424867 79 gossip/gossip.go:1531  [n2] node has connected to cluster via gossip
I200313 14:11:20.425133 79 storage/stores.go:259  [n2] wrote 1 node addresses to persistent storage
I200313 14:11:20.432550 251 gossip/client.go:124  [n2] started gossip client to 61f3b1c2703a:26257
I200313 14:11:20.433469 251 gossip/client.go:129  [n2] closing client to n1 (61f3b1c2703a:26257): stopping outgoing client to n1 (61f3b1c2703a:26257); already have incoming
I200313 14:11:29.255998 1 cli/start.go:865  received signal 'terminated'
I200313 14:11:29.256593 1 cli/start.go:930  initiating graceful shutdown of server
I200313 14:11:29.260881 303 util/stop/stopper.go:542  [server drain process] quiescing; tasks left:
1      [async] intent_resolver_ir_batcher
1      [async] intent_resolver_gc_batcher
1      [async] closedts-subscription
1      [async] closedts-rangefeed-subscriber
I200313 14:11:29.266998 303 storage/engine/rocksdb.go:762  closing rocksdb instance at "/cockroach/cockroach-data/cockroach-temp347311764"
I200313 14:11:29.291034 303 storage/engine/rocksdb.go:762  closing rocksdb instance at "/cockroach/cockroach-data"
I200313 14:11:29.298545 1 cli/start.go:976  server drained and shutdown completed
