I200313 14:11:19.234173 53 util/log/clog.go:1196  [config] file created at: 2020/03/13 14:11:19
I200313 14:11:19.234173 53 util/log/clog.go:1196  [config] running on machine: 1888bdd95cad
I200313 14:11:19.234173 53 util/log/clog.go:1196  [config] binary: CockroachDB CCL v19.2.4 (x86_64-unknown-linux-gnu, built 2020/02/06 21:55:19, go1.12.12)
I200313 14:11:19.234173 53 util/log/clog.go:1196  [config] arguments: [/cockroach/cockroach start --insecure --join=node_1]
I200313 14:11:19.234173 53 util/log/clog.go:1196  line format: [IWEF]yymmdd hh:mm:ss.uuuuuu goid file:line msg utf8=✓
I200313 14:11:19.234158 53 storage/engine/rocksdb.go:120  RocksDB version: 6.2.1
I200313 14:11:19.240938 53 storage/engine/rocksdb.go:120  Git sha rocksdb_build_git_sha:@b7009236531fa784872f4823eabf393501e41bf2@
I200313 14:11:19.240960 53 storage/engine/rocksdb.go:120  Compile date Feb  6 2020
I200313 14:11:19.240994 53 storage/engine/rocksdb.go:120  DB SUMMARY
I200313 14:11:19.243653 53 storage/engine/rocksdb.go:120  SST files in /cockroach/cockroach-data/cockroach-temp347311764 dir, Total Num: 0, files: 
I200313 14:11:19.252607 53 storage/engine/rocksdb.go:120  Write Ahead Log file in /cockroach/cockroach-data/cockroach-temp347311764: 
I200313 14:11:19.252631 53 storage/engine/rocksdb.go:120                          Options.error_if_exists: 0
I200313 14:11:19.252650 53 storage/engine/rocksdb.go:120                        Options.create_if_missing: 1
I200313 14:11:19.252668 53 storage/engine/rocksdb.go:120                          Options.paranoid_checks: 1
I200313 14:11:19.252687 53 storage/engine/rocksdb.go:120                                      Options.env: 0x756aca0
I200313 14:11:19.252706 53 storage/engine/rocksdb.go:120                                 Options.info_log: 0x7fbcdec27140
I200313 14:11:19.252725 53 storage/engine/rocksdb.go:120                 Options.max_file_opening_threads: 16
I200313 14:11:19.252743 53 storage/engine/rocksdb.go:120                               Options.statistics: 0x7fbcdec34010
I200313 14:11:19.252762 53 storage/engine/rocksdb.go:120                                Options.use_fsync: 0
I200313 14:11:19.252781 53 storage/engine/rocksdb.go:120                        Options.max_log_file_size: 0
I200313 14:11:19.252799 53 storage/engine/rocksdb.go:120                   Options.max_manifest_file_size: 134217728
I200313 14:11:19.252818 53 storage/engine/rocksdb.go:120                    Options.log_file_time_to_roll: 0
I200313 14:11:19.252837 53 storage/engine/rocksdb.go:120                        Options.keep_log_file_num: 1000
I200313 14:11:19.252857 53 storage/engine/rocksdb.go:120                     Options.recycle_log_file_num: 1
I200313 14:11:19.252875 53 storage/engine/rocksdb.go:120                          Options.allow_fallocate: 1
I200313 14:11:19.252894 53 storage/engine/rocksdb.go:120                         Options.allow_mmap_reads: 0
I200313 14:11:19.252912 53 storage/engine/rocksdb.go:120                        Options.allow_mmap_writes: 0
I200313 14:11:19.252931 53 storage/engine/rocksdb.go:120                         Options.use_direct_reads: 0
I200313 14:11:19.252949 53 storage/engine/rocksdb.go:120                         Options.use_direct_io_for_flush_and_compaction: 0
I200313 14:11:19.252968 53 storage/engine/rocksdb.go:120           Options.create_missing_column_families: 0
I200313 14:11:19.252986 53 storage/engine/rocksdb.go:120                               Options.db_log_dir: 
I200313 14:11:19.253006 53 storage/engine/rocksdb.go:120                                  Options.wal_dir: /cockroach/cockroach-data/cockroach-temp347311764
I200313 14:11:19.253024 53 storage/engine/rocksdb.go:120                 Options.table_cache_numshardbits: 6
I200313 14:11:19.253043 53 storage/engine/rocksdb.go:120                       Options.max_subcompactions: 1
I200313 14:11:19.253061 53 storage/engine/rocksdb.go:120                   Options.max_background_flushes: -1
I200313 14:11:19.253080 53 storage/engine/rocksdb.go:120                          Options.WAL_ttl_seconds: 0
I200313 14:11:19.253098 53 storage/engine/rocksdb.go:120                        Options.WAL_size_limit_MB: 0
I200313 14:11:19.253117 53 storage/engine/rocksdb.go:120              Options.manifest_preallocation_size: 4194304
I200313 14:11:19.253135 53 storage/engine/rocksdb.go:120                      Options.is_fd_close_on_exec: 1
I200313 14:11:19.253154 53 storage/engine/rocksdb.go:120                    Options.advise_random_on_open: 1
I200313 14:11:19.253172 53 storage/engine/rocksdb.go:120                     Options.db_write_buffer_size: 0
I200313 14:11:19.253191 53 storage/engine/rocksdb.go:120                     Options.write_buffer_manager: 0x7fbcdec19060
I200313 14:11:19.253214 53 storage/engine/rocksdb.go:120          Options.access_hint_on_compaction_start: 1
I200313 14:11:19.253233 53 storage/engine/rocksdb.go:120   Options.new_table_reader_for_compaction_inputs: 0
I200313 14:11:19.253252 53 storage/engine/rocksdb.go:120            Options.random_access_max_buffer_size: 1048576
I200313 14:11:19.253270 53 storage/engine/rocksdb.go:120                       Options.use_adaptive_mutex: 0
I200313 14:11:19.253289 53 storage/engine/rocksdb.go:120                             Options.rate_limiter: (nil)
I200313 14:11:19.253309 53 storage/engine/rocksdb.go:120      Options.sst_file_manager.rate_bytes_per_sec: 0
I200313 14:11:19.253327 53 storage/engine/rocksdb.go:120                        Options.wal_recovery_mode: 0
I200313 14:11:19.253346 53 storage/engine/rocksdb.go:120                   Options.enable_thread_tracking: 0
I200313 14:11:19.253364 53 storage/engine/rocksdb.go:120                   Options.enable_pipelined_write: 0
I200313 14:11:19.253383 53 storage/engine/rocksdb.go:120          Options.allow_concurrent_memtable_write: 1
I200313 14:11:19.253401 53 storage/engine/rocksdb.go:120       Options.enable_write_thread_adaptive_yield: 1
I200313 14:11:19.253420 53 storage/engine/rocksdb.go:120              Options.write_thread_max_yield_usec: 100
I200313 14:11:19.253438 53 storage/engine/rocksdb.go:120             Options.write_thread_slow_yield_usec: 3
I200313 14:11:19.253457 53 storage/engine/rocksdb.go:120                                Options.row_cache: None
I200313 14:11:19.253476 53 storage/engine/rocksdb.go:120                               Options.wal_filter: None
I200313 14:11:19.253495 53 storage/engine/rocksdb.go:120              Options.avoid_flush_during_recovery: 0
I200313 14:11:19.253514 53 storage/engine/rocksdb.go:120              Options.allow_ingest_behind: 0
I200313 14:11:19.253533 53 storage/engine/rocksdb.go:120              Options.preserve_deletes: 0
I200313 14:11:19.253551 53 storage/engine/rocksdb.go:120              Options.two_write_queues: 0
I200313 14:11:19.253570 53 storage/engine/rocksdb.go:120              Options.manual_wal_flush: 1
I200313 14:11:19.253589 53 storage/engine/rocksdb.go:120              Options.atomic_flush: 0
I200313 14:11:19.253607 53 storage/engine/rocksdb.go:120              Options.avoid_unnecessary_blocking_io: 0
I200313 14:11:19.253626 53 storage/engine/rocksdb.go:120              Options.max_background_jobs: 4
I200313 14:11:19.253644 53 storage/engine/rocksdb.go:120              Options.max_background_compactions: -1
I200313 14:11:19.253663 53 storage/engine/rocksdb.go:120              Options.avoid_flush_during_shutdown: 0
I200313 14:11:19.253681 53 storage/engine/rocksdb.go:120            Options.writable_file_max_buffer_size: 1048576
I200313 14:11:19.253700 53 storage/engine/rocksdb.go:120              Options.delayed_write_rate : 16777216
I200313 14:11:19.253719 53 storage/engine/rocksdb.go:120              Options.max_total_wal_size: 0
I200313 14:11:19.253737 53 storage/engine/rocksdb.go:120              Options.delete_obsolete_files_period_micros: 21600000000
I200313 14:11:19.253756 53 storage/engine/rocksdb.go:120                    Options.stats_dump_period_sec: 0
I200313 14:11:19.253774 53 storage/engine/rocksdb.go:120                  Options.stats_persist_period_sec: 600
I200313 14:11:19.253794 53 storage/engine/rocksdb.go:120                  Options.stats_history_buffer_size: 1048576
I200313 14:11:19.253812 53 storage/engine/rocksdb.go:120                           Options.max_open_files: 128
I200313 14:11:19.253831 53 storage/engine/rocksdb.go:120                           Options.bytes_per_sync: 524288
I200313 14:11:19.253849 53 storage/engine/rocksdb.go:120                       Options.wal_bytes_per_sync: 0
I200313 14:11:19.253868 53 storage/engine/rocksdb.go:120                    Options.strict_bytes_per_sync: 1
I200313 14:11:19.253886 53 storage/engine/rocksdb.go:120        Options.compaction_readahead_size: 0
I200313 14:11:19.253905 53 storage/engine/rocksdb.go:120  Compression algorithms supported:
I200313 14:11:19.253927 53 storage/engine/rocksdb.go:120  	kZSTDNotFinalCompression supported: 0
I200313 14:11:19.253946 53 storage/engine/rocksdb.go:120  	kZSTD supported: 0
I200313 14:11:19.253964 53 storage/engine/rocksdb.go:120  	kXpressCompression supported: 0
I200313 14:11:19.253983 53 storage/engine/rocksdb.go:120  	kLZ4HCCompression supported: 0
I200313 14:11:19.254002 53 storage/engine/rocksdb.go:120  	kLZ4Compression supported: 0
I200313 14:11:19.254020 53 storage/engine/rocksdb.go:120  	kBZip2Compression supported: 0
I200313 14:11:19.254039 53 storage/engine/rocksdb.go:120  	kZlibCompression supported: 0
I200313 14:11:19.254058 53 storage/engine/rocksdb.go:120  	kSnappyCompression supported: 1
I200313 14:11:19.254084 53 storage/engine/rocksdb.go:120  Fast CRC32 supported: Supported on x86
I200313 14:11:19.261845 53 storage/engine/rocksdb.go:120  [db/db_impl_open.cc:242] Creating manifest 1 
I200313 14:11:19.276619 53 storage/engine/rocksdb.go:120  [db/version_set.cc:4072] Recovering from manifest file: /cockroach/cockroach-data/cockroach-temp347311764/MANIFEST-000001
I200313 14:11:19.278521 53 storage/engine/rocksdb.go:120  [db/column_family.cc:488] --------------- Options for column family [default]:
I200313 14:11:19.278545 53 storage/engine/rocksdb.go:120                Options.comparator: cockroach_comparator
I200313 14:11:19.278566 53 storage/engine/rocksdb.go:120            Options.merge_operator: cockroach_merge_operator
I200313 14:11:19.278585 53 storage/engine/rocksdb.go:120         Options.compaction_filter: None
I200313 14:11:19.278604 53 storage/engine/rocksdb.go:120         Options.compaction_filter_factory: None
I200313 14:11:19.278623 53 storage/engine/rocksdb.go:120          Options.memtable_factory: SkipListFactory
I200313 14:11:19.278642 53 storage/engine/rocksdb.go:120             Options.table_factory: BlockBasedTable
I200313 14:11:19.278686 53 storage/engine/rocksdb.go:120             table_factory options:   flush_block_policy_factory: FlushBlockBySizePolicyFactory (0x7fbcdec28030)
  cache_index_and_filter_blocks: 0
  cache_index_and_filter_blocks_with_high_priority: 0
  pin_l0_filter_and_index_blocks_in_cache: 0
  pin_top_level_index_and_filter: 1
  index_type: 0
  data_block_index_type: 0
  index_shortening: 1
  data_block_hash_table_util_ratio: 0.750000
  hash_index_allow_collision: 1
  checksum: 1
  no_block_cache: 0
  block_cache: 0x7fbcdec1c010
  block_cache_name: LRUCache
  block_cache_options:
    capacity : 1048576
    num_shard_bits : 4
    strict_capacity_limit : 0
    memory_allocator : None
    high_pri_pool_ratio: 0.000
  block_cache_compressed: (nil)
  persistent_cache: (nil)
  block_size: 32768
  block_size_deviation: 10
  block_restart_interval: 16
  index_block_restart_interval: 1
  metadata_block_size: 4096
  partition_filters: 0
  use_delta_encoding: 1
  filter_policy: rocksdb.BuiltinBloomFilter
  whole_key_filtering: 0
  verify_compression: 0
  read_amp_bytes_per_bit: 0
  format_version: 2
  enable_index_compression: 1
  block_align: 0
I200313 14:11:19.278726 53 storage/engine/rocksdb.go:120         Options.write_buffer_size: 67108864
I200313 14:11:19.278748 53 storage/engine/rocksdb.go:120   Options.max_write_buffer_number: 4
I200313 14:11:19.278768 53 storage/engine/rocksdb.go:120           Options.compression: Snappy
I200313 14:11:19.278786 53 storage/engine/rocksdb.go:120                   Options.bottommost_compression: Disabled
I200313 14:11:19.278805 53 storage/engine/rocksdb.go:120        Options.prefix_extractor: cockroach_prefix_extractor
I200313 14:11:19.278824 53 storage/engine/rocksdb.go:120    Options.memtable_insert_with_hint_prefix_extractor: nullptr
I200313 14:11:19.278842 53 storage/engine/rocksdb.go:120              Options.num_levels: 7
I200313 14:11:19.278861 53 storage/engine/rocksdb.go:120         Options.min_write_buffer_number_to_merge: 1
I200313 14:11:19.278879 53 storage/engine/rocksdb.go:120      Options.max_write_buffer_number_to_maintain: 0
I200313 14:11:19.278898 53 storage/engine/rocksdb.go:120             Options.bottommost_compression_opts.window_bits: -14
I200313 14:11:19.278921 53 storage/engine/rocksdb.go:120                   Options.bottommost_compression_opts.level: 32767
I200313 14:11:19.278940 53 storage/engine/rocksdb.go:120                Options.bottommost_compression_opts.strategy: 0
I200313 14:11:19.278958 53 storage/engine/rocksdb.go:120          Options.bottommost_compression_opts.max_dict_bytes: 0
I200313 14:11:19.278977 53 storage/engine/rocksdb.go:120          Options.bottommost_compression_opts.zstd_max_train_bytes: 0
I200313 14:11:19.278996 53 storage/engine/rocksdb.go:120                   Options.bottommost_compression_opts.enabled: false
I200313 14:11:19.279014 53 storage/engine/rocksdb.go:120             Options.compression_opts.window_bits: -14
I200313 14:11:19.279033 53 storage/engine/rocksdb.go:120                   Options.compression_opts.level: 32767
I200313 14:11:19.279052 53 storage/engine/rocksdb.go:120                Options.compression_opts.strategy: 0
I200313 14:11:19.279075 53 storage/engine/rocksdb.go:120          Options.compression_opts.max_dict_bytes: 0
I200313 14:11:19.279095 53 storage/engine/rocksdb.go:120          Options.compression_opts.zstd_max_train_bytes: 0
I200313 14:11:19.279113 53 storage/engine/rocksdb.go:120                   Options.compression_opts.enabled: false
I200313 14:11:19.279132 53 storage/engine/rocksdb.go:120       Options.level0_file_num_compaction_trigger: 2
I200313 14:11:19.279151 53 storage/engine/rocksdb.go:120           Options.level0_slowdown_writes_trigger: 950
I200313 14:11:19.279169 53 storage/engine/rocksdb.go:120               Options.level0_stop_writes_trigger: 1000
I200313 14:11:19.279188 53 storage/engine/rocksdb.go:120                    Options.target_file_size_base: 4194304
I200313 14:11:19.279206 53 storage/engine/rocksdb.go:120              Options.target_file_size_multiplier: 2
I200313 14:11:19.279225 53 storage/engine/rocksdb.go:120                 Options.max_bytes_for_level_base: 67108864
I200313 14:11:19.279244 53 storage/engine/rocksdb.go:120  Options.level_compaction_dynamic_level_bytes: 1
I200313 14:11:19.279263 53 storage/engine/rocksdb.go:120           Options.max_bytes_for_level_multiplier: 10.000000
I200313 14:11:19.279282 53 storage/engine/rocksdb.go:120  Options.max_bytes_for_level_multiplier_addtl[0]: 1
I200313 14:11:19.279301 53 storage/engine/rocksdb.go:120  Options.max_bytes_for_level_multiplier_addtl[1]: 1
I200313 14:11:19.279320 53 storage/engine/rocksdb.go:120  Options.max_bytes_for_level_multiplier_addtl[2]: 1
I200313 14:11:19.279338 53 storage/engine/rocksdb.go:120  Options.max_bytes_for_level_multiplier_addtl[3]: 1
I200313 14:11:19.279357 53 storage/engine/rocksdb.go:120  Options.max_bytes_for_level_multiplier_addtl[4]: 1
I200313 14:11:19.279375 53 storage/engine/rocksdb.go:120  Options.max_bytes_for_level_multiplier_addtl[5]: 1
I200313 14:11:19.279394 53 storage/engine/rocksdb.go:120  Options.max_bytes_for_level_multiplier_addtl[6]: 1
I200313 14:11:19.279413 53 storage/engine/rocksdb.go:120        Options.max_sequential_skip_in_iterations: 8
I200313 14:11:19.279431 53 storage/engine/rocksdb.go:120                     Options.max_compaction_bytes: 104857600
I200313 14:11:19.279450 53 storage/engine/rocksdb.go:120                         Options.arena_block_size: 8388608
I200313 14:11:19.279468 53 storage/engine/rocksdb.go:120    Options.soft_pending_compaction_bytes_limit: 2199023255552
I200313 14:11:19.279487 53 storage/engine/rocksdb.go:120    Options.hard_pending_compaction_bytes_limit: 4400193994752
I200313 14:11:19.279506 53 storage/engine/rocksdb.go:120        Options.rate_limit_delay_max_milliseconds: 100
I200313 14:11:19.279524 53 storage/engine/rocksdb.go:120                 Options.disable_auto_compactions: 0
I200313 14:11:19.279544 53 storage/engine/rocksdb.go:120                         Options.compaction_style: kCompactionStyleLevel
I200313 14:11:19.279564 53 storage/engine/rocksdb.go:120                           Options.compaction_pri: kMinOverlappingRatio
I200313 14:11:19.279585 53 storage/engine/rocksdb.go:120  Options.compaction_options_universal.size_ratio: 1
I200313 14:11:19.279604 53 storage/engine/rocksdb.go:120  Options.compaction_options_universal.min_merge_width: 2
I200313 14:11:19.279622 53 storage/engine/rocksdb.go:120  Options.compaction_options_universal.max_merge_width: 4294967295
I200313 14:11:19.279641 53 storage/engine/rocksdb.go:120  Options.compaction_options_universal.max_size_amplification_percent: 200
I200313 14:11:19.279660 53 storage/engine/rocksdb.go:120  Options.compaction_options_universal.compression_size_percent: -1
I200313 14:11:19.279679 53 storage/engine/rocksdb.go:120  Options.compaction_options_universal.stop_style: kCompactionStopStyleTotalSize
I200313 14:11:19.279698 53 storage/engine/rocksdb.go:120  Options.compaction_options_fifo.max_table_files_size: 1073741824
I200313 14:11:19.279722 53 storage/engine/rocksdb.go:120  Options.compaction_options_fifo.allow_compaction: 0
I200313 14:11:19.279765 53 storage/engine/rocksdb.go:120                    Options.table_properties_collectors: TimeBoundTblPropCollectorFactory; DeleteRangeTblPropCollectorFactory; 
I200313 14:11:19.279792 53 storage/engine/rocksdb.go:120                    Options.inplace_update_support: 0
I200313 14:11:19.279813 53 storage/engine/rocksdb.go:120                  Options.inplace_update_num_locks: 10000
I200313 14:11:19.279833 53 storage/engine/rocksdb.go:120                Options.memtable_prefix_bloom_size_ratio: 0.000000
I200313 14:11:19.279852 53 storage/engine/rocksdb.go:120                Options.memtable_whole_key_filtering: 0
I200313 14:11:19.279871 53 storage/engine/rocksdb.go:120    Options.memtable_huge_page_size: 0
I200313 14:11:19.279890 53 storage/engine/rocksdb.go:120                            Options.bloom_locality: 0
I200313 14:11:19.279909 53 storage/engine/rocksdb.go:120                     Options.max_successive_merges: 0
I200313 14:11:19.279928 53 storage/engine/rocksdb.go:120                 Options.optimize_filters_for_hits: 1
I200313 14:11:19.279946 53 storage/engine/rocksdb.go:120                 Options.paranoid_file_checks: 0
I200313 14:11:19.279965 53 storage/engine/rocksdb.go:120                 Options.force_consistency_checks: 0
I200313 14:11:19.279987 53 storage/engine/rocksdb.go:120                 Options.report_bg_io_stats: 0
I200313 14:11:19.280006 53 storage/engine/rocksdb.go:120                                Options.ttl: 0
I200313 14:11:19.280025 53 storage/engine/rocksdb.go:120           Options.periodic_compaction_seconds: 0
I200313 14:11:19.283278 53 storage/engine/rocksdb.go:120  [db/version_set.cc:4286] Recovered from manifest file:/cockroach/cockroach-data/cockroach-temp347311764/MANIFEST-000001 succeeded,manifest_file_number is 1, next_file_number is 3, last_sequence is 0, log_number is 0,prev_log_number is 0,max_column_family is 0,min_log_number_to_keep is 0
I200313 14:11:19.283309 53 storage/engine/rocksdb.go:120  [db/version_set.cc:4295] Column family [default] (ID 0), log number is 0
I200313 14:11:19.310645 53 storage/engine/rocksdb.go:120  DB pointer 0x7fbcdeca1000
I200313 14:11:19.335239 53 storage/engine/rocksdb.go:120  RocksDB version: 6.2.1
I200313 14:11:19.335261 53 storage/engine/rocksdb.go:120  Git sha rocksdb_build_git_sha:@b7009236531fa784872f4823eabf393501e41bf2@
I200313 14:11:19.335281 53 storage/engine/rocksdb.go:120  Compile date Feb  6 2020
I200313 14:11:19.335307 53 storage/engine/rocksdb.go:120  DB SUMMARY
I200313 14:11:19.339456 53 storage/engine/rocksdb.go:120  CURRENT file:  CURRENT
I200313 14:11:19.339533 53 storage/engine/rocksdb.go:120  IDENTITY file:  IDENTITY
I200313 14:11:19.340983 53 storage/engine/rocksdb.go:120  MANIFEST file:  MANIFEST-000008 size: 194 Bytes
I200313 14:11:19.341041 53 storage/engine/rocksdb.go:120  SST files in /cockroach/cockroach-data dir, Total Num: 1, files: 000012.sst 
I200313 14:11:19.341061 53 storage/engine/rocksdb.go:120  Write Ahead Log file in /cockroach/cockroach-data: 000009.log size: 821 ; 
I200313 14:11:19.341116 53 storage/engine/rocksdb.go:120                          Options.error_if_exists: 0
I200313 14:11:19.341142 53 storage/engine/rocksdb.go:120                        Options.create_if_missing: 1
I200313 14:11:19.341161 53 storage/engine/rocksdb.go:120                          Options.paranoid_checks: 1
I200313 14:11:19.341214 53 storage/engine/rocksdb.go:120                                      Options.env: 0x756aca0
I200313 14:11:19.341230 53 storage/engine/rocksdb.go:120                                 Options.info_log: 0x7fbcd9619080
I200313 14:11:19.341249 53 storage/engine/rocksdb.go:120                 Options.max_file_opening_threads: 16
I200313 14:11:19.341264 53 storage/engine/rocksdb.go:120                               Options.statistics: 0x7fbcd961f010
I200313 14:11:19.341283 53 storage/engine/rocksdb.go:120                                Options.use_fsync: 0
I200313 14:11:19.341302 53 storage/engine/rocksdb.go:120                        Options.max_log_file_size: 0
I200313 14:11:19.341322 53 storage/engine/rocksdb.go:120                   Options.max_manifest_file_size: 134217728
I200313 14:11:19.341370 53 storage/engine/rocksdb.go:120                    Options.log_file_time_to_roll: 0
I200313 14:11:19.341389 53 storage/engine/rocksdb.go:120                        Options.keep_log_file_num: 1000
I200313 14:11:19.341408 53 storage/engine/rocksdb.go:120                     Options.recycle_log_file_num: 1
I200313 14:11:19.341441 53 storage/engine/rocksdb.go:120                          Options.allow_fallocate: 1
I200313 14:11:19.341480 53 storage/engine/rocksdb.go:120                         Options.allow_mmap_reads: 0
I200313 14:11:19.341513 53 storage/engine/rocksdb.go:120                        Options.allow_mmap_writes: 0
I200313 14:11:19.341560 53 storage/engine/rocksdb.go:120                         Options.use_direct_reads: 0
I200313 14:11:19.341593 53 storage/engine/rocksdb.go:120                         Options.use_direct_io_for_flush_and_compaction: 0
I200313 14:11:19.341627 53 storage/engine/rocksdb.go:120           Options.create_missing_column_families: 0
I200313 14:11:19.341646 53 storage/engine/rocksdb.go:120                               Options.db_log_dir: 
I200313 14:11:19.341666 53 storage/engine/rocksdb.go:120                                  Options.wal_dir: /cockroach/cockroach-data
I200313 14:11:19.341685 53 storage/engine/rocksdb.go:120                 Options.table_cache_numshardbits: 6
I200313 14:11:19.341703 53 storage/engine/rocksdb.go:120                       Options.max_subcompactions: 1
I200313 14:11:19.341722 53 storage/engine/rocksdb.go:120                   Options.max_background_flushes: -1
I200313 14:11:19.341775 53 storage/engine/rocksdb.go:120                          Options.WAL_ttl_seconds: 0
I200313 14:11:19.341808 53 storage/engine/rocksdb.go:120                        Options.WAL_size_limit_MB: 0
I200313 14:11:19.341827 53 storage/engine/rocksdb.go:120              Options.manifest_preallocation_size: 4194304
I200313 14:11:19.341845 53 storage/engine/rocksdb.go:120                      Options.is_fd_close_on_exec: 1
I200313 14:11:19.341863 53 storage/engine/rocksdb.go:120                    Options.advise_random_on_open: 1
I200313 14:11:19.341881 53 storage/engine/rocksdb.go:120                     Options.db_write_buffer_size: 0
I200313 14:11:19.341900 53 storage/engine/rocksdb.go:120                     Options.write_buffer_manager: 0x7fbcd9687030
I200313 14:11:19.341918 53 storage/engine/rocksdb.go:120          Options.access_hint_on_compaction_start: 1
I200313 14:11:19.341955 53 storage/engine/rocksdb.go:120   Options.new_table_reader_for_compaction_inputs: 0
I200313 14:11:19.341971 53 storage/engine/rocksdb.go:120            Options.random_access_max_buffer_size: 1048576
I200313 14:11:19.342018 53 storage/engine/rocksdb.go:120                       Options.use_adaptive_mutex: 0
I200313 14:11:19.342045 53 storage/engine/rocksdb.go:120                             Options.rate_limiter: (nil)
I200313 14:11:19.342065 53 storage/engine/rocksdb.go:120      Options.sst_file_manager.rate_bytes_per_sec: 0
I200313 14:11:19.342084 53 storage/engine/rocksdb.go:120                        Options.wal_recovery_mode: 0
I200313 14:11:19.342112 53 storage/engine/rocksdb.go:120                   Options.enable_thread_tracking: 0
I200313 14:11:19.342128 53 storage/engine/rocksdb.go:120                   Options.enable_pipelined_write: 0
I200313 14:11:19.342147 53 storage/engine/rocksdb.go:120          Options.allow_concurrent_memtable_write: 1
I200313 14:11:19.342163 53 storage/engine/rocksdb.go:120       Options.enable_write_thread_adaptive_yield: 1
I200313 14:11:19.342182 53 storage/engine/rocksdb.go:120              Options.write_thread_max_yield_usec: 100
I200313 14:11:19.342198 53 storage/engine/rocksdb.go:120             Options.write_thread_slow_yield_usec: 3
I200313 14:11:19.342217 53 storage/engine/rocksdb.go:120                                Options.row_cache: None
I200313 14:11:19.342236 53 storage/engine/rocksdb.go:120                               Options.wal_filter: None
I200313 14:11:19.342255 53 storage/engine/rocksdb.go:120              Options.avoid_flush_during_recovery: 0
I200313 14:11:19.342274 53 storage/engine/rocksdb.go:120              Options.allow_ingest_behind: 0
I200313 14:11:19.342292 53 storage/engine/rocksdb.go:120              Options.preserve_deletes: 0
I200313 14:11:19.342311 53 storage/engine/rocksdb.go:120              Options.two_write_queues: 0
I200313 14:11:19.342330 53 storage/engine/rocksdb.go:120              Options.manual_wal_flush: 1
I200313 14:11:19.342349 53 storage/engine/rocksdb.go:120              Options.atomic_flush: 0
I200313 14:11:19.342364 53 storage/engine/rocksdb.go:120              Options.avoid_unnecessary_blocking_io: 0
I200313 14:11:19.342383 53 storage/engine/rocksdb.go:120              Options.max_background_jobs: 4
I200313 14:11:19.342402 53 storage/engine/rocksdb.go:120              Options.max_background_compactions: -1
I200313 14:11:19.342421 53 storage/engine/rocksdb.go:120              Options.avoid_flush_during_shutdown: 0
I200313 14:11:19.342435 53 storage/engine/rocksdb.go:120            Options.writable_file_max_buffer_size: 1048576
I200313 14:11:19.342498 53 storage/engine/rocksdb.go:120              Options.delayed_write_rate : 16777216
I200313 14:11:19.342555 53 storage/engine/rocksdb.go:120              Options.max_total_wal_size: 0
I200313 14:11:19.342589 53 storage/engine/rocksdb.go:120              Options.delete_obsolete_files_period_micros: 21600000000
I200313 14:11:19.342637 53 storage/engine/rocksdb.go:120                    Options.stats_dump_period_sec: 0
I200313 14:11:19.342656 53 storage/engine/rocksdb.go:120                  Options.stats_persist_period_sec: 600
I200313 14:11:19.342684 53 storage/engine/rocksdb.go:120                  Options.stats_history_buffer_size: 1048576
I200313 14:11:19.342702 53 storage/engine/rocksdb.go:120                           Options.max_open_files: 1043576
I200313 14:11:19.342721 53 storage/engine/rocksdb.go:120                           Options.bytes_per_sync: 524288
I200313 14:11:19.342760 53 storage/engine/rocksdb.go:120                       Options.wal_bytes_per_sync: 0
I200313 14:11:19.342793 53 storage/engine/rocksdb.go:120                    Options.strict_bytes_per_sync: 1
I200313 14:11:19.342812 53 storage/engine/rocksdb.go:120        Options.compaction_readahead_size: 0
I200313 14:11:19.342830 53 storage/engine/rocksdb.go:120  Compression algorithms supported:
I200313 14:11:19.342849 53 storage/engine/rocksdb.go:120  	kZSTDNotFinalCompression supported: 0
I200313 14:11:19.342868 53 storage/engine/rocksdb.go:120  	kZSTD supported: 0
I200313 14:11:19.342887 53 storage/engine/rocksdb.go:120  	kXpressCompression supported: 0
I200313 14:11:19.342903 53 storage/engine/rocksdb.go:120  	kLZ4HCCompression supported: 0
I200313 14:11:19.342921 53 storage/engine/rocksdb.go:120  	kLZ4Compression supported: 0
I200313 14:11:19.342939 53 storage/engine/rocksdb.go:120  	kBZip2Compression supported: 0
I200313 14:11:19.342952 53 storage/engine/rocksdb.go:120  	kZlibCompression supported: 0
I200313 14:11:19.342971 53 storage/engine/rocksdb.go:120  	kSnappyCompression supported: 1
I200313 14:11:19.343002 53 storage/engine/rocksdb.go:120  Fast CRC32 supported: Supported on x86
I200313 14:11:19.349459 53 storage/engine/rocksdb.go:120  [db/version_set.cc:4072] Recovering from manifest file: /cockroach/cockroach-data/MANIFEST-000008
I200313 14:11:19.350294 53 storage/engine/rocksdb.go:120  [db/column_family.cc:488] --------------- Options for column family [default]:
I200313 14:11:19.350317 53 storage/engine/rocksdb.go:120                Options.comparator: cockroach_comparator
I200313 14:11:19.350339 53 storage/engine/rocksdb.go:120            Options.merge_operator: cockroach_merge_operator
I200313 14:11:19.350358 53 storage/engine/rocksdb.go:120         Options.compaction_filter: None
I200313 14:11:19.350377 53 storage/engine/rocksdb.go:120         Options.compaction_filter_factory: None
I200313 14:11:19.350396 53 storage/engine/rocksdb.go:120          Options.memtable_factory: SkipListFactory
I200313 14:11:19.350415 53 storage/engine/rocksdb.go:120             Options.table_factory: BlockBasedTable
I200313 14:11:19.350458 53 storage/engine/rocksdb.go:120             table_factory options:   flush_block_policy_factory: FlushBlockBySizePolicyFactory (0x7fbcd961d028)
  cache_index_and_filter_blocks: 0
  cache_index_and_filter_blocks_with_high_priority: 0
  pin_l0_filter_and_index_blocks_in_cache: 0
  pin_top_level_index_and_filter: 1
  index_type: 0
  data_block_index_type: 0
  index_shortening: 1
  data_block_hash_table_util_ratio: 0.750000
  hash_index_allow_collision: 1
  checksum: 1
  no_block_cache: 0
  block_cache: 0x7fbcd960e010
  block_cache_name: LRUCache
  block_cache_options:
    capacity : 67108864
    num_shard_bits : 4
    strict_capacity_limit : 0
    memory_allocator : None
    high_pri_pool_ratio: 0.000
  block_cache_compressed: (nil)
  persistent_cache: (nil)
  block_size: 32768
  block_size_deviation: 10
  block_restart_interval: 16
  index_block_restart_interval: 1
  metadata_block_size: 4096
  partition_filters: 0
  use_delta_encoding: 1
  filter_policy: rocksdb.BuiltinBloomFilter
  whole_key_filtering: 0
  verify_compression: 0
  read_amp_bytes_per_bit: 0
  format_version: 2
  enable_index_compression: 1
  block_align: 0
I200313 14:11:19.350480 53 storage/engine/rocksdb.go:120         Options.write_buffer_size: 67108864
I200313 14:11:19.350502 53 storage/engine/rocksdb.go:120   Options.max_write_buffer_number: 4
I200313 14:11:19.350521 53 storage/engine/rocksdb.go:120           Options.compression: Snappy
I200313 14:11:19.350540 53 storage/engine/rocksdb.go:120                   Options.bottommost_compression: Disabled
I200313 14:11:19.350558 53 storage/engine/rocksdb.go:120        Options.prefix_extractor: cockroach_prefix_extractor
I200313 14:11:19.350577 53 storage/engine/rocksdb.go:120    Options.memtable_insert_with_hint_prefix_extractor: nullptr
I200313 14:11:19.350596 53 storage/engine/rocksdb.go:120              Options.num_levels: 7
I200313 14:11:19.350614 53 storage/engine/rocksdb.go:120         Options.min_write_buffer_number_to_merge: 1
I200313 14:11:19.350633 53 storage/engine/rocksdb.go:120      Options.max_write_buffer_number_to_maintain: 0
I200313 14:11:19.350651 53 storage/engine/rocksdb.go:120             Options.bottommost_compression_opts.window_bits: -14
I200313 14:11:19.350670 53 storage/engine/rocksdb.go:120                   Options.bottommost_compression_opts.level: 32767
I200313 14:11:19.350688 53 storage/engine/rocksdb.go:120                Options.bottommost_compression_opts.strategy: 0
I200313 14:11:19.350707 53 storage/engine/rocksdb.go:120          Options.bottommost_compression_opts.max_dict_bytes: 0
I200313 14:11:19.350725 53 storage/engine/rocksdb.go:120          Options.bottommost_compression_opts.zstd_max_train_bytes: 0
I200313 14:11:19.350744 53 storage/engine/rocksdb.go:120                   Options.bottommost_compression_opts.enabled: false
I200313 14:11:19.350763 53 storage/engine/rocksdb.go:120             Options.compression_opts.window_bits: -14
I200313 14:11:19.350781 53 storage/engine/rocksdb.go:120                   Options.compression_opts.level: 32767
I200313 14:11:19.350805 53 storage/engine/rocksdb.go:120                Options.compression_opts.strategy: 0
I200313 14:11:19.350825 53 storage/engine/rocksdb.go:120          Options.compression_opts.max_dict_bytes: 0
I200313 14:11:19.350847 53 storage/engine/rocksdb.go:120          Options.compression_opts.zstd_max_train_bytes: 0
I200313 14:11:19.350872 53 storage/engine/rocksdb.go:120                   Options.compression_opts.enabled: false
I200313 14:11:19.350891 53 storage/engine/rocksdb.go:120       Options.level0_file_num_compaction_trigger: 2
I200313 14:11:19.350910 53 storage/engine/rocksdb.go:120           Options.level0_slowdown_writes_trigger: 950
I200313 14:11:19.350935 53 storage/engine/rocksdb.go:120               Options.level0_stop_writes_trigger: 1000
I200313 14:11:19.350951 53 storage/engine/rocksdb.go:120                    Options.target_file_size_base: 4194304
I200313 14:11:19.350966 53 storage/engine/rocksdb.go:120              Options.target_file_size_multiplier: 2
I200313 14:11:19.350985 53 storage/engine/rocksdb.go:120                 Options.max_bytes_for_level_base: 67108864
I200313 14:11:19.351000 53 storage/engine/rocksdb.go:120  Options.level_compaction_dynamic_level_bytes: 1
I200313 14:11:19.351029 53 storage/engine/rocksdb.go:120           Options.max_bytes_for_level_multiplier: 10.000000
I200313 14:11:19.351051 53 storage/engine/rocksdb.go:120  Options.max_bytes_for_level_multiplier_addtl[0]: 1
I200313 14:11:19.351065 53 storage/engine/rocksdb.go:120  Options.max_bytes_for_level_multiplier_addtl[1]: 1
I200313 14:11:19.351095 53 storage/engine/rocksdb.go:120  Options.max_bytes_for_level_multiplier_addtl[2]: 1
I200313 14:11:19.351121 53 storage/engine/rocksdb.go:120  Options.max_bytes_for_level_multiplier_addtl[3]: 1
I200313 14:11:19.351140 53 storage/engine/rocksdb.go:120  Options.max_bytes_for_level_multiplier_addtl[4]: 1
I200313 14:11:19.351159 53 storage/engine/rocksdb.go:120  Options.max_bytes_for_level_multiplier_addtl[5]: 1
I200313 14:11:19.351179 53 storage/engine/rocksdb.go:120  Options.max_bytes_for_level_multiplier_addtl[6]: 1
I200313 14:11:19.351197 53 storage/engine/rocksdb.go:120        Options.max_sequential_skip_in_iterations: 8
I200313 14:11:19.351216 53 storage/engine/rocksdb.go:120                     Options.max_compaction_bytes: 104857600
I200313 14:11:19.351235 53 storage/engine/rocksdb.go:120                         Options.arena_block_size: 8388608
I200313 14:11:19.351251 53 storage/engine/rocksdb.go:120    Options.soft_pending_compaction_bytes_limit: 2199023255552
I200313 14:11:19.351266 53 storage/engine/rocksdb.go:120    Options.hard_pending_compaction_bytes_limit: 4400193994752
I200313 14:11:19.351285 53 storage/engine/rocksdb.go:120        Options.rate_limit_delay_max_milliseconds: 100
I200313 14:11:19.351300 53 storage/engine/rocksdb.go:120                 Options.disable_auto_compactions: 0
I200313 14:11:19.351318 53 storage/engine/rocksdb.go:120                         Options.compaction_style: kCompactionStyleLevel
I200313 14:11:19.351338 53 storage/engine/rocksdb.go:120                           Options.compaction_pri: kMinOverlappingRatio
I200313 14:11:19.351356 53 storage/engine/rocksdb.go:120  Options.compaction_options_universal.size_ratio: 1
I200313 14:11:19.351375 53 storage/engine/rocksdb.go:120  Options.compaction_options_universal.min_merge_width: 2
I200313 14:11:19.351393 53 storage/engine/rocksdb.go:120  Options.compaction_options_universal.max_merge_width: 4294967295
I200313 14:11:19.351412 53 storage/engine/rocksdb.go:120  Options.compaction_options_universal.max_size_amplification_percent: 200
I200313 14:11:19.351431 53 storage/engine/rocksdb.go:120  Options.compaction_options_universal.compression_size_percent: -1
I200313 14:11:19.351452 53 storage/engine/rocksdb.go:120  Options.compaction_options_universal.stop_style: kCompactionStopStyleTotalSize
I200313 14:11:19.351471 53 storage/engine/rocksdb.go:120  Options.compaction_options_fifo.max_table_files_size: 1073741824
I200313 14:11:19.351493 53 storage/engine/rocksdb.go:120  Options.compaction_options_fifo.allow_compaction: 0
I200313 14:11:19.351516 53 storage/engine/rocksdb.go:120                    Options.table_properties_collectors: TimeBoundTblPropCollectorFactory; DeleteRangeTblPropCollectorFactory; 
I200313 14:11:19.351536 53 storage/engine/rocksdb.go:120                    Options.inplace_update_support: 0
I200313 14:11:19.351554 53 storage/engine/rocksdb.go:120                  Options.inplace_update_num_locks: 10000
I200313 14:11:19.351574 53 storage/engine/rocksdb.go:120                Options.memtable_prefix_bloom_size_ratio: 0.000000
I200313 14:11:19.351593 53 storage/engine/rocksdb.go:120                Options.memtable_whole_key_filtering: 0
I200313 14:11:19.351613 53 storage/engine/rocksdb.go:120    Options.memtable_huge_page_size: 0
I200313 14:11:19.351632 53 storage/engine/rocksdb.go:120                            Options.bloom_locality: 0
I200313 14:11:19.351646 53 storage/engine/rocksdb.go:120                     Options.max_successive_merges: 0
I200313 14:11:19.351666 53 storage/engine/rocksdb.go:120                 Options.optimize_filters_for_hits: 1
I200313 14:11:19.351681 53 storage/engine/rocksdb.go:120                 Options.paranoid_file_checks: 0
I200313 14:11:19.351700 53 storage/engine/rocksdb.go:120                 Options.force_consistency_checks: 0
I200313 14:11:19.351725 53 storage/engine/rocksdb.go:120                 Options.report_bg_io_stats: 0
I200313 14:11:19.351742 53 storage/engine/rocksdb.go:120                                Options.ttl: 0
I200313 14:11:19.351761 53 storage/engine/rocksdb.go:120           Options.periodic_compaction_seconds: 0
I200313 14:11:19.354822 53 storage/engine/rocksdb.go:120  [db/version_set.cc:3086] More existing levels in DB than needed. max_bytes_for_level_multiplier may not be guaranteed.
I200313 14:11:19.354853 53 storage/engine/rocksdb.go:120  [db/version_set.cc:4286] Recovered from manifest file:/cockroach/cockroach-data/MANIFEST-000008 succeeded,manifest_file_number is 8, next_file_number is 14, last_sequence is 393, log_number is 7,prev_log_number is 0,max_column_family is 0,min_log_number_to_keep is 0
I200313 14:11:19.354874 53 storage/engine/rocksdb.go:120  [db/version_set.cc:4295] Column family [default] (ID 0), log number is 7
I200313 14:11:19.357890 53 storage/engine/rocksdb.go:120  EVENT_LOG_v1 {"time_micros": 1584108679357855, "job": 1, "event": "recovery_started", "log_files": [9]}
I200313 14:11:19.357918 53 storage/engine/rocksdb.go:120  [db/db_impl_open.cc:598] Recovering log #9 mode 0
I200313 14:11:19.363569 53 storage/engine/rocksdb.go:120  EVENT_LOG_v1 {"time_micros": 1584108679363517, "cf_name": "default", "job": 1, "event": "table_file_creation", "file_number": 14, "file_size": 1180, "table_properties": {"data_size": 151, "index_size": 34, "index_partitions": 0, "top_level_index_size": 0, "index_key_is_user_key": 0, "index_value_is_delta_encoded": 0, "filter_size": 69, "raw_key_size": 45, "raw_average_key_size": 15, "raw_value_size": 116, "raw_average_value_size": 38, "num_data_blocks": 1, "num_entries": 3, "num_deletions": 0, "num_merge_operands": 0, "num_range_deletions": 0, "format_version": 0, "fixed_key_len": 0, "filter_policy": "rocksdb.BuiltinBloomFilter", "column_family_name": "default", "column_family_id": 0, "comparator": "cockroach_comparator", "merge_operator": "cockroach_merge_operator", "prefix_extractor_name": "cockroach_prefix_extractor", "property_collectors": "[TimeBoundTblPropCollectorFactory,DeleteRangeTblPropCollectorFactory]", "compression": "Snappy", "compression_options": "window_bits=-14; level=32767; strategy=0; max_dict_bytes=0; zstd_max_train_bytes=0; enabled=0; ", "creation_time": 1584108679, "oldest_key_time": 3, "file_creation_time": 0}}
I200313 14:11:19.363628 53 storage/engine/rocksdb.go:120  [db/version_set.cc:3560] Creating manifest 15
I200313 14:11:19.367142 53 storage/engine/rocksdb.go:120  [db/version_set.cc:3086] More existing levels in DB than needed. max_bytes_for_level_multiplier may not be guaranteed.
I200313 14:11:19.373431 53 storage/engine/rocksdb.go:120  EVENT_LOG_v1 {"time_micros": 1584108679373375, "job": 1, "event": "recovery_finished"}
I200313 14:11:19.414127 53 storage/engine/rocksdb.go:120  DB pointer 0x7fbcd9694000
I200313 14:11:29.268335 303 storage/engine/rocksdb.go:120  bloom filter utility:    -nan%
I200313 14:11:29.271414 303 storage/engine/rocksdb.go:120  [db/db_impl.cc:392] Shutdown: canceling all background work
I200313 14:11:29.277861 303 storage/engine/rocksdb.go:120  [db/db_impl.cc:565] Shutdown complete
I200313 14:11:29.291444 303 storage/engine/rocksdb.go:120  bloom filter utility:    41.7%
I200313 14:11:29.291757 303 storage/engine/rocksdb.go:120  [db/db_impl.cc:392] Shutdown: canceling all background work
I200313 14:11:29.297885 303 storage/engine/rocksdb.go:120  [db/db_impl.cc:565] Shutdown complete
