I200313 14:05:55.755020 1 util/log/clog.go:1196  [config] file created at: 2020/03/13 14:05:55
I200313 14:05:55.755020 1 util/log/clog.go:1196  [config] running on machine: a6f7baf6d0d1
I200313 14:05:55.755020 1 util/log/clog.go:1196  [config] binary: CockroachDB CCL v19.2.4 (x86_64-unknown-linux-gnu, built 2020/02/06 21:55:19, go1.12.12)
I200313 14:05:55.755020 1 util/log/clog.go:1196  [config] arguments: [/cockroach/cockroach start --insecure --join=node_1]
I200313 14:05:55.755020 1 util/log/clog.go:1196  line format: [IWEF]yymmdd hh:mm:ss.uuuuuu goid file:line msg utf8=✓
I200313 14:05:55.755007 1 cli/start.go:1144  logging to directory /cockroach/cockroach-data/logs
W200313 14:05:55.758545 1 cli/start.go:1182  RUNNING IN INSECURE MODE!

- Your cluster is open for any client that can access <all your IP addresses>.
- Any user, even root, can log in without providing a password.
- Any user, connecting as root, can read or write any data in your cluster.
- There is no network encryption nor authentication, and thus no confidentiality.

Check out how to secure your cluster: https://www.cockroachlabs.com/docs/v19.2/secure-a-cluster.html
I200313 14:05:55.759012 1 server/status/recorder.go:597  available memory from cgroups is unsupported, using system memory 2.0 GiB instead: failed to find cgroup memory limit
W200313 14:05:55.759230 1 cli/start.go:1052  Using the default setting for --cache (128 MiB).
  A significantly larger value is usually needed for good performance.
  If you have a dedicated server a reasonable setting is --cache=.25 (500 MiB).
I200313 14:05:55.760541 1 server/status/recorder.go:597  available memory from cgroups is unsupported, using system memory 2.0 GiB instead: failed to find cgroup memory limit
W200313 14:05:55.760680 1 cli/start.go:1065  Using the default setting for --max-sql-memory (128 MiB).
  A significantly larger value is usually needed in production.
  If you have a dedicated server a reasonable setting is --max-sql-memory=.25 (500 MiB).
I200313 14:05:55.761476 1 server/status/recorder.go:597  available memory from cgroups is unsupported, using system memory 2.0 GiB instead: failed to find cgroup memory limit
I200313 14:05:55.761566 1 cli/start.go:1196  CockroachDB CCL v19.2.4 (x86_64-unknown-linux-gnu, built 2020/02/06 21:55:19, go1.12.12)
I200313 14:05:55.890960 1 server/status/recorder.go:597  available memory from cgroups is unsupported, using system memory 2.0 GiB instead: failed to find cgroup memory limit
I200313 14:05:55.891003 1 server/config.go:394  system total memory: 2.0 GiB
I200313 14:05:55.891073 1 server/config.go:396  server configuration:
max offset             500000000
cache size             128 MiB
SQL memory pool size   128 MiB
scan interval          10m0s
scan min idle time     10ms
scan max idle time     1s
event log enabled      true
I200313 14:05:55.891120 1 cli/start.go:1030  using local environment variables: COCKROACH_CHANNEL=official-docker
I200313 14:05:55.891161 1 cli/start.go:1037  process identity: uid 0 euid 0 gid 0 egid 0
I200313 14:05:55.891275 1 cli/start.go:644  starting cockroach node
I200313 14:05:55.894238 38 storage/engine/rocksdb.go:622  opening rocksdb instance at "/cockroach/cockroach-data/cockroach-temp656183660"
I200313 14:05:55.996768 38 server/server.go:928  [n?] monitoring forward clock jumps based on server.clock.forward_jump_check_enabled
I200313 14:05:55.998903 38 storage/engine/rocksdb.go:622  opening rocksdb instance at "/cockroach/cockroach-data"
I200313 14:05:56.046076 38 server/config.go:502  [n?] 1 storage engine initialized
I200313 14:05:56.046118 38 server/config.go:505  [n?] RocksDB cache size: 128 MiB
I200313 14:05:56.046151 38 server/config.go:505  [n?] store 0: RocksDB, max size 0 B, max open file limit 1043576
W200313 14:05:56.052878 38 gossip/gossip.go:1517  [n?] no incoming or outgoing connections
W200313 14:05:56.053074 38 cli/start.go:996  neither --listen-addr nor --advertise-addr was specified.
The server will advertise "a6f7baf6d0d1" to other nodes, is this routable?

Consider using:
- for local-only servers:  --listen-addr=localhost
- for multi-node clusters: --advertise-addr=<host/IP addr>
W200313 14:05:56.055923 81 vendor/google.golang.org/grpc/clientconn.go:1206  grpc: addrConn.createTransport failed to connect to {node_1:26257 0  <nil>}. Err :connection error: desc = "transport: Error while dialing dial tcp 172.20.0.3:26257: connect: connection refused". Reconnecting...
I200313 14:05:56.056565 11 vendor/github.com/cockroachdb/circuitbreaker/circuitbreaker.go:322  [n?] circuitbreaker: gossip [::]:26257->node_1:26257 tripped: initial connection heartbeat failed: rpc error: code = Unavailable desc = all SubConns are in TransientFailure, latest connection error: connection error: desc = "transport: Error while dialing dial tcp 172.20.0.3:26257: connect: connection refused"
I200313 14:05:56.056601 11 vendor/github.com/cockroachdb/circuitbreaker/circuitbreaker.go:447  [n?] circuitbreaker: gossip [::]:26257->node_1:26257 event: BreakerTripped
W200313 14:05:56.056645 11 gossip/client.go:118  [n?] failed to start gossip client to node_1:26257: initial connection heartbeat failed: rpc error: code = Unavailable desc = all SubConns are in TransientFailure, latest connection error: connection error: desc = "transport: Error while dialing dial tcp 172.20.0.3:26257: connect: connection refused"
I200313 14:05:56.056829 38 server/server.go:978  [n?] Sleeping till wall time 1584108356056779900 to catches up to 1584108356496587601 to ensure monotonicity. Delta: 439.807701ms
I200313 14:05:56.499409 38 gossip/gossip.go:394  [n2] NodeDescriptor set to node_id:2 address:<network_field:"tcp" address_field:"a6f7baf6d0d1:26257" > attrs:<> locality:<> ServerVersion:<major_val:19 minor_val:2 patch:0 unstable:0 > build_tag:"v19.2.4" started_at:1584108356498824100 cluster_name:"" sql_address:<network_field:"tcp" address_field:"a6f7baf6d0d1:26257" > 
I200313 14:05:56.541568 38 server/node.go:431  [n2] initialized store [n2,s2]: disk (capacity=58 TiB, available=30 TiB, used=312 KiB, logicalBytes=0 B), ranges=0, leases=0, queries=0.00, writes=0.00, bytesPerReplica={p10=0.00 p25=0.00 p50=0.00 p75=0.00 p90=0.00 pMax=0.00}, writesPerReplica={p10=0.00 p25=0.00 p50=0.00 p75=0.00 p90=0.00 pMax=0.00}
I200313 14:05:56.541782 38 storage/stores.go:240  [n2] read 1 node addresses from persistent storage
I200313 14:05:56.542071 38 server/node.go:645  [n2] connecting to gossip network to verify cluster ID...
W200313 14:05:57.058542 81 vendor/google.golang.org/grpc/clientconn.go:1206  grpc: addrConn.createTransport failed to connect to {node_1:26257 0  <nil>}. Err :connection error: desc = "transport: Error while dialing cannot reuse client connection". Reconnecting...
I200313 14:05:57.070039 102 vendor/github.com/cockroachdb/circuitbreaker/circuitbreaker.go:447  [n2] circuitbreaker: gossip [::]:26257->node_1:26257 event: BreakerReset
I200313 14:05:57.070141 102 gossip/client.go:124  [n2] started gossip client to node_1:26257
I200313 14:05:57.071911 38 server/node.go:665  [n2] node connected via gossip and verified as part of cluster "658b6d5e-e699-44c5-895d-ae8ec745f62b"
I200313 14:05:57.072156 38 server/node.go:512  [n2] node=2: started with [<no-attributes>=/cockroach/cockroach-data] engine(s) and attributes []
I200313 14:05:57.075243 38 server/server.go:1514  [n2] starting http server at [::]:8080 (use: a6f7baf6d0d1:8080)
I200313 14:05:57.075293 38 server/server.go:1521  [n2] starting grpc/postgres server at [::]:26257
I200313 14:05:57.075344 38 server/server.go:1522  [n2] advertising CockroachDB node at a6f7baf6d0d1:26257
I200313 14:05:57.143632 38 server/server.go:1590  [n2] done ensuring all necessary migrations have run
I200313 14:05:57.143798 38 server/server.go:1841  [n2] serving sql connections
I200313 14:05:57.144078 38 cli/start.go:803  [config] clusterID: 658b6d5e-e699-44c5-895d-ae8ec745f62b
I200313 14:05:57.144125 38 cli/start.go:812  node startup completed:
CockroachDB node starting at 2020-03-13 14:05:57.143929 +0000 UTC (took 1.4s)
build:               CCL v19.2.4 @ 2020/02/06 21:55:19 (go1.12.12)
webui:               http://a6f7baf6d0d1:8080
sql:                 postgresql://root@a6f7baf6d0d1:26257?sslmode=disable
RPC client flags:    /cockroach/cockroach <client cmd> --host=a6f7baf6d0d1:26257 --insecure
logs:                /cockroach/cockroach-data/logs
temp dir:            /cockroach/cockroach-data/cockroach-temp656183660
external I/O path:   /cockroach/cockroach-data/extern
store[0]:            path=/cockroach/cockroach-data
status:              restarted pre-existing node
clusterID:           658b6d5e-e699-44c5-895d-ae8ec745f62b
nodeID:              2
I200313 14:05:57.163698 233 sql/event_log.go:130  [n2] Event: "node_restart", target: 2, info: {Descriptor:{NodeID:2 Address:a6f7baf6d0d1:26257 Attrs: Locality: ServerVersion:19.2 BuildTag:v19.2.4 StartedAt:1584108356498824100 LocalityAddress:[] ClusterName: SQLAddress:a6f7baf6d0d1:26257} ClusterID:658b6d5e-e699-44c5-895d-ae8ec745f62b StartedAt:1584108356498824100 LastUp:1584106921217359700}
I200313 14:05:57.166624 231 server/server_update.go:53  [n2] no need to upgrade, cluster already at the newest version
I200313 14:05:57.336901 102 gossip/client.go:129  [n2] closing client to n1 (node_1:26257): stopping outgoing client to n1 (node_1:26257); already have incoming
I200313 14:05:57.337090 95 gossip/gossip.go:1531  [n2] node has connected to cluster via gossip
I200313 14:05:57.337310 95 storage/stores.go:259  [n2] wrote 1 node addresses to persistent storage
I200313 14:06:07.050372 169 server/status/runtime.go:498  [n2] runtime stats: 104 MiB RSS, 161 goroutines, 93 MiB/31 MiB/135 MiB GO alloc/idle/total, 2.9 MiB/6.0 MiB CGO alloc/total, 0.0 CGO/sec, 0.0/0.0 %(u/s)time, 0.0 %gc (10x), 74 KiB/54 KiB (r/w)net
I200313 14:06:17.049805 169 server/status/runtime.go:498  [n2] runtime stats: 113 MiB RSS, 161 goroutines, 100 MiB/23 MiB/135 MiB GO alloc/idle/total, 3.0 MiB/6.0 MiB CGO alloc/total, 1.1 CGO/sec, 1.2/1.4 %(u/s)time, 0.0 %gc (0x), 16 KiB/27 KiB (r/w)net
I200313 14:06:17.093065 164 storage/store.go:2364  [n2,s2] sstables (read amplification = 1):
0 [ 1K 1 ]: 1K
I200313 14:06:17.093240 164 storage/store.go:2365  [n2,s2] 
** Compaction Stats [default] **
Level    Files   Size     Score Read(GB)  Rn(GB) Rnp1(GB) Write(GB) Wnew(GB) Moved(GB) W-Amp Rd(MB/s) Wr(MB/s) Comp(sec) CompMergeCPU(sec) Comp(cnt) Avg(sec) KeyIn KeyDrop
----------------------------------------------------------------------------------------------------------------------------------------------------------------------------
  L0      1/0    1.20 KB   0.5      0.0     0.0      0.0       0.0      0.0       0.0   1.0      0.0      0.4      0.00              0.00         1    0.003       0      0
 Sum      1/0    1.20 KB   0.0      0.0     0.0      0.0       0.0      0.0       0.0   1.0      0.0      0.4      0.00              0.00         1    0.003       0      0
 Int      0/0    0.00 KB   0.0      0.0     0.0      0.0       0.0      0.0       0.0   1.0      0.0      0.4      0.00              0.00         1    0.003       0      0

** Compaction Stats [default] **
Priority    Files   Size     Score Read(GB)  Rn(GB) Rnp1(GB) Write(GB) Wnew(GB) Moved(GB) W-Amp Rd(MB/s) Wr(MB/s) Comp(sec) CompMergeCPU(sec) Comp(cnt) Avg(sec) KeyIn KeyDrop
-------------------------------------------------------------------------------------------------------------------------------------------------------------------------------
User      0/0    0.00 KB   0.0      0.0     0.0      0.0       0.0      0.0       0.0   0.0      0.0      0.4      0.00              0.00         1    0.003       0      0
Uptime(secs): 21.1 total, 21.1 interval
Flush(GB): cumulative 0.000, interval 0.000
AddFile(GB): cumulative 0.000, interval 0.000
AddFile(Total Files): cumulative 0, interval 0
AddFile(L0 Files): cumulative 0, interval 0
AddFile(Keys): cumulative 0, interval 0
Cumulative compaction: 0.00 GB write, 0.00 MB/s write, 0.00 GB read, 0.00 MB/s read, 0.0 seconds
Interval compaction: 0.00 GB write, 0.00 MB/s write, 0.00 GB read, 0.00 MB/s read, 0.0 seconds
Stalls(count): 0 level0_slowdown, 0 level0_slowdown_with_compaction, 0 level0_numfiles, 0 level0_numfiles_with_compaction, 0 stop for pending_compaction_bytes, 0 slowdown for pending_compaction_bytes, 0 memtable_compaction, 0 memtable_slowdown, interval 0 total count
estimated_pending_compaction_bytes: 0 B
I200313 14:06:27.049891 169 server/status/runtime.go:498  [n2] runtime stats: 120 MiB RSS, 161 goroutines, 107 MiB/16 MiB/135 MiB GO alloc/idle/total, 3.0 MiB/6.0 MiB CGO alloc/total, 1.3 CGO/sec, 1.5/1.2 %(u/s)time, 0.0 %gc (0x), 12 KiB/26 KiB (r/w)net
I200313 14:06:37.016457 169 server/status/runtime.go:498  [n2] runtime stats: 128 MiB RSS, 162 goroutines, 115 MiB/8.7 MiB/135 MiB GO alloc/idle/total, 3.1 MiB/6.1 MiB CGO alloc/total, 1.1 CGO/sec, 1.1/1.4 %(u/s)time, 0.0 %gc (0x), 13 KiB/28 KiB (r/w)net
I200313 14:06:47.017050 169 server/status/runtime.go:498  [n2] runtime stats: 136 MiB RSS, 162 goroutines, 79 MiB/41 MiB/135 MiB GO alloc/idle/total, 3.1 MiB/6.1 MiB CGO alloc/total, 1.2 CGO/sec, 1.4/1.6 %(u/s)time, 0.0 %gc (1x), 11 KiB/26 KiB (r/w)net
I200313 14:06:57.006069 165 gossip/gossip.go:566  [n2] gossip status (ok, 2 nodes)
gossip client (0/3 cur/max conns)
gossip server (1/3 cur/max conns, infos 40/192 sent/received, bytes 9363B/40902B sent/received)
  1: 9497d994ceec:26257 (1m0s)
gossip connectivity
  n1 [sentinel];
  n1 -> n2;
I200313 14:06:57.018007 169 server/status/runtime.go:498  [n2] runtime stats: 136 MiB RSS, 162 goroutines, 85 MiB/36 MiB/135 MiB GO alloc/idle/total, 11 MiB/14 MiB CGO alloc/total, 1.1 CGO/sec, 0.8/1.9 %(u/s)time, 0.0 %gc (0x), 10 KiB/25 KiB (r/w)net
I200313 14:07:06.984063 169 server/status/runtime.go:498  [n2] runtime stats: 137 MiB RSS, 161 goroutines, 91 MiB/31 MiB/135 MiB GO alloc/idle/total, 11 MiB/14 MiB CGO alloc/total, 1.1 CGO/sec, 1.2/1.5 %(u/s)time, 0.0 %gc (0x), 14 KiB/28 KiB (r/w)net
I200313 14:07:16.984411 169 server/status/runtime.go:498  [n2] runtime stats: 138 MiB RSS, 161 goroutines, 96 MiB/26 MiB/135 MiB GO alloc/idle/total, 11 MiB/14 MiB CGO alloc/total, 1.1 CGO/sec, 0.9/1.8 %(u/s)time, 0.0 %gc (0x), 10 KiB/25 KiB (r/w)net
I200313 14:07:26.984493 169 server/status/runtime.go:498  [n2] runtime stats: 138 MiB RSS, 161 goroutines, 102 MiB/21 MiB/135 MiB GO alloc/idle/total, 11 MiB/14 MiB CGO alloc/total, 1.2 CGO/sec, 1.2/1.6 %(u/s)time, 0.0 %gc (0x), 11 KiB/26 KiB (r/w)net
I200313 14:07:36.951144 169 server/status/runtime.go:498  [n2] runtime stats: 139 MiB RSS, 162 goroutines, 108 MiB/15 MiB/135 MiB GO alloc/idle/total, 11 MiB/14 MiB CGO alloc/total, 1.1 CGO/sec, 0.9/1.8 %(u/s)time, 0.0 %gc (0x), 13 KiB/28 KiB (r/w)net
I200313 14:07:46.951535 169 server/status/runtime.go:498  [n2] runtime stats: 140 MiB RSS, 162 goroutines, 113 MiB/9.8 MiB/135 MiB GO alloc/idle/total, 11 MiB/14 MiB CGO alloc/total, 1.1 CGO/sec, 0.5/2.2 %(u/s)time, 0.0 %gc (0x), 10 KiB/25 KiB (r/w)net
I200313 14:07:56.936076 165 gossip/gossip.go:566  [n2] gossip status (ok, 2 nodes)
gossip client (0/3 cur/max conns)
gossip server (1/3 cur/max conns, infos 71/336 sent/received, bytes 16057B/59103B sent/received)
  1: 9497d994ceec:26257 (2m0s)
I200313 14:07:56.951593 169 server/status/runtime.go:498  [n2] runtime stats: 140 MiB RSS, 162 goroutines, 119 MiB/4.3 MiB/135 MiB GO alloc/idle/total, 11 MiB/14 MiB CGO alloc/total, 1.1 CGO/sec, 0.9/1.7 %(u/s)time, 0.0 %gc (0x), 10 KiB/25 KiB (r/w)net
I200313 14:08:06.917883 169 server/status/runtime.go:498  [n2] runtime stats: 143 MiB RSS, 161 goroutines, 126 MiB/61 MiB/201 MiB GO alloc/idle/total, 11 MiB/14 MiB CGO alloc/total, 1.1 CGO/sec, 0.9/1.3 %(u/s)time, 0.0 %gc (0x), 13 KiB/28 KiB (r/w)net
I200313 14:08:16.917280 169 server/status/runtime.go:498  [n2] runtime stats: 150 MiB RSS, 161 goroutines, 134 MiB/53 MiB/202 MiB GO alloc/idle/total, 11 MiB/14 MiB CGO alloc/total, 1.2 CGO/sec, 0.6/0.9 %(u/s)time, 0.0 %gc (0x), 11 KiB/26 KiB (r/w)net
I200313 14:08:26.918324 169 server/status/runtime.go:498  [n2] runtime stats: 153 MiB RSS, 161 goroutines, 84 MiB/101 MiB/202 MiB GO alloc/idle/total, 11 MiB/14 MiB CGO alloc/total, 1.1 CGO/sec, 0.4/1.3 %(u/s)time, 0.0 %gc (1x), 9.7 KiB/25 KiB (r/w)net
I200313 14:08:36.883936 169 server/status/runtime.go:498  [n2] runtime stats: 153 MiB RSS, 162 goroutines, 89 MiB/96 MiB/202 MiB GO alloc/idle/total, 11 MiB/14 MiB CGO alloc/total, 1.1 CGO/sec, 0.9/1.0 %(u/s)time, 0.0 %gc (0x), 14 KiB/28 KiB (r/w)net
I200313 14:08:46.884696 169 server/status/runtime.go:498  [n2] runtime stats: 153 MiB RSS, 162 goroutines, 95 MiB/91 MiB/202 MiB GO alloc/idle/total, 11 MiB/14 MiB CGO alloc/total, 1.1 CGO/sec, 0.4/1.2 %(u/s)time, 0.0 %gc (0x), 9.7 KiB/25 KiB (r/w)net
I200313 14:08:56.866718 165 gossip/gossip.go:566  [n2] gossip status (ok, 2 nodes)
gossip client (0/3 cur/max conns)
gossip server (1/3 cur/max conns, infos 102/481 sent/received, bytes 22751B/77381B sent/received)
  1: 9497d994ceec:26257 (3m0s)
I200313 14:08:56.885670 169 server/status/runtime.go:498  [n2] runtime stats: 153 MiB RSS, 162 goroutines, 101 MiB/86 MiB/202 MiB GO alloc/idle/total, 11 MiB/14 MiB CGO alloc/total, 1.2 CGO/sec, 1.0/0.4 %(u/s)time, 0.0 %gc (0x), 11 KiB/26 KiB (r/w)net
I200313 14:09:06.851334 169 server/status/runtime.go:498  [n2] runtime stats: 154 MiB RSS, 161 goroutines, 106 MiB/80 MiB/202 MiB GO alloc/idle/total, 11 MiB/14 MiB CGO alloc/total, 1.1 CGO/sec, 0.7/1.3 %(u/s)time, 0.0 %gc (0x), 13 KiB/28 KiB (r/w)net
I200313 14:09:16.851214 169 server/status/runtime.go:498  [n2] runtime stats: 154 MiB RSS, 161 goroutines, 112 MiB/75 MiB/202 MiB GO alloc/idle/total, 11 MiB/14 MiB CGO alloc/total, 1.1 CGO/sec, 0.9/1.6 %(u/s)time, 0.0 %gc (0x), 10 KiB/25 KiB (r/w)net
I200313 14:09:26.853038 169 server/status/runtime.go:498  [n2] runtime stats: 155 MiB RSS, 161 goroutines, 118 MiB/69 MiB/202 MiB GO alloc/idle/total, 11 MiB/14 MiB CGO alloc/total, 1.1 CGO/sec, 0.6/1.9 %(u/s)time, 0.0 %gc (0x), 9.7 KiB/25 KiB (r/w)net
I200313 14:09:36.817871 169 server/status/runtime.go:498  [n2] runtime stats: 155 MiB RSS, 162 goroutines, 124 MiB/64 MiB/202 MiB GO alloc/idle/total, 11 MiB/14 MiB CGO alloc/total, 1.1 CGO/sec, 0.5/2.2 %(u/s)time, 0.0 %gc (0x), 13 KiB/28 KiB (r/w)net
I200313 14:09:46.818746 169 server/status/runtime.go:498  [n2] runtime stats: 155 MiB RSS, 162 goroutines, 129 MiB/58 MiB/202 MiB GO alloc/idle/total, 11 MiB/14 MiB CGO alloc/total, 1.2 CGO/sec, 0.5/2.3 %(u/s)time, 0.0 %gc (0x), 11 KiB/26 KiB (r/w)net
I200313 14:09:56.798628 165 gossip/gossip.go:566  [n2] gossip status (ok, 2 nodes)
gossip client (0/3 cur/max conns)
gossip server (1/3 cur/max conns, infos 133/623 sent/received, bytes 29445B/95422B sent/received)
  1: 9497d994ceec:26257 (3m59s)
I200313 14:09:56.819380 169 server/status/runtime.go:498  [n2] runtime stats: 155 MiB RSS, 162 goroutines, 135 MiB/53 MiB/202 MiB GO alloc/idle/total, 11 MiB/14 MiB CGO alloc/total, 1.1 CGO/sec, 1.0/1.6 %(u/s)time, 0.0 %gc (0x), 10 KiB/25 KiB (r/w)net
I200313 14:10:06.785223 169 server/status/runtime.go:498  [n2] runtime stats: 161 MiB RSS, 161 goroutines, 142 MiB/45 MiB/202 MiB GO alloc/idle/total, 11 MiB/14 MiB CGO alloc/total, 1.1 CGO/sec, 0.8/1.9 %(u/s)time, 0.0 %gc (0x), 14 KiB/28 KiB (r/w)net
I200313 14:10:16.785515 169 server/status/runtime.go:498  [n2] runtime stats: 167 MiB RSS, 161 goroutines, 83 MiB/101 MiB/202 MiB GO alloc/idle/total, 11 MiB/14 MiB CGO alloc/total, 1.1 CGO/sec, 0.8/2.0 %(u/s)time, 0.0 %gc (1x), 9.8 KiB/25 KiB (r/w)net
I200313 14:10:26.786470 169 server/status/runtime.go:498  [n2] runtime stats: 167 MiB RSS, 161 goroutines, 88 MiB/96 MiB/202 MiB GO alloc/idle/total, 11 MiB/14 MiB CGO alloc/total, 1.2 CGO/sec, 1.1/1.5 %(u/s)time, 0.0 %gc (0x), 11 KiB/26 KiB (r/w)net
I200313 14:10:36.751919 169 server/status/runtime.go:498  [n2] runtime stats: 167 MiB RSS, 162 goroutines, 94 MiB/91 MiB/202 MiB GO alloc/idle/total, 11 MiB/14 MiB CGO alloc/total, 1.1 CGO/sec, 0.9/1.4 %(u/s)time, 0.0 %gc (0x), 13 KiB/28 KiB (r/w)net
