I200313 14:10:47.118488 1 util/log/clog.go:1196  [config] file created at: 2020/03/13 14:10:47
I200313 14:10:47.118488 1 util/log/clog.go:1196  [config] running on machine: b05237592c31
I200313 14:10:47.118488 1 util/log/clog.go:1196  [config] binary: CockroachDB CCL v19.2.4 (x86_64-unknown-linux-gnu, built 2020/02/06 21:55:19, go1.12.12)
I200313 14:10:47.118488 1 util/log/clog.go:1196  [config] arguments: [/cockroach/cockroach start --insecure --join=node_1]
I200313 14:10:47.118488 1 util/log/clog.go:1196  line format: [IWEF]yymmdd hh:mm:ss.uuuuuu goid file:line msg utf8=✓
I200313 14:10:47.118475 1 cli/start.go:1144  logging to directory /cockroach/cockroach-data/logs
W200313 14:10:47.123566 1 cli/start.go:1182  RUNNING IN INSECURE MODE!

- Your cluster is open for any client that can access <all your IP addresses>.
- Any user, even root, can log in without providing a password.
- Any user, connecting as root, can read or write any data in your cluster.
- There is no network encryption nor authentication, and thus no confidentiality.

Check out how to secure your cluster: https://www.cockroachlabs.com/docs/v19.2/secure-a-cluster.html
I200313 14:10:47.124083 1 server/status/recorder.go:597  available memory from cgroups is unsupported, using system memory 2.0 GiB instead: failed to find cgroup memory limit
W200313 14:10:47.124222 1 cli/start.go:1052  Using the default setting for --cache (128 MiB).
  A significantly larger value is usually needed for good performance.
  If you have a dedicated server a reasonable setting is --cache=.25 (500 MiB).
I200313 14:10:47.124625 1 server/status/recorder.go:597  available memory from cgroups is unsupported, using system memory 2.0 GiB instead: failed to find cgroup memory limit
W200313 14:10:47.124707 1 cli/start.go:1065  Using the default setting for --max-sql-memory (128 MiB).
  A significantly larger value is usually needed in production.
  If you have a dedicated server a reasonable setting is --max-sql-memory=.25 (500 MiB).
I200313 14:10:47.125182 1 server/status/recorder.go:597  available memory from cgroups is unsupported, using system memory 2.0 GiB instead: failed to find cgroup memory limit
I200313 14:10:47.125250 1 cli/start.go:1196  CockroachDB CCL v19.2.4 (x86_64-unknown-linux-gnu, built 2020/02/06 21:55:19, go1.12.12)
I200313 14:10:47.271090 1 server/status/recorder.go:597  available memory from cgroups is unsupported, using system memory 2.0 GiB instead: failed to find cgroup memory limit
I200313 14:10:47.271135 1 server/config.go:394  system total memory: 2.0 GiB
I200313 14:10:47.271209 1 server/config.go:396  server configuration:
max offset             500000000
cache size             128 MiB
SQL memory pool size   128 MiB
scan interval          10m0s
scan min idle time     10ms
scan max idle time     1s
event log enabled      true
I200313 14:10:47.271254 1 cli/start.go:1030  using local environment variables: COCKROACH_CHANNEL=official-docker
I200313 14:10:47.271295 1 cli/start.go:1037  process identity: uid 0 euid 0 gid 0 egid 0
I200313 14:10:47.271395 1 cli/start.go:644  starting cockroach node
I200313 14:10:47.273481 57 storage/engine/rocksdb.go:622  opening rocksdb instance at "/cockroach/cockroach-data/cockroach-temp067164624"
I200313 14:10:47.361658 57 server/server.go:928  [n?] monitoring forward clock jumps based on server.clock.forward_jump_check_enabled
I200313 14:10:47.363538 57 storage/engine/rocksdb.go:622  opening rocksdb instance at "/cockroach/cockroach-data"
I200313 14:10:47.448458 57 server/config.go:502  [n?] 1 storage engine initialized
I200313 14:10:47.448582 57 server/config.go:505  [n?] RocksDB cache size: 128 MiB
I200313 14:10:47.448684 57 server/config.go:505  [n?] store 0: RocksDB, max size 0 B, max open file limit 1043576
W200313 14:10:47.462065 57 gossip/gossip.go:1517  [n?] no incoming or outgoing connections
W200313 14:10:47.462896 57 cli/start.go:996  neither --listen-addr nor --advertise-addr was specified.
The server will advertise "b05237592c31" to other nodes, is this routable?

Consider using:
- for local-only servers:  --listen-addr=localhost
- for multi-node clusters: --advertise-addr=<host/IP addr>
I200313 14:10:47.469794 57 server/server.go:978  [n?] Sleeping till wall time 1584108647469592900 to catches up to 1584108647861579601 to ensure monotonicity. Delta: 391.986701ms
I200313 14:10:47.863067 57 gossip/gossip.go:394  [n2] NodeDescriptor set to node_id:2 address:<network_field:"tcp" address_field:"b05237592c31:26257" > attrs:<> locality:<> ServerVersion:<major_val:19 minor_val:2 patch:0 unstable:0 > build_tag:"v19.2.4" started_at:1584108647862770100 cluster_name:"" sql_address:<network_field:"tcp" address_field:"b05237592c31:26257" > 
I200313 14:10:47.906545 61 gossip/client.go:124  [n2] started gossip client to node_1:26257
I200313 14:10:47.909624 57 server/node.go:431  [n2] initialized store [n2,s2]: disk (capacity=58 TiB, available=30 TiB, used=375 KiB, logicalBytes=0 B), ranges=0, leases=0, queries=0.00, writes=0.00, bytesPerReplica={p10=0.00 p25=0.00 p50=0.00 p75=0.00 p90=0.00 pMax=0.00}, writesPerReplica={p10=0.00 p25=0.00 p50=0.00 p75=0.00 p90=0.00 pMax=0.00}
I200313 14:10:47.909857 57 storage/stores.go:240  [n2] read 1 node addresses from persistent storage
I200313 14:10:47.910194 57 server/node.go:645  [n2] connecting to gossip network to verify cluster ID...
I200313 14:10:47.911349 60 storage/stores.go:259  [n2] wrote 2 node addresses to persistent storage
I200313 14:10:47.924679 57 server/node.go:665  [n2] node connected via gossip and verified as part of cluster "658b6d5e-e699-44c5-895d-ae8ec745f62b"
I200313 14:10:47.924924 57 server/node.go:512  [n2] node=2: started with [<no-attributes>=/cockroach/cockroach-data] engine(s) and attributes []
I200313 14:10:47.929114 57 server/server.go:1514  [n2] starting http server at [::]:8080 (use: b05237592c31:8080)
I200313 14:10:47.929167 57 server/server.go:1521  [n2] starting grpc/postgres server at [::]:26257
I200313 14:10:47.929292 57 server/server.go:1522  [n2] advertising CockroachDB node at b05237592c31:26257
I200313 14:10:48.060013 199 storage/node_liveness.go:474  [n2,liveness-hb] heartbeat failed on epoch increment; retrying
I200313 14:10:48.084787 57 server/server.go:1590  [n2] done ensuring all necessary migrations have run
I200313 14:10:48.085316 57 server/server.go:1841  [n2] serving sql connections
I200313 14:10:48.088652 57 cli/start.go:803  [config] clusterID: 658b6d5e-e699-44c5-895d-ae8ec745f62b
I200313 14:10:48.088700 57 cli/start.go:812  node startup completed:
CockroachDB node starting at 2020-03-13 14:10:48.0885736 +0000 UTC (took 1.0s)
build:               CCL v19.2.4 @ 2020/02/06 21:55:19 (go1.12.12)
webui:               http://b05237592c31:8080
sql:                 postgresql://root@b05237592c31:26257?sslmode=disable
RPC client flags:    /cockroach/cockroach <client cmd> --host=b05237592c31:26257 --insecure
logs:                /cockroach/cockroach-data/logs
temp dir:            /cockroach/cockroach-data/cockroach-temp067164624
external I/O path:   /cockroach/cockroach-data/extern
store[0]:            path=/cockroach/cockroach-data
status:              restarted pre-existing node
clusterID:           658b6d5e-e699-44c5-895d-ae8ec745f62b
nodeID:              2
I200313 14:10:48.121965 224 server/server_update.go:53  [n2] no need to upgrade, cluster already at the newest version
I200313 14:10:48.124742 226 sql/event_log.go:130  [n2] Event: "node_restart", target: 2, info: {Descriptor:{NodeID:2 Address:b05237592c31:26257 Attrs: Locality: ServerVersion:19.2 BuildTag:v19.2.4 StartedAt:1584108647862770100 LocalityAddress:[] ClusterName: SQLAddress:b05237592c31:26257} ClusterID:658b6d5e-e699-44c5-895d-ae8ec745f62b StartedAt:1584108647862770100 LastUp:1584108635737513400}
I200313 14:10:48.700374 61 gossip/client.go:129  [n2] closing client to n1 (node_1:26257): stopping outgoing client to n1 (node_1:26257); already have incoming
I200313 14:10:48.700738 93 gossip/gossip.go:1531  [n2] node has connected to cluster via gossip
I200313 14:10:48.701001 93 storage/stores.go:259  [n2] wrote 1 node addresses to persistent storage
I200313 14:10:54.270279 1 cli/start.go:865  received signal 'terminated'
I200313 14:10:54.271682 1 cli/start.go:930  initiating graceful shutdown of server
I200313 14:10:54.277421 330 util/stop/stopper.go:542  [server drain process] quiescing; tasks left:
1      [async] intent_resolver_ir_batcher
1      [async] intent_resolver_gc_batcher
1      [async] closedts-subscription
1      [async] closedts-rangefeed-subscriber
I200313 14:10:54.283992 330 storage/engine/rocksdb.go:762  closing rocksdb instance at "/cockroach/cockroach-data/cockroach-temp067164624"
I200313 14:10:54.311947 330 storage/engine/rocksdb.go:762  closing rocksdb instance at "/cockroach/cockroach-data"
I200313 14:10:54.318553 1 cli/start.go:976  server drained and shutdown completed
