I200313 14:40:47.094427 1 util/log/clog.go:1196  [config] file created at: 2020/03/13 14:40:47
I200313 14:40:47.094427 1 util/log/clog.go:1196  [config] running on machine: 22bf95210875
I200313 14:40:47.094427 1 util/log/clog.go:1196  [config] binary: CockroachDB CCL v19.2.4 (x86_64-unknown-linux-gnu, built 2020/02/06 21:55:19, go1.12.12)
I200313 14:40:47.094427 1 util/log/clog.go:1196  [config] arguments: [/cockroach/cockroach start --insecure --join=node_1]
I200313 14:40:47.094427 1 util/log/clog.go:1196  line format: [IWEF]yymmdd hh:mm:ss.uuuuuu goid file:line msg utf8=✓
I200313 14:40:47.094413 1 cli/start.go:1144  logging to directory /cockroach/cockroach-data/logs
W200313 14:40:47.100135 1 cli/start.go:1182  RUNNING IN INSECURE MODE!

- Your cluster is open for any client that can access <all your IP addresses>.
- Any user, even root, can log in without providing a password.
- Any user, connecting as root, can read or write any data in your cluster.
- There is no network encryption nor authentication, and thus no confidentiality.

Check out how to secure your cluster: https://www.cockroachlabs.com/docs/v19.2/secure-a-cluster.html
I200313 14:40:47.100744 1 server/status/recorder.go:597  available memory from cgroups is unsupported, using system memory 2.0 GiB instead: failed to find cgroup memory limit
W200313 14:40:47.100905 1 cli/start.go:1052  Using the default setting for --cache (128 MiB).
  A significantly larger value is usually needed for good performance.
  If you have a dedicated server a reasonable setting is --cache=.25 (500 MiB).
I200313 14:40:47.101214 1 server/status/recorder.go:597  available memory from cgroups is unsupported, using system memory 2.0 GiB instead: failed to find cgroup memory limit
W200313 14:40:47.101261 1 cli/start.go:1065  Using the default setting for --max-sql-memory (128 MiB).
  A significantly larger value is usually needed in production.
  If you have a dedicated server a reasonable setting is --max-sql-memory=.25 (500 MiB).
I200313 14:40:47.101520 1 server/status/recorder.go:597  available memory from cgroups is unsupported, using system memory 2.0 GiB instead: failed to find cgroup memory limit
I200313 14:40:47.101563 1 cli/start.go:1196  CockroachDB CCL v19.2.4 (x86_64-unknown-linux-gnu, built 2020/02/06 21:55:19, go1.12.12)
I200313 14:40:47.422653 1 server/status/recorder.go:597  available memory from cgroups is unsupported, using system memory 2.0 GiB instead: failed to find cgroup memory limit
I200313 14:40:47.422727 1 server/config.go:394  system total memory: 2.0 GiB
I200313 14:40:47.422828 1 server/config.go:396  server configuration:
max offset             500000000
cache size             128 MiB
SQL memory pool size   128 MiB
scan interval          10m0s
scan min idle time     10ms
scan max idle time     1s
event log enabled      true
I200313 14:40:47.422889 1 cli/start.go:1030  using local environment variables: COCKROACH_CHANNEL=official-docker
I200313 14:40:47.422974 1 cli/start.go:1037  process identity: uid 0 euid 0 gid 0 egid 0
I200313 14:40:47.423117 1 cli/start.go:644  starting cockroach node
I200313 14:40:47.426191 23 storage/engine/rocksdb.go:622  opening rocksdb instance at "/cockroach/cockroach-data/cockroach-temp838280104"
I200313 14:40:47.548518 23 server/server.go:928  [n?] monitoring forward clock jumps based on server.clock.forward_jump_check_enabled
I200313 14:40:47.560905 23 storage/engine/rocksdb.go:622  opening rocksdb instance at "/cockroach/cockroach-data"
I200313 14:40:48.107464 23 server/config.go:502  [n?] 1 storage engine initialized
I200313 14:40:48.107518 23 server/config.go:505  [n?] RocksDB cache size: 128 MiB
I200313 14:40:48.108094 23 server/config.go:505  [n?] store 0: RocksDB, max size 0 B, max open file limit 1043576
W200313 14:40:48.128432 23 gossip/gossip.go:1517  [n?] no incoming or outgoing connections
W200313 14:40:48.129848 23 cli/start.go:996  neither --listen-addr nor --advertise-addr was specified.
The server will advertise "22bf95210875" to other nodes, is this routable?

Consider using:
- for local-only servers:  --listen-addr=localhost
- for multi-node clusters: --advertise-addr=<host/IP addr>
W200313 14:40:48.134627 94 vendor/google.golang.org/grpc/clientconn.go:1206  grpc: addrConn.createTransport failed to connect to {node_1:26257 0  <nil>}. Err :connection error: desc = "transport: Error while dialing dial tcp 172.20.0.5:26257: connect: connection refused". Reconnecting...
I200313 14:40:48.135562 91 vendor/github.com/cockroachdb/circuitbreaker/circuitbreaker.go:322  [n?] circuitbreaker: gossip [::]:26257->node_1:26257 tripped: initial connection heartbeat failed: rpc error: code = Unavailable desc = all SubConns are in TransientFailure, latest connection error: connection error: desc = "transport: Error while dialing dial tcp 172.20.0.5:26257: connect: connection refused"
I200313 14:40:48.135619 91 vendor/github.com/cockroachdb/circuitbreaker/circuitbreaker.go:447  [n?] circuitbreaker: gossip [::]:26257->node_1:26257 event: BreakerTripped
W200313 14:40:48.135683 91 gossip/client.go:118  [n?] failed to start gossip client to node_1:26257: initial connection heartbeat failed: rpc error: code = Unavailable desc = all SubConns are in TransientFailure, latest connection error: connection error: desc = "transport: Error while dialing dial tcp 172.20.0.5:26257: connect: connection refused"
I200313 14:40:48.137050 23 gossip/gossip.go:394  [n2] NodeDescriptor set to node_id:2 address:<network_field:"tcp" address_field:"22bf95210875:26257" > attrs:<> locality:<> ServerVersion:<major_val:19 minor_val:2 patch:0 unstable:0 > build_tag:"v19.2.4" started_at:1584110448136853300 cluster_name:"" sql_address:<network_field:"tcp" address_field:"22bf95210875:26257" > 
I200313 14:40:48.271823 47 vendor/github.com/cockroachdb/circuitbreaker/circuitbreaker.go:322  [n2] circuitbreaker: rpc [::]:26257 [n3] tripped: failed to resolve n3: unable to look up descriptor for n3
I200313 14:40:48.272008 47 vendor/github.com/cockroachdb/circuitbreaker/circuitbreaker.go:447  [n2] circuitbreaker: rpc [::]:26257 [n3] event: BreakerTripped
W200313 14:40:48.272381 155 storage/replica_range_lease.go:554  can't determine lease status due to node liveness error: node not in the liveness table
github.com/cockroachdb/cockroach/pkg/storage.init.ializers
	/go/src/github.com/cockroachdb/cockroach/pkg/storage/node_liveness.go:44
runtime.main
	/usr/local/go/src/runtime/proc.go:188
runtime.goexit
	/usr/local/go/src/runtime/asm_amd64.s:1337
W200313 14:40:48.272581 155 storage/store.go:1530  [n2,s2,r6/2:/Table/{SystemCon…-11}] could not gossip system config: [NotLeaseHolderError] r6: replica (n2,s2):2 not lease holder; lease holder unknown
I200313 14:40:48.274608 46 vendor/github.com/cockroachdb/circuitbreaker/circuitbreaker.go:322  [n2] circuitbreaker: rpc [::]:26257 [n1] tripped: failed to resolve n1: unable to look up descriptor for n1
I200313 14:40:48.274682 46 vendor/github.com/cockroachdb/circuitbreaker/circuitbreaker.go:447  [n2] circuitbreaker: rpc [::]:26257 [n1] event: BreakerTripped
I200313 14:40:48.275736 49 vendor/github.com/cockroachdb/circuitbreaker/circuitbreaker.go:322  [n2] circuitbreaker: rpc [::]:26257 [n4] tripped: failed to resolve n4: unable to look up descriptor for n4
I200313 14:40:48.275821 49 vendor/github.com/cockroachdb/circuitbreaker/circuitbreaker.go:447  [n2] circuitbreaker: rpc [::]:26257 [n4] event: BreakerTripped
W200313 14:40:48.328852 155 storage/store.go:1530  [n2,s2,r6/2:/Table/{SystemCon…-11}] could not gossip system config: [NotLeaseHolderError] r6: replica (n2,s2):2 not lease holder; lease holder unknown
I200313 14:40:48.366106 23 server/node.go:431  [n2] initialized store [n2,s2]: disk (capacity=58 TiB, available=32 TiB, used=1.5 MiB, logicalBytes=13 MiB), ranges=18, leases=0, queries=0.00, writes=0.00, bytesPerReplica={p10=0.00 p25=0.00 p50=198.00 p75=12124.00 p90=79689.00 pMax=13919300.00}, writesPerReplica={p10=0.00 p25=0.00 p50=0.00 p75=0.00 p90=0.00 pMax=0.00}
I200313 14:40:48.366963 23 storage/stores.go:240  [n2] read 3 node addresses from persistent storage
I200313 14:40:48.367760 23 server/node.go:645  [n2] connecting to gossip network to verify cluster ID...
I200313 14:40:48.367825 23 server/node.go:665  [n2] node connected via gossip and verified as part of cluster "658b6d5e-e699-44c5-895d-ae8ec745f62b"
I200313 14:40:48.368202 23 server/node.go:512  [n2] node=2: started with [<no-attributes>=/cockroach/cockroach-data] engine(s) and attributes []
I200313 14:40:48.370808 23 server/server.go:1514  [n2] starting http server at [::]:8080 (use: 22bf95210875:8080)
I200313 14:40:48.370869 23 server/server.go:1521  [n2] starting grpc/postgres server at [::]:26257
I200313 14:40:48.370973 23 server/server.go:1522  [n2] advertising CockroachDB node at 22bf95210875:26257
W200313 14:40:48.435816 155 storage/store.go:1530  [n2,s2,r6/2:/Table/{SystemCon…-11}] could not gossip system config: [NotLeaseHolderError] r6: replica (n2,s2):2 not lease holder; lease holder unknown
W200313 14:40:48.650414 155 storage/store.go:1530  [n2,s2,r6/2:/Table/{SystemCon…-11}] could not gossip system config: [NotLeaseHolderError] r6: replica (n2,s2):2 not lease holder; lease holder unknown
W200313 14:40:49.088293 155 storage/store.go:1530  [n2,s2,r6/2:/Table/{SystemCon…-11}] could not gossip system config: [NotLeaseHolderError] r6: replica (n2,s2):2 not lease holder; lease holder unknown
W200313 14:40:49.136143 94 vendor/google.golang.org/grpc/clientconn.go:1206  grpc: addrConn.createTransport failed to connect to {node_1:26257 0  <nil>}. Err :connection error: desc = "transport: Error while dialing cannot reuse client connection". Reconnecting...
I200313 14:40:49.140034 198 gossip/client.go:124  [n2] started gossip client to 287541f04cdc:26257
I200313 14:40:49.468387 192 vendor/github.com/cockroachdb/circuitbreaker/circuitbreaker.go:322  [n2] circuitbreaker: rpc [::]:26257 [n1] tripped: failed to resolve n1: unable to look up descriptor for n1
I200313 14:40:49.468434 192 vendor/github.com/cockroachdb/circuitbreaker/circuitbreaker.go:447  [n2] circuitbreaker: rpc [::]:26257 [n1] event: BreakerTripped
I200313 14:40:49.539266 26 storage/stores.go:259  [n2] wrote 4 node addresses to persistent storage
W200313 14:40:49.943739 155 storage/store.go:1530  [n2,s2,r6/2:/Table/{SystemCon…-11}] could not gossip system config: [NotLeaseHolderError] r6: replica (n2,s2):2 not lease holder; lease holder unknown
W200313 14:40:50.294554 30 gossip/gossip.go:1300  [n2] invalid bootstrap address: &{typ:tcp addr:27c1a1f5a240:26257}, lookup 27c1a1f5a240 on 127.0.0.11:53: no such host
I200313 14:40:50.299934 289 gossip/client.go:124  [n2] started gossip client to 068c9c09d521:26257
I200313 14:40:50.473152 308 vendor/github.com/cockroachdb/circuitbreaker/circuitbreaker.go:447  [n2] circuitbreaker: rpc [::]:26257 [n1] event: BreakerReset
I200313 14:40:50.474320 307 vendor/github.com/cockroachdb/circuitbreaker/circuitbreaker.go:447  [n2] circuitbreaker: rpc [::]:26257 [n4] event: BreakerReset
I200313 14:40:50.570717 389 vendor/github.com/cockroachdb/circuitbreaker/circuitbreaker.go:447  [n2] circuitbreaker: rpc [::]:26257 [n1] event: BreakerReset
W200313 14:40:50.957980 155 storage/store.go:1530  [n2,s2,r6/2:/Table/{SystemCon…-11}] could not gossip system config: [NotLeaseHolderError] r6: replica (n2,s2):2 not lease holder; lease holder unknown
I200313 14:40:50.992797 289 gossip/client.go:129  [n2] closing client to n1 (068c9c09d521:26257): stopping outgoing client to n1 (068c9c09d521:26257); already have incoming
I200313 14:40:51.312152 376 vendor/github.com/cockroachdb/circuitbreaker/circuitbreaker.go:447  [n2] circuitbreaker: gossip [::]:26257->node_1:26257 event: BreakerReset
I200313 14:40:51.312242 376 gossip/client.go:124  [n2] started gossip client to node_1:26257
I200313 14:40:51.313088 376 gossip/client.go:129  [n2] closing client to n1 (node_1:26257): stopping outgoing client to n1 (node_1:26257); already have incoming
I200313 14:40:51.571438 411 vendor/github.com/cockroachdb/circuitbreaker/circuitbreaker.go:447  [n2] circuitbreaker: rpc [::]:26257 [n3] event: BreakerReset
I200313 14:40:52.364380 31 gossip/gossip.go:1531  [n2] node has connected to cluster via gossip
I200313 14:40:52.365398 31 storage/stores.go:259  [n2] wrote 3 node addresses to persistent storage
E200313 14:40:52.876181 425 storage/replica_range_lease.go:339  [n2,s2,r6/2:/Table/{SystemCon…-11}] heartbeat failed on epoch increment
W200313 14:40:52.878791 174 storage/node_liveness.go:559  [n2,liveness-hb] slow heartbeat took 4.5s
W200313 14:40:52.880784 174 storage/node_liveness.go:484  [n2,liveness-hb] failed node liveness heartbeat: operation "node liveness heartbeat" timed out after 4.5s:
  - aborted in distSender: context deadline exceeded
I200313 14:40:52.911692 498 storage/node_liveness.go:790  [n2,s2,r8/4:/Table/1{2-3}] incremented n4 liveness epoch to 2
I200313 14:40:52.957704 23 server/server.go:1590  [n2] done ensuring all necessary migrations have run
I200313 14:40:52.957802 23 server/server.go:1841  [n2] serving sql connections
I200313 14:40:52.957918 23 cli/start.go:803  [config] clusterID: 658b6d5e-e699-44c5-895d-ae8ec745f62b
I200313 14:40:52.957965 23 cli/start.go:812  node startup completed:
CockroachDB node starting at 2020-03-13 14:40:52.9578475 +0000 UTC (took 5.9s)
build:               CCL v19.2.4 @ 2020/02/06 21:55:19 (go1.12.12)
webui:               http://22bf95210875:8080
sql:                 postgresql://root@22bf95210875:26257?sslmode=disable
RPC client flags:    /cockroach/cockroach <client cmd> --host=22bf95210875:26257 --insecure
logs:                /cockroach/cockroach-data/logs
temp dir:            /cockroach/cockroach-data/cockroach-temp838280104
external I/O path:   /cockroach/cockroach-data/extern
store[0]:            path=/cockroach/cockroach-data
status:              restarted pre-existing node
clusterID:           658b6d5e-e699-44c5-895d-ae8ec745f62b
nodeID:              2
I200313 14:40:52.977331 473 storage/queue.go:1132  [n2,replicate] purgatory is now empty
I200313 14:40:53.056715 520 sql/event_log.go:130  [n2] Event: "node_restart", target: 2, info: {Descriptor:{NodeID:2 Address:22bf95210875:26257 Attrs: Locality: ServerVersion:19.2 BuildTag:v19.2.4 StartedAt:1584110448136853300 LocalityAddress:[] ClusterName: SQLAddress:22bf95210875:26257} ClusterID:658b6d5e-e699-44c5-895d-ae8ec745f62b StartedAt:1584110448136853300 LastUp:1584110227692621200}
I200313 14:40:53.062806 518 server/server_update.go:50  [n2] failed attempt to upgrade cluster version, error: node 4 not running (UNAVAILABLE), cannot determine version
I200313 14:40:53.970961 518 server/server_update.go:53  [n2] no need to upgrade, cluster already at the newest version
I200313 14:40:58.338945 168 server/status/runtime.go:498  [n2] runtime stats: 133 MiB RSS, 257 goroutines, 109 MiB/12 MiB/135 MiB GO alloc/idle/total, 16 MiB/22 MiB CGO alloc/total, 0.0 CGO/sec, 0.0/0.0 %(u/s)time, 0.0 %gc (9x), 381 KiB/256 KiB (r/w)net
W200313 14:41:03.004284 505 server/node.go:826  [n2,summaries] health alerts detected: {Alerts:[{StoreID:0 Category:METRICS Description:liveness.heartbeatfailures Value:2}]}
I200313 14:41:08.340940 168 server/status/runtime.go:498  [n2] runtime stats: 148 MiB RSS, 257 goroutines, 122 MiB/63 MiB/201 MiB GO alloc/idle/total, 16 MiB/23 MiB CGO alloc/total, 38.2 CGO/sec, 2.0/6.9 %(u/s)time, 0.0 %gc (0x), 131 KiB/116 KiB (r/w)net
I200313 14:41:08.393434 163 storage/store.go:2364  [n2,s2] sstables (read amplification = 2):
0 [   3K  1 ]: 3K
6 [ 435K 11 ]: 425K 1K[10]
I200313 14:41:08.393804 163 storage/store.go:2365  [n2,s2] 
** Compaction Stats [default] **
Level    Files   Size     Score Read(GB)  Rn(GB) Rnp1(GB) Write(GB) Wnew(GB) Moved(GB) W-Amp Rd(MB/s) Wr(MB/s) Comp(sec) CompMergeCPU(sec) Comp(cnt) Avg(sec) KeyIn KeyDrop
----------------------------------------------------------------------------------------------------------------------------------------------------------------------------
  L0      1/0    3.13 KB   0.5      0.0     0.0      0.0       0.0      0.0       0.0   1.0      0.0      0.7      0.10              0.00         1    0.104       0      0
  L6     11/0   434.63 KB   0.0      0.0     0.0      0.0       0.0      0.0       0.0   6.0      2.0      1.8      0.23              0.14         1    0.233    8905    311
 Sum     12/0   437.76 KB   0.0      0.0     0.0      0.0       0.0      0.0       0.0   7.0      1.4      1.4      0.34              0.14         2    0.169    8905    311
 Int      0/0    0.00 KB   0.0      0.0     0.0      0.0       0.0      0.0       0.0   7.0      1.4      1.4      0.34              0.14         2    0.169    8905    311

** Compaction Stats [default] **
Priority    Files   Size     Score Read(GB)  Rn(GB) Rnp1(GB) Write(GB) Wnew(GB) Moved(GB) W-Amp Rd(MB/s) Wr(MB/s) Comp(sec) CompMergeCPU(sec) Comp(cnt) Avg(sec) KeyIn KeyDrop
-------------------------------------------------------------------------------------------------------------------------------------------------------------------------------
 Low      0/0    0.00 KB   0.0      0.0     0.0      0.0       0.0      0.0       0.0   0.0      2.0      1.8      0.23              0.14         1    0.233    8905    311
User      0/0    0.00 KB   0.0      0.0     0.0      0.0       0.0      0.0       0.0   0.0      0.0      0.7      0.10              0.00         1    0.104       0      0
Uptime(secs): 20.7 total, 20.7 interval
Flush(GB): cumulative 0.000, interval 0.000
AddFile(GB): cumulative 0.000, interval 0.000
AddFile(Total Files): cumulative 0, interval 0
AddFile(L0 Files): cumulative 0, interval 0
AddFile(Keys): cumulative 0, interval 0
Cumulative compaction: 0.00 GB write, 0.02 MB/s write, 0.00 GB read, 0.02 MB/s read, 0.3 seconds
Interval compaction: 0.00 GB write, 0.02 MB/s write, 0.00 GB read, 0.02 MB/s read, 0.3 seconds
Stalls(count): 0 level0_slowdown, 0 level0_slowdown_with_compaction, 0 level0_numfiles, 0 level0_numfiles_with_compaction, 0 stop for pending_compaction_bytes, 0 slowdown for pending_compaction_bytes, 0 memtable_compaction, 0 memtable_slowdown, interval 0 total count
estimated_pending_compaction_bytes: 0 B
I200313 14:41:18.342040 168 server/status/runtime.go:498  [n2] runtime stats: 152 MiB RSS, 257 goroutines, 93 MiB/90 MiB/201 MiB GO alloc/idle/total, 16 MiB/23 MiB CGO alloc/total, 36.7 CGO/sec, 2.1/7.1 %(u/s)time, 0.0 %gc (1x), 125 KiB/108 KiB (r/w)net
I200313 14:41:28.307900 168 server/status/runtime.go:498  [n2] runtime stats: 153 MiB RSS, 258 goroutines, 103 MiB/81 MiB/201 MiB GO alloc/idle/total, 16 MiB/23 MiB CGO alloc/total, 39.4 CGO/sec, 2.0/6.0 %(u/s)time, 0.0 %gc (0x), 129 KiB/112 KiB (r/w)net
I200313 14:41:38.308213 168 server/status/runtime.go:498  [n2] runtime stats: 154 MiB RSS, 258 goroutines, 114 MiB/71 MiB/201 MiB GO alloc/idle/total, 16 MiB/23 MiB CGO alloc/total, 39.3 CGO/sec, 2.3/6.2 %(u/s)time, 0.0 %gc (0x), 127 KiB/110 KiB (r/w)net
I200313 14:41:48.301018 164 gossip/gossip.go:566  [n2] gossip status (ok, 4 nodes)
gossip client (1/3 cur/max conns)
  4: 287541f04cdc:26257 (59s: infos 313/210 sent/received, bytes 67059B/47392B sent/received)
gossip server (2/3 cur/max conns, infos 832/695 sent/received, bytes 179201B/145017B sent/received)
  3: f47a1c7300a3:26257 (59s)
  1: 068c9c09d521:26257 (57s)
gossip connectivity
  n1 [sentinel];
  n1 -> n2; n1 -> n4; n2 -> n4; n3 -> n1; n3 -> n2; n4 -> n3;
I200313 14:41:48.308079 168 server/status/runtime.go:498  [n2] runtime stats: 155 MiB RSS, 258 goroutines, 124 MiB/61 MiB/201 MiB GO alloc/idle/total, 16 MiB/23 MiB CGO alloc/total, 39.8 CGO/sec, 2.3/6.7 %(u/s)time, 0.0 %gc (0x), 125 KiB/109 KiB (r/w)net
I200313 14:41:58.274050 168 server/status/runtime.go:498  [n2] runtime stats: 169 MiB RSS, 257 goroutines, 138 MiB/48 MiB/202 MiB GO alloc/idle/total, 16 MiB/23 MiB CGO alloc/total, 68.9 CGO/sec, 2.4/7.0 %(u/s)time, 0.0 %gc (0x), 155 KiB/149 KiB (r/w)net
I200313 14:42:08.273892 168 server/status/runtime.go:498  [n2] runtime stats: 176 MiB RSS, 257 goroutines, 89 MiB/93 MiB/202 MiB GO alloc/idle/total, 16 MiB/24 MiB CGO alloc/total, 35.6 CGO/sec, 2.8/5.7 %(u/s)time, 0.0 %gc (1x), 119 KiB/102 KiB (r/w)net
I200313 14:42:18.274691 168 server/status/runtime.go:498  [n2] runtime stats: 178 MiB RSS, 257 goroutines, 99 MiB/84 MiB/202 MiB GO alloc/idle/total, 16 MiB/24 MiB CGO alloc/total, 33.8 CGO/sec, 2.1/5.3 %(u/s)time, 0.0 %gc (0x), 119 KiB/103 KiB (r/w)net
I200313 14:42:28.242191 168 server/status/runtime.go:498  [n2] runtime stats: 178 MiB RSS, 258 goroutines, 110 MiB/75 MiB/202 MiB GO alloc/idle/total, 16 MiB/24 MiB CGO alloc/total, 40.6 CGO/sec, 2.4/5.8 %(u/s)time, 0.0 %gc (0x), 130 KiB/115 KiB (r/w)net
I200313 14:42:38.241366 168 server/status/runtime.go:498  [n2] runtime stats: 179 MiB RSS, 258 goroutines, 120 MiB/65 MiB/202 MiB GO alloc/idle/total, 16 MiB/24 MiB CGO alloc/total, 33.5 CGO/sec, 1.8/6.0 %(u/s)time, 0.0 %gc (0x), 116 KiB/100 KiB (r/w)net
I200313 14:42:48.231063 164 gossip/gossip.go:566  [n2] gossip status (ok, 4 nodes)
gossip client (1/3 cur/max conns)
  4: 287541f04cdc:26257 (1m59s: infos 582/378 sent/received, bytes 113090B/84428B sent/received)
gossip server (2/3 cur/max conns, infos 1534/1265 sent/received, bytes 305315B/248446B sent/received)
  3: f47a1c7300a3:26257 (1m59s)
  1: 068c9c09d521:26257 (1m57s)
I200313 14:42:48.242359 168 server/status/runtime.go:498  [n2] runtime stats: 179 MiB RSS, 258 goroutines, 130 MiB/55 MiB/202 MiB GO alloc/idle/total, 24 MiB/32 MiB CGO alloc/total, 34.7 CGO/sec, 2.1/5.6 %(u/s)time, 0.0 %gc (0x), 122 KiB/104 KiB (r/w)net
I200313 14:42:58.207882 168 server/status/runtime.go:498  [n2] runtime stats: 180 MiB RSS, 252 goroutines, 141 MiB/44 MiB/202 MiB GO alloc/idle/total, 24 MiB/32 MiB CGO alloc/total, 52.0 CGO/sec, 1.6/5.2 %(u/s)time, 0.0 %gc (0x), 138 KiB/122 KiB (r/w)net
I200313 14:43:08.208501 168 server/status/runtime.go:498  [n2] runtime stats: 191 MiB RSS, 252 goroutines, 85 MiB/95 MiB/202 MiB GO alloc/idle/total, 24 MiB/32 MiB CGO alloc/total, 39.9 CGO/sec, 2.6/6.0 %(u/s)time, 0.0 %gc (1x), 124 KiB/111 KiB (r/w)net
I200313 14:43:18.209307 168 server/status/runtime.go:498  [n2] runtime stats: 192 MiB RSS, 252 goroutines, 96 MiB/86 MiB/202 MiB GO alloc/idle/total, 24 MiB/32 MiB CGO alloc/total, 38.8 CGO/sec, 2.4/5.8 %(u/s)time, 0.0 %gc (0x), 124 KiB/111 KiB (r/w)net
I200313 14:43:28.174932 168 server/status/runtime.go:498  [n2] runtime stats: 193 MiB RSS, 253 goroutines, 106 MiB/78 MiB/202 MiB GO alloc/idle/total, 24 MiB/32 MiB CGO alloc/total, 34.4 CGO/sec, 2.5/5.5 %(u/s)time, 0.0 %gc (0x), 120 KiB/105 KiB (r/w)net
I200313 14:43:38.175443 168 server/status/runtime.go:498  [n2] runtime stats: 194 MiB RSS, 253 goroutines, 116 MiB/68 MiB/202 MiB GO alloc/idle/total, 24 MiB/32 MiB CGO alloc/total, 34.1 CGO/sec, 3.0/5.1 %(u/s)time, 0.0 %gc (0x), 121 KiB/103 KiB (r/w)net
I200313 14:43:48.162741 164 gossip/gossip.go:566  [n2] gossip status (ok, 4 nodes)
gossip client (1/3 cur/max conns)
  4: 287541f04cdc:26257 (2m59s: infos 839/542 sent/received, bytes 155338B/119587B sent/received)
gossip server (2/3 cur/max conns, infos 2209/1811 sent/received, bytes 421987B/344826B sent/received)
  3: f47a1c7300a3:26257 (2m59s)
  1: 068c9c09d521:26257 (2m57s)
I200313 14:43:48.175784 168 server/status/runtime.go:498  [n2] runtime stats: 195 MiB RSS, 253 goroutines, 126 MiB/58 MiB/202 MiB GO alloc/idle/total, 24 MiB/32 MiB CGO alloc/total, 32.6 CGO/sec, 2.3/6.0 %(u/s)time, 0.0 %gc (0x), 117 KiB/101 KiB (r/w)net
I200313 14:43:58.145946 168 server/status/runtime.go:498  [n2] runtime stats: 195 MiB RSS, 252 goroutines, 138 MiB/47 MiB/202 MiB GO alloc/idle/total, 24 MiB/32 MiB CGO alloc/total, 60.1 CGO/sec, 2.8/6.4 %(u/s)time, 0.0 %gc (0x), 149 KiB/140 KiB (r/w)net
I200313 14:44:08.142756 168 server/status/runtime.go:498  [n2] runtime stats: 196 MiB RSS, 252 goroutines, 148 MiB/37 MiB/202 MiB GO alloc/idle/total, 24 MiB/32 MiB CGO alloc/total, 35.9 CGO/sec, 2.7/5.3 %(u/s)time, 0.0 %gc (0x), 116 KiB/99 KiB (r/w)net
I200313 14:44:18.143206 168 server/status/runtime.go:498  [n2] runtime stats: 203 MiB RSS, 252 goroutines, 83 MiB/97 MiB/202 MiB GO alloc/idle/total, 24 MiB/32 MiB CGO alloc/total, 32.2 CGO/sec, 2.5/6.1 %(u/s)time, 0.0 %gc (1x), 120 KiB/104 KiB (r/w)net
I200313 14:44:28.108916 168 server/status/runtime.go:498  [n2] runtime stats: 204 MiB RSS, 253 goroutines, 94 MiB/88 MiB/202 MiB GO alloc/idle/total, 24 MiB/32 MiB CGO alloc/total, 35.6 CGO/sec, 2.2/5.3 %(u/s)time, 0.0 %gc (0x), 120 KiB/103 KiB (r/w)net
I200313 14:44:38.109458 168 server/status/runtime.go:498  [n2] runtime stats: 205 MiB RSS, 253 goroutines, 104 MiB/79 MiB/202 MiB GO alloc/idle/total, 32 MiB/41 MiB CGO alloc/total, 40.3 CGO/sec, 2.0/6.4 %(u/s)time, 0.0 %gc (0x), 126 KiB/111 KiB (r/w)net
I200313 14:44:47.720005 1 cli/start.go:865  received signal 'terminated'
I200313 14:44:47.721219 1 cli/start.go:930  initiating graceful shutdown of server
I200313 14:44:48.093613 164 gossip/gossip.go:566  [n2] gossip status (ok, 4 nodes)
gossip client (1/3 cur/max conns)
  4: 287541f04cdc:26257 (3m59s: infos 1120/715 sent/received, bytes 201365B/157068B sent/received)
gossip server (2/3 cur/max conns, infos 2928/2380 sent/received, bytes 546759B/445704B sent/received)
  3: f47a1c7300a3:26257 (3m59s)
  1: 068c9c09d521:26257 (3m57s)
I200313 14:44:48.109833 168 server/status/runtime.go:498  [n2] runtime stats: 206 MiB RSS, 255 goroutines, 115 MiB/70 MiB/202 MiB GO alloc/idle/total, 32 MiB/41 MiB CGO alloc/total, 34.3 CGO/sec, 2.0/5.6 %(u/s)time, 0.0 %gc (0x), 124 KiB/110 KiB (r/w)net
I200313 14:44:48.766362 3861 storage/store.go:1111  [drain] waiting for 5 replicas to transfer their lease away
I200313 14:44:50.088616 3861 storage/store.go:1111  [drain] waiting for 5 replicas to transfer their lease away
I200313 14:44:51.950918 3861 storage/store.go:1111  [drain] waiting for 5 replicas to transfer their lease away
I200313 14:44:52.730396 3862 cli/start.go:940  7 running tasks
W200313 14:44:53.729038 307 storage/raft_transport.go:634  [n2] while processing outgoing Raft queue to node 4: EOF:
W200313 14:44:53.730360 3034 storage/raft_transport.go:634  [n2] while processing outgoing Raft queue to node 4: EOF:
W200313 14:44:53.735783 113 vendor/google.golang.org/grpc/clientconn.go:1206  grpc: addrConn.createTransport failed to connect to {287541f04cdc:26257 0  <nil>}. Err :connection error: desc = "transport: Error while dialing cannot reuse client connection". Reconnecting...
W200313 14:44:53.736457 317 vendor/google.golang.org/grpc/clientconn.go:1206  grpc: addrConn.createTransport failed to connect to {287541f04cdc:26257 0  <nil>}. Err :connection error: desc = "transport: Error while dialing cannot reuse client connection". Reconnecting...
W200313 14:44:53.737116 201 vendor/google.golang.org/grpc/clientconn.go:1206  grpc: addrConn.createTransport failed to connect to {287541f04cdc:26257 0  <nil>}. Err :connection error: desc = "transport: Error while dialing cannot reuse client connection". Reconnecting...
W200313 14:44:53.753624 3861 storage/store.go:1120  [drain] unable to drain cleanly within 5s, service might briefly deteriorate: operation "wait for raft leadership transfer" timed out after 5s:
  - waiting for 5 replicas to transfer their lease away
    github.com/cockroachdb/cockroach/pkg/storage.(*Store).SetDraining.func3.1
    	/go/src/github.com/cockroachdb/cockroach/pkg/storage/store.go:1109
    github.com/cockroachdb/cockroach/pkg/util/retry.WithMaxAttempts
    	/go/src/github.com/cockroachdb/cockroach/pkg/util/retry/retry.go:159
    github.com/cockroachdb/cockroach/pkg/storage.(*Store).SetDraining.func3
    	/go/src/github.com/cockroachdb/cockroach/pkg/storage/store.go:1107
    github.com/cockroachdb/cockroach/pkg/util/contextutil.RunWithTimeout
    	/go/src/github.com/cockroachdb/cockroach/pkg/util/contextutil/context.go:135
    github.com/cockroachdb/cockroach/pkg/storage.(*Store).SetDraining
    	/go/src/github.com/cockroachdb/cockroach/pkg/storage/store.go:1098
    github.com/cockroachdb/cockroach/pkg/server.(*Node).SetDraining.func1
    	/go/src/github.com/cockroachdb/cockroach/pkg/server/node.go:532
    github.com/cockroachdb/cockroach/pkg/storage.(*Stores).VisitStores.func1
    	/go/src/github.com/cockroachdb/cockroach/pkg/storage/stores.go:126
    github.com/cockroachdb/cockroach/pkg/util/syncutil.(*IntMap).Range
    	/go/src/github.com/cockroachdb/cockroach/pkg/util/syncutil/int_map.go:352
    github.com/cockroachdb/cockroach/pkg/storage.(*Stores).VisitStores
    	/go/src/github.com/cockroachdb/cockroach/pkg/storage/stores.go:125
    github.com/cockroachdb/cockroach/pkg/server.(*Node).SetDraining
    	/go/src/github.com/cockroachdb/cockroach/pkg/server/node.go:531
    github.com/cockroachdb/cockroach/pkg/server.(*Server).doDrain
    	/go/src/github.com/cockroachdb/cockroach/pkg/server/server.go:1954
    github.com/cockroachdb/cockroach/pkg/server.(*Server).Drain
    	/go/src/github.com/cockroachdb/cockroach/pkg/server/server.go:1979
    github.com/cockroachdb/cockroach/pkg/cli.runStart.func4
    	/go/src/github.com/cockroachdb/cockroach/pkg/cli/start.go:901
    runtime.goexit
    	/usr/local/go/src/runtime/asm_amd64.s:1337
I200313 14:44:53.754159 3861 util/stop/stopper.go:542  [server drain process] quiescing; tasks left:
3      [async] closedts-subscription
1      [async] intent_resolver_ir_batcher
1      [async] intent_resolver_gc_batcher
1      [async] closedts-rangefeed-subscriber
I200313 14:44:53.754585 3861 util/stop/stopper.go:542  [server drain process] quiescing; tasks left:
3      [async] closedts-subscription
1      [async] intent_resolver_ir_batcher
1      [async] closedts-rangefeed-subscriber
I200313 14:44:53.755353 3861 util/stop/stopper.go:542  [server drain process] quiescing; tasks left:
3      [async] closedts-subscription
1      [async] closedts-rangefeed-subscriber
W200313 14:44:53.754845 308 storage/raft_transport.go:634  [n2] while processing outgoing Raft queue to node 1: rpc error: code = Canceled desc = grpc: the client connection is closing:
W200313 14:44:53.754967 256 storage/raft_transport.go:634  [n2] while processing outgoing Raft queue to node 3: rpc error: code = Canceled desc = grpc: the client connection is closing:
W200313 14:44:53.755152 3926 storage/raft_transport.go:634  [n2] while processing outgoing Raft queue to node 1: rpc error: code = Canceled desc = grpc: the client connection is closing:
W200313 14:44:53.755203 411 storage/raft_transport.go:634  [n2] while processing outgoing Raft queue to node 3: rpc error: code = Canceled desc = grpc: the client connection is closing:
I200313 14:44:53.757719 3861 util/stop/stopper.go:542  [server drain process] quiescing; tasks left:
2      [async] closedts-subscription
1      [async] closedts-rangefeed-subscriber
I200313 14:44:53.761665 3861 storage/engine/rocksdb.go:762  closing rocksdb instance at "/cockroach/cockroach-data/cockroach-temp838280104"
I200313 14:44:53.805521 3861 storage/engine/rocksdb.go:762  closing rocksdb instance at "/cockroach/cockroach-data"
I200313 14:44:53.832486 1 cli/start.go:976  server drained and shutdown completed
