I200313 13:17:46.196065 1 util/log/clog.go:1196  [config] file created at: 2020/03/13 13:17:46
I200313 13:17:46.196065 1 util/log/clog.go:1196  [config] running on machine: a6f7baf6d0d1
I200313 13:17:46.196065 1 util/log/clog.go:1196  [config] binary: CockroachDB CCL v19.2.4 (x86_64-unknown-linux-gnu, built 2020/02/06 21:55:19, go1.12.12)
I200313 13:17:46.196065 1 util/log/clog.go:1196  [config] arguments: [/cockroach/cockroach start --insecure --join=node_1]
I200313 13:17:46.196065 1 util/log/clog.go:1196  line format: [IWEF]yymmdd hh:mm:ss.uuuuuu goid file:line msg utf8=✓
I200313 13:17:46.196064 1 cli/start.go:1144  logging to directory /cockroach/cockroach-data/logs
W200313 13:17:46.201796 1 cli/start.go:1182  RUNNING IN INSECURE MODE!

- Your cluster is open for any client that can access <all your IP addresses>.
- Any user, even root, can log in without providing a password.
- Any user, connecting as root, can read or write any data in your cluster.
- There is no network encryption nor authentication, and thus no confidentiality.

Check out how to secure your cluster: https://www.cockroachlabs.com/docs/v19.2/secure-a-cluster.html
I200313 13:17:46.202690 1 server/status/recorder.go:597  available memory from cgroups is unsupported, using system memory 2.0 GiB instead: failed to find cgroup memory limit
W200313 13:17:46.202767 1 cli/start.go:1052  Using the default setting for --cache (128 MiB).
  A significantly larger value is usually needed for good performance.
  If you have a dedicated server a reasonable setting is --cache=.25 (500 MiB).
I200313 13:17:46.203339 1 server/status/recorder.go:597  available memory from cgroups is unsupported, using system memory 2.0 GiB instead: failed to find cgroup memory limit
W200313 13:17:46.203369 1 cli/start.go:1065  Using the default setting for --max-sql-memory (128 MiB).
  A significantly larger value is usually needed in production.
  If you have a dedicated server a reasonable setting is --max-sql-memory=.25 (500 MiB).
I200313 13:17:46.203725 1 server/status/recorder.go:597  available memory from cgroups is unsupported, using system memory 2.0 GiB instead: failed to find cgroup memory limit
I200313 13:17:46.203750 1 cli/start.go:1196  CockroachDB CCL v19.2.4 (x86_64-unknown-linux-gnu, built 2020/02/06 21:55:19, go1.12.12)
I200313 13:17:46.327607 1 server/status/recorder.go:597  available memory from cgroups is unsupported, using system memory 2.0 GiB instead: failed to find cgroup memory limit
I200313 13:17:46.327624 1 server/config.go:394  system total memory: 2.0 GiB
I200313 13:17:46.327664 1 server/config.go:396  server configuration:
max offset             500000000
cache size             128 MiB
SQL memory pool size   128 MiB
scan interval          10m0s
scan min idle time     10ms
scan max idle time     1s
event log enabled      true
I200313 13:17:46.327680 1 cli/start.go:1030  using local environment variables: COCKROACH_CHANNEL=official-docker
I200313 13:17:46.327692 1 cli/start.go:1037  process identity: uid 0 euid 0 gid 0 egid 0
I200313 13:17:46.327742 1 cli/start.go:644  starting cockroach node
I200313 13:17:46.332387 26 storage/engine/rocksdb.go:622  opening rocksdb instance at "/cockroach/cockroach-data/cockroach-temp526004170"
I200313 13:17:46.377417 26 server/server.go:928  [n?] monitoring forward clock jumps based on server.clock.forward_jump_check_enabled
I200313 13:17:46.379901 26 storage/engine/rocksdb.go:622  opening rocksdb instance at "/cockroach/cockroach-data"
I200313 13:17:46.453296 26 server/config.go:502  [n?] 1 storage engine initialized
I200313 13:17:46.453496 26 server/config.go:505  [n?] RocksDB cache size: 128 MiB
I200313 13:17:46.453514 26 server/config.go:505  [n?] store 0: RocksDB, max size 0 B, max open file limit 1043576
W200313 13:17:46.462658 26 gossip/gossip.go:1517  [n?] no incoming or outgoing connections
I200313 13:17:46.462751 26 server/server.go:1386  [n?] no stores bootstrapped and --join flag specified, awaiting init command or join with an already initialized node.
I200313 13:17:46.519512 78 gossip/client.go:124  [n?] started gossip client to node_1:26257
I200313 13:17:46.520563 78 gossip/client.go:131  [n?] closing client to node_1:26257: stopping outgoing client to n0 (node_1:26257); loopback connection
I200313 13:17:47.470822 88 gossip/client.go:124  [n?] started gossip client to node_1:26257
W200313 13:17:47.473431 77 cli/start.go:996  neither --listen-addr nor --advertise-addr was specified.
The server will advertise "a6f7baf6d0d1" to other nodes, is this routable?

Consider using:
- for local-only servers:  --listen-addr=localhost
- for multi-node clusters: --advertise-addr=<host/IP addr>
I200313 13:17:47.473851 26 server/node.go:645  [n?] connecting to gossip network to verify cluster ID...
I200313 13:17:47.474591 26 server/node.go:665  [n?] node connected via gossip and verified as part of cluster "658b6d5e-e699-44c5-895d-ae8ec745f62b"
I200313 13:17:47.494991 26 server/node.go:381  [n?] new node allocated ID 2
I200313 13:17:47.495100 26 gossip/gossip.go:394  [n2] NodeDescriptor set to node_id:2 address:<network_field:"tcp" address_field:"a6f7baf6d0d1:26257" > attrs:<> locality:<> ServerVersion:<major_val:19 minor_val:2 patch:0 unstable:0 > build_tag:"v19.2.4" started_at:1584105467494996953 cluster_name:"" sql_address:<network_field:"tcp" address_field:"a6f7baf6d0d1:26257" > 
I200313 13:17:47.495177 26 storage/stores.go:240  [n2] read 0 node addresses from persistent storage
I200313 13:17:47.495279 26 storage/stores.go:259  [n2] wrote 1 node addresses to persistent storage
I200313 13:17:47.600809 26 server/node.go:620  [n2] bootstrapped store [n2,s2]
I200313 13:17:47.624368 26 server/node.go:512  [n2] node=2: started with [<no-attributes>=/cockroach/cockroach-data] engine(s) and attributes []
I200313 13:17:47.627391 26 server/server.go:1514  [n2] starting http server at [::]:8080 (use: a6f7baf6d0d1:8080)
I200313 13:17:47.627416 26 server/server.go:1521  [n2] starting grpc/postgres server at [::]:26257
I200313 13:17:47.627427 26 server/server.go:1522  [n2] advertising CockroachDB node at a6f7baf6d0d1:26257
I200313 13:17:47.731817 201 sql/event_log.go:130  [n2,intExec=add-constraints-ttl] Event: "set_zone_config", target: 25, info: {Target:TABLE system.public.replication_constraint_stats Config: Options:"gc.ttlseconds" = 600 User:root}
I200313 13:17:47.753000 229 sql/event_log.go:130  [n2,intExec=add-replication-status-ttl] Event: "set_zone_config", target: 27, info: {Target:TABLE system.public.replication_stats Config: Options:"gc.ttlseconds" = 600 User:root}
I200313 13:17:47.755641 232 sql/sqlbase/structured.go:1529  [n2,intExec=update-reports-meta-generated] publish: descID=28 (reports_meta) version=2 mtime=1970-01-01 00:00:00 +0000 UTC
I200313 13:17:47.768714 232 sql/event_log.go:130  [n2,intExec=update-reports-meta-generated] Event: "alter_table", target: 28, info: {TableName:system.public.reports_meta Statement:ALTER TABLE system.reports_meta ALTER COLUMN generated SET DATA TYPE TIMESTAMPTZ User:node MutationID:0 CascadeDroppedViews:[]}
I200313 13:17:47.769380 232 sql/schema_changer.go:965  [n2,intExec=update-reports-meta-generated,scExec] schema change on reports_meta (28 v2) mutation 0 starting execution...
I200313 13:17:47.769400 232 sql/schema_changer.go:1258  [n2,intExec=update-reports-meta-generated,scExec] waiting for a single version of table 28...
I200313 13:17:47.776647 232 sql/schema_changer.go:1260  [n2,intExec=update-reports-meta-generated,scExec] waiting for a single version of table 28... done (at v 2)
I200313 13:17:47.778202 238 sql/sqlbase/structured.go:1529  [n2,intExec=update-reports-meta-generated] publish: descID=25 (replication_constraint_stats) version=2 mtime=1970-01-01 00:00:00 +0000 UTC
I200313 13:17:47.788754 238 sql/event_log.go:130  [n2,intExec=update-reports-meta-generated] Event: "alter_table", target: 25, info: {TableName:system.public.replication_constraint_stats Statement:ALTER TABLE system.replication_constraint_stats ALTER COLUMN violation_start SET DATA TYPE TIMESTAMPTZ User:node MutationID:0 CascadeDroppedViews:[]}
I200313 13:17:47.789318 238 sql/schema_changer.go:965  [n2,intExec=update-reports-meta-generated,scExec] schema change on replication_constraint_stats (25 v2) mutation 0 starting execution...
I200313 13:17:47.789327 238 sql/schema_changer.go:1258  [n2,intExec=update-reports-meta-generated,scExec] waiting for a single version of table 25...
I200313 13:17:47.794551 238 sql/schema_changer.go:1260  [n2,intExec=update-reports-meta-generated,scExec] waiting for a single version of table 25... done (at v 2)
I200313 13:17:47.797060 26 server/server.go:1590  [n2] done ensuring all necessary migrations have run
I200313 13:17:47.797087 26 server/server.go:1841  [n2] serving sql connections
I200313 13:17:47.797161 26 cli/start.go:803  [config] clusterID: 658b6d5e-e699-44c5-895d-ae8ec745f62b
I200313 13:17:47.797189 26 cli/start.go:812  node startup completed:
CockroachDB node starting at 2020-03-13 13:17:47.797118779 +0000 UTC (took 1.6s)
build:               CCL v19.2.4 @ 2020/02/06 21:55:19 (go1.12.12)
webui:               http://a6f7baf6d0d1:8080
sql:                 postgresql://root@a6f7baf6d0d1:26257?sslmode=disable
RPC client flags:    /cockroach/cockroach <client cmd> --host=a6f7baf6d0d1:26257 --insecure
logs:                /cockroach/cockroach-data/logs
temp dir:            /cockroach/cockroach-data/cockroach-temp526004170
external I/O path:   /cockroach/cockroach-data/extern
store[0]:            path=/cockroach/cockroach-data
status:              initialized new node, joined pre-existing cluster
clusterID:           658b6d5e-e699-44c5-895d-ae8ec745f62b
nodeID:              2
I200313 13:17:47.808982 263 sql/event_log.go:130  [n2] Event: "node_join", target: 2, info: {Descriptor:{NodeID:2 Address:a6f7baf6d0d1:26257 Attrs: Locality: ServerVersion:19.2 BuildTag:v19.2.4 StartedAt:1584105467494996953 LocalityAddress:[] ClusterName: SQLAddress:a6f7baf6d0d1:26257} ClusterID:658b6d5e-e699-44c5-895d-ae8ec745f62b StartedAt:1584105467494996953 LastUp:1584105467494996953}
I200313 13:17:47.811845 261 server/server_update.go:53  [n2] no need to upgrade, cluster already at the newest version
I200313 13:17:48.557632 75 gossip/gossip.go:1531  [n2] node has connected to cluster via gossip
I200313 13:17:48.558035 75 storage/stores.go:259  [n2] wrote 1 node addresses to persistent storage
I200313 13:17:57.630063 212 server/status/runtime.go:498  [n2] runtime stats: 141 MiB RSS, 160 goroutines, 93 MiB/30 MiB/135 MiB GO alloc/idle/total, 2.8 MiB/6.1 MiB CGO alloc/total, 0.0 CGO/sec, 0.0/0.0 %(u/s)time, 0.0 %gc (10x), 134 KiB/91 KiB (r/w)net
I200313 13:18:07.631043 212 server/status/runtime.go:498  [n2] runtime stats: 148 MiB RSS, 160 goroutines, 100 MiB/22 MiB/135 MiB GO alloc/idle/total, 2.8 MiB/6.1 MiB CGO alloc/total, 0.9 CGO/sec, 0.8/1.1 %(u/s)time, 0.0 %gc (0x), 11 KiB/25 KiB (r/w)net
I200313 13:18:07.665250 191 storage/store.go:2364  [n2,s2] sstables (read amplification = 0):
I200313 13:18:07.665397 191 storage/store.go:2365  [n2,s2] 
** Compaction Stats [default] **
Level    Files   Size     Score Read(GB)  Rn(GB) Rnp1(GB) Write(GB) Wnew(GB) Moved(GB) W-Amp Rd(MB/s) Wr(MB/s) Comp(sec) CompMergeCPU(sec) Comp(cnt) Avg(sec) KeyIn KeyDrop
----------------------------------------------------------------------------------------------------------------------------------------------------------------------------
 Sum      0/0    0.00 KB   0.0      0.0     0.0      0.0       0.0      0.0       0.0   0.0      0.0      0.0      0.00              0.00         0    0.000       0      0
 Int      0/0    0.00 KB   0.0      0.0     0.0      0.0       0.0      0.0       0.0   0.0      0.0      0.0      0.00              0.00         0    0.000       0      0

** Compaction Stats [default] **
Priority    Files   Size     Score Read(GB)  Rn(GB) Rnp1(GB) Write(GB) Wnew(GB) Moved(GB) W-Amp Rd(MB/s) Wr(MB/s) Comp(sec) CompMergeCPU(sec) Comp(cnt) Avg(sec) KeyIn KeyDrop
-------------------------------------------------------------------------------------------------------------------------------------------------------------------------------
Uptime(secs): 21.3 total, 21.3 interval
Flush(GB): cumulative 0.000, interval 0.000
AddFile(GB): cumulative 0.000, interval 0.000
AddFile(Total Files): cumulative 0, interval 0
AddFile(L0 Files): cumulative 0, interval 0
AddFile(Keys): cumulative 0, interval 0
Cumulative compaction: 0.00 GB write, 0.00 MB/s write, 0.00 GB read, 0.00 MB/s read, 0.0 seconds
Interval compaction: 0.00 GB write, 0.00 MB/s write, 0.00 GB read, 0.00 MB/s read, 0.0 seconds
Stalls(count): 0 level0_slowdown, 0 level0_slowdown_with_compaction, 0 level0_numfiles, 0 level0_numfiles_with_compaction, 0 stop for pending_compaction_bytes, 0 slowdown for pending_compaction_bytes, 0 memtable_compaction, 0 memtable_slowdown, interval 0 total count
estimated_pending_compaction_bytes: 0 B
I200313 13:18:17.631418 212 server/status/runtime.go:498  [n2] runtime stats: 156 MiB RSS, 160 goroutines, 108 MiB/15 MiB/135 MiB GO alloc/idle/total, 2.9 MiB/6.3 MiB CGO alloc/total, 1.1 CGO/sec, 0.6/1.3 %(u/s)time, 0.0 %gc (0x), 9.4 KiB/25 KiB (r/w)net
I200313 13:18:27.631211 212 server/status/runtime.go:498  [n2] runtime stats: 163 MiB RSS, 161 goroutines, 115 MiB/8.1 MiB/135 MiB GO alloc/idle/total, 2.9 MiB/6.3 MiB CGO alloc/total, 0.9 CGO/sec, 0.8/1.1 %(u/s)time, 0.0 %gc (0x), 11 KiB/26 KiB (r/w)net
I200313 13:18:37.633053 212 server/status/runtime.go:498  [n2] runtime stats: 169 MiB RSS, 161 goroutines, 81 MiB/39 MiB/135 MiB GO alloc/idle/total, 11 MiB/14 MiB CGO alloc/total, 1.0 CGO/sec, 0.2/1.6 %(u/s)time, 0.0 %gc (1x), 8.6 KiB/25 KiB (r/w)net
I200313 13:18:47.627987 192 gossip/gossip.go:566  [n2] gossip status (ok, 2 nodes)
gossip client (1/3 cur/max conns)
  1: node_1:26257 (1m0s: infos 37/176 sent/received, bytes 5771B/79487B sent/received)
gossip server (0/3 cur/max conns, infos 37/176 sent/received, bytes 5816B/79493B sent/received)
gossip connectivity
  n1 [sentinel];
  n2 -> n1;
I200313 13:18:47.632211 212 server/status/runtime.go:498  [n2] runtime stats: 170 MiB RSS, 161 goroutines, 87 MiB/34 MiB/135 MiB GO alloc/idle/total, 11 MiB/14 MiB CGO alloc/total, 0.9 CGO/sec, 0.5/1.0 %(u/s)time, 0.0 %gc (0x), 9.1 KiB/25 KiB (r/w)net
I200313 13:18:57.633237 212 server/status/runtime.go:498  [n2] runtime stats: 170 MiB RSS, 160 goroutines, 92 MiB/29 MiB/135 MiB GO alloc/idle/total, 11 MiB/14 MiB CGO alloc/total, 0.9 CGO/sec, 0.7/0.7 %(u/s)time, 0.0 %gc (0x), 11 KiB/26 KiB (r/w)net
I200313 13:19:07.633162 212 server/status/runtime.go:498  [n2] runtime stats: 170 MiB RSS, 160 goroutines, 98 MiB/24 MiB/135 MiB GO alloc/idle/total, 11 MiB/14 MiB CGO alloc/total, 0.9 CGO/sec, 0.3/1.2 %(u/s)time, 0.0 %gc (0x), 8.6 KiB/24 KiB (r/w)net
I200313 13:19:17.634339 212 server/status/runtime.go:498  [n2] runtime stats: 170 MiB RSS, 160 goroutines, 104 MiB/19 MiB/135 MiB GO alloc/idle/total, 11 MiB/14 MiB CGO alloc/total, 0.9 CGO/sec, 0.4/1.0 %(u/s)time, 0.0 %gc (0x), 8.4 KiB/25 KiB (r/w)net
I200313 13:19:27.634048 212 server/status/runtime.go:498  [n2] runtime stats: 170 MiB RSS, 161 goroutines, 109 MiB/13 MiB/135 MiB GO alloc/idle/total, 11 MiB/14 MiB CGO alloc/total, 1.0 CGO/sec, 0.7/0.7 %(u/s)time, 0.0 %gc (0x), 11 KiB/26 KiB (r/w)net
I200313 13:19:37.634878 212 server/status/runtime.go:498  [n2] runtime stats: 170 MiB RSS, 161 goroutines, 115 MiB/8.0 MiB/135 MiB GO alloc/idle/total, 11 MiB/14 MiB CGO alloc/total, 0.9 CGO/sec, 0.5/1.0 %(u/s)time, 0.0 %gc (0x), 8.5 KiB/24 KiB (r/w)net
I200313 13:19:47.626830 192 gossip/gossip.go:566  [n2] gossip status (ok, 2 nodes)
gossip client (1/3 cur/max conns)
  1: node_1:26257 (2m0s: infos 68/317 sent/received, bytes 10392B/94876B sent/received)
gossip server (0/3 cur/max conns, infos 68/317 sent/received, bytes 10437B/94882B sent/received)
I200313 13:19:47.635437 212 server/status/runtime.go:498  [n2] runtime stats: 170 MiB RSS, 161 goroutines, 120 MiB/2.6 MiB/135 MiB GO alloc/idle/total, 11 MiB/14 MiB CGO alloc/total, 0.9 CGO/sec, 0.5/1.1 %(u/s)time, 0.0 %gc (0x), 8.8 KiB/25 KiB (r/w)net
I200313 13:19:57.635943 212 server/status/runtime.go:498  [n2] runtime stats: 176 MiB RSS, 160 goroutines, 128 MiB/59 MiB/201 MiB GO alloc/idle/total, 11 MiB/14 MiB CGO alloc/total, 0.9 CGO/sec, 0.3/1.3 %(u/s)time, 0.0 %gc (0x), 11 KiB/26 KiB (r/w)net
I200313 13:20:07.637273 212 server/status/runtime.go:498  [n2] runtime stats: 184 MiB RSS, 160 goroutines, 135 MiB/52 MiB/201 MiB GO alloc/idle/total, 11 MiB/14 MiB CGO alloc/total, 1.0 CGO/sec, 0.3/1.4 %(u/s)time, 0.0 %gc (0x), 8.4 KiB/24 KiB (r/w)net
I200313 13:20:17.637765 212 server/status/runtime.go:498  [n2] runtime stats: 188 MiB RSS, 160 goroutines, 83 MiB/101 MiB/201 MiB GO alloc/idle/total, 11 MiB/14 MiB CGO alloc/total, 0.9 CGO/sec, 0.1/1.6 %(u/s)time, 0.0 %gc (1x), 8.6 KiB/24 KiB (r/w)net
I200313 13:20:27.636725 212 server/status/runtime.go:498  [n2] runtime stats: 189 MiB RSS, 161 goroutines, 89 MiB/96 MiB/201 MiB GO alloc/idle/total, 11 MiB/14 MiB CGO alloc/total, 0.9 CGO/sec, 0.3/1.2 %(u/s)time, 0.0 %gc (0x), 11 KiB/26 KiB (r/w)net
I200313 13:20:37.637434 212 server/status/runtime.go:498  [n2] runtime stats: 189 MiB RSS, 161 goroutines, 94 MiB/91 MiB/201 MiB GO alloc/idle/total, 11 MiB/14 MiB CGO alloc/total, 0.9 CGO/sec, 0.5/0.9 %(u/s)time, 0.0 %gc (0x), 8.3 KiB/24 KiB (r/w)net
I200313 13:20:47.626060 192 gossip/gossip.go:566  [n2] gossip status (ok, 2 nodes)
gossip client (1/3 cur/max conns)
  1: node_1:26257 (3m0s: infos 99/462 sent/received, bytes 15013B/110651B sent/received)
gossip server (0/3 cur/max conns, infos 99/462 sent/received, bytes 15058B/110657B sent/received)
I200313 13:20:47.638130 212 server/status/runtime.go:498  [n2] runtime stats: 189 MiB RSS, 161 goroutines, 100 MiB/86 MiB/202 MiB GO alloc/idle/total, 11 MiB/14 MiB CGO alloc/total, 1.0 CGO/sec, 0.7/0.8 %(u/s)time, 0.0 %gc (0x), 9.0 KiB/25 KiB (r/w)net
I200313 13:20:57.638200 212 server/status/runtime.go:498  [n2] runtime stats: 190 MiB RSS, 160 goroutines, 106 MiB/80 MiB/202 MiB GO alloc/idle/total, 11 MiB/14 MiB CGO alloc/total, 0.9 CGO/sec, 0.4/1.1 %(u/s)time, 0.0 %gc (0x), 11 KiB/27 KiB (r/w)net
I200313 13:21:07.639174 212 server/status/runtime.go:498  [n2] runtime stats: 190 MiB RSS, 160 goroutines, 111 MiB/75 MiB/202 MiB GO alloc/idle/total, 11 MiB/14 MiB CGO alloc/total, 0.9 CGO/sec, 0.8/0.6 %(u/s)time, 0.0 %gc (0x), 8.4 KiB/24 KiB (r/w)net
I200313 13:21:17.639366 212 server/status/runtime.go:498  [n2] runtime stats: 190 MiB RSS, 160 goroutines, 117 MiB/70 MiB/202 MiB GO alloc/idle/total, 11 MiB/14 MiB CGO alloc/total, 0.9 CGO/sec, 0.6/0.8 %(u/s)time, 0.0 %gc (0x), 8.1 KiB/24 KiB (r/w)net
I200313 13:21:27.639418 212 server/status/runtime.go:498  [n2] runtime stats: 190 MiB RSS, 161 goroutines, 123 MiB/64 MiB/202 MiB GO alloc/idle/total, 11 MiB/14 MiB CGO alloc/total, 0.9 CGO/sec, 0.3/1.2 %(u/s)time, 0.0 %gc (0x), 11 KiB/26 KiB (r/w)net
I200313 13:21:37.640268 212 server/status/runtime.go:498  [n2] runtime stats: 190 MiB RSS, 161 goroutines, 128 MiB/59 MiB/202 MiB GO alloc/idle/total, 11 MiB/14 MiB CGO alloc/total, 1.0 CGO/sec, 0.5/0.8 %(u/s)time, 0.0 %gc (0x), 8.3 KiB/24 KiB (r/w)net
I200313 13:21:47.627724 192 gossip/gossip.go:566  [n2] gossip status (ok, 2 nodes)
gossip client (1/3 cur/max conns)
  1: node_1:26257 (4m0s: infos 130/607 sent/received, bytes 19634B/126426B sent/received)
gossip server (0/3 cur/max conns, infos 130/607 sent/received, bytes 19679B/126432B sent/received)
I200313 13:21:47.640406 212 server/status/runtime.go:498  [n2] runtime stats: 190 MiB RSS, 161 goroutines, 134 MiB/53 MiB/202 MiB GO alloc/idle/total, 11 MiB/14 MiB CGO alloc/total, 0.9 CGO/sec, 0.7/0.9 %(u/s)time, 0.0 %gc (0x), 8.8 KiB/24 KiB (r/w)net
I200313 13:21:57.641112 212 server/status/runtime.go:498  [n2] runtime stats: 191 MiB RSS, 160 goroutines, 140 MiB/48 MiB/202 MiB GO alloc/idle/total, 11 MiB/14 MiB CGO alloc/total, 0.9 CGO/sec, 0.3/1.0 %(u/s)time, 0.0 %gc (0x), 11 KiB/27 KiB (r/w)net
I200313 13:22:07.641456 212 server/status/runtime.go:498  [n2] runtime stats: 198 MiB RSS, 160 goroutines, 79 MiB/105 MiB/202 MiB GO alloc/idle/total, 11 MiB/14 MiB CGO alloc/total, 0.9 CGO/sec, 0.5/1.2 %(u/s)time, 0.0 %gc (1x), 8.3 KiB/24 KiB (r/w)net
I200313 13:22:17.641678 212 server/status/runtime.go:498  [n2] runtime stats: 198 MiB RSS, 160 goroutines, 84 MiB/100 MiB/202 MiB GO alloc/idle/total, 11 MiB/14 MiB CGO alloc/total, 1.0 CGO/sec, 0.6/0.7 %(u/s)time, 0.0 %gc (0x), 8.7 KiB/24 KiB (r/w)net
I200313 13:22:27.642003 212 server/status/runtime.go:498  [n2] runtime stats: 198 MiB RSS, 161 goroutines, 90 MiB/95 MiB/202 MiB GO alloc/idle/total, 11 MiB/14 MiB CGO alloc/total, 0.9 CGO/sec, 0.7/0.7 %(u/s)time, 0.0 %gc (0x), 11 KiB/26 KiB (r/w)net
I200313 13:22:37.642678 212 server/status/runtime.go:498  [n2] runtime stats: 198 MiB RSS, 161 goroutines, 96 MiB/90 MiB/202 MiB GO alloc/idle/total, 11 MiB/14 MiB CGO alloc/total, 0.9 CGO/sec, 1.3/0.1 %(u/s)time, 0.0 %gc (0x), 8.3 KiB/24 KiB (r/w)net
I200313 13:22:47.630238 192 gossip/gossip.go:566  [n2] gossip status (ok, 2 nodes)
gossip client (1/3 cur/max conns)
  1: node_1:26257 (5m0s: infos 161/748 sent/received, bytes 24255B/141779B sent/received)
gossip server (0/3 cur/max conns, infos 161/748 sent/received, bytes 24300B/141785B sent/received)
I200313 13:22:47.643132 212 server/status/runtime.go:498  [n2] runtime stats: 198 MiB RSS, 161 goroutines, 101 MiB/85 MiB/202 MiB GO alloc/idle/total, 11 MiB/14 MiB CGO alloc/total, 0.9 CGO/sec, 0.6/0.9 %(u/s)time, 0.0 %gc (0x), 8.5 KiB/24 KiB (r/w)net
I200313 13:22:57.643266 212 server/status/runtime.go:498  [n2] runtime stats: 198 MiB RSS, 160 goroutines, 107 MiB/79 MiB/202 MiB GO alloc/idle/total, 11 MiB/14 MiB CGO alloc/total, 0.9 CGO/sec, 0.4/1.1 %(u/s)time, 0.0 %gc (0x), 11 KiB/27 KiB (r/w)net
I200313 13:23:07.643736 212 server/status/runtime.go:498  [n2] runtime stats: 198 MiB RSS, 160 goroutines, 113 MiB/74 MiB/202 MiB GO alloc/idle/total, 11 MiB/14 MiB CGO alloc/total, 1.0 CGO/sec, 0.6/0.8 %(u/s)time, 0.0 %gc (0x), 8.3 KiB/24 KiB (r/w)net
I200313 13:23:17.643958 212 server/status/runtime.go:498  [n2] runtime stats: 198 MiB RSS, 160 goroutines, 118 MiB/69 MiB/202 MiB GO alloc/idle/total, 11 MiB/14 MiB CGO alloc/total, 0.9 CGO/sec, 0.2/1.3 %(u/s)time, 0.0 %gc (0x), 8.3 KiB/24 KiB (r/w)net
I200313 13:23:27.644693 212 server/status/runtime.go:498  [n2] runtime stats: 198 MiB RSS, 161 goroutines, 124 MiB/63 MiB/202 MiB GO alloc/idle/total, 11 MiB/14 MiB CGO alloc/total, 0.9 CGO/sec, 1.2/0.4 %(u/s)time, 0.0 %gc (0x), 11 KiB/26 KiB (r/w)net
I200313 13:23:37.644605 212 server/status/runtime.go:498  [n2] runtime stats: 199 MiB RSS, 161 goroutines, 130 MiB/58 MiB/202 MiB GO alloc/idle/total, 11 MiB/14 MiB CGO alloc/total, 0.9 CGO/sec, 0.8/0.8 %(u/s)time, 0.0 %gc (0x), 8.2 KiB/24 KiB (r/w)net
I200313 13:23:47.626522 192 gossip/gossip.go:566  [n2] gossip status (ok, 2 nodes)
gossip client (1/3 cur/max conns)
  1: node_1:26257 (6m0s: infos 192/893 sent/received, bytes 28876B/157519B sent/received)
gossip server (0/3 cur/max conns, infos 192/893 sent/received, bytes 28921B/157525B sent/received)
I200313 13:23:47.645117 212 server/status/runtime.go:498  [n2] runtime stats: 199 MiB RSS, 161 goroutines, 135 MiB/52 MiB/202 MiB GO alloc/idle/total, 11 MiB/14 MiB CGO alloc/total, 1.0 CGO/sec, 0.5/1.0 %(u/s)time, 0.0 %gc (0x), 9.2 KiB/25 KiB (r/w)net
I200313 13:23:57.645373 212 server/status/runtime.go:498  [n2] runtime stats: 199 MiB RSS, 160 goroutines, 141 MiB/46 MiB/202 MiB GO alloc/idle/total, 11 MiB/14 MiB CGO alloc/total, 0.9 CGO/sec, 0.4/1.0 %(u/s)time, 0.0 %gc (0x), 11 KiB/27 KiB (r/w)net
I200313 13:24:07.645715 212 server/status/runtime.go:498  [n2] runtime stats: 200 MiB RSS, 160 goroutines, 78 MiB/105 MiB/202 MiB GO alloc/idle/total, 11 MiB/14 MiB CGO alloc/total, 0.9 CGO/sec, 1.2/0.3 %(u/s)time, 0.0 %gc (1x), 8.3 KiB/24 KiB (r/w)net
I200313 13:24:17.646458 212 server/status/runtime.go:498  [n2] runtime stats: 200 MiB RSS, 160 goroutines, 84 MiB/100 MiB/202 MiB GO alloc/idle/total, 11 MiB/14 MiB CGO alloc/total, 0.9 CGO/sec, 0.6/0.8 %(u/s)time, 0.0 %gc (0x), 7.9 KiB/24 KiB (r/w)net
I200313 13:24:27.646698 212 server/status/runtime.go:498  [n2] runtime stats: 200 MiB RSS, 161 goroutines, 90 MiB/95 MiB/202 MiB GO alloc/idle/total, 11 MiB/14 MiB CGO alloc/total, 0.9 CGO/sec, 1.0/0.3 %(u/s)time, 0.0 %gc (0x), 11 KiB/26 KiB (r/w)net
I200313 13:24:37.670052 212 server/status/runtime.go:498  [n2] runtime stats: 200 MiB RSS, 161 goroutines, 95 MiB/90 MiB/202 MiB GO alloc/idle/total, 11 MiB/14 MiB CGO alloc/total, 1.0 CGO/sec, 0.6/0.8 %(u/s)time, 0.0 %gc (0x), 8.5 KiB/24 KiB (r/w)net
I200313 13:24:47.654921 192 gossip/gossip.go:566  [n2] gossip status (ok, 2 nodes)
gossip client (1/3 cur/max conns)
  1: node_1:26257 (7m0s: infos 223/1038 sent/received, bytes 33497B/173295B sent/received)
gossip server (0/3 cur/max conns, infos 223/1038 sent/received, bytes 33542B/173301B sent/received)
I200313 13:24:47.670372 212 server/status/runtime.go:498  [n2] runtime stats: 200 MiB RSS, 161 goroutines, 101 MiB/85 MiB/202 MiB GO alloc/idle/total, 11 MiB/14 MiB CGO alloc/total, 0.9 CGO/sec, 0.7/0.8 %(u/s)time, 0.0 %gc (0x), 8.7 KiB/24 KiB (r/w)net
I200313 13:24:57.670751 212 server/status/runtime.go:498  [n2] runtime stats: 200 MiB RSS, 160 goroutines, 107 MiB/80 MiB/202 MiB GO alloc/idle/total, 11 MiB/14 MiB CGO alloc/total, 0.9 CGO/sec, 0.3/0.9 %(u/s)time, 0.0 %gc (0x), 11 KiB/27 KiB (r/w)net
I200313 13:25:07.675432 212 server/status/runtime.go:498  [n2] runtime stats: 200 MiB RSS, 160 goroutines, 112 MiB/74 MiB/202 MiB GO alloc/idle/total, 11 MiB/14 MiB CGO alloc/total, 0.9 CGO/sec, 0.4/1.1 %(u/s)time, 0.0 %gc (0x), 8.2 KiB/24 KiB (r/w)net
I200313 13:25:17.675779 212 server/status/runtime.go:498  [n2] runtime stats: 200 MiB RSS, 160 goroutines, 118 MiB/69 MiB/202 MiB GO alloc/idle/total, 11 MiB/14 MiB CGO alloc/total, 1.0 CGO/sec, 0.6/0.8 %(u/s)time, 0.0 %gc (0x), 8.8 KiB/25 KiB (r/w)net
I200313 13:25:27.676671 212 server/status/runtime.go:498  [n2] runtime stats: 200 MiB RSS, 161 goroutines, 124 MiB/64 MiB/202 MiB GO alloc/idle/total, 11 MiB/14 MiB CGO alloc/total, 0.9 CGO/sec, 0.5/0.7 %(u/s)time, 0.0 %gc (0x), 11 KiB/27 KiB (r/w)net
I200313 13:25:37.677116 212 server/status/runtime.go:498  [n2] runtime stats: 200 MiB RSS, 161 goroutines, 129 MiB/58 MiB/202 MiB GO alloc/idle/total, 11 MiB/14 MiB CGO alloc/total, 0.9 CGO/sec, 0.6/0.7 %(u/s)time, 0.0 %gc (0x), 8.2 KiB/24 KiB (r/w)net
I200313 13:25:47.655755 192 gossip/gossip.go:566  [n2] gossip status (ok, 2 nodes)
gossip client (1/3 cur/max conns)
  1: node_1:26257 (8m0s: infos 254/1179 sent/received, bytes 38118B/188649B sent/received)
gossip server (0/3 cur/max conns, infos 254/1179 sent/received, bytes 38163B/188655B sent/received)
I200313 13:25:47.678085 212 server/status/runtime.go:498  [n2] runtime stats: 200 MiB RSS, 161 goroutines, 135 MiB/53 MiB/202 MiB GO alloc/idle/total, 11 MiB/14 MiB CGO alloc/total, 0.9 CGO/sec, 0.0/1.4 %(u/s)time, 0.0 %gc (0x), 8.4 KiB/24 KiB (r/w)net
I200313 13:25:57.677834 212 server/status/runtime.go:498  [n2] runtime stats: 200 MiB RSS, 160 goroutines, 141 MiB/47 MiB/202 MiB GO alloc/idle/total, 11 MiB/14 MiB CGO alloc/total, 0.9 CGO/sec, 1.1/0.3 %(u/s)time, 0.0 %gc (0x), 12 KiB/27 KiB (r/w)net
I200313 13:26:07.678644 212 server/status/runtime.go:498  [n2] runtime stats: 200 MiB RSS, 160 goroutines, 78 MiB/105 MiB/202 MiB GO alloc/idle/total, 11 MiB/14 MiB CGO alloc/total, 1.0 CGO/sec, 0.6/1.0 %(u/s)time, 0.0 %gc (1x), 8.3 KiB/24 KiB (r/w)net
I200313 13:26:17.678489 212 server/status/runtime.go:498  [n2] runtime stats: 200 MiB RSS, 160 goroutines, 84 MiB/100 MiB/202 MiB GO alloc/idle/total, 11 MiB/14 MiB CGO alloc/total, 0.9 CGO/sec, 0.6/0.9 %(u/s)time, 0.0 %gc (0x), 8.4 KiB/24 KiB (r/w)net
I200313 13:26:27.679008 212 server/status/runtime.go:498  [n2] runtime stats: 200 MiB RSS, 161 goroutines, 90 MiB/95 MiB/202 MiB GO alloc/idle/total, 11 MiB/14 MiB CGO alloc/total, 0.9 CGO/sec, 0.4/1.1 %(u/s)time, 0.0 %gc (0x), 11 KiB/26 KiB (r/w)net
I200313 13:26:37.679374 212 server/status/runtime.go:498  [n2] runtime stats: 200 MiB RSS, 161 goroutines, 95 MiB/90 MiB/202 MiB GO alloc/idle/total, 11 MiB/14 MiB CGO alloc/total, 0.9 CGO/sec, 0.4/0.9 %(u/s)time, 0.0 %gc (0x), 8.5 KiB/24 KiB (r/w)net
I200313 13:26:47.655720 192 gossip/gossip.go:566  [n2] gossip status (ok, 2 nodes)
gossip client (1/3 cur/max conns)
  1: node_1:26257 (9m0s: infos 285/1324 sent/received, bytes 42739B/204461B sent/received)
gossip server (0/3 cur/max conns, infos 285/1324 sent/received, bytes 42784B/204467B sent/received)
I200313 13:26:47.679910 212 server/status/runtime.go:498  [n2] runtime stats: 200 MiB RSS, 161 goroutines, 101 MiB/85 MiB/202 MiB GO alloc/idle/total, 11 MiB/14 MiB CGO alloc/total, 1.0 CGO/sec, 0.5/0.9 %(u/s)time, 0.0 %gc (0x), 8.8 KiB/24 KiB (r/w)net
I200313 13:26:57.679975 212 server/status/runtime.go:498  [n2] runtime stats: 200 MiB RSS, 160 goroutines, 107 MiB/80 MiB/202 MiB GO alloc/idle/total, 11 MiB/14 MiB CGO alloc/total, 0.9 CGO/sec, 0.5/0.6 %(u/s)time, 0.0 %gc (0x), 11 KiB/27 KiB (r/w)net
I200313 13:27:07.681145 212 server/status/runtime.go:498  [n2] runtime stats: 200 MiB RSS, 160 goroutines, 112 MiB/74 MiB/202 MiB GO alloc/idle/total, 11 MiB/14 MiB CGO alloc/total, 0.9 CGO/sec, 0.3/0.5 %(u/s)time, 0.0 %gc (0x), 8.2 KiB/24 KiB (r/w)net
I200313 13:27:17.681751 212 server/status/runtime.go:498  [n2] runtime stats: 200 MiB RSS, 160 goroutines, 118 MiB/69 MiB/202 MiB GO alloc/idle/total, 11 MiB/14 MiB CGO alloc/total, 0.9 CGO/sec, 0.2/0.6 %(u/s)time, 0.0 %gc (0x), 8.0 KiB/24 KiB (r/w)net
I200313 13:27:27.681705 212 server/status/runtime.go:498  [n2] runtime stats: 200 MiB RSS, 161 goroutines, 124 MiB/64 MiB/202 MiB GO alloc/idle/total, 11 MiB/14 MiB CGO alloc/total, 0.9 CGO/sec, 0.5/0.9 %(u/s)time, 0.0 %gc (0x), 12 KiB/27 KiB (r/w)net
I200313 13:27:37.682230 212 server/status/runtime.go:498  [n2] runtime stats: 200 MiB RSS, 161 goroutines, 129 MiB/58 MiB/202 MiB GO alloc/idle/total, 11 MiB/14 MiB CGO alloc/total, 1.0 CGO/sec, 0.9/0.6 %(u/s)time, 0.0 %gc (0x), 8.4 KiB/24 KiB (r/w)net
I200313 13:27:47.656305 192 gossip/gossip.go:566  [n2] gossip status (ok, 2 nodes)
gossip client (1/3 cur/max conns)
  1: node_1:26257 (10m0s: infos 316/1469 sent/received, bytes 47360B/220237B sent/received)
gossip server (0/3 cur/max conns, infos 316/1469 sent/received, bytes 47405B/220243B sent/received)
I200313 13:27:47.682589 212 server/status/runtime.go:498  [n2] runtime stats: 200 MiB RSS, 161 goroutines, 135 MiB/53 MiB/202 MiB GO alloc/idle/total, 11 MiB/14 MiB CGO alloc/total, 0.9 CGO/sec, 0.8/0.7 %(u/s)time, 0.0 %gc (0x), 8.6 KiB/24 KiB (r/w)net
I200313 13:27:57.682734 212 server/status/runtime.go:498  [n2] runtime stats: 200 MiB RSS, 160 goroutines, 141 MiB/47 MiB/202 MiB GO alloc/idle/total, 11 MiB/14 MiB CGO alloc/total, 0.9 CGO/sec, 0.6/0.9 %(u/s)time, 0.0 %gc (0x), 11 KiB/27 KiB (r/w)net
I200313 13:28:07.683328 212 server/status/runtime.go:498  [n2] runtime stats: 200 MiB RSS, 160 goroutines, 78 MiB/106 MiB/202 MiB GO alloc/idle/total, 11 MiB/14 MiB CGO alloc/total, 0.9 CGO/sec, 0.6/1.0 %(u/s)time, 0.0 %gc (1x), 8.5 KiB/24 KiB (r/w)net
I200313 13:28:07.685076 191 storage/store.go:2364  [n2,s2] sstables (read amplification = 0):
I200313 13:28:07.685150 191 storage/store.go:2365  [n2,s2] 
** Compaction Stats [default] **
Level    Files   Size     Score Read(GB)  Rn(GB) Rnp1(GB) Write(GB) Wnew(GB) Moved(GB) W-Amp Rd(MB/s) Wr(MB/s) Comp(sec) CompMergeCPU(sec) Comp(cnt) Avg(sec) KeyIn KeyDrop
----------------------------------------------------------------------------------------------------------------------------------------------------------------------------
 Sum      0/0    0.00 KB   0.0      0.0     0.0      0.0       0.0      0.0       0.0   0.0      0.0      0.0      0.00              0.00         0    0.000       0      0
 Int      0/0    0.00 KB   0.0      0.0     0.0      0.0       0.0      0.0       0.0   0.0      0.0      0.0      0.00              0.00         0    0.000       0      0

** Compaction Stats [default] **
Priority    Files   Size     Score Read(GB)  Rn(GB) Rnp1(GB) Write(GB) Wnew(GB) Moved(GB) W-Amp Rd(MB/s) Wr(MB/s) Comp(sec) CompMergeCPU(sec) Comp(cnt) Avg(sec) KeyIn KeyDrop
-------------------------------------------------------------------------------------------------------------------------------------------------------------------------------
Uptime(secs): 621.3 total, 600.0 interval
Flush(GB): cumulative 0.000, interval 0.000
AddFile(GB): cumulative 0.000, interval 0.000
AddFile(Total Files): cumulative 0, interval 0
AddFile(L0 Files): cumulative 0, interval 0
AddFile(Keys): cumulative 0, interval 0
Cumulative compaction: 0.00 GB write, 0.00 MB/s write, 0.00 GB read, 0.00 MB/s read, 0.0 seconds
Interval compaction: 0.00 GB write, 0.00 MB/s write, 0.00 GB read, 0.00 MB/s read, 0.0 seconds
Stalls(count): 0 level0_slowdown, 0 level0_slowdown_with_compaction, 0 level0_numfiles, 0 level0_numfiles_with_compaction, 0 stop for pending_compaction_bytes, 0 slowdown for pending_compaction_bytes, 0 memtable_compaction, 0 memtable_slowdown, interval 0 total count
estimated_pending_compaction_bytes: 0 B
I200313 13:28:17.683544 212 server/status/runtime.go:498  [n2] runtime stats: 200 MiB RSS, 160 goroutines, 84 MiB/101 MiB/202 MiB GO alloc/idle/total, 11 MiB/14 MiB CGO alloc/total, 1.2 CGO/sec, 0.5/0.9 %(u/s)time, 0.0 %gc (0x), 8.3 KiB/24 KiB (r/w)net
I200313 13:28:27.684009 212 server/status/runtime.go:498  [n2] runtime stats: 200 MiB RSS, 161 goroutines, 90 MiB/96 MiB/202 MiB GO alloc/idle/total, 11 MiB/14 MiB CGO alloc/total, 0.9 CGO/sec, 1.0/0.6 %(u/s)time, 0.0 %gc (0x), 11 KiB/27 KiB (r/w)net
I200313 13:28:37.684201 212 server/status/runtime.go:498  [n2] runtime stats: 200 MiB RSS, 161 goroutines, 95 MiB/90 MiB/202 MiB GO alloc/idle/total, 11 MiB/14 MiB CGO alloc/total, 0.9 CGO/sec, 0.5/0.9 %(u/s)time, 0.0 %gc (0x), 8.2 KiB/24 KiB (r/w)net
I200313 13:28:47.655187 192 gossip/gossip.go:566  [n2] gossip status (ok, 2 nodes)
gossip client (1/3 cur/max conns)
  1: node_1:26257 (11m0s: infos 347/1610 sent/received, bytes 51981B/235591B sent/received)
gossip server (0/3 cur/max conns, infos 347/1610 sent/received, bytes 52026B/235597B sent/received)
I200313 13:28:47.684473 212 server/status/runtime.go:498  [n2] runtime stats: 200 MiB RSS, 161 goroutines, 101 MiB/85 MiB/202 MiB GO alloc/idle/total, 11 MiB/14 MiB CGO alloc/total, 0.9 CGO/sec, 0.9/0.6 %(u/s)time, 0.0 %gc (0x), 8.4 KiB/24 KiB (r/w)net
I200313 13:28:57.685162 212 server/status/runtime.go:498  [n2] runtime stats: 200 MiB RSS, 160 goroutines, 107 MiB/80 MiB/202 MiB GO alloc/idle/total, 11 MiB/14 MiB CGO alloc/total, 0.9 CGO/sec, 0.7/0.7 %(u/s)time, 0.0 %gc (0x), 12 KiB/27 KiB (r/w)net
I200313 13:29:07.685723 212 server/status/runtime.go:498  [n2] runtime stats: 200 MiB RSS, 160 goroutines, 112 MiB/74 MiB/202 MiB GO alloc/idle/total, 11 MiB/14 MiB CGO alloc/total, 1.0 CGO/sec, 0.4/1.0 %(u/s)time, 0.0 %gc (0x), 8.3 KiB/24 KiB (r/w)net
I200313 13:29:17.687183 212 server/status/runtime.go:498  [n2] runtime stats: 200 MiB RSS, 160 goroutines, 118 MiB/69 MiB/202 MiB GO alloc/idle/total, 11 MiB/14 MiB CGO alloc/total, 0.9 CGO/sec, 0.7/0.8 %(u/s)time, 0.0 %gc (0x), 8.0 KiB/24 KiB (r/w)net
I200313 13:29:27.687116 212 server/status/runtime.go:498  [n2] runtime stats: 200 MiB RSS, 161 goroutines, 124 MiB/64 MiB/202 MiB GO alloc/idle/total, 11 MiB/14 MiB CGO alloc/total, 0.9 CGO/sec, 0.7/0.7 %(u/s)time, 0.0 %gc (0x), 11 KiB/26 KiB (r/w)net
I200313 13:29:37.687677 212 server/status/runtime.go:498  [n2] runtime stats: 200 MiB RSS, 161 goroutines, 129 MiB/58 MiB/202 MiB GO alloc/idle/total, 11 MiB/14 MiB CGO alloc/total, 0.9 CGO/sec, 0.2/0.8 %(u/s)time, 0.0 %gc (0x), 8.4 KiB/24 KiB (r/w)net
I200313 13:29:47.654739 192 gossip/gossip.go:566  [n2] gossip status (ok, 2 nodes)
gossip client (1/3 cur/max conns)
  1: node_1:26257 (12m0s: infos 378/1755 sent/received, bytes 56602B/251331B sent/received)
gossip server (0/3 cur/max conns, infos 378/1755 sent/received, bytes 56647B/251337B sent/received)
I200313 13:29:47.687869 212 server/status/runtime.go:498  [n2] runtime stats: 201 MiB RSS, 161 goroutines, 135 MiB/53 MiB/202 MiB GO alloc/idle/total, 11 MiB/14 MiB CGO alloc/total, 1.0 CGO/sec, 0.0/0.9 %(u/s)time, 0.0 %gc (0x), 8.7 KiB/24 KiB (r/w)net
I200313 13:29:57.688795 212 server/status/runtime.go:498  [n2] runtime stats: 201 MiB RSS, 160 goroutines, 140 MiB/47 MiB/202 MiB GO alloc/idle/total, 11 MiB/14 MiB CGO alloc/total, 1.3 CGO/sec, 0.3/0.5 %(u/s)time, 0.0 %gc (0x), 11 KiB/27 KiB (r/w)net
I200313 13:30:07.689868 212 server/status/runtime.go:498  [n2] runtime stats: 201 MiB RSS, 160 goroutines, 78 MiB/106 MiB/202 MiB GO alloc/idle/total, 11 MiB/14 MiB CGO alloc/total, 0.5 CGO/sec, 1.0/0.7 %(u/s)time, 0.0 %gc (1x), 8.1 KiB/24 KiB (r/w)net
I200313 13:30:17.689613 212 server/status/runtime.go:498  [n2] runtime stats: 201 MiB RSS, 160 goroutines, 84 MiB/100 MiB/202 MiB GO alloc/idle/total, 11 MiB/14 MiB CGO alloc/total, 0.9 CGO/sec, 0.3/1.1 %(u/s)time, 0.0 %gc (0x), 7.9 KiB/24 KiB (r/w)net
I200313 13:30:27.690400 212 server/status/runtime.go:498  [n2] runtime stats: 201 MiB RSS, 161 goroutines, 90 MiB/95 MiB/202 MiB GO alloc/idle/total, 11 MiB/14 MiB CGO alloc/total, 1.3 CGO/sec, 0.5/1.0 %(u/s)time, 0.0 %gc (0x), 12 KiB/27 KiB (r/w)net
I200313 13:30:37.691253 212 server/status/runtime.go:498  [n2] runtime stats: 201 MiB RSS, 161 goroutines, 95 MiB/90 MiB/202 MiB GO alloc/idle/total, 11 MiB/14 MiB CGO alloc/total, 1.0 CGO/sec, 0.5/0.9 %(u/s)time, 0.0 %gc (0x), 8.5 KiB/24 KiB (r/w)net
I200313 13:30:47.655455 192 gossip/gossip.go:566  [n2] gossip status (ok, 2 nodes)
gossip client (1/3 cur/max conns)
  1: node_1:26257 (13m0s: infos 409/1900 sent/received, bytes 61223B/267071B sent/received)
gossip server (0/3 cur/max conns, infos 409/1900 sent/received, bytes 61268B/267077B sent/received)
I200313 13:30:47.691624 212 server/status/runtime.go:498  [n2] runtime stats: 201 MiB RSS, 161 goroutines, 101 MiB/85 MiB/202 MiB GO alloc/idle/total, 11 MiB/14 MiB CGO alloc/total, 0.9 CGO/sec, 0.1/1.3 %(u/s)time, 0.0 %gc (0x), 8.8 KiB/24 KiB (r/w)net
I200313 13:30:57.694131 212 server/status/runtime.go:498  [n2] runtime stats: 201 MiB RSS, 160 goroutines, 107 MiB/80 MiB/202 MiB GO alloc/idle/total, 11 MiB/14 MiB CGO alloc/total, 0.9 CGO/sec, 0.7/0.8 %(u/s)time, 0.0 %gc (0x), 11 KiB/26 KiB (r/w)net
I200313 13:31:07.693346 212 server/status/runtime.go:498  [n2] runtime stats: 201 MiB RSS, 160 goroutines, 112 MiB/74 MiB/202 MiB GO alloc/idle/total, 11 MiB/14 MiB CGO alloc/total, 0.9 CGO/sec, 0.4/1.0 %(u/s)time, 0.0 %gc (0x), 8.5 KiB/24 KiB (r/w)net
I200313 13:31:17.696145 212 server/status/runtime.go:498  [n2] runtime stats: 201 MiB RSS, 160 goroutines, 118 MiB/69 MiB/202 MiB GO alloc/idle/total, 11 MiB/14 MiB CGO alloc/total, 1.0 CGO/sec, 0.7/0.8 %(u/s)time, 0.0 %gc (0x), 8.3 KiB/24 KiB (r/w)net
I200313 13:31:27.697069 212 server/status/runtime.go:498  [n2] runtime stats: 201 MiB RSS, 161 goroutines, 124 MiB/64 MiB/202 MiB GO alloc/idle/total, 11 MiB/14 MiB CGO alloc/total, 0.9 CGO/sec, 0.4/1.0 %(u/s)time, 0.0 %gc (0x), 11 KiB/26 KiB (r/w)net
I200313 13:31:37.696758 212 server/status/runtime.go:498  [n2] runtime stats: 201 MiB RSS, 161 goroutines, 129 MiB/58 MiB/202 MiB GO alloc/idle/total, 11 MiB/14 MiB CGO alloc/total, 0.5 CGO/sec, 0.9/0.6 %(u/s)time, 0.0 %gc (0x), 8.2 KiB/24 KiB (r/w)net
I200313 13:31:47.656880 192 gossip/gossip.go:566  [n2] gossip status (ok, 2 nodes)
gossip client (1/3 cur/max conns)
  1: node_1:26257 (14m0s: infos 440/2041 sent/received, bytes 65844B/282497B sent/received)
gossip server (0/3 cur/max conns, infos 440/2041 sent/received, bytes 65889B/282503B sent/received)
I200313 13:31:47.696979 212 server/status/runtime.go:498  [n2] runtime stats: 201 MiB RSS, 161 goroutines, 135 MiB/53 MiB/202 MiB GO alloc/idle/total, 11 MiB/14 MiB CGO alloc/total, 0.9 CGO/sec, 0.2/1.2 %(u/s)time, 0.0 %gc (0x), 8.3 KiB/24 KiB (r/w)net
I200313 13:31:57.699819 212 server/status/runtime.go:498  [n2] runtime stats: 201 MiB RSS, 160 goroutines, 140 MiB/47 MiB/202 MiB GO alloc/idle/total, 11 MiB/14 MiB CGO alloc/total, 1.3 CGO/sec, 1.6/0.0 %(u/s)time, 0.0 %gc (0x), 11 KiB/27 KiB (r/w)net
I200313 13:32:07.701543 212 server/status/runtime.go:498  [n2] runtime stats: 201 MiB RSS, 160 goroutines, 78 MiB/105 MiB/202 MiB GO alloc/idle/total, 11 MiB/14 MiB CGO alloc/total, 1.0 CGO/sec, 1.1/0.4 %(u/s)time, 0.0 %gc (1x), 8.6 KiB/25 KiB (r/w)net
I200313 13:32:17.700841 212 server/status/runtime.go:498  [n2] runtime stats: 201 MiB RSS, 160 goroutines, 84 MiB/100 MiB/202 MiB GO alloc/idle/total, 11 MiB/14 MiB CGO alloc/total, 0.9 CGO/sec, 0.5/1.0 %(u/s)time, 0.0 %gc (0x), 8.1 KiB/24 KiB (r/w)net
I200313 13:32:27.701931 212 server/status/runtime.go:498  [n2] runtime stats: 201 MiB RSS, 161 goroutines, 90 MiB/95 MiB/202 MiB GO alloc/idle/total, 11 MiB/14 MiB CGO alloc/total, 0.9 CGO/sec, 0.5/1.1 %(u/s)time, 0.0 %gc (0x), 11 KiB/26 KiB (r/w)net
I200313 13:32:37.702390 212 server/status/runtime.go:498  [n2] runtime stats: 201 MiB RSS, 161 goroutines, 95 MiB/90 MiB/202 MiB GO alloc/idle/total, 11 MiB/14 MiB CGO alloc/total, 0.9 CGO/sec, 0.6/0.8 %(u/s)time, 0.0 %gc (0x), 8.6 KiB/24 KiB (r/w)net
I200313 13:32:47.657960 192 gossip/gossip.go:566  [n2] gossip status (ok, 2 nodes)
gossip client (1/3 cur/max conns)
  1: node_1:26257 (15m0s: infos 471/2186 sent/received, bytes 70465B/298237B sent/received)
gossip server (0/3 cur/max conns, infos 471/2186 sent/received, bytes 70510B/298243B sent/received)
I200313 13:32:47.707053 212 server/status/runtime.go:498  [n2] runtime stats: 201 MiB RSS, 161 goroutines, 101 MiB/85 MiB/202 MiB GO alloc/idle/total, 11 MiB/14 MiB CGO alloc/total, 1.0 CGO/sec, 0.6/1.0 %(u/s)time, 0.0 %gc (0x), 9.2 KiB/34 KiB (r/w)net
I200313 13:32:57.703471 212 server/status/runtime.go:498  [n2] runtime stats: 201 MiB RSS, 160 goroutines, 107 MiB/79 MiB/202 MiB GO alloc/idle/total, 11 MiB/14 MiB CGO alloc/total, 0.9 CGO/sec, 0.7/0.7 %(u/s)time, 0.0 %gc (0x), 10 KiB/17 KiB (r/w)net
I200313 13:33:07.703677 212 server/status/runtime.go:498  [n2] runtime stats: 201 MiB RSS, 160 goroutines, 112 MiB/74 MiB/202 MiB GO alloc/idle/total, 11 MiB/14 MiB CGO alloc/total, 0.9 CGO/sec, 0.7/0.8 %(u/s)time, 0.0 %gc (0x), 8.5 KiB/24 KiB (r/w)net
I200313 13:33:17.703756 212 server/status/runtime.go:498  [n2] runtime stats: 201 MiB RSS, 160 goroutines, 120 MiB/67 MiB/202 MiB GO alloc/idle/total, 11 MiB/14 MiB CGO alloc/total, 0.9 CGO/sec, 1.0/0.5 %(u/s)time, 0.0 %gc (0x), 7.8 KiB/24 KiB (r/w)net
I200313 13:33:27.705929 212 server/status/runtime.go:498  [n2] runtime stats: 201 MiB RSS, 161 goroutines, 124 MiB/63 MiB/202 MiB GO alloc/idle/total, 11 MiB/14 MiB CGO alloc/total, 0.9 CGO/sec, 0.5/1.0 %(u/s)time, 0.0 %gc (0x), 11 KiB/26 KiB (r/w)net
I200313 13:33:37.705954 212 server/status/runtime.go:498  [n2] runtime stats: 201 MiB RSS, 161 goroutines, 130 MiB/57 MiB/202 MiB GO alloc/idle/total, 11 MiB/14 MiB CGO alloc/total, 1.0 CGO/sec, 0.3/1.2 %(u/s)time, 0.0 %gc (0x), 8.6 KiB/24 KiB (r/w)net
I200313 13:33:47.659957 192 gossip/gossip.go:566  [n2] gossip status (ok, 2 nodes)
gossip client (1/3 cur/max conns)
  1: node_1:26257 (16m0s: infos 502/2331 sent/received, bytes 75086B/314013B sent/received)
gossip server (0/3 cur/max conns, infos 502/2331 sent/received, bytes 75131B/314019B sent/received)
I200313 13:33:47.706681 212 server/status/runtime.go:498  [n2] runtime stats: 201 MiB RSS, 161 goroutines, 137 MiB/51 MiB/202 MiB GO alloc/idle/total, 11 MiB/14 MiB CGO alloc/total, 0.5 CGO/sec, 0.4/1.2 %(u/s)time, 0.0 %gc (0x), 8.6 KiB/24 KiB (r/w)net
I200313 13:33:57.706623 212 server/status/runtime.go:498  [n2] runtime stats: 201 MiB RSS, 160 goroutines, 144 MiB/44 MiB/202 MiB GO alloc/idle/total, 11 MiB/14 MiB CGO alloc/total, 1.3 CGO/sec, 0.2/1.4 %(u/s)time, 0.0 %gc (0x), 11 KiB/36 KiB (r/w)net
I200313 13:34:07.707854 212 server/status/runtime.go:498  [n2] runtime stats: 201 MiB RSS, 160 goroutines, 80 MiB/104 MiB/202 MiB GO alloc/idle/total, 11 MiB/14 MiB CGO alloc/total, 0.9 CGO/sec, 0.7/0.9 %(u/s)time, 0.0 %gc (1x), 8.6 KiB/15 KiB (r/w)net
I200313 13:34:17.708203 212 server/status/runtime.go:498  [n2] runtime stats: 201 MiB RSS, 160 goroutines, 86 MiB/98 MiB/202 MiB GO alloc/idle/total, 11 MiB/14 MiB CGO alloc/total, 1.0 CGO/sec, 0.5/0.9 %(u/s)time, 0.0 %gc (0x), 8.3 KiB/24 KiB (r/w)net
I200313 13:34:27.708577 212 server/status/runtime.go:498  [n2] runtime stats: 201 MiB RSS, 161 goroutines, 93 MiB/92 MiB/202 MiB GO alloc/idle/total, 11 MiB/14 MiB CGO alloc/total, 0.9 CGO/sec, 0.2/1.3 %(u/s)time, 0.0 %gc (0x), 11 KiB/36 KiB (r/w)net
I200313 13:34:37.709124 212 server/status/runtime.go:498  [n2] runtime stats: 201 MiB RSS, 161 goroutines, 98 MiB/88 MiB/202 MiB GO alloc/idle/total, 11 MiB/14 MiB CGO alloc/total, 0.9 CGO/sec, 0.5/0.8 %(u/s)time, 0.0 %gc (0x), 8.0 KiB/24 KiB (r/w)net
I200313 13:34:47.656491 192 gossip/gossip.go:566  [n2] gossip status (ok, 2 nodes)
gossip client (1/3 cur/max conns)
  1: node_1:26257 (17m0s: infos 533/2472 sent/received, bytes 79707B/329367B sent/received)
gossip server (0/3 cur/max conns, infos 533/2472 sent/received, bytes 79752B/329373B sent/received)
I200313 13:34:47.712541 212 server/status/runtime.go:498  [n2] runtime stats: 201 MiB RSS, 161 goroutines, 104 MiB/82 MiB/202 MiB GO alloc/idle/total, 11 MiB/14 MiB CGO alloc/total, 0.9 CGO/sec, 0.6/1.0 %(u/s)time, 0.0 %gc (0x), 8.3 KiB/24 KiB (r/w)net
I200313 13:34:57.712604 212 server/status/runtime.go:498  [n2] runtime stats: 201 MiB RSS, 160 goroutines, 110 MiB/77 MiB/202 MiB GO alloc/idle/total, 11 MiB/14 MiB CGO alloc/total, 0.9 CGO/sec, 0.4/1.1 %(u/s)time, 0.0 %gc (0x), 12 KiB/27 KiB (r/w)net
I200313 13:35:07.712901 212 server/status/runtime.go:498  [n2] runtime stats: 201 MiB RSS, 160 goroutines, 115 MiB/71 MiB/202 MiB GO alloc/idle/total, 11 MiB/14 MiB CGO alloc/total, 1.0 CGO/sec, 0.9/0.6 %(u/s)time, 0.0 %gc (0x), 8.6 KiB/24 KiB (r/w)net
I200313 13:35:17.713423 212 server/status/runtime.go:498  [n2] runtime stats: 201 MiB RSS, 160 goroutines, 121 MiB/66 MiB/202 MiB GO alloc/idle/total, 11 MiB/14 MiB CGO alloc/total, 0.9 CGO/sec, 0.0/1.4 %(u/s)time, 0.0 %gc (0x), 8.2 KiB/24 KiB (r/w)net
I200313 13:35:27.714019 212 server/status/runtime.go:498  [n2] runtime stats: 201 MiB RSS, 161 goroutines, 126 MiB/61 MiB/202 MiB GO alloc/idle/total, 11 MiB/14 MiB CGO alloc/total, 0.9 CGO/sec, 0.8/0.7 %(u/s)time, 0.0 %gc (0x), 10 KiB/26 KiB (r/w)net
I200313 13:35:37.722004 212 server/status/runtime.go:498  [n2] runtime stats: 201 MiB RSS, 161 goroutines, 132 MiB/55 MiB/202 MiB GO alloc/idle/total, 11 MiB/14 MiB CGO alloc/total, 0.9 CGO/sec, 0.6/0.9 %(u/s)time, 0.0 %gc (0x), 9.4 KiB/24 KiB (r/w)net
I200313 13:35:47.659012 192 gossip/gossip.go:566  [n2] gossip status (ok, 2 nodes)
gossip client (1/3 cur/max conns)
  1: node_1:26257 (18m0s: infos 564/2616 sent/received, bytes 84328B/344970B sent/received)
gossip server (0/3 cur/max conns, infos 564/2616 sent/received, bytes 84373B/344976B sent/received)
I200313 13:35:47.725053 212 server/status/runtime.go:498  [n2] runtime stats: 201 MiB RSS, 161 goroutines, 138 MiB/50 MiB/202 MiB GO alloc/idle/total, 11 MiB/14 MiB CGO alloc/total, 1.0 CGO/sec, 0.6/0.9 %(u/s)time, 0.0 %gc (0x), 8.8 KiB/24 KiB (r/w)net
I200313 13:35:57.725753 212 server/status/runtime.go:498  [n2] runtime stats: 201 MiB RSS, 160 goroutines, 144 MiB/44 MiB/202 MiB GO alloc/idle/total, 11 MiB/14 MiB CGO alloc/total, 0.9 CGO/sec, 0.5/0.9 %(u/s)time, 0.0 %gc (0x), 10 KiB/27 KiB (r/w)net
I200313 13:36:07.724566 212 server/status/runtime.go:498  [n2] runtime stats: 201 MiB RSS, 160 goroutines, 82 MiB/102 MiB/202 MiB GO alloc/idle/total, 11 MiB/14 MiB CGO alloc/total, 0.9 CGO/sec, 0.4/1.3 %(u/s)time, 0.0 %gc (1x), 8.8 KiB/24 KiB (r/w)net
I200313 13:36:17.722490 212 server/status/runtime.go:498  [n2] runtime stats: 201 MiB RSS, 160 goroutines, 87 MiB/97 MiB/202 MiB GO alloc/idle/total, 11 MiB/14 MiB CGO alloc/total, 0.9 CGO/sec, 0.5/0.8 %(u/s)time, 0.0 %gc (0x), 8.0 KiB/24 KiB (r/w)net
I200313 13:36:27.724533 212 server/status/runtime.go:498  [n2] runtime stats: 201 MiB RSS, 161 goroutines, 93 MiB/92 MiB/202 MiB GO alloc/idle/total, 11 MiB/14 MiB CGO alloc/total, 0.9 CGO/sec, 1.0/0.5 %(u/s)time, 0.0 %gc (0x), 10 KiB/26 KiB (r/w)net
I200313 13:36:37.724497 212 server/status/runtime.go:498  [n2] runtime stats: 201 MiB RSS, 161 goroutines, 100 MiB/86 MiB/202 MiB GO alloc/idle/total, 11 MiB/14 MiB CGO alloc/total, 1.0 CGO/sec, 1.1/0.4 %(u/s)time, 0.0 %gc (0x), 8.8 KiB/25 KiB (r/w)net
I200313 13:36:47.661040 192 gossip/gossip.go:566  [n2] gossip status (ok, 2 nodes)
gossip client (1/3 cur/max conns)
  1: node_1:26257 (19m0s: infos 594/2761 sent/received, bytes 88808B/360710B sent/received)
gossip server (0/3 cur/max conns, infos 594/2761 sent/received, bytes 88853B/360716B sent/received)
I200313 13:36:47.725485 212 server/status/runtime.go:498  [n2] runtime stats: 201 MiB RSS, 161 goroutines, 104 MiB/82 MiB/202 MiB GO alloc/idle/total, 11 MiB/14 MiB CGO alloc/total, 0.9 CGO/sec, 0.1/1.3 %(u/s)time, 0.0 %gc (0x), 8.7 KiB/24 KiB (r/w)net
I200313 13:36:57.732231 212 server/status/runtime.go:498  [n2] runtime stats: 201 MiB RSS, 160 goroutines, 112 MiB/75 MiB/202 MiB GO alloc/idle/total, 11 MiB/14 MiB CGO alloc/total, 0.9 CGO/sec, 0.8/0.8 %(u/s)time, 0.0 %gc (0x), 10 KiB/26 KiB (r/w)net
I200313 13:37:07.732595 212 server/status/runtime.go:498  [n2] runtime stats: 201 MiB RSS, 160 goroutines, 117 MiB/70 MiB/202 MiB GO alloc/idle/total, 11 MiB/14 MiB CGO alloc/total, 0.9 CGO/sec, 1.0/0.5 %(u/s)time, 0.0 %gc (0x), 9.0 KiB/25 KiB (r/w)net
I200313 13:37:17.733130 212 server/status/runtime.go:498  [n2] runtime stats: 201 MiB RSS, 160 goroutines, 123 MiB/64 MiB/202 MiB GO alloc/idle/total, 11 MiB/14 MiB CGO alloc/total, 1.0 CGO/sec, 0.4/1.0 %(u/s)time, 0.0 %gc (0x), 8.5 KiB/24 KiB (r/w)net
I200313 13:37:27.733443 212 server/status/runtime.go:498  [n2] runtime stats: 201 MiB RSS, 161 goroutines, 128 MiB/59 MiB/202 MiB GO alloc/idle/total, 11 MiB/14 MiB CGO alloc/total, 0.9 CGO/sec, 0.9/0.6 %(u/s)time, 0.0 %gc (0x), 10 KiB/26 KiB (r/w)net
I200313 13:37:37.733690 212 server/status/runtime.go:498  [n2] runtime stats: 201 MiB RSS, 161 goroutines, 134 MiB/53 MiB/202 MiB GO alloc/idle/total, 11 MiB/14 MiB CGO alloc/total, 0.9 CGO/sec, 0.6/0.8 %(u/s)time, 0.0 %gc (0x), 8.8 KiB/25 KiB (r/w)net
I200313 13:37:47.666983 192 gossip/gossip.go:566  [n2] gossip status (ok, 2 nodes)
gossip client (1/3 cur/max conns)
  1: node_1:26257 (20m0s: infos 625/2902 sent/received, bytes 93429B/376136B sent/received)
gossip server (0/3 cur/max conns, infos 625/2902 sent/received, bytes 93474B/376142B sent/received)
I200313 13:37:47.733956 212 server/status/runtime.go:498  [n2] runtime stats: 201 MiB RSS, 161 goroutines, 140 MiB/48 MiB/202 MiB GO alloc/idle/total, 11 MiB/15 MiB CGO alloc/total, 0.9 CGO/sec, 0.4/0.9 %(u/s)time, 0.0 %gc (0x), 8.6 KiB/24 KiB (r/w)net
I200313 13:37:57.733965 212 server/status/runtime.go:498  [n2] runtime stats: 201 MiB RSS, 160 goroutines, 146 MiB/42 MiB/202 MiB GO alloc/idle/total, 11 MiB/15 MiB CGO alloc/total, 0.9 CGO/sec, 0.7/1.0 %(u/s)time, 0.0 %gc (0x), 11 KiB/27 KiB (r/w)net
I200313 13:38:07.708864 191 storage/store.go:2364  [n2,s2] sstables (read amplification = 0):
I200313 13:38:07.708923 191 storage/store.go:2365  [n2,s2] 
** Compaction Stats [default] **
Level    Files   Size     Score Read(GB)  Rn(GB) Rnp1(GB) Write(GB) Wnew(GB) Moved(GB) W-Amp Rd(MB/s) Wr(MB/s) Comp(sec) CompMergeCPU(sec) Comp(cnt) Avg(sec) KeyIn KeyDrop
----------------------------------------------------------------------------------------------------------------------------------------------------------------------------
 Sum      0/0    0.00 KB   0.0      0.0     0.0      0.0       0.0      0.0       0.0   0.0      0.0      0.0      0.00              0.00         0    0.000       0      0
 Int      0/0    0.00 KB   0.0      0.0     0.0      0.0       0.0      0.0       0.0   0.0      0.0      0.0      0.00              0.00         0    0.000       0      0

** Compaction Stats [default] **
Priority    Files   Size     Score Read(GB)  Rn(GB) Rnp1(GB) Write(GB) Wnew(GB) Moved(GB) W-Amp Rd(MB/s) Wr(MB/s) Comp(sec) CompMergeCPU(sec) Comp(cnt) Avg(sec) KeyIn KeyDrop
-------------------------------------------------------------------------------------------------------------------------------------------------------------------------------
Uptime(secs): 1221.3 total, 600.0 interval
Flush(GB): cumulative 0.000, interval 0.000
AddFile(GB): cumulative 0.000, interval 0.000
AddFile(Total Files): cumulative 0, interval 0
AddFile(L0 Files): cumulative 0, interval 0
AddFile(Keys): cumulative 0, interval 0
Cumulative compaction: 0.00 GB write, 0.00 MB/s write, 0.00 GB read, 0.00 MB/s read, 0.0 seconds
Interval compaction: 0.00 GB write, 0.00 MB/s write, 0.00 GB read, 0.00 MB/s read, 0.0 seconds
Stalls(count): 0 level0_slowdown, 0 level0_slowdown_with_compaction, 0 level0_numfiles, 0 level0_numfiles_with_compaction, 0 stop for pending_compaction_bytes, 0 slowdown for pending_compaction_bytes, 0 memtable_compaction, 0 memtable_slowdown, interval 0 total count
estimated_pending_compaction_bytes: 0 B
I200313 13:38:07.734574 212 server/status/runtime.go:498  [n2] runtime stats: 201 MiB RSS, 160 goroutines, 83 MiB/101 MiB/202 MiB GO alloc/idle/total, 11 MiB/15 MiB CGO alloc/total, 1.2 CGO/sec, 0.8/0.9 %(u/s)time, 0.0 %gc (1x), 9.1 KiB/25 KiB (r/w)net
I200313 13:38:17.734768 212 server/status/runtime.go:498  [n2] runtime stats: 201 MiB RSS, 160 goroutines, 89 MiB/96 MiB/202 MiB GO alloc/idle/total, 11 MiB/15 MiB CGO alloc/total, 0.9 CGO/sec, 1.1/0.4 %(u/s)time, 0.0 %gc (0x), 8.2 KiB/24 KiB (r/w)net
I200313 13:38:27.736306 212 server/status/runtime.go:498  [n2] runtime stats: 201 MiB RSS, 161 goroutines, 95 MiB/91 MiB/202 MiB GO alloc/idle/total, 11 MiB/15 MiB CGO alloc/total, 0.9 CGO/sec, 0.4/1.1 %(u/s)time, 0.0 %gc (0x), 10 KiB/26 KiB (r/w)net
I200313 13:38:37.735616 212 server/status/runtime.go:498  [n2] runtime stats: 201 MiB RSS, 161 goroutines, 100 MiB/86 MiB/202 MiB GO alloc/idle/total, 11 MiB/15 MiB CGO alloc/total, 0.9 CGO/sec, 0.7/0.8 %(u/s)time, 0.0 %gc (0x), 8.9 KiB/25 KiB (r/w)net
I200313 13:38:47.658991 192 gossip/gossip.go:566  [n2] gossip status (ok, 2 nodes)
gossip client (1/3 cur/max conns)
  1: node_1:26257 (21m0s: infos 656/3047 sent/received, bytes 98050B/391912B sent/received)
gossip server (0/3 cur/max conns, infos 656/3047 sent/received, bytes 98095B/391918B sent/received)
I200313 13:38:47.736292 212 server/status/runtime.go:498  [n2] runtime stats: 201 MiB RSS, 161 goroutines, 106 MiB/80 MiB/202 MiB GO alloc/idle/total, 11 MiB/15 MiB CGO alloc/total, 1.0 CGO/sec, 0.5/0.8 %(u/s)time, 0.0 %gc (0x), 8.9 KiB/24 KiB (r/w)net
I200313 13:38:57.736492 212 server/status/runtime.go:498  [n2] runtime stats: 201 MiB RSS, 160 goroutines, 112 MiB/75 MiB/202 MiB GO alloc/idle/total, 11 MiB/15 MiB CGO alloc/total, 0.9 CGO/sec, 0.7/0.9 %(u/s)time, 0.0 %gc (0x), 10 KiB/26 KiB (r/w)net
I200313 13:39:07.736601 212 server/status/runtime.go:498  [n2] runtime stats: 201 MiB RSS, 160 goroutines, 117 MiB/70 MiB/202 MiB GO alloc/idle/total, 11 MiB/15 MiB CGO alloc/total, 0.9 CGO/sec, 0.2/1.2 %(u/s)time, 0.0 %gc (0x), 8.9 KiB/25 KiB (r/w)net
I200313 13:39:17.737115 212 server/status/runtime.go:498  [n2] runtime stats: 201 MiB RSS, 160 goroutines, 123 MiB/64 MiB/202 MiB GO alloc/idle/total, 11 MiB/15 MiB CGO alloc/total, 0.9 CGO/sec, 0.3/1.1 %(u/s)time, 0.0 %gc (0x), 7.8 KiB/24 KiB (r/w)net
I200313 13:39:27.737453 212 server/status/runtime.go:498  [n2] runtime stats: 201 MiB RSS, 161 goroutines, 128 MiB/59 MiB/202 MiB GO alloc/idle/total, 11 MiB/15 MiB CGO alloc/total, 0.9 CGO/sec, 0.6/1.0 %(u/s)time, 0.0 %gc (0x), 11 KiB/26 KiB (r/w)net
I200313 13:39:37.738345 212 server/status/runtime.go:498  [n2] runtime stats: 201 MiB RSS, 161 goroutines, 134 MiB/53 MiB/202 MiB GO alloc/idle/total, 11 MiB/15 MiB CGO alloc/total, 1.0 CGO/sec, 0.5/1.0 %(u/s)time, 0.0 %gc (0x), 9.0 KiB/25 KiB (r/w)net
I200313 13:39:47.662469 192 gossip/gossip.go:566  [n2] gossip status (ok, 2 nodes)
gossip client (1/3 cur/max conns)
  1: node_1:26257 (22m0s: infos 687/3192 sent/received, bytes 102671B/407652B sent/received)
gossip server (0/3 cur/max conns, infos 687/3192 sent/received, bytes 102716B/407658B sent/received)
I200313 13:39:47.737947 212 server/status/runtime.go:498  [n2] runtime stats: 201 MiB RSS, 161 goroutines, 140 MiB/48 MiB/202 MiB GO alloc/idle/total, 11 MiB/15 MiB CGO alloc/total, 0.9 CGO/sec, 0.3/1.1 %(u/s)time, 0.0 %gc (0x), 8.7 KiB/24 KiB (r/w)net
I200313 13:39:57.738750 212 server/status/runtime.go:498  [n2] runtime stats: 201 MiB RSS, 160 goroutines, 146 MiB/42 MiB/202 MiB GO alloc/idle/total, 11 MiB/15 MiB CGO alloc/total, 0.9 CGO/sec, 0.6/1.0 %(u/s)time, 0.0 %gc (0x), 10 KiB/26 KiB (r/w)net
I200313 13:40:07.738768 212 server/status/runtime.go:498  [n2] runtime stats: 201 MiB RSS, 160 goroutines, 83 MiB/100 MiB/202 MiB GO alloc/idle/total, 11 MiB/15 MiB CGO alloc/total, 0.9 CGO/sec, 0.3/0.9 %(u/s)time, 0.0 %gc (1x), 8.9 KiB/24 KiB (r/w)net
I200313 13:40:17.739570 212 server/status/runtime.go:498  [n2] runtime stats: 201 MiB RSS, 160 goroutines, 89 MiB/96 MiB/202 MiB GO alloc/idle/total, 11 MiB/15 MiB CGO alloc/total, 1.0 CGO/sec, 0.4/1.0 %(u/s)time, 0.0 %gc (0x), 8.4 KiB/24 KiB (r/w)net
I200313 13:40:27.740046 212 server/status/runtime.go:498  [n2] runtime stats: 201 MiB RSS, 161 goroutines, 95 MiB/90 MiB/202 MiB GO alloc/idle/total, 11 MiB/15 MiB CGO alloc/total, 0.9 CGO/sec, 0.5/0.9 %(u/s)time, 0.0 %gc (0x), 10 KiB/26 KiB (r/w)net
I200313 13:40:37.747208 212 server/status/runtime.go:498  [n2] runtime stats: 201 MiB RSS, 161 goroutines, 100 MiB/85 MiB/202 MiB GO alloc/idle/total, 11 MiB/15 MiB CGO alloc/total, 0.9 CGO/sec, 1.3/0.2 %(u/s)time, 0.0 %gc (0x), 8.8 KiB/25 KiB (r/w)net
W200313 13:41:31.328051 75 gossip/gossip.go:1522  [n2] first range unavailable; trying remaining resolvers
W200313 13:41:31.001334 220 util/hlc/hlc.go:235  backward time jump detected (-0.326799 seconds)
I200313 13:41:31.003934 212 server/status/runtime.go:498  [n2] runtime stats: 201 MiB RSS, 164 goroutines, 101 MiB/85 MiB/202 MiB GO alloc/idle/total, 11 MiB/15 MiB CGO alloc/total, 0.1 CGO/sec, 0.1/0.1 %(u/s)time, 0.0 %gc (0x), 5.9 KiB/14 KiB (r/w)net
W200313 13:41:31.381925 93 storage/closedts/provider/provider.go:150  [ct-closer] unable to move closed timestamp forward: not live
github.com/cockroachdb/cockroach/pkg/storage.init.ializers
	/go/src/github.com/cockroachdb/cockroach/pkg/storage/node_liveness.go:57
runtime.main
	/usr/local/go/src/runtime/proc.go:188
runtime.goexit
	/usr/local/go/src/runtime/asm_amd64.s:1337
I200313 13:41:31.385261 1167 gossip/client.go:124  [n2] started gossip client to 9497d994ceec:26257
I200313 13:41:31.385979 192 gossip/gossip.go:566  [n2] gossip status (stalled, 2 nodes)
gossip client (2/3 cur/max conns)
  1: node_1:26257 (23m44s: infos 717/3327 sent/received, bytes 107151B/422104B sent/received)
  0: 9497d994ceec:26257 (0s: infos 0/0 sent/received, bytes 0B/0B sent/received)
gossip server (0/3 cur/max conns, infos 718/3327 sent/received, bytes 107412B/422110B sent/received)
gossip connectivity
  n2 -> n1;
I200313 13:41:31.415820 88 gossip/client.go:129  [n2] closing client to n1 (node_1:26257): stopping outgoing client to n1 (node_1:26257); already have incoming
I200313 13:41:32.109268 1167 gossip/client.go:129  [n2] closing client to n1 (9497d994ceec:26257): stopping outgoing client to n1 (9497d994ceec:26257); already have incoming
I200313 13:41:32.109921 75 gossip/gossip.go:1531  [n2] node has connected to cluster via gossip
I200313 13:41:41.381083 212 server/status/runtime.go:498  [n2] runtime stats: 201 MiB RSS, 165 goroutines, 112 MiB/74 MiB/202 MiB GO alloc/idle/total, 11 MiB/15 MiB CGO alloc/total, 1.3 CGO/sec, 1.0/1.3 %(u/s)time, 0.0 %gc (0x), 19 KiB/48 KiB (r/w)net
I200313 13:41:47.712759 192 gossip/gossip.go:566  [n2] gossip status (ok, 2 nodes)
gossip client (0/3 cur/max conns)
gossip server (1/3 cur/max conns, infos 730/3383 sent/received, bytes 110089B/429659B sent/received)
  1: 9497d994ceec:26257 (16s)
gossip connectivity
  n1 [sentinel];
  n1 -> n2;
I200313 13:41:51.382592 212 server/status/runtime.go:498  [n2] runtime stats: 201 MiB RSS, 165 goroutines, 118 MiB/69 MiB/202 MiB GO alloc/idle/total, 11 MiB/15 MiB CGO alloc/total, 0.9 CGO/sec, 0.3/0.9 %(u/s)time, 0.0 %gc (0x), 12 KiB/26 KiB (r/w)net
I200313 13:42:01.320035 212 server/status/runtime.go:498  [n2] runtime stats: 201 MiB RSS, 166 goroutines, 78 MiB/106 MiB/202 MiB GO alloc/idle/total, 11 MiB/15 MiB CGO alloc/total, 1.0 CGO/sec, 0.8/1.0 %(u/s)time, 0.0 %gc (1x), 11 KiB/26 KiB (r/w)net
