I200313 14:10:47.276665 57 util/log/clog.go:1196  [config] file created at: 2020/03/13 14:10:47
I200313 14:10:47.276665 57 util/log/clog.go:1196  [config] running on machine: b05237592c31
I200313 14:10:47.276665 57 util/log/clog.go:1196  [config] binary: CockroachDB CCL v19.2.4 (x86_64-unknown-linux-gnu, built 2020/02/06 21:55:19, go1.12.12)
I200313 14:10:47.276665 57 util/log/clog.go:1196  [config] arguments: [/cockroach/cockroach start --insecure --join=node_1]
I200313 14:10:47.276665 57 util/log/clog.go:1196  line format: [IWEF]yymmdd hh:mm:ss.uuuuuu goid file:line msg utf8=✓
I200313 14:10:47.276651 57 storage/engine/rocksdb.go:120  RocksDB version: 6.2.1
I200313 14:10:47.281167 57 storage/engine/rocksdb.go:120  Git sha rocksdb_build_git_sha:@b7009236531fa784872f4823eabf393501e41bf2@
I200313 14:10:47.281189 57 storage/engine/rocksdb.go:120  Compile date Feb  6 2020
I200313 14:10:47.281210 57 storage/engine/rocksdb.go:120  DB SUMMARY
I200313 14:10:47.283248 57 storage/engine/rocksdb.go:120  SST files in /cockroach/cockroach-data/cockroach-temp067164624 dir, Total Num: 0, files: 
I200313 14:10:47.290131 57 storage/engine/rocksdb.go:120  Write Ahead Log file in /cockroach/cockroach-data/cockroach-temp067164624: 
I200313 14:10:47.290153 57 storage/engine/rocksdb.go:120                          Options.error_if_exists: 0
I200313 14:10:47.290171 57 storage/engine/rocksdb.go:120                        Options.create_if_missing: 1
I200313 14:10:47.290192 57 storage/engine/rocksdb.go:120                          Options.paranoid_checks: 1
I200313 14:10:47.290213 57 storage/engine/rocksdb.go:120                                      Options.env: 0x756aca0
I200313 14:10:47.290229 57 storage/engine/rocksdb.go:120                                 Options.info_log: 0x7f0d20c27140
I200313 14:10:47.290248 57 storage/engine/rocksdb.go:120                 Options.max_file_opening_threads: 16
I200313 14:10:47.290262 57 storage/engine/rocksdb.go:120                               Options.statistics: 0x7f0d20c34010
I200313 14:10:47.290281 57 storage/engine/rocksdb.go:120                                Options.use_fsync: 0
I200313 14:10:47.290306 57 storage/engine/rocksdb.go:120                        Options.max_log_file_size: 0
I200313 14:10:47.290325 57 storage/engine/rocksdb.go:120                   Options.max_manifest_file_size: 134217728
I200313 14:10:47.290343 57 storage/engine/rocksdb.go:120                    Options.log_file_time_to_roll: 0
I200313 14:10:47.290361 57 storage/engine/rocksdb.go:120                        Options.keep_log_file_num: 1000
I200313 14:10:47.290387 57 storage/engine/rocksdb.go:120                     Options.recycle_log_file_num: 1
I200313 14:10:47.290406 57 storage/engine/rocksdb.go:120                          Options.allow_fallocate: 1
I200313 14:10:47.290427 57 storage/engine/rocksdb.go:120                         Options.allow_mmap_reads: 0
I200313 14:10:47.290456 57 storage/engine/rocksdb.go:120                        Options.allow_mmap_writes: 0
I200313 14:10:47.290473 57 storage/engine/rocksdb.go:120                         Options.use_direct_reads: 0
I200313 14:10:47.290492 57 storage/engine/rocksdb.go:120                         Options.use_direct_io_for_flush_and_compaction: 0
I200313 14:10:47.290511 57 storage/engine/rocksdb.go:120           Options.create_missing_column_families: 0
I200313 14:10:47.290537 57 storage/engine/rocksdb.go:120                               Options.db_log_dir: 
I200313 14:10:47.290559 57 storage/engine/rocksdb.go:120                                  Options.wal_dir: /cockroach/cockroach-data/cockroach-temp067164624
I200313 14:10:47.290578 57 storage/engine/rocksdb.go:120                 Options.table_cache_numshardbits: 6
I200313 14:10:47.290596 57 storage/engine/rocksdb.go:120                       Options.max_subcompactions: 1
I200313 14:10:47.290618 57 storage/engine/rocksdb.go:120                   Options.max_background_flushes: -1
I200313 14:10:47.290641 57 storage/engine/rocksdb.go:120                          Options.WAL_ttl_seconds: 0
I200313 14:10:47.290656 57 storage/engine/rocksdb.go:120                        Options.WAL_size_limit_MB: 0
I200313 14:10:47.290675 57 storage/engine/rocksdb.go:120              Options.manifest_preallocation_size: 4194304
I200313 14:10:47.290694 57 storage/engine/rocksdb.go:120                      Options.is_fd_close_on_exec: 1
I200313 14:10:47.290712 57 storage/engine/rocksdb.go:120                    Options.advise_random_on_open: 1
I200313 14:10:47.290731 57 storage/engine/rocksdb.go:120                     Options.db_write_buffer_size: 0
I200313 14:10:47.290752 57 storage/engine/rocksdb.go:120                     Options.write_buffer_manager: 0x7f0d20c19060
I200313 14:10:47.290773 57 storage/engine/rocksdb.go:120          Options.access_hint_on_compaction_start: 1
I200313 14:10:47.290789 57 storage/engine/rocksdb.go:120   Options.new_table_reader_for_compaction_inputs: 0
I200313 14:10:47.290808 57 storage/engine/rocksdb.go:120            Options.random_access_max_buffer_size: 1048576
I200313 14:10:47.290825 57 storage/engine/rocksdb.go:120                       Options.use_adaptive_mutex: 0
I200313 14:10:47.290861 57 storage/engine/rocksdb.go:120                             Options.rate_limiter: (nil)
I200313 14:10:47.290882 57 storage/engine/rocksdb.go:120      Options.sst_file_manager.rate_bytes_per_sec: 0
I200313 14:10:47.290900 57 storage/engine/rocksdb.go:120                        Options.wal_recovery_mode: 0
I200313 14:10:47.290919 57 storage/engine/rocksdb.go:120                   Options.enable_thread_tracking: 0
I200313 14:10:47.290933 57 storage/engine/rocksdb.go:120                   Options.enable_pipelined_write: 0
I200313 14:10:47.290951 57 storage/engine/rocksdb.go:120          Options.allow_concurrent_memtable_write: 1
I200313 14:10:47.290970 57 storage/engine/rocksdb.go:120       Options.enable_write_thread_adaptive_yield: 1
I200313 14:10:47.290989 57 storage/engine/rocksdb.go:120              Options.write_thread_max_yield_usec: 100
I200313 14:10:47.291007 57 storage/engine/rocksdb.go:120             Options.write_thread_slow_yield_usec: 3
I200313 14:10:47.291026 57 storage/engine/rocksdb.go:120                                Options.row_cache: None
I200313 14:10:47.291045 57 storage/engine/rocksdb.go:120                               Options.wal_filter: None
I200313 14:10:47.291063 57 storage/engine/rocksdb.go:120              Options.avoid_flush_during_recovery: 0
I200313 14:10:47.291082 57 storage/engine/rocksdb.go:120              Options.allow_ingest_behind: 0
I200313 14:10:47.291101 57 storage/engine/rocksdb.go:120              Options.preserve_deletes: 0
I200313 14:10:47.291124 57 storage/engine/rocksdb.go:120              Options.two_write_queues: 0
I200313 14:10:47.291144 57 storage/engine/rocksdb.go:120              Options.manual_wal_flush: 1
I200313 14:10:47.291162 57 storage/engine/rocksdb.go:120              Options.atomic_flush: 0
I200313 14:10:47.291187 57 storage/engine/rocksdb.go:120              Options.avoid_unnecessary_blocking_io: 0
I200313 14:10:47.291211 57 storage/engine/rocksdb.go:120              Options.max_background_jobs: 4
I200313 14:10:47.291229 57 storage/engine/rocksdb.go:120              Options.max_background_compactions: -1
I200313 14:10:47.291249 57 storage/engine/rocksdb.go:120              Options.avoid_flush_during_shutdown: 0
I200313 14:10:47.291266 57 storage/engine/rocksdb.go:120            Options.writable_file_max_buffer_size: 1048576
I200313 14:10:47.291284 57 storage/engine/rocksdb.go:120              Options.delayed_write_rate : 16777216
I200313 14:10:47.291311 57 storage/engine/rocksdb.go:120              Options.max_total_wal_size: 0
I200313 14:10:47.291326 57 storage/engine/rocksdb.go:120              Options.delete_obsolete_files_period_micros: 21600000000
I200313 14:10:47.291345 57 storage/engine/rocksdb.go:120                    Options.stats_dump_period_sec: 0
I200313 14:10:47.291363 57 storage/engine/rocksdb.go:120                  Options.stats_persist_period_sec: 600
I200313 14:10:47.291382 57 storage/engine/rocksdb.go:120                  Options.stats_history_buffer_size: 1048576
I200313 14:10:47.291401 57 storage/engine/rocksdb.go:120                           Options.max_open_files: 128
I200313 14:10:47.291420 57 storage/engine/rocksdb.go:120                           Options.bytes_per_sync: 524288
I200313 14:10:47.291442 57 storage/engine/rocksdb.go:120                       Options.wal_bytes_per_sync: 0
I200313 14:10:47.291463 57 storage/engine/rocksdb.go:120                    Options.strict_bytes_per_sync: 1
I200313 14:10:47.291481 57 storage/engine/rocksdb.go:120        Options.compaction_readahead_size: 0
I200313 14:10:47.291503 57 storage/engine/rocksdb.go:120  Compression algorithms supported:
I200313 14:10:47.291536 57 storage/engine/rocksdb.go:120  	kZSTDNotFinalCompression supported: 0
I200313 14:10:47.291555 57 storage/engine/rocksdb.go:120  	kZSTD supported: 0
I200313 14:10:47.291574 57 storage/engine/rocksdb.go:120  	kXpressCompression supported: 0
I200313 14:10:47.291591 57 storage/engine/rocksdb.go:120  	kLZ4HCCompression supported: 0
I200313 14:10:47.291620 57 storage/engine/rocksdb.go:120  	kLZ4Compression supported: 0
I200313 14:10:47.291642 57 storage/engine/rocksdb.go:120  	kBZip2Compression supported: 0
I200313 14:10:47.291660 57 storage/engine/rocksdb.go:120  	kZlibCompression supported: 0
I200313 14:10:47.291679 57 storage/engine/rocksdb.go:120  	kSnappyCompression supported: 1
I200313 14:10:47.291708 57 storage/engine/rocksdb.go:120  Fast CRC32 supported: Supported on x86
I200313 14:10:47.295035 57 storage/engine/rocksdb.go:120  [db/db_impl_open.cc:242] Creating manifest 1 
I200313 14:10:47.309433 57 storage/engine/rocksdb.go:120  [db/version_set.cc:4072] Recovering from manifest file: /cockroach/cockroach-data/cockroach-temp067164624/MANIFEST-000001
I200313 14:10:47.311033 57 storage/engine/rocksdb.go:120  [db/column_family.cc:488] --------------- Options for column family [default]:
I200313 14:10:47.311059 57 storage/engine/rocksdb.go:120                Options.comparator: cockroach_comparator
I200313 14:10:47.311079 57 storage/engine/rocksdb.go:120            Options.merge_operator: cockroach_merge_operator
I200313 14:10:47.311098 57 storage/engine/rocksdb.go:120         Options.compaction_filter: None
I200313 14:10:47.311117 57 storage/engine/rocksdb.go:120         Options.compaction_filter_factory: None
I200313 14:10:47.311137 57 storage/engine/rocksdb.go:120          Options.memtable_factory: SkipListFactory
I200313 14:10:47.311156 57 storage/engine/rocksdb.go:120             Options.table_factory: BlockBasedTable
I200313 14:10:47.311196 57 storage/engine/rocksdb.go:120             table_factory options:   flush_block_policy_factory: FlushBlockBySizePolicyFactory (0x7f0d20c28030)
  cache_index_and_filter_blocks: 0
  cache_index_and_filter_blocks_with_high_priority: 0
  pin_l0_filter_and_index_blocks_in_cache: 0
  pin_top_level_index_and_filter: 1
  index_type: 0
  data_block_index_type: 0
  index_shortening: 1
  data_block_hash_table_util_ratio: 0.750000
  hash_index_allow_collision: 1
  checksum: 1
  no_block_cache: 0
  block_cache: 0x7f0d20c1c010
  block_cache_name: LRUCache
  block_cache_options:
    capacity : 1048576
    num_shard_bits : 4
    strict_capacity_limit : 0
    memory_allocator : None
    high_pri_pool_ratio: 0.000
  block_cache_compressed: (nil)
  persistent_cache: (nil)
  block_size: 32768
  block_size_deviation: 10
  block_restart_interval: 16
  index_block_restart_interval: 1
  metadata_block_size: 4096
  partition_filters: 0
  use_delta_encoding: 1
  filter_policy: rocksdb.BuiltinBloomFilter
  whole_key_filtering: 0
  verify_compression: 0
  read_amp_bytes_per_bit: 0
  format_version: 2
  enable_index_compression: 1
  block_align: 0
I200313 14:10:47.311233 57 storage/engine/rocksdb.go:120         Options.write_buffer_size: 67108864
I200313 14:10:47.311273 57 storage/engine/rocksdb.go:120   Options.max_write_buffer_number: 4
I200313 14:10:47.311286 57 storage/engine/rocksdb.go:120           Options.compression: Snappy
I200313 14:10:47.311308 57 storage/engine/rocksdb.go:120                   Options.bottommost_compression: Disabled
I200313 14:10:47.311330 57 storage/engine/rocksdb.go:120        Options.prefix_extractor: cockroach_prefix_extractor
I200313 14:10:47.311354 57 storage/engine/rocksdb.go:120    Options.memtable_insert_with_hint_prefix_extractor: nullptr
I200313 14:10:47.311371 57 storage/engine/rocksdb.go:120              Options.num_levels: 7
I200313 14:10:47.311403 57 storage/engine/rocksdb.go:120         Options.min_write_buffer_number_to_merge: 1
I200313 14:10:47.311426 57 storage/engine/rocksdb.go:120      Options.max_write_buffer_number_to_maintain: 0
I200313 14:10:47.311445 57 storage/engine/rocksdb.go:120             Options.bottommost_compression_opts.window_bits: -14
I200313 14:10:47.311467 57 storage/engine/rocksdb.go:120                   Options.bottommost_compression_opts.level: 32767
I200313 14:10:47.311486 57 storage/engine/rocksdb.go:120                Options.bottommost_compression_opts.strategy: 0
I200313 14:10:47.311506 57 storage/engine/rocksdb.go:120          Options.bottommost_compression_opts.max_dict_bytes: 0
I200313 14:10:47.311530 57 storage/engine/rocksdb.go:120          Options.bottommost_compression_opts.zstd_max_train_bytes: 0
I200313 14:10:47.311555 57 storage/engine/rocksdb.go:120                   Options.bottommost_compression_opts.enabled: false
I200313 14:10:47.311582 57 storage/engine/rocksdb.go:120             Options.compression_opts.window_bits: -14
I200313 14:10:47.311608 57 storage/engine/rocksdb.go:120                   Options.compression_opts.level: 32767
I200313 14:10:47.311630 57 storage/engine/rocksdb.go:120                Options.compression_opts.strategy: 0
I200313 14:10:47.311667 57 storage/engine/rocksdb.go:120          Options.compression_opts.max_dict_bytes: 0
I200313 14:10:47.311691 57 storage/engine/rocksdb.go:120          Options.compression_opts.zstd_max_train_bytes: 0
I200313 14:10:47.311715 57 storage/engine/rocksdb.go:120                   Options.compression_opts.enabled: false
I200313 14:10:47.311739 57 storage/engine/rocksdb.go:120       Options.level0_file_num_compaction_trigger: 2
I200313 14:10:47.311765 57 storage/engine/rocksdb.go:120           Options.level0_slowdown_writes_trigger: 950
I200313 14:10:47.311802 57 storage/engine/rocksdb.go:120               Options.level0_stop_writes_trigger: 1000
I200313 14:10:47.311829 57 storage/engine/rocksdb.go:120                    Options.target_file_size_base: 4194304
I200313 14:10:47.311887 57 storage/engine/rocksdb.go:120              Options.target_file_size_multiplier: 2
I200313 14:10:47.311911 57 storage/engine/rocksdb.go:120                 Options.max_bytes_for_level_base: 67108864
I200313 14:10:47.311932 57 storage/engine/rocksdb.go:120  Options.level_compaction_dynamic_level_bytes: 1
I200313 14:10:47.311953 57 storage/engine/rocksdb.go:120           Options.max_bytes_for_level_multiplier: 10.000000
I200313 14:10:47.311969 57 storage/engine/rocksdb.go:120  Options.max_bytes_for_level_multiplier_addtl[0]: 1
I200313 14:10:47.311986 57 storage/engine/rocksdb.go:120  Options.max_bytes_for_level_multiplier_addtl[1]: 1
I200313 14:10:47.312005 57 storage/engine/rocksdb.go:120  Options.max_bytes_for_level_multiplier_addtl[2]: 1
I200313 14:10:47.312024 57 storage/engine/rocksdb.go:120  Options.max_bytes_for_level_multiplier_addtl[3]: 1
I200313 14:10:47.312048 57 storage/engine/rocksdb.go:120  Options.max_bytes_for_level_multiplier_addtl[4]: 1
I200313 14:10:47.312074 57 storage/engine/rocksdb.go:120  Options.max_bytes_for_level_multiplier_addtl[5]: 1
I200313 14:10:47.312096 57 storage/engine/rocksdb.go:120  Options.max_bytes_for_level_multiplier_addtl[6]: 1
I200313 14:10:47.312116 57 storage/engine/rocksdb.go:120        Options.max_sequential_skip_in_iterations: 8
I200313 14:10:47.312141 57 storage/engine/rocksdb.go:120                     Options.max_compaction_bytes: 104857600
I200313 14:10:47.312165 57 storage/engine/rocksdb.go:120                         Options.arena_block_size: 8388608
I200313 14:10:47.312190 57 storage/engine/rocksdb.go:120    Options.soft_pending_compaction_bytes_limit: 2199023255552
I200313 14:10:47.312213 57 storage/engine/rocksdb.go:120    Options.hard_pending_compaction_bytes_limit: 4400193994752
I200313 14:10:47.312242 57 storage/engine/rocksdb.go:120        Options.rate_limit_delay_max_milliseconds: 100
I200313 14:10:47.312275 57 storage/engine/rocksdb.go:120                 Options.disable_auto_compactions: 0
I200313 14:10:47.312304 57 storage/engine/rocksdb.go:120                         Options.compaction_style: kCompactionStyleLevel
I200313 14:10:47.312324 57 storage/engine/rocksdb.go:120                           Options.compaction_pri: kMinOverlappingRatio
I200313 14:10:47.312346 57 storage/engine/rocksdb.go:120  Options.compaction_options_universal.size_ratio: 1
I200313 14:10:47.312367 57 storage/engine/rocksdb.go:120  Options.compaction_options_universal.min_merge_width: 2
I200313 14:10:47.312382 57 storage/engine/rocksdb.go:120  Options.compaction_options_universal.max_merge_width: 4294967295
I200313 14:10:47.312398 57 storage/engine/rocksdb.go:120  Options.compaction_options_universal.max_size_amplification_percent: 200
I200313 14:10:47.312416 57 storage/engine/rocksdb.go:120  Options.compaction_options_universal.compression_size_percent: -1
I200313 14:10:47.312435 57 storage/engine/rocksdb.go:120  Options.compaction_options_universal.stop_style: kCompactionStopStyleTotalSize
I200313 14:10:47.312454 57 storage/engine/rocksdb.go:120  Options.compaction_options_fifo.max_table_files_size: 1073741824
I200313 14:10:47.312473 57 storage/engine/rocksdb.go:120  Options.compaction_options_fifo.allow_compaction: 0
I200313 14:10:47.312494 57 storage/engine/rocksdb.go:120                    Options.table_properties_collectors: TimeBoundTblPropCollectorFactory; DeleteRangeTblPropCollectorFactory; 
I200313 14:10:47.312515 57 storage/engine/rocksdb.go:120                    Options.inplace_update_support: 0
I200313 14:10:47.312534 57 storage/engine/rocksdb.go:120                  Options.inplace_update_num_locks: 10000
I200313 14:10:47.312549 57 storage/engine/rocksdb.go:120                Options.memtable_prefix_bloom_size_ratio: 0.000000
I200313 14:10:47.312566 57 storage/engine/rocksdb.go:120                Options.memtable_whole_key_filtering: 0
I200313 14:10:47.312587 57 storage/engine/rocksdb.go:120    Options.memtable_huge_page_size: 0
I200313 14:10:47.312608 57 storage/engine/rocksdb.go:120                            Options.bloom_locality: 0
I200313 14:10:47.312628 57 storage/engine/rocksdb.go:120                     Options.max_successive_merges: 0
I200313 14:10:47.312646 57 storage/engine/rocksdb.go:120                 Options.optimize_filters_for_hits: 1
I200313 14:10:47.312668 57 storage/engine/rocksdb.go:120                 Options.paranoid_file_checks: 0
I200313 14:10:47.312688 57 storage/engine/rocksdb.go:120                 Options.force_consistency_checks: 0
I200313 14:10:47.312707 57 storage/engine/rocksdb.go:120                 Options.report_bg_io_stats: 0
I200313 14:10:47.312726 57 storage/engine/rocksdb.go:120                                Options.ttl: 0
I200313 14:10:47.312742 57 storage/engine/rocksdb.go:120           Options.periodic_compaction_seconds: 0
I200313 14:10:47.315615 57 storage/engine/rocksdb.go:120  [db/version_set.cc:4286] Recovered from manifest file:/cockroach/cockroach-data/cockroach-temp067164624/MANIFEST-000001 succeeded,manifest_file_number is 1, next_file_number is 3, last_sequence is 0, log_number is 0,prev_log_number is 0,max_column_family is 0,min_log_number_to_keep is 0
I200313 14:10:47.315638 57 storage/engine/rocksdb.go:120  [db/version_set.cc:4295] Column family [default] (ID 0), log number is 0
I200313 14:10:47.339274 57 storage/engine/rocksdb.go:120  DB pointer 0x7f0d20ca1000
I200313 14:10:47.371649 57 storage/engine/rocksdb.go:120  RocksDB version: 6.2.1
I200313 14:10:47.371673 57 storage/engine/rocksdb.go:120  Git sha rocksdb_build_git_sha:@b7009236531fa784872f4823eabf393501e41bf2@
I200313 14:10:47.371726 57 storage/engine/rocksdb.go:120  Compile date Feb  6 2020
I200313 14:10:47.371764 57 storage/engine/rocksdb.go:120  DB SUMMARY
I200313 14:10:47.376767 57 storage/engine/rocksdb.go:120  CURRENT file:  CURRENT
I200313 14:10:47.376808 57 storage/engine/rocksdb.go:120  IDENTITY file:  IDENTITY
I200313 14:10:47.378015 57 storage/engine/rocksdb.go:120  MANIFEST file:  MANIFEST-000005 size: 94 Bytes
I200313 14:10:47.378041 57 storage/engine/rocksdb.go:120  SST files in /cockroach/cockroach-data dir, Total Num: 1, files: 000004.sst 
I200313 14:10:47.378060 57 storage/engine/rocksdb.go:120  Write Ahead Log file in /cockroach/cockroach-data: 000006.log size: 5123 ; 
I200313 14:10:47.378080 57 storage/engine/rocksdb.go:120                          Options.error_if_exists: 0
I200313 14:10:47.378111 57 storage/engine/rocksdb.go:120                        Options.create_if_missing: 1
I200313 14:10:47.378145 57 storage/engine/rocksdb.go:120                          Options.paranoid_checks: 1
I200313 14:10:47.378178 57 storage/engine/rocksdb.go:120                                      Options.env: 0x756aca0
I200313 14:10:47.378197 57 storage/engine/rocksdb.go:120                                 Options.info_log: 0x7f0d1c219080
I200313 14:10:47.378216 57 storage/engine/rocksdb.go:120                 Options.max_file_opening_threads: 16
I200313 14:10:47.378239 57 storage/engine/rocksdb.go:120                               Options.statistics: 0x7f0d1c21f010
I200313 14:10:47.378261 57 storage/engine/rocksdb.go:120                                Options.use_fsync: 0
I200313 14:10:47.378309 57 storage/engine/rocksdb.go:120                        Options.max_log_file_size: 0
I200313 14:10:47.378328 57 storage/engine/rocksdb.go:120                   Options.max_manifest_file_size: 134217728
I200313 14:10:47.378347 57 storage/engine/rocksdb.go:120                    Options.log_file_time_to_roll: 0
I200313 14:10:47.378366 57 storage/engine/rocksdb.go:120                        Options.keep_log_file_num: 1000
I200313 14:10:47.378385 57 storage/engine/rocksdb.go:120                     Options.recycle_log_file_num: 1
I200313 14:10:47.378403 57 storage/engine/rocksdb.go:120                          Options.allow_fallocate: 1
I200313 14:10:47.378422 57 storage/engine/rocksdb.go:120                         Options.allow_mmap_reads: 0
I200313 14:10:47.378437 57 storage/engine/rocksdb.go:120                        Options.allow_mmap_writes: 0
I200313 14:10:47.378456 57 storage/engine/rocksdb.go:120                         Options.use_direct_reads: 0
I200313 14:10:47.378475 57 storage/engine/rocksdb.go:120                         Options.use_direct_io_for_flush_and_compaction: 0
I200313 14:10:47.378503 57 storage/engine/rocksdb.go:120           Options.create_missing_column_families: 0
I200313 14:10:47.378520 57 storage/engine/rocksdb.go:120                               Options.db_log_dir: 
I200313 14:10:47.378543 57 storage/engine/rocksdb.go:120                                  Options.wal_dir: /cockroach/cockroach-data
I200313 14:10:47.378562 57 storage/engine/rocksdb.go:120                 Options.table_cache_numshardbits: 6
I200313 14:10:47.378581 57 storage/engine/rocksdb.go:120                       Options.max_subcompactions: 1
I200313 14:10:47.378610 57 storage/engine/rocksdb.go:120                   Options.max_background_flushes: -1
I200313 14:10:47.378635 57 storage/engine/rocksdb.go:120                          Options.WAL_ttl_seconds: 0
I200313 14:10:47.378664 57 storage/engine/rocksdb.go:120                        Options.WAL_size_limit_MB: 0
I200313 14:10:47.378680 57 storage/engine/rocksdb.go:120              Options.manifest_preallocation_size: 4194304
I200313 14:10:47.378699 57 storage/engine/rocksdb.go:120                      Options.is_fd_close_on_exec: 1
I200313 14:10:47.378719 57 storage/engine/rocksdb.go:120                    Options.advise_random_on_open: 1
I200313 14:10:47.378738 57 storage/engine/rocksdb.go:120                     Options.db_write_buffer_size: 0
I200313 14:10:47.378760 57 storage/engine/rocksdb.go:120                     Options.write_buffer_manager: 0x7f0d1c287030
I200313 14:10:47.378779 57 storage/engine/rocksdb.go:120          Options.access_hint_on_compaction_start: 1
I200313 14:10:47.378801 57 storage/engine/rocksdb.go:120   Options.new_table_reader_for_compaction_inputs: 0
I200313 14:10:47.378824 57 storage/engine/rocksdb.go:120            Options.random_access_max_buffer_size: 1048576
I200313 14:10:47.378847 57 storage/engine/rocksdb.go:120                       Options.use_adaptive_mutex: 0
I200313 14:10:47.378876 57 storage/engine/rocksdb.go:120                             Options.rate_limiter: (nil)
I200313 14:10:47.378990 57 storage/engine/rocksdb.go:120      Options.sst_file_manager.rate_bytes_per_sec: 0
I200313 14:10:47.379011 57 storage/engine/rocksdb.go:120                        Options.wal_recovery_mode: 0
I200313 14:10:47.379034 57 storage/engine/rocksdb.go:120                   Options.enable_thread_tracking: 0
I200313 14:10:47.379054 57 storage/engine/rocksdb.go:120                   Options.enable_pipelined_write: 0
I200313 14:10:47.379074 57 storage/engine/rocksdb.go:120          Options.allow_concurrent_memtable_write: 1
I200313 14:10:47.379091 57 storage/engine/rocksdb.go:120       Options.enable_write_thread_adaptive_yield: 1
I200313 14:10:47.379110 57 storage/engine/rocksdb.go:120              Options.write_thread_max_yield_usec: 100
I200313 14:10:47.379129 57 storage/engine/rocksdb.go:120             Options.write_thread_slow_yield_usec: 3
I200313 14:10:47.379150 57 storage/engine/rocksdb.go:120                                Options.row_cache: None
I200313 14:10:47.379168 57 storage/engine/rocksdb.go:120                               Options.wal_filter: None
I200313 14:10:47.379188 57 storage/engine/rocksdb.go:120              Options.avoid_flush_during_recovery: 0
I200313 14:10:47.379295 57 storage/engine/rocksdb.go:120              Options.allow_ingest_behind: 0
I200313 14:10:47.379316 57 storage/engine/rocksdb.go:120              Options.preserve_deletes: 0
I200313 14:10:47.379335 57 storage/engine/rocksdb.go:120              Options.two_write_queues: 0
I200313 14:10:47.379354 57 storage/engine/rocksdb.go:120              Options.manual_wal_flush: 1
I200313 14:10:47.379373 57 storage/engine/rocksdb.go:120              Options.atomic_flush: 0
I200313 14:10:47.379392 57 storage/engine/rocksdb.go:120              Options.avoid_unnecessary_blocking_io: 0
I200313 14:10:47.379417 57 storage/engine/rocksdb.go:120              Options.max_background_jobs: 4
I200313 14:10:47.379436 57 storage/engine/rocksdb.go:120              Options.max_background_compactions: -1
I200313 14:10:47.379454 57 storage/engine/rocksdb.go:120              Options.avoid_flush_during_shutdown: 0
I200313 14:10:47.379473 57 storage/engine/rocksdb.go:120            Options.writable_file_max_buffer_size: 1048576
I200313 14:10:47.379492 57 storage/engine/rocksdb.go:120              Options.delayed_write_rate : 16777216
I200313 14:10:47.379511 57 storage/engine/rocksdb.go:120              Options.max_total_wal_size: 0
I200313 14:10:47.379566 57 storage/engine/rocksdb.go:120              Options.delete_obsolete_files_period_micros: 21600000000
I200313 14:10:47.379605 57 storage/engine/rocksdb.go:120                    Options.stats_dump_period_sec: 0
I200313 14:10:47.379624 57 storage/engine/rocksdb.go:120                  Options.stats_persist_period_sec: 600
I200313 14:10:47.379642 57 storage/engine/rocksdb.go:120                  Options.stats_history_buffer_size: 1048576
I200313 14:10:47.379661 57 storage/engine/rocksdb.go:120                           Options.max_open_files: 1043576
I200313 14:10:47.379679 57 storage/engine/rocksdb.go:120                           Options.bytes_per_sync: 524288
I200313 14:10:47.379697 57 storage/engine/rocksdb.go:120                       Options.wal_bytes_per_sync: 0
I200313 14:10:47.379715 57 storage/engine/rocksdb.go:120                    Options.strict_bytes_per_sync: 1
I200313 14:10:47.379733 57 storage/engine/rocksdb.go:120        Options.compaction_readahead_size: 0
I200313 14:10:47.379752 57 storage/engine/rocksdb.go:120  Compression algorithms supported:
I200313 14:10:47.379771 57 storage/engine/rocksdb.go:120  	kZSTDNotFinalCompression supported: 0
I200313 14:10:47.379790 57 storage/engine/rocksdb.go:120  	kZSTD supported: 0
I200313 14:10:47.379808 57 storage/engine/rocksdb.go:120  	kXpressCompression supported: 0
I200313 14:10:47.379826 57 storage/engine/rocksdb.go:120  	kLZ4HCCompression supported: 0
I200313 14:10:47.379844 57 storage/engine/rocksdb.go:120  	kLZ4Compression supported: 0
I200313 14:10:47.379863 57 storage/engine/rocksdb.go:120  	kBZip2Compression supported: 0
I200313 14:10:47.379881 57 storage/engine/rocksdb.go:120  	kZlibCompression supported: 0
I200313 14:10:47.379899 57 storage/engine/rocksdb.go:120  	kSnappyCompression supported: 1
I200313 14:10:47.379929 57 storage/engine/rocksdb.go:120  Fast CRC32 supported: Supported on x86
I200313 14:10:47.389070 57 storage/engine/rocksdb.go:120  [db/version_set.cc:4072] Recovering from manifest file: /cockroach/cockroach-data/MANIFEST-000005
I200313 14:10:47.390621 57 storage/engine/rocksdb.go:120  [db/column_family.cc:488] --------------- Options for column family [default]:
I200313 14:10:47.390645 57 storage/engine/rocksdb.go:120                Options.comparator: cockroach_comparator
I200313 14:10:47.390665 57 storage/engine/rocksdb.go:120            Options.merge_operator: cockroach_merge_operator
I200313 14:10:47.390681 57 storage/engine/rocksdb.go:120         Options.compaction_filter: None
I200313 14:10:47.390700 57 storage/engine/rocksdb.go:120         Options.compaction_filter_factory: None
I200313 14:10:47.390720 57 storage/engine/rocksdb.go:120          Options.memtable_factory: SkipListFactory
I200313 14:10:47.390739 57 storage/engine/rocksdb.go:120             Options.table_factory: BlockBasedTable
I200313 14:10:47.390805 57 storage/engine/rocksdb.go:120             table_factory options:   flush_block_policy_factory: FlushBlockBySizePolicyFactory (0x7f0d1c21d028)
  cache_index_and_filter_blocks: 0
  cache_index_and_filter_blocks_with_high_priority: 0
  pin_l0_filter_and_index_blocks_in_cache: 0
  pin_top_level_index_and_filter: 1
  index_type: 0
  data_block_index_type: 0
  index_shortening: 1
  data_block_hash_table_util_ratio: 0.750000
  hash_index_allow_collision: 1
  checksum: 1
  no_block_cache: 0
  block_cache: 0x7f0d1c20e010
  block_cache_name: LRUCache
  block_cache_options:
    capacity : 67108864
    num_shard_bits : 4
    strict_capacity_limit : 0
    memory_allocator : None
    high_pri_pool_ratio: 0.000
  block_cache_compressed: (nil)
  persistent_cache: (nil)
  block_size: 32768
  block_size_deviation: 10
  block_restart_interval: 16
  index_block_restart_interval: 1
  metadata_block_size: 4096
  partition_filters: 0
  use_delta_encoding: 1
  filter_policy: rocksdb.BuiltinBloomFilter
  whole_key_filtering: 0
  verify_compression: 0
  read_amp_bytes_per_bit: 0
  format_version: 2
  enable_index_compression: 1
  block_align: 0
I200313 14:10:47.390827 57 storage/engine/rocksdb.go:120         Options.write_buffer_size: 67108864
I200313 14:10:47.390847 57 storage/engine/rocksdb.go:120   Options.max_write_buffer_number: 4
I200313 14:10:47.390866 57 storage/engine/rocksdb.go:120           Options.compression: Snappy
I200313 14:10:47.390899 57 storage/engine/rocksdb.go:120                   Options.bottommost_compression: Disabled
I200313 14:10:47.390928 57 storage/engine/rocksdb.go:120        Options.prefix_extractor: cockroach_prefix_extractor
I200313 14:10:47.390948 57 storage/engine/rocksdb.go:120    Options.memtable_insert_with_hint_prefix_extractor: nullptr
I200313 14:10:47.390961 57 storage/engine/rocksdb.go:120              Options.num_levels: 7
I200313 14:10:47.390983 57 storage/engine/rocksdb.go:120         Options.min_write_buffer_number_to_merge: 1
I200313 14:10:47.391002 57 storage/engine/rocksdb.go:120      Options.max_write_buffer_number_to_maintain: 0
I200313 14:10:47.391022 57 storage/engine/rocksdb.go:120             Options.bottommost_compression_opts.window_bits: -14
I200313 14:10:47.391045 57 storage/engine/rocksdb.go:120                   Options.bottommost_compression_opts.level: 32767
I200313 14:10:47.391066 57 storage/engine/rocksdb.go:120                Options.bottommost_compression_opts.strategy: 0
I200313 14:10:47.391089 57 storage/engine/rocksdb.go:120          Options.bottommost_compression_opts.max_dict_bytes: 0
I200313 14:10:47.391109 57 storage/engine/rocksdb.go:120          Options.bottommost_compression_opts.zstd_max_train_bytes: 0
I200313 14:10:47.391128 57 storage/engine/rocksdb.go:120                   Options.bottommost_compression_opts.enabled: false
I200313 14:10:47.391149 57 storage/engine/rocksdb.go:120             Options.compression_opts.window_bits: -14
I200313 14:10:47.391172 57 storage/engine/rocksdb.go:120                   Options.compression_opts.level: 32767
I200313 14:10:47.391191 57 storage/engine/rocksdb.go:120                Options.compression_opts.strategy: 0
I200313 14:10:47.391207 57 storage/engine/rocksdb.go:120          Options.compression_opts.max_dict_bytes: 0
I200313 14:10:47.391226 57 storage/engine/rocksdb.go:120          Options.compression_opts.zstd_max_train_bytes: 0
I200313 14:10:47.391245 57 storage/engine/rocksdb.go:120                   Options.compression_opts.enabled: false
I200313 14:10:47.391267 57 storage/engine/rocksdb.go:120       Options.level0_file_num_compaction_trigger: 2
I200313 14:10:47.391303 57 storage/engine/rocksdb.go:120           Options.level0_slowdown_writes_trigger: 950
I200313 14:10:47.391325 57 storage/engine/rocksdb.go:120               Options.level0_stop_writes_trigger: 1000
I200313 14:10:47.391348 57 storage/engine/rocksdb.go:120                    Options.target_file_size_base: 4194304
I200313 14:10:47.391367 57 storage/engine/rocksdb.go:120              Options.target_file_size_multiplier: 2
I200313 14:10:47.391379 57 storage/engine/rocksdb.go:120                 Options.max_bytes_for_level_base: 67108864
I200313 14:10:47.391398 57 storage/engine/rocksdb.go:120  Options.level_compaction_dynamic_level_bytes: 1
I200313 14:10:47.391418 57 storage/engine/rocksdb.go:120           Options.max_bytes_for_level_multiplier: 10.000000
I200313 14:10:47.391437 57 storage/engine/rocksdb.go:120  Options.max_bytes_for_level_multiplier_addtl[0]: 1
I200313 14:10:47.391453 57 storage/engine/rocksdb.go:120  Options.max_bytes_for_level_multiplier_addtl[1]: 1
I200313 14:10:47.391472 57 storage/engine/rocksdb.go:120  Options.max_bytes_for_level_multiplier_addtl[2]: 1
I200313 14:10:47.391487 57 storage/engine/rocksdb.go:120  Options.max_bytes_for_level_multiplier_addtl[3]: 1
I200313 14:10:47.391507 57 storage/engine/rocksdb.go:120  Options.max_bytes_for_level_multiplier_addtl[4]: 1
I200313 14:10:47.391530 57 storage/engine/rocksdb.go:120  Options.max_bytes_for_level_multiplier_addtl[5]: 1
I200313 14:10:47.391549 57 storage/engine/rocksdb.go:120  Options.max_bytes_for_level_multiplier_addtl[6]: 1
I200313 14:10:47.391568 57 storage/engine/rocksdb.go:120        Options.max_sequential_skip_in_iterations: 8
I200313 14:10:47.391587 57 storage/engine/rocksdb.go:120                     Options.max_compaction_bytes: 104857600
I200313 14:10:47.391607 57 storage/engine/rocksdb.go:120                         Options.arena_block_size: 8388608
I200313 14:10:47.391631 57 storage/engine/rocksdb.go:120    Options.soft_pending_compaction_bytes_limit: 2199023255552
I200313 14:10:47.391651 57 storage/engine/rocksdb.go:120    Options.hard_pending_compaction_bytes_limit: 4400193994752
I200313 14:10:47.391666 57 storage/engine/rocksdb.go:120        Options.rate_limit_delay_max_milliseconds: 100
I200313 14:10:47.391685 57 storage/engine/rocksdb.go:120                 Options.disable_auto_compactions: 0
I200313 14:10:47.391705 57 storage/engine/rocksdb.go:120                         Options.compaction_style: kCompactionStyleLevel
I200313 14:10:47.391725 57 storage/engine/rocksdb.go:120                           Options.compaction_pri: kMinOverlappingRatio
I200313 14:10:47.391744 57 storage/engine/rocksdb.go:120  Options.compaction_options_universal.size_ratio: 1
I200313 14:10:47.391762 57 storage/engine/rocksdb.go:120  Options.compaction_options_universal.min_merge_width: 2
I200313 14:10:47.391781 57 storage/engine/rocksdb.go:120  Options.compaction_options_universal.max_merge_width: 4294967295
I200313 14:10:47.391798 57 storage/engine/rocksdb.go:120  Options.compaction_options_universal.max_size_amplification_percent: 200
I200313 14:10:47.391817 57 storage/engine/rocksdb.go:120  Options.compaction_options_universal.compression_size_percent: -1
I200313 14:10:47.391836 57 storage/engine/rocksdb.go:120  Options.compaction_options_universal.stop_style: kCompactionStopStyleTotalSize
I200313 14:10:47.391856 57 storage/engine/rocksdb.go:120  Options.compaction_options_fifo.max_table_files_size: 1073741824
I200313 14:10:47.391879 57 storage/engine/rocksdb.go:120  Options.compaction_options_fifo.allow_compaction: 0
I200313 14:10:47.391902 57 storage/engine/rocksdb.go:120                    Options.table_properties_collectors: TimeBoundTblPropCollectorFactory; DeleteRangeTblPropCollectorFactory; 
I200313 14:10:47.391921 57 storage/engine/rocksdb.go:120                    Options.inplace_update_support: 0
I200313 14:10:47.391948 57 storage/engine/rocksdb.go:120                  Options.inplace_update_num_locks: 10000
I200313 14:10:47.391972 57 storage/engine/rocksdb.go:120                Options.memtable_prefix_bloom_size_ratio: 0.000000
I200313 14:10:47.391986 57 storage/engine/rocksdb.go:120                Options.memtable_whole_key_filtering: 0
I200313 14:10:47.392004 57 storage/engine/rocksdb.go:120    Options.memtable_huge_page_size: 0
I200313 14:10:47.392018 57 storage/engine/rocksdb.go:120                            Options.bloom_locality: 0
I200313 14:10:47.392037 57 storage/engine/rocksdb.go:120                     Options.max_successive_merges: 0
I200313 14:10:47.392050 57 storage/engine/rocksdb.go:120                 Options.optimize_filters_for_hits: 1
I200313 14:10:47.392069 57 storage/engine/rocksdb.go:120                 Options.paranoid_file_checks: 0
I200313 14:10:47.392087 57 storage/engine/rocksdb.go:120                 Options.force_consistency_checks: 0
I200313 14:10:47.392102 57 storage/engine/rocksdb.go:120                 Options.report_bg_io_stats: 0
I200313 14:10:47.392115 57 storage/engine/rocksdb.go:120                                Options.ttl: 0
I200313 14:10:47.392130 57 storage/engine/rocksdb.go:120           Options.periodic_compaction_seconds: 0
I200313 14:10:47.396500 57 storage/engine/rocksdb.go:120  [db/version_set.cc:4286] Recovered from manifest file:/cockroach/cockroach-data/MANIFEST-000005 succeeded,manifest_file_number is 5, next_file_number is 7, last_sequence is 323, log_number is 4,prev_log_number is 0,max_column_family is 0,min_log_number_to_keep is 0
I200313 14:10:47.396527 57 storage/engine/rocksdb.go:120  [db/version_set.cc:4295] Column family [default] (ID 0), log number is 4
I200313 14:10:47.405660 57 storage/engine/rocksdb.go:120  EVENT_LOG_v1 {"time_micros": 1584108647405607, "job": 1, "event": "recovery_started", "log_files": [6]}
I200313 14:10:47.405693 57 storage/engine/rocksdb.go:120  [db/db_impl_open.cc:598] Recovering log #6 mode 0
I200313 14:10:47.413873 57 storage/engine/rocksdb.go:120  EVENT_LOG_v1 {"time_micros": 1584108647413781, "cf_name": "default", "job": 1, "event": "table_file_creation", "file_number": 7, "file_size": 1180, "table_properties": {"data_size": 151, "index_size": 34, "index_partitions": 0, "top_level_index_size": 0, "index_key_is_user_key": 0, "index_value_is_delta_encoded": 0, "filter_size": 69, "raw_key_size": 45, "raw_average_key_size": 15, "raw_value_size": 116, "raw_average_value_size": 38, "num_data_blocks": 1, "num_entries": 3, "num_deletions": 0, "num_merge_operands": 0, "num_range_deletions": 0, "format_version": 0, "fixed_key_len": 0, "filter_policy": "rocksdb.BuiltinBloomFilter", "column_family_name": "default", "column_family_id": 0, "comparator": "cockroach_comparator", "merge_operator": "cockroach_merge_operator", "prefix_extractor_name": "cockroach_prefix_extractor", "property_collectors": "[TimeBoundTblPropCollectorFactory,DeleteRangeTblPropCollectorFactory]", "compression": "Snappy", "compression_options": "window_bits=-14; level=32767; strategy=0; max_dict_bytes=0; zstd_max_train_bytes=0; enabled=0; ", "creation_time": 1584108647, "oldest_key_time": 3, "file_creation_time": 0}}
I200313 14:10:47.413982 57 storage/engine/rocksdb.go:120  [db/version_set.cc:3560] Creating manifest 8
I200313 14:10:47.423939 57 storage/engine/rocksdb.go:120  EVENT_LOG_v1 {"time_micros": 1584108647423870, "job": 1, "event": "recovery_finished"}
I200313 14:10:47.443200 17 storage/engine/rocksdb.go:120  [db/compaction_job.cc:1647] [default] [JOB 3] Compacting 2@0 files to L6, score 1.00
I200313 14:10:47.443256 17 storage/engine/rocksdb.go:120  [db/compaction_job.cc:1651] [default] Compaction start summary: Base version 2 Base level 0, inputs: [7(1180B) 4(1230B)]
I200313 14:10:47.443329 17 storage/engine/rocksdb.go:120  EVENT_LOG_v1 {"time_micros": 1584108647443291, "job": 3, "event": "compaction_started", "compaction_reason": "LevelL0FilesNum", "files_L0": [7, 4], "score": 1, "input_data_size": 2410}
I200313 14:10:47.447241 17 storage/engine/rocksdb.go:120  [db/compaction_job.cc:1334] [default] [JOB 3] Generated table #12: 4 keys, 1116 bytes
I200313 14:10:47.447350 17 storage/engine/rocksdb.go:120  EVENT_LOG_v1 {"time_micros": 1584108647447300, "cf_name": "default", "job": 3, "event": "table_file_creation", "file_number": 12, "file_size": 1116, "table_properties": {"data_size": 184, "index_size": 34, "index_partitions": 0, "top_level_index_size": 0, "index_key_is_user_key": 0, "index_value_is_delta_encoded": 0, "filter_size": 0, "raw_key_size": 60, "raw_average_key_size": 15, "raw_value_size": 157, "raw_average_value_size": 39, "num_data_blocks": 1, "num_entries": 4, "num_deletions": 0, "num_merge_operands": 0, "num_range_deletions": 0, "format_version": 0, "fixed_key_len": 0, "filter_policy": "rocksdb.BuiltinBloomFilter", "column_family_name": "default", "column_family_id": 0, "comparator": "cockroach_comparator", "merge_operator": "cockroach_merge_operator", "prefix_extractor_name": "cockroach_prefix_extractor", "property_collectors": "[TimeBoundTblPropCollectorFactory,DeleteRangeTblPropCollectorFactory]", "compression": "Snappy", "compression_options": "window_bits=-14; level=32767; strategy=0; max_dict_bytes=0; zstd_max_train_bytes=0; enabled=0; ", "creation_time": 1584108647, "oldest_key_time": 0, "file_creation_time": 1584108647}}
I200313 14:10:47.448175 57 storage/engine/rocksdb.go:120  DB pointer 0x7f0d1c294000
I200313 14:10:47.449889 17 storage/engine/rocksdb.go:120  [db/compaction_job.cc:1397] [default] [JOB 3] Compacted 2@0 files to L6 => 1116 bytes
I200313 14:10:47.449936 17 storage/engine/rocksdb.go:120  [db/version_set.cc:3086] More existing levels in DB than needed. max_bytes_for_level_multiplier may not be guaranteed.
I200313 14:10:47.450713 17 storage/engine/rocksdb.go:120  (Original Log Time 2020/03/13-14:10:47.450556) [db/compaction_job.cc:770] [default] compacted to: base level 6 level multiplier 10.00 max bytes base 67108864 files[0 0 0 0 0 0 1] max score 0.00, MB/sec: 0.5 rd, 0.2 wr, level 6, files in(2, 0) out(1) MB in(0.0, 0.0) out(0.0), read-write-amplify(1.5) write-amplify(0.5) OK, records in: 7, records dropped: 3 output_compression: Snappy
I200313 14:10:47.450751 17 storage/engine/rocksdb.go:120  (Original Log Time 2020/03/13-14:10:47.450602) EVENT_LOG_v1 {"time_micros": 1584108647450577, "job": 3, "event": "compaction_finished", "compaction_time_micros": 4524, "compaction_time_cpu_micros": 1132, "output_level": 6, "num_output_files": 1, "total_output_size": 1116, "num_input_records": 7, "num_output_records": 4, "num_subcompactions": 1, "output_compression": "Snappy", "num_single_delete_mismatches": 0, "num_single_delete_fallthrough": 0, "lsm_state": [0, 0, 0, 0, 0, 0, 1]}
I200313 14:10:47.451876 17 storage/engine/rocksdb.go:120  EVENT_LOG_v1 {"time_micros": 1584108647451841, "job": 3, "event": "table_file_deletion", "file_number": 7}
I200313 14:10:47.453228 17 storage/engine/rocksdb.go:120  EVENT_LOG_v1 {"time_micros": 1584108647453135, "job": 3, "event": "table_file_deletion", "file_number": 4}
I200313 14:10:54.289165 330 storage/engine/rocksdb.go:120  bloom filter utility:    -nan%
I200313 14:10:54.290854 330 storage/engine/rocksdb.go:120  [db/db_impl.cc:392] Shutdown: canceling all background work
I200313 14:10:54.295949 330 storage/engine/rocksdb.go:120  [db/db_impl.cc:565] Shutdown complete
I200313 14:10:54.312431 330 storage/engine/rocksdb.go:120  bloom filter utility:    -nan%
I200313 14:10:54.312791 330 storage/engine/rocksdb.go:120  [db/db_impl.cc:392] Shutdown: canceling all background work
I200313 14:10:54.317748 330 storage/engine/rocksdb.go:120  [db/db_impl.cc:565] Shutdown complete
