I200313 14:32:34.388189 1 util/log/clog.go:1196  [config] file created at: 2020/03/13 14:32:34
I200313 14:32:34.388189 1 util/log/clog.go:1196  [config] running on machine: 27c1a1f5a240
I200313 14:32:34.388189 1 util/log/clog.go:1196  [config] binary: CockroachDB CCL v19.2.4 (x86_64-unknown-linux-gnu, built 2020/02/06 21:55:19, go1.12.12)
I200313 14:32:34.388189 1 util/log/clog.go:1196  [config] arguments: [/cockroach/cockroach start --insecure]
I200313 14:32:34.388189 1 util/log/clog.go:1196  line format: [IWEF]yymmdd hh:mm:ss.uuuuuu goid file:line msg utf8=✓
I200313 14:32:34.388175 1 cli/start.go:1144  logging to directory /cockroach/cockroach-data/logs
W200313 14:32:34.392679 1 cli/start.go:1182  RUNNING IN INSECURE MODE!

- Your cluster is open for any client that can access <all your IP addresses>.
- Any user, even root, can log in without providing a password.
- Any user, connecting as root, can read or write any data in your cluster.
- There is no network encryption nor authentication, and thus no confidentiality.

Check out how to secure your cluster: https://www.cockroachlabs.com/docs/v19.2/secure-a-cluster.html
I200313 14:32:34.393223 1 server/status/recorder.go:597  available memory from cgroups is unsupported, using system memory 2.0 GiB instead: failed to find cgroup memory limit
W200313 14:32:34.393489 1 cli/start.go:1052  Using the default setting for --cache (128 MiB).
  A significantly larger value is usually needed for good performance.
  If you have a dedicated server a reasonable setting is --cache=.25 (500 MiB).
I200313 14:32:34.393779 1 server/status/recorder.go:597  available memory from cgroups is unsupported, using system memory 2.0 GiB instead: failed to find cgroup memory limit
W200313 14:32:34.393832 1 cli/start.go:1065  Using the default setting for --max-sql-memory (128 MiB).
  A significantly larger value is usually needed in production.
  If you have a dedicated server a reasonable setting is --max-sql-memory=.25 (500 MiB).
I200313 14:32:34.394625 1 server/status/recorder.go:597  available memory from cgroups is unsupported, using system memory 2.0 GiB instead: failed to find cgroup memory limit
I200313 14:32:34.394670 1 cli/start.go:1196  CockroachDB CCL v19.2.4 (x86_64-unknown-linux-gnu, built 2020/02/06 21:55:19, go1.12.12)
W200313 14:32:34.536647 1 cli/start.go:511  running 'cockroach start' without --join is deprecated.
Consider using 'cockroach start-single-node' or 'cockroach init' instead.
I200313 14:32:34.550215 1 server/status/recorder.go:597  available memory from cgroups is unsupported, using system memory 2.0 GiB instead: failed to find cgroup memory limit
I200313 14:32:34.550279 1 server/config.go:394  system total memory: 2.0 GiB
I200313 14:32:34.550363 1 server/config.go:396  server configuration:
max offset             500000000
cache size             128 MiB
SQL memory pool size   128 MiB
scan interval          10m0s
scan min idle time     10ms
scan max idle time     1s
event log enabled      true
I200313 14:32:34.550424 1 cli/start.go:1030  using local environment variables: COCKROACH_CHANNEL=official-docker
I200313 14:32:34.550483 1 cli/start.go:1037  process identity: uid 0 euid 0 gid 0 egid 0
I200313 14:32:34.550655 1 cli/start.go:644  starting cockroach node
I200313 14:32:34.553713 13 storage/engine/rocksdb.go:622  opening rocksdb instance at "/cockroach/cockroach-data/cockroach-temp841279696"
I200313 14:32:34.625629 13 server/server.go:928  [n?] monitoring forward clock jumps based on server.clock.forward_jump_check_enabled
I200313 14:32:34.626967 13 storage/engine/rocksdb.go:622  opening rocksdb instance at "/cockroach/cockroach-data"
I200313 14:32:34.740125 13 server/config.go:502  [n?] 1 storage engine initialized
I200313 14:32:34.740239 13 server/config.go:505  [n?] RocksDB cache size: 128 MiB
I200313 14:32:34.740273 13 server/config.go:505  [n?] store 0: RocksDB, max size 0 B, max open file limit 1043576
W200313 14:32:34.750477 13 cli/start.go:996  neither --listen-addr nor --advertise-addr was specified.
The server will advertise "27c1a1f5a240" to other nodes, is this routable?

Consider using:
- for local-only servers:  --listen-addr=localhost
- for multi-node clusters: --advertise-addr=<host/IP addr>
I200313 14:32:34.751593 13 server/server.go:978  [n?] Sleeping till wall time 1584109954751530200 to catches up to 1584109955125563801 to ensure monotonicity. Delta: 374.033601ms
I200313 14:32:35.134918 13 gossip/gossip.go:394  [n1] NodeDescriptor set to node_id:1 address:<network_field:"tcp" address_field:"27c1a1f5a240:26257" > attrs:<> locality:<> ServerVersion:<major_val:19 minor_val:2 patch:0 unstable:0 > build_tag:"v19.2.4" started_at:1584109955134531200 cluster_name:"" sql_address:<network_field:"tcp" address_field:"27c1a1f5a240:26257" > 
W200313 14:32:35.161609 151 storage/replica_range_lease.go:554  can't determine lease status due to node liveness error: node not in the liveness table
github.com/cockroachdb/cockroach/pkg/storage.init.ializers
	/go/src/github.com/cockroachdb/cockroach/pkg/storage/node_liveness.go:44
runtime.main
	/usr/local/go/src/runtime/proc.go:188
runtime.goexit
	/usr/local/go/src/runtime/asm_amd64.s:1337
W200313 14:32:35.161719 151 storage/store.go:1530  [n1,s1,r6/1:/Table/{SystemCon…-11}] could not gossip system config: [NotLeaseHolderError] r6: replica (n1,s1):1 not lease holder; lease holder unknown
I200313 14:32:35.202456 13 server/node.go:431  [n1] initialized store [n1,s1]: disk (capacity=58 TiB, available=32 TiB, used=1.2 MiB, logicalBytes=12 MiB), ranges=24, leases=2, queries=0.00, writes=0.00, bytesPerReplica={p10=0.00 p25=0.00 p50=0.00 p75=2439.00 p90=16062.00 pMax=12425358.00}, writesPerReplica={p10=0.00 p25=0.00 p50=0.00 p75=0.00 p90=0.00 pMax=0.00}
I200313 14:32:35.202677 13 storage/stores.go:240  [n1] read 1 node addresses from persistent storage
I200313 14:32:35.202949 13 server/node.go:645  [n1] connecting to gossip network to verify cluster ID...
I200313 14:32:35.203024 13 server/node.go:665  [n1] node connected via gossip and verified as part of cluster "658b6d5e-e699-44c5-895d-ae8ec745f62b"
I200313 14:32:35.203193 13 server/node.go:512  [n1] node=1: started with [<no-attributes>=/cockroach/cockroach-data] engine(s) and attributes []
I200313 14:32:35.204348 13 server/server.go:1514  [n1] starting http server at [::]:8080 (use: 27c1a1f5a240:8080)
I200313 14:32:35.204389 13 server/server.go:1521  [n1] starting grpc/postgres server at [::]:26257
I200313 14:32:35.204428 13 server/server.go:1522  [n1] advertising CockroachDB node at 27c1a1f5a240:26257
I200313 14:32:35.258323 13 server/server.go:1590  [n1] done ensuring all necessary migrations have run
I200313 14:32:35.258417 13 server/server.go:1841  [n1] serving sql connections
I200313 14:32:35.258554 13 cli/start.go:803  [config] clusterID: 658b6d5e-e699-44c5-895d-ae8ec745f62b
I200313 14:32:35.258599 13 cli/start.go:812  node startup completed:
CockroachDB node starting at 2020-03-13 14:32:35.2584769 +0000 UTC (took 0.9s)
build:               CCL v19.2.4 @ 2020/02/06 21:55:19 (go1.12.12)
webui:               http://27c1a1f5a240:8080
sql:                 postgresql://root@27c1a1f5a240:26257?sslmode=disable
RPC client flags:    /cockroach/cockroach <client cmd> --host=27c1a1f5a240:26257 --insecure
logs:                /cockroach/cockroach-data/logs
temp dir:            /cockroach/cockroach-data/cockroach-temp841279696
external I/O path:   /cockroach/cockroach-data/extern
store[0]:            path=/cockroach/cockroach-data
status:              restarted pre-existing node
clusterID:           658b6d5e-e699-44c5-895d-ae8ec745f62b
nodeID:              1
I200313 14:32:35.263804 195 server/server_update.go:50  [n1] failed attempt to upgrade cluster version, error: node 2 not running (DEAD), cannot determine version
I200313 14:32:35.281252 197 sql/event_log.go:130  [n1] Event: "node_restart", target: 1, info: {Descriptor:{NodeID:1 Address:27c1a1f5a240:26257 Attrs: Locality: ServerVersion:19.2 BuildTag:v19.2.4 StartedAt:1584109955134531200 LocalityAddress:[] ClusterName: SQLAddress:27c1a1f5a240:26257} ClusterID:658b6d5e-e699-44c5-895d-ae8ec745f62b StartedAt:1584109955134531200 LastUp:1584109586218615000}
W200313 14:32:35.809951 100 gossip/gossip.go:1300  [n1] invalid bootstrap address: &{typ:tcp addr:3195b81d3530:26257}, lookup 3195b81d3530 on 127.0.0.11:53: no such host
I200313 14:32:36.225039 195 server/server_update.go:50  [n1] failed attempt to upgrade cluster version, error: node 2 not running (DEAD), cannot determine version
I200313 14:32:37.959924 195 server/server_update.go:50  [n1] failed attempt to upgrade cluster version, error: node 2 not running (DEAD), cannot determine version
I200313 14:32:41.412244 195 server/server_update.go:50  [n1] failed attempt to upgrade cluster version, error: node 2 not running (DEAD), cannot determine version
I200313 14:32:45.206316 168 server/status/runtime.go:498  [n1] runtime stats: 123 MiB RSS, 133 goroutines, 103 MiB/20 MiB/135 MiB GO alloc/idle/total, 14 MiB/20 MiB CGO alloc/total, 0.0 CGO/sec, 0.0/0.0 %(u/s)time, 0.0 %gc (9x), 26 KiB/17 KiB (r/w)net
I200313 14:32:49.468075 195 server/server_update.go:50  [n1] failed attempt to upgrade cluster version, error: node 2 not running (DEAD), cannot determine version
I200313 14:32:55.206997 168 server/status/runtime.go:498  [n1] runtime stats: 132 MiB RSS, 133 goroutines, 81 MiB/40 MiB/135 MiB GO alloc/idle/total, 14 MiB/20 MiB CGO alloc/total, 64.6 CGO/sec, 2.4/1.9 %(u/s)time, 0.0 %gc (1x), 8.1 KiB/5.7 KiB (r/w)net
I200313 14:32:55.254312 163 storage/store.go:2364  [n1,s1] sstables (read amplification = 1):
6 [ 374K 1 ]: 374K
I200313 14:32:55.254434 163 storage/store.go:2365  [n1,s1] 
** Compaction Stats [default] **
Level    Files   Size     Score Read(GB)  Rn(GB) Rnp1(GB) Write(GB) Wnew(GB) Moved(GB) W-Amp Rd(MB/s) Wr(MB/s) Comp(sec) CompMergeCPU(sec) Comp(cnt) Avg(sec) KeyIn KeyDrop
----------------------------------------------------------------------------------------------------------------------------------------------------------------------------
  L0      0/0    0.00 KB   0.0      0.0     0.0      0.0       0.0      0.0       0.0   1.0      0.0      3.5      0.02              0.00         1    0.023       0      0
  L6      1/0   373.88 KB   0.0      0.0     0.0      0.0       0.0     -0.0       0.0   2.6      8.6      6.0      0.06              0.05         1    0.061    7904   1021
 Sum      1/0   373.88 KB   0.0      0.0     0.0      0.0       0.0      0.0       0.0   5.6      6.3      5.3      0.08              0.05         2    0.042    7904   1021
 Int      0/0    0.00 KB   0.0      0.0     0.0      0.0       0.0      0.0       0.0   5.6      6.3      5.3      0.08              0.05         2    0.042    7904   1021

** Compaction Stats [default] **
Priority    Files   Size     Score Read(GB)  Rn(GB) Rnp1(GB) Write(GB) Wnew(GB) Moved(GB) W-Amp Rd(MB/s) Wr(MB/s) Comp(sec) CompMergeCPU(sec) Comp(cnt) Avg(sec) KeyIn KeyDrop
-------------------------------------------------------------------------------------------------------------------------------------------------------------------------------
 Low      0/0    0.00 KB   0.0      0.0     0.0      0.0       0.0     -0.0       0.0   0.0      8.6      6.0      0.06              0.05         1    0.061    7904   1021
User      0/0    0.00 KB   0.0      0.0     0.0      0.0       0.0      0.0       0.0   0.0      0.0      3.5      0.02              0.00         1    0.023       0      0
Uptime(secs): 20.6 total, 20.6 interval
Flush(GB): cumulative 0.000, interval 0.000
AddFile(GB): cumulative 0.000, interval 0.000
AddFile(Total Files): cumulative 0, interval 0
AddFile(L0 Files): cumulative 0, interval 0
AddFile(Keys): cumulative 0, interval 0
Cumulative compaction: 0.00 GB write, 0.02 MB/s write, 0.00 GB read, 0.03 MB/s read, 0.1 seconds
Interval compaction: 0.00 GB write, 0.02 MB/s write, 0.00 GB read, 0.03 MB/s read, 0.1 seconds
Stalls(count): 0 level0_slowdown, 0 level0_slowdown_with_compaction, 0 level0_numfiles, 0 level0_numfiles_with_compaction, 0 stop for pending_compaction_bytes, 0 slowdown for pending_compaction_bytes, 0 memtable_compaction, 0 memtable_slowdown, interval 0 total count
estimated_pending_compaction_bytes: 0 B
I200313 14:33:05.178444 168 server/status/runtime.go:498  [n1] runtime stats: 133 MiB RSS, 133 goroutines, 88 MiB/34 MiB/135 MiB GO alloc/idle/total, 14 MiB/21 MiB CGO alloc/total, 39.7 CGO/sec, 1.4/2.0 %(u/s)time, 0.0 %gc (0x), 8.0 KiB/5.7 KiB (r/w)net
I200313 14:33:05.977874 195 server/server_update.go:50  [n1] failed attempt to upgrade cluster version, error: node 2 not running (DEAD), cannot determine version
I200313 14:33:15.177609 168 server/status/runtime.go:498  [n1] runtime stats: 134 MiB RSS, 134 goroutines, 95 MiB/28 MiB/135 MiB GO alloc/idle/total, 14 MiB/21 MiB CGO alloc/total, 28.7 CGO/sec, 1.6/1.5 %(u/s)time, 0.0 %gc (0x), 7.3 KiB/5.4 KiB (r/w)net
I200313 14:33:25.177551 168 server/status/runtime.go:498  [n1] runtime stats: 135 MiB RSS, 134 goroutines, 102 MiB/21 MiB/135 MiB GO alloc/idle/total, 14 MiB/21 MiB CGO alloc/total, 29.8 CGO/sec, 0.8/2.3 %(u/s)time, 0.0 %gc (0x), 5.5 KiB/4.5 KiB (r/w)net
I200313 14:33:34.698114 195 server/server_update.go:50  [n1] failed attempt to upgrade cluster version, error: node 2 not running (DEAD), cannot determine version
I200313 14:33:35.136087 164 gossip/gossip.go:566  [n1] gossip status (ok, 1 node)
gossip client (0/3 cur/max conns)
gossip server (0/3 cur/max conns, infos 0/0 sent/received, bytes 0B/0B sent/received)
gossip connectivity
  n1 [sentinel];
I200313 14:33:35.144548 168 server/status/runtime.go:498  [n1] runtime stats: 135 MiB RSS, 134 goroutines, 108 MiB/15 MiB/135 MiB GO alloc/idle/total, 15 MiB/21 MiB CGO alloc/total, 29.8 CGO/sec, 1.1/1.6 %(u/s)time, 0.0 %gc (0x), 5.7 KiB/4.5 KiB (r/w)net
I200313 14:33:45.145668 168 server/status/runtime.go:498  [n1] runtime stats: 143 MiB RSS, 133 goroutines, 117 MiB/6.0 MiB/135 MiB GO alloc/idle/total, 15 MiB/22 MiB CGO alloc/total, 48.2 CGO/sec, 1.3/1.8 %(u/s)time, 0.0 %gc (0x), 5.6 KiB/4.5 KiB (r/w)net
I200313 14:33:55.145308 168 server/status/runtime.go:498  [n1] runtime stats: 151 MiB RSS, 133 goroutines, 125 MiB/62 MiB/201 MiB GO alloc/idle/total, 15 MiB/22 MiB CGO alloc/total, 22.7 CGO/sec, 1.1/2.2 %(u/s)time, 0.0 %gc (0x), 6.2 KiB/4.8 KiB (r/w)net
I200313 14:34:01.297827 195 server/server_update.go:50  [n1] failed attempt to upgrade cluster version, error: node 2 not running (DEAD), cannot determine version
I200313 14:34:05.111567 168 server/status/runtime.go:498  [n1] runtime stats: 159 MiB RSS, 133 goroutines, 79 MiB/105 MiB/201 MiB GO alloc/idle/total, 15 MiB/22 MiB CGO alloc/total, 31.6 CGO/sec, 1.2/2.6 %(u/s)time, 0.0 %gc (1x), 5.5 KiB/4.5 KiB (r/w)net
I200313 14:34:15.112970 168 server/status/runtime.go:498  [n1] runtime stats: 160 MiB RSS, 134 goroutines, 87 MiB/98 MiB/201 MiB GO alloc/idle/total, 15 MiB/22 MiB CGO alloc/total, 24.7 CGO/sec, 0.7/2.2 %(u/s)time, 0.0 %gc (0x), 6.1 KiB/4.8 KiB (r/w)net
I200313 14:34:25.112996 168 server/status/runtime.go:498  [n1] runtime stats: 160 MiB RSS, 134 goroutines, 94 MiB/91 MiB/201 MiB GO alloc/idle/total, 15 MiB/22 MiB CGO alloc/total, 24.8 CGO/sec, 0.8/2.1 %(u/s)time, 0.0 %gc (0x), 5.5 KiB/4.5 KiB (r/w)net
I200313 14:34:27.697625 195 server/server_update.go:50  [n1] failed attempt to upgrade cluster version, error: node 2 not running (DEAD), cannot determine version
I200313 14:34:35.070286 164 gossip/gossip.go:566  [n1] gossip status (ok, 1 node)
gossip client (0/3 cur/max conns)
gossip server (0/3 cur/max conns, infos 0/0 sent/received, bytes 0B/0B sent/received)
I200313 14:34:35.079217 168 server/status/runtime.go:498  [n1] runtime stats: 160 MiB RSS, 134 goroutines, 101 MiB/85 MiB/201 MiB GO alloc/idle/total, 16 MiB/22 MiB CGO alloc/total, 29.3 CGO/sec, 1.1/2.1 %(u/s)time, 0.0 %gc (0x), 5.5 KiB/4.5 KiB (r/w)net
I200313 14:34:45.079675 168 server/status/runtime.go:498  [n1] runtime stats: 160 MiB RSS, 133 goroutines, 108 MiB/79 MiB/202 MiB GO alloc/idle/total, 16 MiB/22 MiB CGO alloc/total, 48.6 CGO/sec, 1.1/2.0 %(u/s)time, 0.0 %gc (0x), 6.2 KiB/4.8 KiB (r/w)net
I200313 14:34:55.079803 168 server/status/runtime.go:498  [n1] runtime stats: 160 MiB RSS, 133 goroutines, 114 MiB/73 MiB/202 MiB GO alloc/idle/total, 16 MiB/22 MiB CGO alloc/total, 28.1 CGO/sec, 1.1/1.5 %(u/s)time, 0.0 %gc (0x), 5.5 KiB/4.5 KiB (r/w)net
I200313 14:34:55.551095 195 server/server_update.go:50  [n1] failed attempt to upgrade cluster version, error: node 2 not running (DEAD), cannot determine version
I200313 14:35:05.045956 168 server/status/runtime.go:498  [n1] runtime stats: 161 MiB RSS, 133 goroutines, 121 MiB/66 MiB/202 MiB GO alloc/idle/total, 16 MiB/22 MiB CGO alloc/total, 26.7 CGO/sec, 0.8/1.3 %(u/s)time, 0.0 %gc (0x), 5.5 KiB/4.5 KiB (r/w)net
I200313 14:35:15.046911 168 server/status/runtime.go:498  [n1] runtime stats: 162 MiB RSS, 134 goroutines, 127 MiB/60 MiB/202 MiB GO alloc/idle/total, 16 MiB/22 MiB CGO alloc/total, 26.8 CGO/sec, 1.1/1.4 %(u/s)time, 0.0 %gc (0x), 6.1 KiB/4.8 KiB (r/w)net
I200313 14:35:24.651749 195 server/server_update.go:50  [n1] failed attempt to upgrade cluster version, error: node 2 not running (DEAD), cannot determine version
I200313 14:35:25.047466 168 server/status/runtime.go:498  [n1] runtime stats: 165 MiB RSS, 134 goroutines, 136 MiB/52 MiB/202 MiB GO alloc/idle/total, 16 MiB/22 MiB CGO alloc/total, 26.3 CGO/sec, 1.0/2.1 %(u/s)time, 0.0 %gc (0x), 5.5 KiB/4.5 KiB (r/w)net
I200313 14:35:35.000326 164 gossip/gossip.go:566  [n1] gossip status (ok, 1 node)
gossip client (0/3 cur/max conns)
gossip server (0/3 cur/max conns, infos 0/0 sent/received, bytes 0B/0B sent/received)
I200313 14:35:35.013885 168 server/status/runtime.go:498  [n1] runtime stats: 173 MiB RSS, 134 goroutines, 81 MiB/102 MiB/202 MiB GO alloc/idle/total, 16 MiB/22 MiB CGO alloc/total, 28.9 CGO/sec, 1.6/1.6 %(u/s)time, 0.0 %gc (1x), 5.5 KiB/4.5 KiB (r/w)net
I200313 14:35:45.014177 168 server/status/runtime.go:498  [n1] runtime stats: 174 MiB RSS, 133 goroutines, 89 MiB/96 MiB/202 MiB GO alloc/idle/total, 16 MiB/22 MiB CGO alloc/total, 50.6 CGO/sec, 1.4/1.8 %(u/s)time, 0.0 %gc (0x), 5.7 KiB/4.5 KiB (r/w)net
I200313 14:35:53.281791 195 server/server_update.go:50  [n1] failed attempt to upgrade cluster version, error: node 2 not running (DEAD), cannot determine version
I200313 14:35:55.017679 168 server/status/runtime.go:498  [n1] runtime stats: 174 MiB RSS, 133 goroutines, 97 MiB/89 MiB/202 MiB GO alloc/idle/total, 16 MiB/22 MiB CGO alloc/total, 26.3 CGO/sec, 1.4/1.4 %(u/s)time, 0.0 %gc (0x), 5.5 KiB/4.5 KiB (r/w)net
I200313 14:36:04.982197 168 server/status/runtime.go:498  [n1] runtime stats: 174 MiB RSS, 133 goroutines, 103 MiB/83 MiB/202 MiB GO alloc/idle/total, 16 MiB/22 MiB CGO alloc/total, 25.1 CGO/sec, 1.3/1.8 %(u/s)time, 0.0 %gc (0x), 6.1 KiB/4.8 KiB (r/w)net
I200313 14:36:13.079845 1 cli/start.go:865  received signal 'terminated'
I200313 14:36:13.080456 1 cli/start.go:930  initiating graceful shutdown of server
I200313 14:36:13.087335 3566 util/stop/stopper.go:542  [server drain process] quiescing; tasks left:
1      [async] stats.Refresher: maybeRefreshStats
1      [async] intent_resolver_ir_batcher
1      [async] intent_resolver_gc_batcher
1      [async] closedts-rangefeed-subscriber
1      [async] auto-upgrade
I200313 14:36:13.088496 3566 util/stop/stopper.go:542  [server drain process] quiescing; tasks left:
1      [async] stats.Refresher: maybeRefreshStats
1      [async] intent_resolver_ir_batcher
1      [async] intent_resolver_gc_batcher
1      [async] auto-upgrade
I200313 14:36:13.090347 3566 storage/engine/rocksdb.go:762  closing rocksdb instance at "/cockroach/cockroach-data/cockroach-temp841279696"
I200313 14:36:13.106772 3566 storage/engine/rocksdb.go:762  closing rocksdb instance at "/cockroach/cockroach-data"
I200313 14:36:13.113088 1 cli/start.go:976  server drained and shutdown completed
