I200313 14:11:19.044248 1 util/log/clog.go:1196  [config] file created at: 2020/03/13 14:11:19
I200313 14:11:19.044248 1 util/log/clog.go:1196  [config] running on machine: 61f3b1c2703a
I200313 14:11:19.044248 1 util/log/clog.go:1196  [config] binary: CockroachDB CCL v19.2.4 (x86_64-unknown-linux-gnu, built 2020/02/06 21:55:19, go1.12.12)
I200313 14:11:19.044248 1 util/log/clog.go:1196  [config] arguments: [/cockroach/cockroach start --insecure]
I200313 14:11:19.044248 1 util/log/clog.go:1196  line format: [IWEF]yymmdd hh:mm:ss.uuuuuu goid file:line msg utf8=✓
I200313 14:11:19.043219 1 cli/start.go:1144  logging to directory /cockroach/cockroach-data/logs
W200313 14:11:19.056069 1 cli/start.go:1182  RUNNING IN INSECURE MODE!

- Your cluster is open for any client that can access <all your IP addresses>.
- Any user, even root, can log in without providing a password.
- Any user, connecting as root, can read or write any data in your cluster.
- There is no network encryption nor authentication, and thus no confidentiality.

Check out how to secure your cluster: https://www.cockroachlabs.com/docs/v19.2/secure-a-cluster.html
I200313 14:11:19.056755 1 server/status/recorder.go:597  available memory from cgroups is unsupported, using system memory 2.0 GiB instead: failed to find cgroup memory limit
W200313 14:11:19.056917 1 cli/start.go:1052  Using the default setting for --cache (128 MiB).
  A significantly larger value is usually needed for good performance.
  If you have a dedicated server a reasonable setting is --cache=.25 (500 MiB).
I200313 14:11:19.057316 1 server/status/recorder.go:597  available memory from cgroups is unsupported, using system memory 2.0 GiB instead: failed to find cgroup memory limit
W200313 14:11:19.057362 1 cli/start.go:1065  Using the default setting for --max-sql-memory (128 MiB).
  A significantly larger value is usually needed in production.
  If you have a dedicated server a reasonable setting is --max-sql-memory=.25 (500 MiB).
I200313 14:11:19.058057 1 server/status/recorder.go:597  available memory from cgroups is unsupported, using system memory 2.0 GiB instead: failed to find cgroup memory limit
I200313 14:11:19.058135 1 cli/start.go:1196  CockroachDB CCL v19.2.4 (x86_64-unknown-linux-gnu, built 2020/02/06 21:55:19, go1.12.12)
W200313 14:11:19.188659 1 cli/start.go:511  running 'cockroach start' without --join is deprecated.
Consider using 'cockroach start-single-node' or 'cockroach init' instead.
I200313 14:11:19.201487 1 server/status/recorder.go:597  available memory from cgroups is unsupported, using system memory 2.0 GiB instead: failed to find cgroup memory limit
I200313 14:11:19.201568 1 server/config.go:394  system total memory: 2.0 GiB
I200313 14:11:19.201658 1 server/config.go:396  server configuration:
max offset             500000000
cache size             128 MiB
SQL memory pool size   128 MiB
scan interval          10m0s
scan min idle time     10ms
scan max idle time     1s
event log enabled      true
I200313 14:11:19.201717 1 cli/start.go:1030  using local environment variables: COCKROACH_CHANNEL=official-docker
I200313 14:11:19.201776 1 cli/start.go:1037  process identity: uid 0 euid 0 gid 0 egid 0
I200313 14:11:19.201902 1 cli/start.go:644  starting cockroach node
I200313 14:11:19.204682 35 storage/engine/rocksdb.go:622  opening rocksdb instance at "/cockroach/cockroach-data/cockroach-temp269725404"
I200313 14:11:19.295884 35 server/server.go:928  [n?] monitoring forward clock jumps based on server.clock.forward_jump_check_enabled
I200313 14:11:19.298014 35 storage/engine/rocksdb.go:622  opening rocksdb instance at "/cockroach/cockroach-data"
I200313 14:11:19.393514 35 server/config.go:502  [n?] 1 storage engine initialized
I200313 14:11:19.393659 35 server/config.go:505  [n?] RocksDB cache size: 128 MiB
I200313 14:11:19.393814 35 server/config.go:505  [n?] store 0: RocksDB, max size 0 B, max open file limit 1043576
W200313 14:11:19.407488 35 cli/start.go:996  neither --listen-addr nor --advertise-addr was specified.
The server will advertise "61f3b1c2703a" to other nodes, is this routable?

Consider using:
- for local-only servers:  --listen-addr=localhost
- for multi-node clusters: --advertise-addr=<host/IP addr>
I200313 14:11:19.409201 35 server/server.go:978  [n?] Sleeping till wall time 1584108679409097700 to catches up to 1584108679795707001 to ensure monotonicity. Delta: 386.609301ms
I200313 14:11:19.799777 35 gossip/gossip.go:394  [n1] NodeDescriptor set to node_id:1 address:<network_field:"tcp" address_field:"61f3b1c2703a:26257" > attrs:<> locality:<> ServerVersion:<major_val:19 minor_val:2 patch:0 unstable:0 > build_tag:"v19.2.4" started_at:1584108679799492300 cluster_name:"" sql_address:<network_field:"tcp" address_field:"61f3b1c2703a:26257" > 
I200313 14:11:19.811685 59 gossip/server.go:227  [n1] received initial cluster-verification connection from 1888bdd95cad:26257
I200313 14:11:19.812939 59 gossip/server.go:227  [n1] received initial cluster-verification connection from 1888bdd95cad:26257
W200313 14:11:19.825530 157 storage/replica_range_lease.go:554  can't determine lease status due to node liveness error: node not in the liveness table
github.com/cockroachdb/cockroach/pkg/storage.init.ializers
	/go/src/github.com/cockroachdb/cockroach/pkg/storage/node_liveness.go:44
runtime.main
	/usr/local/go/src/runtime/proc.go:188
runtime.goexit
	/usr/local/go/src/runtime/asm_amd64.s:1337
W200313 14:11:19.825643 157 storage/store.go:1530  [n1,s1,r6/1:/Table/{SystemCon…-11}] could not gossip system config: [NotLeaseHolderError] r6: replica (n1,s1):1 not lease holder; lease holder unknown
I200313 14:11:19.869492 35 server/node.go:431  [n1] initialized store [n1,s1]: disk (capacity=58 TiB, available=30 TiB, used=861 KiB, logicalBytes=11 MiB), ranges=24, leases=2, queries=0.00, writes=0.00, bytesPerReplica={p10=0.00 p25=0.00 p50=0.00 p75=2271.00 p90=12124.00 pMax=11141480.00}, writesPerReplica={p10=0.00 p25=0.00 p50=0.00 p75=0.00 p90=0.00 pMax=0.00}
I200313 14:11:19.869712 35 storage/stores.go:240  [n1] read 1 node addresses from persistent storage
I200313 14:11:19.869918 35 storage/stores.go:259  [n1] wrote 2 node addresses to persistent storage
I200313 14:11:19.870063 35 server/node.go:645  [n1] connecting to gossip network to verify cluster ID...
I200313 14:11:19.870123 35 server/node.go:665  [n1] node connected via gossip and verified as part of cluster "658b6d5e-e699-44c5-895d-ae8ec745f62b"
I200313 14:11:19.870378 35 server/node.go:512  [n1] node=1: started with [<no-attributes>=/cockroach/cockroach-data] engine(s) and attributes []
I200313 14:11:19.872940 35 server/server.go:1514  [n1] starting http server at [::]:8080 (use: 61f3b1c2703a:8080)
I200313 14:11:19.873011 35 server/server.go:1521  [n1] starting grpc/postgres server at [::]:26257
I200313 14:11:19.873124 35 server/server.go:1522  [n1] advertising CockroachDB node at 61f3b1c2703a:26257
I200313 14:11:19.946442 35 server/server.go:1590  [n1] done ensuring all necessary migrations have run
I200313 14:11:19.946699 35 server/server.go:1841  [n1] serving sql connections
I200313 14:11:19.946968 35 cli/start.go:803  [config] clusterID: 658b6d5e-e699-44c5-895d-ae8ec745f62b
I200313 14:11:19.947061 35 cli/start.go:812  node startup completed:
CockroachDB node starting at 2020-03-13 14:11:19.9467617 +0000 UTC (took 0.9s)
build:               CCL v19.2.4 @ 2020/02/06 21:55:19 (go1.12.12)
webui:               http://61f3b1c2703a:8080
sql:                 postgresql://root@61f3b1c2703a:26257?sslmode=disable
RPC client flags:    /cockroach/cockroach <client cmd> --host=61f3b1c2703a:26257 --insecure
logs:                /cockroach/cockroach-data/logs
temp dir:            /cockroach/cockroach-data/cockroach-temp269725404
external I/O path:   /cockroach/cockroach-data/extern
store[0]:            path=/cockroach/cockroach-data
status:              restarted pre-existing node
clusterID:           658b6d5e-e699-44c5-895d-ae8ec745f62b
nodeID:              1
I200313 14:11:19.979811 237 server/server_update.go:53  [n1] no need to upgrade, cluster already at the newest version
I200313 14:11:19.980642 239 sql/event_log.go:130  [n1] Event: "node_restart", target: 1, info: {Descriptor:{NodeID:1 Address:61f3b1c2703a:26257 Attrs: Locality: ServerVersion:19.2 BuildTag:v19.2.4 StartedAt:1584108679799492300 LocalityAddress:[] ClusterName: SQLAddress:61f3b1c2703a:26257} ClusterID:658b6d5e-e699-44c5-895d-ae8ec745f62b StartedAt:1584108679799492300 LastUp:1584108655271118400}
I200313 14:11:20.423326 341 gossip/client.go:124  [n1] started gossip client to 1888bdd95cad:26257
I200313 14:11:20.979920 94 gossip/gossip.go:1531  [n1] node has connected to cluster via gossip
I200313 14:11:20.980164 94 storage/stores.go:259  [n1] wrote 1 node addresses to persistent storage
I200313 14:11:29.250120 1 cli/start.go:865  received signal 'terminated'
I200313 14:11:29.250936 1 cli/start.go:930  initiating graceful shutdown of server
W200313 14:11:29.262708 94 gossip/gossip.go:1517  [n1] no incoming or outgoing connections
W200313 14:11:29.264963 344 vendor/google.golang.org/grpc/clientconn.go:1206  grpc: addrConn.createTransport failed to connect to {1888bdd95cad:26257 0  <nil>}. Err :connection error: desc = "transport: Error while dialing cannot reuse client connection". Reconnecting...
W200313 14:11:29.265424 221 vendor/google.golang.org/grpc/clientconn.go:1206  grpc: addrConn.createTransport failed to connect to {1888bdd95cad:26257 0  <nil>}. Err :connection error: desc = "transport: Error while dialing cannot reuse client connection". Reconnecting...
I200313 14:11:29.270156 94 gossip/gossip.go:1531  [n1] node has connected to cluster via gossip
W200313 14:11:29.272387 628 vendor/google.golang.org/grpc/clientconn.go:1206  grpc: addrConn.createTransport failed to connect to {1888bdd95cad:26257 0  <nil>}. Err :connection error: desc = "transport: Error while dialing dial tcp 172.21.0.2:26257: connect: connection refused". Reconnecting...
I200313 14:11:29.273141 577 vendor/github.com/cockroachdb/circuitbreaker/circuitbreaker.go:322  [n1] circuitbreaker: gossip [::]:26257->1888bdd95cad:26257 tripped: initial connection heartbeat failed: rpc error: code = Unavailable desc = all SubConns are in TransientFailure, latest connection error: connection error: desc = "transport: Error while dialing dial tcp 172.21.0.2:26257: connect: connection refused"
I200313 14:11:29.273756 577 vendor/github.com/cockroachdb/circuitbreaker/circuitbreaker.go:447  [n1] circuitbreaker: gossip [::]:26257->1888bdd95cad:26257 event: BreakerTripped
W200313 14:11:29.274230 577 gossip/client.go:118  [n1] failed to start gossip client to 1888bdd95cad:26257: initial connection heartbeat failed: rpc error: code = Unavailable desc = all SubConns are in TransientFailure, latest connection error: connection error: desc = "transport: Error while dialing dial tcp 172.21.0.2:26257: connect: connection refused"
W200313 14:11:29.274782 94 gossip/gossip.go:1517  [n1] no incoming or outgoing connections
W200313 14:11:29.429203 559 vendor/google.golang.org/grpc/clientconn.go:1206  grpc: addrConn.createTransport failed to connect to {1888bdd95cad:26257 0  <nil>}. Err :connection error: desc = "transport: Error while dialing dial tcp 172.21.0.2:26257: connect: connection refused". Reconnecting...
I200313 14:11:29.431109 558 vendor/github.com/cockroachdb/circuitbreaker/circuitbreaker.go:322  [n1] circuitbreaker: rpc [::]:26257 [n2] tripped: failed to connect to n2 at 1888bdd95cad:26257: initial connection heartbeat failed: rpc error: code = Unavailable desc = all SubConns are in TransientFailure, latest connection error: connection error: desc = "transport: Error while dialing dial tcp 172.21.0.2:26257: connect: connection refused"
I200313 14:11:29.432003 558 vendor/github.com/cockroachdb/circuitbreaker/circuitbreaker.go:447  [n1] circuitbreaker: rpc [::]:26257 [n2] event: BreakerTripped
I200313 14:11:29.432740 558 rpc/nodedialer/nodedialer.go:160  [ct-client] unable to connect to n2: failed to connect to n2 at 1888bdd95cad:26257: initial connection heartbeat failed: rpc error: code = Unavailable desc = all SubConns are in TransientFailure, latest connection error: connection error: desc = "transport: Error while dialing dial tcp 172.21.0.2:26257: connect: connection refused"
I200313 14:11:29.840425 170 server/status/runtime.go:498  [n1] runtime stats: 120 MiB RSS, 142 goroutines, 98 MiB/25 MiB/135 MiB GO alloc/idle/total, 15 MiB/21 MiB CGO alloc/total, 0.0 CGO/sec, 0.0/0.0 %(u/s)time, 0.0 %gc (9x), 70 KiB/82 KiB (r/w)net
W200313 14:11:29.953181 231 server/node.go:826  [n1,summaries] health alerts detected: {Alerts:[{StoreID:1 Category:METRICS Description:ranges.underreplicated Value:24}]}
I200313 14:11:30.225476 606 util/stop/stopper.go:542  [server drain process] quiescing; tasks left:
1      [async] intent_resolver_ir_batcher
1      [async] intent_resolver_gc_batcher
1      [async] closedts-subscription
1      [async] closedts-rangefeed-subscriber
I200313 14:11:30.230663 606 util/stop/stopper.go:542  [server drain process] quiescing; tasks left:
1      [async] intent_resolver_gc_batcher
1      [async] closedts-subscription
1      [async] closedts-rangefeed-subscriber
I200313 14:11:30.231174 606 util/stop/stopper.go:542  [server drain process] quiescing; tasks left:
1      [async] closedts-subscription
1      [async] closedts-rangefeed-subscriber
I200313 14:11:30.231595 606 util/stop/stopper.go:542  [server drain process] quiescing; tasks left:
1      [async] closedts-subscription
I200313 14:11:30.233939 606 storage/engine/rocksdb.go:762  closing rocksdb instance at "/cockroach/cockroach-data/cockroach-temp269725404"
I200313 14:11:30.252197 606 storage/engine/rocksdb.go:762  closing rocksdb instance at "/cockroach/cockroach-data"
I200313 14:11:30.258001 1 cli/start.go:976  server drained and shutdown completed
