I200313 14:19:01.618823 1 util/log/clog.go:1196  [config] file created at: 2020/03/13 14:19:01
I200313 14:19:01.618823 1 util/log/clog.go:1196  [config] running on machine: 525cee543063
I200313 14:19:01.618823 1 util/log/clog.go:1196  [config] binary: CockroachDB CCL v19.2.4 (x86_64-unknown-linux-gnu, built 2020/02/06 21:55:19, go1.12.12)
I200313 14:19:01.618823 1 util/log/clog.go:1196  [config] arguments: [/cockroach/cockroach start --insecure]
I200313 14:19:01.618823 1 util/log/clog.go:1196  line format: [IWEF]yymmdd hh:mm:ss.uuuuuu goid file:line msg utf8=✓
I200313 14:19:01.618810 1 cli/start.go:1144  logging to directory /cockroach/cockroach-data/logs
W200313 14:19:01.623418 1 cli/start.go:1182  RUNNING IN INSECURE MODE!

- Your cluster is open for any client that can access <all your IP addresses>.
- Any user, even root, can log in without providing a password.
- Any user, connecting as root, can read or write any data in your cluster.
- There is no network encryption nor authentication, and thus no confidentiality.

Check out how to secure your cluster: https://www.cockroachlabs.com/docs/v19.2/secure-a-cluster.html
I200313 14:19:01.623895 1 server/status/recorder.go:597  available memory from cgroups is unsupported, using system memory 2.0 GiB instead: failed to find cgroup memory limit
W200313 14:19:01.624181 1 cli/start.go:1052  Using the default setting for --cache (128 MiB).
  A significantly larger value is usually needed for good performance.
  If you have a dedicated server a reasonable setting is --cache=.25 (500 MiB).
I200313 14:19:01.624641 1 server/status/recorder.go:597  available memory from cgroups is unsupported, using system memory 2.0 GiB instead: failed to find cgroup memory limit
W200313 14:19:01.624697 1 cli/start.go:1065  Using the default setting for --max-sql-memory (128 MiB).
  A significantly larger value is usually needed in production.
  If you have a dedicated server a reasonable setting is --max-sql-memory=.25 (500 MiB).
I200313 14:19:01.625188 1 server/status/recorder.go:597  available memory from cgroups is unsupported, using system memory 2.0 GiB instead: failed to find cgroup memory limit
I200313 14:19:01.625239 1 cli/start.go:1196  CockroachDB CCL v19.2.4 (x86_64-unknown-linux-gnu, built 2020/02/06 21:55:19, go1.12.12)
W200313 14:19:01.746784 1 cli/start.go:511  running 'cockroach start' without --join is deprecated.
Consider using 'cockroach start-single-node' or 'cockroach init' instead.
I200313 14:19:01.766941 1 server/status/recorder.go:597  available memory from cgroups is unsupported, using system memory 2.0 GiB instead: failed to find cgroup memory limit
I200313 14:19:01.766985 1 server/config.go:394  system total memory: 2.0 GiB
I200313 14:19:01.767071 1 server/config.go:396  server configuration:
max offset             500000000
cache size             128 MiB
SQL memory pool size   128 MiB
scan interval          10m0s
scan min idle time     10ms
scan max idle time     1s
event log enabled      true
I200313 14:19:01.767123 1 cli/start.go:1030  using local environment variables: COCKROACH_CHANNEL=official-docker
I200313 14:19:01.767170 1 cli/start.go:1037  process identity: uid 0 euid 0 gid 0 egid 0
I200313 14:19:01.767269 1 cli/start.go:644  starting cockroach node
I200313 14:19:01.773729 44 storage/engine/rocksdb.go:622  opening rocksdb instance at "/cockroach/cockroach-data/cockroach-temp612614928"
I200313 14:19:01.850988 44 server/server.go:928  [n?] monitoring forward clock jumps based on server.clock.forward_jump_check_enabled
I200313 14:19:01.853083 44 storage/engine/rocksdb.go:622  opening rocksdb instance at "/cockroach/cockroach-data"
I200313 14:19:01.933746 44 server/config.go:502  [n?] 1 storage engine initialized
I200313 14:19:01.933793 44 server/config.go:505  [n?] RocksDB cache size: 128 MiB
I200313 14:19:01.933903 44 server/config.go:505  [n?] store 0: RocksDB, max size 0 B, max open file limit 1043576
W200313 14:19:01.948355 44 cli/start.go:996  neither --listen-addr nor --advertise-addr was specified.
The server will advertise "525cee543063" to other nodes, is this routable?

Consider using:
- for local-only servers:  --listen-addr=localhost
- for multi-node clusters: --advertise-addr=<host/IP addr>
I200313 14:19:01.952500 44 server/server.go:978  [n?] Sleeping till wall time 1584109141952425500 to catches up to 1584109142350903301 to ensure monotonicity. Delta: 398.477801ms
I200313 14:19:02.354916 44 gossip/gossip.go:394  [n1] NodeDescriptor set to node_id:1 address:<network_field:"tcp" address_field:"525cee543063:26257" > attrs:<> locality:<> ServerVersion:<major_val:19 minor_val:2 patch:0 unstable:0 > build_tag:"v19.2.4" started_at:1584109142354372400 cluster_name:"" sql_address:<network_field:"tcp" address_field:"525cee543063:26257" > 
W200313 14:19:02.390233 137 storage/replica_range_lease.go:554  can't determine lease status due to node liveness error: node not in the liveness table
github.com/cockroachdb/cockroach/pkg/storage.init.ializers
	/go/src/github.com/cockroachdb/cockroach/pkg/storage/node_liveness.go:44
runtime.main
	/usr/local/go/src/runtime/proc.go:188
runtime.goexit
	/usr/local/go/src/runtime/asm_amd64.s:1337
W200313 14:19:02.390380 137 storage/store.go:1530  [n1,s1,r6/1:/Table/{SystemCon…-11}] could not gossip system config: [NotLeaseHolderError] r6: replica (n1,s1):1 not lease holder; lease holder unknown
I200313 14:19:02.429014 44 server/node.go:431  [n1] initialized store [n1,s1]: disk (capacity=58 TiB, available=32 TiB, used=1.1 MiB, logicalBytes=11 MiB), ranges=24, leases=2, queries=0.00, writes=0.00, bytesPerReplica={p10=0.00 p25=0.00 p50=0.00 p75=2355.00 p90=12252.00 pMax=11808986.00}, writesPerReplica={p10=0.00 p25=0.00 p50=0.00 p75=0.00 p90=0.00 pMax=0.00}
I200313 14:19:02.429273 44 storage/stores.go:240  [n1] read 1 node addresses from persistent storage
I200313 14:19:02.429550 44 server/node.go:645  [n1] connecting to gossip network to verify cluster ID...
I200313 14:19:02.429607 44 server/node.go:665  [n1] node connected via gossip and verified as part of cluster "658b6d5e-e699-44c5-895d-ae8ec745f62b"
I200313 14:19:02.429820 44 server/node.go:512  [n1] node=1: started with [<no-attributes>=/cockroach/cockroach-data] engine(s) and attributes []
I200313 14:19:02.430706 44 server/server.go:1514  [n1] starting http server at [::]:8080 (use: 525cee543063:8080)
I200313 14:19:02.430749 44 server/server.go:1521  [n1] starting grpc/postgres server at [::]:26257
I200313 14:19:02.430788 44 server/server.go:1522  [n1] advertising CockroachDB node at 525cee543063:26257
I200313 14:19:02.495123 44 server/server.go:1590  [n1] done ensuring all necessary migrations have run
I200313 14:19:02.495232 44 server/server.go:1841  [n1] serving sql connections
I200313 14:19:02.495475 44 cli/start.go:803  [config] clusterID: 658b6d5e-e699-44c5-895d-ae8ec745f62b
I200313 14:19:02.495531 44 cli/start.go:812  node startup completed:
CockroachDB node starting at 2020-03-13 14:19:02.4953954 +0000 UTC (took 0.9s)
build:               CCL v19.2.4 @ 2020/02/06 21:55:19 (go1.12.12)
webui:               http://525cee543063:8080
sql:                 postgresql://root@525cee543063:26257?sslmode=disable
RPC client flags:    /cockroach/cockroach <client cmd> --host=525cee543063:26257 --insecure
logs:                /cockroach/cockroach-data/logs
temp dir:            /cockroach/cockroach-data/cockroach-temp612614928
external I/O path:   /cockroach/cockroach-data/extern
store[0]:            path=/cockroach/cockroach-data
status:              restarted pre-existing node
clusterID:           658b6d5e-e699-44c5-895d-ae8ec745f62b
nodeID:              1
I200313 14:19:02.507624 175 server/server_update.go:50  [n1] failed attempt to upgrade cluster version, error: node 2 not running (UNAVAILABLE), cannot determine version
I200313 14:19:02.513420 177 sql/event_log.go:130  [n1] Event: "node_restart", target: 1, info: {Descriptor:{NodeID:1 Address:525cee543063:26257 Attrs: Locality: ServerVersion:19.2 BuildTag:v19.2.4 StartedAt:1584109142354372400 LocalityAddress:[] ClusterName: SQLAddress:525cee543063:26257} ClusterID:658b6d5e-e699-44c5-895d-ae8ec745f62b StartedAt:1584109142354372400 LastUp:1584109137934360700}
W200313 14:19:02.958230 12 gossip/gossip.go:1300  [n1] invalid bootstrap address: &{typ:tcp addr:748b5a51fb0c:26257}, lookup 748b5a51fb0c on 127.0.0.11:53: no such host
I200313 14:19:03.427504 175 server/server_update.go:50  [n1] failed attempt to upgrade cluster version, error: node 2 not running (UNAVAILABLE), cannot determine version
I200313 14:19:05.227273 175 server/server_update.go:50  [n1] failed attempt to upgrade cluster version, error: node 2 not running (UNAVAILABLE), cannot determine version
