I200314 00:56:04.903849 1 util/log/clog.go:1196  [config] file created at: 2020/03/14 00:56:04
I200314 00:56:04.903849 1 util/log/clog.go:1196  [config] running on machine: 492607a4c9f4
I200314 00:56:04.903849 1 util/log/clog.go:1196  [config] binary: CockroachDB CCL v19.2.4 (x86_64-unknown-linux-gnu, built 2020/02/06 21:55:19, go1.12.12)
I200314 00:56:04.903849 1 util/log/clog.go:1196  [config] arguments: [/cockroach/cockroach start-single-node --insecure]
I200314 00:56:04.903849 1 util/log/clog.go:1196  line format: [IWEF]yymmdd hh:mm:ss.uuuuuu goid file:line msg utf8=✓
I200314 00:56:04.903835 1 cli/start.go:1144  logging to directory /cockroach/cockroach-data/logs
W200314 00:56:04.908103 1 cli/start.go:1182  RUNNING IN INSECURE MODE!

- Your cluster is open for any client that can access <all your IP addresses>.
- Any user, even root, can log in without providing a password.
- Any user, connecting as root, can read or write any data in your cluster.
- There is no network encryption nor authentication, and thus no confidentiality.

Check out how to secure your cluster: https://www.cockroachlabs.com/docs/v19.2/secure-a-cluster.html
I200314 00:56:04.908651 1 server/status/recorder.go:597  available memory from cgroups is unsupported, using system memory 2.0 GiB instead: failed to find cgroup memory limit
W200314 00:56:04.908819 1 cli/start.go:1052  Using the default setting for --cache (128 MiB).
  A significantly larger value is usually needed for good performance.
  If you have a dedicated server a reasonable setting is --cache=.25 (500 MiB).
I200314 00:56:04.909177 1 server/status/recorder.go:597  available memory from cgroups is unsupported, using system memory 2.0 GiB instead: failed to find cgroup memory limit
W200314 00:56:04.909232 1 cli/start.go:1065  Using the default setting for --max-sql-memory (128 MiB).
  A significantly larger value is usually needed in production.
  If you have a dedicated server a reasonable setting is --max-sql-memory=.25 (500 MiB).
I200314 00:56:04.909483 1 server/status/recorder.go:597  available memory from cgroups is unsupported, using system memory 2.0 GiB instead: failed to find cgroup memory limit
I200314 00:56:04.909528 1 cli/start.go:1196  CockroachDB CCL v19.2.4 (x86_64-unknown-linux-gnu, built 2020/02/06 21:55:19, go1.12.12)
I200314 00:56:05.031461 1 server/status/recorder.go:597  available memory from cgroups is unsupported, using system memory 2.0 GiB instead: failed to find cgroup memory limit
I200314 00:56:05.031505 1 server/config.go:394  system total memory: 2.0 GiB
I200314 00:56:05.031569 1 server/config.go:396  server configuration:
max offset             500000000
cache size             128 MiB
SQL memory pool size   128 MiB
scan interval          10m0s
scan min idle time     10ms
scan max idle time     1s
event log enabled      true
I200314 00:56:05.031613 1 cli/start.go:1030  using local environment variables: COCKROACH_CHANNEL=official-docker
I200314 00:56:05.031653 1 cli/start.go:1037  process identity: uid 0 euid 0 gid 0 egid 0
I200314 00:56:05.031739 1 cli/start.go:644  starting cockroach node
I200314 00:56:05.033659 42 storage/engine/rocksdb.go:622  opening rocksdb instance at "/cockroach/cockroach-data/cockroach-temp923226344"
I200314 00:56:05.087551 42 server/server.go:928  [n?] monitoring forward clock jumps based on server.clock.forward_jump_check_enabled
I200314 00:56:05.089899 42 storage/engine/rocksdb.go:622  opening rocksdb instance at "/cockroach/cockroach-data"
I200314 00:56:06.132863 42 server/config.go:502  [n?] 1 storage engine initialized
I200314 00:56:06.132962 42 server/config.go:505  [n?] RocksDB cache size: 128 MiB
I200314 00:56:06.133023 42 server/config.go:505  [n?] store 0: RocksDB, max size 0 B, max open file limit 1043576
W200314 00:56:06.143511 42 cli/start.go:996  neither --listen-addr nor --advertise-addr was specified.
The server will advertise "492607a4c9f4" to other nodes, is this routable?

Consider using:
- for local-only servers:  --listen-addr=localhost
- for multi-node clusters: --advertise-addr=<host/IP addr>
I200314 00:56:06.144481 42 gossip/gossip.go:394  [n1] NodeDescriptor set to node_id:1 address:<network_field:"tcp" address_field:"492607a4c9f4:26257" > attrs:<> locality:<> ServerVersion:<major_val:19 minor_val:2 patch:0 unstable:0 > build_tag:"v19.2.4" started_at:1584147366144354600 cluster_name:"" sql_address:<network_field:"tcp" address_field:"492607a4c9f4:26257" > 
W200314 00:56:06.160938 152 storage/replica_range_lease.go:554  can't determine lease status due to node liveness error: node not in the liveness table
github.com/cockroachdb/cockroach/pkg/storage.init.ializers
	/go/src/github.com/cockroachdb/cockroach/pkg/storage/node_liveness.go:44
runtime.main
	/usr/local/go/src/runtime/proc.go:188
runtime.goexit
	/usr/local/go/src/runtime/asm_amd64.s:1337
W200314 00:56:06.161381 152 storage/store.go:1530  [n1,s1,r6/1:/Table/{SystemCon…-11}] could not gossip system config: [NotLeaseHolderError] r6: replica (n1,s1):1 not lease holder; lease holder unknown
I200314 00:56:06.186877 42 server/node.go:431  [n1] initialized store [n1,s1]: disk (capacity=58 TiB, available=32 TiB, used=780 KiB, logicalBytes=8.3 MiB), ranges=24, leases=2, queries=0.00, writes=0.00, bytesPerReplica={p10=0.00 p25=0.00 p50=0.00 p75=3690.00 p90=12023.00 pMax=8599860.00}, writesPerReplica={p10=0.00 p25=0.00 p50=0.00 p75=0.00 p90=0.00 pMax=0.00}
I200314 00:56:06.187075 42 storage/stores.go:240  [n1] read 0 node addresses from persistent storage
I200314 00:56:06.187267 42 server/node.go:645  [n1] connecting to gossip network to verify cluster ID...
I200314 00:56:06.187325 42 server/node.go:665  [n1] node connected via gossip and verified as part of cluster "fdae6f85-a592-4de3-917f-495d5cbce5dc"
I200314 00:56:06.187463 42 server/node.go:512  [n1] node=1: started with [<no-attributes>=/cockroach/cockroach-data] engine(s) and attributes []
I200314 00:56:06.188245 42 server/server.go:1514  [n1] starting http server at [::]:8080 (use: 492607a4c9f4:8080)
I200314 00:56:06.188285 42 server/server.go:1521  [n1] starting grpc/postgres server at [::]:26257
I200314 00:56:06.188324 42 server/server.go:1522  [n1] advertising CockroachDB node at 492607a4c9f4:26257
I200314 00:56:06.261560 189 sql/event_log.go:130  [n1,intExec=add-constraints-ttl] Event: "set_zone_config", target: 25, info: {Target:TABLE system.public.replication_constraint_stats Config: Options:"gc.ttlseconds" = 600 User:root}
I200314 00:56:06.285178 325 sql/event_log.go:130  [n1,intExec=add-replication-status-ttl] Event: "set_zone_config", target: 27, info: {Target:TABLE system.public.replication_stats Config: Options:"gc.ttlseconds" = 600 User:root}
I200314 00:56:06.288535 330 sql/sqlbase/structured.go:1529  [n1,intExec=update-reports-meta-generated] publish: descID=28 (reports_meta) version=2 mtime=1970-01-01 00:00:00 +0000 UTC
I200314 00:56:06.300709 330 sql/event_log.go:130  [n1,intExec=update-reports-meta-generated] Event: "alter_table", target: 28, info: {TableName:system.public.reports_meta Statement:ALTER TABLE system.reports_meta ALTER COLUMN generated SET DATA TYPE TIMESTAMPTZ User:node MutationID:0 CascadeDroppedViews:[]}
I200314 00:56:06.301598 330 sql/schema_changer.go:965  [n1,intExec=update-reports-meta-generated,scExec] schema change on reports_meta (28 v2) mutation 0 starting execution...
I200314 00:56:06.301638 330 sql/schema_changer.go:1258  [n1,intExec=update-reports-meta-generated,scExec] waiting for a single version of table 28...
I200314 00:56:06.307549 330 sql/schema_changer.go:1260  [n1,intExec=update-reports-meta-generated,scExec] waiting for a single version of table 28... done (at v 2)
I200314 00:56:06.309796 206 sql/sqlbase/structured.go:1529  [n1,intExec=update-reports-meta-generated] publish: descID=25 (replication_constraint_stats) version=2 mtime=1970-01-01 00:00:00 +0000 UTC
I200314 00:56:06.317518 206 sql/event_log.go:130  [n1,intExec=update-reports-meta-generated] Event: "alter_table", target: 25, info: {TableName:system.public.replication_constraint_stats Statement:ALTER TABLE system.replication_constraint_stats ALTER COLUMN violation_start SET DATA TYPE TIMESTAMPTZ User:node MutationID:0 CascadeDroppedViews:[]}
I200314 00:56:06.318774 206 sql/schema_changer.go:965  [n1,intExec=update-reports-meta-generated,scExec] schema change on replication_constraint_stats (25 v2) mutation 0 starting execution...
I200314 00:56:06.318809 206 sql/schema_changer.go:1258  [n1,intExec=update-reports-meta-generated,scExec] waiting for a single version of table 25...
I200314 00:56:06.323334 206 sql/schema_changer.go:1260  [n1,intExec=update-reports-meta-generated,scExec] waiting for a single version of table 25... done (at v 2)
I200314 00:56:06.326793 42 server/server.go:1590  [n1] done ensuring all necessary migrations have run
I200314 00:56:06.326885 42 server/server.go:1841  [n1] serving sql connections
I200314 00:56:06.326999 42 cli/start.go:803  [config] clusterID: fdae6f85-a592-4de3-917f-495d5cbce5dc
I200314 00:56:06.327047 42 cli/start.go:812  node startup completed:
CockroachDB node starting at 2020-03-14 00:56:06.3269313 +0000 UTC (took 1.4s)
build:               CCL v19.2.4 @ 2020/02/06 21:55:19 (go1.12.12)
webui:               http://492607a4c9f4:8080
sql:                 postgresql://root@492607a4c9f4:26257?sslmode=disable
RPC client flags:    /cockroach/cockroach <client cmd> --host=492607a4c9f4:26257 --insecure
logs:                /cockroach/cockroach-data/logs
temp dir:            /cockroach/cockroach-data/cockroach-temp923226344
external I/O path:   /cockroach/cockroach-data/extern
store[0]:            path=/cockroach/cockroach-data
status:              restarted pre-existing node
clusterID:           fdae6f85-a592-4de3-917f-495d5cbce5dc
nodeID:              1
I200314 00:56:06.336855 500 sql/event_log.go:130  [n1] Event: "node_restart", target: 1, info: {Descriptor:{NodeID:1 Address:492607a4c9f4:26257 Attrs: Locality: ServerVersion:19.2 BuildTag:v19.2.4 StartedAt:1584147366144354600 LocalityAddress:[] ClusterName: SQLAddress:492607a4c9f4:26257} ClusterID:fdae6f85-a592-4de3-917f-495d5cbce5dc StartedAt:1584147366144354600 LastUp:1584147346864736500}
I200314 00:56:06.342118 498 server/server_update.go:53  [n1] no need to upgrade, cluster already at the newest version
I200314 00:56:07.733645 102 gossip/gossip.go:1531  [n1] node has connected to cluster via gossip
I200314 00:56:07.734025 102 storage/stores.go:259  [n1] wrote 0 node addresses to persistent storage
I200314 00:56:16.191476 181 server/status/runtime.go:498  [n1] runtime stats: 113 MiB RSS, 133 goroutines, 96 MiB/27 MiB/135 MiB GO alloc/idle/total, 14 MiB/17 MiB CGO alloc/total, 0.0 CGO/sec, 0.0/0.0 %(u/s)time, 0.0 %gc (9x), 21 KiB/14 KiB (r/w)net
I200314 00:56:26.161457 181 server/status/runtime.go:498  [n1] runtime stats: 186 MiB RSS, 146 goroutines, 92 MiB/89 MiB/202 MiB GO alloc/idle/total, 14 MiB/18 MiB CGO alloc/total, 401.7 CGO/sec, 11.1/7.2 %(u/s)time, 0.0 %gc (3x), 42 KiB/70 KiB (r/w)net
I200314 00:56:26.205087 160 storage/store.go:2364  [n1,s1] sstables (read amplification = 1):
0 [ 381K 1 ]: 381K
I200314 00:56:26.205186 160 storage/store.go:2365  [n1,s1] 
** Compaction Stats [default] **
Level    Files   Size     Score Read(GB)  Rn(GB) Rnp1(GB) Write(GB) Wnew(GB) Moved(GB) W-Amp Rd(MB/s) Wr(MB/s) Comp(sec) CompMergeCPU(sec) Comp(cnt) Avg(sec) KeyIn KeyDrop
----------------------------------------------------------------------------------------------------------------------------------------------------------------------------
  L0      1/0   380.86 KB   0.5      0.0     0.0      0.0       0.0      0.0       0.0   1.0      0.0      0.7      0.50              0.00         1    0.498       0      0
 Sum      1/0   380.86 KB   0.0      0.0     0.0      0.0       0.0      0.0       0.0   1.0      0.0      0.7      0.50              0.00         1    0.498       0      0
 Int      0/0    0.00 KB   0.0      0.0     0.0      0.0       0.0      0.0       0.0   1.0      0.0      0.7      0.50              0.00         1    0.498       0      0

** Compaction Stats [default] **
Priority    Files   Size     Score Read(GB)  Rn(GB) Rnp1(GB) Write(GB) Wnew(GB) Moved(GB) W-Amp Rd(MB/s) Wr(MB/s) Comp(sec) CompMergeCPU(sec) Comp(cnt) Avg(sec) KeyIn KeyDrop
-------------------------------------------------------------------------------------------------------------------------------------------------------------------------------
User      0/0    0.00 KB   0.0      0.0     0.0      0.0       0.0      0.0       0.0   0.0      0.0      0.7      0.50              0.00         1    0.498       0      0
Uptime(secs): 21.1 total, 21.1 interval
Flush(GB): cumulative 0.000, interval 0.000
AddFile(GB): cumulative 0.000, interval 0.000
AddFile(Total Files): cumulative 0, interval 0
AddFile(L0 Files): cumulative 0, interval 0
AddFile(Keys): cumulative 0, interval 0
Cumulative compaction: 0.00 GB write, 0.02 MB/s write, 0.00 GB read, 0.00 MB/s read, 0.5 seconds
Interval compaction: 0.00 GB write, 0.02 MB/s write, 0.00 GB read, 0.00 MB/s read, 0.5 seconds
Stalls(count): 0 level0_slowdown, 0 level0_slowdown_with_compaction, 0 level0_numfiles, 0 level0_numfiles_with_compaction, 0 stop for pending_compaction_bytes, 0 slowdown for pending_compaction_bytes, 0 memtable_compaction, 0 memtable_slowdown, interval 0 total count
estimated_pending_compaction_bytes: 0 B
I200314 00:56:36.160922 181 server/status/runtime.go:498  [n1] runtime stats: 187 MiB RSS, 146 goroutines, 100 MiB/82 MiB/202 MiB GO alloc/idle/total, 14 MiB/18 MiB CGO alloc/total, 32.7 CGO/sec, 3.3/2.5 %(u/s)time, 0.0 %gc (0x), 2.9 KiB/1.9 KiB (r/w)net
I200314 00:56:45.889917 1592 sql/event_log.go:130  [n1,client=172.25.0.1:56624,user=root] Event: "drop_database", target: 54, info: {DatabaseName:oceancleanup Statement:DROP DATABASE IF EXISTS oceancleanup User:root DroppedSchemaObjects:[]}
I200314 00:56:45.899776 1592 sql/event_log.go:130  [n1,client=172.25.0.1:56624,user=root] Event: "create_database", target: 55, info: {DatabaseName:oceancleanup Statement:CREATE DATABASE IF NOT EXISTS oceancleanup User:root}
I200314 00:56:46.162598 181 server/status/runtime.go:498  [n1] runtime stats: 188 MiB RSS, 149 goroutines, 110 MiB/73 MiB/202 MiB GO alloc/idle/total, 15 MiB/18 MiB CGO alloc/total, 68.3 CGO/sec, 3.1/2.8 %(u/s)time, 0.0 %gc (0x), 5.3 KiB/4.1 KiB (r/w)net
I200314 00:56:56.128751 181 server/status/runtime.go:498  [n1] runtime stats: 215 MiB RSS, 147 goroutines, 125 MiB/60 MiB/203 MiB GO alloc/idle/total, 14 MiB/18 MiB CGO alloc/total, 397.4 CGO/sec, 11.2/7.3 %(u/s)time, 0.0 %gc (2x), 42 KiB/70 KiB (r/w)net
I200314 00:57:06.121927 161 gossip/gossip.go:566  [n1] gossip status (ok, 1 node)
gossip client (0/3 cur/max conns)
gossip server (0/3 cur/max conns, infos 0/0 sent/received, bytes 0B/0B sent/received)
gossip connectivity
  n1 [sentinel];
I200314 00:57:06.132542 181 server/status/runtime.go:498  [n1] runtime stats: 216 MiB RSS, 149 goroutines, 135 MiB/50 MiB/203 MiB GO alloc/idle/total, 14 MiB/18 MiB CGO alloc/total, 28.8 CGO/sec, 3.1/3.0 %(u/s)time, 0.0 %gc (0x), 2.9 KiB/1.9 KiB (r/w)net
