I200313 14:24:32.979112 38 util/log/clog.go:1196  [config] file created at: 2020/03/13 14:24:32
I200313 14:24:32.979112 38 util/log/clog.go:1196  [config] running on machine: 29b1af8e5b79
I200313 14:24:32.979112 38 util/log/clog.go:1196  [config] binary: CockroachDB CCL v19.2.4 (x86_64-unknown-linux-gnu, built 2020/02/06 21:55:19, go1.12.12)
I200313 14:24:32.979112 38 util/log/clog.go:1196  [config] arguments: [/cockroach/cockroach start --insecure]
I200313 14:24:32.979112 38 util/log/clog.go:1196  line format: [IWEF]yymmdd hh:mm:ss.uuuuuu goid file:line msg utf8=✓
I200313 14:24:32.979098 38 storage/engine/rocksdb.go:120  RocksDB version: 6.2.1
I200313 14:24:32.983868 38 storage/engine/rocksdb.go:120  Git sha rocksdb_build_git_sha:@b7009236531fa784872f4823eabf393501e41bf2@
I200313 14:24:32.983885 38 storage/engine/rocksdb.go:120  Compile date Feb  6 2020
I200313 14:24:32.983905 38 storage/engine/rocksdb.go:120  DB SUMMARY
I200313 14:24:32.985938 38 storage/engine/rocksdb.go:120  SST files in /cockroach/cockroach-data/cockroach-temp797513340 dir, Total Num: 0, files: 
I200313 14:24:33.003982 38 storage/engine/rocksdb.go:120  Write Ahead Log file in /cockroach/cockroach-data/cockroach-temp797513340: 
I200313 14:24:33.004005 38 storage/engine/rocksdb.go:120                          Options.error_if_exists: 0
I200313 14:24:33.004024 38 storage/engine/rocksdb.go:120                        Options.create_if_missing: 1
I200313 14:24:33.004052 38 storage/engine/rocksdb.go:120                          Options.paranoid_checks: 1
I200313 14:24:33.004074 38 storage/engine/rocksdb.go:120                                      Options.env: 0x756aca0
I200313 14:24:33.004093 38 storage/engine/rocksdb.go:120                                 Options.info_log: 0x7f764640d160
I200313 14:24:33.004112 38 storage/engine/rocksdb.go:120                 Options.max_file_opening_threads: 16
I200313 14:24:33.004130 38 storage/engine/rocksdb.go:120                               Options.statistics: 0x7f7646434010
I200313 14:24:33.004149 38 storage/engine/rocksdb.go:120                                Options.use_fsync: 0
I200313 14:24:33.004168 38 storage/engine/rocksdb.go:120                        Options.max_log_file_size: 0
I200313 14:24:33.004187 38 storage/engine/rocksdb.go:120                   Options.max_manifest_file_size: 134217728
I200313 14:24:33.004205 38 storage/engine/rocksdb.go:120                    Options.log_file_time_to_roll: 0
I200313 14:24:33.004224 38 storage/engine/rocksdb.go:120                        Options.keep_log_file_num: 1000
I200313 14:24:33.004244 38 storage/engine/rocksdb.go:120                     Options.recycle_log_file_num: 1
I200313 14:24:33.004263 38 storage/engine/rocksdb.go:120                          Options.allow_fallocate: 1
I200313 14:24:33.004282 38 storage/engine/rocksdb.go:120                         Options.allow_mmap_reads: 0
I200313 14:24:33.004301 38 storage/engine/rocksdb.go:120                        Options.allow_mmap_writes: 0
I200313 14:24:33.004320 38 storage/engine/rocksdb.go:120                         Options.use_direct_reads: 0
I200313 14:24:33.004339 38 storage/engine/rocksdb.go:120                         Options.use_direct_io_for_flush_and_compaction: 0
I200313 14:24:33.004358 38 storage/engine/rocksdb.go:120           Options.create_missing_column_families: 0
I200313 14:24:33.004376 38 storage/engine/rocksdb.go:120                               Options.db_log_dir: 
I200313 14:24:33.004396 38 storage/engine/rocksdb.go:120                                  Options.wal_dir: /cockroach/cockroach-data/cockroach-temp797513340
I200313 14:24:33.004415 38 storage/engine/rocksdb.go:120                 Options.table_cache_numshardbits: 6
I200313 14:24:33.004434 38 storage/engine/rocksdb.go:120                       Options.max_subcompactions: 1
I200313 14:24:33.004452 38 storage/engine/rocksdb.go:120                   Options.max_background_flushes: -1
I200313 14:24:33.004471 38 storage/engine/rocksdb.go:120                          Options.WAL_ttl_seconds: 0
I200313 14:24:33.004490 38 storage/engine/rocksdb.go:120                        Options.WAL_size_limit_MB: 0
I200313 14:24:33.004509 38 storage/engine/rocksdb.go:120              Options.manifest_preallocation_size: 4194304
I200313 14:24:33.004528 38 storage/engine/rocksdb.go:120                      Options.is_fd_close_on_exec: 1
I200313 14:24:33.004573 38 storage/engine/rocksdb.go:120                    Options.advise_random_on_open: 1
I200313 14:24:33.004598 38 storage/engine/rocksdb.go:120                     Options.db_write_buffer_size: 0
I200313 14:24:33.004617 38 storage/engine/rocksdb.go:120                     Options.write_buffer_manager: 0x7f764641f060
I200313 14:24:33.004641 38 storage/engine/rocksdb.go:120          Options.access_hint_on_compaction_start: 1
I200313 14:24:33.004660 38 storage/engine/rocksdb.go:120   Options.new_table_reader_for_compaction_inputs: 0
I200313 14:24:33.004679 38 storage/engine/rocksdb.go:120            Options.random_access_max_buffer_size: 1048576
I200313 14:24:33.004698 38 storage/engine/rocksdb.go:120                       Options.use_adaptive_mutex: 0
I200313 14:24:33.004717 38 storage/engine/rocksdb.go:120                             Options.rate_limiter: (nil)
I200313 14:24:33.004737 38 storage/engine/rocksdb.go:120      Options.sst_file_manager.rate_bytes_per_sec: 0
I200313 14:24:33.004755 38 storage/engine/rocksdb.go:120                        Options.wal_recovery_mode: 0
I200313 14:24:33.004774 38 storage/engine/rocksdb.go:120                   Options.enable_thread_tracking: 0
I200313 14:24:33.004792 38 storage/engine/rocksdb.go:120                   Options.enable_pipelined_write: 0
I200313 14:24:33.004811 38 storage/engine/rocksdb.go:120          Options.allow_concurrent_memtable_write: 1
I200313 14:24:33.004830 38 storage/engine/rocksdb.go:120       Options.enable_write_thread_adaptive_yield: 1
I200313 14:24:33.004849 38 storage/engine/rocksdb.go:120              Options.write_thread_max_yield_usec: 100
I200313 14:24:33.004867 38 storage/engine/rocksdb.go:120             Options.write_thread_slow_yield_usec: 3
I200313 14:24:33.004886 38 storage/engine/rocksdb.go:120                                Options.row_cache: None
I200313 14:24:33.004905 38 storage/engine/rocksdb.go:120                               Options.wal_filter: None
I200313 14:24:33.004923 38 storage/engine/rocksdb.go:120              Options.avoid_flush_during_recovery: 0
I200313 14:24:33.004942 38 storage/engine/rocksdb.go:120              Options.allow_ingest_behind: 0
I200313 14:24:33.004964 38 storage/engine/rocksdb.go:120              Options.preserve_deletes: 0
I200313 14:24:33.004983 38 storage/engine/rocksdb.go:120              Options.two_write_queues: 0
I200313 14:24:33.005002 38 storage/engine/rocksdb.go:120              Options.manual_wal_flush: 1
I200313 14:24:33.005021 38 storage/engine/rocksdb.go:120              Options.atomic_flush: 0
I200313 14:24:33.005039 38 storage/engine/rocksdb.go:120              Options.avoid_unnecessary_blocking_io: 0
I200313 14:24:33.005059 38 storage/engine/rocksdb.go:120              Options.max_background_jobs: 4
I200313 14:24:33.005078 38 storage/engine/rocksdb.go:120              Options.max_background_compactions: -1
I200313 14:24:33.005097 38 storage/engine/rocksdb.go:120              Options.avoid_flush_during_shutdown: 0
I200313 14:24:33.005115 38 storage/engine/rocksdb.go:120            Options.writable_file_max_buffer_size: 1048576
I200313 14:24:33.005134 38 storage/engine/rocksdb.go:120              Options.delayed_write_rate : 16777216
I200313 14:24:33.005153 38 storage/engine/rocksdb.go:120              Options.max_total_wal_size: 0
I200313 14:24:33.005172 38 storage/engine/rocksdb.go:120              Options.delete_obsolete_files_period_micros: 21600000000
I200313 14:24:33.005191 38 storage/engine/rocksdb.go:120                    Options.stats_dump_period_sec: 0
I200313 14:24:33.005210 38 storage/engine/rocksdb.go:120                  Options.stats_persist_period_sec: 600
I200313 14:24:33.005228 38 storage/engine/rocksdb.go:120                  Options.stats_history_buffer_size: 1048576
I200313 14:24:33.005247 38 storage/engine/rocksdb.go:120                           Options.max_open_files: 128
I200313 14:24:33.005266 38 storage/engine/rocksdb.go:120                           Options.bytes_per_sync: 524288
I200313 14:24:33.005284 38 storage/engine/rocksdb.go:120                       Options.wal_bytes_per_sync: 0
I200313 14:24:33.005304 38 storage/engine/rocksdb.go:120                    Options.strict_bytes_per_sync: 1
I200313 14:24:33.005323 38 storage/engine/rocksdb.go:120        Options.compaction_readahead_size: 0
I200313 14:24:33.005342 38 storage/engine/rocksdb.go:120  Compression algorithms supported:
I200313 14:24:33.005365 38 storage/engine/rocksdb.go:120  	kZSTDNotFinalCompression supported: 0
I200313 14:24:33.005385 38 storage/engine/rocksdb.go:120  	kZSTD supported: 0
I200313 14:24:33.005403 38 storage/engine/rocksdb.go:120  	kXpressCompression supported: 0
I200313 14:24:33.005422 38 storage/engine/rocksdb.go:120  	kLZ4HCCompression supported: 0
I200313 14:24:33.005441 38 storage/engine/rocksdb.go:120  	kLZ4Compression supported: 0
I200313 14:24:33.005460 38 storage/engine/rocksdb.go:120  	kBZip2Compression supported: 0
I200313 14:24:33.005478 38 storage/engine/rocksdb.go:120  	kZlibCompression supported: 0
I200313 14:24:33.005497 38 storage/engine/rocksdb.go:120  	kSnappyCompression supported: 1
I200313 14:24:33.005526 38 storage/engine/rocksdb.go:120  Fast CRC32 supported: Supported on x86
I200313 14:24:33.008774 38 storage/engine/rocksdb.go:120  [db/db_impl_open.cc:242] Creating manifest 1 
I200313 14:24:33.024779 38 storage/engine/rocksdb.go:120  [db/version_set.cc:4072] Recovering from manifest file: /cockroach/cockroach-data/cockroach-temp797513340/MANIFEST-000001
I200313 14:24:33.028428 38 storage/engine/rocksdb.go:120  [db/column_family.cc:488] --------------- Options for column family [default]:
I200313 14:24:33.028483 38 storage/engine/rocksdb.go:120                Options.comparator: cockroach_comparator
I200313 14:24:33.028516 38 storage/engine/rocksdb.go:120            Options.merge_operator: cockroach_merge_operator
I200313 14:24:33.028553 38 storage/engine/rocksdb.go:120         Options.compaction_filter: None
I200313 14:24:33.028602 38 storage/engine/rocksdb.go:120         Options.compaction_filter_factory: None
I200313 14:24:33.028635 38 storage/engine/rocksdb.go:120          Options.memtable_factory: SkipListFactory
I200313 14:24:33.028672 38 storage/engine/rocksdb.go:120             Options.table_factory: BlockBasedTable
I200313 14:24:33.028720 38 storage/engine/rocksdb.go:120             table_factory options:   flush_block_policy_factory: FlushBlockBySizePolicyFactory (0x7f764642d030)
  cache_index_and_filter_blocks: 0
  cache_index_and_filter_blocks_with_high_priority: 0
  pin_l0_filter_and_index_blocks_in_cache: 0
  pin_top_level_index_and_filter: 1
  index_type: 0
  data_block_index_type: 0
  index_shortening: 1
  data_block_hash_table_util_ratio: 0.750000
  hash_index_allow_collision: 1
  checksum: 1
  no_block_cache: 0
  block_cache: 0x7f7646422010
  block_cache_name: LRUCache
  block_cache_options:
    capacity : 1048576
    num_shard_bits : 4
    strict_capacity_limit : 0
    memory_allocator : None
    high_pri_pool_ratio: 0.000
  block_cache_compressed: (nil)
  persistent_cache: (nil)
  block_size: 32768
  block_size_deviation: 10
  block_restart_interval: 16
  index_block_restart_interval: 1
  metadata_block_size: 4096
  partition_filters: 0
  use_delta_encoding: 1
  filter_policy: rocksdb.BuiltinBloomFilter
  whole_key_filtering: 0
  verify_compression: 0
  read_amp_bytes_per_bit: 0
  format_version: 2
  enable_index_compression: 1
  block_align: 0
I200313 14:24:33.028742 38 storage/engine/rocksdb.go:120         Options.write_buffer_size: 67108864
I200313 14:24:33.028769 38 storage/engine/rocksdb.go:120   Options.max_write_buffer_number: 4
I200313 14:24:33.028789 38 storage/engine/rocksdb.go:120           Options.compression: Snappy
I200313 14:24:33.028822 38 storage/engine/rocksdb.go:120                   Options.bottommost_compression: Disabled
I200313 14:24:33.028859 38 storage/engine/rocksdb.go:120        Options.prefix_extractor: cockroach_prefix_extractor
I200313 14:24:33.028878 38 storage/engine/rocksdb.go:120    Options.memtable_insert_with_hint_prefix_extractor: nullptr
I200313 14:24:33.028908 38 storage/engine/rocksdb.go:120              Options.num_levels: 7
I200313 14:24:33.028927 38 storage/engine/rocksdb.go:120         Options.min_write_buffer_number_to_merge: 1
I200313 14:24:33.028948 38 storage/engine/rocksdb.go:120      Options.max_write_buffer_number_to_maintain: 0
I200313 14:24:33.028972 38 storage/engine/rocksdb.go:120             Options.bottommost_compression_opts.window_bits: -14
I200313 14:24:33.028995 38 storage/engine/rocksdb.go:120                   Options.bottommost_compression_opts.level: 32767
I200313 14:24:33.029014 38 storage/engine/rocksdb.go:120                Options.bottommost_compression_opts.strategy: 0
I200313 14:24:33.029033 38 storage/engine/rocksdb.go:120          Options.bottommost_compression_opts.max_dict_bytes: 0
I200313 14:24:33.029052 38 storage/engine/rocksdb.go:120          Options.bottommost_compression_opts.zstd_max_train_bytes: 0
I200313 14:24:33.029072 38 storage/engine/rocksdb.go:120                   Options.bottommost_compression_opts.enabled: false
I200313 14:24:33.029092 38 storage/engine/rocksdb.go:120             Options.compression_opts.window_bits: -14
I200313 14:24:33.029108 38 storage/engine/rocksdb.go:120                   Options.compression_opts.level: 32767
I200313 14:24:33.029124 38 storage/engine/rocksdb.go:120                Options.compression_opts.strategy: 0
I200313 14:24:33.029142 38 storage/engine/rocksdb.go:120          Options.compression_opts.max_dict_bytes: 0
I200313 14:24:33.029165 38 storage/engine/rocksdb.go:120          Options.compression_opts.zstd_max_train_bytes: 0
I200313 14:24:33.029187 38 storage/engine/rocksdb.go:120                   Options.compression_opts.enabled: false
I200313 14:24:33.029208 38 storage/engine/rocksdb.go:120       Options.level0_file_num_compaction_trigger: 2
I200313 14:24:33.029236 38 storage/engine/rocksdb.go:120           Options.level0_slowdown_writes_trigger: 950
I200313 14:24:33.029274 38 storage/engine/rocksdb.go:120               Options.level0_stop_writes_trigger: 1000
I200313 14:24:33.029293 38 storage/engine/rocksdb.go:120                    Options.target_file_size_base: 4194304
I200313 14:24:33.029313 38 storage/engine/rocksdb.go:120              Options.target_file_size_multiplier: 2
I200313 14:24:33.029332 38 storage/engine/rocksdb.go:120                 Options.max_bytes_for_level_base: 67108864
I200313 14:24:33.029352 38 storage/engine/rocksdb.go:120  Options.level_compaction_dynamic_level_bytes: 1
I200313 14:24:33.029404 38 storage/engine/rocksdb.go:120           Options.max_bytes_for_level_multiplier: 10.000000
I200313 14:24:33.029430 38 storage/engine/rocksdb.go:120  Options.max_bytes_for_level_multiplier_addtl[0]: 1
I200313 14:24:33.029444 38 storage/engine/rocksdb.go:120  Options.max_bytes_for_level_multiplier_addtl[1]: 1
I200313 14:24:33.029463 38 storage/engine/rocksdb.go:120  Options.max_bytes_for_level_multiplier_addtl[2]: 1
I200313 14:24:33.029477 38 storage/engine/rocksdb.go:120  Options.max_bytes_for_level_multiplier_addtl[3]: 1
I200313 14:24:33.029492 38 storage/engine/rocksdb.go:120  Options.max_bytes_for_level_multiplier_addtl[4]: 1
I200313 14:24:33.029511 38 storage/engine/rocksdb.go:120  Options.max_bytes_for_level_multiplier_addtl[5]: 1
I200313 14:24:33.029527 38 storage/engine/rocksdb.go:120  Options.max_bytes_for_level_multiplier_addtl[6]: 1
I200313 14:24:33.029542 38 storage/engine/rocksdb.go:120        Options.max_sequential_skip_in_iterations: 8
I200313 14:24:33.029557 38 storage/engine/rocksdb.go:120                     Options.max_compaction_bytes: 104857600
I200313 14:24:33.029589 38 storage/engine/rocksdb.go:120                         Options.arena_block_size: 8388608
I200313 14:24:33.029633 38 storage/engine/rocksdb.go:120    Options.soft_pending_compaction_bytes_limit: 2199023255552
I200313 14:24:33.029654 38 storage/engine/rocksdb.go:120    Options.hard_pending_compaction_bytes_limit: 4400193994752
I200313 14:24:33.029676 38 storage/engine/rocksdb.go:120        Options.rate_limit_delay_max_milliseconds: 100
I200313 14:24:33.029702 38 storage/engine/rocksdb.go:120                 Options.disable_auto_compactions: 0
I200313 14:24:33.029741 38 storage/engine/rocksdb.go:120                         Options.compaction_style: kCompactionStyleLevel
I200313 14:24:33.029798 38 storage/engine/rocksdb.go:120                           Options.compaction_pri: kMinOverlappingRatio
I200313 14:24:33.029840 38 storage/engine/rocksdb.go:120  Options.compaction_options_universal.size_ratio: 1
I200313 14:24:33.029860 38 storage/engine/rocksdb.go:120  Options.compaction_options_universal.min_merge_width: 2
I200313 14:24:33.029893 38 storage/engine/rocksdb.go:120  Options.compaction_options_universal.max_merge_width: 4294967295
I200313 14:24:33.029931 38 storage/engine/rocksdb.go:120  Options.compaction_options_universal.max_size_amplification_percent: 200
I200313 14:24:33.029949 38 storage/engine/rocksdb.go:120  Options.compaction_options_universal.compression_size_percent: -1
I200313 14:24:33.029968 38 storage/engine/rocksdb.go:120  Options.compaction_options_universal.stop_style: kCompactionStopStyleTotalSize
I200313 14:24:33.029992 38 storage/engine/rocksdb.go:120  Options.compaction_options_fifo.max_table_files_size: 1073741824
I200313 14:24:33.030075 38 storage/engine/rocksdb.go:120  Options.compaction_options_fifo.allow_compaction: 0
I200313 14:24:33.030094 38 storage/engine/rocksdb.go:120                    Options.table_properties_collectors: TimeBoundTblPropCollectorFactory; DeleteRangeTblPropCollectorFactory; 
I200313 14:24:33.030114 38 storage/engine/rocksdb.go:120                    Options.inplace_update_support: 0
I200313 14:24:33.030164 38 storage/engine/rocksdb.go:120                  Options.inplace_update_num_locks: 10000
I200313 14:24:33.030184 38 storage/engine/rocksdb.go:120                Options.memtable_prefix_bloom_size_ratio: 0.000000
I200313 14:24:33.030201 38 storage/engine/rocksdb.go:120                Options.memtable_whole_key_filtering: 0
I200313 14:24:33.030283 38 storage/engine/rocksdb.go:120    Options.memtable_huge_page_size: 0
I200313 14:24:33.030307 38 storage/engine/rocksdb.go:120                            Options.bloom_locality: 0
I200313 14:24:33.030323 38 storage/engine/rocksdb.go:120                     Options.max_successive_merges: 0
I200313 14:24:33.030342 38 storage/engine/rocksdb.go:120                 Options.optimize_filters_for_hits: 1
I200313 14:24:33.030360 38 storage/engine/rocksdb.go:120                 Options.paranoid_file_checks: 0
I200313 14:24:33.030376 38 storage/engine/rocksdb.go:120                 Options.force_consistency_checks: 0
I200313 14:24:33.030399 38 storage/engine/rocksdb.go:120                 Options.report_bg_io_stats: 0
I200313 14:24:33.030418 38 storage/engine/rocksdb.go:120                                Options.ttl: 0
I200313 14:24:33.030470 38 storage/engine/rocksdb.go:120           Options.periodic_compaction_seconds: 0
I200313 14:24:33.035441 38 storage/engine/rocksdb.go:120  [db/version_set.cc:4286] Recovered from manifest file:/cockroach/cockroach-data/cockroach-temp797513340/MANIFEST-000001 succeeded,manifest_file_number is 1, next_file_number is 3, last_sequence is 0, log_number is 0,prev_log_number is 0,max_column_family is 0,min_log_number_to_keep is 0
I200313 14:24:33.035474 38 storage/engine/rocksdb.go:120  [db/version_set.cc:4295] Column family [default] (ID 0), log number is 0
I200313 14:24:33.054158 38 storage/engine/rocksdb.go:120  DB pointer 0x7f76464a1000
I200313 14:24:33.080048 38 storage/engine/rocksdb.go:120  RocksDB version: 6.2.1
I200313 14:24:33.080072 38 storage/engine/rocksdb.go:120  Git sha rocksdb_build_git_sha:@b7009236531fa784872f4823eabf393501e41bf2@
I200313 14:24:33.080097 38 storage/engine/rocksdb.go:120  Compile date Feb  6 2020
I200313 14:24:33.080119 38 storage/engine/rocksdb.go:120  DB SUMMARY
I200313 14:24:33.084015 38 storage/engine/rocksdb.go:120  CURRENT file:  CURRENT
I200313 14:24:33.084079 38 storage/engine/rocksdb.go:120  IDENTITY file:  IDENTITY
I200313 14:24:33.085038 38 storage/engine/rocksdb.go:120  MANIFEST file:  MANIFEST-000038 size: 187 Bytes
I200313 14:24:33.085084 38 storage/engine/rocksdb.go:120  SST files in /cockroach/cockroach-data dir, Total Num: 2, files: 000035.sst 000037.sst 
I200313 14:24:33.085108 38 storage/engine/rocksdb.go:120  Write Ahead Log file in /cockroach/cockroach-data: 000039.log size: 231233 ; 
I200313 14:24:33.085140 38 storage/engine/rocksdb.go:120                          Options.error_if_exists: 0
I200313 14:24:33.085184 38 storage/engine/rocksdb.go:120                        Options.create_if_missing: 1
I200313 14:24:33.085207 38 storage/engine/rocksdb.go:120                          Options.paranoid_checks: 1
I200313 14:24:33.085230 38 storage/engine/rocksdb.go:120                                      Options.env: 0x756aca0
I200313 14:24:33.085255 38 storage/engine/rocksdb.go:120                                 Options.info_log: 0x7f764640d2e0
I200313 14:24:33.085291 38 storage/engine/rocksdb.go:120                 Options.max_file_opening_threads: 16
I200313 14:24:33.085315 38 storage/engine/rocksdb.go:120                               Options.statistics: 0x7f7646434080
I200313 14:24:33.085338 38 storage/engine/rocksdb.go:120                                Options.use_fsync: 0
I200313 14:24:33.085370 38 storage/engine/rocksdb.go:120                        Options.max_log_file_size: 0
I200313 14:24:33.085451 38 storage/engine/rocksdb.go:120                   Options.max_manifest_file_size: 134217728
I200313 14:24:33.085476 38 storage/engine/rocksdb.go:120                    Options.log_file_time_to_roll: 0
I200313 14:24:33.085501 38 storage/engine/rocksdb.go:120                        Options.keep_log_file_num: 1000
I200313 14:24:33.085524 38 storage/engine/rocksdb.go:120                     Options.recycle_log_file_num: 1
I200313 14:24:33.085546 38 storage/engine/rocksdb.go:120                          Options.allow_fallocate: 1
I200313 14:24:33.085576 38 storage/engine/rocksdb.go:120                         Options.allow_mmap_reads: 0
I200313 14:24:33.085600 38 storage/engine/rocksdb.go:120                        Options.allow_mmap_writes: 0
I200313 14:24:33.085622 38 storage/engine/rocksdb.go:120                         Options.use_direct_reads: 0
I200313 14:24:33.085641 38 storage/engine/rocksdb.go:120                         Options.use_direct_io_for_flush_and_compaction: 0
I200313 14:24:33.085660 38 storage/engine/rocksdb.go:120           Options.create_missing_column_families: 0
I200313 14:24:33.085678 38 storage/engine/rocksdb.go:120                               Options.db_log_dir: 
I200313 14:24:33.085703 38 storage/engine/rocksdb.go:120                                  Options.wal_dir: /cockroach/cockroach-data
I200313 14:24:33.085733 38 storage/engine/rocksdb.go:120                 Options.table_cache_numshardbits: 6
I200313 14:24:33.085758 38 storage/engine/rocksdb.go:120                       Options.max_subcompactions: 1
I200313 14:24:33.085777 38 storage/engine/rocksdb.go:120                   Options.max_background_flushes: -1
I200313 14:24:33.085801 38 storage/engine/rocksdb.go:120                          Options.WAL_ttl_seconds: 0
I200313 14:24:33.085826 38 storage/engine/rocksdb.go:120                        Options.WAL_size_limit_MB: 0
I200313 14:24:33.085849 38 storage/engine/rocksdb.go:120              Options.manifest_preallocation_size: 4194304
I200313 14:24:33.085873 38 storage/engine/rocksdb.go:120                      Options.is_fd_close_on_exec: 1
I200313 14:24:33.085897 38 storage/engine/rocksdb.go:120                    Options.advise_random_on_open: 1
I200313 14:24:33.085925 38 storage/engine/rocksdb.go:120                     Options.db_write_buffer_size: 0
I200313 14:24:33.085983 38 storage/engine/rocksdb.go:120                     Options.write_buffer_manager: 0x7f764641f570
I200313 14:24:33.086013 38 storage/engine/rocksdb.go:120          Options.access_hint_on_compaction_start: 1
I200313 14:24:33.086071 38 storage/engine/rocksdb.go:120   Options.new_table_reader_for_compaction_inputs: 0
I200313 14:24:33.086117 38 storage/engine/rocksdb.go:120            Options.random_access_max_buffer_size: 1048576
I200313 14:24:33.086144 38 storage/engine/rocksdb.go:120                       Options.use_adaptive_mutex: 0
I200313 14:24:33.086172 38 storage/engine/rocksdb.go:120                             Options.rate_limiter: (nil)
I200313 14:24:33.086210 38 storage/engine/rocksdb.go:120      Options.sst_file_manager.rate_bytes_per_sec: 0
I200313 14:24:33.086248 38 storage/engine/rocksdb.go:120                        Options.wal_recovery_mode: 0
I200313 14:24:33.086274 38 storage/engine/rocksdb.go:120                   Options.enable_thread_tracking: 0
I200313 14:24:33.086299 38 storage/engine/rocksdb.go:120                   Options.enable_pipelined_write: 0
I200313 14:24:33.086323 38 storage/engine/rocksdb.go:120          Options.allow_concurrent_memtable_write: 1
I200313 14:24:33.086346 38 storage/engine/rocksdb.go:120       Options.enable_write_thread_adaptive_yield: 1
I200313 14:24:33.086372 38 storage/engine/rocksdb.go:120              Options.write_thread_max_yield_usec: 100
I200313 14:24:33.086442 38 storage/engine/rocksdb.go:120             Options.write_thread_slow_yield_usec: 3
I200313 14:24:33.086464 38 storage/engine/rocksdb.go:120                                Options.row_cache: None
I200313 14:24:33.086482 38 storage/engine/rocksdb.go:120                               Options.wal_filter: None
I200313 14:24:33.086507 38 storage/engine/rocksdb.go:120              Options.avoid_flush_during_recovery: 0
I200313 14:24:33.086531 38 storage/engine/rocksdb.go:120              Options.allow_ingest_behind: 0
I200313 14:24:33.086555 38 storage/engine/rocksdb.go:120              Options.preserve_deletes: 0
I200313 14:24:33.086579 38 storage/engine/rocksdb.go:120              Options.two_write_queues: 0
I200313 14:24:33.086613 38 storage/engine/rocksdb.go:120              Options.manual_wal_flush: 1
I200313 14:24:33.086637 38 storage/engine/rocksdb.go:120              Options.atomic_flush: 0
I200313 14:24:33.086675 38 storage/engine/rocksdb.go:120              Options.avoid_unnecessary_blocking_io: 0
I200313 14:24:33.086705 38 storage/engine/rocksdb.go:120              Options.max_background_jobs: 4
I200313 14:24:33.086724 38 storage/engine/rocksdb.go:120              Options.max_background_compactions: -1
I200313 14:24:33.086744 38 storage/engine/rocksdb.go:120              Options.avoid_flush_during_shutdown: 0
I200313 14:24:33.086763 38 storage/engine/rocksdb.go:120            Options.writable_file_max_buffer_size: 1048576
I200313 14:24:33.086783 38 storage/engine/rocksdb.go:120              Options.delayed_write_rate : 16777216
I200313 14:24:33.086808 38 storage/engine/rocksdb.go:120              Options.max_total_wal_size: 0
I200313 14:24:33.086828 38 storage/engine/rocksdb.go:120              Options.delete_obsolete_files_period_micros: 21600000000
I200313 14:24:33.086852 38 storage/engine/rocksdb.go:120                    Options.stats_dump_period_sec: 0
I200313 14:24:33.086876 38 storage/engine/rocksdb.go:120                  Options.stats_persist_period_sec: 600
I200313 14:24:33.086898 38 storage/engine/rocksdb.go:120                  Options.stats_history_buffer_size: 1048576
I200313 14:24:33.086928 38 storage/engine/rocksdb.go:120                           Options.max_open_files: 1043576
I200313 14:24:33.087023 38 storage/engine/rocksdb.go:120                           Options.bytes_per_sync: 524288
I200313 14:24:33.087068 38 storage/engine/rocksdb.go:120                       Options.wal_bytes_per_sync: 0
I200313 14:24:33.087088 38 storage/engine/rocksdb.go:120                    Options.strict_bytes_per_sync: 1
I200313 14:24:33.087107 38 storage/engine/rocksdb.go:120        Options.compaction_readahead_size: 0
I200313 14:24:33.087123 38 storage/engine/rocksdb.go:120  Compression algorithms supported:
I200313 14:24:33.087154 38 storage/engine/rocksdb.go:120  	kZSTDNotFinalCompression supported: 0
I200313 14:24:33.087179 38 storage/engine/rocksdb.go:120  	kZSTD supported: 0
I200313 14:24:33.087208 38 storage/engine/rocksdb.go:120  	kXpressCompression supported: 0
I200313 14:24:33.087229 38 storage/engine/rocksdb.go:120  	kLZ4HCCompression supported: 0
I200313 14:24:33.087246 38 storage/engine/rocksdb.go:120  	kLZ4Compression supported: 0
I200313 14:24:33.087265 38 storage/engine/rocksdb.go:120  	kBZip2Compression supported: 0
I200313 14:24:33.087284 38 storage/engine/rocksdb.go:120  	kZlibCompression supported: 0
I200313 14:24:33.087302 38 storage/engine/rocksdb.go:120  	kSnappyCompression supported: 1
I200313 14:24:33.087340 38 storage/engine/rocksdb.go:120  Fast CRC32 supported: Supported on x86
I200313 14:24:33.098530 38 storage/engine/rocksdb.go:120  [db/version_set.cc:4072] Recovering from manifest file: /cockroach/cockroach-data/MANIFEST-000038
I200313 14:24:33.099765 38 storage/engine/rocksdb.go:120  [db/column_family.cc:488] --------------- Options for column family [default]:
I200313 14:24:33.099790 38 storage/engine/rocksdb.go:120                Options.comparator: cockroach_comparator
I200313 14:24:33.099816 38 storage/engine/rocksdb.go:120            Options.merge_operator: cockroach_merge_operator
I200313 14:24:33.099832 38 storage/engine/rocksdb.go:120         Options.compaction_filter: None
I200313 14:24:33.099851 38 storage/engine/rocksdb.go:120         Options.compaction_filter_factory: None
I200313 14:24:33.099871 38 storage/engine/rocksdb.go:120          Options.memtable_factory: SkipListFactory
I200313 14:24:33.099892 38 storage/engine/rocksdb.go:120             Options.table_factory: BlockBasedTable
I200313 14:24:33.099936 38 storage/engine/rocksdb.go:120             table_factory options:   flush_block_policy_factory: FlushBlockBySizePolicyFactory (0x7f764642d090)
  cache_index_and_filter_blocks: 0
  cache_index_and_filter_blocks_with_high_priority: 0
  pin_l0_filter_and_index_blocks_in_cache: 0
  pin_top_level_index_and_filter: 1
  index_type: 0
  data_block_index_type: 0
  index_shortening: 1
  data_block_hash_table_util_ratio: 0.750000
  hash_index_allow_collision: 1
  checksum: 1
  no_block_cache: 0
  block_cache: 0x7f76464b9210
  block_cache_name: LRUCache
  block_cache_options:
    capacity : 67108864
    num_shard_bits : 4
    strict_capacity_limit : 0
    memory_allocator : None
    high_pri_pool_ratio: 0.000
  block_cache_compressed: (nil)
  persistent_cache: (nil)
  block_size: 32768
  block_size_deviation: 10
  block_restart_interval: 16
  index_block_restart_interval: 1
  metadata_block_size: 4096
  partition_filters: 0
  use_delta_encoding: 1
  filter_policy: rocksdb.BuiltinBloomFilter
  whole_key_filtering: 0
  verify_compression: 0
  read_amp_bytes_per_bit: 0
  format_version: 2
  enable_index_compression: 1
  block_align: 0
I200313 14:24:33.099958 38 storage/engine/rocksdb.go:120         Options.write_buffer_size: 67108864
I200313 14:24:33.099979 38 storage/engine/rocksdb.go:120   Options.max_write_buffer_number: 4
I200313 14:24:33.100004 38 storage/engine/rocksdb.go:120           Options.compression: Snappy
I200313 14:24:33.100025 38 storage/engine/rocksdb.go:120                   Options.bottommost_compression: Disabled
I200313 14:24:33.100044 38 storage/engine/rocksdb.go:120        Options.prefix_extractor: cockroach_prefix_extractor
I200313 14:24:33.100063 38 storage/engine/rocksdb.go:120    Options.memtable_insert_with_hint_prefix_extractor: nullptr
I200313 14:24:33.100082 38 storage/engine/rocksdb.go:120              Options.num_levels: 7
I200313 14:24:33.100096 38 storage/engine/rocksdb.go:120         Options.min_write_buffer_number_to_merge: 1
I200313 14:24:33.100113 38 storage/engine/rocksdb.go:120      Options.max_write_buffer_number_to_maintain: 0
I200313 14:24:33.100138 38 storage/engine/rocksdb.go:120             Options.bottommost_compression_opts.window_bits: -14
I200313 14:24:33.100158 38 storage/engine/rocksdb.go:120                   Options.bottommost_compression_opts.level: 32767
I200313 14:24:33.100177 38 storage/engine/rocksdb.go:120                Options.bottommost_compression_opts.strategy: 0
I200313 14:24:33.100195 38 storage/engine/rocksdb.go:120          Options.bottommost_compression_opts.max_dict_bytes: 0
I200313 14:24:33.100214 38 storage/engine/rocksdb.go:120          Options.bottommost_compression_opts.zstd_max_train_bytes: 0
I200313 14:24:33.100228 38 storage/engine/rocksdb.go:120                   Options.bottommost_compression_opts.enabled: false
I200313 14:24:33.100248 38 storage/engine/rocksdb.go:120             Options.compression_opts.window_bits: -14
I200313 14:24:33.100273 38 storage/engine/rocksdb.go:120                   Options.compression_opts.level: 32767
I200313 14:24:33.100295 38 storage/engine/rocksdb.go:120                Options.compression_opts.strategy: 0
I200313 14:24:33.100314 38 storage/engine/rocksdb.go:120          Options.compression_opts.max_dict_bytes: 0
I200313 14:24:33.100333 38 storage/engine/rocksdb.go:120          Options.compression_opts.zstd_max_train_bytes: 0
I200313 14:24:33.100352 38 storage/engine/rocksdb.go:120                   Options.compression_opts.enabled: false
I200313 14:24:33.100370 38 storage/engine/rocksdb.go:120       Options.level0_file_num_compaction_trigger: 2
I200313 14:24:33.100389 38 storage/engine/rocksdb.go:120           Options.level0_slowdown_writes_trigger: 950
I200313 14:24:33.100408 38 storage/engine/rocksdb.go:120               Options.level0_stop_writes_trigger: 1000
I200313 14:24:33.100427 38 storage/engine/rocksdb.go:120                    Options.target_file_size_base: 4194304
I200313 14:24:33.100445 38 storage/engine/rocksdb.go:120              Options.target_file_size_multiplier: 2
I200313 14:24:33.100464 38 storage/engine/rocksdb.go:120                 Options.max_bytes_for_level_base: 67108864
I200313 14:24:33.100483 38 storage/engine/rocksdb.go:120  Options.level_compaction_dynamic_level_bytes: 1
I200313 14:24:33.100503 38 storage/engine/rocksdb.go:120           Options.max_bytes_for_level_multiplier: 10.000000
I200313 14:24:33.100522 38 storage/engine/rocksdb.go:120  Options.max_bytes_for_level_multiplier_addtl[0]: 1
I200313 14:24:33.100541 38 storage/engine/rocksdb.go:120  Options.max_bytes_for_level_multiplier_addtl[1]: 1
I200313 14:24:33.100559 38 storage/engine/rocksdb.go:120  Options.max_bytes_for_level_multiplier_addtl[2]: 1
I200313 14:24:33.100578 38 storage/engine/rocksdb.go:120  Options.max_bytes_for_level_multiplier_addtl[3]: 1
I200313 14:24:33.100597 38 storage/engine/rocksdb.go:120  Options.max_bytes_for_level_multiplier_addtl[4]: 1
I200313 14:24:33.100617 38 storage/engine/rocksdb.go:120  Options.max_bytes_for_level_multiplier_addtl[5]: 1
I200313 14:24:33.100636 38 storage/engine/rocksdb.go:120  Options.max_bytes_for_level_multiplier_addtl[6]: 1
I200313 14:24:33.100654 38 storage/engine/rocksdb.go:120        Options.max_sequential_skip_in_iterations: 8
I200313 14:24:33.100704 38 storage/engine/rocksdb.go:120                     Options.max_compaction_bytes: 104857600
I200313 14:24:33.100729 38 storage/engine/rocksdb.go:120                         Options.arena_block_size: 8388608
I200313 14:24:33.100752 38 storage/engine/rocksdb.go:120    Options.soft_pending_compaction_bytes_limit: 2199023255552
I200313 14:24:33.100776 38 storage/engine/rocksdb.go:120    Options.hard_pending_compaction_bytes_limit: 4400193994752
I200313 14:24:33.100795 38 storage/engine/rocksdb.go:120        Options.rate_limit_delay_max_milliseconds: 100
I200313 14:24:33.100824 38 storage/engine/rocksdb.go:120                 Options.disable_auto_compactions: 0
I200313 14:24:33.100848 38 storage/engine/rocksdb.go:120                         Options.compaction_style: kCompactionStyleLevel
I200313 14:24:33.100868 38 storage/engine/rocksdb.go:120                           Options.compaction_pri: kMinOverlappingRatio
I200313 14:24:33.100886 38 storage/engine/rocksdb.go:120  Options.compaction_options_universal.size_ratio: 1
I200313 14:24:33.100903 38 storage/engine/rocksdb.go:120  Options.compaction_options_universal.min_merge_width: 2
I200313 14:24:33.100933 38 storage/engine/rocksdb.go:120  Options.compaction_options_universal.max_merge_width: 4294967295
I200313 14:24:33.100952 38 storage/engine/rocksdb.go:120  Options.compaction_options_universal.max_size_amplification_percent: 200
I200313 14:24:33.100971 38 storage/engine/rocksdb.go:120  Options.compaction_options_universal.compression_size_percent: -1
I200313 14:24:33.100991 38 storage/engine/rocksdb.go:120  Options.compaction_options_universal.stop_style: kCompactionStopStyleTotalSize
I200313 14:24:33.101010 38 storage/engine/rocksdb.go:120  Options.compaction_options_fifo.max_table_files_size: 1073741824
I200313 14:24:33.101042 38 storage/engine/rocksdb.go:120  Options.compaction_options_fifo.allow_compaction: 0
I200313 14:24:33.101066 38 storage/engine/rocksdb.go:120                    Options.table_properties_collectors: TimeBoundTblPropCollectorFactory; DeleteRangeTblPropCollectorFactory; 
I200313 14:24:33.101092 38 storage/engine/rocksdb.go:120                    Options.inplace_update_support: 0
I200313 14:24:33.101112 38 storage/engine/rocksdb.go:120                  Options.inplace_update_num_locks: 10000
I200313 14:24:33.101130 38 storage/engine/rocksdb.go:120                Options.memtable_prefix_bloom_size_ratio: 0.000000
I200313 14:24:33.101149 38 storage/engine/rocksdb.go:120                Options.memtable_whole_key_filtering: 0
I200313 14:24:33.101167 38 storage/engine/rocksdb.go:120    Options.memtable_huge_page_size: 0
I200313 14:24:33.101186 38 storage/engine/rocksdb.go:120                            Options.bloom_locality: 0
I200313 14:24:33.101206 38 storage/engine/rocksdb.go:120                     Options.max_successive_merges: 0
I200313 14:24:33.101234 38 storage/engine/rocksdb.go:120                 Options.optimize_filters_for_hits: 1
I200313 14:24:33.101255 38 storage/engine/rocksdb.go:120                 Options.paranoid_file_checks: 0
I200313 14:24:33.101274 38 storage/engine/rocksdb.go:120                 Options.force_consistency_checks: 0
I200313 14:24:33.101292 38 storage/engine/rocksdb.go:120                 Options.report_bg_io_stats: 0
I200313 14:24:33.101307 38 storage/engine/rocksdb.go:120                                Options.ttl: 0
I200313 14:24:33.101332 38 storage/engine/rocksdb.go:120           Options.periodic_compaction_seconds: 0
I200313 14:24:33.107145 38 storage/engine/rocksdb.go:120  [db/version_set.cc:3086] More existing levels in DB than needed. max_bytes_for_level_multiplier may not be guaranteed.
I200313 14:24:33.107184 38 storage/engine/rocksdb.go:120  [db/version_set.cc:4286] Recovered from manifest file:/cockroach/cockroach-data/MANIFEST-000038 succeeded,manifest_file_number is 38, next_file_number is 40, last_sequence is 278643, log_number is 33,prev_log_number is 0,max_column_family is 0,min_log_number_to_keep is 0
I200313 14:24:33.107205 38 storage/engine/rocksdb.go:120  [db/version_set.cc:4295] Column family [default] (ID 0), log number is 33
I200313 14:24:33.113244 38 storage/engine/rocksdb.go:120  EVENT_LOG_v1 {"time_micros": 1584109473113212, "job": 1, "event": "recovery_started", "log_files": [39]}
I200313 14:24:33.113280 38 storage/engine/rocksdb.go:120  [db/db_impl_open.cc:598] Recovering log #39 mode 0
I200313 14:24:33.127478 38 storage/engine/rocksdb.go:120  EVENT_LOG_v1 {"time_micros": 1584109473127378, "cf_name": "default", "job": 1, "event": "table_file_creation", "file_number": 40, "file_size": 45008, "table_properties": {"data_size": 42718, "index_size": 243, "index_partitions": 0, "top_level_index_size": 0, "index_key_is_user_key": 0, "index_value_is_delta_encoded": 0, "filter_size": 1093, "raw_key_size": 40523, "raw_average_key_size": 51, "raw_value_size": 183023, "raw_average_value_size": 232, "num_data_blocks": 5, "num_entries": 787, "num_deletions": 13, "num_merge_operands": 664, "num_range_deletions": 664, "format_version": 0, "fixed_key_len": 0, "filter_policy": "rocksdb.BuiltinBloomFilter", "column_family_name": "default", "column_family_id": 0, "comparator": "cockroach_comparator", "merge_operator": "cockroach_merge_operator", "prefix_extractor_name": "cockroach_prefix_extractor", "property_collectors": "[TimeBoundTblPropCollectorFactory,DeleteRangeTblPropCollectorFactory]", "compression": "Snappy", "compression_options": "window_bits=-14; level=32767; strategy=0; max_dict_bytes=0; zstd_max_train_bytes=0; enabled=0; ", "creation_time": 1584109473, "oldest_key_time": 3, "file_creation_time": 0}}
I200313 14:24:33.128286 38 storage/engine/rocksdb.go:120  [db/version_set.cc:3560] Creating manifest 41
I200313 14:24:33.134528 38 storage/engine/rocksdb.go:120  [db/version_set.cc:3086] More existing levels in DB than needed. max_bytes_for_level_multiplier may not be guaranteed.
I200313 14:24:33.142846 38 storage/engine/rocksdb.go:120  EVENT_LOG_v1 {"time_micros": 1584109473142781, "job": 1, "event": "recovery_finished"}
I200313 14:24:33.174407 17 storage/engine/rocksdb.go:120  [db/compaction_job.cc:1647] [default] [JOB 3] Compacting 2@0 + 1@6 files to L6, score 1.00
I200313 14:24:33.174518 17 storage/engine/rocksdb.go:120  [db/compaction_job.cc:1651] [default] Compaction start summary: Base version 2 Base level 0, inputs: [40(43KB) 37(52KB)], [35(374KB)]
I200313 14:24:33.174627 17 storage/engine/rocksdb.go:120  EVENT_LOG_v1 {"time_micros": 1584109473174574, "job": 3, "event": "compaction_started", "compaction_reason": "LevelL0FilesNum", "files_L0": [40, 37], "files_L6": [35], "score": 1, "input_data_size": 481923}
I200313 14:24:33.183024 38 storage/engine/rocksdb.go:120  DB pointer 0x7f7646535000
I200313 14:24:33.218183 17 storage/engine/rocksdb.go:120  [db/compaction_job.cc:1334] [default] [JOB 3] Generated table #45: 4226 keys, 396411 bytes
I200313 14:24:33.218309 17 storage/engine/rocksdb.go:120  EVENT_LOG_v1 {"time_micros": 1584109473218222, "cf_name": "default", "job": 3, "event": "table_file_creation", "file_number": 45, "file_size": 396411, "table_properties": {"data_size": 392825, "index_size": 5659, "index_partitions": 0, "top_level_index_size": 0, "index_key_is_user_key": 0, "index_value_is_delta_encoded": 0, "filter_size": 0, "raw_key_size": 193783, "raw_average_key_size": 45, "raw_value_size": 2796122, "raw_average_value_size": 661, "num_data_blocks": 87, "num_entries": 4226, "num_deletions": 0, "num_merge_operands": 0, "num_range_deletions": 0, "format_version": 0, "fixed_key_len": 0, "filter_policy": "rocksdb.BuiltinBloomFilter", "column_family_name": "default", "column_family_id": 0, "comparator": "cockroach_comparator", "merge_operator": "cockroach_merge_operator", "prefix_extractor_name": "cockroach_prefix_extractor", "property_collectors": "[TimeBoundTblPropCollectorFactory,DeleteRangeTblPropCollectorFactory]", "compression": "Snappy", "compression_options": "window_bits=-14; level=32767; strategy=0; max_dict_bytes=0; zstd_max_train_bytes=0; enabled=0; ", "creation_time": 1584109473, "oldest_key_time": 0, "file_creation_time": 1584109473}}
I200313 14:24:33.220670 17 storage/engine/rocksdb.go:120  [db/compaction_job.cc:1397] [default] [JOB 3] Compacted 2@0 + 1@6 files to L6 => 396411 bytes
I200313 14:24:33.220720 17 storage/engine/rocksdb.go:120  [db/version_set.cc:3086] More existing levels in DB than needed. max_bytes_for_level_multiplier may not be guaranteed.
I200313 14:24:33.221177 17 storage/engine/rocksdb.go:120  (Original Log Time 2020/03/13-14:24:33.221049) [db/compaction_job.cc:770] [default] compacted to: base level 6 level multiplier 10.00 max bytes base 67108864 files[0 0 0 0 0 0 1] max score 0.00, MB/sec: 10.8 rd, 8.9 wr, level 6, files in(2, 1) out(1) MB in(0.1, 0.4) out(0.4), read-write-amplify(8.9) write-amplify(4.0) OK, records in: 5722, records dropped: 168 output_compression: Snappy
I200313 14:24:33.221208 17 storage/engine/rocksdb.go:120  (Original Log Time 2020/03/13-14:24:33.221083) EVENT_LOG_v1 {"time_micros": 1584109473221064, "job": 3, "event": "compaction_finished", "compaction_time_micros": 44527, "compaction_time_cpu_micros": 34615, "output_level": 6, "num_output_files": 1, "total_output_size": 396411, "num_input_records": 4394, "num_output_records": 4226, "num_subcompactions": 1, "output_compression": "Snappy", "num_single_delete_mismatches": 0, "num_single_delete_fallthrough": 0, "lsm_state": [0, 0, 0, 0, 0, 0, 1]}
I200313 14:24:33.222490 17 storage/engine/rocksdb.go:120  EVENT_LOG_v1 {"time_micros": 1584109473222457, "job": 3, "event": "table_file_deletion", "file_number": 40}
I200313 14:24:33.223790 17 storage/engine/rocksdb.go:120  EVENT_LOG_v1 {"time_micros": 1584109473223756, "job": 3, "event": "table_file_deletion", "file_number": 37}
I200313 14:24:33.225099 17 storage/engine/rocksdb.go:120  EVENT_LOG_v1 {"time_micros": 1584109473225078, "job": 3, "event": "table_file_deletion", "file_number": 35}
I200313 14:24:46.187046 656 storage/engine/rocksdb.go:120  bloom filter utility:    -nan%
I200313 14:24:46.187464 656 storage/engine/rocksdb.go:120  [db/db_impl.cc:392] Shutdown: canceling all background work
I200313 14:24:46.192488 656 storage/engine/rocksdb.go:120  [db/db_impl.cc:565] Shutdown complete
I200313 14:24:46.209426 656 storage/engine/rocksdb.go:120  bloom filter utility:    66.7%
I200313 14:24:46.209869 656 storage/engine/rocksdb.go:120  [db/db_impl.cc:392] Shutdown: canceling all background work
I200313 14:24:46.217364 656 storage/engine/rocksdb.go:120  [db/db_impl.cc:565] Shutdown complete
