I200313 14:10:47.313702 15 util/log/clog.go:1196  [config] file created at: 2020/03/13 14:10:47
I200313 14:10:47.313702 15 util/log/clog.go:1196  [config] running on machine: 6d72991c190d
I200313 14:10:47.313702 15 util/log/clog.go:1196  [config] binary: CockroachDB CCL v19.2.4 (x86_64-unknown-linux-gnu, built 2020/02/06 21:55:19, go1.12.12)
I200313 14:10:47.313702 15 util/log/clog.go:1196  [config] arguments: [/cockroach/cockroach start --insecure]
I200313 14:10:47.313702 15 util/log/clog.go:1196  line format: [IWEF]yymmdd hh:mm:ss.uuuuuu goid file:line msg utf8=✓
I200313 14:10:47.313689 15 storage/engine/rocksdb.go:120  RocksDB version: 6.2.1
I200313 14:10:47.323590 15 storage/engine/rocksdb.go:120  Git sha rocksdb_build_git_sha:@b7009236531fa784872f4823eabf393501e41bf2@
I200313 14:10:47.323650 15 storage/engine/rocksdb.go:120  Compile date Feb  6 2020
I200313 14:10:47.323674 15 storage/engine/rocksdb.go:120  DB SUMMARY
I200313 14:10:47.326472 15 storage/engine/rocksdb.go:120  SST files in /cockroach/cockroach-data/cockroach-temp423543468 dir, Total Num: 0, files: 
I200313 14:10:47.336157 15 storage/engine/rocksdb.go:120  Write Ahead Log file in /cockroach/cockroach-data/cockroach-temp423543468: 
I200313 14:10:47.336196 15 storage/engine/rocksdb.go:120                          Options.error_if_exists: 0
I200313 14:10:47.336226 15 storage/engine/rocksdb.go:120                        Options.create_if_missing: 1
I200313 14:10:47.336246 15 storage/engine/rocksdb.go:120                          Options.paranoid_checks: 1
I200313 14:10:47.336289 15 storage/engine/rocksdb.go:120                                      Options.env: 0x756aca0
I200313 14:10:47.336311 15 storage/engine/rocksdb.go:120                                 Options.info_log: 0x7fefd3c87fc0
I200313 14:10:47.336330 15 storage/engine/rocksdb.go:120                 Options.max_file_opening_threads: 16
I200313 14:10:47.336348 15 storage/engine/rocksdb.go:120                               Options.statistics: 0x7fefd3c1d8d0
I200313 14:10:47.336367 15 storage/engine/rocksdb.go:120                                Options.use_fsync: 0
I200313 14:10:47.336386 15 storage/engine/rocksdb.go:120                        Options.max_log_file_size: 0
I200313 14:10:47.336405 15 storage/engine/rocksdb.go:120                   Options.max_manifest_file_size: 134217728
I200313 14:10:47.336429 15 storage/engine/rocksdb.go:120                    Options.log_file_time_to_roll: 0
I200313 14:10:47.336463 15 storage/engine/rocksdb.go:120                        Options.keep_log_file_num: 1000
I200313 14:10:47.336504 15 storage/engine/rocksdb.go:120                     Options.recycle_log_file_num: 1
I200313 14:10:47.336551 15 storage/engine/rocksdb.go:120                          Options.allow_fallocate: 1
I200313 14:10:47.336571 15 storage/engine/rocksdb.go:120                         Options.allow_mmap_reads: 0
I200313 14:10:47.336585 15 storage/engine/rocksdb.go:120                        Options.allow_mmap_writes: 0
I200313 14:10:47.336604 15 storage/engine/rocksdb.go:120                         Options.use_direct_reads: 0
I200313 14:10:47.336704 15 storage/engine/rocksdb.go:120                         Options.use_direct_io_for_flush_and_compaction: 0
I200313 14:10:47.336722 15 storage/engine/rocksdb.go:120           Options.create_missing_column_families: 0
I200313 14:10:47.336742 15 storage/engine/rocksdb.go:120                               Options.db_log_dir: 
I200313 14:10:47.336777 15 storage/engine/rocksdb.go:120                                  Options.wal_dir: /cockroach/cockroach-data/cockroach-temp423543468
I200313 14:10:47.336790 15 storage/engine/rocksdb.go:120                 Options.table_cache_numshardbits: 6
I200313 14:10:47.336809 15 storage/engine/rocksdb.go:120                       Options.max_subcompactions: 1
I200313 14:10:47.336842 15 storage/engine/rocksdb.go:120                   Options.max_background_flushes: -1
I200313 14:10:47.336861 15 storage/engine/rocksdb.go:120                          Options.WAL_ttl_seconds: 0
I200313 14:10:47.336891 15 storage/engine/rocksdb.go:120                        Options.WAL_size_limit_MB: 0
I200313 14:10:47.336919 15 storage/engine/rocksdb.go:120              Options.manifest_preallocation_size: 4194304
I200313 14:10:47.336945 15 storage/engine/rocksdb.go:120                      Options.is_fd_close_on_exec: 1
I200313 14:10:47.336988 15 storage/engine/rocksdb.go:120                    Options.advise_random_on_open: 1
I200313 14:10:47.337011 15 storage/engine/rocksdb.go:120                     Options.db_write_buffer_size: 0
I200313 14:10:47.337096 15 storage/engine/rocksdb.go:120                     Options.write_buffer_manager: 0x7fefd3c60ce0
I200313 14:10:47.337118 15 storage/engine/rocksdb.go:120          Options.access_hint_on_compaction_start: 1
I200313 14:10:47.337133 15 storage/engine/rocksdb.go:120   Options.new_table_reader_for_compaction_inputs: 0
I200313 14:10:47.337152 15 storage/engine/rocksdb.go:120            Options.random_access_max_buffer_size: 1048576
I200313 14:10:47.337171 15 storage/engine/rocksdb.go:120                       Options.use_adaptive_mutex: 0
I200313 14:10:47.337191 15 storage/engine/rocksdb.go:120                             Options.rate_limiter: (nil)
I200313 14:10:47.337221 15 storage/engine/rocksdb.go:120      Options.sst_file_manager.rate_bytes_per_sec: 0
I200313 14:10:47.337248 15 storage/engine/rocksdb.go:120                        Options.wal_recovery_mode: 0
I200313 14:10:47.337332 15 storage/engine/rocksdb.go:120                   Options.enable_thread_tracking: 0
I200313 14:10:47.337352 15 storage/engine/rocksdb.go:120                   Options.enable_pipelined_write: 0
I200313 14:10:47.337368 15 storage/engine/rocksdb.go:120          Options.allow_concurrent_memtable_write: 1
I200313 14:10:47.337382 15 storage/engine/rocksdb.go:120       Options.enable_write_thread_adaptive_yield: 1
I200313 14:10:47.337400 15 storage/engine/rocksdb.go:120              Options.write_thread_max_yield_usec: 100
I200313 14:10:47.337419 15 storage/engine/rocksdb.go:120             Options.write_thread_slow_yield_usec: 3
I200313 14:10:47.337441 15 storage/engine/rocksdb.go:120                                Options.row_cache: None
I200313 14:10:47.337471 15 storage/engine/rocksdb.go:120                               Options.wal_filter: None
I200313 14:10:47.337501 15 storage/engine/rocksdb.go:120              Options.avoid_flush_during_recovery: 0
I200313 14:10:47.337521 15 storage/engine/rocksdb.go:120              Options.allow_ingest_behind: 0
I200313 14:10:47.337647 15 storage/engine/rocksdb.go:120              Options.preserve_deletes: 0
I200313 14:10:47.337670 15 storage/engine/rocksdb.go:120              Options.two_write_queues: 0
I200313 14:10:47.337694 15 storage/engine/rocksdb.go:120              Options.manual_wal_flush: 1
I200313 14:10:47.337713 15 storage/engine/rocksdb.go:120              Options.atomic_flush: 0
I200313 14:10:47.337736 15 storage/engine/rocksdb.go:120              Options.avoid_unnecessary_blocking_io: 0
I200313 14:10:47.337761 15 storage/engine/rocksdb.go:120              Options.max_background_jobs: 4
I200313 14:10:47.337827 15 storage/engine/rocksdb.go:120              Options.max_background_compactions: -1
I200313 14:10:47.337855 15 storage/engine/rocksdb.go:120              Options.avoid_flush_during_shutdown: 0
I200313 14:10:47.337875 15 storage/engine/rocksdb.go:120            Options.writable_file_max_buffer_size: 1048576
I200313 14:10:47.337895 15 storage/engine/rocksdb.go:120              Options.delayed_write_rate : 16777216
I200313 14:10:47.337914 15 storage/engine/rocksdb.go:120              Options.max_total_wal_size: 0
I200313 14:10:47.337933 15 storage/engine/rocksdb.go:120              Options.delete_obsolete_files_period_micros: 21600000000
I200313 14:10:47.337952 15 storage/engine/rocksdb.go:120                    Options.stats_dump_period_sec: 0
I200313 14:10:47.337970 15 storage/engine/rocksdb.go:120                  Options.stats_persist_period_sec: 600
I200313 14:10:47.337989 15 storage/engine/rocksdb.go:120                  Options.stats_history_buffer_size: 1048576
I200313 14:10:47.338008 15 storage/engine/rocksdb.go:120                           Options.max_open_files: 128
I200313 14:10:47.338027 15 storage/engine/rocksdb.go:120                           Options.bytes_per_sync: 524288
I200313 14:10:47.338045 15 storage/engine/rocksdb.go:120                       Options.wal_bytes_per_sync: 0
I200313 14:10:47.338064 15 storage/engine/rocksdb.go:120                    Options.strict_bytes_per_sync: 1
I200313 14:10:47.338080 15 storage/engine/rocksdb.go:120        Options.compaction_readahead_size: 0
I200313 14:10:47.338100 15 storage/engine/rocksdb.go:120  Compression algorithms supported:
I200313 14:10:47.338217 15 storage/engine/rocksdb.go:120  	kZSTDNotFinalCompression supported: 0
I200313 14:10:47.338246 15 storage/engine/rocksdb.go:120  	kZSTD supported: 0
I200313 14:10:47.338267 15 storage/engine/rocksdb.go:120  	kXpressCompression supported: 0
I200313 14:10:47.338291 15 storage/engine/rocksdb.go:120  	kLZ4HCCompression supported: 0
I200313 14:10:47.338314 15 storage/engine/rocksdb.go:120  	kLZ4Compression supported: 0
I200313 14:10:47.338344 15 storage/engine/rocksdb.go:120  	kBZip2Compression supported: 0
I200313 14:10:47.338367 15 storage/engine/rocksdb.go:120  	kZlibCompression supported: 0
I200313 14:10:47.338423 15 storage/engine/rocksdb.go:120  	kSnappyCompression supported: 1
I200313 14:10:47.338471 15 storage/engine/rocksdb.go:120  Fast CRC32 supported: Supported on x86
I200313 14:10:47.341639 15 storage/engine/rocksdb.go:120  [db/db_impl_open.cc:242] Creating manifest 1 
I200313 14:10:47.358223 15 storage/engine/rocksdb.go:120  [db/version_set.cc:4072] Recovering from manifest file: /cockroach/cockroach-data/cockroach-temp423543468/MANIFEST-000001
I200313 14:10:47.360346 15 storage/engine/rocksdb.go:120  [db/column_family.cc:488] --------------- Options for column family [default]:
I200313 14:10:47.360374 15 storage/engine/rocksdb.go:120                Options.comparator: cockroach_comparator
I200313 14:10:47.360404 15 storage/engine/rocksdb.go:120            Options.merge_operator: cockroach_merge_operator
I200313 14:10:47.360561 15 storage/engine/rocksdb.go:120         Options.compaction_filter: None
I200313 14:10:47.360577 15 storage/engine/rocksdb.go:120         Options.compaction_filter_factory: None
I200313 14:10:47.360593 15 storage/engine/rocksdb.go:120          Options.memtable_factory: SkipListFactory
I200313 14:10:47.360645 15 storage/engine/rocksdb.go:120             Options.table_factory: BlockBasedTable
I200313 14:10:47.360842 15 storage/engine/rocksdb.go:120             table_factory options:   flush_block_policy_factory: FlushBlockBySizePolicyFactory (0x7fefd3c24040)
  cache_index_and_filter_blocks: 0
  cache_index_and_filter_blocks_with_high_priority: 0
  pin_l0_filter_and_index_blocks_in_cache: 0
  pin_top_level_index_and_filter: 1
  index_type: 0
  data_block_index_type: 0
  index_shortening: 1
  data_block_hash_table_util_ratio: 0.750000
  hash_index_allow_collision: 1
  checksum: 1
  no_block_cache: 0
  block_cache: 0x7fefd3c4b210
  block_cache_name: LRUCache
  block_cache_options:
    capacity : 1048576
    num_shard_bits : 4
    strict_capacity_limit : 0
    memory_allocator : None
    high_pri_pool_ratio: 0.000
  block_cache_compressed: (nil)
  persistent_cache: (nil)
  block_size: 32768
  block_size_deviation: 10
  block_restart_interval: 16
  index_block_restart_interval: 1
  metadata_block_size: 4096
  partition_filters: 0
  use_delta_encoding: 1
  filter_policy: rocksdb.BuiltinBloomFilter
  whole_key_filtering: 0
  verify_compression: 0
  read_amp_bytes_per_bit: 0
  format_version: 2
  enable_index_compression: 1
  block_align: 0
I200313 14:10:47.360896 15 storage/engine/rocksdb.go:120         Options.write_buffer_size: 67108864
I200313 14:10:47.360940 15 storage/engine/rocksdb.go:120   Options.max_write_buffer_number: 4
I200313 14:10:47.360961 15 storage/engine/rocksdb.go:120           Options.compression: Snappy
I200313 14:10:47.360992 15 storage/engine/rocksdb.go:120                   Options.bottommost_compression: Disabled
I200313 14:10:47.361019 15 storage/engine/rocksdb.go:120        Options.prefix_extractor: cockroach_prefix_extractor
I200313 14:10:47.361045 15 storage/engine/rocksdb.go:120    Options.memtable_insert_with_hint_prefix_extractor: nullptr
I200313 14:10:47.361068 15 storage/engine/rocksdb.go:120              Options.num_levels: 7
I200313 14:10:47.361090 15 storage/engine/rocksdb.go:120         Options.min_write_buffer_number_to_merge: 1
I200313 14:10:47.361113 15 storage/engine/rocksdb.go:120      Options.max_write_buffer_number_to_maintain: 0
I200313 14:10:47.361133 15 storage/engine/rocksdb.go:120             Options.bottommost_compression_opts.window_bits: -14
I200313 14:10:47.361160 15 storage/engine/rocksdb.go:120                   Options.bottommost_compression_opts.level: 32767
I200313 14:10:47.361182 15 storage/engine/rocksdb.go:120                Options.bottommost_compression_opts.strategy: 0
I200313 14:10:47.361206 15 storage/engine/rocksdb.go:120          Options.bottommost_compression_opts.max_dict_bytes: 0
I200313 14:10:47.361231 15 storage/engine/rocksdb.go:120          Options.bottommost_compression_opts.zstd_max_train_bytes: 0
I200313 14:10:47.361252 15 storage/engine/rocksdb.go:120                   Options.bottommost_compression_opts.enabled: false
I200313 14:10:47.361275 15 storage/engine/rocksdb.go:120             Options.compression_opts.window_bits: -14
I200313 14:10:47.361298 15 storage/engine/rocksdb.go:120                   Options.compression_opts.level: 32767
I200313 14:10:47.361320 15 storage/engine/rocksdb.go:120                Options.compression_opts.strategy: 0
I200313 14:10:47.361341 15 storage/engine/rocksdb.go:120          Options.compression_opts.max_dict_bytes: 0
I200313 14:10:47.361360 15 storage/engine/rocksdb.go:120          Options.compression_opts.zstd_max_train_bytes: 0
I200313 14:10:47.361381 15 storage/engine/rocksdb.go:120                   Options.compression_opts.enabled: false
I200313 14:10:47.361399 15 storage/engine/rocksdb.go:120       Options.level0_file_num_compaction_trigger: 2
I200313 14:10:47.361418 15 storage/engine/rocksdb.go:120           Options.level0_slowdown_writes_trigger: 950
I200313 14:10:47.361438 15 storage/engine/rocksdb.go:120               Options.level0_stop_writes_trigger: 1000
I200313 14:10:47.361458 15 storage/engine/rocksdb.go:120                    Options.target_file_size_base: 4194304
I200313 14:10:47.361513 15 storage/engine/rocksdb.go:120              Options.target_file_size_multiplier: 2
I200313 14:10:47.361536 15 storage/engine/rocksdb.go:120                 Options.max_bytes_for_level_base: 67108864
I200313 14:10:47.361557 15 storage/engine/rocksdb.go:120  Options.level_compaction_dynamic_level_bytes: 1
I200313 14:10:47.361586 15 storage/engine/rocksdb.go:120           Options.max_bytes_for_level_multiplier: 10.000000
I200313 14:10:47.361697 15 storage/engine/rocksdb.go:120  Options.max_bytes_for_level_multiplier_addtl[0]: 1
I200313 14:10:47.361720 15 storage/engine/rocksdb.go:120  Options.max_bytes_for_level_multiplier_addtl[1]: 1
I200313 14:10:47.361742 15 storage/engine/rocksdb.go:120  Options.max_bytes_for_level_multiplier_addtl[2]: 1
I200313 14:10:47.361761 15 storage/engine/rocksdb.go:120  Options.max_bytes_for_level_multiplier_addtl[3]: 1
I200313 14:10:47.361781 15 storage/engine/rocksdb.go:120  Options.max_bytes_for_level_multiplier_addtl[4]: 1
I200313 14:10:47.361796 15 storage/engine/rocksdb.go:120  Options.max_bytes_for_level_multiplier_addtl[5]: 1
I200313 14:10:47.361815 15 storage/engine/rocksdb.go:120  Options.max_bytes_for_level_multiplier_addtl[6]: 1
I200313 14:10:47.361834 15 storage/engine/rocksdb.go:120        Options.max_sequential_skip_in_iterations: 8
I200313 14:10:47.361855 15 storage/engine/rocksdb.go:120                     Options.max_compaction_bytes: 104857600
I200313 14:10:47.361879 15 storage/engine/rocksdb.go:120                         Options.arena_block_size: 8388608
I200313 14:10:47.361904 15 storage/engine/rocksdb.go:120    Options.soft_pending_compaction_bytes_limit: 2199023255552
I200313 14:10:47.361998 15 storage/engine/rocksdb.go:120    Options.hard_pending_compaction_bytes_limit: 4400193994752
I200313 14:10:47.362020 15 storage/engine/rocksdb.go:120        Options.rate_limit_delay_max_milliseconds: 100
I200313 14:10:47.362043 15 storage/engine/rocksdb.go:120                 Options.disable_auto_compactions: 0
I200313 14:10:47.362074 15 storage/engine/rocksdb.go:120                         Options.compaction_style: kCompactionStyleLevel
I200313 14:10:47.362102 15 storage/engine/rocksdb.go:120                           Options.compaction_pri: kMinOverlappingRatio
I200313 14:10:47.362144 15 storage/engine/rocksdb.go:120  Options.compaction_options_universal.size_ratio: 1
I200313 14:10:47.362243 15 storage/engine/rocksdb.go:120  Options.compaction_options_universal.min_merge_width: 2
I200313 14:10:47.362263 15 storage/engine/rocksdb.go:120  Options.compaction_options_universal.max_merge_width: 4294967295
I200313 14:10:47.362282 15 storage/engine/rocksdb.go:120  Options.compaction_options_universal.max_size_amplification_percent: 200
I200313 14:10:47.362301 15 storage/engine/rocksdb.go:120  Options.compaction_options_universal.compression_size_percent: -1
I200313 14:10:47.362327 15 storage/engine/rocksdb.go:120  Options.compaction_options_universal.stop_style: kCompactionStopStyleTotalSize
I200313 14:10:47.362350 15 storage/engine/rocksdb.go:120  Options.compaction_options_fifo.max_table_files_size: 1073741824
I200313 14:10:47.362401 15 storage/engine/rocksdb.go:120  Options.compaction_options_fifo.allow_compaction: 0
I200313 14:10:47.362431 15 storage/engine/rocksdb.go:120                    Options.table_properties_collectors: TimeBoundTblPropCollectorFactory; DeleteRangeTblPropCollectorFactory; 
I200313 14:10:47.362457 15 storage/engine/rocksdb.go:120                    Options.inplace_update_support: 0
I200313 14:10:47.362479 15 storage/engine/rocksdb.go:120                  Options.inplace_update_num_locks: 10000
I200313 14:10:47.362494 15 storage/engine/rocksdb.go:120                Options.memtable_prefix_bloom_size_ratio: 0.000000
I200313 14:10:47.362656 15 storage/engine/rocksdb.go:120                Options.memtable_whole_key_filtering: 0
I200313 14:10:47.362680 15 storage/engine/rocksdb.go:120    Options.memtable_huge_page_size: 0
I200313 14:10:47.362722 15 storage/engine/rocksdb.go:120                            Options.bloom_locality: 0
I200313 14:10:47.362745 15 storage/engine/rocksdb.go:120                     Options.max_successive_merges: 0
I200313 14:10:47.362767 15 storage/engine/rocksdb.go:120                 Options.optimize_filters_for_hits: 1
I200313 14:10:47.362793 15 storage/engine/rocksdb.go:120                 Options.paranoid_file_checks: 0
I200313 14:10:47.362817 15 storage/engine/rocksdb.go:120                 Options.force_consistency_checks: 0
I200313 14:10:47.362872 15 storage/engine/rocksdb.go:120                 Options.report_bg_io_stats: 0
I200313 14:10:47.362892 15 storage/engine/rocksdb.go:120                                Options.ttl: 0
I200313 14:10:47.362909 15 storage/engine/rocksdb.go:120           Options.periodic_compaction_seconds: 0
I200313 14:10:47.368675 15 storage/engine/rocksdb.go:120  [db/version_set.cc:4286] Recovered from manifest file:/cockroach/cockroach-data/cockroach-temp423543468/MANIFEST-000001 succeeded,manifest_file_number is 1, next_file_number is 3, last_sequence is 0, log_number is 0,prev_log_number is 0,max_column_family is 0,min_log_number_to_keep is 0
I200313 14:10:47.368724 15 storage/engine/rocksdb.go:120  [db/version_set.cc:4295] Column family [default] (ID 0), log number is 0
I200313 14:10:47.388277 15 storage/engine/rocksdb.go:120  DB pointer 0x7fefd3d84000
I200313 14:10:47.410483 15 storage/engine/rocksdb.go:120  RocksDB version: 6.2.1
I200313 14:10:47.410541 15 storage/engine/rocksdb.go:120  Git sha rocksdb_build_git_sha:@b7009236531fa784872f4823eabf393501e41bf2@
I200313 14:10:47.410561 15 storage/engine/rocksdb.go:120  Compile date Feb  6 2020
I200313 14:10:47.410585 15 storage/engine/rocksdb.go:120  DB SUMMARY
I200313 14:10:47.415497 15 storage/engine/rocksdb.go:120  CURRENT file:  CURRENT
I200313 14:10:47.415534 15 storage/engine/rocksdb.go:120  IDENTITY file:  IDENTITY
I200313 14:10:47.416853 15 storage/engine/rocksdb.go:120  MANIFEST file:  MANIFEST-000011 size: 246 Bytes
I200313 14:10:47.416889 15 storage/engine/rocksdb.go:120  SST files in /cockroach/cockroach-data dir, Total Num: 1, files: 000015.sst 
I200313 14:10:47.416920 15 storage/engine/rocksdb.go:120  Write Ahead Log file in /cockroach/cockroach-data: 000012.log size: 12503054 ; 
I200313 14:10:47.416978 15 storage/engine/rocksdb.go:120                          Options.error_if_exists: 0
I200313 14:10:47.417023 15 storage/engine/rocksdb.go:120                        Options.create_if_missing: 1
I200313 14:10:47.417061 15 storage/engine/rocksdb.go:120                          Options.paranoid_checks: 1
I200313 14:10:47.417114 15 storage/engine/rocksdb.go:120                                      Options.env: 0x756aca0
I200313 14:10:47.417150 15 storage/engine/rocksdb.go:120                                 Options.info_log: 0x7fefc540d0c0
I200313 14:10:47.417204 15 storage/engine/rocksdb.go:120                 Options.max_file_opening_threads: 16
I200313 14:10:47.417241 15 storage/engine/rocksdb.go:120                               Options.statistics: 0x7fefc541d010
I200313 14:10:47.417274 15 storage/engine/rocksdb.go:120                                Options.use_fsync: 0
I200313 14:10:47.417292 15 storage/engine/rocksdb.go:120                        Options.max_log_file_size: 0
I200313 14:10:47.417330 15 storage/engine/rocksdb.go:120                   Options.max_manifest_file_size: 134217728
I200313 14:10:47.417364 15 storage/engine/rocksdb.go:120                    Options.log_file_time_to_roll: 0
I200313 14:10:47.417383 15 storage/engine/rocksdb.go:120                        Options.keep_log_file_num: 1000
I200313 14:10:47.417432 15 storage/engine/rocksdb.go:120                     Options.recycle_log_file_num: 1
I200313 14:10:47.417454 15 storage/engine/rocksdb.go:120                          Options.allow_fallocate: 1
I200313 14:10:47.417506 15 storage/engine/rocksdb.go:120                         Options.allow_mmap_reads: 0
I200313 14:10:47.417525 15 storage/engine/rocksdb.go:120                        Options.allow_mmap_writes: 0
I200313 14:10:47.417557 15 storage/engine/rocksdb.go:120                         Options.use_direct_reads: 0
I200313 14:10:47.417576 15 storage/engine/rocksdb.go:120                         Options.use_direct_io_for_flush_and_compaction: 0
I200313 14:10:47.417594 15 storage/engine/rocksdb.go:120           Options.create_missing_column_families: 0
I200313 14:10:47.417612 15 storage/engine/rocksdb.go:120                               Options.db_log_dir: 
I200313 14:10:47.417630 15 storage/engine/rocksdb.go:120                                  Options.wal_dir: /cockroach/cockroach-data
I200313 14:10:47.417648 15 storage/engine/rocksdb.go:120                 Options.table_cache_numshardbits: 6
I200313 14:10:47.417666 15 storage/engine/rocksdb.go:120                       Options.max_subcompactions: 1
I200313 14:10:47.417684 15 storage/engine/rocksdb.go:120                   Options.max_background_flushes: -1
I200313 14:10:47.417702 15 storage/engine/rocksdb.go:120                          Options.WAL_ttl_seconds: 0
I200313 14:10:47.417720 15 storage/engine/rocksdb.go:120                        Options.WAL_size_limit_MB: 0
I200313 14:10:47.417739 15 storage/engine/rocksdb.go:120              Options.manifest_preallocation_size: 4194304
I200313 14:10:47.417757 15 storage/engine/rocksdb.go:120                      Options.is_fd_close_on_exec: 1
I200313 14:10:47.417775 15 storage/engine/rocksdb.go:120                    Options.advise_random_on_open: 1
I200313 14:10:47.417793 15 storage/engine/rocksdb.go:120                     Options.db_write_buffer_size: 0
I200313 14:10:47.417811 15 storage/engine/rocksdb.go:120                     Options.write_buffer_manager: 0x7fefc5485030
I200313 14:10:47.417829 15 storage/engine/rocksdb.go:120          Options.access_hint_on_compaction_start: 1
I200313 14:10:47.417847 15 storage/engine/rocksdb.go:120   Options.new_table_reader_for_compaction_inputs: 0
I200313 14:10:47.417865 15 storage/engine/rocksdb.go:120            Options.random_access_max_buffer_size: 1048576
I200313 14:10:47.417883 15 storage/engine/rocksdb.go:120                       Options.use_adaptive_mutex: 0
I200313 14:10:47.417901 15 storage/engine/rocksdb.go:120                             Options.rate_limiter: (nil)
I200313 14:10:47.417920 15 storage/engine/rocksdb.go:120      Options.sst_file_manager.rate_bytes_per_sec: 0
I200313 14:10:47.417938 15 storage/engine/rocksdb.go:120                        Options.wal_recovery_mode: 0
I200313 14:10:47.417960 15 storage/engine/rocksdb.go:120                   Options.enable_thread_tracking: 0
I200313 14:10:47.417978 15 storage/engine/rocksdb.go:120                   Options.enable_pipelined_write: 0
I200313 14:10:47.417996 15 storage/engine/rocksdb.go:120          Options.allow_concurrent_memtable_write: 1
I200313 14:10:47.418014 15 storage/engine/rocksdb.go:120       Options.enable_write_thread_adaptive_yield: 1
I200313 14:10:47.418032 15 storage/engine/rocksdb.go:120              Options.write_thread_max_yield_usec: 100
I200313 14:10:47.418051 15 storage/engine/rocksdb.go:120             Options.write_thread_slow_yield_usec: 3
I200313 14:10:47.418070 15 storage/engine/rocksdb.go:120                                Options.row_cache: None
I200313 14:10:47.418088 15 storage/engine/rocksdb.go:120                               Options.wal_filter: None
I200313 14:10:47.418106 15 storage/engine/rocksdb.go:120              Options.avoid_flush_during_recovery: 0
I200313 14:10:47.418125 15 storage/engine/rocksdb.go:120              Options.allow_ingest_behind: 0
I200313 14:10:47.418143 15 storage/engine/rocksdb.go:120              Options.preserve_deletes: 0
I200313 14:10:47.418161 15 storage/engine/rocksdb.go:120              Options.two_write_queues: 0
I200313 14:10:47.418179 15 storage/engine/rocksdb.go:120              Options.manual_wal_flush: 1
I200313 14:10:47.418197 15 storage/engine/rocksdb.go:120              Options.atomic_flush: 0
I200313 14:10:47.418215 15 storage/engine/rocksdb.go:120              Options.avoid_unnecessary_blocking_io: 0
I200313 14:10:47.418233 15 storage/engine/rocksdb.go:120              Options.max_background_jobs: 4
I200313 14:10:47.418251 15 storage/engine/rocksdb.go:120              Options.max_background_compactions: -1
I200313 14:10:47.418269 15 storage/engine/rocksdb.go:120              Options.avoid_flush_during_shutdown: 0
I200313 14:10:47.418287 15 storage/engine/rocksdb.go:120            Options.writable_file_max_buffer_size: 1048576
I200313 14:10:47.418305 15 storage/engine/rocksdb.go:120              Options.delayed_write_rate : 16777216
I200313 14:10:47.418323 15 storage/engine/rocksdb.go:120              Options.max_total_wal_size: 0
I200313 14:10:47.418341 15 storage/engine/rocksdb.go:120              Options.delete_obsolete_files_period_micros: 21600000000
I200313 14:10:47.418359 15 storage/engine/rocksdb.go:120                    Options.stats_dump_period_sec: 0
I200313 14:10:47.418378 15 storage/engine/rocksdb.go:120                  Options.stats_persist_period_sec: 600
I200313 14:10:47.418396 15 storage/engine/rocksdb.go:120                  Options.stats_history_buffer_size: 1048576
I200313 14:10:47.418414 15 storage/engine/rocksdb.go:120                           Options.max_open_files: 1043576
I200313 14:10:47.418432 15 storage/engine/rocksdb.go:120                           Options.bytes_per_sync: 524288
I200313 14:10:47.418450 15 storage/engine/rocksdb.go:120                       Options.wal_bytes_per_sync: 0
I200313 14:10:47.418468 15 storage/engine/rocksdb.go:120                    Options.strict_bytes_per_sync: 1
I200313 14:10:47.418487 15 storage/engine/rocksdb.go:120        Options.compaction_readahead_size: 0
I200313 14:10:47.418505 15 storage/engine/rocksdb.go:120  Compression algorithms supported:
I200313 14:10:47.418524 15 storage/engine/rocksdb.go:120  	kZSTDNotFinalCompression supported: 0
I200313 14:10:47.418542 15 storage/engine/rocksdb.go:120  	kZSTD supported: 0
I200313 14:10:47.418560 15 storage/engine/rocksdb.go:120  	kXpressCompression supported: 0
I200313 14:10:47.418579 15 storage/engine/rocksdb.go:120  	kLZ4HCCompression supported: 0
I200313 14:10:47.418597 15 storage/engine/rocksdb.go:120  	kLZ4Compression supported: 0
I200313 14:10:47.418615 15 storage/engine/rocksdb.go:120  	kBZip2Compression supported: 0
I200313 14:10:47.418633 15 storage/engine/rocksdb.go:120  	kZlibCompression supported: 0
I200313 14:10:47.418652 15 storage/engine/rocksdb.go:120  	kSnappyCompression supported: 1
I200313 14:10:47.418680 15 storage/engine/rocksdb.go:120  Fast CRC32 supported: Supported on x86
I200313 14:10:47.430299 15 storage/engine/rocksdb.go:120  [db/version_set.cc:4072] Recovering from manifest file: /cockroach/cockroach-data/MANIFEST-000011
I200313 14:10:47.432088 15 storage/engine/rocksdb.go:120  [db/column_family.cc:488] --------------- Options for column family [default]:
I200313 14:10:47.432116 15 storage/engine/rocksdb.go:120                Options.comparator: cockroach_comparator
I200313 14:10:47.432135 15 storage/engine/rocksdb.go:120            Options.merge_operator: cockroach_merge_operator
I200313 14:10:47.432160 15 storage/engine/rocksdb.go:120         Options.compaction_filter: None
I200313 14:10:47.432185 15 storage/engine/rocksdb.go:120         Options.compaction_filter_factory: None
I200313 14:10:47.432209 15 storage/engine/rocksdb.go:120          Options.memtable_factory: SkipListFactory
I200313 14:10:47.432228 15 storage/engine/rocksdb.go:120             Options.table_factory: BlockBasedTable
I200313 14:10:47.432286 15 storage/engine/rocksdb.go:120             table_factory options:   flush_block_policy_factory: FlushBlockBySizePolicyFactory (0x7fefc5411028)
  cache_index_and_filter_blocks: 0
  cache_index_and_filter_blocks_with_high_priority: 0
  pin_l0_filter_and_index_blocks_in_cache: 0
  pin_top_level_index_and_filter: 1
  index_type: 0
  data_block_index_type: 0
  index_shortening: 1
  data_block_hash_table_util_ratio: 0.750000
  hash_index_allow_collision: 1
  checksum: 1
  no_block_cache: 0
  block_cache: 0x7fefd3d9cc90
  block_cache_name: LRUCache
  block_cache_options:
    capacity : 67108864
    num_shard_bits : 4
    strict_capacity_limit : 0
    memory_allocator : None
    high_pri_pool_ratio: 0.000
  block_cache_compressed: (nil)
  persistent_cache: (nil)
  block_size: 32768
  block_size_deviation: 10
  block_restart_interval: 16
  index_block_restart_interval: 1
  metadata_block_size: 4096
  partition_filters: 0
  use_delta_encoding: 1
  filter_policy: rocksdb.BuiltinBloomFilter
  whole_key_filtering: 0
  verify_compression: 0
  read_amp_bytes_per_bit: 0
  format_version: 2
  enable_index_compression: 1
  block_align: 0
I200313 14:10:47.432315 15 storage/engine/rocksdb.go:120         Options.write_buffer_size: 67108864
I200313 14:10:47.432341 15 storage/engine/rocksdb.go:120   Options.max_write_buffer_number: 4
I200313 14:10:47.432362 15 storage/engine/rocksdb.go:120           Options.compression: Snappy
I200313 14:10:47.432381 15 storage/engine/rocksdb.go:120                   Options.bottommost_compression: Disabled
I200313 14:10:47.432403 15 storage/engine/rocksdb.go:120        Options.prefix_extractor: cockroach_prefix_extractor
I200313 14:10:47.432424 15 storage/engine/rocksdb.go:120    Options.memtable_insert_with_hint_prefix_extractor: nullptr
I200313 14:10:47.432451 15 storage/engine/rocksdb.go:120              Options.num_levels: 7
I200313 14:10:47.432476 15 storage/engine/rocksdb.go:120         Options.min_write_buffer_number_to_merge: 1
I200313 14:10:47.432500 15 storage/engine/rocksdb.go:120      Options.max_write_buffer_number_to_maintain: 0
I200313 14:10:47.432522 15 storage/engine/rocksdb.go:120             Options.bottommost_compression_opts.window_bits: -14
I200313 14:10:47.432619 15 storage/engine/rocksdb.go:120                   Options.bottommost_compression_opts.level: 32767
I200313 14:10:47.432647 15 storage/engine/rocksdb.go:120                Options.bottommost_compression_opts.strategy: 0
I200313 14:10:47.432665 15 storage/engine/rocksdb.go:120          Options.bottommost_compression_opts.max_dict_bytes: 0
I200313 14:10:47.432689 15 storage/engine/rocksdb.go:120          Options.bottommost_compression_opts.zstd_max_train_bytes: 0
I200313 14:10:47.432714 15 storage/engine/rocksdb.go:120                   Options.bottommost_compression_opts.enabled: false
I200313 14:10:47.432738 15 storage/engine/rocksdb.go:120             Options.compression_opts.window_bits: -14
I200313 14:10:47.432761 15 storage/engine/rocksdb.go:120                   Options.compression_opts.level: 32767
I200313 14:10:47.432790 15 storage/engine/rocksdb.go:120                Options.compression_opts.strategy: 0
I200313 14:10:47.432814 15 storage/engine/rocksdb.go:120          Options.compression_opts.max_dict_bytes: 0
I200313 14:10:47.432837 15 storage/engine/rocksdb.go:120          Options.compression_opts.zstd_max_train_bytes: 0
I200313 14:10:47.432859 15 storage/engine/rocksdb.go:120                   Options.compression_opts.enabled: false
I200313 14:10:47.432882 15 storage/engine/rocksdb.go:120       Options.level0_file_num_compaction_trigger: 2
I200313 14:10:47.432903 15 storage/engine/rocksdb.go:120           Options.level0_slowdown_writes_trigger: 950
I200313 14:10:47.432991 15 storage/engine/rocksdb.go:120               Options.level0_stop_writes_trigger: 1000
I200313 14:10:47.433022 15 storage/engine/rocksdb.go:120                    Options.target_file_size_base: 4194304
I200313 14:10:47.433045 15 storage/engine/rocksdb.go:120              Options.target_file_size_multiplier: 2
I200313 14:10:47.433074 15 storage/engine/rocksdb.go:120                 Options.max_bytes_for_level_base: 67108864
I200313 14:10:47.433099 15 storage/engine/rocksdb.go:120  Options.level_compaction_dynamic_level_bytes: 1
I200313 14:10:47.433126 15 storage/engine/rocksdb.go:120           Options.max_bytes_for_level_multiplier: 10.000000
I200313 14:10:47.433150 15 storage/engine/rocksdb.go:120  Options.max_bytes_for_level_multiplier_addtl[0]: 1
I200313 14:10:47.434151 15 storage/engine/rocksdb.go:120  Options.max_bytes_for_level_multiplier_addtl[1]: 1
I200313 14:10:47.434172 15 storage/engine/rocksdb.go:120  Options.max_bytes_for_level_multiplier_addtl[2]: 1
I200313 14:10:47.434191 15 storage/engine/rocksdb.go:120  Options.max_bytes_for_level_multiplier_addtl[3]: 1
I200313 14:10:47.434209 15 storage/engine/rocksdb.go:120  Options.max_bytes_for_level_multiplier_addtl[4]: 1
I200313 14:10:47.434234 15 storage/engine/rocksdb.go:120  Options.max_bytes_for_level_multiplier_addtl[5]: 1
I200313 14:10:47.434263 15 storage/engine/rocksdb.go:120  Options.max_bytes_for_level_multiplier_addtl[6]: 1
I200313 14:10:47.434287 15 storage/engine/rocksdb.go:120        Options.max_sequential_skip_in_iterations: 8
I200313 14:10:47.434305 15 storage/engine/rocksdb.go:120                     Options.max_compaction_bytes: 104857600
I200313 14:10:47.434327 15 storage/engine/rocksdb.go:120                         Options.arena_block_size: 8388608
I200313 14:10:47.434348 15 storage/engine/rocksdb.go:120    Options.soft_pending_compaction_bytes_limit: 2199023255552
I200313 14:10:47.434368 15 storage/engine/rocksdb.go:120    Options.hard_pending_compaction_bytes_limit: 4400193994752
I200313 14:10:47.434383 15 storage/engine/rocksdb.go:120        Options.rate_limit_delay_max_milliseconds: 100
I200313 14:10:47.434402 15 storage/engine/rocksdb.go:120                 Options.disable_auto_compactions: 0
I200313 14:10:47.434427 15 storage/engine/rocksdb.go:120                         Options.compaction_style: kCompactionStyleLevel
I200313 14:10:47.434450 15 storage/engine/rocksdb.go:120                           Options.compaction_pri: kMinOverlappingRatio
I200313 14:10:47.434468 15 storage/engine/rocksdb.go:120  Options.compaction_options_universal.size_ratio: 1
I200313 14:10:47.434489 15 storage/engine/rocksdb.go:120  Options.compaction_options_universal.min_merge_width: 2
I200313 14:10:47.434510 15 storage/engine/rocksdb.go:120  Options.compaction_options_universal.max_merge_width: 4294967295
I200313 14:10:47.434597 15 storage/engine/rocksdb.go:120  Options.compaction_options_universal.max_size_amplification_percent: 200
I200313 14:10:47.434617 15 storage/engine/rocksdb.go:120  Options.compaction_options_universal.compression_size_percent: -1
I200313 14:10:47.434641 15 storage/engine/rocksdb.go:120  Options.compaction_options_universal.stop_style: kCompactionStopStyleTotalSize
I200313 14:10:47.434666 15 storage/engine/rocksdb.go:120  Options.compaction_options_fifo.max_table_files_size: 1073741824
I200313 14:10:47.434690 15 storage/engine/rocksdb.go:120  Options.compaction_options_fifo.allow_compaction: 0
I200313 14:10:47.434722 15 storage/engine/rocksdb.go:120                    Options.table_properties_collectors: TimeBoundTblPropCollectorFactory; DeleteRangeTblPropCollectorFactory; 
I200313 14:10:47.434753 15 storage/engine/rocksdb.go:120                    Options.inplace_update_support: 0
I200313 14:10:47.434848 15 storage/engine/rocksdb.go:120                  Options.inplace_update_num_locks: 10000
I200313 14:10:47.434870 15 storage/engine/rocksdb.go:120                Options.memtable_prefix_bloom_size_ratio: 0.000000
I200313 14:10:47.434889 15 storage/engine/rocksdb.go:120                Options.memtable_whole_key_filtering: 0
I200313 14:10:47.434910 15 storage/engine/rocksdb.go:120    Options.memtable_huge_page_size: 0
I200313 14:10:47.434935 15 storage/engine/rocksdb.go:120                            Options.bloom_locality: 0
I200313 14:10:47.434959 15 storage/engine/rocksdb.go:120                     Options.max_successive_merges: 0
I200313 14:10:47.434982 15 storage/engine/rocksdb.go:120                 Options.optimize_filters_for_hits: 1
I200313 14:10:47.435005 15 storage/engine/rocksdb.go:120                 Options.paranoid_file_checks: 0
I200313 14:10:47.435030 15 storage/engine/rocksdb.go:120                 Options.force_consistency_checks: 0
I200313 14:10:47.435052 15 storage/engine/rocksdb.go:120                 Options.report_bg_io_stats: 0
I200313 14:10:47.435074 15 storage/engine/rocksdb.go:120                                Options.ttl: 0
I200313 14:10:47.435094 15 storage/engine/rocksdb.go:120           Options.periodic_compaction_seconds: 0
I200313 14:10:47.441150 15 storage/engine/rocksdb.go:120  [db/version_set.cc:3086] More existing levels in DB than needed. max_bytes_for_level_multiplier may not be guaranteed.
I200313 14:10:47.441179 15 storage/engine/rocksdb.go:120  [db/version_set.cc:4286] Recovered from manifest file:/cockroach/cockroach-data/MANIFEST-000011 succeeded,manifest_file_number is 11, next_file_number is 17, last_sequence is 215335, log_number is 7,prev_log_number is 0,max_column_family is 0,min_log_number_to_keep is 0
I200313 14:10:47.441200 15 storage/engine/rocksdb.go:120  [db/version_set.cc:4295] Column family [default] (ID 0), log number is 7
I200313 14:10:47.447241 15 storage/engine/rocksdb.go:120  EVENT_LOG_v1 {"time_micros": 1584108647447117, "job": 1, "event": "recovery_started", "log_files": [12]}
I200313 14:10:47.447363 15 storage/engine/rocksdb.go:120  [db/db_impl_open.cc:598] Recovering log #12 mode 0
I200313 14:10:47.638524 15 storage/engine/rocksdb.go:120  EVENT_LOG_v1 {"time_micros": 1584108647638438, "cf_name": "default", "job": 1, "event": "table_file_creation", "file_number": 17, "file_size": 134144, "table_properties": {"data_size": 129243, "index_size": 1163, "index_partitions": 0, "top_level_index_size": 0, "index_key_is_user_key": 0, "index_value_is_delta_encoded": 0, "filter_size": 3141, "raw_key_size": 128039, "raw_average_key_size": 38, "raw_value_size": 624172, "raw_average_value_size": 189, "num_data_blocks": 20, "num_entries": 3301, "num_deletions": 1435, "num_merge_operands": 1328, "num_range_deletions": 1328, "format_version": 0, "fixed_key_len": 0, "filter_policy": "rocksdb.BuiltinBloomFilter", "column_family_name": "default", "column_family_id": 0, "comparator": "cockroach_comparator", "merge_operator": "cockroach_merge_operator", "prefix_extractor_name": "cockroach_prefix_extractor", "property_collectors": "[TimeBoundTblPropCollectorFactory,DeleteRangeTblPropCollectorFactory]", "compression": "Snappy", "compression_options": "window_bits=-14; level=32767; strategy=0; max_dict_bytes=0; zstd_max_train_bytes=0; enabled=0; ", "creation_time": 1584108647, "oldest_key_time": 3, "file_creation_time": 0}}
I200313 14:10:47.640212 15 storage/engine/rocksdb.go:120  [db/version_set.cc:3560] Creating manifest 18
I200313 14:10:47.642601 15 storage/engine/rocksdb.go:120  [db/version_set.cc:3086] More existing levels in DB than needed. max_bytes_for_level_multiplier may not be guaranteed.
I200313 14:10:47.648108 15 storage/engine/rocksdb.go:120  EVENT_LOG_v1 {"time_micros": 1584108647648060, "job": 1, "event": "recovery_finished"}
I200313 14:10:47.674079 15 storage/engine/rocksdb.go:120  DB pointer 0x7fefc5493000
I200313 14:10:55.276027 615 storage/engine/rocksdb.go:120  bloom filter utility:    -nan%
I200313 14:10:55.276394 615 storage/engine/rocksdb.go:120  [db/db_impl.cc:392] Shutdown: canceling all background work
I200313 14:10:55.279789 615 storage/engine/rocksdb.go:120  [db/db_impl.cc:565] Shutdown complete
I200313 14:10:55.294628 615 storage/engine/rocksdb.go:120  bloom filter utility:    55.1%
I200313 14:10:55.294900 615 storage/engine/rocksdb.go:120  [db/db_impl.cc:392] Shutdown: canceling all background work
I200313 14:10:55.299473 615 storage/engine/rocksdb.go:120  [db/db_impl.cc:565] Shutdown complete
