I200313 13:17:46.249070 1 util/log/clog.go:1196  [config] file created at: 2020/03/13 13:17:46
I200313 13:17:46.249070 1 util/log/clog.go:1196  [config] running on machine: 9497d994ceec
I200313 13:17:46.249070 1 util/log/clog.go:1196  [config] binary: CockroachDB CCL v19.2.4 (x86_64-unknown-linux-gnu, built 2020/02/06 21:55:19, go1.12.12)
I200313 13:17:46.249070 1 util/log/clog.go:1196  [config] arguments: [/cockroach/cockroach start --insecure]
I200313 13:17:46.249070 1 util/log/clog.go:1196  line format: [IWEF]yymmdd hh:mm:ss.uuuuuu goid file:line msg utf8=✓
I200313 13:17:46.249069 1 cli/start.go:1144  logging to directory /cockroach/cockroach-data/logs
W200313 13:17:46.252421 1 cli/start.go:1182  RUNNING IN INSECURE MODE!

- Your cluster is open for any client that can access <all your IP addresses>.
- Any user, even root, can log in without providing a password.
- Any user, connecting as root, can read or write any data in your cluster.
- There is no network encryption nor authentication, and thus no confidentiality.

Check out how to secure your cluster: https://www.cockroachlabs.com/docs/v19.2/secure-a-cluster.html
I200313 13:17:46.253046 1 server/status/recorder.go:597  available memory from cgroups is unsupported, using system memory 2.0 GiB instead: failed to find cgroup memory limit
W200313 13:17:46.253146 1 cli/start.go:1052  Using the default setting for --cache (128 MiB).
  A significantly larger value is usually needed for good performance.
  If you have a dedicated server a reasonable setting is --cache=.25 (500 MiB).
I200313 13:17:46.253529 1 server/status/recorder.go:597  available memory from cgroups is unsupported, using system memory 2.0 GiB instead: failed to find cgroup memory limit
W200313 13:17:46.253546 1 cli/start.go:1065  Using the default setting for --max-sql-memory (128 MiB).
  A significantly larger value is usually needed in production.
  If you have a dedicated server a reasonable setting is --max-sql-memory=.25 (500 MiB).
I200313 13:17:46.253766 1 server/status/recorder.go:597  available memory from cgroups is unsupported, using system memory 2.0 GiB instead: failed to find cgroup memory limit
I200313 13:17:46.253788 1 cli/start.go:1196  CockroachDB CCL v19.2.4 (x86_64-unknown-linux-gnu, built 2020/02/06 21:55:19, go1.12.12)
W200313 13:17:46.358054 1 cli/start.go:511  running 'cockroach start' without --join is deprecated.
Consider using 'cockroach start-single-node' or 'cockroach init' instead.
I200313 13:17:46.361524 1 server/status/recorder.go:597  available memory from cgroups is unsupported, using system memory 2.0 GiB instead: failed to find cgroup memory limit
I200313 13:17:46.361538 1 server/config.go:394  system total memory: 2.0 GiB
I200313 13:17:46.361563 1 server/config.go:396  server configuration:
max offset             500000000
cache size             128 MiB
SQL memory pool size   128 MiB
scan interval          10m0s
scan min idle time     10ms
scan max idle time     1s
event log enabled      true
I200313 13:17:46.361574 1 cli/start.go:1030  using local environment variables: COCKROACH_CHANNEL=official-docker
I200313 13:17:46.361585 1 cli/start.go:1037  process identity: uid 0 euid 0 gid 0 egid 0
I200313 13:17:46.361621 1 cli/start.go:644  starting cockroach node
I200313 13:17:46.363098 51 storage/engine/rocksdb.go:622  opening rocksdb instance at "/cockroach/cockroach-data/cockroach-temp227236700"
I200313 13:17:46.447895 51 server/server.go:928  [n?] monitoring forward clock jumps based on server.clock.forward_jump_check_enabled
I200313 13:17:46.449633 51 storage/engine/rocksdb.go:622  opening rocksdb instance at "/cockroach/cockroach-data"
I200313 13:17:46.498545 51 server/config.go:502  [n?] 1 storage engine initialized
I200313 13:17:46.498565 51 server/config.go:505  [n?] RocksDB cache size: 128 MiB
I200313 13:17:46.498573 51 server/config.go:505  [n?] store 0: RocksDB, max size 0 B, max open file limit 1043576
I200313 13:17:46.514650 51 server/server.go:1386  [n?] no stores bootstrapped and --join flag specified, awaiting init command or join with an already initialized node.
I200313 13:17:46.514690 51 server/server.go:1396  [n?] **** add additional nodes by specifying --join=9497d994ceec:26257
W200313 13:17:46.515282 107 cli/start.go:996  neither --listen-addr nor --advertise-addr was specified.
The server will advertise "9497d994ceec" to other nodes, is this routable?

Consider using:
- for local-only servers:  --listen-addr=localhost
- for multi-node clusters: --advertise-addr=<host/IP addr>
I200313 13:17:46.520213 29 gossip/server.go:227  [n?] received initial cluster-verification connection from a6f7baf6d0d1:26257
I200313 13:17:46.543477 51 server/node.go:326  [n?] **** cluster 658b6d5e-e699-44c5-895d-ae8ec745f62b has been created
I200313 13:17:46.544023 51 gossip/gossip.go:394  [n1] NodeDescriptor set to node_id:1 address:<network_field:"tcp" address_field:"9497d994ceec:26257" > attrs:<> locality:<> ServerVersion:<major_val:19 minor_val:2 patch:0 unstable:0 > build_tag:"v19.2.4" started_at:1584105466543760886 cluster_name:"" sql_address:<network_field:"tcp" address_field:"9497d994ceec:26257" > 
W200313 13:17:46.625568 150 storage/store.go:1530  [n1,s1,r6/1:/Table/{SystemCon…-11}] could not gossip system config: [NotLeaseHolderError] r6: replica (n1,s1):1 not lease holder; lease holder unknown
I200313 13:17:46.644286 51 server/node.go:431  [n1] initialized store [n1,s1]: disk (capacity=58 TiB, available=30 TiB, used=73 KiB, logicalBytes=11 KiB), ranges=24, leases=2, queries=0.00, writes=0.00, bytesPerReplica={p10=0.00 p25=0.00 p50=0.00 p75=0.00 p90=166.00 pMax=9955.00}, writesPerReplica={p10=0.00 p25=0.00 p50=0.00 p75=0.00 p90=0.00 pMax=0.00}
I200313 13:17:46.644367 51 storage/stores.go:240  [n1] read 0 node addresses from persistent storage
I200313 13:17:46.644459 51 server/node.go:645  [n1] connecting to gossip network to verify cluster ID...
I200313 13:17:46.644472 51 server/node.go:665  [n1] node connected via gossip and verified as part of cluster "658b6d5e-e699-44c5-895d-ae8ec745f62b"
I200313 13:17:46.644520 51 server/node.go:512  [n1] node=1: started with [<no-attributes>=/cockroach/cockroach-data] engine(s) and attributes []
I200313 13:17:46.646401 51 server/server.go:1514  [n1] starting http server at [::]:8080 (use: 9497d994ceec:8080)
I200313 13:17:46.646426 51 server/server.go:1521  [n1] starting grpc/postgres server at [::]:26257
I200313 13:17:46.646438 51 server/server.go:1522  [n1] advertising CockroachDB node at 9497d994ceec:26257
I200313 13:17:46.716790 192 sql/event_log.go:130  [n1,intExec=optInToDiagnosticsStatReporting] Event: "set_cluster_setting", target: 0, info: {SettingName:diagnostics.reporting.enabled Value:true User:root}
I200313 13:17:46.728847 263 sql/event_log.go:130  [n1,intExec=set-setting] Event: "set_cluster_setting", target: 0, info: {SettingName:version Value:19.2 User:root}
I200313 13:17:46.735226 372 sql/event_log.go:130  [n1,intExec=disableNetTrace] Event: "set_cluster_setting", target: 0, info: {SettingName:trace.debug.enable Value:false User:root}
I200313 13:17:46.754947 481 sql/event_log.go:130  [n1,intExec=initializeClusterSecret] Event: "set_cluster_setting", target: 0, info: {SettingName:cluster.secret Value:73bda553-8f78-46e1-91dc-8a010d3ceef8 User:root}
I200313 13:17:46.761722 524 sql/event_log.go:130  [n1,intExec=create-default-db] Event: "create_database", target: 50, info: {DatabaseName:defaultdb Statement:CREATE DATABASE IF NOT EXISTS defaultdb User:root}
I200313 13:17:46.765462 674 sql/event_log.go:130  [n1,intExec=create-default-db] Event: "create_database", target: 51, info: {DatabaseName:postgres Statement:CREATE DATABASE IF NOT EXISTS postgres User:root}
I200313 13:17:46.790180 51 server/server.go:1590  [n1] done ensuring all necessary migrations have run
I200313 13:17:46.790268 51 server/server.go:1841  [n1] serving sql connections
I200313 13:17:46.790355 51 cli/start.go:803  [config] clusterID: 658b6d5e-e699-44c5-895d-ae8ec745f62b
I200313 13:17:46.790372 51 cli/start.go:812  node startup completed:
CockroachDB node starting at 2020-03-13 13:17:46.790290982 +0000 UTC (took 0.5s)
build:               CCL v19.2.4 @ 2020/02/06 21:55:19 (go1.12.12)
webui:               http://9497d994ceec:8080
sql:                 postgresql://root@9497d994ceec:26257?sslmode=disable
RPC client flags:    /cockroach/cockroach <client cmd> --host=9497d994ceec:26257 --insecure
logs:                /cockroach/cockroach-data/logs
temp dir:            /cockroach/cockroach-data/cockroach-temp227236700
external I/O path:   /cockroach/cockroach-data/extern
store[0]:            path=/cockroach/cockroach-data
status:              initialized new cluster
clusterID:           658b6d5e-e699-44c5-895d-ae8ec745f62b
nodeID:              1
I200313 13:17:46.797149 822 server/server_update.go:53  [n1] no need to upgrade, cluster already at the newest version
I200313 13:17:46.800497 824 sql/event_log.go:130  [n1] Event: "node_join", target: 1, info: {Descriptor:{NodeID:1 Address:9497d994ceec:26257 Attrs: Locality: ServerVersion:19.2 BuildTag:v19.2.4 StartedAt:1584105466543760886 LocalityAddress:[] ClusterName: SQLAddress:9497d994ceec:26257} ClusterID:658b6d5e-e699-44c5-895d-ae8ec745f62b StartedAt:1584105466543760886 LastUp:1584105466543760886}
I200313 13:17:47.472021 851 gossip/server.go:227  [n1] received initial cluster-verification connection from a6f7baf6d0d1:26257
I200313 13:17:47.475142 851 gossip/server.go:227  [n1] received initial cluster-verification connection from a6f7baf6d0d1:26257
I200313 13:17:47.495704 54 storage/stores.go:259  [n1] wrote 1 node addresses to persistent storage
I200313 13:17:48.597925 105 gossip/gossip.go:1531  [n1] node has connected to cluster via gossip
I200313 13:17:48.598216 105 storage/stores.go:259  [n1] wrote 1 node addresses to persistent storage
I200313 13:17:56.649086 179 server/status/runtime.go:498  [n1] runtime stats: 155 MiB RSS, 163 goroutines, 101 MiB/22 MiB/135 MiB GO alloc/idle/total, 14 MiB/17 MiB CGO alloc/total, 0.0 CGO/sec, 0.0/0.0 %(u/s)time, 0.0 %gc (9x), 102 KiB/136 KiB (r/w)net
W200313 13:17:56.733082 165 server/node.go:826  [n1,summaries] health alerts detected: {Alerts:[{StoreID:1 Category:METRICS Description:ranges.underreplicated Value:24}]}
I200313 13:17:57.658638 1572 storage/replica_consistency.go:229  [n1,consistencyChecker,s1,r4/1:/System{/tsd-tse}] triggering stats recomputation to resolve delta of {ContainsEstimates:true LastUpdateNanos:1584105476730684484 IntentAge:0 GCBytesAge:0 LiveBytes:-41256 LiveCount:-1328 KeyBytes:-64238 KeyCount:-1328 ValBytes:22982 ValCount:-1328 IntentBytes:0 IntentCount:0 SysBytes:0 SysCount:0}
I200313 13:18:06.649866 179 server/status/runtime.go:498  [n1] runtime stats: 166 MiB RSS, 169 goroutines, 112 MiB/12 MiB/135 MiB GO alloc/idle/total, 13 MiB/17 MiB CGO alloc/total, 298.1 CGO/sec, 2.2/1.3 %(u/s)time, 0.0 %gc (0x), 30 KiB/17 KiB (r/w)net
I200313 13:18:06.682578 158 storage/store.go:2364  [n1,s1] sstables (read amplification = 0):
I200313 13:18:06.682650 158 storage/store.go:2365  [n1,s1] 
** Compaction Stats [default] **
Level    Files   Size     Score Read(GB)  Rn(GB) Rnp1(GB) Write(GB) Wnew(GB) Moved(GB) W-Amp Rd(MB/s) Wr(MB/s) Comp(sec) CompMergeCPU(sec) Comp(cnt) Avg(sec) KeyIn KeyDrop
----------------------------------------------------------------------------------------------------------------------------------------------------------------------------
 Sum      0/0    0.00 KB   0.0      0.0     0.0      0.0       0.0      0.0       0.0   0.0      0.0      0.0      0.00              0.00         0    0.000       0      0
 Int      0/0    0.00 KB   0.0      0.0     0.0      0.0       0.0      0.0       0.0   0.0      0.0      0.0      0.00              0.00         0    0.000       0      0

** Compaction Stats [default] **
Priority    Files   Size     Score Read(GB)  Rn(GB) Rnp1(GB) Write(GB) Wnew(GB) Moved(GB) W-Amp Rd(MB/s) Wr(MB/s) Comp(sec) CompMergeCPU(sec) Comp(cnt) Avg(sec) KeyIn KeyDrop
-------------------------------------------------------------------------------------------------------------------------------------------------------------------------------
Uptime(secs): 20.2 total, 20.2 interval
Flush(GB): cumulative 0.000, interval 0.000
AddFile(GB): cumulative 0.000, interval 0.000
AddFile(Total Files): cumulative 0, interval 0
AddFile(L0 Files): cumulative 0, interval 0
AddFile(Keys): cumulative 0, interval 0
Cumulative compaction: 0.00 GB write, 0.00 MB/s write, 0.00 GB read, 0.00 MB/s read, 0.0 seconds
Interval compaction: 0.00 GB write, 0.00 MB/s write, 0.00 GB read, 0.00 MB/s read, 0.0 seconds
Stalls(count): 0 level0_slowdown, 0 level0_slowdown_with_compaction, 0 level0_numfiles, 0 level0_numfiles_with_compaction, 0 stop for pending_compaction_bytes, 0 slowdown for pending_compaction_bytes, 0 memtable_compaction, 0 memtable_slowdown, interval 0 total count
estimated_pending_compaction_bytes: 0 B
W200313 13:18:06.744423 165 server/node.go:826  [n1,summaries] health alerts detected: {Alerts:[{StoreID:1 Category:METRICS Description:ranges.underreplicated Value:24}]}
I200313 13:18:16.650733 179 server/status/runtime.go:498  [n1] runtime stats: 176 MiB RSS, 163 goroutines, 81 MiB/36 MiB/135 MiB GO alloc/idle/total, 13 MiB/18 MiB CGO alloc/total, 66.7 CGO/sec, 0.9/1.9 %(u/s)time, 0.0 %gc (1x), 28 KiB/13 KiB (r/w)net
W200313 13:18:16.730412 165 server/node.go:826  [n1,summaries] health alerts detected: {Alerts:[{StoreID:1 Category:METRICS Description:ranges.underreplicated Value:24}]}
I200313 13:18:26.650813 179 server/status/runtime.go:498  [n1] runtime stats: 177 MiB RSS, 164 goroutines, 89 MiB/30 MiB/135 MiB GO alloc/idle/total, 13 MiB/18 MiB CGO alloc/total, 35.5 CGO/sec, 1.4/0.7 %(u/s)time, 0.0 %gc (0x), 28 KiB/12 KiB (r/w)net
W200313 13:18:26.723929 165 server/node.go:826  [n1,summaries] health alerts detected: {Alerts:[{StoreID:1 Category:METRICS Description:ranges.underreplicated Value:24}]}
I200313 13:18:36.651772 179 server/status/runtime.go:498  [n1] runtime stats: 178 MiB RSS, 164 goroutines, 97 MiB/23 MiB/135 MiB GO alloc/idle/total, 13 MiB/18 MiB CGO alloc/total, 34.3 CGO/sec, 0.8/1.3 %(u/s)time, 0.0 %gc (0x), 26 KiB/10 KiB (r/w)net
W200313 13:18:36.730176 165 server/node.go:826  [n1,summaries] health alerts detected: {Alerts:[{StoreID:1 Category:METRICS Description:ranges.underreplicated Value:24}]}
I200313 13:18:46.646911 159 gossip/gossip.go:566  [n1] gossip status (ok, 2 nodes)
gossip client (0/3 cur/max conns)
gossip server (1/3 cur/max conns, infos 171/37 sent/received, bytes 78735B/5830B sent/received)
  2: a6f7baf6d0d1:26257 (59s)
gossip connectivity
  n1 [sentinel];
  n2 -> n1;
I200313 13:18:46.652593 179 server/status/runtime.go:498  [n1] runtime stats: 178 MiB RSS, 165 goroutines, 104 MiB/16 MiB/135 MiB GO alloc/idle/total, 14 MiB/18 MiB CGO alloc/total, 36.1 CGO/sec, 0.8/1.2 %(u/s)time, 0.0 %gc (0x), 26 KiB/9.4 KiB (r/w)net
W200313 13:18:46.717318 165 server/node.go:826  [n1,summaries] health alerts detected: {Alerts:[{StoreID:1 Category:METRICS Description:ranges.underreplicated Value:24}]}
I200313 13:18:56.652046 179 server/status/runtime.go:498  [n1] runtime stats: 179 MiB RSS, 163 goroutines, 114 MiB/8.2 MiB/135 MiB GO alloc/idle/total, 14 MiB/18 MiB CGO alloc/total, 79.7 CGO/sec, 0.8/1.2 %(u/s)time, 0.0 %gc (0x), 28 KiB/12 KiB (r/w)net
W200313 13:18:56.716622 165 server/node.go:826  [n1,summaries] health alerts detected: {Alerts:[{StoreID:1 Category:METRICS Description:ranges.underreplicated Value:24}]}
I200313 13:19:06.652537 179 server/status/runtime.go:498  [n1] runtime stats: 183 MiB RSS, 163 goroutines, 123 MiB/63 MiB/201 MiB GO alloc/idle/total, 14 MiB/18 MiB CGO alloc/total, 28.1 CGO/sec, 0.5/1.5 %(u/s)time, 0.0 %gc (0x), 26 KiB/9.6 KiB (r/w)net
W200313 13:19:06.722540 165 server/node.go:826  [n1,summaries] health alerts detected: {Alerts:[{StoreID:1 Category:METRICS Description:ranges.underreplicated Value:24}]}
I200313 13:19:16.653484 179 server/status/runtime.go:498  [n1] runtime stats: 193 MiB RSS, 163 goroutines, 132 MiB/54 MiB/201 MiB GO alloc/idle/total, 14 MiB/18 MiB CGO alloc/total, 35.9 CGO/sec, 1.0/1.2 %(u/s)time, 0.0 %gc (0x), 25 KiB/9.4 KiB (r/w)net
W200313 13:19:16.734142 165 server/node.go:826  [n1,summaries] health alerts detected: {Alerts:[{StoreID:1 Category:METRICS Description:ranges.underreplicated Value:24}]}
I200313 13:19:26.653517 179 server/status/runtime.go:498  [n1] runtime stats: 202 MiB RSS, 164 goroutines, 82 MiB/99 MiB/201 MiB GO alloc/idle/total, 14 MiB/18 MiB CGO alloc/total, 39.7 CGO/sec, 1.6/1.0 %(u/s)time, 0.0 %gc (1x), 28 KiB/12 KiB (r/w)net
W200313 13:19:26.735563 165 server/node.go:826  [n1,summaries] health alerts detected: {Alerts:[{StoreID:1 Category:METRICS Description:ranges.underreplicated Value:24}]}
I200313 13:19:36.655230 179 server/status/runtime.go:498  [n1] runtime stats: 202 MiB RSS, 164 goroutines, 90 MiB/93 MiB/201 MiB GO alloc/idle/total, 14 MiB/18 MiB CGO alloc/total, 32.5 CGO/sec, 0.8/1.3 %(u/s)time, 0.0 %gc (0x), 25 KiB/9.7 KiB (r/w)net
W200313 13:19:36.733272 165 server/node.go:826  [n1,summaries] health alerts detected: {Alerts:[{StoreID:1 Category:METRICS Description:ranges.underreplicated Value:24}]}
I200313 13:19:46.647489 159 gossip/gossip.go:566  [n1] gossip status (ok, 2 nodes)
gossip client (0/3 cur/max conns)
gossip server (1/3 cur/max conns, infos 315/68 sent/received, bytes 94397B/10451B sent/received)
  2: a6f7baf6d0d1:26257 (1m59s)
I200313 13:19:46.654562 179 server/status/runtime.go:498  [n1] runtime stats: 203 MiB RSS, 164 goroutines, 97 MiB/86 MiB/202 MiB GO alloc/idle/total, 14 MiB/18 MiB CGO alloc/total, 30.7 CGO/sec, 0.9/1.1 %(u/s)time, 0.0 %gc (0x), 25 KiB/9.1 KiB (r/w)net
W200313 13:19:46.731474 165 server/node.go:826  [n1,summaries] health alerts detected: {Alerts:[{StoreID:1 Category:METRICS Description:ranges.underreplicated Value:24}]}
I200313 13:19:56.655486 179 server/status/runtime.go:498  [n1] runtime stats: 203 MiB RSS, 163 goroutines, 106 MiB/79 MiB/202 MiB GO alloc/idle/total, 14 MiB/18 MiB CGO alloc/total, 62.3 CGO/sec, 1.0/1.0 %(u/s)time, 0.0 %gc (0x), 28 KiB/12 KiB (r/w)net
W200313 13:19:56.723638 165 server/node.go:826  [n1,summaries] health alerts detected: {Alerts:[{StoreID:1 Category:METRICS Description:ranges.underreplicated Value:24}]}
I200313 13:20:06.655044 179 server/status/runtime.go:498  [n1] runtime stats: 204 MiB RSS, 163 goroutines, 114 MiB/72 MiB/202 MiB GO alloc/idle/total, 14 MiB/18 MiB CGO alloc/total, 32.2 CGO/sec, 1.4/0.6 %(u/s)time, 0.0 %gc (0x), 26 KiB/10 KiB (r/w)net
W200313 13:20:06.726271 165 server/node.go:826  [n1,summaries] health alerts detected: {Alerts:[{StoreID:1 Category:METRICS Description:ranges.underreplicated Value:24}]}
I200313 13:20:16.655334 179 server/status/runtime.go:498  [n1] runtime stats: 204 MiB RSS, 163 goroutines, 121 MiB/65 MiB/202 MiB GO alloc/idle/total, 14 MiB/18 MiB CGO alloc/total, 35.7 CGO/sec, 0.8/1.5 %(u/s)time, 0.0 %gc (0x), 25 KiB/9.3 KiB (r/w)net
W200313 13:20:16.731930 165 server/node.go:826  [n1,summaries] health alerts detected: {Alerts:[{StoreID:1 Category:METRICS Description:ranges.underreplicated Value:24}]}
I200313 13:20:26.656143 179 server/status/runtime.go:498  [n1] runtime stats: 205 MiB RSS, 164 goroutines, 129 MiB/57 MiB/202 MiB GO alloc/idle/total, 14 MiB/18 MiB CGO alloc/total, 42.1 CGO/sec, 0.9/1.0 %(u/s)time, 0.0 %gc (0x), 28 KiB/12 KiB (r/w)net
W200313 13:20:26.734498 165 server/node.go:826  [n1,summaries] health alerts detected: {Alerts:[{StoreID:1 Category:METRICS Description:ranges.underreplicated Value:24}]}
I200313 13:20:36.656649 179 server/status/runtime.go:498  [n1] runtime stats: 205 MiB RSS, 164 goroutines, 137 MiB/50 MiB/202 MiB GO alloc/idle/total, 14 MiB/18 MiB CGO alloc/total, 30.7 CGO/sec, 0.9/1.1 %(u/s)time, 0.0 %gc (0x), 25 KiB/9.6 KiB (r/w)net
W200313 13:20:36.717899 165 server/node.go:826  [n1,summaries] health alerts detected: {Alerts:[{StoreID:1 Category:METRICS Description:ranges.underreplicated Value:24}]}
I200313 13:20:46.647394 159 gossip/gossip.go:566  [n1] gossip status (ok, 2 nodes)
gossip client (0/3 cur/max conns)
gossip server (1/3 cur/max conns, infos 458/99 sent/received, bytes 109958B/15072B sent/received)
  2: a6f7baf6d0d1:26257 (2m59s)
I200313 13:20:46.656808 179 server/status/runtime.go:498  [n1] runtime stats: 212 MiB RSS, 164 goroutines, 146 MiB/40 MiB/202 MiB GO alloc/idle/total, 22 MiB/26 MiB CGO alloc/total, 32.6 CGO/sec, 0.8/1.2 %(u/s)time, 0.0 %gc (0x), 25 KiB/9.0 KiB (r/w)net
W200313 13:20:46.729621 165 server/node.go:826  [n1,summaries] health alerts detected: {Alerts:[{StoreID:1 Category:METRICS Description:ranges.underreplicated Value:24}]}
I200313 13:20:56.657194 179 server/status/runtime.go:498  [n1] runtime stats: 214 MiB RSS, 163 goroutines, 90 MiB/93 MiB/202 MiB GO alloc/idle/total, 22 MiB/26 MiB CGO alloc/total, 63.2 CGO/sec, 1.6/0.9 %(u/s)time, 0.0 %gc (1x), 28 KiB/12 KiB (r/w)net
W200313 13:20:56.733327 165 server/node.go:826  [n1,summaries] health alerts detected: {Alerts:[{StoreID:1 Category:METRICS Description:ranges.underreplicated Value:24}]}
I200313 13:21:06.657801 179 server/status/runtime.go:498  [n1] runtime stats: 215 MiB RSS, 163 goroutines, 98 MiB/86 MiB/202 MiB GO alloc/idle/total, 22 MiB/26 MiB CGO alloc/total, 30.4 CGO/sec, 0.9/1.1 %(u/s)time, 0.0 %gc (0x), 26 KiB/9.9 KiB (r/w)net
W200313 13:21:06.729667 165 server/node.go:826  [n1,summaries] health alerts detected: {Alerts:[{StoreID:1 Category:METRICS Description:ranges.underreplicated Value:24}]}
I200313 13:21:16.658410 179 server/status/runtime.go:498  [n1] runtime stats: 215 MiB RSS, 163 goroutines, 105 MiB/79 MiB/202 MiB GO alloc/idle/total, 22 MiB/26 MiB CGO alloc/total, 36.6 CGO/sec, 1.4/0.7 %(u/s)time, 0.0 %gc (0x), 24 KiB/9.0 KiB (r/w)net
W200313 13:21:16.729825 165 server/node.go:826  [n1,summaries] health alerts detected: {Alerts:[{StoreID:1 Category:METRICS Description:ranges.underreplicated Value:24}]}
I200313 13:21:26.658577 179 server/status/runtime.go:498  [n1] runtime stats: 215 MiB RSS, 164 goroutines, 113 MiB/72 MiB/202 MiB GO alloc/idle/total, 22 MiB/26 MiB CGO alloc/total, 29.9 CGO/sec, 1.2/0.8 %(u/s)time, 0.0 %gc (0x), 27 KiB/12 KiB (r/w)net
W200313 13:21:26.733328 165 server/node.go:826  [n1,summaries] health alerts detected: {Alerts:[{StoreID:1 Category:METRICS Description:ranges.underreplicated Value:24}]}
I200313 13:21:36.658965 179 server/status/runtime.go:498  [n1] runtime stats: 216 MiB RSS, 164 goroutines, 120 MiB/65 MiB/202 MiB GO alloc/idle/total, 22 MiB/26 MiB CGO alloc/total, 38.0 CGO/sec, 1.5/0.6 %(u/s)time, 0.0 %gc (0x), 26 KiB/10 KiB (r/w)net
W200313 13:21:36.730164 165 server/node.go:826  [n1,summaries] health alerts detected: {Alerts:[{StoreID:1 Category:METRICS Description:ranges.underreplicated Value:24}]}
I200313 13:21:46.650034 159 gossip/gossip.go:566  [n1] gossip status (ok, 2 nodes)
gossip client (0/3 cur/max conns)
gossip server (1/3 cur/max conns, infos 601/129 sent/received, bytes 125537B/19552B sent/received)
  2: a6f7baf6d0d1:26257 (3m59s)
I200313 13:21:46.659685 179 server/status/runtime.go:498  [n1] runtime stats: 216 MiB RSS, 164 goroutines, 128 MiB/58 MiB/202 MiB GO alloc/idle/total, 22 MiB/26 MiB CGO alloc/total, 31.6 CGO/sec, 1.1/0.9 %(u/s)time, 0.0 %gc (0x), 25 KiB/9.1 KiB (r/w)net
W200313 13:21:46.733757 165 server/node.go:826  [n1,summaries] health alerts detected: {Alerts:[{StoreID:1 Category:METRICS Description:ranges.underreplicated Value:24}]}
I200313 13:21:56.659488 179 server/status/runtime.go:498  [n1] runtime stats: 217 MiB RSS, 163 goroutines, 137 MiB/50 MiB/202 MiB GO alloc/idle/total, 22 MiB/26 MiB CGO alloc/total, 64.6 CGO/sec, 1.0/1.2 %(u/s)time, 0.0 %gc (0x), 28 KiB/13 KiB (r/w)net
W200313 13:21:56.730501 165 server/node.go:826  [n1,summaries] health alerts detected: {Alerts:[{StoreID:1 Category:METRICS Description:ranges.underreplicated Value:24}]}
I200313 13:22:06.660365 179 server/status/runtime.go:498  [n1] runtime stats: 217 MiB RSS, 163 goroutines, 144 MiB/43 MiB/202 MiB GO alloc/idle/total, 22 MiB/26 MiB CGO alloc/total, 28.6 CGO/sec, 0.9/1.0 %(u/s)time, 0.0 %gc (0x), 26 KiB/9.8 KiB (r/w)net
W200313 13:22:06.729221 165 server/node.go:826  [n1,summaries] health alerts detected: {Alerts:[{StoreID:1 Category:METRICS Description:ranges.underreplicated Value:24}]}
I200313 13:22:16.661688 179 server/status/runtime.go:498  [n1] runtime stats: 221 MiB RSS, 163 goroutines, 152 MiB/35 MiB/202 MiB GO alloc/idle/total, 22 MiB/26 MiB CGO alloc/total, 36.3 CGO/sec, 1.2/0.8 %(u/s)time, 0.0 %gc (0x), 25 KiB/9.2 KiB (r/w)net
W200313 13:22:16.732155 165 server/node.go:826  [n1,summaries] health alerts detected: {Alerts:[{StoreID:1 Category:METRICS Description:ranges.underreplicated Value:24}]}
I200313 13:22:26.661179 179 server/status/runtime.go:498  [n1] runtime stats: 224 MiB RSS, 164 goroutines, 89 MiB/93 MiB/202 MiB GO alloc/idle/total, 22 MiB/26 MiB CGO alloc/total, 37.1 CGO/sec, 1.2/1.1 %(u/s)time, 0.0 %gc (1x), 28 KiB/12 KiB (r/w)net
W200313 13:22:26.732440 165 server/node.go:826  [n1,summaries] health alerts detected: {Alerts:[{StoreID:1 Category:METRICS Description:ranges.underreplicated Value:24}]}
I200313 13:22:36.661782 179 server/status/runtime.go:498  [n1] runtime stats: 224 MiB RSS, 164 goroutines, 97 MiB/86 MiB/202 MiB GO alloc/idle/total, 22 MiB/26 MiB CGO alloc/total, 30.3 CGO/sec, 0.9/1.1 %(u/s)time, 0.0 %gc (0x), 26 KiB/9.9 KiB (r/w)net
W200313 13:22:36.728157 165 server/node.go:826  [n1,summaries] health alerts detected: {Alerts:[{StoreID:1 Category:METRICS Description:ranges.underreplicated Value:24}]}
I200313 13:22:46.646907 159 gossip/gossip.go:566  [n1] gossip status (ok, 2 nodes)
gossip client (0/3 cur/max conns)
gossip server (1/3 cur/max conns, infos 745/160 sent/received, bytes 141163B/24173B sent/received)
  2: a6f7baf6d0d1:26257 (4m59s)
I200313 13:22:46.662390 179 server/status/runtime.go:498  [n1] runtime stats: 225 MiB RSS, 164 goroutines, 104 MiB/79 MiB/202 MiB GO alloc/idle/total, 22 MiB/26 MiB CGO alloc/total, 32.8 CGO/sec, 1.5/0.6 %(u/s)time, 0.0 %gc (0x), 25 KiB/9.1 KiB (r/w)net
W200313 13:22:46.727846 165 server/node.go:826  [n1,summaries] health alerts detected: {Alerts:[{StoreID:1 Category:METRICS Description:ranges.underreplicated Value:24}]}
I200313 13:22:56.663214 179 server/status/runtime.go:498  [n1] runtime stats: 225 MiB RSS, 163 goroutines, 114 MiB/72 MiB/202 MiB GO alloc/idle/total, 22 MiB/27 MiB CGO alloc/total, 67.2 CGO/sec, 1.5/0.8 %(u/s)time, 0.0 %gc (0x), 27 KiB/12 KiB (r/w)net
W200313 13:22:56.734270 165 server/node.go:826  [n1,summaries] health alerts detected: {Alerts:[{StoreID:1 Category:METRICS Description:ranges.underreplicated Value:24}]}
I200313 13:23:06.663345 179 server/status/runtime.go:498  [n1] runtime stats: 226 MiB RSS, 163 goroutines, 121 MiB/65 MiB/202 MiB GO alloc/idle/total, 22 MiB/27 MiB CGO alloc/total, 34.0 CGO/sec, 0.7/1.4 %(u/s)time, 0.0 %gc (0x), 26 KiB/10 KiB (r/w)net
W200313 13:23:06.731576 165 server/node.go:826  [n1,summaries] health alerts detected: {Alerts:[{StoreID:1 Category:METRICS Description:ranges.underreplicated Value:24}]}
I200313 13:23:16.663395 179 server/status/runtime.go:498  [n1] runtime stats: 226 MiB RSS, 163 goroutines, 128 MiB/58 MiB/202 MiB GO alloc/idle/total, 22 MiB/27 MiB CGO alloc/total, 31.9 CGO/sec, 0.8/1.2 %(u/s)time, 0.0 %gc (0x), 25 KiB/9.2 KiB (r/w)net
W200313 13:23:16.738303 165 server/node.go:826  [n1,summaries] health alerts detected: {Alerts:[{StoreID:1 Category:METRICS Description:ranges.underreplicated Value:24}]}
I200313 13:23:26.664186 179 server/status/runtime.go:498  [n1] runtime stats: 227 MiB RSS, 164 goroutines, 136 MiB/50 MiB/202 MiB GO alloc/idle/total, 22 MiB/27 MiB CGO alloc/total, 36.1 CGO/sec, 1.0/1.1 %(u/s)time, 0.0 %gc (0x), 27 KiB/12 KiB (r/w)net
W200313 13:23:26.732574 165 server/node.go:826  [n1,summaries] health alerts detected: {Alerts:[{StoreID:1 Category:METRICS Description:ranges.underreplicated Value:24}]}
I200313 13:23:36.664096 179 server/status/runtime.go:498  [n1] runtime stats: 227 MiB RSS, 164 goroutines, 144 MiB/43 MiB/202 MiB GO alloc/idle/total, 22 MiB/27 MiB CGO alloc/total, 30.0 CGO/sec, 0.7/1.5 %(u/s)time, 0.0 %gc (0x), 26 KiB/9.8 KiB (r/w)net
W200313 13:23:36.730262 165 server/node.go:826  [n1,summaries] health alerts detected: {Alerts:[{StoreID:1 Category:METRICS Description:ranges.underreplicated Value:24}]}
I200313 13:23:46.646638 159 gossip/gossip.go:566  [n1] gossip status (ok, 2 nodes)
gossip client (0/3 cur/max conns)
gossip server (1/3 cur/max conns, infos 889/191 sent/received, bytes 156789B/28794B sent/received)
  2: a6f7baf6d0d1:26257 (5m59s)
I200313 13:23:46.665849 179 server/status/runtime.go:498  [n1] runtime stats: 228 MiB RSS, 164 goroutines, 151 MiB/36 MiB/202 MiB GO alloc/idle/total, 30 MiB/35 MiB CGO alloc/total, 32.4 CGO/sec, 1.1/0.8 %(u/s)time, 0.0 %gc (0x), 25 KiB/9.3 KiB (r/w)net
W200313 13:23:46.767820 165 server/node.go:826  [n1,summaries] health alerts detected: {Alerts:[{StoreID:1 Category:METRICS Description:ranges.underreplicated Value:24}]}
I200313 13:23:56.665791 179 server/status/runtime.go:498  [n1] runtime stats: 230 MiB RSS, 163 goroutines, 86 MiB/96 MiB/202 MiB GO alloc/idle/total, 30 MiB/35 MiB CGO alloc/total, 64.9 CGO/sec, 1.6/0.6 %(u/s)time, 0.0 %gc (1x), 28 KiB/13 KiB (r/w)net
W200313 13:23:56.735178 165 server/node.go:826  [n1,summaries] health alerts detected: {Alerts:[{StoreID:1 Category:METRICS Description:ranges.underreplicated Value:24}]}
I200313 13:24:06.666532 179 server/status/runtime.go:498  [n1] runtime stats: 231 MiB RSS, 163 goroutines, 94 MiB/89 MiB/202 MiB GO alloc/idle/total, 30 MiB/35 MiB CGO alloc/total, 32.5 CGO/sec, 0.7/1.2 %(u/s)time, 0.0 %gc (0x), 26 KiB/10 KiB (r/w)net
W200313 13:24:06.737418 165 server/node.go:826  [n1,summaries] health alerts detected: {Alerts:[{StoreID:1 Category:METRICS Description:ranges.underreplicated Value:24}]}
I200313 13:24:16.667304 179 server/status/runtime.go:498  [n1] runtime stats: 231 MiB RSS, 163 goroutines, 101 MiB/83 MiB/202 MiB GO alloc/idle/total, 30 MiB/35 MiB CGO alloc/total, 28.5 CGO/sec, 0.6/1.1 %(u/s)time, 0.0 %gc (0x), 25 KiB/9.0 KiB (r/w)net
W200313 13:24:16.729324 165 server/node.go:826  [n1,summaries] health alerts detected: {Alerts:[{StoreID:1 Category:METRICS Description:ranges.underreplicated Value:24}]}
I200313 13:24:26.667154 179 server/status/runtime.go:498  [n1] runtime stats: 232 MiB RSS, 164 goroutines, 109 MiB/76 MiB/202 MiB GO alloc/idle/total, 30 MiB/35 MiB CGO alloc/total, 39.9 CGO/sec, 1.2/0.7 %(u/s)time, 0.0 %gc (0x), 27 KiB/12 KiB (r/w)net
W200313 13:24:26.730960 165 server/node.go:826  [n1,summaries] health alerts detected: {Alerts:[{StoreID:1 Category:METRICS Description:ranges.underreplicated Value:24}]}
I200313 13:24:36.690700 179 server/status/runtime.go:498  [n1] runtime stats: 232 MiB RSS, 164 goroutines, 116 MiB/69 MiB/202 MiB GO alloc/idle/total, 30 MiB/35 MiB CGO alloc/total, 33.9 CGO/sec, 1.1/0.8 %(u/s)time, 0.0 %gc (0x), 26 KiB/10 KiB (r/w)net
W200313 13:24:36.753098 165 server/node.go:826  [n1,summaries] health alerts detected: {Alerts:[{StoreID:1 Category:METRICS Description:ranges.underreplicated Value:24}]}
I200313 13:24:46.669832 159 gossip/gossip.go:566  [n1] gossip status (ok, 2 nodes)
gossip client (0/3 cur/max conns)
gossip server (1/3 cur/max conns, infos 1032/222 sent/received, bytes 172405B/33415B sent/received)
  2: a6f7baf6d0d1:26257 (6m59s)
I200313 13:24:46.691581 179 server/status/runtime.go:498  [n1] runtime stats: 233 MiB RSS, 164 goroutines, 124 MiB/62 MiB/202 MiB GO alloc/idle/total, 30 MiB/35 MiB CGO alloc/total, 32.3 CGO/sec, 0.8/1.2 %(u/s)time, 0.0 %gc (0x), 25 KiB/8.9 KiB (r/w)net
W200313 13:24:46.745689 165 server/node.go:826  [n1,summaries] health alerts detected: {Alerts:[{StoreID:1 Category:METRICS Description:ranges.underreplicated Value:24}]}
I200313 13:24:56.690836 179 server/status/runtime.go:498  [n1] runtime stats: 234 MiB RSS, 163 goroutines, 132 MiB/54 MiB/202 MiB GO alloc/idle/total, 30 MiB/35 MiB CGO alloc/total, 60.1 CGO/sec, 0.8/1.2 %(u/s)time, 0.0 %gc (0x), 28 KiB/13 KiB (r/w)net
W200313 13:24:56.762844 165 server/node.go:826  [n1,summaries] health alerts detected: {Alerts:[{StoreID:1 Category:METRICS Description:ranges.underreplicated Value:24}]}
I200313 13:25:06.695317 179 server/status/runtime.go:498  [n1] runtime stats: 234 MiB RSS, 163 goroutines, 140 MiB/47 MiB/202 MiB GO alloc/idle/total, 30 MiB/35 MiB CGO alloc/total, 36.3 CGO/sec, 0.9/0.9 %(u/s)time, 0.0 %gc (0x), 26 KiB/9.9 KiB (r/w)net
W200313 13:25:06.762696 165 server/node.go:826  [n1,summaries] health alerts detected: {Alerts:[{StoreID:1 Category:METRICS Description:ranges.underreplicated Value:24}]}
I200313 13:25:16.696568 179 server/status/runtime.go:498  [n1] runtime stats: 235 MiB RSS, 163 goroutines, 147 MiB/40 MiB/202 MiB GO alloc/idle/total, 30 MiB/35 MiB CGO alloc/total, 30.1 CGO/sec, 1.3/0.5 %(u/s)time, 0.0 %gc (0x), 25 KiB/9.2 KiB (r/w)net
W200313 13:25:16.779920 165 server/node.go:826  [n1,summaries] health alerts detected: {Alerts:[{StoreID:1 Category:METRICS Description:ranges.underreplicated Value:24}]}
I200313 13:25:26.695891 179 server/status/runtime.go:498  [n1] runtime stats: 235 MiB RSS, 164 goroutines, 80 MiB/101 MiB/202 MiB GO alloc/idle/total, 30 MiB/35 MiB CGO alloc/total, 45.8 CGO/sec, 1.3/0.7 %(u/s)time, 0.0 %gc (1x), 28 KiB/12 KiB (r/w)net
W200313 13:25:26.753149 165 server/node.go:826  [n1,summaries] health alerts detected: {Alerts:[{StoreID:1 Category:METRICS Description:ranges.underreplicated Value:24}]}
I200313 13:25:36.696689 179 server/status/runtime.go:498  [n1] runtime stats: 235 MiB RSS, 164 goroutines, 88 MiB/94 MiB/202 MiB GO alloc/idle/total, 30 MiB/35 MiB CGO alloc/total, 30.0 CGO/sec, 1.0/0.7 %(u/s)time, 0.0 %gc (0x), 26 KiB/9.8 KiB (r/w)net
W200313 13:25:36.756832 165 server/node.go:826  [n1,summaries] health alerts detected: {Alerts:[{StoreID:1 Category:METRICS Description:ranges.underreplicated Value:24}]}
I200313 13:25:46.676355 159 gossip/gossip.go:566  [n1] gossip status (ok, 2 nodes)
gossip client (0/3 cur/max conns)
gossip server (1/3 cur/max conns, infos 1176/253 sent/received, bytes 188032B/38036B sent/received)
  2: a6f7baf6d0d1:26257 (7m59s)
I200313 13:25:46.697736 179 server/status/runtime.go:498  [n1] runtime stats: 236 MiB RSS, 164 goroutines, 96 MiB/87 MiB/202 MiB GO alloc/idle/total, 30 MiB/35 MiB CGO alloc/total, 32.6 CGO/sec, 0.8/1.1 %(u/s)time, 0.0 %gc (0x), 25 KiB/8.8 KiB (r/w)net
W200313 13:25:46.760439 165 server/node.go:826  [n1,summaries] health alerts detected: {Alerts:[{StoreID:1 Category:METRICS Description:ranges.underreplicated Value:24}]}
I200313 13:25:56.698904 179 server/status/runtime.go:498  [n1] runtime stats: 236 MiB RSS, 163 goroutines, 104 MiB/80 MiB/202 MiB GO alloc/idle/total, 30 MiB/35 MiB CGO alloc/total, 62.2 CGO/sec, 1.3/0.9 %(u/s)time, 0.0 %gc (0x), 28 KiB/12 KiB (r/w)net
W200313 13:25:56.756820 165 server/node.go:826  [n1,summaries] health alerts detected: {Alerts:[{StoreID:1 Category:METRICS Description:ranges.underreplicated Value:24}]}
I200313 13:26:06.698165 179 server/status/runtime.go:498  [n1] runtime stats: 236 MiB RSS, 163 goroutines, 112 MiB/73 MiB/202 MiB GO alloc/idle/total, 30 MiB/35 MiB CGO alloc/total, 31.9 CGO/sec, 1.1/0.8 %(u/s)time, 0.0 %gc (0x), 26 KiB/10 KiB (r/w)net
W200313 13:26:06.756563 165 server/node.go:826  [n1,summaries] health alerts detected: {Alerts:[{StoreID:1 Category:METRICS Description:ranges.underreplicated Value:24}]}
I200313 13:26:16.698271 179 server/status/runtime.go:498  [n1] runtime stats: 237 MiB RSS, 163 goroutines, 119 MiB/66 MiB/202 MiB GO alloc/idle/total, 30 MiB/35 MiB CGO alloc/total, 37.5 CGO/sec, 0.9/1.2 %(u/s)time, 0.0 %gc (0x), 25 KiB/9.1 KiB (r/w)net
W200313 13:26:16.750075 165 server/node.go:826  [n1,summaries] health alerts detected: {Alerts:[{StoreID:1 Category:METRICS Description:ranges.underreplicated Value:24}]}
I200313 13:26:26.698513 179 server/status/runtime.go:498  [n1] runtime stats: 237 MiB RSS, 164 goroutines, 127 MiB/59 MiB/202 MiB GO alloc/idle/total, 30 MiB/35 MiB CGO alloc/total, 32.4 CGO/sec, 1.2/0.8 %(u/s)time, 0.0 %gc (0x), 28 KiB/12 KiB (r/w)net
W200313 13:26:26.767658 165 server/node.go:826  [n1,summaries] health alerts detected: {Alerts:[{StoreID:1 Category:METRICS Description:ranges.underreplicated Value:24}]}
I200313 13:26:36.699319 179 server/status/runtime.go:498  [n1] runtime stats: 238 MiB RSS, 164 goroutines, 134 MiB/52 MiB/202 MiB GO alloc/idle/total, 30 MiB/35 MiB CGO alloc/total, 32.5 CGO/sec, 0.8/1.2 %(u/s)time, 0.0 %gc (0x), 26 KiB/9.8 KiB (r/w)net
W200313 13:26:36.761899 165 server/node.go:826  [n1,summaries] health alerts detected: {Alerts:[{StoreID:1 Category:METRICS Description:ranges.underreplicated Value:24}]}
I200313 13:26:46.674560 159 gossip/gossip.go:566  [n1] gossip status (ok, 2 nodes)
gossip client (0/3 cur/max conns)
gossip server (1/3 cur/max conns, infos 1320/284 sent/received, bytes 203731B/42657B sent/received)
  2: a6f7baf6d0d1:26257 (8m59s)
I200313 13:26:46.699566 179 server/status/runtime.go:498  [n1] runtime stats: 238 MiB RSS, 164 goroutines, 142 MiB/45 MiB/202 MiB GO alloc/idle/total, 38 MiB/43 MiB CGO alloc/total, 31.7 CGO/sec, 0.7/1.3 %(u/s)time, 0.0 %gc (0x), 25 KiB/9.2 KiB (r/w)net
W200313 13:26:46.759490 165 server/node.go:826  [n1,summaries] health alerts detected: {Alerts:[{StoreID:1 Category:METRICS Description:ranges.underreplicated Value:24}]}
I200313 13:26:56.700074 179 server/status/runtime.go:498  [n1] runtime stats: 239 MiB RSS, 163 goroutines, 79 MiB/101 MiB/202 MiB GO alloc/idle/total, 37 MiB/43 MiB CGO alloc/total, 64.4 CGO/sec, 1.5/0.5 %(u/s)time, 0.0 %gc (1x), 28 KiB/13 KiB (r/w)net
W200313 13:26:56.758975 165 server/node.go:826  [n1,summaries] health alerts detected: {Alerts:[{StoreID:1 Category:METRICS Description:ranges.underreplicated Value:24}]}
I200313 13:27:06.700557 179 server/status/runtime.go:498  [n1] runtime stats: 239 MiB RSS, 163 goroutines, 87 MiB/94 MiB/202 MiB GO alloc/idle/total, 37 MiB/43 MiB CGO alloc/total, 32.5 CGO/sec, 0.8/0.4 %(u/s)time, 0.0 %gc (0x), 26 KiB/9.9 KiB (r/w)net
W200313 13:27:06.757359 165 server/node.go:826  [n1,summaries] health alerts detected: {Alerts:[{StoreID:1 Category:METRICS Description:ranges.underreplicated Value:24}]}
I200313 13:27:16.700534 179 server/status/runtime.go:498  [n1] runtime stats: 239 MiB RSS, 163 goroutines, 95 MiB/87 MiB/202 MiB GO alloc/idle/total, 37 MiB/43 MiB CGO alloc/total, 32.1 CGO/sec, 0.9/0.3 %(u/s)time, 0.0 %gc (0x), 25 KiB/9.0 KiB (r/w)net
W200313 13:27:16.761717 165 server/node.go:826  [n1,summaries] health alerts detected: {Alerts:[{StoreID:1 Category:METRICS Description:ranges.underreplicated Value:24}]}
I200313 13:27:26.700738 179 server/status/runtime.go:498  [n1] runtime stats: 240 MiB RSS, 164 goroutines, 103 MiB/80 MiB/202 MiB GO alloc/idle/total, 37 MiB/43 MiB CGO alloc/total, 34.3 CGO/sec, 0.9/0.9 %(u/s)time, 0.0 %gc (0x), 27 KiB/12 KiB (r/w)net
W200313 13:27:26.762158 165 server/node.go:826  [n1,summaries] health alerts detected: {Alerts:[{StoreID:1 Category:METRICS Description:ranges.underreplicated Value:24}]}
I200313 13:27:36.701035 179 server/status/runtime.go:498  [n1] runtime stats: 240 MiB RSS, 164 goroutines, 110 MiB/74 MiB/202 MiB GO alloc/idle/total, 37 MiB/43 MiB CGO alloc/total, 34.0 CGO/sec, 1.4/0.6 %(u/s)time, 0.0 %gc (0x), 26 KiB/10 KiB (r/w)net
W200313 13:27:36.766891 165 server/node.go:826  [n1,summaries] health alerts detected: {Alerts:[{StoreID:1 Category:METRICS Description:ranges.underreplicated Value:24}]}
I200313 13:27:46.675001 159 gossip/gossip.go:566  [n1] gossip status (ok, 2 nodes)
gossip client (0/3 cur/max conns)
gossip server (1/3 cur/max conns, infos 1463/315 sent/received, bytes 219347B/47278B sent/received)
  2: a6f7baf6d0d1:26257 (9m59s)
I200313 13:27:46.701198 179 server/status/runtime.go:498  [n1] runtime stats: 242 MiB RSS, 164 goroutines, 118 MiB/67 MiB/202 MiB GO alloc/idle/total, 37 MiB/43 MiB CGO alloc/total, 33.5 CGO/sec, 1.3/0.7 %(u/s)time, 0.0 %gc (0x), 25 KiB/9.2 KiB (r/w)net
E200313 13:27:46.719835 190 storage/queue.go:1147  [n1,replicate] 24 replicas failing with "0 of 2 live stores are able to take a new replica for the range (2 already have a replica); likely not enough nodes in cluster"
W200313 13:27:46.763153 165 server/node.go:826  [n1,summaries] health alerts detected: {Alerts:[{StoreID:1 Category:METRICS Description:ranges.underreplicated Value:24}]}
I200313 13:27:56.701811 179 server/status/runtime.go:498  [n1] runtime stats: 242 MiB RSS, 163 goroutines, 127 MiB/59 MiB/202 MiB GO alloc/idle/total, 37 MiB/43 MiB CGO alloc/total, 79.2 CGO/sec, 1.5/0.9 %(u/s)time, 0.0 %gc (0x), 28 KiB/13 KiB (r/w)net
W200313 13:27:56.756823 165 server/node.go:826  [n1,summaries] health alerts detected: {Alerts:[{StoreID:1 Category:METRICS Description:ranges.underreplicated Value:24}]}
I200313 13:28:06.699471 158 storage/store.go:2364  [n1,s1] sstables (read amplification = 0):
I200313 13:28:06.699523 158 storage/store.go:2365  [n1,s1] 
** Compaction Stats [default] **
Level    Files   Size     Score Read(GB)  Rn(GB) Rnp1(GB) Write(GB) Wnew(GB) Moved(GB) W-Amp Rd(MB/s) Wr(MB/s) Comp(sec) CompMergeCPU(sec) Comp(cnt) Avg(sec) KeyIn KeyDrop
----------------------------------------------------------------------------------------------------------------------------------------------------------------------------
 Sum      0/0    0.00 KB   0.0      0.0     0.0      0.0       0.0      0.0       0.0   0.0      0.0      0.0      0.00              0.00         0    0.000       0      0
 Int      0/0    0.00 KB   0.0      0.0     0.0      0.0       0.0      0.0       0.0   0.0      0.0      0.0      0.00              0.00         0    0.000       0      0

** Compaction Stats [default] **
Priority    Files   Size     Score Read(GB)  Rn(GB) Rnp1(GB) Write(GB) Wnew(GB) Moved(GB) W-Amp Rd(MB/s) Wr(MB/s) Comp(sec) CompMergeCPU(sec) Comp(cnt) Avg(sec) KeyIn KeyDrop
-------------------------------------------------------------------------------------------------------------------------------------------------------------------------------
Uptime(secs): 620.2 total, 600.0 interval
Flush(GB): cumulative 0.000, interval 0.000
AddFile(GB): cumulative 0.000, interval 0.000
AddFile(Total Files): cumulative 0, interval 0
AddFile(L0 Files): cumulative 0, interval 0
AddFile(Keys): cumulative 0, interval 0
Cumulative compaction: 0.00 GB write, 0.00 MB/s write, 0.00 GB read, 0.00 MB/s read, 0.0 seconds
Interval compaction: 0.00 GB write, 0.00 MB/s write, 0.00 GB read, 0.00 MB/s read, 0.0 seconds
Stalls(count): 0 level0_slowdown, 0 level0_slowdown_with_compaction, 0 level0_numfiles, 0 level0_numfiles_with_compaction, 0 stop for pending_compaction_bytes, 0 slowdown for pending_compaction_bytes, 0 memtable_compaction, 0 memtable_slowdown, interval 0 total count
estimated_pending_compaction_bytes: 0 B
I200313 13:28:06.702376 179 server/status/runtime.go:498  [n1] runtime stats: 242 MiB RSS, 163 goroutines, 135 MiB/52 MiB/202 MiB GO alloc/idle/total, 37 MiB/43 MiB CGO alloc/total, 28.8 CGO/sec, 1.0/1.0 %(u/s)time, 0.0 %gc (0x), 26 KiB/10 KiB (r/w)net
W200313 13:28:06.763980 165 server/node.go:826  [n1,summaries] health alerts detected: {Alerts:[{StoreID:1 Category:METRICS Description:ranges.underreplicated Value:24}]}
I200313 13:28:16.703507 179 server/status/runtime.go:498  [n1] runtime stats: 243 MiB RSS, 163 goroutines, 142 MiB/44 MiB/202 MiB GO alloc/idle/total, 37 MiB/43 MiB CGO alloc/total, 34.0 CGO/sec, 1.1/0.8 %(u/s)time, 0.0 %gc (0x), 25 KiB/9.0 KiB (r/w)net
W200313 13:28:16.755907 165 server/node.go:826  [n1,summaries] health alerts detected: {Alerts:[{StoreID:1 Category:METRICS Description:ranges.underreplicated Value:24}]}
I200313 13:28:26.703653 179 server/status/runtime.go:498  [n1] runtime stats: 243 MiB RSS, 164 goroutines, 150 MiB/37 MiB/202 MiB GO alloc/idle/total, 37 MiB/43 MiB CGO alloc/total, 35.8 CGO/sec, 1.1/1.1 %(u/s)time, 0.0 %gc (0x), 28 KiB/12 KiB (r/w)net
W200313 13:28:26.762219 165 server/node.go:826  [n1,summaries] health alerts detected: {Alerts:[{StoreID:1 Category:METRICS Description:ranges.underreplicated Value:24}]}
I200313 13:28:36.705161 179 server/status/runtime.go:498  [n1] runtime stats: 243 MiB RSS, 164 goroutines, 85 MiB/95 MiB/202 MiB GO alloc/idle/total, 37 MiB/43 MiB CGO alloc/total, 28.6 CGO/sec, 0.9/1.3 %(u/s)time, 0.0 %gc (1x), 26 KiB/9.8 KiB (r/w)net
W200313 13:28:36.759637 165 server/node.go:826  [n1,summaries] health alerts detected: {Alerts:[{StoreID:1 Category:METRICS Description:ranges.underreplicated Value:24}]}
I200313 13:28:46.678450 159 gossip/gossip.go:566  [n1] gossip status (ok, 2 nodes)
gossip client (0/3 cur/max conns)
gossip server (1/3 cur/max conns, infos 1607/346 sent/received, bytes 234974B/51899B sent/received)
  2: a6f7baf6d0d1:26257 (10m59s)
I200313 13:28:46.705717 179 server/status/runtime.go:498  [n1] runtime stats: 244 MiB RSS, 164 goroutines, 93 MiB/89 MiB/202 MiB GO alloc/idle/total, 37 MiB/43 MiB CGO alloc/total, 33.0 CGO/sec, 0.7/1.3 %(u/s)time, 0.0 %gc (0x), 25 KiB/9.0 KiB (r/w)net
W200313 13:28:46.756043 165 server/node.go:826  [n1,summaries] health alerts detected: {Alerts:[{StoreID:1 Category:METRICS Description:ranges.underreplicated Value:24}]}
I200313 13:28:56.705839 179 server/status/runtime.go:498  [n1] runtime stats: 245 MiB RSS, 163 goroutines, 102 MiB/82 MiB/202 MiB GO alloc/idle/total, 37 MiB/43 MiB CGO alloc/total, 59.7 CGO/sec, 1.3/0.9 %(u/s)time, 0.0 %gc (0x), 28 KiB/12 KiB (r/w)net
W200313 13:28:56.766069 165 server/node.go:826  [n1,summaries] health alerts detected: {Alerts:[{StoreID:1 Category:METRICS Description:ranges.underreplicated Value:24}]}
I200313 13:29:06.706251 179 server/status/runtime.go:498  [n1] runtime stats: 245 MiB RSS, 163 goroutines, 109 MiB/75 MiB/202 MiB GO alloc/idle/total, 37 MiB/43 MiB CGO alloc/total, 34.7 CGO/sec, 1.2/0.8 %(u/s)time, 0.0 %gc (0x), 26 KiB/10 KiB (r/w)net
W200313 13:29:06.766798 165 server/node.go:826  [n1,summaries] health alerts detected: {Alerts:[{StoreID:1 Category:METRICS Description:ranges.underreplicated Value:24}]}
I200313 13:29:16.706695 179 server/status/runtime.go:498  [n1] runtime stats: 245 MiB RSS, 163 goroutines, 117 MiB/69 MiB/202 MiB GO alloc/idle/total, 37 MiB/43 MiB CGO alloc/total, 33.2 CGO/sec, 1.0/1.0 %(u/s)time, 0.0 %gc (0x), 25 KiB/8.9 KiB (r/w)net
W200313 13:29:16.764901 165 server/node.go:826  [n1,summaries] health alerts detected: {Alerts:[{StoreID:1 Category:METRICS Description:ranges.underreplicated Value:24}]}
I200313 13:29:26.707205 179 server/status/runtime.go:498  [n1] runtime stats: 246 MiB RSS, 164 goroutines, 124 MiB/62 MiB/202 MiB GO alloc/idle/total, 37 MiB/43 MiB CGO alloc/total, 34.0 CGO/sec, 0.8/1.2 %(u/s)time, 0.0 %gc (0x), 27 KiB/12 KiB (r/w)net
W200313 13:29:26.762286 165 server/node.go:826  [n1,summaries] health alerts detected: {Alerts:[{StoreID:1 Category:METRICS Description:ranges.underreplicated Value:24}]}
I200313 13:29:36.708196 179 server/status/runtime.go:498  [n1] runtime stats: 246 MiB RSS, 164 goroutines, 132 MiB/54 MiB/202 MiB GO alloc/idle/total, 37 MiB/43 MiB CGO alloc/total, 33.2 CGO/sec, 0.8/0.7 %(u/s)time, 0.0 %gc (0x), 26 KiB/9.8 KiB (r/w)net
W200313 13:29:36.753555 165 server/node.go:826  [n1,summaries] health alerts detected: {Alerts:[{StoreID:1 Category:METRICS Description:ranges.underreplicated Value:24}]}
I200313 13:29:46.678564 159 gossip/gossip.go:566  [n1] gossip status (ok, 2 nodes)
gossip client (0/3 cur/max conns)
gossip server (1/3 cur/max conns, infos 1751/377 sent/received, bytes 250601B/56520B sent/received)
  2: a6f7baf6d0d1:26257 (11m59s)
I200313 13:29:46.708525 179 server/status/runtime.go:498  [n1] runtime stats: 247 MiB RSS, 164 goroutines, 139 MiB/47 MiB/202 MiB GO alloc/idle/total, 45 MiB/51 MiB CGO alloc/total, 35.6 CGO/sec, 0.8/0.4 %(u/s)time, 0.0 %gc (0x), 25 KiB/9.1 KiB (r/w)net
W200313 13:29:46.761643 165 server/node.go:826  [n1,summaries] health alerts detected: {Alerts:[{StoreID:1 Category:METRICS Description:ranges.underreplicated Value:24}]}
I200313 13:29:56.708717 179 server/status/runtime.go:498  [n1] runtime stats: 247 MiB RSS, 163 goroutines, 148 MiB/39 MiB/202 MiB GO alloc/idle/total, 45 MiB/51 MiB CGO alloc/total, 63.6 CGO/sec, 0.8/0.6 %(u/s)time, 0.0 %gc (0x), 28 KiB/13 KiB (r/w)net
W200313 13:29:56.765276 165 server/node.go:826  [n1,summaries] health alerts detected: {Alerts:[{StoreID:1 Category:METRICS Description:ranges.underreplicated Value:24}]}
I200313 13:30:06.709198 179 server/status/runtime.go:498  [n1] runtime stats: 248 MiB RSS, 163 goroutines, 156 MiB/31 MiB/202 MiB GO alloc/idle/total, 45 MiB/51 MiB CGO alloc/total, 32.2 CGO/sec, 1.3/0.6 %(u/s)time, 0.0 %gc (0x), 26 KiB/9.7 KiB (r/w)net
W200313 13:30:06.755637 165 server/node.go:826  [n1,summaries] health alerts detected: {Alerts:[{StoreID:1 Category:METRICS Description:ranges.underreplicated Value:24}]}
I200313 13:30:16.709591 179 server/status/runtime.go:498  [n1] runtime stats: 250 MiB RSS, 163 goroutines, 90 MiB/91 MiB/202 MiB GO alloc/idle/total, 45 MiB/51 MiB CGO alloc/total, 30.8 CGO/sec, 1.1/1.0 %(u/s)time, 0.0 %gc (1x), 25 KiB/8.9 KiB (r/w)net
W200313 13:30:16.762052 165 server/node.go:826  [n1,summaries] health alerts detected: {Alerts:[{StoreID:1 Category:METRICS Description:ranges.underreplicated Value:24}]}
I200313 13:30:26.709868 179 server/status/runtime.go:498  [n1] runtime stats: 250 MiB RSS, 164 goroutines, 98 MiB/85 MiB/202 MiB GO alloc/idle/total, 45 MiB/51 MiB CGO alloc/total, 40.0 CGO/sec, 1.0/1.3 %(u/s)time, 0.0 %gc (0x), 28 KiB/12 KiB (r/w)net
W200313 13:30:26.753040 165 server/node.go:826  [n1,summaries] health alerts detected: {Alerts:[{StoreID:1 Category:METRICS Description:ranges.underreplicated Value:24}]}
I200313 13:30:36.711064 179 server/status/runtime.go:498  [n1] runtime stats: 251 MiB RSS, 164 goroutines, 105 MiB/78 MiB/202 MiB GO alloc/idle/total, 45 MiB/51 MiB CGO alloc/total, 36.3 CGO/sec, 1.1/1.0 %(u/s)time, 0.0 %gc (0x), 26 KiB/10 KiB (r/w)net
W200313 13:30:36.758332 165 server/node.go:826  [n1,summaries] health alerts detected: {Alerts:[{StoreID:1 Category:METRICS Description:ranges.underreplicated Value:24}]}
I200313 13:30:46.676837 159 gossip/gossip.go:566  [n1] gossip status (ok, 2 nodes)
gossip client (0/3 cur/max conns)
gossip server (1/3 cur/max conns, infos 1894/408 sent/received, bytes 266181B/61141B sent/received)
  2: a6f7baf6d0d1:26257 (12m59s)
I200313 13:30:46.711123 179 server/status/runtime.go:498  [n1] runtime stats: 251 MiB RSS, 164 goroutines, 113 MiB/71 MiB/202 MiB GO alloc/idle/total, 45 MiB/51 MiB CGO alloc/total, 33.8 CGO/sec, 0.6/1.5 %(u/s)time, 0.0 %gc (0x), 25 KiB/9.4 KiB (r/w)net
W200313 13:30:46.759266 165 server/node.go:826  [n1,summaries] health alerts detected: {Alerts:[{StoreID:1 Category:METRICS Description:ranges.underreplicated Value:24}]}
I200313 13:30:56.711437 179 server/status/runtime.go:498  [n1] runtime stats: 252 MiB RSS, 163 goroutines, 121 MiB/64 MiB/202 MiB GO alloc/idle/total, 45 MiB/51 MiB CGO alloc/total, 58.1 CGO/sec, 1.3/1.0 %(u/s)time, 0.0 %gc (0x), 28 KiB/12 KiB (r/w)net
W200313 13:30:56.755750 165 server/node.go:826  [n1,summaries] health alerts detected: {Alerts:[{StoreID:1 Category:METRICS Description:ranges.underreplicated Value:24}]}
I200313 13:31:06.712564 179 server/status/runtime.go:498  [n1] runtime stats: 252 MiB RSS, 163 goroutines, 129 MiB/57 MiB/202 MiB GO alloc/idle/total, 45 MiB/51 MiB CGO alloc/total, 32.9 CGO/sec, 1.1/0.9 %(u/s)time, 0.0 %gc (0x), 26 KiB/9.8 KiB (r/w)net
W200313 13:31:06.756223 165 server/node.go:826  [n1,summaries] health alerts detected: {Alerts:[{StoreID:1 Category:METRICS Description:ranges.underreplicated Value:24}]}
I200313 13:31:16.714020 179 server/status/runtime.go:498  [n1] runtime stats: 252 MiB RSS, 163 goroutines, 136 MiB/50 MiB/202 MiB GO alloc/idle/total, 45 MiB/51 MiB CGO alloc/total, 32.0 CGO/sec, 1.1/0.9 %(u/s)time, 0.0 %gc (0x), 25 KiB/9.1 KiB (r/w)net
W200313 13:31:16.758266 165 server/node.go:826  [n1,summaries] health alerts detected: {Alerts:[{StoreID:1 Category:METRICS Description:ranges.underreplicated Value:24}]}
I200313 13:31:26.714963 179 server/status/runtime.go:498  [n1] runtime stats: 253 MiB RSS, 164 goroutines, 144 MiB/43 MiB/202 MiB GO alloc/idle/total, 45 MiB/51 MiB CGO alloc/total, 39.6 CGO/sec, 1.1/1.1 %(u/s)time, 0.0 %gc (0x), 28 KiB/12 KiB (r/w)net
W200313 13:31:26.759878 165 server/node.go:826  [n1,summaries] health alerts detected: {Alerts:[{StoreID:1 Category:METRICS Description:ranges.underreplicated Value:24}]}
I200313 13:31:36.716303 179 server/status/runtime.go:498  [n1] runtime stats: 254 MiB RSS, 164 goroutines, 151 MiB/35 MiB/202 MiB GO alloc/idle/total, 45 MiB/51 MiB CGO alloc/total, 28.1 CGO/sec, 0.7/1.3 %(u/s)time, 0.0 %gc (0x), 26 KiB/9.7 KiB (r/w)net
W200313 13:31:36.768035 165 server/node.go:826  [n1,summaries] health alerts detected: {Alerts:[{StoreID:1 Category:METRICS Description:ranges.underreplicated Value:24}]}
I200313 13:31:46.677836 159 gossip/gossip.go:566  [n1] gossip status (ok, 2 nodes)
gossip client (0/3 cur/max conns)
gossip server (1/3 cur/max conns, infos 2038/439 sent/received, bytes 281880B/65762B sent/received)
  2: a6f7baf6d0d1:26257 (13m59s)
I200313 13:31:46.717039 179 server/status/runtime.go:498  [n1] runtime stats: 254 MiB RSS, 164 goroutines, 84 MiB/97 MiB/202 MiB GO alloc/idle/total, 45 MiB/51 MiB CGO alloc/total, 34.7 CGO/sec, 0.8/1.3 %(u/s)time, 0.0 %gc (1x), 25 KiB/9.5 KiB (r/w)net
W200313 13:31:46.766579 165 server/node.go:826  [n1,summaries] health alerts detected: {Alerts:[{StoreID:1 Category:METRICS Description:ranges.underreplicated Value:24}]}
I200313 13:31:56.718908 179 server/status/runtime.go:498  [n1] runtime stats: 255 MiB RSS, 163 goroutines, 92 MiB/90 MiB/202 MiB GO alloc/idle/total, 45 MiB/51 MiB CGO alloc/total, 62.8 CGO/sec, 1.2/1.1 %(u/s)time, 0.0 %gc (0x), 28 KiB/12 KiB (r/w)net
W200313 13:31:56.764746 165 server/node.go:826  [n1,summaries] health alerts detected: {Alerts:[{StoreID:1 Category:METRICS Description:ranges.underreplicated Value:24}]}
I200313 13:32:06.721220 179 server/status/runtime.go:498  [n1] runtime stats: 255 MiB RSS, 163 goroutines, 100 MiB/84 MiB/202 MiB GO alloc/idle/total, 45 MiB/51 MiB CGO alloc/total, 34.0 CGO/sec, 0.9/1.2 %(u/s)time, 0.0 %gc (0x), 26 KiB/10 KiB (r/w)net
W200313 13:32:06.759411 165 server/node.go:826  [n1,summaries] health alerts detected: {Alerts:[{StoreID:1 Category:METRICS Description:ranges.underreplicated Value:24}]}
I200313 13:32:16.720551 179 server/status/runtime.go:498  [n1] runtime stats: 256 MiB RSS, 163 goroutines, 108 MiB/77 MiB/202 MiB GO alloc/idle/total, 45 MiB/51 MiB CGO alloc/total, 35.2 CGO/sec, 1.1/1.0 %(u/s)time, 0.0 %gc (0x), 25 KiB/9.1 KiB (r/w)net
W200313 13:32:16.757806 165 server/node.go:826  [n1,summaries] health alerts detected: {Alerts:[{StoreID:1 Category:METRICS Description:ranges.underreplicated Value:24}]}
I200313 13:32:26.722278 179 server/status/runtime.go:498  [n1] runtime stats: 256 MiB RSS, 164 goroutines, 115 MiB/70 MiB/202 MiB GO alloc/idle/total, 45 MiB/51 MiB CGO alloc/total, 36.3 CGO/sec, 1.3/0.8 %(u/s)time, 0.0 %gc (0x), 27 KiB/12 KiB (r/w)net
W200313 13:32:26.761523 165 server/node.go:826  [n1,summaries] health alerts detected: {Alerts:[{StoreID:1 Category:METRICS Description:ranges.underreplicated Value:24}]}
I200313 13:32:36.724029 179 server/status/runtime.go:498  [n1] runtime stats: 256 MiB RSS, 164 goroutines, 123 MiB/63 MiB/202 MiB GO alloc/idle/total, 45 MiB/51 MiB CGO alloc/total, 32.5 CGO/sec, 0.7/1.3 %(u/s)time, 0.0 %gc (0x), 26 KiB/9.5 KiB (r/w)net
W200313 13:32:36.771695 165 server/node.go:826  [n1,summaries] health alerts detected: {Alerts:[{StoreID:1 Category:METRICS Description:ranges.underreplicated Value:24}]}
I200313 13:32:46.678357 159 gossip/gossip.go:566  [n1] gossip status (ok, 2 nodes)
gossip client (0/3 cur/max conns)
gossip server (1/3 cur/max conns, infos 2182/470 sent/received, bytes 297507B/70383B sent/received)
  2: a6f7baf6d0d1:26257 (14m59s)
I200313 13:32:46.725559 179 server/status/runtime.go:498  [n1] runtime stats: 257 MiB RSS, 164 goroutines, 130 MiB/56 MiB/202 MiB GO alloc/idle/total, 53 MiB/59 MiB CGO alloc/total, 31.8 CGO/sec, 0.7/1.4 %(u/s)time, 0.0 %gc (0x), 25 KiB/9.9 KiB (r/w)net
W200313 13:32:46.759372 165 server/node.go:826  [n1,summaries] health alerts detected: {Alerts:[{StoreID:1 Category:METRICS Description:ranges.underreplicated Value:24}]}
I200313 13:32:56.733219 179 server/status/runtime.go:498  [n1] runtime stats: 258 MiB RSS, 163 goroutines, 139 MiB/47 MiB/202 MiB GO alloc/idle/total, 52 MiB/59 MiB CGO alloc/total, 70.5 CGO/sec, 1.7/0.9 %(u/s)time, 0.0 %gc (0x), 28 KiB/12 KiB (r/w)net
W200313 13:32:56.761104 165 server/node.go:826  [n1,summaries] health alerts detected: {Alerts:[{StoreID:1 Category:METRICS Description:ranges.underreplicated Value:24}]}
I200313 13:33:06.729910 179 server/status/runtime.go:498  [n1] runtime stats: 258 MiB RSS, 163 goroutines, 147 MiB/40 MiB/202 MiB GO alloc/idle/total, 52 MiB/59 MiB CGO alloc/total, 32.5 CGO/sec, 0.9/1.1 %(u/s)time, 0.0 %gc (0x), 26 KiB/9.7 KiB (r/w)net
W200313 13:33:06.761589 165 server/node.go:826  [n1,summaries] health alerts detected: {Alerts:[{StoreID:1 Category:METRICS Description:ranges.underreplicated Value:24}]}
I200313 13:33:16.730171 179 server/status/runtime.go:498  [n1] runtime stats: 258 MiB RSS, 163 goroutines, 154 MiB/33 MiB/202 MiB GO alloc/idle/total, 52 MiB/59 MiB CGO alloc/total, 29.5 CGO/sec, 0.8/1.1 %(u/s)time, 0.0 %gc (0x), 25 KiB/9.0 KiB (r/w)net
W200313 13:33:16.766407 165 server/node.go:826  [n1,summaries] health alerts detected: {Alerts:[{StoreID:1 Category:METRICS Description:ranges.underreplicated Value:24}]}
I200313 13:33:26.730911 179 server/status/runtime.go:498  [n1] runtime stats: 259 MiB RSS, 164 goroutines, 87 MiB/94 MiB/202 MiB GO alloc/idle/total, 52 MiB/59 MiB CGO alloc/total, 38.3 CGO/sec, 0.9/1.5 %(u/s)time, 0.0 %gc (1x), 27 KiB/12 KiB (r/w)net
W200313 13:33:26.759983 165 server/node.go:826  [n1,summaries] health alerts detected: {Alerts:[{StoreID:1 Category:METRICS Description:ranges.underreplicated Value:24}]}
I200313 13:33:36.731225 179 server/status/runtime.go:498  [n1] runtime stats: 259 MiB RSS, 164 goroutines, 95 MiB/87 MiB/202 MiB GO alloc/idle/total, 52 MiB/59 MiB CGO alloc/total, 30.1 CGO/sec, 0.9/1.1 %(u/s)time, 0.0 %gc (0x), 26 KiB/10 KiB (r/w)net
W200313 13:33:36.760458 165 server/node.go:826  [n1,summaries] health alerts detected: {Alerts:[{StoreID:1 Category:METRICS Description:ranges.underreplicated Value:24}]}
I200313 13:33:46.679017 159 gossip/gossip.go:566  [n1] gossip status (ok, 2 nodes)
gossip client (0/3 cur/max conns)
gossip server (1/3 cur/max conns, infos 2325/501 sent/received, bytes 313123B/75004B sent/received)
  2: a6f7baf6d0d1:26257 (15m59s)
I200313 13:33:46.731418 179 server/status/runtime.go:498  [n1] runtime stats: 260 MiB RSS, 164 goroutines, 104 MiB/79 MiB/202 MiB GO alloc/idle/total, 52 MiB/59 MiB CGO alloc/total, 35.8 CGO/sec, 1.0/1.2 %(u/s)time, 0.0 %gc (0x), 25 KiB/9.6 KiB (r/w)net
W200313 13:33:46.758862 165 server/node.go:826  [n1,summaries] health alerts detected: {Alerts:[{StoreID:1 Category:METRICS Description:ranges.underreplicated Value:24}]}
I200313 13:33:56.732093 179 server/status/runtime.go:498  [n1] runtime stats: 260 MiB RSS, 163 goroutines, 111 MiB/73 MiB/202 MiB GO alloc/idle/total, 52 MiB/59 MiB CGO alloc/total, 64.4 CGO/sec, 1.2/1.1 %(u/s)time, 0.0 %gc (0x), 28 KiB/12 KiB (r/w)net
W200313 13:33:56.768428 165 server/node.go:826  [n1,summaries] health alerts detected: {Alerts:[{StoreID:1 Category:METRICS Description:ranges.underreplicated Value:24}]}
I200313 13:34:06.732411 179 server/status/runtime.go:498  [n1] runtime stats: 261 MiB RSS, 163 goroutines, 119 MiB/66 MiB/202 MiB GO alloc/idle/total, 52 MiB/59 MiB CGO alloc/total, 28.6 CGO/sec, 1.3/0.7 %(u/s)time, 0.0 %gc (0x), 26 KiB/9.6 KiB (r/w)net
W200313 13:34:06.775538 165 server/node.go:826  [n1,summaries] health alerts detected: {Alerts:[{StoreID:1 Category:METRICS Description:ranges.underreplicated Value:24}]}
I200313 13:34:16.732540 179 server/status/runtime.go:498  [n1] runtime stats: 261 MiB RSS, 163 goroutines, 126 MiB/59 MiB/202 MiB GO alloc/idle/total, 52 MiB/59 MiB CGO alloc/total, 34.0 CGO/sec, 1.2/1.0 %(u/s)time, 0.0 %gc (0x), 25 KiB/9.3 KiB (r/w)net
W200313 13:34:16.758531 165 server/node.go:826  [n1,summaries] health alerts detected: {Alerts:[{StoreID:1 Category:METRICS Description:ranges.underreplicated Value:24}]}
I200313 13:34:26.732871 179 server/status/runtime.go:498  [n1] runtime stats: 262 MiB RSS, 164 goroutines, 134 MiB/52 MiB/202 MiB GO alloc/idle/total, 52 MiB/59 MiB CGO alloc/total, 39.4 CGO/sec, 1.3/0.8 %(u/s)time, 0.0 %gc (0x), 28 KiB/12 KiB (r/w)net
W200313 13:34:26.771869 165 server/node.go:826  [n1,summaries] health alerts detected: {Alerts:[{StoreID:1 Category:METRICS Description:ranges.underreplicated Value:24}]}
I200313 13:34:36.733635 179 server/status/runtime.go:498  [n1] runtime stats: 262 MiB RSS, 164 goroutines, 141 MiB/45 MiB/202 MiB GO alloc/idle/total, 52 MiB/59 MiB CGO alloc/total, 30.7 CGO/sec, 0.8/1.2 %(u/s)time, 0.0 %gc (0x), 26 KiB/9.5 KiB (r/w)net
W200313 13:34:36.764862 165 server/node.go:826  [n1,summaries] health alerts detected: {Alerts:[{StoreID:1 Category:METRICS Description:ranges.underreplicated Value:24}]}
I200313 13:34:46.680444 159 gossip/gossip.go:566  [n1] gossip status (ok, 2 nodes)
gossip client (0/3 cur/max conns)
gossip server (1/3 cur/max conns, infos 2469/532 sent/received, bytes 328750B/79625B sent/received)
  2: a6f7baf6d0d1:26257 (16m59s)
I200313 13:34:46.733543 179 server/status/runtime.go:498  [n1] runtime stats: 262 MiB RSS, 164 goroutines, 150 MiB/36 MiB/202 MiB GO alloc/idle/total, 52 MiB/59 MiB CGO alloc/total, 32.8 CGO/sec, 1.3/0.7 %(u/s)time, 0.0 %gc (0x), 25 KiB/9.5 KiB (r/w)net
W200313 13:34:46.757566 165 server/node.go:826  [n1,summaries] health alerts detected: {Alerts:[{StoreID:1 Category:METRICS Description:ranges.underreplicated Value:24}]}
I200313 13:34:56.734341 179 server/status/runtime.go:498  [n1] runtime stats: 263 MiB RSS, 164 goroutines, 85 MiB/96 MiB/202 MiB GO alloc/idle/total, 52 MiB/59 MiB CGO alloc/total, 64.4 CGO/sec, 1.0/1.5 %(u/s)time, 0.0 %gc (1x), 28 KiB/12 KiB (r/w)net
W200313 13:34:56.765691 165 server/node.go:826  [n1,summaries] health alerts detected: {Alerts:[{StoreID:1 Category:METRICS Description:ranges.underreplicated Value:24}]}
I200313 13:35:06.734203 179 server/status/runtime.go:498  [n1] runtime stats: 263 MiB RSS, 163 goroutines, 94 MiB/88 MiB/202 MiB GO alloc/idle/total, 52 MiB/59 MiB CGO alloc/total, 31.7 CGO/sec, 1.3/0.8 %(u/s)time, 0.0 %gc (0x), 25 KiB/9.7 KiB (r/w)net
W200313 13:35:06.775308 165 server/node.go:826  [n1,summaries] health alerts detected: {Alerts:[{StoreID:1 Category:METRICS Description:ranges.underreplicated Value:24}]}
I200313 13:35:16.734654 179 server/status/runtime.go:498  [n1] runtime stats: 264 MiB RSS, 163 goroutines, 101 MiB/82 MiB/202 MiB GO alloc/idle/total, 52 MiB/59 MiB CGO alloc/total, 32.3 CGO/sec, 1.0/1.0 %(u/s)time, 0.0 %gc (0x), 26 KiB/9.5 KiB (r/w)net
W200313 13:35:16.766972 165 server/node.go:826  [n1,summaries] health alerts detected: {Alerts:[{StoreID:1 Category:METRICS Description:ranges.underreplicated Value:24}]}
I200313 13:35:26.734889 179 server/status/runtime.go:498  [n1] runtime stats: 264 MiB RSS, 164 goroutines, 108 MiB/76 MiB/202 MiB GO alloc/idle/total, 52 MiB/59 MiB CGO alloc/total, 35.9 CGO/sec, 1.0/1.2 %(u/s)time, 0.0 %gc (0x), 27 KiB/12 KiB (r/w)net
W200313 13:35:26.759459 165 server/node.go:826  [n1,summaries] health alerts detected: {Alerts:[{StoreID:1 Category:METRICS Description:ranges.underreplicated Value:24}]}
I200313 13:35:36.735801 179 server/status/runtime.go:498  [n1] runtime stats: 265 MiB RSS, 164 goroutines, 115 MiB/70 MiB/202 MiB GO alloc/idle/total, 52 MiB/59 MiB CGO alloc/total, 43.0 CGO/sec, 1.0/1.2 %(u/s)time, 0.0 %gc (0x), 25 KiB/9.1 KiB (r/w)net
W200313 13:35:36.780287 165 server/node.go:826  [n1,summaries] health alerts detected: {Alerts:[{StoreID:1 Category:METRICS Description:ranges.underreplicated Value:24}]}
I200313 13:35:46.679976 159 gossip/gossip.go:566  [n1] gossip status (ok, 2 nodes)
gossip client (0/3 cur/max conns)
gossip server (1/3 cur/max conns, infos 2613/563 sent/received, bytes 344377B/84246B sent/received)
  2: a6f7baf6d0d1:26257 (17m59s)
I200313 13:35:46.736025 179 server/status/runtime.go:498  [n1] runtime stats: 266 MiB RSS, 164 goroutines, 124 MiB/61 MiB/202 MiB GO alloc/idle/total, 60 MiB/67 MiB CGO alloc/total, 31.9 CGO/sec, 0.9/1.2 %(u/s)time, 0.0 %gc (0x), 26 KiB/10 KiB (r/w)net
W200313 13:35:46.763399 165 server/node.go:826  [n1,summaries] health alerts detected: {Alerts:[{StoreID:1 Category:METRICS Description:ranges.underreplicated Value:24}]}
I200313 13:35:56.737628 179 server/status/runtime.go:498  [n1] runtime stats: 266 MiB RSS, 163 goroutines, 133 MiB/53 MiB/202 MiB GO alloc/idle/total, 60 MiB/67 MiB CGO alloc/total, 63.9 CGO/sec, 1.5/0.9 %(u/s)time, 0.0 %gc (0x), 28 KiB/12 KiB (r/w)net
W200313 13:35:56.769918 165 server/node.go:826  [n1,summaries] health alerts detected: {Alerts:[{StoreID:1 Category:METRICS Description:ranges.underreplicated Value:24}]}
I200313 13:36:06.736694 179 server/status/runtime.go:498  [n1] runtime stats: 266 MiB RSS, 163 goroutines, 141 MiB/46 MiB/202 MiB GO alloc/idle/total, 60 MiB/67 MiB CGO alloc/total, 30.4 CGO/sec, 0.8/1.1 %(u/s)time, 0.0 %gc (0x), 25 KiB/9.1 KiB (r/w)net
W200313 13:36:06.767322 165 server/node.go:826  [n1,summaries] health alerts detected: {Alerts:[{StoreID:1 Category:METRICS Description:ranges.underreplicated Value:24}]}
I200313 13:36:16.737249 179 server/status/runtime.go:498  [n1] runtime stats: 267 MiB RSS, 163 goroutines, 148 MiB/39 MiB/202 MiB GO alloc/idle/total, 60 MiB/67 MiB CGO alloc/total, 32.1 CGO/sec, 1.2/0.8 %(u/s)time, 0.0 %gc (0x), 26 KiB/9.7 KiB (r/w)net
W200313 13:36:16.762630 165 server/node.go:826  [n1,summaries] health alerts detected: {Alerts:[{StoreID:1 Category:METRICS Description:ranges.underreplicated Value:24}]}
I200313 13:36:26.737730 179 server/status/runtime.go:498  [n1] runtime stats: 267 MiB RSS, 164 goroutines, 95 MiB/92 MiB/202 MiB GO alloc/idle/total, 60 MiB/67 MiB CGO alloc/total, 36.1 CGO/sec, 1.7/0.5 %(u/s)time, 0.0 %gc (1x), 27 KiB/12 KiB (r/w)net
W200313 13:36:26.771906 165 server/node.go:826  [n1,summaries] health alerts detected: {Alerts:[{StoreID:1 Category:METRICS Description:ranges.underreplicated Value:24}]}
I200313 13:36:36.738247 179 server/status/runtime.go:498  [n1] runtime stats: 268 MiB RSS, 164 goroutines, 89 MiB/92 MiB/202 MiB GO alloc/idle/total, 60 MiB/67 MiB CGO alloc/total, 30.3 CGO/sec, 0.8/1.2 %(u/s)time, 0.0 %gc (0x), 25 KiB/9.6 KiB (r/w)net
W200313 13:36:36.761176 165 server/node.go:826  [n1,summaries] health alerts detected: {Alerts:[{StoreID:1 Category:METRICS Description:ranges.underreplicated Value:24}]}
I200313 13:36:46.678732 159 gossip/gossip.go:566  [n1] gossip status (ok, 2 nodes)
gossip client (0/3 cur/max conns)
gossip server (1/3 cur/max conns, infos 2756/594 sent/received, bytes 359957B/88867B sent/received)
  2: a6f7baf6d0d1:26257 (18m59s)
I200313 13:36:46.739765 179 server/status/runtime.go:498  [n1] runtime stats: 268 MiB RSS, 164 goroutines, 97 MiB/85 MiB/202 MiB GO alloc/idle/total, 60 MiB/67 MiB CGO alloc/total, 34.4 CGO/sec, 1.3/0.9 %(u/s)time, 0.0 %gc (0x), 26 KiB/10 KiB (r/w)net
W200313 13:36:46.765655 165 server/node.go:826  [n1,summaries] health alerts detected: {Alerts:[{StoreID:1 Category:METRICS Description:ranges.underreplicated Value:24}]}
I200313 13:36:56.738941 179 server/status/runtime.go:498  [n1] runtime stats: 268 MiB RSS, 163 goroutines, 106 MiB/78 MiB/202 MiB GO alloc/idle/total, 60 MiB/67 MiB CGO alloc/total, 62.4 CGO/sec, 1.1/1.1 %(u/s)time, 0.0 %gc (0x), 28 KiB/12 KiB (r/w)net
W200313 13:36:56.761532 165 server/node.go:826  [n1,summaries] health alerts detected: {Alerts:[{StoreID:1 Category:METRICS Description:ranges.underreplicated Value:24}]}
I200313 13:37:06.738915 179 server/status/runtime.go:498  [n1] runtime stats: 269 MiB RSS, 163 goroutines, 113 MiB/71 MiB/202 MiB GO alloc/idle/total, 60 MiB/67 MiB CGO alloc/total, 30.5 CGO/sec, 0.7/1.2 %(u/s)time, 0.0 %gc (0x), 25 KiB/9.0 KiB (r/w)net
W200313 13:37:06.759260 165 server/node.go:826  [n1,summaries] health alerts detected: {Alerts:[{StoreID:1 Category:METRICS Description:ranges.underreplicated Value:24}]}
I200313 13:37:16.739952 179 server/status/runtime.go:498  [n1] runtime stats: 269 MiB RSS, 163 goroutines, 121 MiB/64 MiB/202 MiB GO alloc/idle/total, 60 MiB/67 MiB CGO alloc/total, 35.7 CGO/sec, 1.1/1.0 %(u/s)time, 0.0 %gc (0x), 26 KiB/10 KiB (r/w)net
W200313 13:37:16.761503 165 server/node.go:826  [n1,summaries] health alerts detected: {Alerts:[{StoreID:1 Category:METRICS Description:ranges.underreplicated Value:24}]}
I200313 13:37:26.740891 179 server/status/runtime.go:498  [n1] runtime stats: 270 MiB RSS, 164 goroutines, 129 MiB/57 MiB/202 MiB GO alloc/idle/total, 60 MiB/67 MiB CGO alloc/total, 37.5 CGO/sec, 1.4/0.8 %(u/s)time, 0.0 %gc (0x), 28 KiB/12 KiB (r/w)net
W200313 13:37:26.759380 165 server/node.go:826  [n1,summaries] health alerts detected: {Alerts:[{StoreID:1 Category:METRICS Description:ranges.underreplicated Value:24}]}
I200313 13:37:36.740660 179 server/status/runtime.go:498  [n1] runtime stats: 270 MiB RSS, 164 goroutines, 136 MiB/50 MiB/202 MiB GO alloc/idle/total, 60 MiB/67 MiB CGO alloc/total, 28.8 CGO/sec, 1.1/0.7 %(u/s)time, 0.0 %gc (0x), 25 KiB/9.0 KiB (r/w)net
W200313 13:37:36.760140 165 server/node.go:826  [n1,summaries] health alerts detected: {Alerts:[{StoreID:1 Category:METRICS Description:ranges.underreplicated Value:24}]}
I200313 13:37:46.680435 159 gossip/gossip.go:566  [n1] gossip status (ok, 2 nodes)
gossip client (0/3 cur/max conns)
gossip server (1/3 cur/max conns, infos 2900/625 sent/received, bytes 375656B/93488B sent/received)
  2: a6f7baf6d0d1:26257 (19m59s)
E200313 13:37:46.721713 190 storage/queue.go:1147  [n1,replicate] 24 replicas failing with "0 of 2 live stores are able to take a new replica for the range (2 already have a replica); likely not enough nodes in cluster"
I200313 13:37:46.741192 179 server/status/runtime.go:498  [n1] runtime stats: 271 MiB RSS, 164 goroutines, 144 MiB/43 MiB/171 MiB GO alloc/idle/total, 60 MiB/67 MiB CGO alloc/total, 32.5 CGO/sec, 1.4/0.7 %(u/s)time, 0.0 %gc (0x), 26 KiB/10 KiB (r/w)net
W200313 13:37:46.760167 165 server/node.go:826  [n1,summaries] health alerts detected: {Alerts:[{StoreID:1 Category:METRICS Description:ranges.underreplicated Value:24}]}
I200313 13:37:56.741495 179 server/status/runtime.go:498  [n1] runtime stats: 271 MiB RSS, 163 goroutines, 153 MiB/34 MiB/171 MiB GO alloc/idle/total, 60 MiB/67 MiB CGO alloc/total, 70.6 CGO/sec, 1.3/1.2 %(u/s)time, 0.0 %gc (0x), 28 KiB/12 KiB (r/w)net
W200313 13:37:56.761319 165 server/node.go:826  [n1,summaries] health alerts detected: {Alerts:[{StoreID:1 Category:METRICS Description:ranges.underreplicated Value:24}]}
I200313 13:38:06.716671 158 storage/store.go:2364  [n1,s1] sstables (read amplification = 0):
I200313 13:38:06.716730 158 storage/store.go:2365  [n1,s1] 
** Compaction Stats [default] **
Level    Files   Size     Score Read(GB)  Rn(GB) Rnp1(GB) Write(GB) Wnew(GB) Moved(GB) W-Amp Rd(MB/s) Wr(MB/s) Comp(sec) CompMergeCPU(sec) Comp(cnt) Avg(sec) KeyIn KeyDrop
----------------------------------------------------------------------------------------------------------------------------------------------------------------------------
 Sum      0/0    0.00 KB   0.0      0.0     0.0      0.0       0.0      0.0       0.0   0.0      0.0      0.0      0.00              0.00         0    0.000       0      0
 Int      0/0    0.00 KB   0.0      0.0     0.0      0.0       0.0      0.0       0.0   0.0      0.0      0.0      0.00              0.00         0    0.000       0      0

** Compaction Stats [default] **
Priority    Files   Size     Score Read(GB)  Rn(GB) Rnp1(GB) Write(GB) Wnew(GB) Moved(GB) W-Amp Rd(MB/s) Wr(MB/s) Comp(sec) CompMergeCPU(sec) Comp(cnt) Avg(sec) KeyIn KeyDrop
-------------------------------------------------------------------------------------------------------------------------------------------------------------------------------
Uptime(secs): 1220.2 total, 600.0 interval
Flush(GB): cumulative 0.000, interval 0.000
AddFile(GB): cumulative 0.000, interval 0.000
AddFile(Total Files): cumulative 0, interval 0
AddFile(L0 Files): cumulative 0, interval 0
AddFile(Keys): cumulative 0, interval 0
Cumulative compaction: 0.00 GB write, 0.00 MB/s write, 0.00 GB read, 0.00 MB/s read, 0.0 seconds
Interval compaction: 0.00 GB write, 0.00 MB/s write, 0.00 GB read, 0.00 MB/s read, 0.0 seconds
Stalls(count): 0 level0_slowdown, 0 level0_slowdown_with_compaction, 0 level0_numfiles, 0 level0_numfiles_with_compaction, 0 stop for pending_compaction_bytes, 0 slowdown for pending_compaction_bytes, 0 memtable_compaction, 0 memtable_slowdown, interval 0 total count
estimated_pending_compaction_bytes: 0 B
I200313 13:38:06.741861 179 server/status/runtime.go:498  [n1] runtime stats: 272 MiB RSS, 163 goroutines, 86 MiB/94 MiB/171 MiB GO alloc/idle/total, 60 MiB/67 MiB CGO alloc/total, 36.4 CGO/sec, 1.4/0.8 %(u/s)time, 0.0 %gc (1x), 25 KiB/9.6 KiB (r/w)net
W200313 13:38:06.774443 165 server/node.go:826  [n1,summaries] health alerts detected: {Alerts:[{StoreID:1 Category:METRICS Description:ranges.underreplicated Value:24}]}
I200313 13:38:16.742404 179 server/status/runtime.go:498  [n1] runtime stats: 272 MiB RSS, 163 goroutines, 94 MiB/88 MiB/171 MiB GO alloc/idle/total, 60 MiB/67 MiB CGO alloc/total, 33.9 CGO/sec, 1.4/0.6 %(u/s)time, 0.0 %gc (0x), 26 KiB/10 KiB (r/w)net
W200313 13:38:16.760903 165 server/node.go:826  [n1,summaries] health alerts detected: {Alerts:[{StoreID:1 Category:METRICS Description:ranges.underreplicated Value:24}]}
I200313 13:38:26.743024 179 server/status/runtime.go:498  [n1] runtime stats: 273 MiB RSS, 164 goroutines, 102 MiB/81 MiB/171 MiB GO alloc/idle/total, 60 MiB/67 MiB CGO alloc/total, 38.0 CGO/sec, 1.2/1.1 %(u/s)time, 0.0 %gc (0x), 27 KiB/12 KiB (r/w)net
W200313 13:38:26.763368 165 server/node.go:826  [n1,summaries] health alerts detected: {Alerts:[{StoreID:1 Category:METRICS Description:ranges.underreplicated Value:24}]}
I200313 13:38:36.743023 179 server/status/runtime.go:498  [n1] runtime stats: 273 MiB RSS, 164 goroutines, 109 MiB/74 MiB/171 MiB GO alloc/idle/total, 68 MiB/75 MiB CGO alloc/total, 28.4 CGO/sec, 1.0/1.0 %(u/s)time, 0.0 %gc (0x), 25 KiB/9.0 KiB (r/w)net
W200313 13:38:36.763698 165 server/node.go:826  [n1,summaries] health alerts detected: {Alerts:[{StoreID:1 Category:METRICS Description:ranges.underreplicated Value:24}]}
I200313 13:38:46.679341 159 gossip/gossip.go:566  [n1] gossip status (ok, 2 nodes)
gossip client (0/3 cur/max conns)
gossip server (1/3 cur/max conns, infos 3044/656 sent/received, bytes 391319B/98109B sent/received)
  2: a6f7baf6d0d1:26257 (20m59s)
I200313 13:38:46.743437 179 server/status/runtime.go:498  [n1] runtime stats: 274 MiB RSS, 164 goroutines, 116 MiB/68 MiB/171 MiB GO alloc/idle/total, 68 MiB/75 MiB CGO alloc/total, 35.9 CGO/sec, 1.3/0.8 %(u/s)time, 0.0 %gc (0x), 26 KiB/10 KiB (r/w)net
W200313 13:38:46.769030 165 server/node.go:826  [n1,summaries] health alerts detected: {Alerts:[{StoreID:1 Category:METRICS Description:ranges.underreplicated Value:24}]}
I200313 13:38:56.743600 179 server/status/runtime.go:498  [n1] runtime stats: 274 MiB RSS, 163 goroutines, 125 MiB/60 MiB/171 MiB GO alloc/idle/total, 68 MiB/75 MiB CGO alloc/total, 65.1 CGO/sec, 0.9/1.3 %(u/s)time, 0.0 %gc (0x), 28 KiB/12 KiB (r/w)net
W200313 13:38:56.766612 165 server/node.go:826  [n1,summaries] health alerts detected: {Alerts:[{StoreID:1 Category:METRICS Description:ranges.underreplicated Value:24}]}
I200313 13:39:06.744260 179 server/status/runtime.go:498  [n1] runtime stats: 274 MiB RSS, 163 goroutines, 133 MiB/53 MiB/171 MiB GO alloc/idle/total, 68 MiB/75 MiB CGO alloc/total, 28.4 CGO/sec, 1.2/0.8 %(u/s)time, 0.0 %gc (0x), 25 KiB/9.1 KiB (r/w)net
W200313 13:39:06.761069 165 server/node.go:826  [n1,summaries] health alerts detected: {Alerts:[{StoreID:1 Category:METRICS Description:ranges.underreplicated Value:24}]}
I200313 13:39:16.744362 179 server/status/runtime.go:498  [n1] runtime stats: 275 MiB RSS, 163 goroutines, 140 MiB/46 MiB/171 MiB GO alloc/idle/total, 68 MiB/75 MiB CGO alloc/total, 32.5 CGO/sec, 1.0/1.0 %(u/s)time, 0.0 %gc (0x), 26 KiB/9.7 KiB (r/w)net
W200313 13:39:16.764437 165 server/node.go:826  [n1,summaries] health alerts detected: {Alerts:[{StoreID:1 Category:METRICS Description:ranges.underreplicated Value:24}]}
I200313 13:39:26.744780 179 server/status/runtime.go:498  [n1] runtime stats: 276 MiB RSS, 164 goroutines, 148 MiB/39 MiB/171 MiB GO alloc/idle/total, 68 MiB/75 MiB CGO alloc/total, 34.0 CGO/sec, 0.8/1.2 %(u/s)time, 0.0 %gc (0x), 27 KiB/12 KiB (r/w)net
W200313 13:39:26.760358 165 server/node.go:826  [n1,summaries] health alerts detected: {Alerts:[{StoreID:1 Category:METRICS Description:ranges.underreplicated Value:24}]}
I200313 13:39:36.745205 179 server/status/runtime.go:498  [n1] runtime stats: 276 MiB RSS, 164 goroutines, 80 MiB/100 MiB/171 MiB GO alloc/idle/total, 68 MiB/75 MiB CGO alloc/total, 32.0 CGO/sec, 1.1/1.3 %(u/s)time, 0.0 %gc (1x), 25 KiB/9.6 KiB (r/w)net
W200313 13:39:36.765141 165 server/node.go:826  [n1,summaries] health alerts detected: {Alerts:[{StoreID:1 Category:METRICS Description:ranges.underreplicated Value:24}]}
I200313 13:39:46.679435 159 gossip/gossip.go:566  [n1] gossip status (ok, 2 nodes)
gossip client (0/3 cur/max conns)
gossip server (1/3 cur/max conns, infos 3187/687 sent/received, bytes 406899B/102730B sent/received)
  2: a6f7baf6d0d1:26257 (21m59s)
I200313 13:39:46.745625 179 server/status/runtime.go:498  [n1] runtime stats: 277 MiB RSS, 164 goroutines, 89 MiB/92 MiB/171 MiB GO alloc/idle/total, 68 MiB/75 MiB CGO alloc/total, 34.2 CGO/sec, 1.1/0.9 %(u/s)time, 0.0 %gc (0x), 26 KiB/10 KiB (r/w)net
W200313 13:39:46.760763 165 server/node.go:826  [n1,summaries] health alerts detected: {Alerts:[{StoreID:1 Category:METRICS Description:ranges.underreplicated Value:24}]}
I200313 13:39:56.745934 179 server/status/runtime.go:498  [n1] runtime stats: 277 MiB RSS, 163 goroutines, 98 MiB/85 MiB/171 MiB GO alloc/idle/total, 68 MiB/75 MiB CGO alloc/total, 64.4 CGO/sec, 1.5/0.7 %(u/s)time, 0.0 %gc (0x), 28 KiB/12 KiB (r/w)net
W200313 13:39:56.763754 165 server/node.go:826  [n1,summaries] health alerts detected: {Alerts:[{StoreID:1 Category:METRICS Description:ranges.underreplicated Value:24}]}
I200313 13:40:06.746535 179 server/status/runtime.go:498  [n1] runtime stats: 277 MiB RSS, 163 goroutines, 106 MiB/78 MiB/171 MiB GO alloc/idle/total, 68 MiB/75 MiB CGO alloc/total, 28.1 CGO/sec, 0.7/0.7 %(u/s)time, 0.0 %gc (0x), 25 KiB/8.9 KiB (r/w)net
W200313 13:40:06.761980 165 server/node.go:826  [n1,summaries] health alerts detected: {Alerts:[{StoreID:1 Category:METRICS Description:ranges.underreplicated Value:24}]}
I200313 13:40:16.747146 179 server/status/runtime.go:498  [n1] runtime stats: 278 MiB RSS, 163 goroutines, 113 MiB/71 MiB/171 MiB GO alloc/idle/total, 68 MiB/75 MiB CGO alloc/total, 38.3 CGO/sec, 1.1/0.9 %(u/s)time, 0.0 %gc (0x), 26 KiB/10 KiB (r/w)net
W200313 13:40:16.764517 165 server/node.go:826  [n1,summaries] health alerts detected: {Alerts:[{StoreID:1 Category:METRICS Description:ranges.underreplicated Value:24}]}
I200313 13:40:26.746993 179 server/status/runtime.go:498  [n1] runtime stats: 278 MiB RSS, 164 goroutines, 121 MiB/64 MiB/171 MiB GO alloc/idle/total, 68 MiB/75 MiB CGO alloc/total, 44.2 CGO/sec, 1.4/0.7 %(u/s)time, 0.0 %gc (0x), 27 KiB/12 KiB (r/w)net
W200313 13:40:26.770879 165 server/node.go:826  [n1,summaries] health alerts detected: {Alerts:[{StoreID:1 Category:METRICS Description:ranges.underreplicated Value:24}]}
I200313 13:40:36.754538 179 server/status/runtime.go:498  [n1] runtime stats: 278 MiB RSS, 164 goroutines, 128 MiB/57 MiB/171 MiB GO alloc/idle/total, 68 MiB/75 MiB CGO alloc/total, 30.2 CGO/sec, 0.8/1.1 %(u/s)time, 0.0 %gc (0x), 25 KiB/9.1 KiB (r/w)net
W200313 13:40:36.770587 165 server/node.go:826  [n1,summaries] health alerts detected: {Alerts:[{StoreID:1 Category:METRICS Description:ranges.underreplicated Value:24}]}
W200313 13:41:31.330497 109 storage/closedts/provider/provider.go:150  [ct-closer] unable to move closed timestamp forward: not live
github.com/cockroachdb/cockroach/pkg/storage.init.ializers
	/go/src/github.com/cockroachdb/cockroach/pkg/storage/node_liveness.go:57
runtime.main
	/usr/local/go/src/runtime/proc.go:188
runtime.goexit
	/usr/local/go/src/runtime/asm_amd64.s:1337
W200313 13:41:31.382358 156 storage/store_rebalancer.go:219  [n1,s1,store-rebalancer] StorePool missing descriptor for local store
W200313 13:41:31.387693 105 gossip/gossip.go:1522  [n1] first range unavailable; trying remaining resolvers
I200313 13:41:31.387769 179 server/status/runtime.go:498  [n1] runtime stats: 279 MiB RSS, 165 goroutines, 134 MiB/52 MiB/171 MiB GO alloc/idle/total, 68 MiB/75 MiB CGO alloc/total, 5.0 CGO/sec, 0.1/0.1 %(u/s)time, 0.0 %gc (0x), 26 KiB/8.9 KiB (r/w)net
W200313 13:41:31.387844 19515 util/hlc/hlc.go:235  backward time jump detected (-0.330109 seconds)
I200313 13:41:31.387961 159 gossip/gossip.go:566  [n1] gossip status (stalled, 2 nodes)
gossip client (0/3 cur/max conns)
gossip server (1/3 cur/max conns, infos 3332/717 sent/received, bytes 422739B/107210B sent/received)
  2: a6f7baf6d0d1:26257 (23m44s)
gossip connectivity
I200313 13:41:31.410272 19483 gossip/client.go:124  [n1] started gossip client to a6f7baf6d0d1:26257
W200313 13:41:32.110920 144 storage/engine/rocksdb.go:2076  batch [2/79149/0] commit took 679.5136ms (>= warning threshold 500ms)
W200313 13:41:32.131542 144 storage/store_raft.go:514  [n1,s1,r4/1:/System{/tsd-tse}] handle raft ready: 0.7s [applied=1, batches=1, state_assertions=0]
W200313 13:41:32.179023 165 server/node.go:826  [n1,summaries] health alerts detected: {Alerts:[{StoreID:1 Category:METRICS Description:ranges.underreplicated Value:24}]}
I200313 13:41:33.546306 105 gossip/gossip.go:1531  [n1] node has connected to cluster via gossip
W200313 13:41:36.828230 165 server/node.go:826  [n1,summaries] health alerts detected: {Alerts:[{StoreID:1 Category:METRICS Description:ranges.underreplicated Value:24}]}
I200313 13:41:41.387473 179 server/status/runtime.go:498  [n1] runtime stats: 219 MiB RSS, 176 goroutines, 85 MiB/95 MiB/171 MiB GO alloc/idle/total, 13 MiB/21 MiB CGO alloc/total, 50.7 CGO/sec, 7.6/2.0 %(u/s)time, 0.0 %gc (1x), 50 KiB/21 KiB (r/w)net
I200313 13:41:46.728903 159 gossip/gossip.go:566  [n1] gossip status (ok, 2 nodes)
gossip client (1/3 cur/max conns)
  2: a6f7baf6d0d1:26257 (15s: infos 42/11 sent/received, bytes 5573B/2432B sent/received)
gossip server (0/3 cur/max conns, infos 3380/729 sent/received, bytes 428903B/109783B sent/received)
gossip connectivity
  n1 [sentinel];
  n1 -> n2;
W200313 13:41:46.814949 165 server/node.go:826  [n1,summaries] health alerts detected: {Alerts:[{StoreID:1 Category:METRICS Description:ranges.underreplicated Value:24}]}
I200313 13:41:51.388246 179 server/status/runtime.go:498  [n1] runtime stats: 220 MiB RSS, 176 goroutines, 93 MiB/88 MiB/171 MiB GO alloc/idle/total, 13 MiB/21 MiB CGO alloc/total, 31.7 CGO/sec, 0.5/1.4 %(u/s)time, 0.0 %gc (0x), 27 KiB/13 KiB (r/w)net
W200313 13:41:56.820710 165 server/node.go:826  [n1,summaries] health alerts detected: {Alerts:[{StoreID:1 Category:METRICS Description:ranges.underreplicated Value:24}]}
I200313 13:42:01.324710 179 server/status/runtime.go:498  [n1] runtime stats: 220 MiB RSS, 177 goroutines, 101 MiB/81 MiB/171 MiB GO alloc/idle/total, 13 MiB/21 MiB CGO alloc/total, 34.6 CGO/sec, 0.4/1.9 %(u/s)time, 0.0 %gc (0x), 26 KiB/12 KiB (r/w)net
