I200313 14:25:24.142682 28 util/log/clog.go:1196  [config] file created at: 2020/03/13 14:25:24
I200313 14:25:24.142682 28 util/log/clog.go:1196  [config] running on machine: 29b1af8e5b79
I200313 14:25:24.142682 28 util/log/clog.go:1196  [config] binary: CockroachDB CCL v19.2.4 (x86_64-unknown-linux-gnu, built 2020/02/06 21:55:19, go1.12.12)
I200313 14:25:24.142682 28 util/log/clog.go:1196  [config] arguments: [/cockroach/cockroach start --insecure]
I200313 14:25:24.142682 28 util/log/clog.go:1196  line format: [IWEF]yymmdd hh:mm:ss.uuuuuu goid file:line msg utf8=✓
I200313 14:25:24.142667 28 storage/engine/rocksdb.go:120  RocksDB version: 6.2.1
I200313 14:25:24.148317 28 storage/engine/rocksdb.go:120  Git sha rocksdb_build_git_sha:@b7009236531fa784872f4823eabf393501e41bf2@
I200313 14:25:24.148336 28 storage/engine/rocksdb.go:120  Compile date Feb  6 2020
I200313 14:25:24.148399 28 storage/engine/rocksdb.go:120  DB SUMMARY
I200313 14:25:24.149814 28 storage/engine/rocksdb.go:120  SST files in /cockroach/cockroach-data/cockroach-temp156841196 dir, Total Num: 0, files: 
I200313 14:25:24.177185 28 storage/engine/rocksdb.go:120  Write Ahead Log file in /cockroach/cockroach-data/cockroach-temp156841196: 
I200313 14:25:24.177204 28 storage/engine/rocksdb.go:120                          Options.error_if_exists: 0
I200313 14:25:24.177236 28 storage/engine/rocksdb.go:120                        Options.create_if_missing: 1
I200313 14:25:24.177335 28 storage/engine/rocksdb.go:120                          Options.paranoid_checks: 1
I200313 14:25:24.177355 28 storage/engine/rocksdb.go:120                                      Options.env: 0x756aca0
I200313 14:25:24.177374 28 storage/engine/rocksdb.go:120                                 Options.info_log: 0x7faea760d160
I200313 14:25:24.177396 28 storage/engine/rocksdb.go:120                 Options.max_file_opening_threads: 16
I200313 14:25:24.177412 28 storage/engine/rocksdb.go:120                               Options.statistics: 0x7faea7634010
I200313 14:25:24.177431 28 storage/engine/rocksdb.go:120                                Options.use_fsync: 0
I200313 14:25:24.177451 28 storage/engine/rocksdb.go:120                        Options.max_log_file_size: 0
I200313 14:25:24.177470 28 storage/engine/rocksdb.go:120                   Options.max_manifest_file_size: 134217728
I200313 14:25:24.177489 28 storage/engine/rocksdb.go:120                    Options.log_file_time_to_roll: 0
I200313 14:25:24.177504 28 storage/engine/rocksdb.go:120                        Options.keep_log_file_num: 1000
I200313 14:25:24.177524 28 storage/engine/rocksdb.go:120                     Options.recycle_log_file_num: 1
I200313 14:25:24.177548 28 storage/engine/rocksdb.go:120                          Options.allow_fallocate: 1
I200313 14:25:24.177568 28 storage/engine/rocksdb.go:120                         Options.allow_mmap_reads: 0
I200313 14:25:24.177587 28 storage/engine/rocksdb.go:120                        Options.allow_mmap_writes: 0
I200313 14:25:24.177687 28 storage/engine/rocksdb.go:120                         Options.use_direct_reads: 0
I200313 14:25:24.177707 28 storage/engine/rocksdb.go:120                         Options.use_direct_io_for_flush_and_compaction: 0
I200313 14:25:24.177726 28 storage/engine/rocksdb.go:120           Options.create_missing_column_families: 0
I200313 14:25:24.177853 28 storage/engine/rocksdb.go:120                               Options.db_log_dir: 
I200313 14:25:24.177888 28 storage/engine/rocksdb.go:120                                  Options.wal_dir: /cockroach/cockroach-data/cockroach-temp156841196
I200313 14:25:24.177926 28 storage/engine/rocksdb.go:120                 Options.table_cache_numshardbits: 6
I200313 14:25:24.177944 28 storage/engine/rocksdb.go:120                       Options.max_subcompactions: 1
I200313 14:25:24.177964 28 storage/engine/rocksdb.go:120                   Options.max_background_flushes: -1
I200313 14:25:24.177987 28 storage/engine/rocksdb.go:120                          Options.WAL_ttl_seconds: 0
I200313 14:25:24.178017 28 storage/engine/rocksdb.go:120                        Options.WAL_size_limit_MB: 0
I200313 14:25:24.178058 28 storage/engine/rocksdb.go:120              Options.manifest_preallocation_size: 4194304
I200313 14:25:24.178097 28 storage/engine/rocksdb.go:120                      Options.is_fd_close_on_exec: 1
I200313 14:25:24.178129 28 storage/engine/rocksdb.go:120                    Options.advise_random_on_open: 1
I200313 14:25:24.178243 28 storage/engine/rocksdb.go:120                     Options.db_write_buffer_size: 0
I200313 14:25:24.178262 28 storage/engine/rocksdb.go:120                     Options.write_buffer_manager: 0x7faea761f060
I200313 14:25:24.178281 28 storage/engine/rocksdb.go:120          Options.access_hint_on_compaction_start: 1
I200313 14:25:24.178323 28 storage/engine/rocksdb.go:120   Options.new_table_reader_for_compaction_inputs: 0
I200313 14:25:24.178352 28 storage/engine/rocksdb.go:120            Options.random_access_max_buffer_size: 1048576
I200313 14:25:24.178384 28 storage/engine/rocksdb.go:120                       Options.use_adaptive_mutex: 0
I200313 14:25:24.178422 28 storage/engine/rocksdb.go:120                             Options.rate_limiter: (nil)
I200313 14:25:24.178441 28 storage/engine/rocksdb.go:120      Options.sst_file_manager.rate_bytes_per_sec: 0
I200313 14:25:24.178492 28 storage/engine/rocksdb.go:120                        Options.wal_recovery_mode: 0
I200313 14:25:24.178524 28 storage/engine/rocksdb.go:120                   Options.enable_thread_tracking: 0
I200313 14:25:24.178561 28 storage/engine/rocksdb.go:120                   Options.enable_pipelined_write: 0
I200313 14:25:24.178577 28 storage/engine/rocksdb.go:120          Options.allow_concurrent_memtable_write: 1
I200313 14:25:24.178596 28 storage/engine/rocksdb.go:120       Options.enable_write_thread_adaptive_yield: 1
I200313 14:25:24.178615 28 storage/engine/rocksdb.go:120              Options.write_thread_max_yield_usec: 100
I200313 14:25:24.178628 28 storage/engine/rocksdb.go:120             Options.write_thread_slow_yield_usec: 3
I200313 14:25:24.178646 28 storage/engine/rocksdb.go:120                                Options.row_cache: None
I200313 14:25:24.178665 28 storage/engine/rocksdb.go:120                               Options.wal_filter: None
I200313 14:25:24.178681 28 storage/engine/rocksdb.go:120              Options.avoid_flush_during_recovery: 0
I200313 14:25:24.178699 28 storage/engine/rocksdb.go:120              Options.allow_ingest_behind: 0
I200313 14:25:24.178739 28 storage/engine/rocksdb.go:120              Options.preserve_deletes: 0
I200313 14:25:24.178772 28 storage/engine/rocksdb.go:120              Options.two_write_queues: 0
I200313 14:25:24.178793 28 storage/engine/rocksdb.go:120              Options.manual_wal_flush: 1
I200313 14:25:24.178900 28 storage/engine/rocksdb.go:120              Options.atomic_flush: 0
I200313 14:25:24.178923 28 storage/engine/rocksdb.go:120              Options.avoid_unnecessary_blocking_io: 0
I200313 14:25:24.178945 28 storage/engine/rocksdb.go:120              Options.max_background_jobs: 4
I200313 14:25:24.179059 28 storage/engine/rocksdb.go:120              Options.max_background_compactions: -1
I200313 14:25:24.179080 28 storage/engine/rocksdb.go:120              Options.avoid_flush_during_shutdown: 0
I200313 14:25:24.179103 28 storage/engine/rocksdb.go:120            Options.writable_file_max_buffer_size: 1048576
I200313 14:25:24.179127 28 storage/engine/rocksdb.go:120              Options.delayed_write_rate : 16777216
I200313 14:25:24.179144 28 storage/engine/rocksdb.go:120              Options.max_total_wal_size: 0
I200313 14:25:24.179163 28 storage/engine/rocksdb.go:120              Options.delete_obsolete_files_period_micros: 21600000000
I200313 14:25:24.179186 28 storage/engine/rocksdb.go:120                    Options.stats_dump_period_sec: 0
I200313 14:25:24.179204 28 storage/engine/rocksdb.go:120                  Options.stats_persist_period_sec: 600
I200313 14:25:24.179223 28 storage/engine/rocksdb.go:120                  Options.stats_history_buffer_size: 1048576
I200313 14:25:24.179243 28 storage/engine/rocksdb.go:120                           Options.max_open_files: 128
I200313 14:25:24.179261 28 storage/engine/rocksdb.go:120                           Options.bytes_per_sync: 524288
I200313 14:25:24.179287 28 storage/engine/rocksdb.go:120                       Options.wal_bytes_per_sync: 0
I200313 14:25:24.179308 28 storage/engine/rocksdb.go:120                    Options.strict_bytes_per_sync: 1
I200313 14:25:24.179327 28 storage/engine/rocksdb.go:120        Options.compaction_readahead_size: 0
I200313 14:25:24.179348 28 storage/engine/rocksdb.go:120  Compression algorithms supported:
I200313 14:25:24.179450 28 storage/engine/rocksdb.go:120  	kZSTDNotFinalCompression supported: 0
I200313 14:25:24.179471 28 storage/engine/rocksdb.go:120  	kZSTD supported: 0
I200313 14:25:24.179491 28 storage/engine/rocksdb.go:120  	kXpressCompression supported: 0
I200313 14:25:24.179515 28 storage/engine/rocksdb.go:120  	kLZ4HCCompression supported: 0
I200313 14:25:24.179535 28 storage/engine/rocksdb.go:120  	kLZ4Compression supported: 0
I200313 14:25:24.179649 28 storage/engine/rocksdb.go:120  	kBZip2Compression supported: 0
I200313 14:25:24.179796 28 storage/engine/rocksdb.go:120  	kZlibCompression supported: 0
I200313 14:25:24.179816 28 storage/engine/rocksdb.go:120  	kSnappyCompression supported: 1
I200313 14:25:24.179860 28 storage/engine/rocksdb.go:120  Fast CRC32 supported: Supported on x86
I200313 14:25:24.184138 28 storage/engine/rocksdb.go:120  [db/db_impl_open.cc:242] Creating manifest 1 
I200313 14:25:24.216677 28 storage/engine/rocksdb.go:120  [db/version_set.cc:4072] Recovering from manifest file: /cockroach/cockroach-data/cockroach-temp156841196/MANIFEST-000001
I200313 14:25:24.221425 28 storage/engine/rocksdb.go:120  [db/column_family.cc:488] --------------- Options for column family [default]:
I200313 14:25:24.221467 28 storage/engine/rocksdb.go:120                Options.comparator: cockroach_comparator
I200313 14:25:24.221515 28 storage/engine/rocksdb.go:120            Options.merge_operator: cockroach_merge_operator
I200313 14:25:24.221552 28 storage/engine/rocksdb.go:120         Options.compaction_filter: None
I200313 14:25:24.221604 28 storage/engine/rocksdb.go:120         Options.compaction_filter_factory: None
I200313 14:25:24.221629 28 storage/engine/rocksdb.go:120          Options.memtable_factory: SkipListFactory
I200313 14:25:24.221663 28 storage/engine/rocksdb.go:120             Options.table_factory: BlockBasedTable
I200313 14:25:24.221735 28 storage/engine/rocksdb.go:120             table_factory options:   flush_block_policy_factory: FlushBlockBySizePolicyFactory (0x7faea762d030)
  cache_index_and_filter_blocks: 0
  cache_index_and_filter_blocks_with_high_priority: 0
  pin_l0_filter_and_index_blocks_in_cache: 0
  pin_top_level_index_and_filter: 1
  index_type: 0
  data_block_index_type: 0
  index_shortening: 1
  data_block_hash_table_util_ratio: 0.750000
  hash_index_allow_collision: 1
  checksum: 1
  no_block_cache: 0
  block_cache: 0x7faea7622010
  block_cache_name: LRUCache
  block_cache_options:
    capacity : 1048576
    num_shard_bits : 4
    strict_capacity_limit : 0
    memory_allocator : None
    high_pri_pool_ratio: 0.000
  block_cache_compressed: (nil)
  persistent_cache: (nil)
  block_size: 32768
  block_size_deviation: 10
  block_restart_interval: 16
  index_block_restart_interval: 1
  metadata_block_size: 4096
  partition_filters: 0
  use_delta_encoding: 1
  filter_policy: rocksdb.BuiltinBloomFilter
  whole_key_filtering: 0
  verify_compression: 0
  read_amp_bytes_per_bit: 0
  format_version: 2
  enable_index_compression: 1
  block_align: 0
I200313 14:25:24.221773 28 storage/engine/rocksdb.go:120         Options.write_buffer_size: 67108864
I200313 14:25:24.221807 28 storage/engine/rocksdb.go:120   Options.max_write_buffer_number: 4
I200313 14:25:24.221842 28 storage/engine/rocksdb.go:120           Options.compression: Snappy
I200313 14:25:24.221876 28 storage/engine/rocksdb.go:120                   Options.bottommost_compression: Disabled
I200313 14:25:24.221910 28 storage/engine/rocksdb.go:120        Options.prefix_extractor: cockroach_prefix_extractor
I200313 14:25:24.221944 28 storage/engine/rocksdb.go:120    Options.memtable_insert_with_hint_prefix_extractor: nullptr
I200313 14:25:24.221975 28 storage/engine/rocksdb.go:120              Options.num_levels: 7
I200313 14:25:24.222010 28 storage/engine/rocksdb.go:120         Options.min_write_buffer_number_to_merge: 1
I200313 14:25:24.222034 28 storage/engine/rocksdb.go:120      Options.max_write_buffer_number_to_maintain: 0
I200313 14:25:24.222175 28 storage/engine/rocksdb.go:120             Options.bottommost_compression_opts.window_bits: -14
I200313 14:25:24.222217 28 storage/engine/rocksdb.go:120                   Options.bottommost_compression_opts.level: 32767
I200313 14:25:24.222251 28 storage/engine/rocksdb.go:120                Options.bottommost_compression_opts.strategy: 0
I200313 14:25:24.222280 28 storage/engine/rocksdb.go:120          Options.bottommost_compression_opts.max_dict_bytes: 0
I200313 14:25:24.222316 28 storage/engine/rocksdb.go:120          Options.bottommost_compression_opts.zstd_max_train_bytes: 0
I200313 14:25:24.222351 28 storage/engine/rocksdb.go:120                   Options.bottommost_compression_opts.enabled: false
I200313 14:25:24.222386 28 storage/engine/rocksdb.go:120             Options.compression_opts.window_bits: -14
I200313 14:25:24.222410 28 storage/engine/rocksdb.go:120                   Options.compression_opts.level: 32767
I200313 14:25:24.222437 28 storage/engine/rocksdb.go:120                Options.compression_opts.strategy: 0
I200313 14:25:24.222470 28 storage/engine/rocksdb.go:120          Options.compression_opts.max_dict_bytes: 0
I200313 14:25:24.222504 28 storage/engine/rocksdb.go:120          Options.compression_opts.zstd_max_train_bytes: 0
I200313 14:25:24.222540 28 storage/engine/rocksdb.go:120                   Options.compression_opts.enabled: false
I200313 14:25:24.222573 28 storage/engine/rocksdb.go:120       Options.level0_file_num_compaction_trigger: 2
I200313 14:25:24.222608 28 storage/engine/rocksdb.go:120           Options.level0_slowdown_writes_trigger: 950
I200313 14:25:24.222642 28 storage/engine/rocksdb.go:120               Options.level0_stop_writes_trigger: 1000
I200313 14:25:24.222677 28 storage/engine/rocksdb.go:120                    Options.target_file_size_base: 4194304
I200313 14:25:24.222703 28 storage/engine/rocksdb.go:120              Options.target_file_size_multiplier: 2
I200313 14:25:24.222727 28 storage/engine/rocksdb.go:120                 Options.max_bytes_for_level_base: 67108864
I200313 14:25:24.222758 28 storage/engine/rocksdb.go:120  Options.level_compaction_dynamic_level_bytes: 1
I200313 14:25:24.222794 28 storage/engine/rocksdb.go:120           Options.max_bytes_for_level_multiplier: 10.000000
I200313 14:25:24.222829 28 storage/engine/rocksdb.go:120  Options.max_bytes_for_level_multiplier_addtl[0]: 1
I200313 14:25:24.222869 28 storage/engine/rocksdb.go:120  Options.max_bytes_for_level_multiplier_addtl[1]: 1
I200313 14:25:24.222902 28 storage/engine/rocksdb.go:120  Options.max_bytes_for_level_multiplier_addtl[2]: 1
I200313 14:25:24.222936 28 storage/engine/rocksdb.go:120  Options.max_bytes_for_level_multiplier_addtl[3]: 1
I200313 14:25:24.222970 28 storage/engine/rocksdb.go:120  Options.max_bytes_for_level_multiplier_addtl[4]: 1
I200313 14:25:24.223005 28 storage/engine/rocksdb.go:120  Options.max_bytes_for_level_multiplier_addtl[5]: 1
I200313 14:25:24.223039 28 storage/engine/rocksdb.go:120  Options.max_bytes_for_level_multiplier_addtl[6]: 1
I200313 14:25:24.223066 28 storage/engine/rocksdb.go:120        Options.max_sequential_skip_in_iterations: 8
I200313 14:25:24.223101 28 storage/engine/rocksdb.go:120                     Options.max_compaction_bytes: 104857600
I200313 14:25:24.223124 28 storage/engine/rocksdb.go:120                         Options.arena_block_size: 8388608
I200313 14:25:24.223151 28 storage/engine/rocksdb.go:120    Options.soft_pending_compaction_bytes_limit: 2199023255552
I200313 14:25:24.223184 28 storage/engine/rocksdb.go:120    Options.hard_pending_compaction_bytes_limit: 4400193994752
I200313 14:25:24.223219 28 storage/engine/rocksdb.go:120        Options.rate_limit_delay_max_milliseconds: 100
I200313 14:25:24.223254 28 storage/engine/rocksdb.go:120                 Options.disable_auto_compactions: 0
I200313 14:25:24.223291 28 storage/engine/rocksdb.go:120                         Options.compaction_style: kCompactionStyleLevel
I200313 14:25:24.223326 28 storage/engine/rocksdb.go:120                           Options.compaction_pri: kMinOverlappingRatio
I200313 14:25:24.223360 28 storage/engine/rocksdb.go:120  Options.compaction_options_universal.size_ratio: 1
I200313 14:25:24.223395 28 storage/engine/rocksdb.go:120  Options.compaction_options_universal.min_merge_width: 2
I200313 14:25:24.223421 28 storage/engine/rocksdb.go:120  Options.compaction_options_universal.max_merge_width: 4294967295
I200313 14:25:24.223455 28 storage/engine/rocksdb.go:120  Options.compaction_options_universal.max_size_amplification_percent: 200
I200313 14:25:24.223489 28 storage/engine/rocksdb.go:120  Options.compaction_options_universal.compression_size_percent: -1
I200313 14:25:24.223517 28 storage/engine/rocksdb.go:120  Options.compaction_options_universal.stop_style: kCompactionStopStyleTotalSize
I200313 14:25:24.223552 28 storage/engine/rocksdb.go:120  Options.compaction_options_fifo.max_table_files_size: 1073741824
I200313 14:25:24.223586 28 storage/engine/rocksdb.go:120  Options.compaction_options_fifo.allow_compaction: 0
I200313 14:25:24.223618 28 storage/engine/rocksdb.go:120                    Options.table_properties_collectors: TimeBoundTblPropCollectorFactory; DeleteRangeTblPropCollectorFactory; 
I200313 14:25:24.223654 28 storage/engine/rocksdb.go:120                    Options.inplace_update_support: 0
I200313 14:25:24.223688 28 storage/engine/rocksdb.go:120                  Options.inplace_update_num_locks: 10000
I200313 14:25:24.223724 28 storage/engine/rocksdb.go:120                Options.memtable_prefix_bloom_size_ratio: 0.000000
I200313 14:25:24.223759 28 storage/engine/rocksdb.go:120                Options.memtable_whole_key_filtering: 0
I200313 14:25:24.223796 28 storage/engine/rocksdb.go:120    Options.memtable_huge_page_size: 0
I200313 14:25:24.223830 28 storage/engine/rocksdb.go:120                            Options.bloom_locality: 0
I200313 14:25:24.223865 28 storage/engine/rocksdb.go:120                     Options.max_successive_merges: 0
I200313 14:25:24.223899 28 storage/engine/rocksdb.go:120                 Options.optimize_filters_for_hits: 1
I200313 14:25:24.223934 28 storage/engine/rocksdb.go:120                 Options.paranoid_file_checks: 0
I200313 14:25:24.223981 28 storage/engine/rocksdb.go:120                 Options.force_consistency_checks: 0
I200313 14:25:24.224024 28 storage/engine/rocksdb.go:120                 Options.report_bg_io_stats: 0
I200313 14:25:24.224055 28 storage/engine/rocksdb.go:120                                Options.ttl: 0
I200313 14:25:24.224084 28 storage/engine/rocksdb.go:120           Options.periodic_compaction_seconds: 0
I200313 14:25:24.229422 28 storage/engine/rocksdb.go:120  [db/version_set.cc:4286] Recovered from manifest file:/cockroach/cockroach-data/cockroach-temp156841196/MANIFEST-000001 succeeded,manifest_file_number is 1, next_file_number is 3, last_sequence is 0, log_number is 0,prev_log_number is 0,max_column_family is 0,min_log_number_to_keep is 0
I200313 14:25:24.229454 28 storage/engine/rocksdb.go:120  [db/version_set.cc:4295] Column family [default] (ID 0), log number is 0
I200313 14:25:24.253112 28 storage/engine/rocksdb.go:120  DB pointer 0x7faea76a1000
I200313 14:25:24.277398 28 storage/engine/rocksdb.go:120  RocksDB version: 6.2.1
I200313 14:25:24.277426 28 storage/engine/rocksdb.go:120  Git sha rocksdb_build_git_sha:@b7009236531fa784872f4823eabf393501e41bf2@
I200313 14:25:24.277450 28 storage/engine/rocksdb.go:120  Compile date Feb  6 2020
I200313 14:25:24.277479 28 storage/engine/rocksdb.go:120  DB SUMMARY
I200313 14:25:24.280742 28 storage/engine/rocksdb.go:120  CURRENT file:  CURRENT
I200313 14:25:24.280772 28 storage/engine/rocksdb.go:120  IDENTITY file:  IDENTITY
I200313 14:25:24.281598 28 storage/engine/rocksdb.go:120  MANIFEST file:  MANIFEST-000041 size: 343 Bytes
I200313 14:25:24.281636 28 storage/engine/rocksdb.go:120  SST files in /cockroach/cockroach-data dir, Total Num: 1, files: 000045.sst 
I200313 14:25:24.281659 28 storage/engine/rocksdb.go:120  Write Ahead Log file in /cockroach/cockroach-data: 000042.log size: 886991 ; 
I200313 14:25:24.281689 28 storage/engine/rocksdb.go:120                          Options.error_if_exists: 0
I200313 14:25:24.281709 28 storage/engine/rocksdb.go:120                        Options.create_if_missing: 1
I200313 14:25:24.281729 28 storage/engine/rocksdb.go:120                          Options.paranoid_checks: 1
I200313 14:25:24.281748 28 storage/engine/rocksdb.go:120                                      Options.env: 0x756aca0
I200313 14:25:24.281766 28 storage/engine/rocksdb.go:120                                 Options.info_log: 0x7faea0a19080
I200313 14:25:24.281804 28 storage/engine/rocksdb.go:120                 Options.max_file_opening_threads: 16
I200313 14:25:24.281825 28 storage/engine/rocksdb.go:120                               Options.statistics: 0x7faea0a1f010
I200313 14:25:24.281844 28 storage/engine/rocksdb.go:120                                Options.use_fsync: 0
I200313 14:25:24.281862 28 storage/engine/rocksdb.go:120                        Options.max_log_file_size: 0
I200313 14:25:24.281881 28 storage/engine/rocksdb.go:120                   Options.max_manifest_file_size: 134217728
I200313 14:25:24.281900 28 storage/engine/rocksdb.go:120                    Options.log_file_time_to_roll: 0
I200313 14:25:24.281919 28 storage/engine/rocksdb.go:120                        Options.keep_log_file_num: 1000
I200313 14:25:24.281939 28 storage/engine/rocksdb.go:120                     Options.recycle_log_file_num: 1
I200313 14:25:24.281958 28 storage/engine/rocksdb.go:120                          Options.allow_fallocate: 1
I200313 14:25:24.281977 28 storage/engine/rocksdb.go:120                         Options.allow_mmap_reads: 0
I200313 14:25:24.281998 28 storage/engine/rocksdb.go:120                        Options.allow_mmap_writes: 0
I200313 14:25:24.282017 28 storage/engine/rocksdb.go:120                         Options.use_direct_reads: 0
I200313 14:25:24.282036 28 storage/engine/rocksdb.go:120                         Options.use_direct_io_for_flush_and_compaction: 0
I200313 14:25:24.282061 28 storage/engine/rocksdb.go:120           Options.create_missing_column_families: 0
I200313 14:25:24.282081 28 storage/engine/rocksdb.go:120                               Options.db_log_dir: 
I200313 14:25:24.282099 28 storage/engine/rocksdb.go:120                                  Options.wal_dir: /cockroach/cockroach-data
I200313 14:25:24.282118 28 storage/engine/rocksdb.go:120                 Options.table_cache_numshardbits: 6
I200313 14:25:24.282137 28 storage/engine/rocksdb.go:120                       Options.max_subcompactions: 1
I200313 14:25:24.282162 28 storage/engine/rocksdb.go:120                   Options.max_background_flushes: -1
I200313 14:25:24.282177 28 storage/engine/rocksdb.go:120                          Options.WAL_ttl_seconds: 0
I200313 14:25:24.282196 28 storage/engine/rocksdb.go:120                        Options.WAL_size_limit_MB: 0
I200313 14:25:24.282214 28 storage/engine/rocksdb.go:120              Options.manifest_preallocation_size: 4194304
I200313 14:25:24.282235 28 storage/engine/rocksdb.go:120                      Options.is_fd_close_on_exec: 1
I200313 14:25:24.282260 28 storage/engine/rocksdb.go:120                    Options.advise_random_on_open: 1
I200313 14:25:24.282279 28 storage/engine/rocksdb.go:120                     Options.db_write_buffer_size: 0
I200313 14:25:24.282298 28 storage/engine/rocksdb.go:120                     Options.write_buffer_manager: 0x7faea0a87030
I200313 14:25:24.282317 28 storage/engine/rocksdb.go:120          Options.access_hint_on_compaction_start: 1
I200313 14:25:24.282337 28 storage/engine/rocksdb.go:120   Options.new_table_reader_for_compaction_inputs: 0
I200313 14:25:24.282356 28 storage/engine/rocksdb.go:120            Options.random_access_max_buffer_size: 1048576
I200313 14:25:24.282372 28 storage/engine/rocksdb.go:120                       Options.use_adaptive_mutex: 0
I200313 14:25:24.282391 28 storage/engine/rocksdb.go:120                             Options.rate_limiter: (nil)
I200313 14:25:24.282412 28 storage/engine/rocksdb.go:120      Options.sst_file_manager.rate_bytes_per_sec: 0
I200313 14:25:24.282432 28 storage/engine/rocksdb.go:120                        Options.wal_recovery_mode: 0
I200313 14:25:24.282452 28 storage/engine/rocksdb.go:120                   Options.enable_thread_tracking: 0
I200313 14:25:24.282470 28 storage/engine/rocksdb.go:120                   Options.enable_pipelined_write: 0
I200313 14:25:24.282489 28 storage/engine/rocksdb.go:120          Options.allow_concurrent_memtable_write: 1
I200313 14:25:24.282508 28 storage/engine/rocksdb.go:120       Options.enable_write_thread_adaptive_yield: 1
I200313 14:25:24.282528 28 storage/engine/rocksdb.go:120              Options.write_thread_max_yield_usec: 100
I200313 14:25:24.282547 28 storage/engine/rocksdb.go:120             Options.write_thread_slow_yield_usec: 3
I200313 14:25:24.282565 28 storage/engine/rocksdb.go:120                                Options.row_cache: None
I200313 14:25:24.282584 28 storage/engine/rocksdb.go:120                               Options.wal_filter: None
I200313 14:25:24.282604 28 storage/engine/rocksdb.go:120              Options.avoid_flush_during_recovery: 0
I200313 14:25:24.282622 28 storage/engine/rocksdb.go:120              Options.allow_ingest_behind: 0
I200313 14:25:24.282642 28 storage/engine/rocksdb.go:120              Options.preserve_deletes: 0
I200313 14:25:24.282661 28 storage/engine/rocksdb.go:120              Options.two_write_queues: 0
I200313 14:25:24.282680 28 storage/engine/rocksdb.go:120              Options.manual_wal_flush: 1
I200313 14:25:24.282701 28 storage/engine/rocksdb.go:120              Options.atomic_flush: 0
I200313 14:25:24.282726 28 storage/engine/rocksdb.go:120              Options.avoid_unnecessary_blocking_io: 0
I200313 14:25:24.282748 28 storage/engine/rocksdb.go:120              Options.max_background_jobs: 4
I200313 14:25:24.282767 28 storage/engine/rocksdb.go:120              Options.max_background_compactions: -1
I200313 14:25:24.282786 28 storage/engine/rocksdb.go:120              Options.avoid_flush_during_shutdown: 0
I200313 14:25:24.282819 28 storage/engine/rocksdb.go:120            Options.writable_file_max_buffer_size: 1048576
I200313 14:25:24.282838 28 storage/engine/rocksdb.go:120              Options.delayed_write_rate : 16777216
I200313 14:25:24.282858 28 storage/engine/rocksdb.go:120              Options.max_total_wal_size: 0
I200313 14:25:24.282877 28 storage/engine/rocksdb.go:120              Options.delete_obsolete_files_period_micros: 21600000000
I200313 14:25:24.282895 28 storage/engine/rocksdb.go:120                    Options.stats_dump_period_sec: 0
I200313 14:25:24.282915 28 storage/engine/rocksdb.go:120                  Options.stats_persist_period_sec: 600
I200313 14:25:24.282935 28 storage/engine/rocksdb.go:120                  Options.stats_history_buffer_size: 1048576
I200313 14:25:24.282949 28 storage/engine/rocksdb.go:120                           Options.max_open_files: 1043576
I200313 14:25:24.282968 28 storage/engine/rocksdb.go:120                           Options.bytes_per_sync: 524288
I200313 14:25:24.282987 28 storage/engine/rocksdb.go:120                       Options.wal_bytes_per_sync: 0
I200313 14:25:24.283004 28 storage/engine/rocksdb.go:120                    Options.strict_bytes_per_sync: 1
I200313 14:25:24.283026 28 storage/engine/rocksdb.go:120        Options.compaction_readahead_size: 0
I200313 14:25:24.283053 28 storage/engine/rocksdb.go:120  Compression algorithms supported:
I200313 14:25:24.283073 28 storage/engine/rocksdb.go:120  	kZSTDNotFinalCompression supported: 0
I200313 14:25:24.283093 28 storage/engine/rocksdb.go:120  	kZSTD supported: 0
I200313 14:25:24.283112 28 storage/engine/rocksdb.go:120  	kXpressCompression supported: 0
I200313 14:25:24.283131 28 storage/engine/rocksdb.go:120  	kLZ4HCCompression supported: 0
I200313 14:25:24.283150 28 storage/engine/rocksdb.go:120  	kLZ4Compression supported: 0
I200313 14:25:24.283169 28 storage/engine/rocksdb.go:120  	kBZip2Compression supported: 0
I200313 14:25:24.283189 28 storage/engine/rocksdb.go:120  	kZlibCompression supported: 0
I200313 14:25:24.283209 28 storage/engine/rocksdb.go:120  	kSnappyCompression supported: 1
I200313 14:25:24.283236 28 storage/engine/rocksdb.go:120  Fast CRC32 supported: Supported on x86
I200313 14:25:24.291199 28 storage/engine/rocksdb.go:120  [db/version_set.cc:4072] Recovering from manifest file: /cockroach/cockroach-data/MANIFEST-000041
I200313 14:25:24.292179 28 storage/engine/rocksdb.go:120  [db/column_family.cc:488] --------------- Options for column family [default]:
I200313 14:25:24.292201 28 storage/engine/rocksdb.go:120                Options.comparator: cockroach_comparator
I200313 14:25:24.292225 28 storage/engine/rocksdb.go:120            Options.merge_operator: cockroach_merge_operator
I200313 14:25:24.292244 28 storage/engine/rocksdb.go:120         Options.compaction_filter: None
I200313 14:25:24.292263 28 storage/engine/rocksdb.go:120         Options.compaction_filter_factory: None
I200313 14:25:24.292283 28 storage/engine/rocksdb.go:120          Options.memtable_factory: SkipListFactory
I200313 14:25:24.292307 28 storage/engine/rocksdb.go:120             Options.table_factory: BlockBasedTable
I200313 14:25:24.292353 28 storage/engine/rocksdb.go:120             table_factory options:   flush_block_policy_factory: FlushBlockBySizePolicyFactory (0x7faea0a1d028)
  cache_index_and_filter_blocks: 0
  cache_index_and_filter_blocks_with_high_priority: 0
  pin_l0_filter_and_index_blocks_in_cache: 0
  pin_top_level_index_and_filter: 1
  index_type: 0
  data_block_index_type: 0
  index_shortening: 1
  data_block_hash_table_util_ratio: 0.750000
  hash_index_allow_collision: 1
  checksum: 1
  no_block_cache: 0
  block_cache: 0x7faea0a0e010
  block_cache_name: LRUCache
  block_cache_options:
    capacity : 67108864
    num_shard_bits : 4
    strict_capacity_limit : 0
    memory_allocator : None
    high_pri_pool_ratio: 0.000
  block_cache_compressed: (nil)
  persistent_cache: (nil)
  block_size: 32768
  block_size_deviation: 10
  block_restart_interval: 16
  index_block_restart_interval: 1
  metadata_block_size: 4096
  partition_filters: 0
  use_delta_encoding: 1
  filter_policy: rocksdb.BuiltinBloomFilter
  whole_key_filtering: 0
  verify_compression: 0
  read_amp_bytes_per_bit: 0
  format_version: 2
  enable_index_compression: 1
  block_align: 0
I200313 14:25:24.292375 28 storage/engine/rocksdb.go:120         Options.write_buffer_size: 67108864
I200313 14:25:24.292396 28 storage/engine/rocksdb.go:120   Options.max_write_buffer_number: 4
I200313 14:25:24.292415 28 storage/engine/rocksdb.go:120           Options.compression: Snappy
I200313 14:25:24.292434 28 storage/engine/rocksdb.go:120                   Options.bottommost_compression: Disabled
I200313 14:25:24.292453 28 storage/engine/rocksdb.go:120        Options.prefix_extractor: cockroach_prefix_extractor
I200313 14:25:24.292472 28 storage/engine/rocksdb.go:120    Options.memtable_insert_with_hint_prefix_extractor: nullptr
I200313 14:25:24.292498 28 storage/engine/rocksdb.go:120              Options.num_levels: 7
I200313 14:25:24.292517 28 storage/engine/rocksdb.go:120         Options.min_write_buffer_number_to_merge: 1
I200313 14:25:24.292536 28 storage/engine/rocksdb.go:120      Options.max_write_buffer_number_to_maintain: 0
I200313 14:25:24.292554 28 storage/engine/rocksdb.go:120             Options.bottommost_compression_opts.window_bits: -14
I200313 14:25:24.292573 28 storage/engine/rocksdb.go:120                   Options.bottommost_compression_opts.level: 32767
I200313 14:25:24.292592 28 storage/engine/rocksdb.go:120                Options.bottommost_compression_opts.strategy: 0
I200313 14:25:24.292610 28 storage/engine/rocksdb.go:120          Options.bottommost_compression_opts.max_dict_bytes: 0
I200313 14:25:24.292629 28 storage/engine/rocksdb.go:120          Options.bottommost_compression_opts.zstd_max_train_bytes: 0
I200313 14:25:24.292648 28 storage/engine/rocksdb.go:120                   Options.bottommost_compression_opts.enabled: false
I200313 14:25:24.292667 28 storage/engine/rocksdb.go:120             Options.compression_opts.window_bits: -14
I200313 14:25:24.292686 28 storage/engine/rocksdb.go:120                   Options.compression_opts.level: 32767
I200313 14:25:24.292704 28 storage/engine/rocksdb.go:120                Options.compression_opts.strategy: 0
I200313 14:25:24.292723 28 storage/engine/rocksdb.go:120          Options.compression_opts.max_dict_bytes: 0
I200313 14:25:24.292742 28 storage/engine/rocksdb.go:120          Options.compression_opts.zstd_max_train_bytes: 0
I200313 14:25:24.292761 28 storage/engine/rocksdb.go:120                   Options.compression_opts.enabled: false
I200313 14:25:24.292787 28 storage/engine/rocksdb.go:120       Options.level0_file_num_compaction_trigger: 2
I200313 14:25:24.292805 28 storage/engine/rocksdb.go:120           Options.level0_slowdown_writes_trigger: 950
I200313 14:25:24.292824 28 storage/engine/rocksdb.go:120               Options.level0_stop_writes_trigger: 1000
I200313 14:25:24.292843 28 storage/engine/rocksdb.go:120                    Options.target_file_size_base: 4194304
I200313 14:25:24.292862 28 storage/engine/rocksdb.go:120              Options.target_file_size_multiplier: 2
I200313 14:25:24.292881 28 storage/engine/rocksdb.go:120                 Options.max_bytes_for_level_base: 67108864
I200313 14:25:24.292900 28 storage/engine/rocksdb.go:120  Options.level_compaction_dynamic_level_bytes: 1
I200313 14:25:24.292920 28 storage/engine/rocksdb.go:120           Options.max_bytes_for_level_multiplier: 10.000000
I200313 14:25:24.292939 28 storage/engine/rocksdb.go:120  Options.max_bytes_for_level_multiplier_addtl[0]: 1
I200313 14:25:24.292958 28 storage/engine/rocksdb.go:120  Options.max_bytes_for_level_multiplier_addtl[1]: 1
I200313 14:25:24.292976 28 storage/engine/rocksdb.go:120  Options.max_bytes_for_level_multiplier_addtl[2]: 1
I200313 14:25:24.292995 28 storage/engine/rocksdb.go:120  Options.max_bytes_for_level_multiplier_addtl[3]: 1
I200313 14:25:24.293014 28 storage/engine/rocksdb.go:120  Options.max_bytes_for_level_multiplier_addtl[4]: 1
I200313 14:25:24.293033 28 storage/engine/rocksdb.go:120  Options.max_bytes_for_level_multiplier_addtl[5]: 1
I200313 14:25:24.293059 28 storage/engine/rocksdb.go:120  Options.max_bytes_for_level_multiplier_addtl[6]: 1
I200313 14:25:24.293078 28 storage/engine/rocksdb.go:120        Options.max_sequential_skip_in_iterations: 8
I200313 14:25:24.293097 28 storage/engine/rocksdb.go:120                     Options.max_compaction_bytes: 104857600
I200313 14:25:24.293116 28 storage/engine/rocksdb.go:120                         Options.arena_block_size: 8388608
I200313 14:25:24.293134 28 storage/engine/rocksdb.go:120    Options.soft_pending_compaction_bytes_limit: 2199023255552
I200313 14:25:24.293153 28 storage/engine/rocksdb.go:120    Options.hard_pending_compaction_bytes_limit: 4400193994752
I200313 14:25:24.293173 28 storage/engine/rocksdb.go:120        Options.rate_limit_delay_max_milliseconds: 100
I200313 14:25:24.293191 28 storage/engine/rocksdb.go:120                 Options.disable_auto_compactions: 0
I200313 14:25:24.293212 28 storage/engine/rocksdb.go:120                         Options.compaction_style: kCompactionStyleLevel
I200313 14:25:24.293234 28 storage/engine/rocksdb.go:120                           Options.compaction_pri: kMinOverlappingRatio
I200313 14:25:24.293253 28 storage/engine/rocksdb.go:120  Options.compaction_options_universal.size_ratio: 1
I200313 14:25:24.293271 28 storage/engine/rocksdb.go:120  Options.compaction_options_universal.min_merge_width: 2
I200313 14:25:24.293290 28 storage/engine/rocksdb.go:120  Options.compaction_options_universal.max_merge_width: 4294967295
I200313 14:25:24.293309 28 storage/engine/rocksdb.go:120  Options.compaction_options_universal.max_size_amplification_percent: 200
I200313 14:25:24.293331 28 storage/engine/rocksdb.go:120  Options.compaction_options_universal.compression_size_percent: -1
I200313 14:25:24.293351 28 storage/engine/rocksdb.go:120  Options.compaction_options_universal.stop_style: kCompactionStopStyleTotalSize
I200313 14:25:24.293398 28 storage/engine/rocksdb.go:120  Options.compaction_options_fifo.max_table_files_size: 1073741824
I200313 14:25:24.293419 28 storage/engine/rocksdb.go:120  Options.compaction_options_fifo.allow_compaction: 0
I200313 14:25:24.293441 28 storage/engine/rocksdb.go:120                    Options.table_properties_collectors: TimeBoundTblPropCollectorFactory; DeleteRangeTblPropCollectorFactory; 
I200313 14:25:24.293463 28 storage/engine/rocksdb.go:120                    Options.inplace_update_support: 0
I200313 14:25:24.293482 28 storage/engine/rocksdb.go:120                  Options.inplace_update_num_locks: 10000
I200313 14:25:24.293502 28 storage/engine/rocksdb.go:120                Options.memtable_prefix_bloom_size_ratio: 0.000000
I200313 14:25:24.293522 28 storage/engine/rocksdb.go:120                Options.memtable_whole_key_filtering: 0
I200313 14:25:24.293541 28 storage/engine/rocksdb.go:120    Options.memtable_huge_page_size: 0
I200313 14:25:24.293559 28 storage/engine/rocksdb.go:120                            Options.bloom_locality: 0
I200313 14:25:24.293578 28 storage/engine/rocksdb.go:120                     Options.max_successive_merges: 0
I200313 14:25:24.293597 28 storage/engine/rocksdb.go:120                 Options.optimize_filters_for_hits: 1
I200313 14:25:24.293616 28 storage/engine/rocksdb.go:120                 Options.paranoid_file_checks: 0
I200313 14:25:24.293634 28 storage/engine/rocksdb.go:120                 Options.force_consistency_checks: 0
I200313 14:25:24.293653 28 storage/engine/rocksdb.go:120                 Options.report_bg_io_stats: 0
I200313 14:25:24.293672 28 storage/engine/rocksdb.go:120                                Options.ttl: 0
I200313 14:25:24.293691 28 storage/engine/rocksdb.go:120           Options.periodic_compaction_seconds: 0
I200313 14:25:24.297565 28 storage/engine/rocksdb.go:120  [db/version_set.cc:3086] More existing levels in DB than needed. max_bytes_for_level_multiplier may not be guaranteed.
I200313 14:25:24.297595 28 storage/engine/rocksdb.go:120  [db/version_set.cc:4286] Recovered from manifest file:/cockroach/cockroach-data/MANIFEST-000041 succeeded,manifest_file_number is 41, next_file_number is 47, last_sequence is 279548, log_number is 40,prev_log_number is 0,max_column_family is 0,min_log_number_to_keep is 0
I200313 14:25:24.297616 28 storage/engine/rocksdb.go:120  [db/version_set.cc:4295] Column family [default] (ID 0), log number is 40
I200313 14:25:24.300528 28 storage/engine/rocksdb.go:120  EVENT_LOG_v1 {"time_micros": 1584109524300498, "job": 1, "event": "recovery_started", "log_files": [42]}
I200313 14:25:24.300565 28 storage/engine/rocksdb.go:120  [db/db_impl_open.cc:598] Recovering log #42 mode 0
I200313 14:25:24.318271 28 storage/engine/rocksdb.go:120  EVENT_LOG_v1 {"time_micros": 1584109524318083, "cf_name": "default", "job": 1, "event": "table_file_creation", "file_number": 47, "file_size": 67245, "table_properties": {"data_size": 63940, "index_size": 426, "index_partitions": 0, "top_level_index_size": 0, "index_key_is_user_key": 0, "index_value_is_delta_encoded": 0, "filter_size": 1989, "raw_key_size": 80556, "raw_average_key_size": 52, "raw_value_size": 206908, "raw_average_value_size": 133, "num_data_blocks": 8, "num_entries": 1546, "num_deletions": 39, "num_merge_operands": 1328, "num_range_deletions": 1328, "format_version": 0, "fixed_key_len": 0, "filter_policy": "rocksdb.BuiltinBloomFilter", "column_family_name": "default", "column_family_id": 0, "comparator": "cockroach_comparator", "merge_operator": "cockroach_merge_operator", "prefix_extractor_name": "cockroach_prefix_extractor", "property_collectors": "[TimeBoundTblPropCollectorFactory,DeleteRangeTblPropCollectorFactory]", "compression": "Snappy", "compression_options": "window_bits=-14; level=32767; strategy=0; max_dict_bytes=0; zstd_max_train_bytes=0; enabled=0; ", "creation_time": 1584109524, "oldest_key_time": 3, "file_creation_time": 0}}
I200313 14:25:24.318947 28 storage/engine/rocksdb.go:120  [db/version_set.cc:3560] Creating manifest 48
I200313 14:25:24.321422 28 storage/engine/rocksdb.go:120  [db/version_set.cc:3086] More existing levels in DB than needed. max_bytes_for_level_multiplier may not be guaranteed.
I200313 14:25:24.325054 28 storage/engine/rocksdb.go:120  EVENT_LOG_v1 {"time_micros": 1584109524324997, "job": 1, "event": "recovery_finished"}
I200313 14:25:24.368820 28 storage/engine/rocksdb.go:120  DB pointer 0x7faea0a94000
I200313 14:26:26.225588 1348 storage/engine/rocksdb.go:120  bloom filter utility:    -nan%
I200313 14:26:26.225966 1348 storage/engine/rocksdb.go:120  [db/db_impl.cc:392] Shutdown: canceling all background work
I200313 14:26:26.228978 1348 storage/engine/rocksdb.go:120  [db/db_impl.cc:565] Shutdown complete
I200313 14:26:26.241531 1348 storage/engine/rocksdb.go:120  bloom filter utility:    68.5%
I200313 14:26:26.241751 1348 storage/engine/rocksdb.go:120  [db/db_impl.cc:392] Shutdown: canceling all background work
I200313 14:26:26.245837 1348 storage/engine/rocksdb.go:120  [db/db_impl.cc:565] Shutdown complete
