I200313 14:36:16.340054 1 util/log/clog.go:1196  [config] file created at: 2020/03/13 14:36:16
I200313 14:36:16.340054 1 util/log/clog.go:1196  [config] running on machine: 27c1a1f5a240
I200313 14:36:16.340054 1 util/log/clog.go:1196  [config] binary: CockroachDB CCL v19.2.4 (x86_64-unknown-linux-gnu, built 2020/02/06 21:55:19, go1.12.12)
I200313 14:36:16.340054 1 util/log/clog.go:1196  [config] arguments: [/cockroach/cockroach start --insecure]
I200313 14:36:16.340054 1 util/log/clog.go:1196  line format: [IWEF]yymmdd hh:mm:ss.uuuuuu goid file:line msg utf8=✓
I200313 14:36:16.340040 1 cli/start.go:1144  logging to directory /cockroach/cockroach-data/logs
W200313 14:36:16.343787 1 cli/start.go:1182  RUNNING IN INSECURE MODE!

- Your cluster is open for any client that can access <all your IP addresses>.
- Any user, even root, can log in without providing a password.
- Any user, connecting as root, can read or write any data in your cluster.
- There is no network encryption nor authentication, and thus no confidentiality.

Check out how to secure your cluster: https://www.cockroachlabs.com/docs/v19.2/secure-a-cluster.html
I200313 14:36:16.344707 1 server/status/recorder.go:597  available memory from cgroups is unsupported, using system memory 2.0 GiB instead: failed to find cgroup memory limit
W200313 14:36:16.344820 1 cli/start.go:1052  Using the default setting for --cache (128 MiB).
  A significantly larger value is usually needed for good performance.
  If you have a dedicated server a reasonable setting is --cache=.25 (500 MiB).
I200313 14:36:16.345352 1 server/status/recorder.go:597  available memory from cgroups is unsupported, using system memory 2.0 GiB instead: failed to find cgroup memory limit
W200313 14:36:16.345395 1 cli/start.go:1065  Using the default setting for --max-sql-memory (128 MiB).
  A significantly larger value is usually needed in production.
  If you have a dedicated server a reasonable setting is --max-sql-memory=.25 (500 MiB).
I200313 14:36:16.345627 1 server/status/recorder.go:597  available memory from cgroups is unsupported, using system memory 2.0 GiB instead: failed to find cgroup memory limit
I200313 14:36:16.345668 1 cli/start.go:1196  CockroachDB CCL v19.2.4 (x86_64-unknown-linux-gnu, built 2020/02/06 21:55:19, go1.12.12)
W200313 14:36:16.519459 1 cli/start.go:511  running 'cockroach start' without --join is deprecated.
Consider using 'cockroach start-single-node' or 'cockroach init' instead.
I200313 14:36:16.527824 1 server/status/recorder.go:597  available memory from cgroups is unsupported, using system memory 2.0 GiB instead: failed to find cgroup memory limit
I200313 14:36:16.527881 1 server/config.go:394  system total memory: 2.0 GiB
I200313 14:36:16.527955 1 server/config.go:396  server configuration:
max offset             500000000
cache size             128 MiB
SQL memory pool size   128 MiB
scan interval          10m0s
scan min idle time     10ms
scan max idle time     1s
event log enabled      true
I200313 14:36:16.528009 1 cli/start.go:1030  using local environment variables: COCKROACH_CHANNEL=official-docker
I200313 14:36:16.528060 1 cli/start.go:1037  process identity: uid 0 euid 0 gid 0 egid 0
I200313 14:36:16.528178 1 cli/start.go:644  starting cockroach node
I200313 14:36:16.531385 9 storage/engine/rocksdb.go:622  opening rocksdb instance at "/cockroach/cockroach-data/cockroach-temp611792440"
I200313 14:36:16.698606 9 server/server.go:928  [n?] monitoring forward clock jumps based on server.clock.forward_jump_check_enabled
I200313 14:36:16.701584 9 storage/engine/rocksdb.go:622  opening rocksdb instance at "/cockroach/cockroach-data"
I200313 14:36:16.873990 9 server/config.go:502  [n?] 1 storage engine initialized
I200313 14:36:16.874157 9 server/config.go:505  [n?] RocksDB cache size: 128 MiB
I200313 14:36:16.874300 9 server/config.go:505  [n?] store 0: RocksDB, max size 0 B, max open file limit 1043576
W200313 14:36:16.890198 9 cli/start.go:996  neither --listen-addr nor --advertise-addr was specified.
The server will advertise "27c1a1f5a240" to other nodes, is this routable?

Consider using:
- for local-only servers:  --listen-addr=localhost
- for multi-node clusters: --advertise-addr=<host/IP addr>
I200313 14:36:16.892033 9 server/server.go:978  [n?] Sleeping till wall time 1584110176891932700 to catches up to 1584110177198513501 to ensure monotonicity. Delta: 306.580801ms
I200313 14:36:17.200478 9 gossip/gossip.go:394  [n1] NodeDescriptor set to node_id:1 address:<network_field:"tcp" address_field:"27c1a1f5a240:26257" > attrs:<> locality:<> ServerVersion:<major_val:19 minor_val:2 patch:0 unstable:0 > build_tag:"v19.2.4" started_at:1584110177200216600 cluster_name:"" sql_address:<network_field:"tcp" address_field:"27c1a1f5a240:26257" > 
I200313 14:36:17.210582 115 gossip/server.go:227  [n1] received initial cluster-verification connection from 287541f04cdc:26257
I200313 14:36:17.214107 115 gossip/server.go:227  [n1] received initial cluster-verification connection from 287541f04cdc:26257
I200313 14:36:17.214310 116 gossip/server.go:227  [n1] received initial cluster-verification connection from f47a1c7300a3:26257
I200313 14:36:17.214479 116 gossip/server.go:227  [n1] received initial cluster-verification connection from f47a1c7300a3:26257
W200313 14:36:17.229143 165 storage/replica_range_lease.go:554  can't determine lease status due to node liveness error: node not in the liveness table
github.com/cockroachdb/cockroach/pkg/storage.init.ializers
	/go/src/github.com/cockroachdb/cockroach/pkg/storage/node_liveness.go:44
runtime.main
	/usr/local/go/src/runtime/proc.go:188
runtime.goexit
	/usr/local/go/src/runtime/asm_amd64.s:1337
W200313 14:36:17.229268 165 storage/store.go:1530  [n1,s1,r6/1:/Table/{SystemCon…-11}] could not gossip system config: [NotLeaseHolderError] r6: replica (n1,s1):1 not lease holder; lease holder unknown
I200313 14:36:17.291245 9 server/node.go:431  [n1] initialized store [n1,s1]: disk (capacity=58 TiB, available=32 TiB, used=1.3 MiB, logicalBytes=13 MiB), ranges=24, leases=2, queries=0.00, writes=0.00, bytesPerReplica={p10=0.00 p25=0.00 p50=0.00 p75=2687.00 p90=16823.00 pMax=13139852.00}, writesPerReplica={p10=0.00 p25=0.00 p50=0.00 p75=0.00 p90=0.00 pMax=0.00}
I200313 14:36:17.291421 9 storage/stores.go:240  [n1] read 1 node addresses from persistent storage
I200313 14:36:17.292453 9 server/node.go:645  [n1] connecting to gossip network to verify cluster ID...
I200313 14:36:17.292544 9 server/node.go:665  [n1] node connected via gossip and verified as part of cluster "658b6d5e-e699-44c5-895d-ae8ec745f62b"
I200313 14:36:17.292706 9 server/node.go:512  [n1] node=1: started with [<no-attributes>=/cockroach/cockroach-data] engine(s) and attributes []
I200313 14:36:17.297302 9 server/server.go:1514  [n1] starting http server at [::]:8080 (use: 27c1a1f5a240:8080)
I200313 14:36:17.297355 9 server/server.go:1521  [n1] starting grpc/postgres server at [::]:26257
I200313 14:36:17.297391 9 server/server.go:1522  [n1] advertising CockroachDB node at 27c1a1f5a240:26257
I200313 14:36:17.371062 12 storage/stores.go:259  [n1] wrote 2 node addresses to persistent storage
I200313 14:36:17.375121 12 storage/stores.go:259  [n1] wrote 3 node addresses to persistent storage
I200313 14:36:17.394554 9 server/server.go:1590  [n1] done ensuring all necessary migrations have run
I200313 14:36:17.394636 9 server/server.go:1841  [n1] serving sql connections
I200313 14:36:17.394759 9 cli/start.go:803  [config] clusterID: 658b6d5e-e699-44c5-895d-ae8ec745f62b
I200313 14:36:17.394804 9 cli/start.go:812  node startup completed:
CockroachDB node starting at 2020-03-13 14:36:17.3946872 +0000 UTC (took 1.1s)
build:               CCL v19.2.4 @ 2020/02/06 21:55:19 (go1.12.12)
webui:               http://27c1a1f5a240:8080
sql:                 postgresql://root@27c1a1f5a240:26257?sslmode=disable
RPC client flags:    /cockroach/cockroach <client cmd> --host=27c1a1f5a240:26257 --insecure
logs:                /cockroach/cockroach-data/logs
temp dir:            /cockroach/cockroach-data/cockroach-temp611792440
external I/O path:   /cockroach/cockroach-data/extern
store[0]:            path=/cockroach/cockroach-data
status:              restarted pre-existing node
clusterID:           658b6d5e-e699-44c5-895d-ae8ec745f62b
nodeID:              1
I200313 14:36:17.405176 295 server/server_update.go:50  [n1] failed attempt to upgrade cluster version, error: node 2 not running (DEAD), cannot determine version
I200313 14:36:17.432980 297 sql/event_log.go:130  [n1] Event: "node_restart", target: 1, info: {Descriptor:{NodeID:1 Address:27c1a1f5a240:26257 Attrs: Locality: ServerVersion:19.2 BuildTag:v19.2.4 StartedAt:1584110177200216600 LocalityAddress:[] ClusterName: SQLAddress:27c1a1f5a240:26257} ClusterID:658b6d5e-e699-44c5-895d-ae8ec745f62b StartedAt:1584110177200216600 LastUp:1584110173084281100}
I200313 14:36:17.496308 106 storage/replica_command.go:1586  [n1,replicate,s1,r3/1:/System/{NodeLive…-tsd}] change replicas (add [(n3,s3):2LEARNER] remove []): existing descriptor r3:/System/{NodeLivenessMax-tsd} [(n1,s1):1, next=2, gen=0]
I200313 14:36:17.531124 106 storage/replica_raft.go:291  [n1,s1,r3/1:/System/{NodeLive…-tsd}] proposing ADD_REPLICA[(n3,s3):2LEARNER]: after=[(n1,s1):1 (n3,s3):2LEARNER] next=3
I200313 14:36:17.550815 106 storage/store_snapshot.go:978  [n1,replicate,s1,r3/1:/System/{NodeLive…-tsd}] sending LEARNER snapshot bb3d0aeb at applied index 1049
I200313 14:36:17.552581 106 storage/store_snapshot.go:1021  [n1,replicate,s1,r3/1:/System/{NodeLive…-tsd}] streamed snapshot to (n3,s3):2LEARNER: kv pairs: 48, log entries: 0, rate-limit: 8.0 MiB/sec, 0.01s
I200313 14:36:17.553126 375 storage/raft_snapshot_queue.go:125  [n1,raftsnapshot,s1,r3/1:/System/{NodeLive…-tsd}] skipping snapshot; replica is likely a learner in the process of being added: (n3,s3):2LEARNER
I200313 14:36:17.653798 106 storage/replica_command.go:1586  [n1,replicate,s1,r3/1:/System/{NodeLive…-tsd}] change replicas (add [(n3,s3):2] remove []): existing descriptor r3:/System/{NodeLivenessMax-tsd} [(n1,s1):1, (n3,s3):2LEARNER, next=3, gen=1]
I200313 14:36:17.664031 106 storage/replica_raft.go:291  [n1,s1,r3/1:/System/{NodeLive…-tsd}] proposing ADD_REPLICA[(n3,s3):2]: after=[(n1,s1):1 (n3,s3):2] next=3
I200313 14:36:17.667220 106 storage/replica_command.go:1586  [n1,replicate,s1,r3/1:/System/{NodeLive…-tsd}] change replicas (add [(n4,s4):3LEARNER] remove []): existing descriptor r3:/System/{NodeLivenessMax-tsd} [(n1,s1):1, (n3,s3):2, next=3, gen=2]
I200313 14:36:17.681286 106 storage/replica_raft.go:291  [n1,s1,r3/1:/System/{NodeLive…-tsd}] proposing ADD_REPLICA[(n4,s4):3LEARNER]: after=[(n1,s1):1 (n3,s3):2 (n4,s4):3LEARNER] next=4
I200313 14:36:17.687883 106 storage/store_snapshot.go:978  [n1,replicate,s1,r3/1:/System/{NodeLive…-tsd}] sending LEARNER snapshot 632fea25 at applied index 1054
I200313 14:36:17.688823 415 storage/raft_snapshot_queue.go:125  [n1,raftsnapshot,s1,r3/1:/System/{NodeLive…-tsd}] skipping snapshot; replica is likely a learner in the process of being added: (n4,s4):3LEARNER
I200313 14:36:17.689659 106 storage/store_snapshot.go:1021  [n1,replicate,s1,r3/1:/System/{NodeLive…-tsd}] streamed snapshot to (n4,s4):3LEARNER: kv pairs: 53, log entries: 0, rate-limit: 8.0 MiB/sec, 0.00s
I200313 14:36:17.771143 106 storage/replica_command.go:1586  [n1,replicate,s1,r3/1:/System/{NodeLive…-tsd}] change replicas (add [(n4,s4):3] remove []): existing descriptor r3:/System/{NodeLivenessMax-tsd} [(n1,s1):1, (n3,s3):2, (n4,s4):3LEARNER, next=4, gen=3]
I200313 14:36:17.780326 106 storage/replica_raft.go:291  [n1,s1,r3/1:/System/{NodeLive…-tsd}] proposing ADD_REPLICA[(n4,s4):3]: after=[(n1,s1):1 (n3,s3):2 (n4,s4):3] next=4
I200313 14:36:17.783736 106 storage/replica_command.go:1586  [n1,replicate,s1,r7/1:/Table/1{1-2}] change replicas (add [(n4,s4):2LEARNER] remove []): existing descriptor r7:/Table/1{1-2} [(n1,s1):1, next=2, gen=0]
I200313 14:36:17.789810 106 storage/replica_raft.go:291  [n1,s1,r7/1:/Table/1{1-2}] proposing ADD_REPLICA[(n4,s4):2LEARNER]: after=[(n1,s1):1 (n4,s4):2LEARNER] next=3
I200313 14:36:17.794037 106 storage/store_snapshot.go:978  [n1,replicate,s1,r7/1:/Table/1{1-2}] sending LEARNER snapshot c0949860 at applied index 99
I200313 14:36:17.794192 472 storage/raft_snapshot_queue.go:125  [n1,raftsnapshot,s1,r7/1:/Table/1{1-2}] skipping snapshot; replica is likely a learner in the process of being added: (n4,s4):2LEARNER
I200313 14:36:17.794323 106 storage/store_snapshot.go:1021  [n1,replicate,s1,r7/1:/Table/1{1-2}] streamed snapshot to (n4,s4):2LEARNER: kv pairs: 27, log entries: 0, rate-limit: 8.0 MiB/sec, 0.00s
I200313 14:36:17.853777 106 storage/replica_command.go:1586  [n1,replicate,s1,r7/1:/Table/1{1-2}] change replicas (add [(n4,s4):2] remove []): existing descriptor r7:/Table/1{1-2} [(n1,s1):1, (n4,s4):2LEARNER, next=3, gen=1]
I200313 14:36:17.859784 106 storage/replica_raft.go:291  [n1,s1,r7/1:/Table/1{1-2}] proposing ADD_REPLICA[(n4,s4):2]: after=[(n1,s1):1 (n4,s4):2] next=3
I200313 14:36:17.862467 106 storage/replica_command.go:1586  [n1,replicate,s1,r7/1:/Table/1{1-2}] change replicas (add [(n3,s3):3LEARNER] remove []): existing descriptor r7:/Table/1{1-2} [(n1,s1):1, (n4,s4):2, next=3, gen=2]
I200313 14:36:17.875412 106 storage/replica_raft.go:291  [n1,s1,r7/1:/Table/1{1-2}] proposing ADD_REPLICA[(n3,s3):3LEARNER]: after=[(n1,s1):1 (n4,s4):2 (n3,s3):3LEARNER] next=4
I200313 14:36:17.880851 106 storage/store_snapshot.go:978  [n1,replicate,s1,r7/1:/Table/1{1-2}] sending LEARNER snapshot 2c150c48 at applied index 103
I200313 14:36:17.881130 106 storage/store_snapshot.go:1021  [n1,replicate,s1,r7/1:/Table/1{1-2}] streamed snapshot to (n3,s3):3LEARNER: kv pairs: 31, log entries: 0, rate-limit: 8.0 MiB/sec, 0.00s
I200313 14:36:17.881151 504 storage/raft_snapshot_queue.go:125  [n1,raftsnapshot,s1,r7/1:/Table/1{1-2}] skipping snapshot; replica is likely a learner in the process of being added: (n3,s3):3LEARNER
I200313 14:36:17.899105 516 gossip/client.go:124  [n1] started gossip client to f47a1c7300a3:26257
I200313 14:36:17.952888 106 storage/replica_command.go:1586  [n1,replicate,s1,r7/1:/Table/1{1-2}] change replicas (add [(n3,s3):3] remove []): existing descriptor r7:/Table/1{1-2} [(n1,s1):1, (n4,s4):2, (n3,s3):3LEARNER, next=4, gen=3]
I200313 14:36:17.960998 106 storage/replica_raft.go:291  [n1,s1,r7/1:/Table/1{1-2}] proposing ADD_REPLICA[(n3,s3):3]: after=[(n1,s1):1 (n4,s4):2 (n3,s3):3] next=4
I200313 14:36:17.964773 106 storage/replica_command.go:1586  [n1,replicate,s1,r8/1:/Table/1{2-3}] change replicas (add [(n3,s3):2LEARNER] remove []): existing descriptor r8:/Table/1{2-3} [(n1,s1):1, next=2, gen=0]
I200313 14:36:17.970735 106 storage/replica_raft.go:291  [n1,s1,r8/1:/Table/1{2-3}] proposing ADD_REPLICA[(n3,s3):2LEARNER]: after=[(n1,s1):1 (n3,s3):2LEARNER] next=3
I200313 14:36:17.974773 106 storage/store_snapshot.go:978  [n1,replicate,s1,r8/1:/Table/1{2-3}] sending LEARNER snapshot 2f722c86 at applied index 137
I200313 14:36:17.974791 585 storage/raft_snapshot_queue.go:125  [n1,raftsnapshot,s1,r8/1:/Table/1{2-3}] skipping snapshot; replica is likely a learner in the process of being added: (n3,s3):2LEARNER
I200313 14:36:17.975159 106 storage/store_snapshot.go:1021  [n1,replicate,s1,r8/1:/Table/1{2-3}] streamed snapshot to (n3,s3):2LEARNER: kv pairs: 157, log entries: 0, rate-limit: 8.0 MiB/sec, 0.00s
I200313 14:36:18.031174 106 storage/replica_command.go:1586  [n1,replicate,s1,r8/1:/Table/1{2-3}] change replicas (add [(n3,s3):2] remove []): existing descriptor r8:/Table/1{2-3} [(n1,s1):1, (n3,s3):2LEARNER, next=3, gen=1]
I200313 14:36:18.041758 106 storage/replica_raft.go:291  [n1,s1,r8/1:/Table/1{2-3}] proposing ADD_REPLICA[(n3,s3):2]: after=[(n1,s1):1 (n3,s3):2] next=3
I200313 14:36:18.043190 106 storage/replica_command.go:1586  [n1,replicate,s1,r8/1:/Table/1{2-3}] change replicas (add [(n4,s4):3LEARNER] remove []): existing descriptor r8:/Table/1{2-3} [(n1,s1):1, (n3,s3):2, next=3, gen=2]
I200313 14:36:18.055690 106 storage/replica_raft.go:291  [n1,s1,r8/1:/Table/1{2-3}] proposing ADD_REPLICA[(n4,s4):3LEARNER]: after=[(n1,s1):1 (n3,s3):2 (n4,s4):3LEARNER] next=4
I200313 14:36:18.060535 106 storage/store_snapshot.go:978  [n1,replicate,s1,r8/1:/Table/1{2-3}] sending LEARNER snapshot 0807cacd at applied index 141
I200313 14:36:18.060660 594 storage/raft_snapshot_queue.go:125  [n1,raftsnapshot,s1,r8/1:/Table/1{2-3}] skipping snapshot; replica is likely a learner in the process of being added: (n4,s4):3LEARNER
I200313 14:36:18.060984 106 storage/store_snapshot.go:1021  [n1,replicate,s1,r8/1:/Table/1{2-3}] streamed snapshot to (n4,s4):3LEARNER: kv pairs: 161, log entries: 0, rate-limit: 8.0 MiB/sec, 0.00s
I200313 14:36:18.107289 106 storage/replica_command.go:1586  [n1,replicate,s1,r8/1:/Table/1{2-3}] change replicas (add [(n4,s4):3] remove []): existing descriptor r8:/Table/1{2-3} [(n1,s1):1, (n3,s3):2, (n4,s4):3LEARNER, next=4, gen=3]
I200313 14:36:18.118110 106 storage/replica_raft.go:291  [n1,s1,r8/1:/Table/1{2-3}] proposing ADD_REPLICA[(n4,s4):3]: after=[(n1,s1):1 (n3,s3):2 (n4,s4):3] next=4
I200313 14:36:18.121759 106 storage/replica_command.go:1586  [n1,replicate,s1,r4/1:/System{/tsd-tse}] change replicas (add [(n3,s3):2LEARNER] remove []): existing descriptor r4:/System{/tsd-tse} [(n1,s1):1, next=2, gen=0]
I200313 14:36:18.127860 106 storage/replica_raft.go:291  [n1,s1,r4/1:/System{/tsd-tse}] proposing ADD_REPLICA[(n3,s3):2LEARNER]: after=[(n1,s1):1 (n3,s3):2LEARNER] next=3
I200313 14:36:18.132021 106 storage/store_snapshot.go:978  [n1,replicate,s1,r4/1:/System{/tsd-tse}] sending LEARNER snapshot d4744a5a at applied index 1424
I200313 14:36:18.135402 596 storage/raft_snapshot_queue.go:125  [n1,raftsnapshot,s1,r4/1:/System{/tsd-tse}] skipping snapshot; replica is likely a learner in the process of being added: (n3,s3):2LEARNER
I200313 14:36:18.240660 12 storage/stores.go:259  [n1] wrote 4 node addresses to persistent storage
I200313 14:36:18.484896 106 storage/store_snapshot.go:1021  [n1,replicate,s1,r4/1:/System{/tsd-tse}] streamed snapshot to (n3,s3):2LEARNER: kv pairs: 3992, log entries: 0, rate-limit: 8.0 MiB/sec, 0.35s
I200313 14:36:18.546793 295 server/server_update.go:53  [n1] no need to upgrade, cluster already at the newest version
I200313 14:36:18.597727 106 storage/replica_command.go:1586  [n1,replicate,s1,r4/1:/System{/tsd-tse}] change replicas (add [(n3,s3):2] remove []): existing descriptor r4:/System{/tsd-tse} [(n1,s1):1, (n3,s3):2LEARNER, next=3, gen=1]
I200313 14:36:18.609648 106 storage/replica_raft.go:291  [n1,s1,r4/1:/System{/tsd-tse}] proposing ADD_REPLICA[(n3,s3):2]: after=[(n1,s1):1 (n3,s3):2] next=3
I200313 14:36:18.612268 106 storage/replica_command.go:1586  [n1,replicate,s1,r4/1:/System{/tsd-tse}] change replicas (add [(n2,s2):3LEARNER] remove []): existing descriptor r4:/System{/tsd-tse} [(n1,s1):1, (n3,s3):2, next=3, gen=2]
I200313 14:36:18.626754 106 storage/replica_raft.go:291  [n1,s1,r4/1:/System{/tsd-tse}] proposing ADD_REPLICA[(n2,s2):3LEARNER]: after=[(n1,s1):1 (n3,s3):2 (n2,s2):3LEARNER] next=4
I200313 14:36:18.638327 106 storage/store_snapshot.go:978  [n1,replicate,s1,r4/1:/System{/tsd-tse}] sending LEARNER snapshot 5e8002e3 at applied index 1429
I200313 14:36:18.639021 720 storage/raft_snapshot_queue.go:125  [n1,raftsnapshot,s1,r4/1:/System{/tsd-tse}] skipping snapshot; replica is likely a learner in the process of being added: (n2,s2):3LEARNER
I200313 14:36:18.989302 106 storage/store_snapshot.go:1021  [n1,replicate,s1,r4/1:/System{/tsd-tse}] streamed snapshot to (n2,s2):3LEARNER: kv pairs: 3996, log entries: 0, rate-limit: 8.0 MiB/sec, 0.36s
I200313 14:36:19.078197 106 storage/replica_command.go:1586  [n1,replicate,s1,r4/1:/System{/tsd-tse}] change replicas (add [(n2,s2):3] remove []): existing descriptor r4:/System{/tsd-tse} [(n1,s1):1, (n3,s3):2, (n2,s2):3LEARNER, next=4, gen=3]
I200313 14:36:19.088488 106 storage/replica_raft.go:291  [n1,s1,r4/1:/System{/tsd-tse}] proposing ADD_REPLICA[(n2,s2):3]: after=[(n1,s1):1 (n3,s3):2 (n2,s2):3] next=4
I200313 14:36:19.102250 106 storage/queue.go:1132  [n1,replicate] purgatory is now empty
I200313 14:36:19.106461 818 storage/replica_command.go:1586  [n1,replicate,s1,r9/1:/Table/1{3-4}] change replicas (add [(n4,s4):2LEARNER] remove []): existing descriptor r9:/Table/1{3-4} [(n1,s1):1, next=2, gen=0]
I200313 14:36:19.113529 818 storage/replica_raft.go:291  [n1,s1,r9/1:/Table/1{3-4}] proposing ADD_REPLICA[(n4,s4):2LEARNER]: after=[(n1,s1):1 (n4,s4):2LEARNER] next=3
I200313 14:36:19.118028 818 storage/store_snapshot.go:978  [n1,replicate,s1,r9/1:/Table/1{3-4}] sending LEARNER snapshot e8adcf12 at applied index 79
I200313 14:36:19.118452 818 storage/store_snapshot.go:1021  [n1,replicate,s1,r9/1:/Table/1{3-4}] streamed snapshot to (n4,s4):2LEARNER: kv pairs: 92, log entries: 0, rate-limit: 8.0 MiB/sec, 0.00s
I200313 14:36:19.119653 808 storage/raft_snapshot_queue.go:125  [n1,raftsnapshot,s1,r9/1:/Table/1{3-4}] skipping snapshot; replica is likely a learner in the process of being added: (n4,s4):2LEARNER
I200313 14:36:19.212359 818 storage/replica_command.go:1586  [n1,replicate,s1,r9/1:/Table/1{3-4}] change replicas (add [(n4,s4):2] remove []): existing descriptor r9:/Table/1{3-4} [(n1,s1):1, (n4,s4):2LEARNER, next=3, gen=1]
I200313 14:36:19.224015 818 storage/replica_raft.go:291  [n1,s1,r9/1:/Table/1{3-4}] proposing ADD_REPLICA[(n4,s4):2]: after=[(n1,s1):1 (n4,s4):2] next=3
I200313 14:36:19.228262 818 storage/replica_command.go:1586  [n1,replicate,s1,r9/1:/Table/1{3-4}] change replicas (add [(n2,s2):3LEARNER] remove []): existing descriptor r9:/Table/1{3-4} [(n1,s1):1, (n4,s4):2, next=3, gen=2]
I200313 14:36:19.255662 818 storage/replica_raft.go:291  [n1,s1,r9/1:/Table/1{3-4}] proposing ADD_REPLICA[(n2,s2):3LEARNER]: after=[(n1,s1):1 (n4,s4):2 (n2,s2):3LEARNER] next=4
I200313 14:36:19.262236 818 storage/store_snapshot.go:978  [n1,replicate,s1,r9/1:/Table/1{3-4}] sending LEARNER snapshot 95ca6cba at applied index 85
I200313 14:36:19.262407 898 storage/raft_snapshot_queue.go:125  [n1,raftsnapshot,s1,r9/1:/Table/1{3-4}] skipping snapshot; replica is likely a learner in the process of being added: (n2,s2):3LEARNER
I200313 14:36:19.264144 818 storage/store_snapshot.go:1021  [n1,replicate,s1,r9/1:/Table/1{3-4}] streamed snapshot to (n2,s2):3LEARNER: kv pairs: 106, log entries: 0, rate-limit: 8.0 MiB/sec, 0.00s
I200313 14:36:19.269218 62 gossip/gossip.go:1531  [n1] node has connected to cluster via gossip
I200313 14:36:19.270105 62 storage/stores.go:259  [n1] wrote 3 node addresses to persistent storage
I200313 14:36:19.319913 818 storage/replica_command.go:1586  [n1,replicate,s1,r9/1:/Table/1{3-4}] change replicas (add [(n2,s2):3] remove []): existing descriptor r9:/Table/1{3-4} [(n1,s1):1, (n4,s4):2, (n2,s2):3LEARNER, next=4, gen=3]
I200313 14:36:19.332748 818 storage/replica_raft.go:291  [n1,s1,r9/1:/Table/1{3-4}] proposing ADD_REPLICA[(n2,s2):3]: after=[(n1,s1):1 (n4,s4):2 (n2,s2):3] next=4
I200313 14:36:19.346873 872 storage/replica_command.go:1586  [n1,replicate,s1,r17/1:/Table/2{1-2}] change replicas (add [(n3,s3):2LEARNER] remove []): existing descriptor r17:/Table/2{1-2} [(n1,s1):1, next=2, gen=0]
I200313 14:36:19.416841 872 storage/replica_raft.go:291  [n1,s1,r17/1:/Table/2{1-2}] proposing ADD_REPLICA[(n3,s3):2LEARNER]: after=[(n1,s1):1 (n3,s3):2LEARNER] next=3
I200313 14:36:19.422806 872 storage/store_snapshot.go:978  [n1,replicate,s1,r17/1:/Table/2{1-2}] sending LEARNER snapshot 3a16f1f3 at applied index 50
I200313 14:36:19.422966 914 storage/raft_snapshot_queue.go:125  [n1,raftsnapshot,s1,r17/1:/Table/2{1-2}] skipping snapshot; replica is likely a learner in the process of being added: (n3,s3):2LEARNER
I200313 14:36:19.423068 872 storage/store_snapshot.go:1021  [n1,replicate,s1,r17/1:/Table/2{1-2}] streamed snapshot to (n3,s3):2LEARNER: kv pairs: 12, log entries: 0, rate-limit: 8.0 MiB/sec, 0.00s
I200313 14:36:19.487796 872 storage/replica_command.go:1586  [n1,replicate,s1,r17/1:/Table/2{1-2}] change replicas (add [(n3,s3):2] remove []): existing descriptor r17:/Table/2{1-2} [(n1,s1):1, (n3,s3):2LEARNER, next=3, gen=1]
W200313 14:36:19.504245 912 storage/intentresolver/intent_resolver.go:519  failed to push during intent resolution: failed to push id=a70a493d key=/Local/Range/Table/21/RangeDescriptor rw=true pri=0.01363745 stat=PENDING epo=0 ts=1584110179.487441500,0 orig=0.000000000,0 min=1584110179.487441500,0 max=0.000000000,0 wto=false seq=7
I200313 14:36:19.505040 872 storage/replica_raft.go:291  [n1,s1,r17/1:/Table/2{1-2}] proposing ADD_REPLICA[(n3,s3):2]: after=[(n1,s1):1 (n3,s3):2] next=3
I200313 14:36:19.508336 872 storage/replica_command.go:1586  [n1,replicate,s1,r17/1:/Table/2{1-2}] change replicas (add [(n2,s2):3LEARNER] remove []): existing descriptor r17:/Table/2{1-2} [(n1,s1):1, (n3,s3):2, next=3, gen=2]
I200313 14:36:19.522925 872 storage/replica_raft.go:291  [n1,s1,r17/1:/Table/2{1-2}] proposing ADD_REPLICA[(n2,s2):3LEARNER]: after=[(n1,s1):1 (n3,s3):2 (n2,s2):3LEARNER] next=4
I200313 14:36:19.536100 872 storage/store_snapshot.go:978  [n1,replicate,s1,r17/1:/Table/2{1-2}] sending LEARNER snapshot f3df4d57 at applied index 54
I200313 14:36:19.536457 893 storage/raft_snapshot_queue.go:125  [n1,raftsnapshot,s1,r17/1:/Table/2{1-2}] skipping snapshot; replica is likely a learner in the process of being added: (n2,s2):3LEARNER
I200313 14:36:19.536578 872 storage/store_snapshot.go:1021  [n1,replicate,s1,r17/1:/Table/2{1-2}] streamed snapshot to (n2,s2):3LEARNER: kv pairs: 16, log entries: 0, rate-limit: 8.0 MiB/sec, 0.01s
I200313 14:36:19.612332 872 storage/replica_command.go:1586  [n1,replicate,s1,r17/1:/Table/2{1-2}] change replicas (add [(n2,s2):3] remove []): existing descriptor r17:/Table/2{1-2} [(n1,s1):1, (n3,s3):2, (n2,s2):3LEARNER, next=4, gen=3]
I200313 14:36:19.622286 872 storage/replica_raft.go:291  [n1,s1,r17/1:/Table/2{1-2}] proposing ADD_REPLICA[(n2,s2):3]: after=[(n1,s1):1 (n3,s3):2 (n2,s2):3] next=4
I200313 14:36:19.732737 137 storage/store_remove_replica.go:129  [n1,s1,r9/1:/Table/1{3-4}] removing replica r9/1
I200313 14:36:19.937568 141 storage/store_remove_replica.go:129  [n1,s1,r17/1:/Table/2{1-2}] removing replica r17/1
I200313 14:36:21.251512 1020 storage/replica_command.go:1586  [n1,replicate,s1,r12/1:/Table/1{6-7}] change replicas (add [(n4,s4):2LEARNER] remove []): existing descriptor r12:/Table/1{6-7} [(n1,s1):1, next=2, gen=0]
I200313 14:36:21.265846 1020 storage/replica_raft.go:291  [n1,s1,r12/1:/Table/1{6-7}] proposing ADD_REPLICA[(n4,s4):2LEARNER]: after=[(n1,s1):1 (n4,s4):2LEARNER] next=3
I200313 14:36:21.270085 1020 storage/store_snapshot.go:978  [n1,replicate,s1,r12/1:/Table/1{6-7}] sending LEARNER snapshot 51864d86 at applied index 32
I200313 14:36:21.270339 1020 storage/store_snapshot.go:1021  [n1,replicate,s1,r12/1:/Table/1{6-7}] streamed snapshot to (n4,s4):2LEARNER: kv pairs: 7, log entries: 0, rate-limit: 8.0 MiB/sec, 0.00s
I200313 14:36:21.270384 1023 storage/raft_snapshot_queue.go:125  [n1,raftsnapshot,s1,r12/1:/Table/1{6-7}] skipping snapshot; replica is likely a learner in the process of being added: (n4,s4):2LEARNER
I200313 14:36:21.316287 1020 storage/replica_command.go:1586  [n1,replicate,s1,r12/1:/Table/1{6-7}] change replicas (add [(n4,s4):2] remove []): existing descriptor r12:/Table/1{6-7} [(n1,s1):1, (n4,s4):2LEARNER, next=3, gen=1]
I200313 14:36:21.332820 1020 storage/replica_raft.go:291  [n1,s1,r12/1:/Table/1{6-7}] proposing ADD_REPLICA[(n4,s4):2]: after=[(n1,s1):1 (n4,s4):2] next=3
I200313 14:36:21.335218 1020 storage/replica_command.go:1586  [n1,replicate,s1,r12/1:/Table/1{6-7}] change replicas (add [(n2,s2):3LEARNER] remove []): existing descriptor r12:/Table/1{6-7} [(n1,s1):1, (n4,s4):2, next=3, gen=2]
I200313 14:36:21.346830 1020 storage/replica_raft.go:291  [n1,s1,r12/1:/Table/1{6-7}] proposing ADD_REPLICA[(n2,s2):3LEARNER]: after=[(n1,s1):1 (n4,s4):2 (n2,s2):3LEARNER] next=4
I200313 14:36:21.353568 1020 storage/store_snapshot.go:978  [n1,replicate,s1,r12/1:/Table/1{6-7}] sending LEARNER snapshot 2dbc0c83 at applied index 36
I200313 14:36:21.353728 1081 storage/raft_snapshot_queue.go:125  [n1,raftsnapshot,s1,r12/1:/Table/1{6-7}] skipping snapshot; replica is likely a learner in the process of being added: (n2,s2):3LEARNER
I200313 14:36:21.353847 1020 storage/store_snapshot.go:1021  [n1,replicate,s1,r12/1:/Table/1{6-7}] streamed snapshot to (n2,s2):3LEARNER: kv pairs: 11, log entries: 0, rate-limit: 8.0 MiB/sec, 0.00s
I200313 14:36:21.407025 1020 storage/replica_command.go:1586  [n1,replicate,s1,r12/1:/Table/1{6-7}] change replicas (add [(n2,s2):3] remove []): existing descriptor r12:/Table/1{6-7} [(n1,s1):1, (n4,s4):2, (n2,s2):3LEARNER, next=4, gen=3]
I200313 14:36:21.418138 1020 storage/replica_raft.go:291  [n1,s1,r12/1:/Table/1{6-7}] proposing ADD_REPLICA[(n2,s2):3]: after=[(n1,s1):1 (n4,s4):2 (n2,s2):3] next=4
I200313 14:36:21.714495 137 storage/store_remove_replica.go:129  [n1,s1,r8/1:/Table/1{2-3}] removing replica r8/1
I200313 14:36:22.248167 1107 storage/replica_command.go:1586  [n1,replicate,s1,r5/1:/{Systemtse-Table/System…}] change replicas (add [(n4,s4):2LEARNER] remove []): existing descriptor r5:/{Systemtse-Table/SystemConfigSpan/Start} [(n1,s1):1, next=2, gen=0]
I200313 14:36:22.260336 1107 storage/replica_raft.go:291  [n1,s1,r5/1:/{Systemtse-Table/System…}] proposing ADD_REPLICA[(n4,s4):2LEARNER]: after=[(n1,s1):1 (n4,s4):2LEARNER] next=3
I200313 14:36:22.264774 1107 storage/store_snapshot.go:978  [n1,replicate,s1,r5/1:/{Systemtse-Table/System…}] sending LEARNER snapshot 2f4716cd at applied index 36
I200313 14:36:22.264962 1155 storage/raft_snapshot_queue.go:125  [n1,raftsnapshot,s1,r5/1:/{Systemtse-Table/System…}] skipping snapshot; replica is likely a learner in the process of being added: (n4,s4):2LEARNER
I200313 14:36:22.265006 1107 storage/store_snapshot.go:1021  [n1,replicate,s1,r5/1:/{Systemtse-Table/System…}] streamed snapshot to (n4,s4):2LEARNER: kv pairs: 8, log entries: 0, rate-limit: 8.0 MiB/sec, 0.00s
I200313 14:36:22.365825 1107 storage/replica_command.go:1586  [n1,replicate,s1,r5/1:/{Systemtse-Table/System…}] change replicas (add [(n4,s4):2] remove []): existing descriptor r5:/{Systemtse-Table/SystemConfigSpan/Start} [(n1,s1):1, (n4,s4):2LEARNER, next=3, gen=1]
I200313 14:36:22.385514 1107 storage/replica_raft.go:291  [n1,s1,r5/1:/{Systemtse-Table/System…}] proposing ADD_REPLICA[(n4,s4):2]: after=[(n1,s1):1 (n4,s4):2] next=3
I200313 14:36:22.388167 1107 storage/replica_command.go:1586  [n1,replicate,s1,r5/1:/{Systemtse-Table/System…}] change replicas (add [(n2,s2):3LEARNER] remove []): existing descriptor r5:/{Systemtse-Table/SystemConfigSpan/Start} [(n1,s1):1, (n4,s4):2, next=3, gen=2]
I200313 14:36:22.408108 1107 storage/replica_raft.go:291  [n1,s1,r5/1:/{Systemtse-Table/System…}] proposing ADD_REPLICA[(n2,s2):3LEARNER]: after=[(n1,s1):1 (n4,s4):2 (n2,s2):3LEARNER] next=4
I200313 14:36:22.417517 1107 storage/store_snapshot.go:978  [n1,replicate,s1,r5/1:/{Systemtse-Table/System…}] sending LEARNER snapshot 720bdf4e at applied index 40
I200313 14:36:22.418100 1149 storage/raft_snapshot_queue.go:125  [n1,raftsnapshot,s1,r5/1:/{Systemtse-Table/System…}] skipping snapshot; replica is likely a learner in the process of being added: (n2,s2):3LEARNER
I200313 14:36:22.418345 1107 storage/store_snapshot.go:1021  [n1,replicate,s1,r5/1:/{Systemtse-Table/System…}] streamed snapshot to (n2,s2):3LEARNER: kv pairs: 12, log entries: 0, rate-limit: 8.0 MiB/sec, 0.00s
I200313 14:36:22.512291 1107 storage/replica_command.go:1586  [n1,replicate,s1,r5/1:/{Systemtse-Table/System…}] change replicas (add [(n2,s2):3] remove []): existing descriptor r5:/{Systemtse-Table/SystemConfigSpan/Start} [(n1,s1):1, (n4,s4):2, (n2,s2):3LEARNER, next=4, gen=3]
I200313 14:36:22.526668 1107 storage/replica_raft.go:291  [n1,s1,r5/1:/{Systemtse-Table/System…}] proposing ADD_REPLICA[(n2,s2):3]: after=[(n1,s1):1 (n4,s4):2 (n2,s2):3] next=4
I200313 14:36:22.616460 154 storage/store_remove_replica.go:129  [n1,s1,r12/1:/Table/1{6-7}] removing replica r12/1
I200313 14:36:23.252418 1219 storage/replica_command.go:1586  [n1,replicate,s1,r23/1:/Table/2{7-8}] change replicas (add [(n3,s3):2LEARNER] remove []): existing descriptor r23:/Table/2{7-8} [(n1,s1):1, next=2, gen=0]
I200313 14:36:23.264500 1219 storage/replica_raft.go:291  [n1,s1,r23/1:/Table/2{7-8}] proposing ADD_REPLICA[(n3,s3):2LEARNER]: after=[(n1,s1):1 (n3,s3):2LEARNER] next=3
I200313 14:36:23.270437 1219 storage/store_snapshot.go:978  [n1,replicate,s1,r23/1:/Table/2{7-8}] sending LEARNER snapshot 308b1598 at applied index 46
I200313 14:36:23.270675 1219 storage/store_snapshot.go:1021  [n1,replicate,s1,r23/1:/Table/2{7-8}] streamed snapshot to (n3,s3):2LEARNER: kv pairs: 13, log entries: 0, rate-limit: 8.0 MiB/sec, 0.00s
I200313 14:36:23.270727 1166 storage/raft_snapshot_queue.go:125  [n1,raftsnapshot,s1,r23/1:/Table/2{7-8}] skipping snapshot; replica is likely a learner in the process of being added: (n3,s3):2LEARNER
I200313 14:36:23.345720 1219 storage/replica_command.go:1586  [n1,replicate,s1,r23/1:/Table/2{7-8}] change replicas (add [(n3,s3):2] remove []): existing descriptor r23:/Table/2{7-8} [(n1,s1):1, (n3,s3):2LEARNER, next=3, gen=1]
I200313 14:36:23.358597 1219 storage/replica_raft.go:291  [n1,s1,r23/1:/Table/2{7-8}] proposing ADD_REPLICA[(n3,s3):2]: after=[(n1,s1):1 (n3,s3):2] next=3
I200313 14:36:23.361002 1219 storage/replica_command.go:1586  [n1,replicate,s1,r23/1:/Table/2{7-8}] change replicas (add [(n2,s2):3LEARNER] remove []): existing descriptor r23:/Table/2{7-8} [(n1,s1):1, (n3,s3):2, next=3, gen=2]
I200313 14:36:23.380543 1219 storage/replica_raft.go:291  [n1,s1,r23/1:/Table/2{7-8}] proposing ADD_REPLICA[(n2,s2):3LEARNER]: after=[(n1,s1):1 (n3,s3):2 (n2,s2):3LEARNER] next=4
I200313 14:36:23.387376 1219 storage/store_snapshot.go:978  [n1,replicate,s1,r23/1:/Table/2{7-8}] sending LEARNER snapshot d9ce6916 at applied index 50
I200313 14:36:23.387669 1238 storage/raft_snapshot_queue.go:125  [n1,raftsnapshot,s1,r23/1:/Table/2{7-8}] skipping snapshot; replica is likely a learner in the process of being added: (n2,s2):3LEARNER
I200313 14:36:23.388294 1219 storage/store_snapshot.go:1021  [n1,replicate,s1,r23/1:/Table/2{7-8}] streamed snapshot to (n2,s2):3LEARNER: kv pairs: 17, log entries: 0, rate-limit: 8.0 MiB/sec, 0.00s
I200313 14:36:23.449434 1219 storage/replica_command.go:1586  [n1,replicate,s1,r23/1:/Table/2{7-8}] change replicas (add [(n2,s2):3] remove []): existing descriptor r23:/Table/2{7-8} [(n1,s1):1, (n3,s3):2, (n2,s2):3LEARNER, next=4, gen=3]
I200313 14:36:23.461207 1219 storage/replica_raft.go:291  [n1,s1,r23/1:/Table/2{7-8}] proposing ADD_REPLICA[(n2,s2):3]: after=[(n1,s1):1 (n3,s3):2 (n2,s2):3] next=4
I200313 14:36:23.907258 131 storage/store_remove_replica.go:129  [n1,s1,r23/1:/Table/2{7-8}] removing replica r23/1
I200313 14:36:24.253522 1262 storage/replica_command.go:1586  [n1,replicate,s1,r19/1:/Table/2{3-4}] change replicas (add [(n2,s2):2LEARNER] remove []): existing descriptor r19:/Table/2{3-4} [(n1,s1):1, next=2, gen=0]
I200313 14:36:24.267398 1262 storage/replica_raft.go:291  [n1,s1,r19/1:/Table/2{3-4}] proposing ADD_REPLICA[(n2,s2):2LEARNER]: after=[(n1,s1):1 (n2,s2):2LEARNER] next=3
I200313 14:36:24.271610 1262 storage/store_snapshot.go:978  [n1,replicate,s1,r19/1:/Table/2{3-4}] sending LEARNER snapshot 6996bed0 at applied index 40
I200313 14:36:24.271859 1262 storage/store_snapshot.go:1021  [n1,replicate,s1,r19/1:/Table/2{3-4}] streamed snapshot to (n2,s2):2LEARNER: kv pairs: 11, log entries: 0, rate-limit: 8.0 MiB/sec, 0.00s
I200313 14:36:24.272077 1265 storage/raft_snapshot_queue.go:125  [n1,raftsnapshot,s1,r19/1:/Table/2{3-4}] skipping snapshot; replica is likely a learner in the process of being added: (n2,s2):2LEARNER
I200313 14:36:24.336045 1262 storage/replica_command.go:1586  [n1,replicate,s1,r19/1:/Table/2{3-4}] change replicas (add [(n2,s2):2] remove []): existing descriptor r19:/Table/2{3-4} [(n1,s1):1, (n2,s2):2LEARNER, next=3, gen=1]
I200313 14:36:24.357218 1262 storage/replica_raft.go:291  [n1,s1,r19/1:/Table/2{3-4}] proposing ADD_REPLICA[(n2,s2):2]: after=[(n1,s1):1 (n2,s2):2] next=3
I200313 14:36:24.361179 1262 storage/replica_command.go:1586  [n1,replicate,s1,r19/1:/Table/2{3-4}] change replicas (add [(n4,s4):3LEARNER] remove []): existing descriptor r19:/Table/2{3-4} [(n1,s1):1, (n2,s2):2, next=3, gen=2]
I200313 14:36:24.376553 1262 storage/replica_raft.go:291  [n1,s1,r19/1:/Table/2{3-4}] proposing ADD_REPLICA[(n4,s4):3LEARNER]: after=[(n1,s1):1 (n2,s2):2 (n4,s4):3LEARNER] next=4
I200313 14:36:24.383362 1262 storage/store_snapshot.go:978  [n1,replicate,s1,r19/1:/Table/2{3-4}] sending LEARNER snapshot 68fed1a1 at applied index 44
I200313 14:36:24.383721 1262 storage/store_snapshot.go:1021  [n1,replicate,s1,r19/1:/Table/2{3-4}] streamed snapshot to (n4,s4):3LEARNER: kv pairs: 15, log entries: 0, rate-limit: 8.0 MiB/sec, 0.00s
I200313 14:36:24.384545 1278 storage/raft_snapshot_queue.go:125  [n1,raftsnapshot,s1,r19/1:/Table/2{3-4}] skipping snapshot; replica is likely a learner in the process of being added: (n4,s4):3LEARNER
I200313 14:36:24.447281 1262 storage/replica_command.go:1586  [n1,replicate,s1,r19/1:/Table/2{3-4}] change replicas (add [(n4,s4):3] remove []): existing descriptor r19:/Table/2{3-4} [(n1,s1):1, (n2,s2):2, (n4,s4):3LEARNER, next=4, gen=3]
I200313 14:36:24.462034 1262 storage/replica_raft.go:291  [n1,s1,r19/1:/Table/2{3-4}] proposing ADD_REPLICA[(n4,s4):3]: after=[(n1,s1):1 (n2,s2):2 (n4,s4):3] next=4
I200313 14:36:25.258982 1313 storage/replica_command.go:1586  [n1,replicate,s1,r24/1:/{Table/28-Max}] change replicas (add [(n2,s2):2LEARNER] remove []): existing descriptor r24:/{Table/28-Max} [(n1,s1):1, next=2, gen=0]
I200313 14:36:25.273934 1313 storage/replica_raft.go:291  [n1,s1,r24/1:/{Table/28-Max}] proposing ADD_REPLICA[(n2,s2):2LEARNER]: after=[(n1,s1):1 (n2,s2):2LEARNER] next=3
I200313 14:36:25.278817 1313 storage/store_snapshot.go:978  [n1,replicate,s1,r24/1:/{Table/28-Max}] sending LEARNER snapshot 7e700622 at applied index 376
I200313 14:36:25.279303 1313 storage/store_snapshot.go:1021  [n1,replicate,s1,r24/1:/{Table/28-Max}] streamed snapshot to (n2,s2):2LEARNER: kv pairs: 103, log entries: 0, rate-limit: 8.0 MiB/sec, 0.00s
I200313 14:36:25.280565 1380 storage/raft_snapshot_queue.go:125  [n1,raftsnapshot,s1,r24/1:/{Table/28-Max}] skipping snapshot; replica is likely a learner in the process of being added: (n2,s2):2LEARNER
I200313 14:36:25.329855 1313 storage/replica_command.go:1586  [n1,replicate,s1,r24/1:/{Table/28-Max}] change replicas (add [(n2,s2):2] remove []): existing descriptor r24:/{Table/28-Max} [(n1,s1):1, (n2,s2):2LEARNER, next=3, gen=1]
I200313 14:36:25.341962 1313 storage/replica_raft.go:291  [n1,s1,r24/1:/{Table/28-Max}] proposing ADD_REPLICA[(n2,s2):2]: after=[(n1,s1):1 (n2,s2):2] next=3
I200313 14:36:25.345155 1313 storage/replica_command.go:1586  [n1,replicate,s1,r24/1:/{Table/28-Max}] change replicas (add [(n3,s3):3LEARNER] remove []): existing descriptor r24:/{Table/28-Max} [(n1,s1):1, (n2,s2):2, next=3, gen=2]
I200313 14:36:25.366651 1313 storage/replica_raft.go:291  [n1,s1,r24/1:/{Table/28-Max}] proposing ADD_REPLICA[(n3,s3):3LEARNER]: after=[(n1,s1):1 (n2,s2):2 (n3,s3):3LEARNER] next=4
I200313 14:36:25.371816 1313 storage/store_snapshot.go:978  [n1,replicate,s1,r24/1:/{Table/28-Max}] sending LEARNER snapshot 53951ed2 at applied index 380
I200313 14:36:25.372064 1329 storage/raft_snapshot_queue.go:125  [n1,raftsnapshot,s1,r24/1:/{Table/28-Max}] skipping snapshot; replica is likely a learner in the process of being added: (n3,s3):3LEARNER
I200313 14:36:25.372189 1313 storage/store_snapshot.go:1021  [n1,replicate,s1,r24/1:/{Table/28-Max}] streamed snapshot to (n3,s3):3LEARNER: kv pairs: 107, log entries: 0, rate-limit: 8.0 MiB/sec, 0.00s
I200313 14:36:25.418544 1313 storage/replica_command.go:1586  [n1,replicate,s1,r24/1:/{Table/28-Max}] change replicas (add [(n3,s3):3] remove []): existing descriptor r24:/{Table/28-Max} [(n1,s1):1, (n2,s2):2, (n3,s3):3LEARNER, next=4, gen=3]
I200313 14:36:25.429205 1313 storage/replica_raft.go:291  [n1,s1,r24/1:/{Table/28-Max}] proposing ADD_REPLICA[(n3,s3):3]: after=[(n1,s1):1 (n2,s2):2 (n3,s3):3] next=4
I200313 14:36:26.261597 1359 storage/replica_command.go:1586  [n1,replicate,s1,r10/1:/Table/1{4-5}] change replicas (add [(n4,s4):2LEARNER] remove []): existing descriptor r10:/Table/1{4-5} [(n1,s1):1, next=2, gen=0]
I200313 14:36:26.274679 1359 storage/replica_raft.go:291  [n1,s1,r10/1:/Table/1{4-5}] proposing ADD_REPLICA[(n4,s4):2LEARNER]: after=[(n1,s1):1 (n4,s4):2LEARNER] next=3
I200313 14:36:26.278773 1359 storage/store_snapshot.go:978  [n1,replicate,s1,r10/1:/Table/1{4-5}] sending LEARNER snapshot a07a774b at applied index 38
I200313 14:36:26.278991 1359 storage/store_snapshot.go:1021  [n1,replicate,s1,r10/1:/Table/1{4-5}] streamed snapshot to (n4,s4):2LEARNER: kv pairs: 7, log entries: 0, rate-limit: 8.0 MiB/sec, 0.00s
I200313 14:36:26.278997 1414 storage/raft_snapshot_queue.go:125  [n1,raftsnapshot,s1,r10/1:/Table/1{4-5}] skipping snapshot; replica is likely a learner in the process of being added: (n4,s4):2LEARNER
I200313 14:36:26.328852 1359 storage/replica_command.go:1586  [n1,replicate,s1,r10/1:/Table/1{4-5}] change replicas (add [(n4,s4):2] remove []): existing descriptor r10:/Table/1{4-5} [(n1,s1):1, (n4,s4):2LEARNER, next=3, gen=1]
I200313 14:36:26.344483 1359 storage/replica_raft.go:291  [n1,s1,r10/1:/Table/1{4-5}] proposing ADD_REPLICA[(n4,s4):2]: after=[(n1,s1):1 (n4,s4):2] next=3
I200313 14:36:26.346755 1359 storage/replica_command.go:1586  [n1,replicate,s1,r10/1:/Table/1{4-5}] change replicas (add [(n3,s3):3LEARNER] remove []): existing descriptor r10:/Table/1{4-5} [(n1,s1):1, (n4,s4):2, next=3, gen=2]
I200313 14:36:26.365766 1359 storage/replica_raft.go:291  [n1,s1,r10/1:/Table/1{4-5}] proposing ADD_REPLICA[(n3,s3):3LEARNER]: after=[(n1,s1):1 (n4,s4):2 (n3,s3):3LEARNER] next=4
I200313 14:36:26.374487 1359 storage/store_snapshot.go:978  [n1,replicate,s1,r10/1:/Table/1{4-5}] sending LEARNER snapshot db17796a at applied index 42
I200313 14:36:26.374619 1440 storage/raft_snapshot_queue.go:125  [n1,raftsnapshot,s1,r10/1:/Table/1{4-5}] skipping snapshot; replica is likely a learner in the process of being added: (n3,s3):3LEARNER
I200313 14:36:26.374777 1359 storage/store_snapshot.go:1021  [n1,replicate,s1,r10/1:/Table/1{4-5}] streamed snapshot to (n3,s3):3LEARNER: kv pairs: 11, log entries: 0, rate-limit: 8.0 MiB/sec, 0.00s
I200313 14:36:26.440082 1359 storage/replica_command.go:1586  [n1,replicate,s1,r10/1:/Table/1{4-5}] change replicas (add [(n3,s3):3] remove []): existing descriptor r10:/Table/1{4-5} [(n1,s1):1, (n4,s4):2, (n3,s3):3LEARNER, next=4, gen=3]
I200313 14:36:26.448745 1359 storage/replica_raft.go:291  [n1,s1,r10/1:/Table/1{4-5}] proposing ADD_REPLICA[(n3,s3):3]: after=[(n1,s1):1 (n4,s4):2 (n3,s3):3] next=4
I200313 14:36:27.070438 150 storage/store_remove_replica.go:129  [n1,s1,r4/1:/System{/tsd-tse}] removing replica r4/1
I200313 14:36:27.251246 1420 storage/replica_command.go:1586  [n1,replicate,s1,r6/1:/Table/{SystemCon…-11}] change replicas (add [(n2,s2):2LEARNER] remove []): existing descriptor r6:/Table/{SystemConfigSpan/Start-11} [(n1,s1):1, next=2, gen=0]
I200313 14:36:27.268309 1420 storage/replica_raft.go:291  [n1,s1,r6/1:/Table/{SystemCon…-11}] proposing ADD_REPLICA[(n2,s2):2LEARNER]: after=[(n1,s1):1 (n2,s2):2LEARNER] next=3
I200313 14:36:27.274110 1420 storage/store_snapshot.go:978  [n1,replicate,s1,r6/1:/Table/{SystemCon…-11}] sending LEARNER snapshot e6bae971 at applied index 89
I200313 14:36:27.274674 1518 storage/raft_snapshot_queue.go:125  [n1,raftsnapshot,s1,r6/1:/Table/{SystemCon…-11}] skipping snapshot; replica is likely a learner in the process of being added: (n2,s2):2LEARNER
I200313 14:36:27.274917 1420 storage/store_snapshot.go:1021  [n1,replicate,s1,r6/1:/Table/{SystemCon…-11}] streamed snapshot to (n2,s2):2LEARNER: kv pairs: 77, log entries: 0, rate-limit: 8.0 MiB/sec, 0.00s
I200313 14:36:27.299848 199 server/status/runtime.go:498  [n1] runtime stats: 156 MiB RSS, 260 goroutines, 126 MiB/59 MiB/201 MiB GO alloc/idle/total, 16 MiB/23 MiB CGO alloc/total, 0.0 CGO/sec, 0.0/0.0 %(u/s)time, 0.0 %gc (9x), 360 KiB/1.2 MiB (r/w)net
I200313 14:36:27.443112 1420 storage/replica_command.go:1586  [n1,replicate,s1,r6/1:/Table/{SystemCon…-11}] change replicas (add [(n2,s2):2] remove []): existing descriptor r6:/Table/{SystemConfigSpan/Start-11} [(n1,s1):1, (n2,s2):2LEARNER, next=3, gen=1]
I200313 14:36:27.458259 1420 storage/replica_raft.go:291  [n1,s1,r6/1:/Table/{SystemCon…-11}] proposing ADD_REPLICA[(n2,s2):2]: after=[(n1,s1):1 (n2,s2):2] next=3
I200313 14:36:27.462431 1420 storage/replica_command.go:1586  [n1,replicate,s1,r6/1:/Table/{SystemCon…-11}] change replicas (add [(n3,s3):3LEARNER] remove []): existing descriptor r6:/Table/{SystemConfigSpan/Start-11} [(n1,s1):1, (n2,s2):2, next=3, gen=2]
I200313 14:36:27.507552 1420 storage/replica_raft.go:291  [n1,s1,r6/1:/Table/{SystemCon…-11}] proposing ADD_REPLICA[(n3,s3):3LEARNER]: after=[(n1,s1):1 (n2,s2):2 (n3,s3):3LEARNER] next=4
I200313 14:36:27.530444 1531 storage/raft_snapshot_queue.go:125  [n1,raftsnapshot,s1,r6/1:/Table/{SystemCon…-11}] skipping snapshot; replica is likely a learner in the process of being added: (n3,s3):3LEARNER
I200313 14:36:27.530418 1420 storage/store_snapshot.go:978  [n1,replicate,s1,r6/1:/Table/{SystemCon…-11}] sending LEARNER snapshot d2d405fc at applied index 93
I200313 14:36:27.531466 1420 storage/store_snapshot.go:1021  [n1,replicate,s1,r6/1:/Table/{SystemCon…-11}] streamed snapshot to (n3,s3):3LEARNER: kv pairs: 81, log entries: 0, rate-limit: 8.0 MiB/sec, 0.01s
W200313 14:36:27.570836 209 server/node.go:826  [n1,summaries] health alerts detected: {Alerts:[{StoreID:1 Category:METRICS Description:ranges.underreplicated Value:12}]}
I200313 14:36:27.757667 1420 storage/replica_command.go:1586  [n1,replicate,s1,r6/1:/Table/{SystemCon…-11}] change replicas (add [(n3,s3):3] remove []): existing descriptor r6:/Table/{SystemConfigSpan/Start-11} [(n1,s1):1, (n2,s2):2, (n3,s3):3LEARNER, next=4, gen=3]
I200313 14:36:27.789912 1420 storage/replica_raft.go:291  [n1,s1,r6/1:/Table/{SystemCon…-11}] proposing ADD_REPLICA[(n3,s3):3]: after=[(n1,s1):1 (n2,s2):2 (n3,s3):3] next=4
I200313 14:36:28.229446 1566 storage/replica_command.go:1586  [n1,replicate,s1,r14/1:/Table/1{8-9}] change replicas (add [(n2,s2):2LEARNER] remove []): existing descriptor r14:/Table/1{8-9} [(n1,s1):1, next=2, gen=0]
I200313 14:36:28.307422 1566 storage/replica_raft.go:291  [n1,s1,r14/1:/Table/1{8-9}] proposing ADD_REPLICA[(n2,s2):2LEARNER]: after=[(n1,s1):1 (n2,s2):2LEARNER] next=3
I200313 14:36:28.328994 1566 storage/store_snapshot.go:978  [n1,replicate,s1,r14/1:/Table/1{8-9}] sending LEARNER snapshot 156f3713 at applied index 38
I200313 14:36:28.329379 1552 storage/raft_snapshot_queue.go:125  [n1,raftsnapshot,s1,r14/1:/Table/1{8-9}] skipping snapshot; replica is likely a learner in the process of being added: (n2,s2):2LEARNER
I200313 14:36:28.330348 1566 storage/store_snapshot.go:1021  [n1,replicate,s1,r14/1:/Table/1{8-9}] streamed snapshot to (n2,s2):2LEARNER: kv pairs: 7, log entries: 0, rate-limit: 8.0 MiB/sec, 0.02s
I200313 14:36:28.460719 1566 storage/replica_command.go:1586  [n1,replicate,s1,r14/1:/Table/1{8-9}] change replicas (add [(n2,s2):2] remove []): existing descriptor r14:/Table/1{8-9} [(n1,s1):1, (n2,s2):2LEARNER, next=3, gen=1]
I200313 14:36:28.481338 1566 storage/replica_raft.go:291  [n1,s1,r14/1:/Table/1{8-9}] proposing ADD_REPLICA[(n2,s2):2]: after=[(n1,s1):1 (n2,s2):2] next=3
I200313 14:36:28.483358 1566 storage/replica_command.go:1586  [n1,replicate,s1,r14/1:/Table/1{8-9}] change replicas (add [(n4,s4):3LEARNER] remove []): existing descriptor r14:/Table/1{8-9} [(n1,s1):1, (n2,s2):2, next=3, gen=2]
I200313 14:36:28.501723 1566 storage/replica_raft.go:291  [n1,s1,r14/1:/Table/1{8-9}] proposing ADD_REPLICA[(n4,s4):3LEARNER]: after=[(n1,s1):1 (n2,s2):2 (n4,s4):3LEARNER] next=4
I200313 14:36:28.507981 1566 storage/store_snapshot.go:978  [n1,replicate,s1,r14/1:/Table/1{8-9}] sending LEARNER snapshot ef50742d at applied index 42
I200313 14:36:28.508153 1596 storage/raft_snapshot_queue.go:125  [n1,raftsnapshot,s1,r14/1:/Table/1{8-9}] skipping snapshot; replica is likely a learner in the process of being added: (n4,s4):3LEARNER
I200313 14:36:28.508315 1566 storage/store_snapshot.go:1021  [n1,replicate,s1,r14/1:/Table/1{8-9}] streamed snapshot to (n4,s4):3LEARNER: kv pairs: 11, log entries: 0, rate-limit: 8.0 MiB/sec, 0.00s
I200313 14:36:28.600505 1566 storage/replica_command.go:1586  [n1,replicate,s1,r14/1:/Table/1{8-9}] change replicas (add [(n4,s4):3] remove []): existing descriptor r14:/Table/1{8-9} [(n1,s1):1, (n2,s2):2, (n4,s4):3LEARNER, next=4, gen=3]
I200313 14:36:28.616886 1566 storage/replica_raft.go:291  [n1,s1,r14/1:/Table/1{8-9}] proposing ADD_REPLICA[(n4,s4):3]: after=[(n1,s1):1 (n2,s2):2 (n4,s4):3] next=4
I200313 14:36:29.222192 1635 storage/replica_command.go:1586  [n1,replicate,s1,r1/1:/{Min-System/NodeL…}] change replicas (add [(n2,s2):2LEARNER] remove []): existing descriptor r1:/{Min-System/NodeLiveness} [(n1,s1):1, next=2, gen=0]
I200313 14:36:29.240184 1635 storage/replica_raft.go:291  [n1,s1,r1/1:/{Min-System/NodeL…}] proposing ADD_REPLICA[(n2,s2):2LEARNER]: after=[(n1,s1):1 (n2,s2):2LEARNER] next=3
I200313 14:36:29.245740 1635 storage/store_snapshot.go:978  [n1,replicate,s1,r1/1:/{Min-System/NodeL…}] sending LEARNER snapshot 47abbf4c at applied index 959
I200313 14:36:29.245952 1610 storage/raft_snapshot_queue.go:125  [n1,raftsnapshot,s1,r1/1:/{Min-System/NodeL…}] skipping snapshot; replica is likely a learner in the process of being added: (n2,s2):2LEARNER
I200313 14:36:29.246143 1635 storage/store_snapshot.go:1021  [n1,replicate,s1,r1/1:/{Min-System/NodeL…}] streamed snapshot to (n2,s2):2LEARNER: kv pairs: 108, log entries: 0, rate-limit: 8.0 MiB/sec, 0.00s
I200313 14:36:29.324890 1635 storage/replica_command.go:1586  [n1,replicate,s1,r1/1:/{Min-System/NodeL…}] change replicas (add [(n2,s2):2] remove []): existing descriptor r1:/{Min-System/NodeLiveness} [(n1,s1):1, (n2,s2):2LEARNER, next=3, gen=1]
I200313 14:36:29.337714 1635 storage/replica_raft.go:291  [n1,s1,r1/1:/{Min-System/NodeL…}] proposing ADD_REPLICA[(n2,s2):2]: after=[(n1,s1):1 (n2,s2):2] next=3
I200313 14:36:29.341705 1635 storage/replica_command.go:1586  [n1,replicate,s1,r1/1:/{Min-System/NodeL…}] change replicas (add [(n3,s3):3LEARNER] remove []): existing descriptor r1:/{Min-System/NodeLiveness} [(n1,s1):1, (n2,s2):2, next=3, gen=2]
I200313 14:36:29.360639 1635 storage/replica_raft.go:291  [n1,s1,r1/1:/{Min-System/NodeL…}] proposing ADD_REPLICA[(n3,s3):3LEARNER]: after=[(n1,s1):1 (n2,s2):2 (n3,s3):3LEARNER] next=4
I200313 14:36:29.366208 1635 storage/store_snapshot.go:978  [n1,replicate,s1,r1/1:/{Min-System/NodeL…}] sending LEARNER snapshot 199ed8c9 at applied index 965
I200313 14:36:29.366579 1635 storage/store_snapshot.go:1021  [n1,replicate,s1,r1/1:/{Min-System/NodeL…}] streamed snapshot to (n3,s3):3LEARNER: kv pairs: 116, log entries: 0, rate-limit: 8.0 MiB/sec, 0.00s
I200313 14:36:29.366931 1646 storage/raft_snapshot_queue.go:125  [n1,raftsnapshot,s1,r1/1:/{Min-System/NodeL…}] skipping snapshot; replica is likely a learner in the process of being added: (n3,s3):3LEARNER
I200313 14:36:29.442301 1635 storage/replica_command.go:1586  [n1,replicate,s1,r1/1:/{Min-System/NodeL…}] change replicas (add [(n3,s3):3] remove []): existing descriptor r1:/{Min-System/NodeLiveness} [(n1,s1):1, (n2,s2):2, (n3,s3):3LEARNER, next=4, gen=3]
I200313 14:36:29.458330 1635 storage/replica_raft.go:291  [n1,s1,r1/1:/{Min-System/NodeL…}] proposing ADD_REPLICA[(n3,s3):3]: after=[(n1,s1):1 (n2,s2):2 (n3,s3):3] next=4
I200313 14:36:30.231810 1678 storage/replica_command.go:1586  [n1,replicate,s1,r18/1:/Table/2{2-3}] change replicas (add [(n2,s2):2LEARNER] remove []): existing descriptor r18:/Table/2{2-3} [(n1,s1):1, next=2, gen=0]
I200313 14:36:30.255954 1678 storage/replica_raft.go:291  [n1,s1,r18/1:/Table/2{2-3}] proposing ADD_REPLICA[(n2,s2):2LEARNER]: after=[(n1,s1):1 (n2,s2):2LEARNER] next=3
I200313 14:36:30.262406 1678 storage/store_snapshot.go:978  [n1,replicate,s1,r18/1:/Table/2{2-3}] sending LEARNER snapshot 9098c76d at applied index 42
I200313 14:36:30.262767 1731 storage/raft_snapshot_queue.go:125  [n1,raftsnapshot,s1,r18/1:/Table/2{2-3}] skipping snapshot; replica is likely a learner in the process of being added: (n2,s2):2LEARNER
I200313 14:36:30.262921 1678 storage/store_snapshot.go:1021  [n1,replicate,s1,r18/1:/Table/2{2-3}] streamed snapshot to (n2,s2):2LEARNER: kv pairs: 7, log entries: 0, rate-limit: 8.0 MiB/sec, 0.00s
I200313 14:36:30.338438 1678 storage/replica_command.go:1586  [n1,replicate,s1,r18/1:/Table/2{2-3}] change replicas (add [(n2,s2):2] remove []): existing descriptor r18:/Table/2{2-3} [(n1,s1):1, (n2,s2):2LEARNER, next=3, gen=1]
I200313 14:36:30.355800 1678 storage/replica_raft.go:291  [n1,s1,r18/1:/Table/2{2-3}] proposing ADD_REPLICA[(n2,s2):2]: after=[(n1,s1):1 (n2,s2):2] next=3
I200313 14:36:30.358028 1678 storage/replica_command.go:1586  [n1,replicate,s1,r18/1:/Table/2{2-3}] change replicas (add [(n4,s4):3LEARNER] remove []): existing descriptor r18:/Table/2{2-3} [(n1,s1):1, (n2,s2):2, next=3, gen=2]
I200313 14:36:30.378076 1678 storage/replica_raft.go:291  [n1,s1,r18/1:/Table/2{2-3}] proposing ADD_REPLICA[(n4,s4):3LEARNER]: after=[(n1,s1):1 (n2,s2):2 (n4,s4):3LEARNER] next=4
I200313 14:36:30.384219 1678 storage/store_snapshot.go:978  [n1,replicate,s1,r18/1:/Table/2{2-3}] sending LEARNER snapshot e65379cf at applied index 46
I200313 14:36:30.384417 1721 storage/raft_snapshot_queue.go:125  [n1,raftsnapshot,s1,r18/1:/Table/2{2-3}] skipping snapshot; replica is likely a learner in the process of being added: (n4,s4):3LEARNER
I200313 14:36:30.384496 1678 storage/store_snapshot.go:1021  [n1,replicate,s1,r18/1:/Table/2{2-3}] streamed snapshot to (n4,s4):3LEARNER: kv pairs: 11, log entries: 0, rate-limit: 8.0 MiB/sec, 0.00s
I200313 14:36:30.450055 1678 storage/replica_command.go:1586  [n1,replicate,s1,r18/1:/Table/2{2-3}] change replicas (add [(n4,s4):3] remove []): existing descriptor r18:/Table/2{2-3} [(n1,s1):1, (n2,s2):2, (n4,s4):3LEARNER, next=4, gen=3]
I200313 14:36:30.479431 1678 storage/replica_raft.go:291  [n1,s1,r18/1:/Table/2{2-3}] proposing ADD_REPLICA[(n4,s4):3]: after=[(n1,s1):1 (n2,s2):2 (n4,s4):3] next=4
I200313 14:36:30.737850 140 storage/store_remove_replica.go:129  [n1,s1,r24/1:/{Table/28-Max}] removing replica r24/1
I200313 14:36:31.242065 1727 storage/replica_command.go:1586  [n1,replicate,s1,r11/1:/Table/1{5-6}] change replicas (add [(n2,s2):2LEARNER] remove []): existing descriptor r11:/Table/1{5-6} [(n1,s1):1, next=2, gen=0]
I200313 14:36:31.287893 1727 storage/replica_raft.go:291  [n1,s1,r11/1:/Table/1{5-6}] proposing ADD_REPLICA[(n2,s2):2LEARNER]: after=[(n1,s1):1 (n2,s2):2LEARNER] next=3
I200313 14:36:31.296886 1727 storage/store_snapshot.go:978  [n1,replicate,s1,r11/1:/Table/1{5-6}] sending LEARNER snapshot 288c9792 at applied index 38
I200313 14:36:31.297064 1772 storage/raft_snapshot_queue.go:125  [n1,raftsnapshot,s1,r11/1:/Table/1{5-6}] skipping snapshot; replica is likely a learner in the process of being added: (n2,s2):2LEARNER
I200313 14:36:31.297201 1727 storage/store_snapshot.go:1021  [n1,replicate,s1,r11/1:/Table/1{5-6}] streamed snapshot to (n2,s2):2LEARNER: kv pairs: 7, log entries: 0, rate-limit: 8.0 MiB/sec, 0.01s
I200313 14:36:31.391014 1727 storage/replica_command.go:1586  [n1,replicate,s1,r11/1:/Table/1{5-6}] change replicas (add [(n2,s2):2] remove []): existing descriptor r11:/Table/1{5-6} [(n1,s1):1, (n2,s2):2LEARNER, next=3, gen=1]
I200313 14:36:31.422110 1727 storage/replica_raft.go:291  [n1,s1,r11/1:/Table/1{5-6}] proposing ADD_REPLICA[(n2,s2):2]: after=[(n1,s1):1 (n2,s2):2] next=3
I200313 14:36:31.425169 1727 storage/replica_command.go:1586  [n1,replicate,s1,r11/1:/Table/1{5-6}] change replicas (add [(n3,s3):3LEARNER] remove []): existing descriptor r11:/Table/1{5-6} [(n1,s1):1, (n2,s2):2, next=3, gen=2]
I200313 14:36:31.450038 1727 storage/replica_raft.go:291  [n1,s1,r11/1:/Table/1{5-6}] proposing ADD_REPLICA[(n3,s3):3LEARNER]: after=[(n1,s1):1 (n2,s2):2 (n3,s3):3LEARNER] next=4
I200313 14:36:31.459196 1727 storage/store_snapshot.go:978  [n1,replicate,s1,r11/1:/Table/1{5-6}] sending LEARNER snapshot 515a1542 at applied index 42
I200313 14:36:31.459511 1811 storage/raft_snapshot_queue.go:125  [n1,raftsnapshot,s1,r11/1:/Table/1{5-6}] skipping snapshot; replica is likely a learner in the process of being added: (n3,s3):3LEARNER
I200313 14:36:31.459773 1727 storage/store_snapshot.go:1021  [n1,replicate,s1,r11/1:/Table/1{5-6}] streamed snapshot to (n3,s3):3LEARNER: kv pairs: 11, log entries: 0, rate-limit: 8.0 MiB/sec, 0.00s
I200313 14:36:31.569005 1727 storage/replica_command.go:1586  [n1,replicate,s1,r11/1:/Table/1{5-6}] change replicas (add [(n3,s3):3] remove []): existing descriptor r11:/Table/1{5-6} [(n1,s1):1, (n2,s2):2, (n3,s3):3LEARNER, next=4, gen=3]
I200313 14:36:31.589763 1727 storage/replica_raft.go:291  [n1,s1,r11/1:/Table/1{5-6}] proposing ADD_REPLICA[(n3,s3):3]: after=[(n1,s1):1 (n2,s2):2 (n3,s3):3] next=4
I200313 14:36:32.236223 1834 storage/replica_command.go:1586  [n1,replicate,s1,r15/1:/Table/{19-20}] change replicas (add [(n3,s3):2LEARNER] remove []): existing descriptor r15:/Table/{19-20} [(n1,s1):1, next=2, gen=0]
I200313 14:36:32.252978 1834 storage/replica_raft.go:291  [n1,s1,r15/1:/Table/{19-20}] proposing ADD_REPLICA[(n3,s3):2LEARNER]: after=[(n1,s1):1 (n3,s3):2LEARNER] next=3
I200313 14:36:32.258207 1868 storage/raft_snapshot_queue.go:125  [n1,raftsnapshot,s1,r15/1:/Table/{19-20}] skipping snapshot; replica is likely a learner in the process of being added: (n3,s3):2LEARNER
I200313 14:36:32.259190 1834 storage/store_snapshot.go:978  [n1,replicate,s1,r15/1:/Table/{19-20}] sending LEARNER snapshot 3a1abfff at applied index 35
I200313 14:36:32.259495 1834 storage/store_snapshot.go:1021  [n1,replicate,s1,r15/1:/Table/{19-20}] streamed snapshot to (n3,s3):2LEARNER: kv pairs: 7, log entries: 0, rate-limit: 8.0 MiB/sec, 0.00s
I200313 14:36:32.329712 1834 storage/replica_command.go:1586  [n1,replicate,s1,r15/1:/Table/{19-20}] change replicas (add [(n3,s3):2] remove []): existing descriptor r15:/Table/{19-20} [(n1,s1):1, (n3,s3):2LEARNER, next=3, gen=1]
I200313 14:36:32.343221 1834 storage/replica_raft.go:291  [n1,s1,r15/1:/Table/{19-20}] proposing ADD_REPLICA[(n3,s3):2]: after=[(n1,s1):1 (n3,s3):2] next=3
I200313 14:36:32.345201 1834 storage/replica_command.go:1586  [n1,replicate,s1,r15/1:/Table/{19-20}] change replicas (add [(n4,s4):3LEARNER] remove []): existing descriptor r15:/Table/{19-20} [(n1,s1):1, (n3,s3):2, next=3, gen=2]
I200313 14:36:32.366500 1834 storage/replica_raft.go:291  [n1,s1,r15/1:/Table/{19-20}] proposing ADD_REPLICA[(n4,s4):3LEARNER]: after=[(n1,s1):1 (n3,s3):2 (n4,s4):3LEARNER] next=4
I200313 14:36:32.372958 1834 storage/store_snapshot.go:978  [n1,replicate,s1,r15/1:/Table/{19-20}] sending LEARNER snapshot 2d3e5fd5 at applied index 39
I200313 14:36:32.373076 1891 storage/raft_snapshot_queue.go:125  [n1,raftsnapshot,s1,r15/1:/Table/{19-20}] skipping snapshot; replica is likely a learner in the process of being added: (n4,s4):3LEARNER
I200313 14:36:32.373231 1834 storage/store_snapshot.go:1021  [n1,replicate,s1,r15/1:/Table/{19-20}] streamed snapshot to (n4,s4):3LEARNER: kv pairs: 11, log entries: 0, rate-limit: 8.0 MiB/sec, 0.00s
I200313 14:36:32.433676 1834 storage/replica_command.go:1586  [n1,replicate,s1,r15/1:/Table/{19-20}] change replicas (add [(n4,s4):3] remove []): existing descriptor r15:/Table/{19-20} [(n1,s1):1, (n3,s3):2, (n4,s4):3LEARNER, next=4, gen=3]
I200313 14:36:32.450315 1834 storage/replica_raft.go:291  [n1,s1,r15/1:/Table/{19-20}] proposing ADD_REPLICA[(n4,s4):3]: after=[(n1,s1):1 (n3,s3):2 (n4,s4):3] next=4
I200313 14:36:33.242487 1882 storage/replica_command.go:1586  [n1,replicate,s1,r13/1:/Table/1{7-8}] change replicas (add [(n2,s2):2LEARNER] remove []): existing descriptor r13:/Table/1{7-8} [(n1,s1):1, next=2, gen=0]
I200313 14:36:33.259726 1882 storage/replica_raft.go:291  [n1,s1,r13/1:/Table/1{7-8}] proposing ADD_REPLICA[(n2,s2):2LEARNER]: after=[(n1,s1):1 (n2,s2):2LEARNER] next=3
I200313 14:36:33.263854 1882 storage/store_snapshot.go:978  [n1,replicate,s1,r13/1:/Table/1{7-8}] sending LEARNER snapshot 4c72ca47 at applied index 41
I200313 14:36:33.264040 1900 storage/raft_snapshot_queue.go:125  [n1,raftsnapshot,s1,r13/1:/Table/1{7-8}] skipping snapshot; replica is likely a learner in the process of being added: (n2,s2):2LEARNER
I200313 14:36:33.264085 1882 storage/store_snapshot.go:1021  [n1,replicate,s1,r13/1:/Table/1{7-8}] streamed snapshot to (n2,s2):2LEARNER: kv pairs: 7, log entries: 0, rate-limit: 8.0 MiB/sec, 0.00s
I200313 14:36:33.335023 1882 storage/replica_command.go:1586  [n1,replicate,s1,r13/1:/Table/1{7-8}] change replicas (add [(n2,s2):2] remove []): existing descriptor r13:/Table/1{7-8} [(n1,s1):1, (n2,s2):2LEARNER, next=3, gen=1]
I200313 14:36:33.352612 1882 storage/replica_raft.go:291  [n1,s1,r13/1:/Table/1{7-8}] proposing ADD_REPLICA[(n2,s2):2]: after=[(n1,s1):1 (n2,s2):2] next=3
I200313 14:36:33.354321 1882 storage/replica_command.go:1586  [n1,replicate,s1,r13/1:/Table/1{7-8}] change replicas (add [(n3,s3):3LEARNER] remove []): existing descriptor r13:/Table/1{7-8} [(n1,s1):1, (n2,s2):2, next=3, gen=2]
I200313 14:36:33.381984 1882 storage/replica_raft.go:291  [n1,s1,r13/1:/Table/1{7-8}] proposing ADD_REPLICA[(n3,s3):3LEARNER]: after=[(n1,s1):1 (n2,s2):2 (n3,s3):3LEARNER] next=4
I200313 14:36:33.387701 1882 storage/store_snapshot.go:978  [n1,replicate,s1,r13/1:/Table/1{7-8}] sending LEARNER snapshot 0d4ca682 at applied index 45
I200313 14:36:33.387857 1958 storage/raft_snapshot_queue.go:125  [n1,raftsnapshot,s1,r13/1:/Table/1{7-8}] skipping snapshot; replica is likely a learner in the process of being added: (n3,s3):3LEARNER
I200313 14:36:33.388183 1882 storage/store_snapshot.go:1021  [n1,replicate,s1,r13/1:/Table/1{7-8}] streamed snapshot to (n3,s3):3LEARNER: kv pairs: 11, log entries: 0, rate-limit: 8.0 MiB/sec, 0.00s
I200313 14:36:33.454873 1882 storage/replica_command.go:1586  [n1,replicate,s1,r13/1:/Table/1{7-8}] change replicas (add [(n3,s3):3] remove []): existing descriptor r13:/Table/1{7-8} [(n1,s1):1, (n2,s2):2, (n3,s3):3LEARNER, next=4, gen=3]
I200313 14:36:33.471902 1882 storage/replica_raft.go:291  [n1,s1,r13/1:/Table/1{7-8}] proposing ADD_REPLICA[(n3,s3):3]: after=[(n1,s1):1 (n2,s2):2 (n3,s3):3] next=4
I200313 14:36:34.238390 1960 storage/replica_command.go:1586  [n1,replicate,s1,r16/1:/Table/2{0-1}] change replicas (add [(n4,s4):2LEARNER] remove []): existing descriptor r16:/Table/2{0-1} [(n1,s1):1, next=2, gen=0]
I200313 14:36:34.257665 1960 storage/replica_raft.go:291  [n1,s1,r16/1:/Table/2{0-1}] proposing ADD_REPLICA[(n4,s4):2LEARNER]: after=[(n1,s1):1 (n4,s4):2LEARNER] next=3
I200313 14:36:34.262340 1960 storage/store_snapshot.go:978  [n1,replicate,s1,r16/1:/Table/2{0-1}] sending LEARNER snapshot e409f333 at applied index 38
I200313 14:36:34.262873 1960 storage/store_snapshot.go:1021  [n1,replicate,s1,r16/1:/Table/2{0-1}] streamed snapshot to (n4,s4):2LEARNER: kv pairs: 7, log entries: 0, rate-limit: 8.0 MiB/sec, 0.00s
I200313 14:36:34.264410 2003 storage/raft_snapshot_queue.go:125  [n1,raftsnapshot,s1,r16/1:/Table/2{0-1}] skipping snapshot; replica is likely a learner in the process of being added: (n4,s4):2LEARNER
I200313 14:36:34.317435 1960 storage/replica_command.go:1586  [n1,replicate,s1,r16/1:/Table/2{0-1}] change replicas (add [(n4,s4):2] remove []): existing descriptor r16:/Table/2{0-1} [(n1,s1):1, (n4,s4):2LEARNER, next=3, gen=1]
I200313 14:36:34.333788 1960 storage/replica_raft.go:291  [n1,s1,r16/1:/Table/2{0-1}] proposing ADD_REPLICA[(n4,s4):2]: after=[(n1,s1):1 (n4,s4):2] next=3
I200313 14:36:34.337138 1960 storage/replica_command.go:1586  [n1,replicate,s1,r16/1:/Table/2{0-1}] change replicas (add [(n3,s3):3LEARNER] remove []): existing descriptor r16:/Table/2{0-1} [(n1,s1):1, (n4,s4):2, next=3, gen=2]
I200313 14:36:34.363547 1960 storage/replica_raft.go:291  [n1,s1,r16/1:/Table/2{0-1}] proposing ADD_REPLICA[(n3,s3):3LEARNER]: after=[(n1,s1):1 (n4,s4):2 (n3,s3):3LEARNER] next=4
I200313 14:36:34.373056 1960 storage/store_snapshot.go:978  [n1,replicate,s1,r16/1:/Table/2{0-1}] sending LEARNER snapshot 8496c5a1 at applied index 42
I200313 14:36:34.373439 1960 storage/store_snapshot.go:1021  [n1,replicate,s1,r16/1:/Table/2{0-1}] streamed snapshot to (n3,s3):3LEARNER: kv pairs: 11, log entries: 0, rate-limit: 8.0 MiB/sec, 0.01s
I200313 14:36:34.379835 2008 storage/raft_snapshot_queue.go:125  [n1,raftsnapshot,s1,r16/1:/Table/2{0-1}] skipping snapshot; replica is likely a learner in the process of being added: (n3,s3):3LEARNER
I200313 14:36:34.468584 1960 storage/replica_command.go:1586  [n1,replicate,s1,r16/1:/Table/2{0-1}] change replicas (add [(n3,s3):3] remove []): existing descriptor r16:/Table/2{0-1} [(n1,s1):1, (n4,s4):2, (n3,s3):3LEARNER, next=4, gen=3]
I200313 14:36:34.485665 1960 storage/replica_raft.go:291  [n1,s1,r16/1:/Table/2{0-1}] proposing ADD_REPLICA[(n3,s3):3]: after=[(n1,s1):1 (n4,s4):2 (n3,s3):3] next=4
I200313 14:36:34.752963 181 storage/compactor/compactor.go:370  [n1,s1,compactor] processing compaction #1-7/7 (/System/tsd-/Max) for 13 MiB (reasons: size=false used=true avail=false)
I200313 14:36:34.788482 181 storage/compactor/compactor.go:386  [n1,s1,compactor] processed compaction #1-7/7 (/System/tsd-/Max) for 13 MiB in 0.0s
I200313 14:36:35.242372 1966 storage/replica_command.go:1586  [n1,replicate,s1,r20/1:/Table/2{4-5}] change replicas (add [(n2,s2):2LEARNER] remove []): existing descriptor r20:/Table/2{4-5} [(n1,s1):1, next=2, gen=0]
I200313 14:36:35.257870 1966 storage/replica_raft.go:291  [n1,s1,r20/1:/Table/2{4-5}] proposing ADD_REPLICA[(n2,s2):2LEARNER]: after=[(n1,s1):1 (n2,s2):2LEARNER] next=3
I200313 14:36:35.261896 1966 storage/store_snapshot.go:978  [n1,replicate,s1,r20/1:/Table/2{4-5}] sending LEARNER snapshot 3475fc0a at applied index 38
I200313 14:36:35.262069 2001 storage/raft_snapshot_queue.go:125  [n1,raftsnapshot,s1,r20/1:/Table/2{4-5}] skipping snapshot; replica is likely a learner in the process of being added: (n2,s2):2LEARNER
I200313 14:36:35.262090 1966 storage/store_snapshot.go:1021  [n1,replicate,s1,r20/1:/Table/2{4-5}] streamed snapshot to (n2,s2):2LEARNER: kv pairs: 7, log entries: 0, rate-limit: 8.0 MiB/sec, 0.00s
I200313 14:36:35.334439 1966 storage/replica_command.go:1586  [n1,replicate,s1,r20/1:/Table/2{4-5}] change replicas (add [(n2,s2):2] remove []): existing descriptor r20:/Table/2{4-5} [(n1,s1):1, (n2,s2):2LEARNER, next=3, gen=1]
I200313 14:36:35.352879 1966 storage/replica_raft.go:291  [n1,s1,r20/1:/Table/2{4-5}] proposing ADD_REPLICA[(n2,s2):2]: after=[(n1,s1):1 (n2,s2):2] next=3
I200313 14:36:35.356642 1966 storage/replica_command.go:1586  [n1,replicate,s1,r20/1:/Table/2{4-5}] change replicas (add [(n4,s4):3LEARNER] remove []): existing descriptor r20:/Table/2{4-5} [(n1,s1):1, (n2,s2):2, next=3, gen=2]
I200313 14:36:35.386450 1966 storage/replica_raft.go:291  [n1,s1,r20/1:/Table/2{4-5}] proposing ADD_REPLICA[(n4,s4):3LEARNER]: after=[(n1,s1):1 (n2,s2):2 (n4,s4):3LEARNER] next=4
I200313 14:36:35.392784 1966 storage/store_snapshot.go:978  [n1,replicate,s1,r20/1:/Table/2{4-5}] sending LEARNER snapshot 5776188a at applied index 42
I200313 14:36:35.393284 1966 storage/store_snapshot.go:1021  [n1,replicate,s1,r20/1:/Table/2{4-5}] streamed snapshot to (n4,s4):3LEARNER: kv pairs: 11, log entries: 0, rate-limit: 8.0 MiB/sec, 0.00s
I200313 14:36:35.407650 2055 storage/raft_snapshot_queue.go:125  [n1,raftsnapshot,s1,r20/1:/Table/2{4-5}] skipping snapshot; replica is likely a learner in the process of being added: (n4,s4):3LEARNER
I200313 14:36:35.455601 1966 storage/replica_command.go:1586  [n1,replicate,s1,r20/1:/Table/2{4-5}] change replicas (add [(n4,s4):3] remove []): existing descriptor r20:/Table/2{4-5} [(n1,s1):1, (n2,s2):2, (n4,s4):3LEARNER, next=4, gen=3]
I200313 14:36:35.481867 1966 storage/replica_raft.go:291  [n1,s1,r20/1:/Table/2{4-5}] proposing ADD_REPLICA[(n4,s4):3]: after=[(n1,s1):1 (n2,s2):2 (n4,s4):3] next=4
I200313 14:36:36.242464 2101 storage/replica_command.go:1586  [n1,replicate,s1,r22/1:/Table/2{6-7}] change replicas (add [(n2,s2):2LEARNER] remove []): existing descriptor r22:/Table/2{6-7} [(n1,s1):1, next=2, gen=0]
I200313 14:36:36.261292 2101 storage/replica_raft.go:291  [n1,s1,r22/1:/Table/2{6-7}] proposing ADD_REPLICA[(n2,s2):2LEARNER]: after=[(n1,s1):1 (n2,s2):2LEARNER] next=3
I200313 14:36:36.265368 2101 storage/store_snapshot.go:978  [n1,replicate,s1,r22/1:/Table/2{6-7}] sending LEARNER snapshot eecfaed3 at applied index 45
I200313 14:36:36.265574 2101 storage/store_snapshot.go:1021  [n1,replicate,s1,r22/1:/Table/2{6-7}] streamed snapshot to (n2,s2):2LEARNER: kv pairs: 7, log entries: 0, rate-limit: 8.0 MiB/sec, 0.00s
I200313 14:36:36.265636 2117 storage/raft_snapshot_queue.go:125  [n1,raftsnapshot,s1,r22/1:/Table/2{6-7}] skipping snapshot; replica is likely a learner in the process of being added: (n2,s2):2LEARNER
I200313 14:36:36.328923 2101 storage/replica_command.go:1586  [n1,replicate,s1,r22/1:/Table/2{6-7}] change replicas (add [(n2,s2):2] remove []): existing descriptor r22:/Table/2{6-7} [(n1,s1):1, (n2,s2):2LEARNER, next=3, gen=1]
I200313 14:36:36.344651 2101 storage/replica_raft.go:291  [n1,s1,r22/1:/Table/2{6-7}] proposing ADD_REPLICA[(n2,s2):2]: after=[(n1,s1):1 (n2,s2):2] next=3
I200313 14:36:36.346479 2101 storage/replica_command.go:1586  [n1,replicate,s1,r22/1:/Table/2{6-7}] change replicas (add [(n3,s3):3LEARNER] remove []): existing descriptor r22:/Table/2{6-7} [(n1,s1):1, (n2,s2):2, next=3, gen=2]
I200313 14:36:36.365637 2101 storage/replica_raft.go:291  [n1,s1,r22/1:/Table/2{6-7}] proposing ADD_REPLICA[(n3,s3):3LEARNER]: after=[(n1,s1):1 (n2,s2):2 (n3,s3):3LEARNER] next=4
I200313 14:36:36.371031 2124 storage/raft_snapshot_queue.go:125  [n1,raftsnapshot,s1,r22/1:/Table/2{6-7}] skipping snapshot; replica is likely a learner in the process of being added: (n3,s3):3LEARNER
I200313 14:36:36.372112 2101 storage/store_snapshot.go:978  [n1,replicate,s1,r22/1:/Table/2{6-7}] sending LEARNER snapshot bc3e65f8 at applied index 49
I200313 14:36:36.372437 2101 storage/store_snapshot.go:1021  [n1,replicate,s1,r22/1:/Table/2{6-7}] streamed snapshot to (n3,s3):3LEARNER: kv pairs: 11, log entries: 0, rate-limit: 8.0 MiB/sec, 0.00s
I200313 14:36:36.434246 2101 storage/replica_command.go:1586  [n1,replicate,s1,r22/1:/Table/2{6-7}] change replicas (add [(n3,s3):3] remove []): existing descriptor r22:/Table/2{6-7} [(n1,s1):1, (n2,s2):2, (n3,s3):3LEARNER, next=4, gen=3]
I200313 14:36:36.450326 2101 storage/replica_raft.go:291  [n1,s1,r22/1:/Table/2{6-7}] proposing ADD_REPLICA[(n3,s3):3]: after=[(n1,s1):1 (n2,s2):2 (n3,s3):3] next=4
I200313 14:36:37.266189 199 server/status/runtime.go:498  [n1] runtime stats: 189 MiB RSS, 258 goroutines, 136 MiB/49 MiB/202 MiB GO alloc/idle/total, 17 MiB/26 MiB CGO alloc/total, 501.0 CGO/sec, 9.0/11.4 %(u/s)time, 0.0 %gc (1x), 350 KiB/576 KiB (r/w)net
I200313 14:36:37.318153 194 storage/store.go:2364  [n1,s1] sstables (read amplification = 1):
6 [ 149K 1 ]: 149K
I200313 14:36:37.318311 194 storage/store.go:2365  [n1,s1] 
** Compaction Stats [default] **
Level    Files   Size     Score Read(GB)  Rn(GB) Rnp1(GB) Write(GB) Wnew(GB) Moved(GB) W-Amp Rd(MB/s) Wr(MB/s) Comp(sec) CompMergeCPU(sec) Comp(cnt) Avg(sec) KeyIn KeyDrop
----------------------------------------------------------------------------------------------------------------------------------------------------------------------------
  L0      0/0    0.00 KB   0.0      0.0     0.0      0.0       0.0      0.0       0.0   1.0      0.0      4.9      0.04              0.00         2    0.019       0      0
  L6      1/0   149.14 KB   0.0      0.0     0.0      0.0       0.0     -0.0       0.0   0.8     35.1      9.2      0.02              0.01         1    0.016    6949   4948
 Sum      1/0   149.14 KB   0.0      0.0     0.0      0.0       0.0     -0.0       0.0   1.8     10.2      6.2      0.05              0.01         3    0.018    6949   4948
 Int      0/0    0.00 KB   0.0      0.0     0.0      0.0       0.0     -0.0       0.0   1.8     10.2      6.2      0.05              0.01         3    0.018    6949   4948

** Compaction Stats [default] **
Priority    Files   Size     Score Read(GB)  Rn(GB) Rnp1(GB) Write(GB) Wnew(GB) Moved(GB) W-Amp Rd(MB/s) Wr(MB/s) Comp(sec) CompMergeCPU(sec) Comp(cnt) Avg(sec) KeyIn KeyDrop
-------------------------------------------------------------------------------------------------------------------------------------------------------------------------------
 Low      0/0    0.00 KB   0.0      0.0     0.0      0.0       0.0     -0.0       0.0   0.0     35.1      9.2      0.02              0.01         1    0.016    6949   4948
High      0/0    0.00 KB   0.0      0.0     0.0      0.0       0.0      0.0       0.0   0.0      0.0     13.1      0.01              0.00         1    0.008       0      0
User      0/0    0.00 KB   0.0      0.0     0.0      0.0       0.0      0.0       0.0   0.0      0.0      2.9      0.03              0.00         1    0.031       0      0
Uptime(secs): 20.6 total, 20.6 interval
Flush(GB): cumulative 0.000, interval 0.000
AddFile(GB): cumulative 0.000, interval 0.000
AddFile(Total Files): cumulative 0, interval 0
AddFile(L0 Files): cumulative 0, interval 0
AddFile(Keys): cumulative 0, interval 0
Cumulative compaction: 0.00 GB write, 0.02 MB/s write, 0.00 GB read, 0.03 MB/s read, 0.1 seconds
Interval compaction: 0.00 GB write, 0.02 MB/s write, 0.00 GB read, 0.03 MB/s read, 0.1 seconds
Stalls(count): 0 level0_slowdown, 0 level0_slowdown_with_compaction, 0 level0_numfiles, 0 level0_numfiles_with_compaction, 0 stop for pending_compaction_bytes, 0 slowdown for pending_compaction_bytes, 0 memtable_compaction, 0 memtable_slowdown, interval 0 total count
estimated_pending_compaction_bytes: 0 B
W200313 14:36:37.410265 209 server/node.go:826  [n1,summaries] health alerts detected: {Alerts:[{StoreID:1 Category:METRICS Description:ranges.underreplicated Value:2}]}
I200313 14:36:38.237489 2147 storage/replica_command.go:1586  [n1,replicate,s1,r2/1:/System/NodeLiveness{-Max}] change replicas (add [(n4,s4):2LEARNER] remove []): existing descriptor r2:/System/NodeLiveness{-Max} [(n1,s1):1, next=2, gen=0]
I200313 14:36:38.259581 2147 storage/replica_raft.go:291  [n1,s1,r2/1:/System/NodeLiveness{-Max}] proposing ADD_REPLICA[(n4,s4):2LEARNER]: after=[(n1,s1):1 (n4,s4):2LEARNER] next=3
I200313 14:36:38.269095 2147 storage/store_snapshot.go:978  [n1,replicate,s1,r2/1:/System/NodeLiveness{-Max}] sending LEARNER snapshot 9645b443 at applied index 2558
I200313 14:36:38.269395 2197 storage/raft_snapshot_queue.go:125  [n1,raftsnapshot,s1,r2/1:/System/NodeLiveness{-Max}] skipping snapshot; replica is likely a learner in the process of being added: (n4,s4):2LEARNER
I200313 14:36:38.270120 2147 storage/store_snapshot.go:1021  [n1,replicate,s1,r2/1:/System/NodeLiveness{-Max}] streamed snapshot to (n4,s4):2LEARNER: kv pairs: 461, log entries: 0, rate-limit: 8.0 MiB/sec, 0.01s
I200313 14:36:38.384918 2147 storage/replica_command.go:1586  [n1,replicate,s1,r2/1:/System/NodeLiveness{-Max}] change replicas (add [(n4,s4):2] remove []): existing descriptor r2:/System/NodeLiveness{-Max} [(n1,s1):1, (n4,s4):2LEARNER, next=3, gen=1]
I200313 14:36:38.410654 2147 storage/replica_raft.go:291  [n1,s1,r2/1:/System/NodeLiveness{-Max}] proposing ADD_REPLICA[(n4,s4):2]: after=[(n1,s1):1 (n4,s4):2] next=3
I200313 14:36:38.414276 2147 storage/replica_command.go:1586  [n1,replicate,s1,r2/1:/System/NodeLiveness{-Max}] change replicas (add [(n2,s2):3LEARNER] remove []): existing descriptor r2:/System/NodeLiveness{-Max} [(n1,s1):1, (n4,s4):2, next=3, gen=2]
I200313 14:36:38.441377 2147 storage/replica_raft.go:291  [n1,s1,r2/1:/System/NodeLiveness{-Max}] proposing ADD_REPLICA[(n2,s2):3LEARNER]: after=[(n1,s1):1 (n4,s4):2 (n2,s2):3LEARNER] next=4
I200313 14:36:38.448784 2147 storage/store_snapshot.go:978  [n1,replicate,s1,r2/1:/System/NodeLiveness{-Max}] sending LEARNER snapshot cf3ca405 at applied index 2563
I200313 14:36:38.449200 2228 storage/raft_snapshot_queue.go:125  [n1,raftsnapshot,s1,r2/1:/System/NodeLiveness{-Max}] skipping snapshot; replica is likely a learner in the process of being added: (n2,s2):3LEARNER
I200313 14:36:38.449460 2147 storage/store_snapshot.go:1021  [n1,replicate,s1,r2/1:/System/NodeLiveness{-Max}] streamed snapshot to (n2,s2):3LEARNER: kv pairs: 465, log entries: 0, rate-limit: 8.0 MiB/sec, 0.00s
I200313 14:36:38.525888 2147 storage/replica_command.go:1586  [n1,replicate,s1,r2/1:/System/NodeLiveness{-Max}] change replicas (add [(n2,s2):3] remove []): existing descriptor r2:/System/NodeLiveness{-Max} [(n1,s1):1, (n4,s4):2, (n2,s2):3LEARNER, next=4, gen=3]
I200313 14:36:38.547674 2147 storage/replica_raft.go:291  [n1,s1,r2/1:/System/NodeLiveness{-Max}] proposing ADD_REPLICA[(n2,s2):3]: after=[(n1,s1):1 (n4,s4):2 (n2,s2):3] next=4
I200313 14:36:39.249096 2172 storage/replica_command.go:1586  [n1,replicate,s1,r21/1:/Table/2{5-6}] change replicas (add [(n3,s3):2LEARNER] remove []): existing descriptor r21:/Table/2{5-6} [(n1,s1):1, next=2, gen=0]
I200313 14:36:39.268260 2172 storage/replica_raft.go:291  [n1,s1,r21/1:/Table/2{5-6}] proposing ADD_REPLICA[(n3,s3):2LEARNER]: after=[(n1,s1):1 (n3,s3):2LEARNER] next=3
I200313 14:36:39.272753 2172 storage/store_snapshot.go:978  [n1,replicate,s1,r21/1:/Table/2{5-6}] sending LEARNER snapshot ab84e095 at applied index 42
I200313 14:36:39.272985 2172 storage/store_snapshot.go:1021  [n1,replicate,s1,r21/1:/Table/2{5-6}] streamed snapshot to (n3,s3):2LEARNER: kv pairs: 7, log entries: 0, rate-limit: 8.0 MiB/sec, 0.00s
I200313 14:36:39.274365 2244 storage/raft_snapshot_queue.go:125  [n1,raftsnapshot,s1,r21/1:/Table/2{5-6}] skipping snapshot; replica is likely a learner in the process of being added: (n3,s3):2LEARNER
I200313 14:36:39.353733 2172 storage/replica_command.go:1586  [n1,replicate,s1,r21/1:/Table/2{5-6}] change replicas (add [(n3,s3):2] remove []): existing descriptor r21:/Table/2{5-6} [(n1,s1):1, (n3,s3):2LEARNER, next=3, gen=1]
I200313 14:36:39.367702 2172 storage/replica_raft.go:291  [n1,s1,r21/1:/Table/2{5-6}] proposing ADD_REPLICA[(n3,s3):2]: after=[(n1,s1):1 (n3,s3):2] next=3
I200313 14:36:39.370425 2172 storage/replica_command.go:1586  [n1,replicate,s1,r21/1:/Table/2{5-6}] change replicas (add [(n4,s4):3LEARNER] remove []): existing descriptor r21:/Table/2{5-6} [(n1,s1):1, (n3,s3):2, next=3, gen=2]
I200313 14:36:39.385486 2172 storage/replica_raft.go:291  [n1,s1,r21/1:/Table/2{5-6}] proposing ADD_REPLICA[(n4,s4):3LEARNER]: after=[(n1,s1):1 (n3,s3):2 (n4,s4):3LEARNER] next=4
I200313 14:36:39.392453 2172 storage/store_snapshot.go:978  [n1,replicate,s1,r21/1:/Table/2{5-6}] sending LEARNER snapshot b90d4d12 at applied index 46
I200313 14:36:39.392993 2241 storage/raft_snapshot_queue.go:125  [n1,raftsnapshot,s1,r21/1:/Table/2{5-6}] skipping snapshot; replica is likely a learner in the process of being added: (n4,s4):3LEARNER
I200313 14:36:39.393006 2172 storage/store_snapshot.go:1021  [n1,replicate,s1,r21/1:/Table/2{5-6}] streamed snapshot to (n4,s4):3LEARNER: kv pairs: 11, log entries: 0, rate-limit: 8.0 MiB/sec, 0.00s
I200313 14:36:39.464247 2172 storage/replica_command.go:1586  [n1,replicate,s1,r21/1:/Table/2{5-6}] change replicas (add [(n4,s4):3] remove []): existing descriptor r21:/Table/2{5-6} [(n1,s1):1, (n3,s3):2, (n4,s4):3LEARNER, next=4, gen=3]
I200313 14:36:39.491195 2172 storage/replica_raft.go:291  [n1,s1,r21/1:/Table/2{5-6}] proposing ADD_REPLICA[(n4,s4):3]: after=[(n1,s1):1 (n3,s3):2 (n4,s4):3] next=4
I200313 14:36:47.267021 199 server/status/runtime.go:498  [n1] runtime stats: 191 MiB RSS, 254 goroutines, 88 MiB/91 MiB/202 MiB GO alloc/idle/total, 18 MiB/26 MiB CGO alloc/total, 208.6 CGO/sec, 3.3/4.2 %(u/s)time, 0.0 %gc (1x), 142 KiB/346 KiB (r/w)net
I200313 14:36:57.267647 199 server/status/runtime.go:498  [n1] runtime stats: 192 MiB RSS, 256 goroutines, 100 MiB/82 MiB/202 MiB GO alloc/idle/total, 18 MiB/26 MiB CGO alloc/total, 38.8 CGO/sec, 1.3/4.0 %(u/s)time, 0.0 %gc (0x), 113 KiB/287 KiB (r/w)net
I200313 14:37:07.234689 199 server/status/runtime.go:498  [n1] runtime stats: 206 MiB RSS, 267 goroutines, 111 MiB/69 MiB/203 MiB GO alloc/idle/total, 18 MiB/26 MiB CGO alloc/total, 35.8 CGO/sec, 10.7/8.7 %(u/s)time, 0.0 %gc (2x), 906 KiB/636 KiB (r/w)net
