I200313 14:11:19.209150 35 util/log/clog.go:1196  [config] file created at: 2020/03/13 14:11:19
I200313 14:11:19.209150 35 util/log/clog.go:1196  [config] running on machine: 61f3b1c2703a
I200313 14:11:19.209150 35 util/log/clog.go:1196  [config] binary: CockroachDB CCL v19.2.4 (x86_64-unknown-linux-gnu, built 2020/02/06 21:55:19, go1.12.12)
I200313 14:11:19.209150 35 util/log/clog.go:1196  [config] arguments: [/cockroach/cockroach start --insecure]
I200313 14:11:19.209150 35 util/log/clog.go:1196  line format: [IWEF]yymmdd hh:mm:ss.uuuuuu goid file:line msg utf8=✓
I200313 14:11:19.209134 35 storage/engine/rocksdb.go:120  RocksDB version: 6.2.1
I200313 14:11:19.213879 35 storage/engine/rocksdb.go:120  Git sha rocksdb_build_git_sha:@b7009236531fa784872f4823eabf393501e41bf2@
I200313 14:11:19.213900 35 storage/engine/rocksdb.go:120  Compile date Feb  6 2020
I200313 14:11:19.213920 35 storage/engine/rocksdb.go:120  DB SUMMARY
I200313 14:11:19.215580 35 storage/engine/rocksdb.go:120  SST files in /cockroach/cockroach-data/cockroach-temp269725404 dir, Total Num: 0, files: 
I200313 14:11:19.228276 35 storage/engine/rocksdb.go:120  Write Ahead Log file in /cockroach/cockroach-data/cockroach-temp269725404: 
I200313 14:11:19.228495 35 storage/engine/rocksdb.go:120                          Options.error_if_exists: 0
I200313 14:11:19.228517 35 storage/engine/rocksdb.go:120                        Options.create_if_missing: 1
I200313 14:11:19.228541 35 storage/engine/rocksdb.go:120                          Options.paranoid_checks: 1
I200313 14:11:19.228556 35 storage/engine/rocksdb.go:120                                      Options.env: 0x756aca0
I200313 14:11:19.228576 35 storage/engine/rocksdb.go:120                                 Options.info_log: 0x7f003e619140
I200313 14:11:19.228604 35 storage/engine/rocksdb.go:120                 Options.max_file_opening_threads: 16
I200313 14:11:19.228629 35 storage/engine/rocksdb.go:120                               Options.statistics: 0x7f003e629010
I200313 14:11:19.228649 35 storage/engine/rocksdb.go:120                                Options.use_fsync: 0
I200313 14:11:19.228669 35 storage/engine/rocksdb.go:120                        Options.max_log_file_size: 0
I200313 14:11:19.228690 35 storage/engine/rocksdb.go:120                   Options.max_manifest_file_size: 134217728
I200313 14:11:19.228712 35 storage/engine/rocksdb.go:120                    Options.log_file_time_to_roll: 0
I200313 14:11:19.229078 35 storage/engine/rocksdb.go:120                        Options.keep_log_file_num: 1000
I200313 14:11:19.229410 35 storage/engine/rocksdb.go:120                     Options.recycle_log_file_num: 1
I200313 14:11:19.229430 35 storage/engine/rocksdb.go:120                          Options.allow_fallocate: 1
I200313 14:11:19.229450 35 storage/engine/rocksdb.go:120                         Options.allow_mmap_reads: 0
I200313 14:11:19.229469 35 storage/engine/rocksdb.go:120                        Options.allow_mmap_writes: 0
I200313 14:11:19.229487 35 storage/engine/rocksdb.go:120                         Options.use_direct_reads: 0
I200313 14:11:19.229506 35 storage/engine/rocksdb.go:120                         Options.use_direct_io_for_flush_and_compaction: 0
I200313 14:11:19.229525 35 storage/engine/rocksdb.go:120           Options.create_missing_column_families: 0
I200313 14:11:19.229543 35 storage/engine/rocksdb.go:120                               Options.db_log_dir: 
I200313 14:11:19.229563 35 storage/engine/rocksdb.go:120                                  Options.wal_dir: /cockroach/cockroach-data/cockroach-temp269725404
I200313 14:11:19.229581 35 storage/engine/rocksdb.go:120                 Options.table_cache_numshardbits: 6
I200313 14:11:19.229599 35 storage/engine/rocksdb.go:120                       Options.max_subcompactions: 1
I200313 14:11:19.229618 35 storage/engine/rocksdb.go:120                   Options.max_background_flushes: -1
I200313 14:11:19.229636 35 storage/engine/rocksdb.go:120                          Options.WAL_ttl_seconds: 0
I200313 14:11:19.229655 35 storage/engine/rocksdb.go:120                        Options.WAL_size_limit_MB: 0
I200313 14:11:19.229673 35 storage/engine/rocksdb.go:120              Options.manifest_preallocation_size: 4194304
I200313 14:11:19.229693 35 storage/engine/rocksdb.go:120                      Options.is_fd_close_on_exec: 1
I200313 14:11:19.229712 35 storage/engine/rocksdb.go:120                    Options.advise_random_on_open: 1
I200313 14:11:19.229730 35 storage/engine/rocksdb.go:120                     Options.db_write_buffer_size: 0
I200313 14:11:19.229749 35 storage/engine/rocksdb.go:120                     Options.write_buffer_manager: 0x7f003e691030
I200313 14:11:19.229767 35 storage/engine/rocksdb.go:120          Options.access_hint_on_compaction_start: 1
I200313 14:11:19.229786 35 storage/engine/rocksdb.go:120   Options.new_table_reader_for_compaction_inputs: 0
I200313 14:11:19.229805 35 storage/engine/rocksdb.go:120            Options.random_access_max_buffer_size: 1048576
I200313 14:11:19.229823 35 storage/engine/rocksdb.go:120                       Options.use_adaptive_mutex: 0
I200313 14:11:19.229842 35 storage/engine/rocksdb.go:120                             Options.rate_limiter: (nil)
I200313 14:11:19.229867 35 storage/engine/rocksdb.go:120      Options.sst_file_manager.rate_bytes_per_sec: 0
I200313 14:11:19.229886 35 storage/engine/rocksdb.go:120                        Options.wal_recovery_mode: 0
I200313 14:11:19.229905 35 storage/engine/rocksdb.go:120                   Options.enable_thread_tracking: 0
I200313 14:11:19.229923 35 storage/engine/rocksdb.go:120                   Options.enable_pipelined_write: 0
I200313 14:11:19.229942 35 storage/engine/rocksdb.go:120          Options.allow_concurrent_memtable_write: 1
I200313 14:11:19.229960 35 storage/engine/rocksdb.go:120       Options.enable_write_thread_adaptive_yield: 1
I200313 14:11:19.229979 35 storage/engine/rocksdb.go:120              Options.write_thread_max_yield_usec: 100
I200313 14:11:19.229997 35 storage/engine/rocksdb.go:120             Options.write_thread_slow_yield_usec: 3
I200313 14:11:19.230016 35 storage/engine/rocksdb.go:120                                Options.row_cache: None
I200313 14:11:19.230034 35 storage/engine/rocksdb.go:120                               Options.wal_filter: None
I200313 14:11:19.230053 35 storage/engine/rocksdb.go:120              Options.avoid_flush_during_recovery: 0
I200313 14:11:19.230071 35 storage/engine/rocksdb.go:120              Options.allow_ingest_behind: 0
I200313 14:11:19.230090 35 storage/engine/rocksdb.go:120              Options.preserve_deletes: 0
I200313 14:11:19.230108 35 storage/engine/rocksdb.go:120              Options.two_write_queues: 0
I200313 14:11:19.230127 35 storage/engine/rocksdb.go:120              Options.manual_wal_flush: 1
I200313 14:11:19.230145 35 storage/engine/rocksdb.go:120              Options.atomic_flush: 0
I200313 14:11:19.230164 35 storage/engine/rocksdb.go:120              Options.avoid_unnecessary_blocking_io: 0
I200313 14:11:19.230183 35 storage/engine/rocksdb.go:120              Options.max_background_jobs: 4
I200313 14:11:19.230201 35 storage/engine/rocksdb.go:120              Options.max_background_compactions: -1
I200313 14:11:19.230219 35 storage/engine/rocksdb.go:120              Options.avoid_flush_during_shutdown: 0
I200313 14:11:19.230238 35 storage/engine/rocksdb.go:120            Options.writable_file_max_buffer_size: 1048576
I200313 14:11:19.230256 35 storage/engine/rocksdb.go:120              Options.delayed_write_rate : 16777216
I200313 14:11:19.230275 35 storage/engine/rocksdb.go:120              Options.max_total_wal_size: 0
I200313 14:11:19.230294 35 storage/engine/rocksdb.go:120              Options.delete_obsolete_files_period_micros: 21600000000
I200313 14:11:19.230313 35 storage/engine/rocksdb.go:120                    Options.stats_dump_period_sec: 0
I200313 14:11:19.230331 35 storage/engine/rocksdb.go:120                  Options.stats_persist_period_sec: 600
I200313 14:11:19.230350 35 storage/engine/rocksdb.go:120                  Options.stats_history_buffer_size: 1048576
I200313 14:11:19.230368 35 storage/engine/rocksdb.go:120                           Options.max_open_files: 128
I200313 14:11:19.230387 35 storage/engine/rocksdb.go:120                           Options.bytes_per_sync: 524288
I200313 14:11:19.230405 35 storage/engine/rocksdb.go:120                       Options.wal_bytes_per_sync: 0
I200313 14:11:19.230424 35 storage/engine/rocksdb.go:120                    Options.strict_bytes_per_sync: 1
I200313 14:11:19.230442 35 storage/engine/rocksdb.go:120        Options.compaction_readahead_size: 0
I200313 14:11:19.230461 35 storage/engine/rocksdb.go:120  Compression algorithms supported:
I200313 14:11:19.230480 35 storage/engine/rocksdb.go:120  	kZSTDNotFinalCompression supported: 0
I200313 14:11:19.230499 35 storage/engine/rocksdb.go:120  	kZSTD supported: 0
I200313 14:11:19.230518 35 storage/engine/rocksdb.go:120  	kXpressCompression supported: 0
I200313 14:11:19.230536 35 storage/engine/rocksdb.go:120  	kLZ4HCCompression supported: 0
I200313 14:11:19.230555 35 storage/engine/rocksdb.go:120  	kLZ4Compression supported: 0
I200313 14:11:19.230573 35 storage/engine/rocksdb.go:120  	kBZip2Compression supported: 0
I200313 14:11:19.230592 35 storage/engine/rocksdb.go:120  	kZlibCompression supported: 0
I200313 14:11:19.230610 35 storage/engine/rocksdb.go:120  	kSnappyCompression supported: 1
I200313 14:11:19.230637 35 storage/engine/rocksdb.go:120  Fast CRC32 supported: Supported on x86
I200313 14:11:19.235115 35 storage/engine/rocksdb.go:120  [db/db_impl_open.cc:242] Creating manifest 1 
I200313 14:11:19.252245 35 storage/engine/rocksdb.go:120  [db/version_set.cc:4072] Recovering from manifest file: /cockroach/cockroach-data/cockroach-temp269725404/MANIFEST-000001
I200313 14:11:19.255486 35 storage/engine/rocksdb.go:120  [db/column_family.cc:488] --------------- Options for column family [default]:
I200313 14:11:19.255598 35 storage/engine/rocksdb.go:120                Options.comparator: cockroach_comparator
I200313 14:11:19.255618 35 storage/engine/rocksdb.go:120            Options.merge_operator: cockroach_merge_operator
I200313 14:11:19.255637 35 storage/engine/rocksdb.go:120         Options.compaction_filter: None
I200313 14:11:19.255656 35 storage/engine/rocksdb.go:120         Options.compaction_filter_factory: None
I200313 14:11:19.255737 35 storage/engine/rocksdb.go:120          Options.memtable_factory: SkipListFactory
I200313 14:11:19.255756 35 storage/engine/rocksdb.go:120             Options.table_factory: BlockBasedTable
I200313 14:11:19.255800 35 storage/engine/rocksdb.go:120             table_factory options:   flush_block_policy_factory: FlushBlockBySizePolicyFactory (0x7f003e61d030)
  cache_index_and_filter_blocks: 0
  cache_index_and_filter_blocks_with_high_priority: 0
  pin_l0_filter_and_index_blocks_in_cache: 0
  pin_top_level_index_and_filter: 1
  index_type: 0
  data_block_index_type: 0
  index_shortening: 1
  data_block_hash_table_util_ratio: 0.750000
  hash_index_allow_collision: 1
  checksum: 1
  no_block_cache: 0
  block_cache: 0x7f003e60e010
  block_cache_name: LRUCache
  block_cache_options:
    capacity : 1048576
    num_shard_bits : 4
    strict_capacity_limit : 0
    memory_allocator : None
    high_pri_pool_ratio: 0.000
  block_cache_compressed: (nil)
  persistent_cache: (nil)
  block_size: 32768
  block_size_deviation: 10
  block_restart_interval: 16
  index_block_restart_interval: 1
  metadata_block_size: 4096
  partition_filters: 0
  use_delta_encoding: 1
  filter_policy: rocksdb.BuiltinBloomFilter
  whole_key_filtering: 0
  verify_compression: 0
  read_amp_bytes_per_bit: 0
  format_version: 2
  enable_index_compression: 1
  block_align: 0
I200313 14:11:19.255887 35 storage/engine/rocksdb.go:120         Options.write_buffer_size: 67108864
I200313 14:11:19.255908 35 storage/engine/rocksdb.go:120   Options.max_write_buffer_number: 4
I200313 14:11:19.255928 35 storage/engine/rocksdb.go:120           Options.compression: Snappy
I200313 14:11:19.255948 35 storage/engine/rocksdb.go:120                   Options.bottommost_compression: Disabled
I200313 14:11:19.256027 35 storage/engine/rocksdb.go:120        Options.prefix_extractor: cockroach_prefix_extractor
I200313 14:11:19.256046 35 storage/engine/rocksdb.go:120    Options.memtable_insert_with_hint_prefix_extractor: nullptr
I200313 14:11:19.256065 35 storage/engine/rocksdb.go:120              Options.num_levels: 7
I200313 14:11:19.256084 35 storage/engine/rocksdb.go:120         Options.min_write_buffer_number_to_merge: 1
I200313 14:11:19.256168 35 storage/engine/rocksdb.go:120      Options.max_write_buffer_number_to_maintain: 0
I200313 14:11:19.256187 35 storage/engine/rocksdb.go:120             Options.bottommost_compression_opts.window_bits: -14
I200313 14:11:19.256206 35 storage/engine/rocksdb.go:120                   Options.bottommost_compression_opts.level: 32767
I200313 14:11:19.256225 35 storage/engine/rocksdb.go:120                Options.bottommost_compression_opts.strategy: 0
I200313 14:11:19.256309 35 storage/engine/rocksdb.go:120          Options.bottommost_compression_opts.max_dict_bytes: 0
I200313 14:11:19.256327 35 storage/engine/rocksdb.go:120          Options.bottommost_compression_opts.zstd_max_train_bytes: 0
I200313 14:11:19.256346 35 storage/engine/rocksdb.go:120                   Options.bottommost_compression_opts.enabled: false
I200313 14:11:19.256370 35 storage/engine/rocksdb.go:120             Options.compression_opts.window_bits: -14
I200313 14:11:19.256449 35 storage/engine/rocksdb.go:120                   Options.compression_opts.level: 32767
I200313 14:11:19.256469 35 storage/engine/rocksdb.go:120                Options.compression_opts.strategy: 0
I200313 14:11:19.256488 35 storage/engine/rocksdb.go:120          Options.compression_opts.max_dict_bytes: 0
I200313 14:11:19.256506 35 storage/engine/rocksdb.go:120          Options.compression_opts.zstd_max_train_bytes: 0
I200313 14:11:19.256606 35 storage/engine/rocksdb.go:120                   Options.compression_opts.enabled: false
I200313 14:11:19.256625 35 storage/engine/rocksdb.go:120       Options.level0_file_num_compaction_trigger: 2
I200313 14:11:19.256644 35 storage/engine/rocksdb.go:120           Options.level0_slowdown_writes_trigger: 950
I200313 14:11:19.256726 35 storage/engine/rocksdb.go:120               Options.level0_stop_writes_trigger: 1000
I200313 14:11:19.256745 35 storage/engine/rocksdb.go:120                    Options.target_file_size_base: 4194304
I200313 14:11:19.256766 35 storage/engine/rocksdb.go:120              Options.target_file_size_multiplier: 2
I200313 14:11:19.256785 35 storage/engine/rocksdb.go:120                 Options.max_bytes_for_level_base: 67108864
I200313 14:11:19.256868 35 storage/engine/rocksdb.go:120  Options.level_compaction_dynamic_level_bytes: 1
I200313 14:11:19.256888 35 storage/engine/rocksdb.go:120           Options.max_bytes_for_level_multiplier: 10.000000
I200313 14:11:19.256908 35 storage/engine/rocksdb.go:120  Options.max_bytes_for_level_multiplier_addtl[0]: 1
I200313 14:11:19.256927 35 storage/engine/rocksdb.go:120  Options.max_bytes_for_level_multiplier_addtl[1]: 1
I200313 14:11:19.257011 35 storage/engine/rocksdb.go:120  Options.max_bytes_for_level_multiplier_addtl[2]: 1
I200313 14:11:19.257030 35 storage/engine/rocksdb.go:120  Options.max_bytes_for_level_multiplier_addtl[3]: 1
I200313 14:11:19.257049 35 storage/engine/rocksdb.go:120  Options.max_bytes_for_level_multiplier_addtl[4]: 1
I200313 14:11:19.257068 35 storage/engine/rocksdb.go:120  Options.max_bytes_for_level_multiplier_addtl[5]: 1
I200313 14:11:19.257152 35 storage/engine/rocksdb.go:120  Options.max_bytes_for_level_multiplier_addtl[6]: 1
I200313 14:11:19.257171 35 storage/engine/rocksdb.go:120        Options.max_sequential_skip_in_iterations: 8
I200313 14:11:19.257190 35 storage/engine/rocksdb.go:120                     Options.max_compaction_bytes: 104857600
I200313 14:11:19.257209 35 storage/engine/rocksdb.go:120                         Options.arena_block_size: 8388608
I200313 14:11:19.257293 35 storage/engine/rocksdb.go:120    Options.soft_pending_compaction_bytes_limit: 2199023255552
I200313 14:11:19.257312 35 storage/engine/rocksdb.go:120    Options.hard_pending_compaction_bytes_limit: 4400193994752
I200313 14:11:19.257331 35 storage/engine/rocksdb.go:120        Options.rate_limit_delay_max_milliseconds: 100
I200313 14:11:19.257349 35 storage/engine/rocksdb.go:120                 Options.disable_auto_compactions: 0
I200313 14:11:19.257432 35 storage/engine/rocksdb.go:120                         Options.compaction_style: kCompactionStyleLevel
I200313 14:11:19.257452 35 storage/engine/rocksdb.go:120                           Options.compaction_pri: kMinOverlappingRatio
I200313 14:11:19.257471 35 storage/engine/rocksdb.go:120  Options.compaction_options_universal.size_ratio: 1
I200313 14:11:19.257489 35 storage/engine/rocksdb.go:120  Options.compaction_options_universal.min_merge_width: 2
I200313 14:11:19.257575 35 storage/engine/rocksdb.go:120  Options.compaction_options_universal.max_merge_width: 4294967295
I200313 14:11:19.257595 35 storage/engine/rocksdb.go:120  Options.compaction_options_universal.max_size_amplification_percent: 200
I200313 14:11:19.257614 35 storage/engine/rocksdb.go:120  Options.compaction_options_universal.compression_size_percent: -1
I200313 14:11:19.257635 35 storage/engine/rocksdb.go:120  Options.compaction_options_universal.stop_style: kCompactionStopStyleTotalSize
I200313 14:11:19.257715 35 storage/engine/rocksdb.go:120  Options.compaction_options_fifo.max_table_files_size: 1073741824
I200313 14:11:19.257734 35 storage/engine/rocksdb.go:120  Options.compaction_options_fifo.allow_compaction: 0
I200313 14:11:19.257755 35 storage/engine/rocksdb.go:120                    Options.table_properties_collectors: TimeBoundTblPropCollectorFactory; DeleteRangeTblPropCollectorFactory; 
I200313 14:11:19.257776 35 storage/engine/rocksdb.go:120                    Options.inplace_update_support: 0
I200313 14:11:19.257856 35 storage/engine/rocksdb.go:120                  Options.inplace_update_num_locks: 10000
I200313 14:11:19.257875 35 storage/engine/rocksdb.go:120                Options.memtable_prefix_bloom_size_ratio: 0.000000
I200313 14:11:19.257894 35 storage/engine/rocksdb.go:120                Options.memtable_whole_key_filtering: 0
I200313 14:11:19.257913 35 storage/engine/rocksdb.go:120    Options.memtable_huge_page_size: 0
I200313 14:11:19.257997 35 storage/engine/rocksdb.go:120                            Options.bloom_locality: 0
I200313 14:11:19.258016 35 storage/engine/rocksdb.go:120                     Options.max_successive_merges: 0
I200313 14:11:19.258037 35 storage/engine/rocksdb.go:120                 Options.optimize_filters_for_hits: 1
I200313 14:11:19.258058 35 storage/engine/rocksdb.go:120                 Options.paranoid_file_checks: 0
I200313 14:11:19.258139 35 storage/engine/rocksdb.go:120                 Options.force_consistency_checks: 0
I200313 14:11:19.258157 35 storage/engine/rocksdb.go:120                 Options.report_bg_io_stats: 0
I200313 14:11:19.258176 35 storage/engine/rocksdb.go:120                                Options.ttl: 0
I200313 14:11:19.258195 35 storage/engine/rocksdb.go:120           Options.periodic_compaction_seconds: 0
I200313 14:11:19.262204 35 storage/engine/rocksdb.go:120  [db/version_set.cc:4286] Recovered from manifest file:/cockroach/cockroach-data/cockroach-temp269725404/MANIFEST-000001 succeeded,manifest_file_number is 1, next_file_number is 3, last_sequence is 0, log_number is 0,prev_log_number is 0,max_column_family is 0,min_log_number_to_keep is 0
I200313 14:11:19.262227 35 storage/engine/rocksdb.go:120  [db/version_set.cc:4295] Column family [default] (ID 0), log number is 0
I200313 14:11:19.280859 35 storage/engine/rocksdb.go:120  DB pointer 0x7f003e699000
I200313 14:11:19.306625 35 storage/engine/rocksdb.go:120  RocksDB version: 6.2.1
I200313 14:11:19.306688 35 storage/engine/rocksdb.go:120  Git sha rocksdb_build_git_sha:@b7009236531fa784872f4823eabf393501e41bf2@
I200313 14:11:19.306718 35 storage/engine/rocksdb.go:120  Compile date Feb  6 2020
I200313 14:11:19.306744 35 storage/engine/rocksdb.go:120  DB SUMMARY
I200313 14:11:19.311128 35 storage/engine/rocksdb.go:120  CURRENT file:  CURRENT
I200313 14:11:19.311155 35 storage/engine/rocksdb.go:120  IDENTITY file:  IDENTITY
I200313 14:11:19.312065 35 storage/engine/rocksdb.go:120  MANIFEST file:  MANIFEST-000018 size: 157 Bytes
I200313 14:11:19.312094 35 storage/engine/rocksdb.go:120  SST files in /cockroach/cockroach-data dir, Total Num: 2, files: 000015.sst 000017.sst 
I200313 14:11:19.312115 35 storage/engine/rocksdb.go:120  Write Ahead Log file in /cockroach/cockroach-data: 000019.log size: 458577 ; 
I200313 14:11:19.312137 35 storage/engine/rocksdb.go:120                          Options.error_if_exists: 0
I200313 14:11:19.312157 35 storage/engine/rocksdb.go:120                        Options.create_if_missing: 1
I200313 14:11:19.312176 35 storage/engine/rocksdb.go:120                          Options.paranoid_checks: 1
I200313 14:11:19.312196 35 storage/engine/rocksdb.go:120                                      Options.env: 0x756aca0
I200313 14:11:19.312228 35 storage/engine/rocksdb.go:120                                 Options.info_log: 0x7f003e827080
I200313 14:11:19.312255 35 storage/engine/rocksdb.go:120                 Options.max_file_opening_threads: 16
I200313 14:11:19.312269 35 storage/engine/rocksdb.go:120                               Options.statistics: 0x7f003e82a010
I200313 14:11:19.312287 35 storage/engine/rocksdb.go:120                                Options.use_fsync: 0
I200313 14:11:19.312307 35 storage/engine/rocksdb.go:120                        Options.max_log_file_size: 0
I200313 14:11:19.312343 35 storage/engine/rocksdb.go:120                   Options.max_manifest_file_size: 134217728
I200313 14:11:19.312377 35 storage/engine/rocksdb.go:120                    Options.log_file_time_to_roll: 0
I200313 14:11:19.312397 35 storage/engine/rocksdb.go:120                        Options.keep_log_file_num: 1000
I200313 14:11:19.312423 35 storage/engine/rocksdb.go:120                     Options.recycle_log_file_num: 1
I200313 14:11:19.312437 35 storage/engine/rocksdb.go:120                          Options.allow_fallocate: 1
I200313 14:11:19.312456 35 storage/engine/rocksdb.go:120                         Options.allow_mmap_reads: 0
I200313 14:11:19.312475 35 storage/engine/rocksdb.go:120                        Options.allow_mmap_writes: 0
I200313 14:11:19.312493 35 storage/engine/rocksdb.go:120                         Options.use_direct_reads: 0
I200313 14:11:19.312510 35 storage/engine/rocksdb.go:120                         Options.use_direct_io_for_flush_and_compaction: 0
I200313 14:11:19.312533 35 storage/engine/rocksdb.go:120           Options.create_missing_column_families: 0
I200313 14:11:19.312552 35 storage/engine/rocksdb.go:120                               Options.db_log_dir: 
I200313 14:11:19.312577 35 storage/engine/rocksdb.go:120                                  Options.wal_dir: /cockroach/cockroach-data
I200313 14:11:19.312592 35 storage/engine/rocksdb.go:120                 Options.table_cache_numshardbits: 6
I200313 14:11:19.312615 35 storage/engine/rocksdb.go:120                       Options.max_subcompactions: 1
I200313 14:11:19.312636 35 storage/engine/rocksdb.go:120                   Options.max_background_flushes: -1
I200313 14:11:19.312656 35 storage/engine/rocksdb.go:120                          Options.WAL_ttl_seconds: 0
I200313 14:11:19.312675 35 storage/engine/rocksdb.go:120                        Options.WAL_size_limit_MB: 0
I200313 14:11:19.312694 35 storage/engine/rocksdb.go:120              Options.manifest_preallocation_size: 4194304
I200313 14:11:19.312716 35 storage/engine/rocksdb.go:120                      Options.is_fd_close_on_exec: 1
I200313 14:11:19.312746 35 storage/engine/rocksdb.go:120                    Options.advise_random_on_open: 1
I200313 14:11:19.312806 35 storage/engine/rocksdb.go:120                     Options.db_write_buffer_size: 0
I200313 14:11:19.312828 35 storage/engine/rocksdb.go:120                     Options.write_buffer_manager: 0x7f003e819060
I200313 14:11:19.312847 35 storage/engine/rocksdb.go:120          Options.access_hint_on_compaction_start: 1
I200313 14:11:19.312860 35 storage/engine/rocksdb.go:120   Options.new_table_reader_for_compaction_inputs: 0
I200313 14:11:19.312885 35 storage/engine/rocksdb.go:120            Options.random_access_max_buffer_size: 1048576
I200313 14:11:19.312910 35 storage/engine/rocksdb.go:120                       Options.use_adaptive_mutex: 0
I200313 14:11:19.312935 35 storage/engine/rocksdb.go:120                             Options.rate_limiter: (nil)
I200313 14:11:19.312953 35 storage/engine/rocksdb.go:120      Options.sst_file_manager.rate_bytes_per_sec: 0
I200313 14:11:19.312971 35 storage/engine/rocksdb.go:120                        Options.wal_recovery_mode: 0
I200313 14:11:19.312990 35 storage/engine/rocksdb.go:120                   Options.enable_thread_tracking: 0
I200313 14:11:19.313009 35 storage/engine/rocksdb.go:120                   Options.enable_pipelined_write: 0
I200313 14:11:19.313027 35 storage/engine/rocksdb.go:120          Options.allow_concurrent_memtable_write: 1
I200313 14:11:19.313046 35 storage/engine/rocksdb.go:120       Options.enable_write_thread_adaptive_yield: 1
I200313 14:11:19.313062 35 storage/engine/rocksdb.go:120              Options.write_thread_max_yield_usec: 100
I200313 14:11:19.313079 35 storage/engine/rocksdb.go:120             Options.write_thread_slow_yield_usec: 3
I200313 14:11:19.313094 35 storage/engine/rocksdb.go:120                                Options.row_cache: None
I200313 14:11:19.313113 35 storage/engine/rocksdb.go:120                               Options.wal_filter: None
I200313 14:11:19.313127 35 storage/engine/rocksdb.go:120              Options.avoid_flush_during_recovery: 0
I200313 14:11:19.313148 35 storage/engine/rocksdb.go:120              Options.allow_ingest_behind: 0
I200313 14:11:19.313166 35 storage/engine/rocksdb.go:120              Options.preserve_deletes: 0
I200313 14:11:19.313185 35 storage/engine/rocksdb.go:120              Options.two_write_queues: 0
I200313 14:11:19.313204 35 storage/engine/rocksdb.go:120              Options.manual_wal_flush: 1
I200313 14:11:19.313223 35 storage/engine/rocksdb.go:120              Options.atomic_flush: 0
I200313 14:11:19.313242 35 storage/engine/rocksdb.go:120              Options.avoid_unnecessary_blocking_io: 0
I200313 14:11:19.313256 35 storage/engine/rocksdb.go:120              Options.max_background_jobs: 4
I200313 14:11:19.313275 35 storage/engine/rocksdb.go:120              Options.max_background_compactions: -1
I200313 14:11:19.313288 35 storage/engine/rocksdb.go:120              Options.avoid_flush_during_shutdown: 0
I200313 14:11:19.313304 35 storage/engine/rocksdb.go:120            Options.writable_file_max_buffer_size: 1048576
I200313 14:11:19.313322 35 storage/engine/rocksdb.go:120              Options.delayed_write_rate : 16777216
I200313 14:11:19.313341 35 storage/engine/rocksdb.go:120              Options.max_total_wal_size: 0
I200313 14:11:19.313366 35 storage/engine/rocksdb.go:120              Options.delete_obsolete_files_period_micros: 21600000000
I200313 14:11:19.313382 35 storage/engine/rocksdb.go:120                    Options.stats_dump_period_sec: 0
I200313 14:11:19.313407 35 storage/engine/rocksdb.go:120                  Options.stats_persist_period_sec: 600
I200313 14:11:19.313424 35 storage/engine/rocksdb.go:120                  Options.stats_history_buffer_size: 1048576
I200313 14:11:19.313443 35 storage/engine/rocksdb.go:120                           Options.max_open_files: 1043576
I200313 14:11:19.313462 35 storage/engine/rocksdb.go:120                           Options.bytes_per_sync: 524288
I200313 14:11:19.313478 35 storage/engine/rocksdb.go:120                       Options.wal_bytes_per_sync: 0
I200313 14:11:19.313491 35 storage/engine/rocksdb.go:120                    Options.strict_bytes_per_sync: 1
I200313 14:11:19.313510 35 storage/engine/rocksdb.go:120        Options.compaction_readahead_size: 0
I200313 14:11:19.313535 35 storage/engine/rocksdb.go:120  Compression algorithms supported:
I200313 14:11:19.313551 35 storage/engine/rocksdb.go:120  	kZSTDNotFinalCompression supported: 0
I200313 14:11:19.313570 35 storage/engine/rocksdb.go:120  	kZSTD supported: 0
I200313 14:11:19.313588 35 storage/engine/rocksdb.go:120  	kXpressCompression supported: 0
I200313 14:11:19.313607 35 storage/engine/rocksdb.go:120  	kLZ4HCCompression supported: 0
I200313 14:11:19.313626 35 storage/engine/rocksdb.go:120  	kLZ4Compression supported: 0
I200313 14:11:19.313648 35 storage/engine/rocksdb.go:120  	kBZip2Compression supported: 0
I200313 14:11:19.313668 35 storage/engine/rocksdb.go:120  	kZlibCompression supported: 0
I200313 14:11:19.313687 35 storage/engine/rocksdb.go:120  	kSnappyCompression supported: 1
I200313 14:11:19.313714 35 storage/engine/rocksdb.go:120  Fast CRC32 supported: Supported on x86
I200313 14:11:19.326125 35 storage/engine/rocksdb.go:120  [db/version_set.cc:4072] Recovering from manifest file: /cockroach/cockroach-data/MANIFEST-000018
I200313 14:11:19.328807 35 storage/engine/rocksdb.go:120  [db/column_family.cc:488] --------------- Options for column family [default]:
I200313 14:11:19.328904 35 storage/engine/rocksdb.go:120                Options.comparator: cockroach_comparator
I200313 14:11:19.328938 35 storage/engine/rocksdb.go:120            Options.merge_operator: cockroach_merge_operator
I200313 14:11:19.328962 35 storage/engine/rocksdb.go:120         Options.compaction_filter: None
I200313 14:11:19.329061 35 storage/engine/rocksdb.go:120         Options.compaction_filter_factory: None
I200313 14:11:19.329076 35 storage/engine/rocksdb.go:120          Options.memtable_factory: SkipListFactory
I200313 14:11:19.329089 35 storage/engine/rocksdb.go:120             Options.table_factory: BlockBasedTable
I200313 14:11:19.329225 35 storage/engine/rocksdb.go:120             table_factory options:   flush_block_policy_factory: FlushBlockBySizePolicyFactory (0x7f003e828028)
  cache_index_and_filter_blocks: 0
  cache_index_and_filter_blocks_with_high_priority: 0
  pin_l0_filter_and_index_blocks_in_cache: 0
  pin_top_level_index_and_filter: 1
  index_type: 0
  data_block_index_type: 0
  index_shortening: 1
  data_block_hash_table_util_ratio: 0.750000
  hash_index_allow_collision: 1
  checksum: 1
  no_block_cache: 0
  block_cache: 0x7f003e81c010
  block_cache_name: LRUCache
  block_cache_options:
    capacity : 67108864
    num_shard_bits : 4
    strict_capacity_limit : 0
    memory_allocator : None
    high_pri_pool_ratio: 0.000
  block_cache_compressed: (nil)
  persistent_cache: (nil)
  block_size: 32768
  block_size_deviation: 10
  block_restart_interval: 16
  index_block_restart_interval: 1
  metadata_block_size: 4096
  partition_filters: 0
  use_delta_encoding: 1
  filter_policy: rocksdb.BuiltinBloomFilter
  whole_key_filtering: 0
  verify_compression: 0
  read_amp_bytes_per_bit: 0
  format_version: 2
  enable_index_compression: 1
  block_align: 0
I200313 14:11:19.329245 35 storage/engine/rocksdb.go:120         Options.write_buffer_size: 67108864
I200313 14:11:19.329266 35 storage/engine/rocksdb.go:120   Options.max_write_buffer_number: 4
I200313 14:11:19.329285 35 storage/engine/rocksdb.go:120           Options.compression: Snappy
I200313 14:11:19.329362 35 storage/engine/rocksdb.go:120                   Options.bottommost_compression: Disabled
I200313 14:11:19.329384 35 storage/engine/rocksdb.go:120        Options.prefix_extractor: cockroach_prefix_extractor
I200313 14:11:19.329405 35 storage/engine/rocksdb.go:120    Options.memtable_insert_with_hint_prefix_extractor: nullptr
I200313 14:11:19.329431 35 storage/engine/rocksdb.go:120              Options.num_levels: 7
I200313 14:11:19.329532 35 storage/engine/rocksdb.go:120         Options.min_write_buffer_number_to_merge: 1
I200313 14:11:19.329594 35 storage/engine/rocksdb.go:120      Options.max_write_buffer_number_to_maintain: 0
I200313 14:11:19.329661 35 storage/engine/rocksdb.go:120             Options.bottommost_compression_opts.window_bits: -14
I200313 14:11:19.329682 35 storage/engine/rocksdb.go:120                   Options.bottommost_compression_opts.level: 32767
I200313 14:11:19.329713 35 storage/engine/rocksdb.go:120                Options.bottommost_compression_opts.strategy: 0
I200313 14:11:19.329834 35 storage/engine/rocksdb.go:120          Options.bottommost_compression_opts.max_dict_bytes: 0
I200313 14:11:19.329868 35 storage/engine/rocksdb.go:120          Options.bottommost_compression_opts.zstd_max_train_bytes: 0
I200313 14:11:19.329970 35 storage/engine/rocksdb.go:120                   Options.bottommost_compression_opts.enabled: false
I200313 14:11:19.329988 35 storage/engine/rocksdb.go:120             Options.compression_opts.window_bits: -14
I200313 14:11:19.330007 35 storage/engine/rocksdb.go:120                   Options.compression_opts.level: 32767
I200313 14:11:19.330027 35 storage/engine/rocksdb.go:120                Options.compression_opts.strategy: 0
I200313 14:11:19.330049 35 storage/engine/rocksdb.go:120          Options.compression_opts.max_dict_bytes: 0
I200313 14:11:19.330136 35 storage/engine/rocksdb.go:120          Options.compression_opts.zstd_max_train_bytes: 0
I200313 14:11:19.330165 35 storage/engine/rocksdb.go:120                   Options.compression_opts.enabled: false
I200313 14:11:19.330197 35 storage/engine/rocksdb.go:120       Options.level0_file_num_compaction_trigger: 2
I200313 14:11:19.330330 35 storage/engine/rocksdb.go:120           Options.level0_slowdown_writes_trigger: 950
I200313 14:11:19.330367 35 storage/engine/rocksdb.go:120               Options.level0_stop_writes_trigger: 1000
I200313 14:11:19.330471 35 storage/engine/rocksdb.go:120                    Options.target_file_size_base: 4194304
I200313 14:11:19.330491 35 storage/engine/rocksdb.go:120              Options.target_file_size_multiplier: 2
I200313 14:11:19.330519 35 storage/engine/rocksdb.go:120                 Options.max_bytes_for_level_base: 67108864
I200313 14:11:19.330543 35 storage/engine/rocksdb.go:120  Options.level_compaction_dynamic_level_bytes: 1
I200313 14:11:19.330659 35 storage/engine/rocksdb.go:120           Options.max_bytes_for_level_multiplier: 10.000000
I200313 14:11:19.330679 35 storage/engine/rocksdb.go:120  Options.max_bytes_for_level_multiplier_addtl[0]: 1
I200313 14:11:19.330699 35 storage/engine/rocksdb.go:120  Options.max_bytes_for_level_multiplier_addtl[1]: 1
I200313 14:11:19.330773 35 storage/engine/rocksdb.go:120  Options.max_bytes_for_level_multiplier_addtl[2]: 1
I200313 14:11:19.330793 35 storage/engine/rocksdb.go:120  Options.max_bytes_for_level_multiplier_addtl[3]: 1
I200313 14:11:19.330816 35 storage/engine/rocksdb.go:120  Options.max_bytes_for_level_multiplier_addtl[4]: 1
I200313 14:11:19.330879 35 storage/engine/rocksdb.go:120  Options.max_bytes_for_level_multiplier_addtl[5]: 1
I200313 14:11:19.331084 35 storage/engine/rocksdb.go:120  Options.max_bytes_for_level_multiplier_addtl[6]: 1
I200313 14:11:19.331119 35 storage/engine/rocksdb.go:120        Options.max_sequential_skip_in_iterations: 8
I200313 14:11:19.331140 35 storage/engine/rocksdb.go:120                     Options.max_compaction_bytes: 104857600
I200313 14:11:19.331273 35 storage/engine/rocksdb.go:120                         Options.arena_block_size: 8388608
I200313 14:11:19.331293 35 storage/engine/rocksdb.go:120    Options.soft_pending_compaction_bytes_limit: 2199023255552
I200313 14:11:19.331327 35 storage/engine/rocksdb.go:120    Options.hard_pending_compaction_bytes_limit: 4400193994752
I200313 14:11:19.331469 35 storage/engine/rocksdb.go:120        Options.rate_limit_delay_max_milliseconds: 100
I200313 14:11:19.331490 35 storage/engine/rocksdb.go:120                 Options.disable_auto_compactions: 0
I200313 14:11:19.331666 35 storage/engine/rocksdb.go:120                         Options.compaction_style: kCompactionStyleLevel
I200313 14:11:19.331683 35 storage/engine/rocksdb.go:120                           Options.compaction_pri: kMinOverlappingRatio
I200313 14:11:19.331702 35 storage/engine/rocksdb.go:120  Options.compaction_options_universal.size_ratio: 1
I200313 14:11:19.331802 35 storage/engine/rocksdb.go:120  Options.compaction_options_universal.min_merge_width: 2
I200313 14:11:19.331819 35 storage/engine/rocksdb.go:120  Options.compaction_options_universal.max_merge_width: 4294967295
I200313 14:11:19.331838 35 storage/engine/rocksdb.go:120  Options.compaction_options_universal.max_size_amplification_percent: 200
I200313 14:11:19.331863 35 storage/engine/rocksdb.go:120  Options.compaction_options_universal.compression_size_percent: -1
I200313 14:11:19.332037 35 storage/engine/rocksdb.go:120  Options.compaction_options_universal.stop_style: kCompactionStopStyleTotalSize
I200313 14:11:19.332059 35 storage/engine/rocksdb.go:120  Options.compaction_options_fifo.max_table_files_size: 1073741824
I200313 14:11:19.332154 35 storage/engine/rocksdb.go:120  Options.compaction_options_fifo.allow_compaction: 0
I200313 14:11:19.332190 35 storage/engine/rocksdb.go:120                    Options.table_properties_collectors: TimeBoundTblPropCollectorFactory; DeleteRangeTblPropCollectorFactory; 
I200313 14:11:19.332309 35 storage/engine/rocksdb.go:120                    Options.inplace_update_support: 0
I200313 14:11:19.332332 35 storage/engine/rocksdb.go:120                  Options.inplace_update_num_locks: 10000
I200313 14:11:19.332353 35 storage/engine/rocksdb.go:120                Options.memtable_prefix_bloom_size_ratio: 0.000000
I200313 14:11:19.332375 35 storage/engine/rocksdb.go:120                Options.memtable_whole_key_filtering: 0
I200313 14:11:19.332462 35 storage/engine/rocksdb.go:120    Options.memtable_huge_page_size: 0
I200313 14:11:19.332484 35 storage/engine/rocksdb.go:120                            Options.bloom_locality: 0
I200313 14:11:19.332512 35 storage/engine/rocksdb.go:120                     Options.max_successive_merges: 0
I200313 14:11:19.332649 35 storage/engine/rocksdb.go:120                 Options.optimize_filters_for_hits: 1
I200313 14:11:19.332795 35 storage/engine/rocksdb.go:120                 Options.paranoid_file_checks: 0
I200313 14:11:19.332816 35 storage/engine/rocksdb.go:120                 Options.force_consistency_checks: 0
I200313 14:11:19.332836 35 storage/engine/rocksdb.go:120                 Options.report_bg_io_stats: 0
I200313 14:11:19.332913 35 storage/engine/rocksdb.go:120                                Options.ttl: 0
I200313 14:11:19.332947 35 storage/engine/rocksdb.go:120           Options.periodic_compaction_seconds: 0
I200313 14:11:19.343060 35 storage/engine/rocksdb.go:120  [db/version_set.cc:3086] More existing levels in DB than needed. max_bytes_for_level_multiplier may not be guaranteed.
I200313 14:11:19.343092 35 storage/engine/rocksdb.go:120  [db/version_set.cc:4286] Recovered from manifest file:/cockroach/cockroach-data/MANIFEST-000018 succeeded,manifest_file_number is 18, next_file_number is 20, last_sequence is 259976, log_number is 13,prev_log_number is 0,max_column_family is 0,min_log_number_to_keep is 0
I200313 14:11:19.343128 35 storage/engine/rocksdb.go:120  [db/version_set.cc:4295] Column family [default] (ID 0), log number is 13
I200313 14:11:19.346200 35 storage/engine/rocksdb.go:120  EVENT_LOG_v1 {"time_micros": 1584108679346164, "job": 1, "event": "recovery_started", "log_files": [19]}
I200313 14:11:19.346231 35 storage/engine/rocksdb.go:120  [db/db_impl_open.cc:598] Recovering log #19 mode 0
I200313 14:11:19.356834 35 storage/engine/rocksdb.go:120  EVENT_LOG_v1 {"time_micros": 1584108679356548, "cf_name": "default", "job": 1, "event": "table_file_creation", "file_number": 20, "file_size": 55636, "table_properties": {"data_size": 52397, "index_size": 356, "index_partitions": 0, "top_level_index_size": 0, "index_key_is_user_key": 0, "index_value_is_delta_encoded": 0, "filter_size": 1989, "raw_key_size": 80154, "raw_average_key_size": 52, "raw_value_size": 180301, "raw_average_value_size": 117, "num_data_blocks": 7, "num_entries": 1530, "num_deletions": 34, "num_merge_operands": 1328, "num_range_deletions": 1328, "format_version": 0, "fixed_key_len": 0, "filter_policy": "rocksdb.BuiltinBloomFilter", "column_family_name": "default", "column_family_id": 0, "comparator": "cockroach_comparator", "merge_operator": "cockroach_merge_operator", "prefix_extractor_name": "cockroach_prefix_extractor", "property_collectors": "[TimeBoundTblPropCollectorFactory,DeleteRangeTblPropCollectorFactory]", "compression": "Snappy", "compression_options": "window_bits=-14; level=32767; strategy=0; max_dict_bytes=0; zstd_max_train_bytes=0; enabled=0; ", "creation_time": 1584108679, "oldest_key_time": 3, "file_creation_time": 0}}
I200313 14:11:19.357152 35 storage/engine/rocksdb.go:120  [db/version_set.cc:3560] Creating manifest 21
I200313 14:11:19.359398 35 storage/engine/rocksdb.go:120  [db/version_set.cc:3086] More existing levels in DB than needed. max_bytes_for_level_multiplier may not be guaranteed.
I200313 14:11:19.362842 35 storage/engine/rocksdb.go:120  EVENT_LOG_v1 {"time_micros": 1584108679362741, "job": 1, "event": "recovery_finished"}
I200313 14:11:19.386364 17 storage/engine/rocksdb.go:120  [db/compaction_job.cc:1647] [default] [JOB 3] Compacting 2@0 + 1@6 files to L6, score 1.00
I200313 14:11:19.386419 17 storage/engine/rocksdb.go:120  [db/compaction_job.cc:1651] [default] Compaction start summary: Base version 2 Base level 0, inputs: [20(54KB) 17(131KB)], [15(292KB)]
I200313 14:11:19.386536 17 storage/engine/rocksdb.go:120  EVENT_LOG_v1 {"time_micros": 1584108679386480, "job": 3, "event": "compaction_started", "compaction_reason": "LevelL0FilesNum", "files_L0": [20, 17], "files_L6": [15], "score": 1, "input_data_size": 489140}
I200313 14:11:19.393046 35 storage/engine/rocksdb.go:120  DB pointer 0x7f003e89c000
I200313 14:11:19.450862 17 storage/engine/rocksdb.go:120  [db/compaction_job.cc:1334] [default] [JOB 3] Generated table #25: 3964 keys, 345118 bytes
I200313 14:11:19.451023 17 storage/engine/rocksdb.go:120  EVENT_LOG_v1 {"time_micros": 1584108679450905, "cf_name": "default", "job": 3, "event": "table_file_creation", "file_number": 25, "file_size": 345118, "table_properties": {"data_size": 341823, "index_size": 5207, "index_partitions": 0, "top_level_index_size": 0, "index_key_is_user_key": 0, "index_value_is_delta_encoded": 0, "filter_size": 0, "raw_key_size": 185888, "raw_average_key_size": 46, "raw_value_size": 2534050, "raw_average_value_size": 639, "num_data_blocks": 81, "num_entries": 3964, "num_deletions": 0, "num_merge_operands": 0, "num_range_deletions": 0, "format_version": 0, "fixed_key_len": 0, "filter_policy": "rocksdb.BuiltinBloomFilter", "column_family_name": "default", "column_family_id": 0, "comparator": "cockroach_comparator", "merge_operator": "cockroach_merge_operator", "prefix_extractor_name": "cockroach_prefix_extractor", "property_collectors": "[TimeBoundTblPropCollectorFactory,DeleteRangeTblPropCollectorFactory]", "compression": "Snappy", "compression_options": "window_bits=-14; level=32767; strategy=0; max_dict_bytes=0; zstd_max_train_bytes=0; enabled=0; ", "creation_time": 1584108679, "oldest_key_time": 0, "file_creation_time": 1584108679}}
I200313 14:11:19.452864 17 storage/engine/rocksdb.go:120  [db/compaction_job.cc:1397] [default] [JOB 3] Compacted 2@0 + 1@6 files to L6 => 345118 bytes
I200313 14:11:19.452986 17 storage/engine/rocksdb.go:120  [db/version_set.cc:3086] More existing levels in DB than needed. max_bytes_for_level_multiplier may not be guaranteed.
I200313 14:11:19.453592 17 storage/engine/rocksdb.go:120  (Original Log Time 2020/03/13-14:11:19.453324) [db/compaction_job.cc:770] [default] compacted to: base level 6 level multiplier 10.00 max bytes base 67108864 files[0 0 0 0 0 0 1] max score 0.00, MB/sec: 7.5 rd, 5.3 wr, level 6, files in(2, 1) out(1) MB in(0.2, 0.3) out(0.3), read-write-amplify(4.4) write-amplify(1.8) OK, records in: 7695, records dropped: 2403 output_compression: Snappy
I200313 14:11:19.453623 17 storage/engine/rocksdb.go:120  (Original Log Time 2020/03/13-14:11:19.453359) EVENT_LOG_v1 {"time_micros": 1584108679453340, "job": 3, "event": "compaction_finished", "compaction_time_micros": 65117, "compaction_time_cpu_micros": 55812, "output_level": 6, "num_output_files": 1, "total_output_size": 345118, "num_input_records": 6367, "num_output_records": 3964, "num_subcompactions": 1, "output_compression": "Snappy", "num_single_delete_mismatches": 0, "num_single_delete_fallthrough": 0, "lsm_state": [0, 0, 0, 0, 0, 0, 1]}
I200313 14:11:19.454698 17 storage/engine/rocksdb.go:120  EVENT_LOG_v1 {"time_micros": 1584108679454605, "job": 3, "event": "table_file_deletion", "file_number": 20}
I200313 14:11:19.455584 17 storage/engine/rocksdb.go:120  EVENT_LOG_v1 {"time_micros": 1584108679455556, "job": 3, "event": "table_file_deletion", "file_number": 17}
I200313 14:11:19.456636 17 storage/engine/rocksdb.go:120  EVENT_LOG_v1 {"time_micros": 1584108679456612, "job": 3, "event": "table_file_deletion", "file_number": 15}
I200313 14:11:30.234344 606 storage/engine/rocksdb.go:120  bloom filter utility:    -nan%
I200313 14:11:30.234740 606 storage/engine/rocksdb.go:120  [db/db_impl.cc:392] Shutdown: canceling all background work
I200313 14:11:30.238178 606 storage/engine/rocksdb.go:120  [db/db_impl.cc:565] Shutdown complete
I200313 14:11:30.252530 606 storage/engine/rocksdb.go:120  bloom filter utility:    66.7%
I200313 14:11:30.252816 606 storage/engine/rocksdb.go:120  [db/db_impl.cc:392] Shutdown: canceling all background work
I200313 14:11:30.257170 606 storage/engine/rocksdb.go:120  [db/db_impl.cc:565] Shutdown complete
