I200313 14:25:23.990240 1 util/log/clog.go:1196  [config] file created at: 2020/03/13 14:25:23
I200313 14:25:23.990240 1 util/log/clog.go:1196  [config] running on machine: 29b1af8e5b79
I200313 14:25:23.990240 1 util/log/clog.go:1196  [config] binary: CockroachDB CCL v19.2.4 (x86_64-unknown-linux-gnu, built 2020/02/06 21:55:19, go1.12.12)
I200313 14:25:23.990240 1 util/log/clog.go:1196  [config] arguments: [/cockroach/cockroach start --insecure]
I200313 14:25:23.990240 1 util/log/clog.go:1196  line format: [IWEF]yymmdd hh:mm:ss.uuuuuu goid file:line msg utf8=✓
I200313 14:25:23.990227 1 cli/start.go:1144  logging to directory /cockroach/cockroach-data/logs
W200313 14:25:23.995544 1 cli/start.go:1182  RUNNING IN INSECURE MODE!

- Your cluster is open for any client that can access <all your IP addresses>.
- Any user, even root, can log in without providing a password.
- Any user, connecting as root, can read or write any data in your cluster.
- There is no network encryption nor authentication, and thus no confidentiality.

Check out how to secure your cluster: https://www.cockroachlabs.com/docs/v19.2/secure-a-cluster.html
I200313 14:25:23.996497 1 server/status/recorder.go:597  available memory from cgroups is unsupported, using system memory 2.0 GiB instead: failed to find cgroup memory limit
W200313 14:25:23.996655 1 cli/start.go:1052  Using the default setting for --cache (128 MiB).
  A significantly larger value is usually needed for good performance.
  If you have a dedicated server a reasonable setting is --cache=.25 (500 MiB).
I200313 14:25:23.997067 1 server/status/recorder.go:597  available memory from cgroups is unsupported, using system memory 2.0 GiB instead: failed to find cgroup memory limit
W200313 14:25:23.997111 1 cli/start.go:1065  Using the default setting for --max-sql-memory (128 MiB).
  A significantly larger value is usually needed in production.
  If you have a dedicated server a reasonable setting is --max-sql-memory=.25 (500 MiB).
I200313 14:25:23.997575 1 server/status/recorder.go:597  available memory from cgroups is unsupported, using system memory 2.0 GiB instead: failed to find cgroup memory limit
I200313 14:25:23.997617 1 cli/start.go:1196  CockroachDB CCL v19.2.4 (x86_64-unknown-linux-gnu, built 2020/02/06 21:55:19, go1.12.12)
W200313 14:25:24.130747 1 cli/start.go:511  running 'cockroach start' without --join is deprecated.
Consider using 'cockroach start-single-node' or 'cockroach init' instead.
I200313 14:25:24.136294 1 server/status/recorder.go:597  available memory from cgroups is unsupported, using system memory 2.0 GiB instead: failed to find cgroup memory limit
I200313 14:25:24.136338 1 server/config.go:394  system total memory: 2.0 GiB
I200313 14:25:24.136406 1 server/config.go:396  server configuration:
max offset             500000000
cache size             128 MiB
SQL memory pool size   128 MiB
scan interval          10m0s
scan min idle time     10ms
scan max idle time     1s
event log enabled      true
I200313 14:25:24.136449 1 cli/start.go:1030  using local environment variables: COCKROACH_CHANNEL=official-docker
I200313 14:25:24.136490 1 cli/start.go:1037  process identity: uid 0 euid 0 gid 0 egid 0
I200313 14:25:24.136580 1 cli/start.go:644  starting cockroach node
I200313 14:25:24.138738 28 storage/engine/rocksdb.go:622  opening rocksdb instance at "/cockroach/cockroach-data/cockroach-temp156841196"
I200313 14:25:24.269888 28 server/server.go:928  [n?] monitoring forward clock jumps based on server.clock.forward_jump_check_enabled
I200313 14:25:24.271374 28 storage/engine/rocksdb.go:622  opening rocksdb instance at "/cockroach/cockroach-data"
I200313 14:25:24.369482 28 server/config.go:502  [n?] 1 storage engine initialized
I200313 14:25:24.369573 28 server/config.go:505  [n?] RocksDB cache size: 128 MiB
I200313 14:25:24.369633 28 server/config.go:505  [n?] store 0: RocksDB, max size 0 B, max open file limit 1043576
W200313 14:25:24.388175 28 cli/start.go:996  neither --listen-addr nor --advertise-addr was specified.
The server will advertise "29b1af8e5b79" to other nodes, is this routable?

Consider using:
- for local-only servers:  --listen-addr=localhost
- for multi-node clusters: --advertise-addr=<host/IP addr>
I200313 14:25:24.390607 28 server/server.go:978  [n?] Sleeping till wall time 1584109524390469100 to catches up to 1584109524769813301 to ensure monotonicity. Delta: 379.344201ms
I200313 14:25:24.771985 28 gossip/gossip.go:394  [n1] NodeDescriptor set to node_id:1 address:<network_field:"tcp" address_field:"29b1af8e5b79:26257" > attrs:<> locality:<> ServerVersion:<major_val:19 minor_val:2 patch:0 unstable:0 > build_tag:"v19.2.4" started_at:1584109524771632800 cluster_name:"" sql_address:<network_field:"tcp" address_field:"29b1af8e5b79:26257" > 
W200313 14:25:24.798499 149 storage/replica_range_lease.go:554  can't determine lease status due to node liveness error: node not in the liveness table
github.com/cockroachdb/cockroach/pkg/storage.init.ializers
	/go/src/github.com/cockroachdb/cockroach/pkg/storage/node_liveness.go:44
runtime.main
	/usr/local/go/src/runtime/proc.go:188
runtime.goexit
	/usr/local/go/src/runtime/asm_amd64.s:1337
W200313 14:25:24.798581 149 storage/store.go:1530  [n1,s1,r6/1:/Table/{SystemCon…-11}] could not gossip system config: [NotLeaseHolderError] r6: replica (n1,s1):1 not lease holder; lease holder unknown
I200313 14:25:24.835802 28 server/node.go:431  [n1] initialized store [n1,s1]: disk (capacity=58 TiB, available=32 TiB, used=1.2 MiB, logicalBytes=12 MiB), ranges=24, leases=2, queries=0.00, writes=0.00, bytesPerReplica={p10=0.00 p25=0.00 p50=0.00 p75=2355.00 p90=14535.00 pMax=11970680.00}, writesPerReplica={p10=0.00 p25=0.00 p50=0.00 p75=0.00 p90=0.00 pMax=0.00}
I200313 14:25:24.836036 28 storage/stores.go:240  [n1] read 1 node addresses from persistent storage
I200313 14:25:24.836312 28 server/node.go:645  [n1] connecting to gossip network to verify cluster ID...
I200313 14:25:24.836372 28 server/node.go:665  [n1] node connected via gossip and verified as part of cluster "658b6d5e-e699-44c5-895d-ae8ec745f62b"
I200313 14:25:24.836571 28 server/node.go:512  [n1] node=1: started with [<no-attributes>=/cockroach/cockroach-data] engine(s) and attributes []
I200313 14:25:24.837512 28 server/server.go:1514  [n1] starting http server at [::]:8080 (use: 29b1af8e5b79:8080)
I200313 14:25:24.837554 28 server/server.go:1521  [n1] starting grpc/postgres server at [::]:26257
I200313 14:25:24.837596 28 server/server.go:1522  [n1] advertising CockroachDB node at 29b1af8e5b79:26257
I200313 14:25:24.889521 28 server/server.go:1590  [n1] done ensuring all necessary migrations have run
I200313 14:25:24.889607 28 server/server.go:1841  [n1] serving sql connections
I200313 14:25:24.889748 28 cli/start.go:803  [config] clusterID: 658b6d5e-e699-44c5-895d-ae8ec745f62b
I200313 14:25:24.889802 28 cli/start.go:812  node startup completed:
CockroachDB node starting at 2020-03-13 14:25:24.8896581 +0000 UTC (took 0.9s)
build:               CCL v19.2.4 @ 2020/02/06 21:55:19 (go1.12.12)
webui:               http://29b1af8e5b79:8080
sql:                 postgresql://root@29b1af8e5b79:26257?sslmode=disable
RPC client flags:    /cockroach/cockroach <client cmd> --host=29b1af8e5b79:26257 --insecure
logs:                /cockroach/cockroach-data/logs
temp dir:            /cockroach/cockroach-data/cockroach-temp156841196
external I/O path:   /cockroach/cockroach-data/extern
store[0]:            path=/cockroach/cockroach-data
status:              restarted pre-existing node
clusterID:           658b6d5e-e699-44c5-895d-ae8ec745f62b
nodeID:              1
I200313 14:25:24.902189 212 server/server_update.go:50  [n1] failed attempt to upgrade cluster version, error: node 2 not running (UNAVAILABLE), cannot determine version
I200313 14:25:24.912607 214 sql/event_log.go:130  [n1] Event: "node_restart", target: 1, info: {Descriptor:{NodeID:1 Address:29b1af8e5b79:26257 Attrs: Locality: ServerVersion:19.2 BuildTag:v19.2.4 StartedAt:1584109524771632800 LocalityAddress:[] ClusterName: SQLAddress:29b1af8e5b79:26257} ClusterID:658b6d5e-e699-44c5-895d-ae8ec745f62b StartedAt:1584109524771632800 LastUp:1584109486181388600}
I200313 14:25:25.397838 342 gossip/client.go:124  [n1] started gossip client to 3195b81d3530:26257
I200313 14:25:25.937431 212 server/server_update.go:53  [n1] no need to upgrade, cluster already at the newest version
I200313 14:25:26.033212 87 gossip/gossip.go:1531  [n1] node has connected to cluster via gossip
I200313 14:25:26.033825 87 storage/stores.go:259  [n1] wrote 1 node addresses to persistent storage
I200313 14:25:34.806734 162 server/status/runtime.go:498  [n1] runtime stats: 120 MiB RSS, 161 goroutines, 98 MiB/25 MiB/135 MiB GO alloc/idle/total, 14 MiB/18 MiB CGO alloc/total, 0.0 CGO/sec, 0.0/0.0 %(u/s)time, 0.0 %gc (9x), 63 KiB/69 KiB (r/w)net
W200313 14:25:34.893974 110 server/node.go:826  [n1,summaries] health alerts detected: {Alerts:[{StoreID:1 Category:METRICS Description:ranges.underreplicated Value:24}]}
I200313 14:25:44.806154 162 server/status/runtime.go:498  [n1] runtime stats: 132 MiB RSS, 162 goroutines, 109 MiB/14 MiB/135 MiB GO alloc/idle/total, 14 MiB/18 MiB CGO alloc/total, 66.4 CGO/sec, 1.2/3.6 %(u/s)time, 0.0 %gc (0x), 28 KiB/16 KiB (r/w)net
I200313 14:25:44.847238 157 storage/store.go:2364  [n1,s1] sstables (read amplification = 2):
0 [  66K 1 ]: 66K
6 [ 387K 1 ]: 387K
I200313 14:25:44.847353 157 storage/store.go:2365  [n1,s1] 
** Compaction Stats [default] **
Level    Files   Size     Score Read(GB)  Rn(GB) Rnp1(GB) Write(GB) Wnew(GB) Moved(GB) W-Amp Rd(MB/s) Wr(MB/s) Comp(sec) CompMergeCPU(sec) Comp(cnt) Avg(sec) KeyIn KeyDrop
----------------------------------------------------------------------------------------------------------------------------------------------------------------------------
  L0      1/0   65.67 KB   0.5      0.0     0.0      0.0       0.0      0.0       0.0   1.0      0.0      6.1      0.01              0.00         1    0.011       0      0
  L6      1/0   387.12 KB   0.0      0.0     0.0      0.0       0.0      0.0       0.0   0.0      0.0      0.0      0.00              0.00         0    0.000       0      0
 Sum      2/0   452.79 KB   0.0      0.0     0.0      0.0       0.0      0.0       0.0   1.0      0.0      6.1      0.01              0.00         1    0.011       0      0
 Int      0/0    0.00 KB   0.0      0.0     0.0      0.0       0.0      0.0       0.0   1.0      0.0      6.1      0.01              0.00         1    0.011       0      0

** Compaction Stats [default] **
Priority    Files   Size     Score Read(GB)  Rn(GB) Rnp1(GB) Write(GB) Wnew(GB) Moved(GB) W-Amp Rd(MB/s) Wr(MB/s) Comp(sec) CompMergeCPU(sec) Comp(cnt) Avg(sec) KeyIn KeyDrop
-------------------------------------------------------------------------------------------------------------------------------------------------------------------------------
User      0/0    0.00 KB   0.0      0.0     0.0      0.0       0.0      0.0       0.0   0.0      0.0      6.1      0.01              0.00         1    0.011       0      0
Uptime(secs): 20.6 total, 20.6 interval
Flush(GB): cumulative 0.000, interval 0.000
AddFile(GB): cumulative 0.000, interval 0.000
AddFile(Total Files): cumulative 0, interval 0
AddFile(L0 Files): cumulative 0, interval 0
AddFile(Keys): cumulative 0, interval 0
Cumulative compaction: 0.00 GB write, 0.00 MB/s write, 0.00 GB read, 0.00 MB/s read, 0.0 seconds
Interval compaction: 0.00 GB write, 0.00 MB/s write, 0.00 GB read, 0.00 MB/s read, 0.0 seconds
Stalls(count): 0 level0_slowdown, 0 level0_slowdown_with_compaction, 0 level0_numfiles, 0 level0_numfiles_with_compaction, 0 stop for pending_compaction_bytes, 0 slowdown for pending_compaction_bytes, 0 memtable_compaction, 0 memtable_slowdown, interval 0 total count
estimated_pending_compaction_bytes: 0 B
W200313 14:25:44.891552 110 server/node.go:826  [n1,summaries] health alerts detected: {Alerts:[{StoreID:1 Category:METRICS Description:ranges.underreplicated Value:24}]}
I200313 14:25:54.807086 162 server/status/runtime.go:498  [n1] runtime stats: 143 MiB RSS, 161 goroutines, 119 MiB/3.8 MiB/135 MiB GO alloc/idle/total, 15 MiB/19 MiB CGO alloc/total, 41.8 CGO/sec, 1.2/2.8 %(u/s)time, 0.0 %gc (0x), 28 KiB/13 KiB (r/w)net
W200313 14:25:54.896773 110 server/node.go:826  [n1,summaries] health alerts detected: {Alerts:[{StoreID:1 Category:METRICS Description:ranges.underreplicated Value:24}]}
I200313 14:26:04.774577 162 server/status/runtime.go:498  [n1] runtime stats: 146 MiB RSS, 162 goroutines, 89 MiB/31 MiB/135 MiB GO alloc/idle/total, 15 MiB/19 MiB CGO alloc/total, 33.0 CGO/sec, 0.7/3.2 %(u/s)time, 0.0 %gc (1x), 30 KiB/14 KiB (r/w)net
W200313 14:26:04.871719 110 server/node.go:826  [n1,summaries] health alerts detected: {Alerts:[{StoreID:1 Category:METRICS Description:ranges.underreplicated Value:24}]}
I200313 14:26:14.774148 162 server/status/runtime.go:498  [n1] runtime stats: 147 MiB RSS, 162 goroutines, 98 MiB/23 MiB/135 MiB GO alloc/idle/total, 15 MiB/19 MiB CGO alloc/total, 38.8 CGO/sec, 1.6/2.4 %(u/s)time, 0.0 %gc (0x), 28 KiB/12 KiB (r/w)net
W200313 14:26:14.858966 110 server/node.go:826  [n1,summaries] health alerts detected: {Alerts:[{StoreID:1 Category:METRICS Description:ranges.underreplicated Value:24}]}
I200313 14:26:24.769849 158 gossip/gossip.go:566  [n1] gossip status (ok, 2 nodes)
gossip client (1/3 cur/max conns)
  2: 3195b81d3530:26257 (59s: infos 177/33 sent/received, bytes 27213B/7859B sent/received)
gossip server (0/3 cur/max conns, infos 190/39 sent/received, bytes 39961B/8980B sent/received)
gossip connectivity
  n1 [sentinel];
  n1 -> n2;
I200313 14:26:24.774019 162 server/status/runtime.go:498  [n1] runtime stats: 148 MiB RSS, 163 goroutines, 106 MiB/16 MiB/135 MiB GO alloc/idle/total, 15 MiB/19 MiB CGO alloc/total, 34.9 CGO/sec, 0.7/2.4 %(u/s)time, 0.0 %gc (0x), 28 KiB/11 KiB (r/w)net
W200313 14:26:24.867896 110 server/node.go:826  [n1,summaries] health alerts detected: {Alerts:[{StoreID:1 Category:METRICS Description:ranges.underreplicated Value:24}]}
I200313 14:26:25.210401 1 cli/start.go:865  received signal 'terminated'
I200313 14:26:25.212651 1 cli/start.go:930  initiating graceful shutdown of server
I200313 14:26:26.219839 1348 util/stop/stopper.go:542  [server drain process] quiescing; tasks left:
1      [async] intent_resolver_ir_batcher
1      [async] intent_resolver_gc_batcher
1      [async] closedts-subscription
1      [async] closedts-rangefeed-subscriber
W200313 14:26:26.220512 87 gossip/gossip.go:1517  [n1] no incoming or outgoing connections
I200313 14:26:26.221128 1348 util/stop/stopper.go:542  [server drain process] quiescing; tasks left:
1      [async] intent_resolver_gc_batcher
1      [async] closedts-subscription
1      [async] closedts-rangefeed-subscriber
I200313 14:26:26.222541 1348 util/stop/stopper.go:542  [server drain process] quiescing; tasks left:
1      [async] closedts-subscription
1      [async] closedts-rangefeed-subscriber
I200313 14:26:26.225096 1348 storage/engine/rocksdb.go:762  closing rocksdb instance at "/cockroach/cockroach-data/cockroach-temp156841196"
I200313 14:26:26.241091 1348 storage/engine/rocksdb.go:762  closing rocksdb instance at "/cockroach/cockroach-data"
I200313 14:26:26.246368 1 cli/start.go:976  server drained and shutdown completed
