I200313 14:18:34.237507 27 util/log/clog.go:1196  [config] file created at: 2020/03/13 14:18:34
I200313 14:18:34.237507 27 util/log/clog.go:1196  [config] running on machine: 525cee543063
I200313 14:18:34.237507 27 util/log/clog.go:1196  [config] binary: CockroachDB CCL v19.2.4 (x86_64-unknown-linux-gnu, built 2020/02/06 21:55:19, go1.12.12)
I200313 14:18:34.237507 27 util/log/clog.go:1196  [config] arguments: [/cockroach/cockroach start --insecure]
I200313 14:18:34.237507 27 util/log/clog.go:1196  line format: [IWEF]yymmdd hh:mm:ss.uuuuuu goid file:line msg utf8=✓
I200313 14:18:34.237493 27 storage/engine/rocksdb.go:120  RocksDB version: 6.2.1
I200313 14:18:34.242218 27 storage/engine/rocksdb.go:120  Git sha rocksdb_build_git_sha:@b7009236531fa784872f4823eabf393501e41bf2@
I200313 14:18:34.242244 27 storage/engine/rocksdb.go:120  Compile date Feb  6 2020
I200313 14:18:34.242268 27 storage/engine/rocksdb.go:120  DB SUMMARY
I200313 14:18:34.244986 27 storage/engine/rocksdb.go:120  SST files in /cockroach/cockroach-data/cockroach-temp437810388 dir, Total Num: 0, files: 
I200313 14:18:34.256251 27 storage/engine/rocksdb.go:120  Write Ahead Log file in /cockroach/cockroach-data/cockroach-temp437810388: 
I200313 14:18:34.256276 27 storage/engine/rocksdb.go:120                          Options.error_if_exists: 0
I200313 14:18:34.256296 27 storage/engine/rocksdb.go:120                        Options.create_if_missing: 1
I200313 14:18:34.256315 27 storage/engine/rocksdb.go:120                          Options.paranoid_checks: 1
I200313 14:18:34.256334 27 storage/engine/rocksdb.go:120                                      Options.env: 0x756aca0
I200313 14:18:34.256359 27 storage/engine/rocksdb.go:120                                 Options.info_log: 0x7fce25a87fc0
I200313 14:18:34.256384 27 storage/engine/rocksdb.go:120                 Options.max_file_opening_threads: 16
I200313 14:18:34.256403 27 storage/engine/rocksdb.go:120                               Options.statistics: 0x7fce25a1d8d0
I200313 14:18:34.256422 27 storage/engine/rocksdb.go:120                                Options.use_fsync: 0
I200313 14:18:34.256439 27 storage/engine/rocksdb.go:120                        Options.max_log_file_size: 0
I200313 14:18:34.256458 27 storage/engine/rocksdb.go:120                   Options.max_manifest_file_size: 134217728
I200313 14:18:34.256477 27 storage/engine/rocksdb.go:120                    Options.log_file_time_to_roll: 0
I200313 14:18:34.256496 27 storage/engine/rocksdb.go:120                        Options.keep_log_file_num: 1000
I200313 14:18:34.256515 27 storage/engine/rocksdb.go:120                     Options.recycle_log_file_num: 1
I200313 14:18:34.256534 27 storage/engine/rocksdb.go:120                          Options.allow_fallocate: 1
I200313 14:18:34.256563 27 storage/engine/rocksdb.go:120                         Options.allow_mmap_reads: 0
I200313 14:18:34.256589 27 storage/engine/rocksdb.go:120                        Options.allow_mmap_writes: 0
I200313 14:18:34.256609 27 storage/engine/rocksdb.go:120                         Options.use_direct_reads: 0
I200313 14:18:34.256628 27 storage/engine/rocksdb.go:120                         Options.use_direct_io_for_flush_and_compaction: 0
I200313 14:18:34.256648 27 storage/engine/rocksdb.go:120           Options.create_missing_column_families: 0
I200313 14:18:34.256680 27 storage/engine/rocksdb.go:120                               Options.db_log_dir: 
I200313 14:18:34.256700 27 storage/engine/rocksdb.go:120                                  Options.wal_dir: /cockroach/cockroach-data/cockroach-temp437810388
I200313 14:18:34.256719 27 storage/engine/rocksdb.go:120                 Options.table_cache_numshardbits: 6
I200313 14:18:34.256738 27 storage/engine/rocksdb.go:120                       Options.max_subcompactions: 1
I200313 14:18:34.256757 27 storage/engine/rocksdb.go:120                   Options.max_background_flushes: -1
I200313 14:18:34.256785 27 storage/engine/rocksdb.go:120                          Options.WAL_ttl_seconds: 0
I200313 14:18:34.256822 27 storage/engine/rocksdb.go:120                        Options.WAL_size_limit_MB: 0
I200313 14:18:34.256862 27 storage/engine/rocksdb.go:120              Options.manifest_preallocation_size: 4194304
I200313 14:18:34.256882 27 storage/engine/rocksdb.go:120                      Options.is_fd_close_on_exec: 1
I200313 14:18:34.256901 27 storage/engine/rocksdb.go:120                    Options.advise_random_on_open: 1
I200313 14:18:34.256920 27 storage/engine/rocksdb.go:120                     Options.db_write_buffer_size: 0
I200313 14:18:34.256939 27 storage/engine/rocksdb.go:120                     Options.write_buffer_manager: 0x7fce25a60ce0
I200313 14:18:34.256962 27 storage/engine/rocksdb.go:120          Options.access_hint_on_compaction_start: 1
I200313 14:18:34.256981 27 storage/engine/rocksdb.go:120   Options.new_table_reader_for_compaction_inputs: 0
I200313 14:18:34.257000 27 storage/engine/rocksdb.go:120            Options.random_access_max_buffer_size: 1048576
I200313 14:18:34.257063 27 storage/engine/rocksdb.go:120                       Options.use_adaptive_mutex: 0
I200313 14:18:34.257087 27 storage/engine/rocksdb.go:120                             Options.rate_limiter: (nil)
I200313 14:18:34.257117 27 storage/engine/rocksdb.go:120      Options.sst_file_manager.rate_bytes_per_sec: 0
I200313 14:18:34.257143 27 storage/engine/rocksdb.go:120                        Options.wal_recovery_mode: 0
I200313 14:18:34.257164 27 storage/engine/rocksdb.go:120                   Options.enable_thread_tracking: 0
I200313 14:18:34.257207 27 storage/engine/rocksdb.go:120                   Options.enable_pipelined_write: 0
I200313 14:18:34.257230 27 storage/engine/rocksdb.go:120          Options.allow_concurrent_memtable_write: 1
I200313 14:18:34.257250 27 storage/engine/rocksdb.go:120       Options.enable_write_thread_adaptive_yield: 1
I200313 14:18:34.257283 27 storage/engine/rocksdb.go:120              Options.write_thread_max_yield_usec: 100
I200313 14:18:34.257303 27 storage/engine/rocksdb.go:120             Options.write_thread_slow_yield_usec: 3
I200313 14:18:34.257322 27 storage/engine/rocksdb.go:120                                Options.row_cache: None
I200313 14:18:34.257341 27 storage/engine/rocksdb.go:120                               Options.wal_filter: None
I200313 14:18:34.257361 27 storage/engine/rocksdb.go:120              Options.avoid_flush_during_recovery: 0
I200313 14:18:34.257396 27 storage/engine/rocksdb.go:120              Options.allow_ingest_behind: 0
I200313 14:18:34.257425 27 storage/engine/rocksdb.go:120              Options.preserve_deletes: 0
I200313 14:18:34.257440 27 storage/engine/rocksdb.go:120              Options.two_write_queues: 0
I200313 14:18:34.257458 27 storage/engine/rocksdb.go:120              Options.manual_wal_flush: 1
I200313 14:18:34.257477 27 storage/engine/rocksdb.go:120              Options.atomic_flush: 0
I200313 14:18:34.257492 27 storage/engine/rocksdb.go:120              Options.avoid_unnecessary_blocking_io: 0
I200313 14:18:34.257518 27 storage/engine/rocksdb.go:120              Options.max_background_jobs: 4
I200313 14:18:34.257532 27 storage/engine/rocksdb.go:120              Options.max_background_compactions: -1
I200313 14:18:34.257556 27 storage/engine/rocksdb.go:120              Options.avoid_flush_during_shutdown: 0
I200313 14:18:34.257575 27 storage/engine/rocksdb.go:120            Options.writable_file_max_buffer_size: 1048576
I200313 14:18:34.257590 27 storage/engine/rocksdb.go:120              Options.delayed_write_rate : 16777216
I200313 14:18:34.257609 27 storage/engine/rocksdb.go:120              Options.max_total_wal_size: 0
I200313 14:18:34.257628 27 storage/engine/rocksdb.go:120              Options.delete_obsolete_files_period_micros: 21600000000
I200313 14:18:34.257656 27 storage/engine/rocksdb.go:120                    Options.stats_dump_period_sec: 0
I200313 14:18:34.257672 27 storage/engine/rocksdb.go:120                  Options.stats_persist_period_sec: 600
I200313 14:18:34.257692 27 storage/engine/rocksdb.go:120                  Options.stats_history_buffer_size: 1048576
I200313 14:18:34.257711 27 storage/engine/rocksdb.go:120                           Options.max_open_files: 128
I200313 14:18:34.257729 27 storage/engine/rocksdb.go:120                           Options.bytes_per_sync: 524288
I200313 14:18:34.257756 27 storage/engine/rocksdb.go:120                       Options.wal_bytes_per_sync: 0
I200313 14:18:34.257785 27 storage/engine/rocksdb.go:120                    Options.strict_bytes_per_sync: 1
I200313 14:18:34.257805 27 storage/engine/rocksdb.go:120        Options.compaction_readahead_size: 0
I200313 14:18:34.257825 27 storage/engine/rocksdb.go:120  Compression algorithms supported:
I200313 14:18:34.257853 27 storage/engine/rocksdb.go:120  	kZSTDNotFinalCompression supported: 0
I200313 14:18:34.257878 27 storage/engine/rocksdb.go:120  	kZSTD supported: 0
I200313 14:18:34.257897 27 storage/engine/rocksdb.go:120  	kXpressCompression supported: 0
I200313 14:18:34.257935 27 storage/engine/rocksdb.go:120  	kLZ4HCCompression supported: 0
I200313 14:18:34.257966 27 storage/engine/rocksdb.go:120  	kLZ4Compression supported: 0
I200313 14:18:34.257990 27 storage/engine/rocksdb.go:120  	kBZip2Compression supported: 0
I200313 14:18:34.258014 27 storage/engine/rocksdb.go:120  	kZlibCompression supported: 0
I200313 14:18:34.258038 27 storage/engine/rocksdb.go:120  	kSnappyCompression supported: 1
I200313 14:18:34.258074 27 storage/engine/rocksdb.go:120  Fast CRC32 supported: Supported on x86
I200313 14:18:34.264820 27 storage/engine/rocksdb.go:120  [db/db_impl_open.cc:242] Creating manifest 1 
I200313 14:18:34.291375 27 storage/engine/rocksdb.go:120  [db/version_set.cc:4072] Recovering from manifest file: /cockroach/cockroach-data/cockroach-temp437810388/MANIFEST-000001
I200313 14:18:34.293764 27 storage/engine/rocksdb.go:120  [db/column_family.cc:488] --------------- Options for column family [default]:
I200313 14:18:34.293798 27 storage/engine/rocksdb.go:120                Options.comparator: cockroach_comparator
I200313 14:18:34.293827 27 storage/engine/rocksdb.go:120            Options.merge_operator: cockroach_merge_operator
I200313 14:18:34.293861 27 storage/engine/rocksdb.go:120         Options.compaction_filter: None
I200313 14:18:34.293891 27 storage/engine/rocksdb.go:120         Options.compaction_filter_factory: None
I200313 14:18:34.293920 27 storage/engine/rocksdb.go:120          Options.memtable_factory: SkipListFactory
I200313 14:18:34.294009 27 storage/engine/rocksdb.go:120             Options.table_factory: BlockBasedTable
I200313 14:18:34.294085 27 storage/engine/rocksdb.go:120             table_factory options:   flush_block_policy_factory: FlushBlockBySizePolicyFactory (0x7fce25a24040)
  cache_index_and_filter_blocks: 0
  cache_index_and_filter_blocks_with_high_priority: 0
  pin_l0_filter_and_index_blocks_in_cache: 0
  pin_top_level_index_and_filter: 1
  index_type: 0
  data_block_index_type: 0
  index_shortening: 1
  data_block_hash_table_util_ratio: 0.750000
  hash_index_allow_collision: 1
  checksum: 1
  no_block_cache: 0
  block_cache: 0x7fce25a4b210
  block_cache_name: LRUCache
  block_cache_options:
    capacity : 1048576
    num_shard_bits : 4
    strict_capacity_limit : 0
    memory_allocator : None
    high_pri_pool_ratio: 0.000
  block_cache_compressed: (nil)
  persistent_cache: (nil)
  block_size: 32768
  block_size_deviation: 10
  block_restart_interval: 16
  index_block_restart_interval: 1
  metadata_block_size: 4096
  partition_filters: 0
  use_delta_encoding: 1
  filter_policy: rocksdb.BuiltinBloomFilter
  whole_key_filtering: 0
  verify_compression: 0
  read_amp_bytes_per_bit: 0
  format_version: 2
  enable_index_compression: 1
  block_align: 0
I200313 14:18:34.294128 27 storage/engine/rocksdb.go:120         Options.write_buffer_size: 67108864
I200313 14:18:34.294164 27 storage/engine/rocksdb.go:120   Options.max_write_buffer_number: 4
I200313 14:18:34.294191 27 storage/engine/rocksdb.go:120           Options.compression: Snappy
I200313 14:18:34.294220 27 storage/engine/rocksdb.go:120                   Options.bottommost_compression: Disabled
I200313 14:18:34.294251 27 storage/engine/rocksdb.go:120        Options.prefix_extractor: cockroach_prefix_extractor
I200313 14:18:34.294279 27 storage/engine/rocksdb.go:120    Options.memtable_insert_with_hint_prefix_extractor: nullptr
I200313 14:18:34.294304 27 storage/engine/rocksdb.go:120              Options.num_levels: 7
I200313 14:18:34.294333 27 storage/engine/rocksdb.go:120         Options.min_write_buffer_number_to_merge: 1
I200313 14:18:34.294362 27 storage/engine/rocksdb.go:120      Options.max_write_buffer_number_to_maintain: 0
I200313 14:18:34.294461 27 storage/engine/rocksdb.go:120             Options.bottommost_compression_opts.window_bits: -14
I200313 14:18:34.294593 27 storage/engine/rocksdb.go:120                   Options.bottommost_compression_opts.level: 32767
I200313 14:18:34.294624 27 storage/engine/rocksdb.go:120                Options.bottommost_compression_opts.strategy: 0
I200313 14:18:34.294653 27 storage/engine/rocksdb.go:120          Options.bottommost_compression_opts.max_dict_bytes: 0
I200313 14:18:34.294682 27 storage/engine/rocksdb.go:120          Options.bottommost_compression_opts.zstd_max_train_bytes: 0
I200313 14:18:34.294712 27 storage/engine/rocksdb.go:120                   Options.bottommost_compression_opts.enabled: false
I200313 14:18:34.294745 27 storage/engine/rocksdb.go:120             Options.compression_opts.window_bits: -14
I200313 14:18:34.294773 27 storage/engine/rocksdb.go:120                   Options.compression_opts.level: 32767
I200313 14:18:34.294813 27 storage/engine/rocksdb.go:120                Options.compression_opts.strategy: 0
I200313 14:18:34.294836 27 storage/engine/rocksdb.go:120          Options.compression_opts.max_dict_bytes: 0
I200313 14:18:34.294864 27 storage/engine/rocksdb.go:120          Options.compression_opts.zstd_max_train_bytes: 0
I200313 14:18:34.294892 27 storage/engine/rocksdb.go:120                   Options.compression_opts.enabled: false
I200313 14:18:34.294921 27 storage/engine/rocksdb.go:120       Options.level0_file_num_compaction_trigger: 2
I200313 14:18:34.294949 27 storage/engine/rocksdb.go:120           Options.level0_slowdown_writes_trigger: 950
I200313 14:18:34.294981 27 storage/engine/rocksdb.go:120               Options.level0_stop_writes_trigger: 1000
I200313 14:18:34.295010 27 storage/engine/rocksdb.go:120                    Options.target_file_size_base: 4194304
I200313 14:18:34.295039 27 storage/engine/rocksdb.go:120              Options.target_file_size_multiplier: 2
I200313 14:18:34.295059 27 storage/engine/rocksdb.go:120                 Options.max_bytes_for_level_base: 67108864
I200313 14:18:34.295090 27 storage/engine/rocksdb.go:120  Options.level_compaction_dynamic_level_bytes: 1
I200313 14:18:34.295132 27 storage/engine/rocksdb.go:120           Options.max_bytes_for_level_multiplier: 10.000000
I200313 14:18:34.295164 27 storage/engine/rocksdb.go:120  Options.max_bytes_for_level_multiplier_addtl[0]: 1
I200313 14:18:34.295197 27 storage/engine/rocksdb.go:120  Options.max_bytes_for_level_multiplier_addtl[1]: 1
I200313 14:18:34.295218 27 storage/engine/rocksdb.go:120  Options.max_bytes_for_level_multiplier_addtl[2]: 1
I200313 14:18:34.295239 27 storage/engine/rocksdb.go:120  Options.max_bytes_for_level_multiplier_addtl[3]: 1
I200313 14:18:34.295280 27 storage/engine/rocksdb.go:120  Options.max_bytes_for_level_multiplier_addtl[4]: 1
I200313 14:18:34.295304 27 storage/engine/rocksdb.go:120  Options.max_bytes_for_level_multiplier_addtl[5]: 1
I200313 14:18:34.295345 27 storage/engine/rocksdb.go:120  Options.max_bytes_for_level_multiplier_addtl[6]: 1
I200313 14:18:34.295374 27 storage/engine/rocksdb.go:120        Options.max_sequential_skip_in_iterations: 8
I200313 14:18:34.295437 27 storage/engine/rocksdb.go:120                     Options.max_compaction_bytes: 104857600
I200313 14:18:34.295466 27 storage/engine/rocksdb.go:120                         Options.arena_block_size: 8388608
I200313 14:18:34.295498 27 storage/engine/rocksdb.go:120    Options.soft_pending_compaction_bytes_limit: 2199023255552
I200313 14:18:34.295528 27 storage/engine/rocksdb.go:120    Options.hard_pending_compaction_bytes_limit: 4400193994752
I200313 14:18:34.295557 27 storage/engine/rocksdb.go:120        Options.rate_limit_delay_max_milliseconds: 100
I200313 14:18:34.295585 27 storage/engine/rocksdb.go:120                 Options.disable_auto_compactions: 0
I200313 14:18:34.295619 27 storage/engine/rocksdb.go:120                         Options.compaction_style: kCompactionStyleLevel
I200313 14:18:34.295656 27 storage/engine/rocksdb.go:120                           Options.compaction_pri: kMinOverlappingRatio
I200313 14:18:34.295696 27 storage/engine/rocksdb.go:120  Options.compaction_options_universal.size_ratio: 1
I200313 14:18:34.295739 27 storage/engine/rocksdb.go:120  Options.compaction_options_universal.min_merge_width: 2
I200313 14:18:34.295769 27 storage/engine/rocksdb.go:120  Options.compaction_options_universal.max_merge_width: 4294967295
I200313 14:18:34.295789 27 storage/engine/rocksdb.go:120  Options.compaction_options_universal.max_size_amplification_percent: 200
I200313 14:18:34.295818 27 storage/engine/rocksdb.go:120  Options.compaction_options_universal.compression_size_percent: -1
I200313 14:18:34.295846 27 storage/engine/rocksdb.go:120  Options.compaction_options_universal.stop_style: kCompactionStopStyleTotalSize
I200313 14:18:34.295875 27 storage/engine/rocksdb.go:120  Options.compaction_options_fifo.max_table_files_size: 1073741824
I200313 14:18:34.295903 27 storage/engine/rocksdb.go:120  Options.compaction_options_fifo.allow_compaction: 0
I200313 14:18:34.295938 27 storage/engine/rocksdb.go:120                    Options.table_properties_collectors: TimeBoundTblPropCollectorFactory; DeleteRangeTblPropCollectorFactory; 
I200313 14:18:34.295974 27 storage/engine/rocksdb.go:120                    Options.inplace_update_support: 0
I200313 14:18:34.296003 27 storage/engine/rocksdb.go:120                  Options.inplace_update_num_locks: 10000
I200313 14:18:34.296032 27 storage/engine/rocksdb.go:120                Options.memtable_prefix_bloom_size_ratio: 0.000000
I200313 14:18:34.296061 27 storage/engine/rocksdb.go:120                Options.memtable_whole_key_filtering: 0
I200313 14:18:34.296090 27 storage/engine/rocksdb.go:120    Options.memtable_huge_page_size: 0
I200313 14:18:34.296118 27 storage/engine/rocksdb.go:120                            Options.bloom_locality: 0
I200313 14:18:34.296146 27 storage/engine/rocksdb.go:120                     Options.max_successive_merges: 0
I200313 14:18:34.296174 27 storage/engine/rocksdb.go:120                 Options.optimize_filters_for_hits: 1
I200313 14:18:34.296203 27 storage/engine/rocksdb.go:120                 Options.paranoid_file_checks: 0
I200313 14:18:34.296229 27 storage/engine/rocksdb.go:120                 Options.force_consistency_checks: 0
I200313 14:18:34.296257 27 storage/engine/rocksdb.go:120                 Options.report_bg_io_stats: 0
I200313 14:18:34.296285 27 storage/engine/rocksdb.go:120                                Options.ttl: 0
I200313 14:18:34.296313 27 storage/engine/rocksdb.go:120           Options.periodic_compaction_seconds: 0
I200313 14:18:34.302037 27 storage/engine/rocksdb.go:120  [db/version_set.cc:4286] Recovered from manifest file:/cockroach/cockroach-data/cockroach-temp437810388/MANIFEST-000001 succeeded,manifest_file_number is 1, next_file_number is 3, last_sequence is 0, log_number is 0,prev_log_number is 0,max_column_family is 0,min_log_number_to_keep is 0
I200313 14:18:34.302075 27 storage/engine/rocksdb.go:120  [db/version_set.cc:4295] Column family [default] (ID 0), log number is 0
I200313 14:18:34.316509 27 storage/engine/rocksdb.go:120  DB pointer 0x7fce25b7c000
I200313 14:18:34.349682 27 storage/engine/rocksdb.go:120  RocksDB version: 6.2.1
I200313 14:18:34.349777 27 storage/engine/rocksdb.go:120  Git sha rocksdb_build_git_sha:@b7009236531fa784872f4823eabf393501e41bf2@
I200313 14:18:34.349796 27 storage/engine/rocksdb.go:120  Compile date Feb  6 2020
I200313 14:18:34.349832 27 storage/engine/rocksdb.go:120  DB SUMMARY
I200313 14:18:34.353875 27 storage/engine/rocksdb.go:120  CURRENT file:  CURRENT
I200313 14:18:34.353903 27 storage/engine/rocksdb.go:120  IDENTITY file:  IDENTITY
I200313 14:18:34.354706 27 storage/engine/rocksdb.go:120  MANIFEST file:  MANIFEST-000028 size: 188 Bytes
I200313 14:18:34.354729 27 storage/engine/rocksdb.go:120  SST files in /cockroach/cockroach-data dir, Total Num: 2, files: 000025.sst 000027.sst 
I200313 14:18:34.354749 27 storage/engine/rocksdb.go:120  Write Ahead Log file in /cockroach/cockroach-data: 000029.log size: 3202839 ; 
I200313 14:18:34.354769 27 storage/engine/rocksdb.go:120                          Options.error_if_exists: 0
I200313 14:18:34.354793 27 storage/engine/rocksdb.go:120                        Options.create_if_missing: 1
I200313 14:18:34.354812 27 storage/engine/rocksdb.go:120                          Options.paranoid_checks: 1
I200313 14:18:34.354831 27 storage/engine/rocksdb.go:120                                      Options.env: 0x756aca0
I200313 14:18:34.354850 27 storage/engine/rocksdb.go:120                                 Options.info_log: 0x7fce17e19080
I200313 14:18:34.354869 27 storage/engine/rocksdb.go:120                 Options.max_file_opening_threads: 16
I200313 14:18:34.354887 27 storage/engine/rocksdb.go:120                               Options.statistics: 0x7fce17e1f010
I200313 14:18:34.354906 27 storage/engine/rocksdb.go:120                                Options.use_fsync: 0
I200313 14:18:34.354925 27 storage/engine/rocksdb.go:120                        Options.max_log_file_size: 0
I200313 14:18:34.354944 27 storage/engine/rocksdb.go:120                   Options.max_manifest_file_size: 134217728
I200313 14:18:34.354963 27 storage/engine/rocksdb.go:120                    Options.log_file_time_to_roll: 0
I200313 14:18:34.354982 27 storage/engine/rocksdb.go:120                        Options.keep_log_file_num: 1000
I200313 14:18:34.355001 27 storage/engine/rocksdb.go:120                     Options.recycle_log_file_num: 1
I200313 14:18:34.355019 27 storage/engine/rocksdb.go:120                          Options.allow_fallocate: 1
I200313 14:18:34.355038 27 storage/engine/rocksdb.go:120                         Options.allow_mmap_reads: 0
I200313 14:18:34.355057 27 storage/engine/rocksdb.go:120                        Options.allow_mmap_writes: 0
I200313 14:18:34.355076 27 storage/engine/rocksdb.go:120                         Options.use_direct_reads: 0
I200313 14:18:34.355094 27 storage/engine/rocksdb.go:120                         Options.use_direct_io_for_flush_and_compaction: 0
I200313 14:18:34.355113 27 storage/engine/rocksdb.go:120           Options.create_missing_column_families: 0
I200313 14:18:34.355185 27 storage/engine/rocksdb.go:120                               Options.db_log_dir: 
I200313 14:18:34.355206 27 storage/engine/rocksdb.go:120                                  Options.wal_dir: /cockroach/cockroach-data
I200313 14:18:34.355225 27 storage/engine/rocksdb.go:120                 Options.table_cache_numshardbits: 6
I200313 14:18:34.355244 27 storage/engine/rocksdb.go:120                       Options.max_subcompactions: 1
I200313 14:18:34.355263 27 storage/engine/rocksdb.go:120                   Options.max_background_flushes: -1
I200313 14:18:34.355281 27 storage/engine/rocksdb.go:120                          Options.WAL_ttl_seconds: 0
I200313 14:18:34.355300 27 storage/engine/rocksdb.go:120                        Options.WAL_size_limit_MB: 0
I200313 14:18:34.355319 27 storage/engine/rocksdb.go:120              Options.manifest_preallocation_size: 4194304
I200313 14:18:34.355338 27 storage/engine/rocksdb.go:120                      Options.is_fd_close_on_exec: 1
I200313 14:18:34.355356 27 storage/engine/rocksdb.go:120                    Options.advise_random_on_open: 1
I200313 14:18:34.355375 27 storage/engine/rocksdb.go:120                     Options.db_write_buffer_size: 0
I200313 14:18:34.355394 27 storage/engine/rocksdb.go:120                     Options.write_buffer_manager: 0x7fce17e87030
I200313 14:18:34.355414 27 storage/engine/rocksdb.go:120          Options.access_hint_on_compaction_start: 1
I200313 14:18:34.355432 27 storage/engine/rocksdb.go:120   Options.new_table_reader_for_compaction_inputs: 0
I200313 14:18:34.355451 27 storage/engine/rocksdb.go:120            Options.random_access_max_buffer_size: 1048576
I200313 14:18:34.355470 27 storage/engine/rocksdb.go:120                       Options.use_adaptive_mutex: 0
I200313 14:18:34.355489 27 storage/engine/rocksdb.go:120                             Options.rate_limiter: (nil)
I200313 14:18:34.355509 27 storage/engine/rocksdb.go:120      Options.sst_file_manager.rate_bytes_per_sec: 0
I200313 14:18:34.355531 27 storage/engine/rocksdb.go:120                        Options.wal_recovery_mode: 0
I200313 14:18:34.355550 27 storage/engine/rocksdb.go:120                   Options.enable_thread_tracking: 0
I200313 14:18:34.355568 27 storage/engine/rocksdb.go:120                   Options.enable_pipelined_write: 0
I200313 14:18:34.355587 27 storage/engine/rocksdb.go:120          Options.allow_concurrent_memtable_write: 1
I200313 14:18:34.355607 27 storage/engine/rocksdb.go:120       Options.enable_write_thread_adaptive_yield: 1
I200313 14:18:34.355626 27 storage/engine/rocksdb.go:120              Options.write_thread_max_yield_usec: 100
I200313 14:18:34.355645 27 storage/engine/rocksdb.go:120             Options.write_thread_slow_yield_usec: 3
I200313 14:18:34.355663 27 storage/engine/rocksdb.go:120                                Options.row_cache: None
I200313 14:18:34.355682 27 storage/engine/rocksdb.go:120                               Options.wal_filter: None
I200313 14:18:34.355701 27 storage/engine/rocksdb.go:120              Options.avoid_flush_during_recovery: 0
I200313 14:18:34.355721 27 storage/engine/rocksdb.go:120              Options.allow_ingest_behind: 0
I200313 14:18:34.355740 27 storage/engine/rocksdb.go:120              Options.preserve_deletes: 0
I200313 14:18:34.355759 27 storage/engine/rocksdb.go:120              Options.two_write_queues: 0
I200313 14:18:34.355777 27 storage/engine/rocksdb.go:120              Options.manual_wal_flush: 1
I200313 14:18:34.355796 27 storage/engine/rocksdb.go:120              Options.atomic_flush: 0
I200313 14:18:34.355815 27 storage/engine/rocksdb.go:120              Options.avoid_unnecessary_blocking_io: 0
I200313 14:18:34.355834 27 storage/engine/rocksdb.go:120              Options.max_background_jobs: 4
I200313 14:18:34.355853 27 storage/engine/rocksdb.go:120              Options.max_background_compactions: -1
I200313 14:18:34.355873 27 storage/engine/rocksdb.go:120              Options.avoid_flush_during_shutdown: 0
I200313 14:18:34.355892 27 storage/engine/rocksdb.go:120            Options.writable_file_max_buffer_size: 1048576
I200313 14:18:34.355911 27 storage/engine/rocksdb.go:120              Options.delayed_write_rate : 16777216
I200313 14:18:34.355930 27 storage/engine/rocksdb.go:120              Options.max_total_wal_size: 0
I200313 14:18:34.355949 27 storage/engine/rocksdb.go:120              Options.delete_obsolete_files_period_micros: 21600000000
I200313 14:18:34.355968 27 storage/engine/rocksdb.go:120                    Options.stats_dump_period_sec: 0
I200313 14:18:34.355987 27 storage/engine/rocksdb.go:120                  Options.stats_persist_period_sec: 600
I200313 14:18:34.356006 27 storage/engine/rocksdb.go:120                  Options.stats_history_buffer_size: 1048576
I200313 14:18:34.356025 27 storage/engine/rocksdb.go:120                           Options.max_open_files: 1043576
I200313 14:18:34.356044 27 storage/engine/rocksdb.go:120                           Options.bytes_per_sync: 524288
I200313 14:18:34.356062 27 storage/engine/rocksdb.go:120                       Options.wal_bytes_per_sync: 0
I200313 14:18:34.356081 27 storage/engine/rocksdb.go:120                    Options.strict_bytes_per_sync: 1
I200313 14:18:34.356100 27 storage/engine/rocksdb.go:120        Options.compaction_readahead_size: 0
I200313 14:18:34.356118 27 storage/engine/rocksdb.go:120  Compression algorithms supported:
I200313 14:18:34.356138 27 storage/engine/rocksdb.go:120  	kZSTDNotFinalCompression supported: 0
I200313 14:18:34.356157 27 storage/engine/rocksdb.go:120  	kZSTD supported: 0
I200313 14:18:34.356176 27 storage/engine/rocksdb.go:120  	kXpressCompression supported: 0
I200313 14:18:34.356195 27 storage/engine/rocksdb.go:120  	kLZ4HCCompression supported: 0
I200313 14:18:34.356214 27 storage/engine/rocksdb.go:120  	kLZ4Compression supported: 0
I200313 14:18:34.356233 27 storage/engine/rocksdb.go:120  	kBZip2Compression supported: 0
I200313 14:18:34.356256 27 storage/engine/rocksdb.go:120  	kZlibCompression supported: 0
I200313 14:18:34.356278 27 storage/engine/rocksdb.go:120  	kSnappyCompression supported: 1
I200313 14:18:34.356326 27 storage/engine/rocksdb.go:120  Fast CRC32 supported: Supported on x86
I200313 14:18:34.363490 27 storage/engine/rocksdb.go:120  [db/version_set.cc:4072] Recovering from manifest file: /cockroach/cockroach-data/MANIFEST-000028
I200313 14:18:34.364482 27 storage/engine/rocksdb.go:120  [db/column_family.cc:488] --------------- Options for column family [default]:
I200313 14:18:34.364503 27 storage/engine/rocksdb.go:120                Options.comparator: cockroach_comparator
I200313 14:18:34.364523 27 storage/engine/rocksdb.go:120            Options.merge_operator: cockroach_merge_operator
I200313 14:18:34.364543 27 storage/engine/rocksdb.go:120         Options.compaction_filter: None
I200313 14:18:34.364562 27 storage/engine/rocksdb.go:120         Options.compaction_filter_factory: None
I200313 14:18:34.364581 27 storage/engine/rocksdb.go:120          Options.memtable_factory: SkipListFactory
I200313 14:18:34.364600 27 storage/engine/rocksdb.go:120             Options.table_factory: BlockBasedTable
I200313 14:18:34.364641 27 storage/engine/rocksdb.go:120             table_factory options:   flush_block_policy_factory: FlushBlockBySizePolicyFactory (0x7fce17e1d028)
  cache_index_and_filter_blocks: 0
  cache_index_and_filter_blocks_with_high_priority: 0
  pin_l0_filter_and_index_blocks_in_cache: 0
  pin_top_level_index_and_filter: 1
  index_type: 0
  data_block_index_type: 0
  index_shortening: 1
  data_block_hash_table_util_ratio: 0.750000
  hash_index_allow_collision: 1
  checksum: 1
  no_block_cache: 0
  block_cache: 0x7fce17e0e010
  block_cache_name: LRUCache
  block_cache_options:
    capacity : 67108864
    num_shard_bits : 4
    strict_capacity_limit : 0
    memory_allocator : None
    high_pri_pool_ratio: 0.000
  block_cache_compressed: (nil)
  persistent_cache: (nil)
  block_size: 32768
  block_size_deviation: 10
  block_restart_interval: 16
  index_block_restart_interval: 1
  metadata_block_size: 4096
  partition_filters: 0
  use_delta_encoding: 1
  filter_policy: rocksdb.BuiltinBloomFilter
  whole_key_filtering: 0
  verify_compression: 0
  read_amp_bytes_per_bit: 0
  format_version: 2
  enable_index_compression: 1
  block_align: 0
I200313 14:18:34.364663 27 storage/engine/rocksdb.go:120         Options.write_buffer_size: 67108864
I200313 14:18:34.364684 27 storage/engine/rocksdb.go:120   Options.max_write_buffer_number: 4
I200313 14:18:34.364703 27 storage/engine/rocksdb.go:120           Options.compression: Snappy
I200313 14:18:34.364723 27 storage/engine/rocksdb.go:120                   Options.bottommost_compression: Disabled
I200313 14:18:34.364742 27 storage/engine/rocksdb.go:120        Options.prefix_extractor: cockroach_prefix_extractor
I200313 14:18:34.364761 27 storage/engine/rocksdb.go:120    Options.memtable_insert_with_hint_prefix_extractor: nullptr
I200313 14:18:34.364780 27 storage/engine/rocksdb.go:120              Options.num_levels: 7
I200313 14:18:34.364799 27 storage/engine/rocksdb.go:120         Options.min_write_buffer_number_to_merge: 1
I200313 14:18:34.364817 27 storage/engine/rocksdb.go:120      Options.max_write_buffer_number_to_maintain: 0
I200313 14:18:34.364836 27 storage/engine/rocksdb.go:120             Options.bottommost_compression_opts.window_bits: -14
I200313 14:18:34.364855 27 storage/engine/rocksdb.go:120                   Options.bottommost_compression_opts.level: 32767
I200313 14:18:34.364874 27 storage/engine/rocksdb.go:120                Options.bottommost_compression_opts.strategy: 0
I200313 14:18:34.364892 27 storage/engine/rocksdb.go:120          Options.bottommost_compression_opts.max_dict_bytes: 0
I200313 14:18:34.364911 27 storage/engine/rocksdb.go:120          Options.bottommost_compression_opts.zstd_max_train_bytes: 0
I200313 14:18:34.364930 27 storage/engine/rocksdb.go:120                   Options.bottommost_compression_opts.enabled: false
I200313 14:18:34.364949 27 storage/engine/rocksdb.go:120             Options.compression_opts.window_bits: -14
I200313 14:18:34.364967 27 storage/engine/rocksdb.go:120                   Options.compression_opts.level: 32767
I200313 14:18:34.364989 27 storage/engine/rocksdb.go:120                Options.compression_opts.strategy: 0
I200313 14:18:34.365008 27 storage/engine/rocksdb.go:120          Options.compression_opts.max_dict_bytes: 0
I200313 14:18:34.365027 27 storage/engine/rocksdb.go:120          Options.compression_opts.zstd_max_train_bytes: 0
I200313 14:18:34.365046 27 storage/engine/rocksdb.go:120                   Options.compression_opts.enabled: false
I200313 14:18:34.365065 27 storage/engine/rocksdb.go:120       Options.level0_file_num_compaction_trigger: 2
I200313 14:18:34.365083 27 storage/engine/rocksdb.go:120           Options.level0_slowdown_writes_trigger: 950
I200313 14:18:34.365102 27 storage/engine/rocksdb.go:120               Options.level0_stop_writes_trigger: 1000
I200313 14:18:34.365121 27 storage/engine/rocksdb.go:120                    Options.target_file_size_base: 4194304
I200313 14:18:34.365140 27 storage/engine/rocksdb.go:120              Options.target_file_size_multiplier: 2
I200313 14:18:34.365158 27 storage/engine/rocksdb.go:120                 Options.max_bytes_for_level_base: 67108864
I200313 14:18:34.365177 27 storage/engine/rocksdb.go:120  Options.level_compaction_dynamic_level_bytes: 1
I200313 14:18:34.365197 27 storage/engine/rocksdb.go:120           Options.max_bytes_for_level_multiplier: 10.000000
I200313 14:18:34.365216 27 storage/engine/rocksdb.go:120  Options.max_bytes_for_level_multiplier_addtl[0]: 1
I200313 14:18:34.365235 27 storage/engine/rocksdb.go:120  Options.max_bytes_for_level_multiplier_addtl[1]: 1
I200313 14:18:34.365254 27 storage/engine/rocksdb.go:120  Options.max_bytes_for_level_multiplier_addtl[2]: 1
I200313 14:18:34.365272 27 storage/engine/rocksdb.go:120  Options.max_bytes_for_level_multiplier_addtl[3]: 1
I200313 14:18:34.365291 27 storage/engine/rocksdb.go:120  Options.max_bytes_for_level_multiplier_addtl[4]: 1
I200313 14:18:34.365310 27 storage/engine/rocksdb.go:120  Options.max_bytes_for_level_multiplier_addtl[5]: 1
I200313 14:18:34.365329 27 storage/engine/rocksdb.go:120  Options.max_bytes_for_level_multiplier_addtl[6]: 1
I200313 14:18:34.365348 27 storage/engine/rocksdb.go:120        Options.max_sequential_skip_in_iterations: 8
I200313 14:18:34.365367 27 storage/engine/rocksdb.go:120                     Options.max_compaction_bytes: 104857600
I200313 14:18:34.365386 27 storage/engine/rocksdb.go:120                         Options.arena_block_size: 8388608
I200313 14:18:34.365405 27 storage/engine/rocksdb.go:120    Options.soft_pending_compaction_bytes_limit: 2199023255552
I200313 14:18:34.365424 27 storage/engine/rocksdb.go:120    Options.hard_pending_compaction_bytes_limit: 4400193994752
I200313 14:18:34.365443 27 storage/engine/rocksdb.go:120        Options.rate_limit_delay_max_milliseconds: 100
I200313 14:18:34.365462 27 storage/engine/rocksdb.go:120                 Options.disable_auto_compactions: 0
I200313 14:18:34.365482 27 storage/engine/rocksdb.go:120                         Options.compaction_style: kCompactionStyleLevel
I200313 14:18:34.365502 27 storage/engine/rocksdb.go:120                           Options.compaction_pri: kMinOverlappingRatio
I200313 14:18:34.365521 27 storage/engine/rocksdb.go:120  Options.compaction_options_universal.size_ratio: 1
I200313 14:18:34.365539 27 storage/engine/rocksdb.go:120  Options.compaction_options_universal.min_merge_width: 2
I200313 14:18:34.365558 27 storage/engine/rocksdb.go:120  Options.compaction_options_universal.max_merge_width: 4294967295
I200313 14:18:34.365577 27 storage/engine/rocksdb.go:120  Options.compaction_options_universal.max_size_amplification_percent: 200
I200313 14:18:34.365601 27 storage/engine/rocksdb.go:120  Options.compaction_options_universal.compression_size_percent: -1
I200313 14:18:34.365621 27 storage/engine/rocksdb.go:120  Options.compaction_options_universal.stop_style: kCompactionStopStyleTotalSize
I200313 14:18:34.365640 27 storage/engine/rocksdb.go:120  Options.compaction_options_fifo.max_table_files_size: 1073741824
I200313 14:18:34.365662 27 storage/engine/rocksdb.go:120  Options.compaction_options_fifo.allow_compaction: 0
I200313 14:18:34.365683 27 storage/engine/rocksdb.go:120                    Options.table_properties_collectors: TimeBoundTblPropCollectorFactory; DeleteRangeTblPropCollectorFactory; 
I200313 14:18:34.365703 27 storage/engine/rocksdb.go:120                    Options.inplace_update_support: 0
I200313 14:18:34.365722 27 storage/engine/rocksdb.go:120                  Options.inplace_update_num_locks: 10000
I200313 14:18:34.365741 27 storage/engine/rocksdb.go:120                Options.memtable_prefix_bloom_size_ratio: 0.000000
I200313 14:18:34.365760 27 storage/engine/rocksdb.go:120                Options.memtable_whole_key_filtering: 0
I200313 14:18:34.365779 27 storage/engine/rocksdb.go:120    Options.memtable_huge_page_size: 0
I200313 14:18:34.365797 27 storage/engine/rocksdb.go:120                            Options.bloom_locality: 0
I200313 14:18:34.365816 27 storage/engine/rocksdb.go:120                     Options.max_successive_merges: 0
I200313 14:18:34.365835 27 storage/engine/rocksdb.go:120                 Options.optimize_filters_for_hits: 1
I200313 14:18:34.365853 27 storage/engine/rocksdb.go:120                 Options.paranoid_file_checks: 0
I200313 14:18:34.365872 27 storage/engine/rocksdb.go:120                 Options.force_consistency_checks: 0
I200313 14:18:34.365890 27 storage/engine/rocksdb.go:120                 Options.report_bg_io_stats: 0
I200313 14:18:34.365909 27 storage/engine/rocksdb.go:120                                Options.ttl: 0
I200313 14:18:34.365928 27 storage/engine/rocksdb.go:120           Options.periodic_compaction_seconds: 0
I200313 14:18:34.370744 27 storage/engine/rocksdb.go:120  [db/version_set.cc:3086] More existing levels in DB than needed. max_bytes_for_level_multiplier may not be guaranteed.
I200313 14:18:34.370776 27 storage/engine/rocksdb.go:120  [db/version_set.cc:4286] Recovered from manifest file:/cockroach/cockroach-data/MANIFEST-000028 succeeded,manifest_file_number is 28, next_file_number is 30, last_sequence is 264299, log_number is 23,prev_log_number is 0,max_column_family is 0,min_log_number_to_keep is 0
I200313 14:18:34.370797 27 storage/engine/rocksdb.go:120  [db/version_set.cc:4295] Column family [default] (ID 0), log number is 23
I200313 14:18:34.374049 27 storage/engine/rocksdb.go:120  EVENT_LOG_v1 {"time_micros": 1584109114373980, "job": 1, "event": "recovery_started", "log_files": [29]}
I200313 14:18:34.374077 27 storage/engine/rocksdb.go:120  [db/db_impl_open.cc:598] Recovering log #29 mode 0
I200313 14:18:34.421199 27 storage/engine/rocksdb.go:120  EVENT_LOG_v1 {"time_micros": 1584109114421084, "cf_name": "default", "job": 1, "event": "table_file_creation", "file_number": 30, "file_size": 93192, "table_properties": {"data_size": 89387, "index_size": 592, "index_partitions": 0, "top_level_index_size": 0, "index_key_is_user_key": 0, "index_value_is_delta_encoded": 0, "filter_size": 2373, "raw_key_size": 90171, "raw_average_key_size": 46, "raw_value_size": 381968, "raw_average_value_size": 197, "num_data_blocks": 11, "num_entries": 1934, "num_deletions": 332, "num_merge_operands": 1328, "num_range_deletions": 1328, "format_version": 0, "fixed_key_len": 0, "filter_policy": "rocksdb.BuiltinBloomFilter", "column_family_name": "default", "column_family_id": 0, "comparator": "cockroach_comparator", "merge_operator": "cockroach_merge_operator", "prefix_extractor_name": "cockroach_prefix_extractor", "property_collectors": "[TimeBoundTblPropCollectorFactory,DeleteRangeTblPropCollectorFactory]", "compression": "Snappy", "compression_options": "window_bits=-14; level=32767; strategy=0; max_dict_bytes=0; zstd_max_train_bytes=0; enabled=0; ", "creation_time": 1584109114, "oldest_key_time": 3, "file_creation_time": 0}}
I200313 14:18:34.422548 27 storage/engine/rocksdb.go:120  [db/version_set.cc:3560] Creating manifest 31
I200313 14:18:34.425457 27 storage/engine/rocksdb.go:120  [db/version_set.cc:3086] More existing levels in DB than needed. max_bytes_for_level_multiplier may not be guaranteed.
I200313 14:18:34.430076 27 storage/engine/rocksdb.go:120  EVENT_LOG_v1 {"time_micros": 1584109114430037, "job": 1, "event": "recovery_finished"}
I200313 14:18:34.453020 17 storage/engine/rocksdb.go:120  [db/compaction_job.cc:1647] [default] [JOB 3] Compacting 2@0 + 1@6 files to L6, score 1.00
I200313 14:18:34.453105 17 storage/engine/rocksdb.go:120  [db/compaction_job.cc:1651] [default] Compaction start summary: Base version 2 Base level 0, inputs: [30(91KB) 27(72KB)], [25(337KB)]
I200313 14:18:34.453217 17 storage/engine/rocksdb.go:120  EVENT_LOG_v1 {"time_micros": 1584109114453159, "job": 3, "event": "compaction_started", "compaction_reason": "LevelL0FilesNum", "files_L0": [30, 27], "files_L6": [25], "score": 1, "input_data_size": 512686}
I200313 14:18:34.471946 27 storage/engine/rocksdb.go:120  DB pointer 0x7fce17e94000
I200313 14:18:34.521516 17 storage/engine/rocksdb.go:120  [db/compaction_job.cc:1334] [default] [JOB 3] Generated table #35: 4007 keys, 383006 bytes
I200313 14:18:34.522033 17 storage/engine/rocksdb.go:120  EVENT_LOG_v1 {"time_micros": 1584109114521676, "cf_name": "default", "job": 3, "event": "table_file_creation", "file_number": 35, "file_size": 383006, "table_properties": {"data_size": 379411, "index_size": 5665, "index_partitions": 0, "top_level_index_size": 0, "index_key_is_user_key": 0, "index_value_is_delta_encoded": 0, "filter_size": 0, "raw_key_size": 187860, "raw_average_key_size": 46, "raw_value_size": 2774870, "raw_average_value_size": 692, "num_data_blocks": 87, "num_entries": 4007, "num_deletions": 0, "num_merge_operands": 0, "num_range_deletions": 0, "format_version": 0, "fixed_key_len": 0, "filter_policy": "rocksdb.BuiltinBloomFilter", "column_family_name": "default", "column_family_id": 0, "comparator": "cockroach_comparator", "merge_operator": "cockroach_merge_operator", "prefix_extractor_name": "cockroach_prefix_extractor", "property_collectors": "[TimeBoundTblPropCollectorFactory,DeleteRangeTblPropCollectorFactory]", "compression": "Snappy", "compression_options": "window_bits=-14; level=32767; strategy=0; max_dict_bytes=0; zstd_max_train_bytes=0; enabled=0; ", "creation_time": 1584109114, "oldest_key_time": 0, "file_creation_time": 1584109114}}
I200313 14:18:34.526400 17 storage/engine/rocksdb.go:120  [db/compaction_job.cc:1397] [default] [JOB 3] Compacted 2@0 + 1@6 files to L6 => 383006 bytes
I200313 14:18:34.526771 17 storage/engine/rocksdb.go:120  [db/version_set.cc:3086] More existing levels in DB than needed. max_bytes_for_level_multiplier may not be guaranteed.
I200313 14:18:34.527513 17 storage/engine/rocksdb.go:120  (Original Log Time 2020/03/13-14:18:34.527240) [db/compaction_job.cc:770] [default] compacted to: base level 6 level multiplier 10.00 max bytes base 67108864 files[0 0 0 0 0 0 1] max score 0.00, MB/sec: 7.3 rd, 5.4 wr, level 6, files in(2, 1) out(1) MB in(0.2, 0.3) out(0.4), read-write-amplify(5.3) write-amplify(2.3) OK, records in: 7529, records dropped: 866 output_compression: Snappy
I200313 14:18:34.527544 17 storage/engine/rocksdb.go:120  (Original Log Time 2020/03/13-14:18:34.527278) EVENT_LOG_v1 {"time_micros": 1584109114527259, "job": 3, "event": "compaction_finished", "compaction_time_micros": 70494, "compaction_time_cpu_micros": 54210, "output_level": 6, "num_output_files": 1, "total_output_size": 383006, "num_input_records": 4873, "num_output_records": 4007, "num_subcompactions": 1, "output_compression": "Snappy", "num_single_delete_mismatches": 0, "num_single_delete_fallthrough": 0, "lsm_state": [0, 0, 0, 0, 0, 0, 1]}
I200313 14:18:34.529220 17 storage/engine/rocksdb.go:120  EVENT_LOG_v1 {"time_micros": 1584109114529176, "job": 3, "event": "table_file_deletion", "file_number": 30}
I200313 14:18:34.530810 17 storage/engine/rocksdb.go:120  EVENT_LOG_v1 {"time_micros": 1584109114530781, "job": 3, "event": "table_file_deletion", "file_number": 27}
I200313 14:18:34.532154 17 storage/engine/rocksdb.go:120  EVENT_LOG_v1 {"time_micros": 1584109114532130, "job": 3, "event": "table_file_deletion", "file_number": 25}
