I200313 14:19:01.777722 44 util/log/clog.go:1196  [config] file created at: 2020/03/13 14:19:01
I200313 14:19:01.777722 44 util/log/clog.go:1196  [config] running on machine: 525cee543063
I200313 14:19:01.777722 44 util/log/clog.go:1196  [config] binary: CockroachDB CCL v19.2.4 (x86_64-unknown-linux-gnu, built 2020/02/06 21:55:19, go1.12.12)
I200313 14:19:01.777722 44 util/log/clog.go:1196  [config] arguments: [/cockroach/cockroach start --insecure]
I200313 14:19:01.777722 44 util/log/clog.go:1196  line format: [IWEF]yymmdd hh:mm:ss.uuuuuu goid file:line msg utf8=✓
I200313 14:19:01.777708 44 storage/engine/rocksdb.go:120  RocksDB version: 6.2.1
I200313 14:19:01.782739 44 storage/engine/rocksdb.go:120  Git sha rocksdb_build_git_sha:@b7009236531fa784872f4823eabf393501e41bf2@
I200313 14:19:01.782759 44 storage/engine/rocksdb.go:120  Compile date Feb  6 2020
I200313 14:19:01.782780 44 storage/engine/rocksdb.go:120  DB SUMMARY
I200313 14:19:01.784931 44 storage/engine/rocksdb.go:120  SST files in /cockroach/cockroach-data/cockroach-temp612614928 dir, Total Num: 0, files: 
I200313 14:19:01.797648 44 storage/engine/rocksdb.go:120  Write Ahead Log file in /cockroach/cockroach-data/cockroach-temp612614928: 
I200313 14:19:01.797672 44 storage/engine/rocksdb.go:120                          Options.error_if_exists: 0
I200313 14:19:01.797692 44 storage/engine/rocksdb.go:120                        Options.create_if_missing: 1
I200313 14:19:01.797711 44 storage/engine/rocksdb.go:120                          Options.paranoid_checks: 1
I200313 14:19:01.797730 44 storage/engine/rocksdb.go:120                                      Options.env: 0x756aca0
I200313 14:19:01.797749 44 storage/engine/rocksdb.go:120                                 Options.info_log: 0x7ffad9e19140
I200313 14:19:01.797768 44 storage/engine/rocksdb.go:120                 Options.max_file_opening_threads: 16
I200313 14:19:01.797787 44 storage/engine/rocksdb.go:120                               Options.statistics: 0x7ffad9e29010
I200313 14:19:01.797806 44 storage/engine/rocksdb.go:120                                Options.use_fsync: 0
I200313 14:19:01.797825 44 storage/engine/rocksdb.go:120                        Options.max_log_file_size: 0
I200313 14:19:01.797844 44 storage/engine/rocksdb.go:120                   Options.max_manifest_file_size: 134217728
I200313 14:19:01.797863 44 storage/engine/rocksdb.go:120                    Options.log_file_time_to_roll: 0
I200313 14:19:01.797882 44 storage/engine/rocksdb.go:120                        Options.keep_log_file_num: 1000
I200313 14:19:01.797901 44 storage/engine/rocksdb.go:120                     Options.recycle_log_file_num: 1
I200313 14:19:01.797920 44 storage/engine/rocksdb.go:120                          Options.allow_fallocate: 1
I200313 14:19:01.797939 44 storage/engine/rocksdb.go:120                         Options.allow_mmap_reads: 0
I200313 14:19:01.797958 44 storage/engine/rocksdb.go:120                        Options.allow_mmap_writes: 0
I200313 14:19:01.797977 44 storage/engine/rocksdb.go:120                         Options.use_direct_reads: 0
I200313 14:19:01.797996 44 storage/engine/rocksdb.go:120                         Options.use_direct_io_for_flush_and_compaction: 0
I200313 14:19:01.798015 44 storage/engine/rocksdb.go:120           Options.create_missing_column_families: 0
I200313 14:19:01.798034 44 storage/engine/rocksdb.go:120                               Options.db_log_dir: 
I200313 14:19:01.798054 44 storage/engine/rocksdb.go:120                                  Options.wal_dir: /cockroach/cockroach-data/cockroach-temp612614928
I200313 14:19:01.798073 44 storage/engine/rocksdb.go:120                 Options.table_cache_numshardbits: 6
I200313 14:19:01.798092 44 storage/engine/rocksdb.go:120                       Options.max_subcompactions: 1
I200313 14:19:01.798111 44 storage/engine/rocksdb.go:120                   Options.max_background_flushes: -1
I200313 14:19:01.798130 44 storage/engine/rocksdb.go:120                          Options.WAL_ttl_seconds: 0
I200313 14:19:01.798149 44 storage/engine/rocksdb.go:120                        Options.WAL_size_limit_MB: 0
I200313 14:19:01.798167 44 storage/engine/rocksdb.go:120              Options.manifest_preallocation_size: 4194304
I200313 14:19:01.798186 44 storage/engine/rocksdb.go:120                      Options.is_fd_close_on_exec: 1
I200313 14:19:01.798205 44 storage/engine/rocksdb.go:120                    Options.advise_random_on_open: 1
I200313 14:19:01.798224 44 storage/engine/rocksdb.go:120                     Options.db_write_buffer_size: 0
I200313 14:19:01.798242 44 storage/engine/rocksdb.go:120                     Options.write_buffer_manager: 0x7ffad9e91030
I200313 14:19:01.798261 44 storage/engine/rocksdb.go:120          Options.access_hint_on_compaction_start: 1
I200313 14:19:01.798280 44 storage/engine/rocksdb.go:120   Options.new_table_reader_for_compaction_inputs: 0
I200313 14:19:01.798299 44 storage/engine/rocksdb.go:120            Options.random_access_max_buffer_size: 1048576
I200313 14:19:01.798317 44 storage/engine/rocksdb.go:120                       Options.use_adaptive_mutex: 0
I200313 14:19:01.798336 44 storage/engine/rocksdb.go:120                             Options.rate_limiter: (nil)
I200313 14:19:01.798356 44 storage/engine/rocksdb.go:120      Options.sst_file_manager.rate_bytes_per_sec: 0
I200313 14:19:01.798375 44 storage/engine/rocksdb.go:120                        Options.wal_recovery_mode: 0
I200313 14:19:01.798394 44 storage/engine/rocksdb.go:120                   Options.enable_thread_tracking: 0
I200313 14:19:01.798413 44 storage/engine/rocksdb.go:120                   Options.enable_pipelined_write: 0
I200313 14:19:01.798431 44 storage/engine/rocksdb.go:120          Options.allow_concurrent_memtable_write: 1
I200313 14:19:01.798450 44 storage/engine/rocksdb.go:120       Options.enable_write_thread_adaptive_yield: 1
I200313 14:19:01.798470 44 storage/engine/rocksdb.go:120              Options.write_thread_max_yield_usec: 100
I200313 14:19:01.798488 44 storage/engine/rocksdb.go:120             Options.write_thread_slow_yield_usec: 3
I200313 14:19:01.798507 44 storage/engine/rocksdb.go:120                                Options.row_cache: None
I200313 14:19:01.798526 44 storage/engine/rocksdb.go:120                               Options.wal_filter: None
I200313 14:19:01.798545 44 storage/engine/rocksdb.go:120              Options.avoid_flush_during_recovery: 0
I200313 14:19:01.798564 44 storage/engine/rocksdb.go:120              Options.allow_ingest_behind: 0
I200313 14:19:01.798582 44 storage/engine/rocksdb.go:120              Options.preserve_deletes: 0
I200313 14:19:01.798601 44 storage/engine/rocksdb.go:120              Options.two_write_queues: 0
I200313 14:19:01.798620 44 storage/engine/rocksdb.go:120              Options.manual_wal_flush: 1
I200313 14:19:01.798639 44 storage/engine/rocksdb.go:120              Options.atomic_flush: 0
I200313 14:19:01.798658 44 storage/engine/rocksdb.go:120              Options.avoid_unnecessary_blocking_io: 0
I200313 14:19:01.798677 44 storage/engine/rocksdb.go:120              Options.max_background_jobs: 4
I200313 14:19:01.798696 44 storage/engine/rocksdb.go:120              Options.max_background_compactions: -1
I200313 14:19:01.798714 44 storage/engine/rocksdb.go:120              Options.avoid_flush_during_shutdown: 0
I200313 14:19:01.798733 44 storage/engine/rocksdb.go:120            Options.writable_file_max_buffer_size: 1048576
I200313 14:19:01.798752 44 storage/engine/rocksdb.go:120              Options.delayed_write_rate : 16777216
I200313 14:19:01.798771 44 storage/engine/rocksdb.go:120              Options.max_total_wal_size: 0
I200313 14:19:01.798790 44 storage/engine/rocksdb.go:120              Options.delete_obsolete_files_period_micros: 21600000000
I200313 14:19:01.798809 44 storage/engine/rocksdb.go:120                    Options.stats_dump_period_sec: 0
I200313 14:19:01.798827 44 storage/engine/rocksdb.go:120                  Options.stats_persist_period_sec: 600
I200313 14:19:01.798846 44 storage/engine/rocksdb.go:120                  Options.stats_history_buffer_size: 1048576
I200313 14:19:01.798865 44 storage/engine/rocksdb.go:120                           Options.max_open_files: 128
I200313 14:19:01.798884 44 storage/engine/rocksdb.go:120                           Options.bytes_per_sync: 524288
I200313 14:19:01.798903 44 storage/engine/rocksdb.go:120                       Options.wal_bytes_per_sync: 0
I200313 14:19:01.798925 44 storage/engine/rocksdb.go:120                    Options.strict_bytes_per_sync: 1
I200313 14:19:01.798944 44 storage/engine/rocksdb.go:120        Options.compaction_readahead_size: 0
I200313 14:19:01.798963 44 storage/engine/rocksdb.go:120  Compression algorithms supported:
I200313 14:19:01.798983 44 storage/engine/rocksdb.go:120  	kZSTDNotFinalCompression supported: 0
I200313 14:19:01.799002 44 storage/engine/rocksdb.go:120  	kZSTD supported: 0
I200313 14:19:01.799021 44 storage/engine/rocksdb.go:120  	kXpressCompression supported: 0
I200313 14:19:01.799039 44 storage/engine/rocksdb.go:120  	kLZ4HCCompression supported: 0
I200313 14:19:01.799058 44 storage/engine/rocksdb.go:120  	kLZ4Compression supported: 0
I200313 14:19:01.799077 44 storage/engine/rocksdb.go:120  	kBZip2Compression supported: 0
I200313 14:19:01.799096 44 storage/engine/rocksdb.go:120  	kZlibCompression supported: 0
I200313 14:19:01.799115 44 storage/engine/rocksdb.go:120  	kSnappyCompression supported: 1
I200313 14:19:01.799143 44 storage/engine/rocksdb.go:120  Fast CRC32 supported: Supported on x86
I200313 14:19:01.804530 44 storage/engine/rocksdb.go:120  [db/db_impl_open.cc:242] Creating manifest 1 
I200313 14:19:01.819784 44 storage/engine/rocksdb.go:120  [db/version_set.cc:4072] Recovering from manifest file: /cockroach/cockroach-data/cockroach-temp612614928/MANIFEST-000001
I200313 14:19:01.820705 44 storage/engine/rocksdb.go:120  [db/column_family.cc:488] --------------- Options for column family [default]:
I200313 14:19:01.820727 44 storage/engine/rocksdb.go:120                Options.comparator: cockroach_comparator
I200313 14:19:01.820746 44 storage/engine/rocksdb.go:120            Options.merge_operator: cockroach_merge_operator
I200313 14:19:01.820766 44 storage/engine/rocksdb.go:120         Options.compaction_filter: None
I200313 14:19:01.820784 44 storage/engine/rocksdb.go:120         Options.compaction_filter_factory: None
I200313 14:19:01.820803 44 storage/engine/rocksdb.go:120          Options.memtable_factory: SkipListFactory
I200313 14:19:01.820822 44 storage/engine/rocksdb.go:120             Options.table_factory: BlockBasedTable
I200313 14:19:01.820866 44 storage/engine/rocksdb.go:120             table_factory options:   flush_block_policy_factory: FlushBlockBySizePolicyFactory (0x7ffad9e1d030)
  cache_index_and_filter_blocks: 0
  cache_index_and_filter_blocks_with_high_priority: 0
  pin_l0_filter_and_index_blocks_in_cache: 0
  pin_top_level_index_and_filter: 1
  index_type: 0
  data_block_index_type: 0
  index_shortening: 1
  data_block_hash_table_util_ratio: 0.750000
  hash_index_allow_collision: 1
  checksum: 1
  no_block_cache: 0
  block_cache: 0x7ffad9e0e010
  block_cache_name: LRUCache
  block_cache_options:
    capacity : 1048576
    num_shard_bits : 4
    strict_capacity_limit : 0
    memory_allocator : None
    high_pri_pool_ratio: 0.000
  block_cache_compressed: (nil)
  persistent_cache: (nil)
  block_size: 32768
  block_size_deviation: 10
  block_restart_interval: 16
  index_block_restart_interval: 1
  metadata_block_size: 4096
  partition_filters: 0
  use_delta_encoding: 1
  filter_policy: rocksdb.BuiltinBloomFilter
  whole_key_filtering: 0
  verify_compression: 0
  read_amp_bytes_per_bit: 0
  format_version: 2
  enable_index_compression: 1
  block_align: 0
I200313 14:19:01.820889 44 storage/engine/rocksdb.go:120         Options.write_buffer_size: 67108864
I200313 14:19:01.820910 44 storage/engine/rocksdb.go:120   Options.max_write_buffer_number: 4
I200313 14:19:01.820929 44 storage/engine/rocksdb.go:120           Options.compression: Snappy
I200313 14:19:01.820948 44 storage/engine/rocksdb.go:120                   Options.bottommost_compression: Disabled
I200313 14:19:01.820967 44 storage/engine/rocksdb.go:120        Options.prefix_extractor: cockroach_prefix_extractor
I200313 14:19:01.820986 44 storage/engine/rocksdb.go:120    Options.memtable_insert_with_hint_prefix_extractor: nullptr
I200313 14:19:01.821005 44 storage/engine/rocksdb.go:120              Options.num_levels: 7
I200313 14:19:01.821024 44 storage/engine/rocksdb.go:120         Options.min_write_buffer_number_to_merge: 1
I200313 14:19:01.821042 44 storage/engine/rocksdb.go:120      Options.max_write_buffer_number_to_maintain: 0
I200313 14:19:01.821061 44 storage/engine/rocksdb.go:120             Options.bottommost_compression_opts.window_bits: -14
I200313 14:19:01.821080 44 storage/engine/rocksdb.go:120                   Options.bottommost_compression_opts.level: 32767
I200313 14:19:01.821099 44 storage/engine/rocksdb.go:120                Options.bottommost_compression_opts.strategy: 0
I200313 14:19:01.821118 44 storage/engine/rocksdb.go:120          Options.bottommost_compression_opts.max_dict_bytes: 0
I200313 14:19:01.821136 44 storage/engine/rocksdb.go:120          Options.bottommost_compression_opts.zstd_max_train_bytes: 0
I200313 14:19:01.821156 44 storage/engine/rocksdb.go:120                   Options.bottommost_compression_opts.enabled: false
I200313 14:19:01.821175 44 storage/engine/rocksdb.go:120             Options.compression_opts.window_bits: -14
I200313 14:19:01.821194 44 storage/engine/rocksdb.go:120                   Options.compression_opts.level: 32767
I200313 14:19:01.821212 44 storage/engine/rocksdb.go:120                Options.compression_opts.strategy: 0
I200313 14:19:01.821231 44 storage/engine/rocksdb.go:120          Options.compression_opts.max_dict_bytes: 0
I200313 14:19:01.821250 44 storage/engine/rocksdb.go:120          Options.compression_opts.zstd_max_train_bytes: 0
I200313 14:19:01.821268 44 storage/engine/rocksdb.go:120                   Options.compression_opts.enabled: false
I200313 14:19:01.821287 44 storage/engine/rocksdb.go:120       Options.level0_file_num_compaction_trigger: 2
I200313 14:19:01.821306 44 storage/engine/rocksdb.go:120           Options.level0_slowdown_writes_trigger: 950
I200313 14:19:01.821325 44 storage/engine/rocksdb.go:120               Options.level0_stop_writes_trigger: 1000
I200313 14:19:01.821348 44 storage/engine/rocksdb.go:120                    Options.target_file_size_base: 4194304
I200313 14:19:01.821367 44 storage/engine/rocksdb.go:120              Options.target_file_size_multiplier: 2
I200313 14:19:01.821386 44 storage/engine/rocksdb.go:120                 Options.max_bytes_for_level_base: 67108864
I200313 14:19:01.821405 44 storage/engine/rocksdb.go:120  Options.level_compaction_dynamic_level_bytes: 1
I200313 14:19:01.821424 44 storage/engine/rocksdb.go:120           Options.max_bytes_for_level_multiplier: 10.000000
I200313 14:19:01.821444 44 storage/engine/rocksdb.go:120  Options.max_bytes_for_level_multiplier_addtl[0]: 1
I200313 14:19:01.821463 44 storage/engine/rocksdb.go:120  Options.max_bytes_for_level_multiplier_addtl[1]: 1
I200313 14:19:01.821481 44 storage/engine/rocksdb.go:120  Options.max_bytes_for_level_multiplier_addtl[2]: 1
I200313 14:19:01.821500 44 storage/engine/rocksdb.go:120  Options.max_bytes_for_level_multiplier_addtl[3]: 1
I200313 14:19:01.821519 44 storage/engine/rocksdb.go:120  Options.max_bytes_for_level_multiplier_addtl[4]: 1
I200313 14:19:01.821538 44 storage/engine/rocksdb.go:120  Options.max_bytes_for_level_multiplier_addtl[5]: 1
I200313 14:19:01.821557 44 storage/engine/rocksdb.go:120  Options.max_bytes_for_level_multiplier_addtl[6]: 1
I200313 14:19:01.821576 44 storage/engine/rocksdb.go:120        Options.max_sequential_skip_in_iterations: 8
I200313 14:19:01.821594 44 storage/engine/rocksdb.go:120                     Options.max_compaction_bytes: 104857600
I200313 14:19:01.821613 44 storage/engine/rocksdb.go:120                         Options.arena_block_size: 8388608
I200313 14:19:01.821632 44 storage/engine/rocksdb.go:120    Options.soft_pending_compaction_bytes_limit: 2199023255552
I200313 14:19:01.821650 44 storage/engine/rocksdb.go:120    Options.hard_pending_compaction_bytes_limit: 4400193994752
I200313 14:19:01.821669 44 storage/engine/rocksdb.go:120        Options.rate_limit_delay_max_milliseconds: 100
I200313 14:19:01.821688 44 storage/engine/rocksdb.go:120                 Options.disable_auto_compactions: 0
I200313 14:19:01.821708 44 storage/engine/rocksdb.go:120                         Options.compaction_style: kCompactionStyleLevel
I200313 14:19:01.821727 44 storage/engine/rocksdb.go:120                           Options.compaction_pri: kMinOverlappingRatio
I200313 14:19:01.821746 44 storage/engine/rocksdb.go:120  Options.compaction_options_universal.size_ratio: 1
I200313 14:19:01.821765 44 storage/engine/rocksdb.go:120  Options.compaction_options_universal.min_merge_width: 2
I200313 14:19:01.821783 44 storage/engine/rocksdb.go:120  Options.compaction_options_universal.max_merge_width: 4294967295
I200313 14:19:01.821802 44 storage/engine/rocksdb.go:120  Options.compaction_options_universal.max_size_amplification_percent: 200
I200313 14:19:01.821821 44 storage/engine/rocksdb.go:120  Options.compaction_options_universal.compression_size_percent: -1
I200313 14:19:01.821840 44 storage/engine/rocksdb.go:120  Options.compaction_options_universal.stop_style: kCompactionStopStyleTotalSize
I200313 14:19:01.821859 44 storage/engine/rocksdb.go:120  Options.compaction_options_fifo.max_table_files_size: 1073741824
I200313 14:19:01.821878 44 storage/engine/rocksdb.go:120  Options.compaction_options_fifo.allow_compaction: 0
I200313 14:19:01.821899 44 storage/engine/rocksdb.go:120                    Options.table_properties_collectors: TimeBoundTblPropCollectorFactory; DeleteRangeTblPropCollectorFactory; 
I200313 14:19:01.821919 44 storage/engine/rocksdb.go:120                    Options.inplace_update_support: 0
I200313 14:19:01.821938 44 storage/engine/rocksdb.go:120                  Options.inplace_update_num_locks: 10000
I200313 14:19:01.821957 44 storage/engine/rocksdb.go:120                Options.memtable_prefix_bloom_size_ratio: 0.000000
I200313 14:19:01.821976 44 storage/engine/rocksdb.go:120                Options.memtable_whole_key_filtering: 0
I200313 14:19:01.821994 44 storage/engine/rocksdb.go:120    Options.memtable_huge_page_size: 0
I200313 14:19:01.822013 44 storage/engine/rocksdb.go:120                            Options.bloom_locality: 0
I200313 14:19:01.822032 44 storage/engine/rocksdb.go:120                     Options.max_successive_merges: 0
I200313 14:19:01.822051 44 storage/engine/rocksdb.go:120                 Options.optimize_filters_for_hits: 1
I200313 14:19:01.822070 44 storage/engine/rocksdb.go:120                 Options.paranoid_file_checks: 0
I200313 14:19:01.822089 44 storage/engine/rocksdb.go:120                 Options.force_consistency_checks: 0
I200313 14:19:01.822107 44 storage/engine/rocksdb.go:120                 Options.report_bg_io_stats: 0
I200313 14:19:01.822126 44 storage/engine/rocksdb.go:120                                Options.ttl: 0
I200313 14:19:01.822145 44 storage/engine/rocksdb.go:120           Options.periodic_compaction_seconds: 0
I200313 14:19:01.825184 44 storage/engine/rocksdb.go:120  [db/version_set.cc:4286] Recovered from manifest file:/cockroach/cockroach-data/cockroach-temp612614928/MANIFEST-000001 succeeded,manifest_file_number is 1, next_file_number is 3, last_sequence is 0, log_number is 0,prev_log_number is 0,max_column_family is 0,min_log_number_to_keep is 0
I200313 14:19:01.825213 44 storage/engine/rocksdb.go:120  [db/version_set.cc:4295] Column family [default] (ID 0), log number is 0
I200313 14:19:01.841715 44 storage/engine/rocksdb.go:120  DB pointer 0x7ffad9e99000
I200313 14:19:01.859954 44 storage/engine/rocksdb.go:120  RocksDB version: 6.2.1
I200313 14:19:01.859978 44 storage/engine/rocksdb.go:120  Git sha rocksdb_build_git_sha:@b7009236531fa784872f4823eabf393501e41bf2@
I200313 14:19:01.860011 44 storage/engine/rocksdb.go:120  Compile date Feb  6 2020
I200313 14:19:01.860030 44 storage/engine/rocksdb.go:120  DB SUMMARY
I200313 14:19:01.863624 44 storage/engine/rocksdb.go:120  CURRENT file:  CURRENT
I200313 14:19:01.863660 44 storage/engine/rocksdb.go:120  IDENTITY file:  IDENTITY
I200313 14:19:01.864394 44 storage/engine/rocksdb.go:120  MANIFEST file:  MANIFEST-000031 size: 314 Bytes
I200313 14:19:01.864445 44 storage/engine/rocksdb.go:120  SST files in /cockroach/cockroach-data dir, Total Num: 1, files: 000035.sst 
I200313 14:19:01.864480 44 storage/engine/rocksdb.go:120  Write Ahead Log file in /cockroach/cockroach-data: 000032.log size: 674138 ; 
I200313 14:19:01.864500 44 storage/engine/rocksdb.go:120                          Options.error_if_exists: 0
I200313 14:19:01.864519 44 storage/engine/rocksdb.go:120                        Options.create_if_missing: 1
I200313 14:19:01.864538 44 storage/engine/rocksdb.go:120                          Options.paranoid_checks: 1
I200313 14:19:01.864560 44 storage/engine/rocksdb.go:120                                      Options.env: 0x756aca0
I200313 14:19:01.864607 44 storage/engine/rocksdb.go:120                                 Options.info_log: 0x7ffada027080
I200313 14:19:01.864626 44 storage/engine/rocksdb.go:120                 Options.max_file_opening_threads: 16
I200313 14:19:01.864645 44 storage/engine/rocksdb.go:120                               Options.statistics: 0x7ffada02a010
I200313 14:19:01.864676 44 storage/engine/rocksdb.go:120                                Options.use_fsync: 0
I200313 14:19:01.864695 44 storage/engine/rocksdb.go:120                        Options.max_log_file_size: 0
I200313 14:19:01.864714 44 storage/engine/rocksdb.go:120                   Options.max_manifest_file_size: 134217728
I200313 14:19:01.864733 44 storage/engine/rocksdb.go:120                    Options.log_file_time_to_roll: 0
I200313 14:19:01.864752 44 storage/engine/rocksdb.go:120                        Options.keep_log_file_num: 1000
I200313 14:19:01.864771 44 storage/engine/rocksdb.go:120                     Options.recycle_log_file_num: 1
I200313 14:19:01.864790 44 storage/engine/rocksdb.go:120                          Options.allow_fallocate: 1
I200313 14:19:01.864808 44 storage/engine/rocksdb.go:120                         Options.allow_mmap_reads: 0
I200313 14:19:01.864827 44 storage/engine/rocksdb.go:120                        Options.allow_mmap_writes: 0
I200313 14:19:01.864845 44 storage/engine/rocksdb.go:120                         Options.use_direct_reads: 0
I200313 14:19:01.864864 44 storage/engine/rocksdb.go:120                         Options.use_direct_io_for_flush_and_compaction: 0
I200313 14:19:01.864882 44 storage/engine/rocksdb.go:120           Options.create_missing_column_families: 0
I200313 14:19:01.865195 44 storage/engine/rocksdb.go:120                               Options.db_log_dir: 
I200313 14:19:01.865270 44 storage/engine/rocksdb.go:120                                  Options.wal_dir: /cockroach/cockroach-data
I200313 14:19:01.865292 44 storage/engine/rocksdb.go:120                 Options.table_cache_numshardbits: 6
I200313 14:19:01.865306 44 storage/engine/rocksdb.go:120                       Options.max_subcompactions: 1
I200313 14:19:01.865326 44 storage/engine/rocksdb.go:120                   Options.max_background_flushes: -1
I200313 14:19:01.865372 44 storage/engine/rocksdb.go:120                          Options.WAL_ttl_seconds: 0
I200313 14:19:01.865403 44 storage/engine/rocksdb.go:120                        Options.WAL_size_limit_MB: 0
I200313 14:19:01.865424 44 storage/engine/rocksdb.go:120              Options.manifest_preallocation_size: 4194304
I200313 14:19:01.865455 44 storage/engine/rocksdb.go:120                      Options.is_fd_close_on_exec: 1
I200313 14:19:01.865473 44 storage/engine/rocksdb.go:120                    Options.advise_random_on_open: 1
I200313 14:19:01.865492 44 storage/engine/rocksdb.go:120                     Options.db_write_buffer_size: 0
I200313 14:19:01.865512 44 storage/engine/rocksdb.go:120                     Options.write_buffer_manager: 0x7ffada019060
I200313 14:19:01.865530 44 storage/engine/rocksdb.go:120          Options.access_hint_on_compaction_start: 1
I200313 14:19:01.865549 44 storage/engine/rocksdb.go:120   Options.new_table_reader_for_compaction_inputs: 0
I200313 14:19:01.865569 44 storage/engine/rocksdb.go:120            Options.random_access_max_buffer_size: 1048576
I200313 14:19:01.865588 44 storage/engine/rocksdb.go:120                       Options.use_adaptive_mutex: 0
I200313 14:19:01.865607 44 storage/engine/rocksdb.go:120                             Options.rate_limiter: (nil)
I200313 14:19:01.865627 44 storage/engine/rocksdb.go:120      Options.sst_file_manager.rate_bytes_per_sec: 0
I200313 14:19:01.865646 44 storage/engine/rocksdb.go:120                        Options.wal_recovery_mode: 0
I200313 14:19:01.865665 44 storage/engine/rocksdb.go:120                   Options.enable_thread_tracking: 0
I200313 14:19:01.865684 44 storage/engine/rocksdb.go:120                   Options.enable_pipelined_write: 0
I200313 14:19:01.865703 44 storage/engine/rocksdb.go:120          Options.allow_concurrent_memtable_write: 1
I200313 14:19:01.865721 44 storage/engine/rocksdb.go:120       Options.enable_write_thread_adaptive_yield: 1
I200313 14:19:01.865740 44 storage/engine/rocksdb.go:120              Options.write_thread_max_yield_usec: 100
I200313 14:19:01.865759 44 storage/engine/rocksdb.go:120             Options.write_thread_slow_yield_usec: 3
I200313 14:19:01.865778 44 storage/engine/rocksdb.go:120                                Options.row_cache: None
I200313 14:19:01.865796 44 storage/engine/rocksdb.go:120                               Options.wal_filter: None
I200313 14:19:01.865815 44 storage/engine/rocksdb.go:120              Options.avoid_flush_during_recovery: 0
I200313 14:19:01.865834 44 storage/engine/rocksdb.go:120              Options.allow_ingest_behind: 0
I200313 14:19:01.865853 44 storage/engine/rocksdb.go:120              Options.preserve_deletes: 0
I200313 14:19:01.865872 44 storage/engine/rocksdb.go:120              Options.two_write_queues: 0
I200313 14:19:01.865890 44 storage/engine/rocksdb.go:120              Options.manual_wal_flush: 1
I200313 14:19:01.865909 44 storage/engine/rocksdb.go:120              Options.atomic_flush: 0
I200313 14:19:01.865928 44 storage/engine/rocksdb.go:120              Options.avoid_unnecessary_blocking_io: 0
I200313 14:19:01.865947 44 storage/engine/rocksdb.go:120              Options.max_background_jobs: 4
I200313 14:19:01.865966 44 storage/engine/rocksdb.go:120              Options.max_background_compactions: -1
I200313 14:19:01.865984 44 storage/engine/rocksdb.go:120              Options.avoid_flush_during_shutdown: 0
I200313 14:19:01.866003 44 storage/engine/rocksdb.go:120            Options.writable_file_max_buffer_size: 1048576
I200313 14:19:01.866022 44 storage/engine/rocksdb.go:120              Options.delayed_write_rate : 16777216
I200313 14:19:01.866041 44 storage/engine/rocksdb.go:120              Options.max_total_wal_size: 0
I200313 14:19:01.866060 44 storage/engine/rocksdb.go:120              Options.delete_obsolete_files_period_micros: 21600000000
I200313 14:19:01.866079 44 storage/engine/rocksdb.go:120                    Options.stats_dump_period_sec: 0
I200313 14:19:01.866098 44 storage/engine/rocksdb.go:120                  Options.stats_persist_period_sec: 600
I200313 14:19:01.866116 44 storage/engine/rocksdb.go:120                  Options.stats_history_buffer_size: 1048576
I200313 14:19:01.866135 44 storage/engine/rocksdb.go:120                           Options.max_open_files: 1043576
I200313 14:19:01.866154 44 storage/engine/rocksdb.go:120                           Options.bytes_per_sync: 524288
I200313 14:19:01.866173 44 storage/engine/rocksdb.go:120                       Options.wal_bytes_per_sync: 0
I200313 14:19:01.866191 44 storage/engine/rocksdb.go:120                    Options.strict_bytes_per_sync: 1
I200313 14:19:01.866210 44 storage/engine/rocksdb.go:120        Options.compaction_readahead_size: 0
I200313 14:19:01.866229 44 storage/engine/rocksdb.go:120  Compression algorithms supported:
I200313 14:19:01.866249 44 storage/engine/rocksdb.go:120  	kZSTDNotFinalCompression supported: 0
I200313 14:19:01.866268 44 storage/engine/rocksdb.go:120  	kZSTD supported: 0
I200313 14:19:01.866287 44 storage/engine/rocksdb.go:120  	kXpressCompression supported: 0
I200313 14:19:01.866306 44 storage/engine/rocksdb.go:120  	kLZ4HCCompression supported: 0
I200313 14:19:01.866325 44 storage/engine/rocksdb.go:120  	kLZ4Compression supported: 0
I200313 14:19:01.866344 44 storage/engine/rocksdb.go:120  	kBZip2Compression supported: 0
I200313 14:19:01.866363 44 storage/engine/rocksdb.go:120  	kZlibCompression supported: 0
I200313 14:19:01.866382 44 storage/engine/rocksdb.go:120  	kSnappyCompression supported: 1
I200313 14:19:01.866409 44 storage/engine/rocksdb.go:120  Fast CRC32 supported: Supported on x86
I200313 14:19:01.873407 44 storage/engine/rocksdb.go:120  [db/version_set.cc:4072] Recovering from manifest file: /cockroach/cockroach-data/MANIFEST-000031
I200313 14:19:01.874704 44 storage/engine/rocksdb.go:120  [db/column_family.cc:488] --------------- Options for column family [default]:
I200313 14:19:01.874728 44 storage/engine/rocksdb.go:120                Options.comparator: cockroach_comparator
I200313 14:19:01.874748 44 storage/engine/rocksdb.go:120            Options.merge_operator: cockroach_merge_operator
I200313 14:19:01.874771 44 storage/engine/rocksdb.go:120         Options.compaction_filter: None
I200313 14:19:01.874790 44 storage/engine/rocksdb.go:120         Options.compaction_filter_factory: None
I200313 14:19:01.874810 44 storage/engine/rocksdb.go:120          Options.memtable_factory: SkipListFactory
I200313 14:19:01.874829 44 storage/engine/rocksdb.go:120             Options.table_factory: BlockBasedTable
I200313 14:19:01.874875 44 storage/engine/rocksdb.go:120             table_factory options:   flush_block_policy_factory: FlushBlockBySizePolicyFactory (0x7ffada028028)
  cache_index_and_filter_blocks: 0
  cache_index_and_filter_blocks_with_high_priority: 0
  pin_l0_filter_and_index_blocks_in_cache: 0
  pin_top_level_index_and_filter: 1
  index_type: 0
  data_block_index_type: 0
  index_shortening: 1
  data_block_hash_table_util_ratio: 0.750000
  hash_index_allow_collision: 1
  checksum: 1
  no_block_cache: 0
  block_cache: 0x7ffada01c010
  block_cache_name: LRUCache
  block_cache_options:
    capacity : 67108864
    num_shard_bits : 4
    strict_capacity_limit : 0
    memory_allocator : None
    high_pri_pool_ratio: 0.000
  block_cache_compressed: (nil)
  persistent_cache: (nil)
  block_size: 32768
  block_size_deviation: 10
  block_restart_interval: 16
  index_block_restart_interval: 1
  metadata_block_size: 4096
  partition_filters: 0
  use_delta_encoding: 1
  filter_policy: rocksdb.BuiltinBloomFilter
  whole_key_filtering: 0
  verify_compression: 0
  read_amp_bytes_per_bit: 0
  format_version: 2
  enable_index_compression: 1
  block_align: 0
I200313 14:19:01.874897 44 storage/engine/rocksdb.go:120         Options.write_buffer_size: 67108864
I200313 14:19:01.874919 44 storage/engine/rocksdb.go:120   Options.max_write_buffer_number: 4
I200313 14:19:01.874955 44 storage/engine/rocksdb.go:120           Options.compression: Snappy
I200313 14:19:01.874974 44 storage/engine/rocksdb.go:120                   Options.bottommost_compression: Disabled
I200313 14:19:01.874994 44 storage/engine/rocksdb.go:120        Options.prefix_extractor: cockroach_prefix_extractor
I200313 14:19:01.875020 44 storage/engine/rocksdb.go:120    Options.memtable_insert_with_hint_prefix_extractor: nullptr
I200313 14:19:01.875053 44 storage/engine/rocksdb.go:120              Options.num_levels: 7
I200313 14:19:01.875076 44 storage/engine/rocksdb.go:120         Options.min_write_buffer_number_to_merge: 1
I200313 14:19:01.875098 44 storage/engine/rocksdb.go:120      Options.max_write_buffer_number_to_maintain: 0
I200313 14:19:01.875122 44 storage/engine/rocksdb.go:120             Options.bottommost_compression_opts.window_bits: -14
I200313 14:19:01.875147 44 storage/engine/rocksdb.go:120                   Options.bottommost_compression_opts.level: 32767
I200313 14:19:01.875170 44 storage/engine/rocksdb.go:120                Options.bottommost_compression_opts.strategy: 0
I200313 14:19:01.875192 44 storage/engine/rocksdb.go:120          Options.bottommost_compression_opts.max_dict_bytes: 0
I200313 14:19:01.875216 44 storage/engine/rocksdb.go:120          Options.bottommost_compression_opts.zstd_max_train_bytes: 0
I200313 14:19:01.875244 44 storage/engine/rocksdb.go:120                   Options.bottommost_compression_opts.enabled: false
I200313 14:19:01.875269 44 storage/engine/rocksdb.go:120             Options.compression_opts.window_bits: -14
I200313 14:19:01.875294 44 storage/engine/rocksdb.go:120                   Options.compression_opts.level: 32767
I200313 14:19:01.875322 44 storage/engine/rocksdb.go:120                Options.compression_opts.strategy: 0
I200313 14:19:01.875346 44 storage/engine/rocksdb.go:120          Options.compression_opts.max_dict_bytes: 0
I200313 14:19:01.875370 44 storage/engine/rocksdb.go:120          Options.compression_opts.zstd_max_train_bytes: 0
I200313 14:19:01.875394 44 storage/engine/rocksdb.go:120                   Options.compression_opts.enabled: false
I200313 14:19:01.875431 44 storage/engine/rocksdb.go:120       Options.level0_file_num_compaction_trigger: 2
I200313 14:19:01.875534 44 storage/engine/rocksdb.go:120           Options.level0_slowdown_writes_trigger: 950
I200313 14:19:01.875557 44 storage/engine/rocksdb.go:120               Options.level0_stop_writes_trigger: 1000
I200313 14:19:01.875652 44 storage/engine/rocksdb.go:120                    Options.target_file_size_base: 4194304
I200313 14:19:01.875687 44 storage/engine/rocksdb.go:120              Options.target_file_size_multiplier: 2
I200313 14:19:01.875707 44 storage/engine/rocksdb.go:120                 Options.max_bytes_for_level_base: 67108864
I200313 14:19:01.875726 44 storage/engine/rocksdb.go:120  Options.level_compaction_dynamic_level_bytes: 1
I200313 14:19:01.875747 44 storage/engine/rocksdb.go:120           Options.max_bytes_for_level_multiplier: 10.000000
I200313 14:19:01.875766 44 storage/engine/rocksdb.go:120  Options.max_bytes_for_level_multiplier_addtl[0]: 1
I200313 14:19:01.875785 44 storage/engine/rocksdb.go:120  Options.max_bytes_for_level_multiplier_addtl[1]: 1
I200313 14:19:01.875803 44 storage/engine/rocksdb.go:120  Options.max_bytes_for_level_multiplier_addtl[2]: 1
I200313 14:19:01.875822 44 storage/engine/rocksdb.go:120  Options.max_bytes_for_level_multiplier_addtl[3]: 1
I200313 14:19:01.875841 44 storage/engine/rocksdb.go:120  Options.max_bytes_for_level_multiplier_addtl[4]: 1
I200313 14:19:01.875859 44 storage/engine/rocksdb.go:120  Options.max_bytes_for_level_multiplier_addtl[5]: 1
I200313 14:19:01.875878 44 storage/engine/rocksdb.go:120  Options.max_bytes_for_level_multiplier_addtl[6]: 1
I200313 14:19:01.875897 44 storage/engine/rocksdb.go:120        Options.max_sequential_skip_in_iterations: 8
I200313 14:19:01.875916 44 storage/engine/rocksdb.go:120                     Options.max_compaction_bytes: 104857600
I200313 14:19:01.875934 44 storage/engine/rocksdb.go:120                         Options.arena_block_size: 8388608
I200313 14:19:01.875953 44 storage/engine/rocksdb.go:120    Options.soft_pending_compaction_bytes_limit: 2199023255552
I200313 14:19:01.875972 44 storage/engine/rocksdb.go:120    Options.hard_pending_compaction_bytes_limit: 4400193994752
I200313 14:19:01.875990 44 storage/engine/rocksdb.go:120        Options.rate_limit_delay_max_milliseconds: 100
I200313 14:19:01.876009 44 storage/engine/rocksdb.go:120                 Options.disable_auto_compactions: 0
I200313 14:19:01.876029 44 storage/engine/rocksdb.go:120                         Options.compaction_style: kCompactionStyleLevel
I200313 14:19:01.876049 44 storage/engine/rocksdb.go:120                           Options.compaction_pri: kMinOverlappingRatio
I200313 14:19:01.876068 44 storage/engine/rocksdb.go:120  Options.compaction_options_universal.size_ratio: 1
I200313 14:19:01.876088 44 storage/engine/rocksdb.go:120  Options.compaction_options_universal.min_merge_width: 2
I200313 14:19:01.876107 44 storage/engine/rocksdb.go:120  Options.compaction_options_universal.max_merge_width: 4294967295
I200313 14:19:01.876126 44 storage/engine/rocksdb.go:120  Options.compaction_options_universal.max_size_amplification_percent: 200
I200313 14:19:01.876149 44 storage/engine/rocksdb.go:120  Options.compaction_options_universal.compression_size_percent: -1
I200313 14:19:01.876169 44 storage/engine/rocksdb.go:120  Options.compaction_options_universal.stop_style: kCompactionStopStyleTotalSize
I200313 14:19:01.876188 44 storage/engine/rocksdb.go:120  Options.compaction_options_fifo.max_table_files_size: 1073741824
I200313 14:19:01.876207 44 storage/engine/rocksdb.go:120  Options.compaction_options_fifo.allow_compaction: 0
I200313 14:19:01.876229 44 storage/engine/rocksdb.go:120                    Options.table_properties_collectors: TimeBoundTblPropCollectorFactory; DeleteRangeTblPropCollectorFactory; 
I200313 14:19:01.876251 44 storage/engine/rocksdb.go:120                    Options.inplace_update_support: 0
I200313 14:19:01.876271 44 storage/engine/rocksdb.go:120                  Options.inplace_update_num_locks: 10000
I200313 14:19:01.876290 44 storage/engine/rocksdb.go:120                Options.memtable_prefix_bloom_size_ratio: 0.000000
I200313 14:19:01.876309 44 storage/engine/rocksdb.go:120                Options.memtable_whole_key_filtering: 0
I200313 14:19:01.876328 44 storage/engine/rocksdb.go:120    Options.memtable_huge_page_size: 0
I200313 14:19:01.876347 44 storage/engine/rocksdb.go:120                            Options.bloom_locality: 0
I200313 14:19:01.876366 44 storage/engine/rocksdb.go:120                     Options.max_successive_merges: 0
I200313 14:19:01.876384 44 storage/engine/rocksdb.go:120                 Options.optimize_filters_for_hits: 1
I200313 14:19:01.876403 44 storage/engine/rocksdb.go:120                 Options.paranoid_file_checks: 0
I200313 14:19:01.876422 44 storage/engine/rocksdb.go:120                 Options.force_consistency_checks: 0
I200313 14:19:01.876440 44 storage/engine/rocksdb.go:120                 Options.report_bg_io_stats: 0
I200313 14:19:01.876459 44 storage/engine/rocksdb.go:120                                Options.ttl: 0
I200313 14:19:01.876478 44 storage/engine/rocksdb.go:120           Options.periodic_compaction_seconds: 0
I200313 14:19:01.880155 44 storage/engine/rocksdb.go:120  [db/version_set.cc:3086] More existing levels in DB than needed. max_bytes_for_level_multiplier may not be guaranteed.
I200313 14:19:01.880186 44 storage/engine/rocksdb.go:120  [db/version_set.cc:4286] Recovered from manifest file:/cockroach/cockroach-data/MANIFEST-000031 succeeded,manifest_file_number is 31, next_file_number is 37, last_sequence is 276075, log_number is 30,prev_log_number is 0,max_column_family is 0,min_log_number_to_keep is 0
I200313 14:19:01.880207 44 storage/engine/rocksdb.go:120  [db/version_set.cc:4295] Column family [default] (ID 0), log number is 30
I200313 14:19:01.883123 44 storage/engine/rocksdb.go:120  EVENT_LOG_v1 {"time_micros": 1584109141883028, "job": 1, "event": "recovery_started", "log_files": [32]}
I200313 14:19:01.883189 44 storage/engine/rocksdb.go:120  [db/db_impl_open.cc:598] Recovering log #32 mode 0
I200313 14:19:01.897836 44 storage/engine/rocksdb.go:120  EVENT_LOG_v1 {"time_micros": 1584109141897717, "cf_name": "default", "job": 1, "event": "table_file_creation", "file_number": 37, "file_size": 53909, "table_properties": {"data_size": 51404, "index_size": 330, "index_partitions": 0, "top_level_index_size": 0, "index_key_is_user_key": 0, "index_value_is_delta_encoded": 0, "filter_size": 1221, "raw_key_size": 43838, "raw_average_key_size": 47, "raw_value_size": 196677, "raw_average_value_size": 211, "num_data_blocks": 6, "num_entries": 928, "num_deletions": 31, "num_merge_operands": 664, "num_range_deletions": 664, "format_version": 0, "fixed_key_len": 0, "filter_policy": "rocksdb.BuiltinBloomFilter", "column_family_name": "default", "column_family_id": 0, "comparator": "cockroach_comparator", "merge_operator": "cockroach_merge_operator", "prefix_extractor_name": "cockroach_prefix_extractor", "property_collectors": "[TimeBoundTblPropCollectorFactory,DeleteRangeTblPropCollectorFactory]", "compression": "Snappy", "compression_options": "window_bits=-14; level=32767; strategy=0; max_dict_bytes=0; zstd_max_train_bytes=0; enabled=0; ", "creation_time": 1584109141, "oldest_key_time": 3, "file_creation_time": 0}}
I200313 14:19:01.898308 44 storage/engine/rocksdb.go:120  [db/version_set.cc:3560] Creating manifest 38
I200313 14:19:01.900339 44 storage/engine/rocksdb.go:120  [db/version_set.cc:3086] More existing levels in DB than needed. max_bytes_for_level_multiplier may not be guaranteed.
I200313 14:19:01.903913 44 storage/engine/rocksdb.go:120  EVENT_LOG_v1 {"time_micros": 1584109141903883, "job": 1, "event": "recovery_finished"}
I200313 14:19:01.933009 44 storage/engine/rocksdb.go:120  DB pointer 0x7ffada09c000
