I200313 14:10:47.160895 1 util/log/clog.go:1196  [config] file created at: 2020/03/13 14:10:47
I200313 14:10:47.160895 1 util/log/clog.go:1196  [config] running on machine: 6d72991c190d
I200313 14:10:47.160895 1 util/log/clog.go:1196  [config] binary: CockroachDB CCL v19.2.4 (x86_64-unknown-linux-gnu, built 2020/02/06 21:55:19, go1.12.12)
I200313 14:10:47.160895 1 util/log/clog.go:1196  [config] arguments: [/cockroach/cockroach start --insecure]
I200313 14:10:47.160895 1 util/log/clog.go:1196  line format: [IWEF]yymmdd hh:mm:ss.uuuuuu goid file:line msg utf8=✓
I200313 14:10:47.160881 1 cli/start.go:1144  logging to directory /cockroach/cockroach-data/logs
W200313 14:10:47.163923 1 cli/start.go:1182  RUNNING IN INSECURE MODE!

- Your cluster is open for any client that can access <all your IP addresses>.
- Any user, even root, can log in without providing a password.
- Any user, connecting as root, can read or write any data in your cluster.
- There is no network encryption nor authentication, and thus no confidentiality.

Check out how to secure your cluster: https://www.cockroachlabs.com/docs/v19.2/secure-a-cluster.html
I200313 14:10:47.164626 1 server/status/recorder.go:597  available memory from cgroups is unsupported, using system memory 2.0 GiB instead: failed to find cgroup memory limit
W200313 14:10:47.164830 1 cli/start.go:1052  Using the default setting for --cache (128 MiB).
  A significantly larger value is usually needed for good performance.
  If you have a dedicated server a reasonable setting is --cache=.25 (500 MiB).
I200313 14:10:47.165642 1 server/status/recorder.go:597  available memory from cgroups is unsupported, using system memory 2.0 GiB instead: failed to find cgroup memory limit
W200313 14:10:47.165719 1 cli/start.go:1065  Using the default setting for --max-sql-memory (128 MiB).
  A significantly larger value is usually needed in production.
  If you have a dedicated server a reasonable setting is --max-sql-memory=.25 (500 MiB).
I200313 14:10:47.166540 1 server/status/recorder.go:597  available memory from cgroups is unsupported, using system memory 2.0 GiB instead: failed to find cgroup memory limit
I200313 14:10:47.166670 1 cli/start.go:1196  CockroachDB CCL v19.2.4 (x86_64-unknown-linux-gnu, built 2020/02/06 21:55:19, go1.12.12)
W200313 14:10:47.284194 1 cli/start.go:511  running 'cockroach start' without --join is deprecated.
Consider using 'cockroach start-single-node' or 'cockroach init' instead.
I200313 14:10:47.306477 1 server/status/recorder.go:597  available memory from cgroups is unsupported, using system memory 2.0 GiB instead: failed to find cgroup memory limit
I200313 14:10:47.306594 1 server/config.go:394  system total memory: 2.0 GiB
I200313 14:10:47.306655 1 server/config.go:396  server configuration:
max offset             500000000
cache size             128 MiB
SQL memory pool size   128 MiB
scan interval          10m0s
scan min idle time     10ms
scan max idle time     1s
event log enabled      true
I200313 14:10:47.306728 1 cli/start.go:1030  using local environment variables: COCKROACH_CHANNEL=official-docker
I200313 14:10:47.306905 1 cli/start.go:1037  process identity: uid 0 euid 0 gid 0 egid 0
I200313 14:10:47.306989 1 cli/start.go:644  starting cockroach node
I200313 14:10:47.309826 15 storage/engine/rocksdb.go:622  opening rocksdb instance at "/cockroach/cockroach-data/cockroach-temp423543468"
I200313 14:10:47.400618 15 server/server.go:928  [n?] monitoring forward clock jumps based on server.clock.forward_jump_check_enabled
I200313 14:10:47.402768 15 storage/engine/rocksdb.go:622  opening rocksdb instance at "/cockroach/cockroach-data"
I200313 14:10:47.674243 15 server/config.go:502  [n?] 1 storage engine initialized
I200313 14:10:47.674298 15 server/config.go:505  [n?] RocksDB cache size: 128 MiB
I200313 14:10:47.674344 15 server/config.go:505  [n?] store 0: RocksDB, max size 0 B, max open file limit 1043576
W200313 14:10:47.688754 15 cli/start.go:996  neither --listen-addr nor --advertise-addr was specified.
The server will advertise "6d72991c190d" to other nodes, is this routable?

Consider using:
- for local-only servers:  --listen-addr=localhost
- for multi-node clusters: --advertise-addr=<host/IP addr>
I200313 14:10:47.690227 15 server/server.go:978  [n?] Sleeping till wall time 1584108647690100100 to catches up to 1584108647900239801 to ensure monotonicity. Delta: 210.139701ms
I200313 14:10:47.901117 15 gossip/gossip.go:394  [n1] NodeDescriptor set to node_id:1 address:<network_field:"tcp" address_field:"6d72991c190d:26257" > attrs:<> locality:<> ServerVersion:<major_val:19 minor_val:2 patch:0 unstable:0 > build_tag:"v19.2.4" started_at:1584108647900927400 cluster_name:"" sql_address:<network_field:"tcp" address_field:"6d72991c190d:26257" > 
W200313 14:10:47.923449 144 storage/replica_range_lease.go:554  can't determine lease status due to node liveness error: node not in the liveness table
github.com/cockroachdb/cockroach/pkg/storage.init.ializers
	/go/src/github.com/cockroachdb/cockroach/pkg/storage/node_liveness.go:44
runtime.main
	/usr/local/go/src/runtime/proc.go:188
runtime.goexit
	/usr/local/go/src/runtime/asm_amd64.s:1337
W200313 14:10:47.923576 144 storage/store.go:1530  [n1,s1,r6/1:/Table/{SystemCon…-11}] could not gossip system config: [NotLeaseHolderError] r6: replica (n1,s1):1 not lease holder; lease holder unknown
I200313 14:10:47.984353 15 server/node.go:431  [n1] initialized store [n1,s1]: disk (capacity=58 TiB, available=30 TiB, used=893 KiB, logicalBytes=11 MiB), ranges=24, leases=3, queries=0.00, writes=0.00, bytesPerReplica={p10=0.00 p25=0.00 p50=0.00 p75=2189.00 p90=12124.00 pMax=11077908.00}, writesPerReplica={p10=0.00 p25=0.00 p50=0.00 p75=0.00 p90=0.00 pMax=0.00}
I200313 14:10:47.984611 15 storage/stores.go:240  [n1] read 1 node addresses from persistent storage
I200313 14:10:47.984838 15 storage/stores.go:259  [n1] wrote 2 node addresses to persistent storage
I200313 14:10:47.985057 15 server/node.go:645  [n1] connecting to gossip network to verify cluster ID...
I200313 14:10:47.985116 15 server/node.go:665  [n1] node connected via gossip and verified as part of cluster "658b6d5e-e699-44c5-895d-ae8ec745f62b"
I200313 14:10:47.985490 15 server/node.go:512  [n1] node=1: started with [<no-attributes>=/cockroach/cockroach-data] engine(s) and attributes []
I200313 14:10:48.000538 15 server/server.go:1514  [n1] starting http server at [::]:8080 (use: 6d72991c190d:8080)
I200313 14:10:48.000602 15 server/server.go:1521  [n1] starting grpc/postgres server at [::]:26257
I200313 14:10:48.000669 15 server/server.go:1522  [n1] advertising CockroachDB node at 6d72991c190d:26257
I200313 14:10:48.081342 15 server/server.go:1590  [n1] done ensuring all necessary migrations have run
I200313 14:10:48.081493 15 server/server.go:1841  [n1] serving sql connections
I200313 14:10:48.082319 15 cli/start.go:803  [config] clusterID: 658b6d5e-e699-44c5-895d-ae8ec745f62b
I200313 14:10:48.082366 15 cli/start.go:812  node startup completed:
CockroachDB node starting at 2020-03-13 14:10:48.0821864 +0000 UTC (took 0.9s)
build:               CCL v19.2.4 @ 2020/02/06 21:55:19 (go1.12.12)
webui:               http://6d72991c190d:8080
sql:                 postgresql://root@6d72991c190d:26257?sslmode=disable
RPC client flags:    /cockroach/cockroach <client cmd> --host=6d72991c190d:26257 --insecure
logs:                /cockroach/cockroach-data/logs
temp dir:            /cockroach/cockroach-data/cockroach-temp423543468
external I/O path:   /cockroach/cockroach-data/extern
store[0]:            path=/cockroach/cockroach-data
status:              restarted pre-existing node
clusterID:           658b6d5e-e699-44c5-895d-ae8ec745f62b
nodeID:              1
I200313 14:10:48.106780 219 server/server_update.go:50  [n1] failed attempt to upgrade cluster version, error: node 2 not running (UNAVAILABLE), cannot determine version
I200313 14:10:48.119538 221 sql/event_log.go:130  [n1] Event: "node_restart", target: 1, info: {Descriptor:{NodeID:1 Address:6d72991c190d:26257 Attrs: Locality: ServerVersion:19.2 BuildTag:v19.2.4 StartedAt:1584108647900927400 LocalityAddress:[] ClusterName: SQLAddress:6d72991c190d:26257} ClusterID:658b6d5e-e699-44c5-895d-ae8ec745f62b StartedAt:1584108647900927400 LastUp:1584108635434103900}
I200313 14:10:48.697628 408 gossip/client.go:124  [n1] started gossip client to b05237592c31:26257
I200313 14:10:49.246801 219 server/server_update.go:53  [n1] no need to upgrade, cluster already at the newest version
I200313 14:10:50.163322 73 gossip/gossip.go:1531  [n1] node has connected to cluster via gossip
I200313 14:10:50.163581 73 storage/stores.go:259  [n1] wrote 1 node addresses to persistent storage
I200313 14:10:54.267463 1 cli/start.go:865  received signal 'terminated'
I200313 14:10:54.268268 1 cli/start.go:930  initiating graceful shutdown of server
W200313 14:10:54.279206 73 gossip/gossip.go:1517  [n1] no incoming or outgoing connections
W200313 14:10:54.280735 411 vendor/google.golang.org/grpc/clientconn.go:1206  grpc: addrConn.createTransport failed to connect to {b05237592c31:26257 0  <nil>}. Err :connection error: desc = "transport: Error while dialing cannot reuse client connection". Reconnecting...
W200313 14:10:54.288260 645 vendor/google.golang.org/grpc/clientconn.go:1206  grpc: addrConn.createTransport failed to connect to {b05237592c31:26257 0  <nil>}. Err :connection error: desc = "transport: Error while dialing dial tcp 172.21.0.3:26257: connect: connection refused". Reconnecting...
W200313 14:10:54.280832 375 vendor/google.golang.org/grpc/clientconn.go:1206  grpc: addrConn.createTransport failed to connect to {b05237592c31:26257 0  <nil>}. Err :connection error: desc = "transport: Error while dialing cannot reuse client connection". Reconnecting...
I200313 14:10:54.290135 642 vendor/github.com/cockroachdb/circuitbreaker/circuitbreaker.go:322  [n1] circuitbreaker: gossip [::]:26257->b05237592c31:26257 tripped: initial connection heartbeat failed: rpc error: code = Unavailable desc = all SubConns are in TransientFailure, latest connection error: connection error: desc = "transport: Error while dialing dial tcp 172.21.0.3:26257: connect: connection refused"
I200313 14:10:54.292109 642 vendor/github.com/cockroachdb/circuitbreaker/circuitbreaker.go:447  [n1] circuitbreaker: gossip [::]:26257->b05237592c31:26257 event: BreakerTripped
W200313 14:10:54.292917 642 gossip/client.go:118  [n1] failed to start gossip client to b05237592c31:26257: initial connection heartbeat failed: rpc error: code = Unavailable desc = all SubConns are in TransientFailure, latest connection error: connection error: desc = "transport: Error while dialing dial tcp 172.21.0.3:26257: connect: connection refused"
W200313 14:10:54.328412 518 vendor/google.golang.org/grpc/clientconn.go:1206  grpc: addrConn.createTransport failed to connect to {b05237592c31:26257 0  <nil>}. Err :connection error: desc = "transport: Error while dialing dial tcp 172.21.0.3:26257: connect: connection refused". Reconnecting...
I200313 14:10:54.329514 517 vendor/github.com/cockroachdb/circuitbreaker/circuitbreaker.go:322  [n1] circuitbreaker: rpc [::]:26257 [n2] tripped: failed to connect to n2 at b05237592c31:26257: initial connection heartbeat failed: rpc error: code = Unavailable desc = all SubConns are in TransientFailure, latest connection error: connection error: desc = "transport: Error while dialing dial tcp 172.21.0.3:26257: connect: connection refused"
I200313 14:10:54.329999 517 vendor/github.com/cockroachdb/circuitbreaker/circuitbreaker.go:447  [n1] circuitbreaker: rpc [::]:26257 [n2] event: BreakerTripped
I200313 14:10:54.330481 517 rpc/nodedialer/nodedialer.go:160  [ct-client] unable to connect to n2: failed to connect to n2 at b05237592c31:26257: initial connection heartbeat failed: rpc error: code = Unavailable desc = all SubConns are in TransientFailure, latest connection error: connection error: desc = "transport: Error while dialing dial tcp 172.21.0.3:26257: connect: connection refused"
I200313 14:10:55.272101 615 util/stop/stopper.go:542  [server drain process] quiescing; tasks left:
1      [async] intent_resolver_ir_batcher
1      [async] intent_resolver_gc_batcher
1      [async] closedts-subscription
1      [async] closedts-rangefeed-subscriber
W200313 14:10:55.272705 20 vendor/google.golang.org/grpc/clientconn.go:1206  grpc: addrConn.createTransport failed to connect to {6d72991c190d:26257 0  <nil>}. Err :connection error: desc = "transport: failed to write client preface: io: read/write on closed pipe". Reconnecting...
I200313 14:10:55.275550 615 storage/engine/rocksdb.go:762  closing rocksdb instance at "/cockroach/cockroach-data/cockroach-temp423543468"
I200313 14:10:55.294289 615 storage/engine/rocksdb.go:762  closing rocksdb instance at "/cockroach/cockroach-data"
I200313 14:10:55.300487 1 cli/start.go:976  server drained and shutdown completed
