I200313 14:05:55.965295 1 util/log/clog.go:1196  [config] file created at: 2020/03/13 14:05:55
I200313 14:05:55.965295 1 util/log/clog.go:1196  [config] running on machine: 9497d994ceec
I200313 14:05:55.965295 1 util/log/clog.go:1196  [config] binary: CockroachDB CCL v19.2.4 (x86_64-unknown-linux-gnu, built 2020/02/06 21:55:19, go1.12.12)
I200313 14:05:55.965295 1 util/log/clog.go:1196  [config] arguments: [/cockroach/cockroach start --insecure]
I200313 14:05:55.965295 1 util/log/clog.go:1196  line format: [IWEF]yymmdd hh:mm:ss.uuuuuu goid file:line msg utf8=✓
I200313 14:05:55.965283 1 cli/start.go:1144  logging to directory /cockroach/cockroach-data/logs
W200313 14:05:55.970042 1 cli/start.go:1182  RUNNING IN INSECURE MODE!

- Your cluster is open for any client that can access <all your IP addresses>.
- Any user, even root, can log in without providing a password.
- Any user, connecting as root, can read or write any data in your cluster.
- There is no network encryption nor authentication, and thus no confidentiality.

Check out how to secure your cluster: https://www.cockroachlabs.com/docs/v19.2/secure-a-cluster.html
I200313 14:05:55.971281 1 server/status/recorder.go:597  available memory from cgroups is unsupported, using system memory 2.0 GiB instead: failed to find cgroup memory limit
W200313 14:05:55.971450 1 cli/start.go:1052  Using the default setting for --cache (128 MiB).
  A significantly larger value is usually needed for good performance.
  If you have a dedicated server a reasonable setting is --cache=.25 (500 MiB).
I200313 14:05:55.971775 1 server/status/recorder.go:597  available memory from cgroups is unsupported, using system memory 2.0 GiB instead: failed to find cgroup memory limit
W200313 14:05:55.971832 1 cli/start.go:1065  Using the default setting for --max-sql-memory (128 MiB).
  A significantly larger value is usually needed in production.
  If you have a dedicated server a reasonable setting is --max-sql-memory=.25 (500 MiB).
I200313 14:05:55.972105 1 server/status/recorder.go:597  available memory from cgroups is unsupported, using system memory 2.0 GiB instead: failed to find cgroup memory limit
I200313 14:05:55.972147 1 cli/start.go:1196  CockroachDB CCL v19.2.4 (x86_64-unknown-linux-gnu, built 2020/02/06 21:55:19, go1.12.12)
W200313 14:05:56.090057 1 cli/start.go:511  running 'cockroach start' without --join is deprecated.
Consider using 'cockroach start-single-node' or 'cockroach init' instead.
I200313 14:05:56.111036 1 server/status/recorder.go:597  available memory from cgroups is unsupported, using system memory 2.0 GiB instead: failed to find cgroup memory limit
I200313 14:05:56.111084 1 server/config.go:394  system total memory: 2.0 GiB
I200313 14:05:56.111147 1 server/config.go:396  server configuration:
max offset             500000000
cache size             128 MiB
SQL memory pool size   128 MiB
scan interval          10m0s
scan min idle time     10ms
scan max idle time     1s
event log enabled      true
I200313 14:05:56.111195 1 cli/start.go:1030  using local environment variables: COCKROACH_CHANNEL=official-docker
I200313 14:05:56.111240 1 cli/start.go:1037  process identity: uid 0 euid 0 gid 0 egid 0
I200313 14:05:56.111360 1 cli/start.go:644  starting cockroach node
I200313 14:05:56.114867 38 storage/engine/rocksdb.go:622  opening rocksdb instance at "/cockroach/cockroach-data/cockroach-temp273773348"
I200313 14:05:56.208360 38 server/server.go:928  [n?] monitoring forward clock jumps based on server.clock.forward_jump_check_enabled
I200313 14:05:56.209656 38 storage/engine/rocksdb.go:622  opening rocksdb instance at "/cockroach/cockroach-data"
I200313 14:05:56.309445 38 server/config.go:502  [n?] 1 storage engine initialized
I200313 14:05:56.309482 38 server/config.go:505  [n?] RocksDB cache size: 128 MiB
I200313 14:05:56.309513 38 server/config.go:505  [n?] store 0: RocksDB, max size 0 B, max open file limit 1043576
W200313 14:05:56.319231 38 cli/start.go:996  neither --listen-addr nor --advertise-addr was specified.
The server will advertise "9497d994ceec" to other nodes, is this routable?

Consider using:
- for local-only servers:  --listen-addr=localhost
- for multi-node clusters: --advertise-addr=<host/IP addr>
I200313 14:05:56.320371 38 server/server.go:978  [n?] Sleeping till wall time 1584108356320308900 to catches up to 1584108356708286901 to ensure monotonicity. Delta: 387.978001ms
I200313 14:05:56.712478 38 gossip/gossip.go:394  [n1] NodeDescriptor set to node_id:1 address:<network_field:"tcp" address_field:"9497d994ceec:26257" > attrs:<> locality:<> ServerVersion:<major_val:19 minor_val:2 patch:0 unstable:0 > build_tag:"v19.2.4" started_at:1584108356712118900 cluster_name:"" sql_address:<network_field:"tcp" address_field:"9497d994ceec:26257" > 
W200313 14:05:56.738098 130 storage/replica_range_lease.go:554  can't determine lease status due to node liveness error: node not in the liveness table
github.com/cockroachdb/cockroach/pkg/storage.init.ializers
	/go/src/github.com/cockroachdb/cockroach/pkg/storage/node_liveness.go:44
runtime.main
	/usr/local/go/src/runtime/proc.go:188
runtime.goexit
	/usr/local/go/src/runtime/asm_amd64.s:1337
W200313 14:05:56.738180 130 storage/store.go:1530  [n1,s1,r6/1:/Table/{SystemCon…-11}] could not gossip system config: [NotLeaseHolderError] r6: replica (n1,s1):1 not lease holder; lease holder unknown
I200313 14:05:56.767027 38 server/node.go:431  [n1] initialized store [n1,s1]: disk (capacity=58 TiB, available=30 TiB, used=658 KiB, logicalBytes=8.9 MiB), ranges=24, leases=2, queries=0.00, writes=0.00, bytesPerReplica={p10=0.00 p25=0.00 p50=0.00 p75=1853.00 p90=22076.00 pMax=9234320.00}, writesPerReplica={p10=0.00 p25=0.00 p50=0.00 p75=0.00 p90=0.00 pMax=0.00}
I200313 14:05:56.767239 38 storage/stores.go:240  [n1] read 1 node addresses from persistent storage
I200313 14:05:56.767511 38 server/node.go:645  [n1] connecting to gossip network to verify cluster ID...
I200313 14:05:56.767570 38 server/node.go:665  [n1] node connected via gossip and verified as part of cluster "658b6d5e-e699-44c5-895d-ae8ec745f62b"
I200313 14:05:56.767739 38 server/node.go:512  [n1] node=1: started with [<no-attributes>=/cockroach/cockroach-data] engine(s) and attributes []
I200313 14:05:56.768518 38 server/server.go:1514  [n1] starting http server at [::]:8080 (use: 9497d994ceec:8080)
I200313 14:05:56.768571 38 server/server.go:1521  [n1] starting grpc/postgres server at [::]:26257
I200313 14:05:56.768613 38 server/server.go:1522  [n1] advertising CockroachDB node at 9497d994ceec:26257
I200313 14:05:56.816782 38 server/server.go:1590  [n1] done ensuring all necessary migrations have run
I200313 14:05:56.816941 38 server/server.go:1841  [n1] serving sql connections
I200313 14:05:56.817119 38 cli/start.go:803  [config] clusterID: 658b6d5e-e699-44c5-895d-ae8ec745f62b
I200313 14:05:56.817170 38 cli/start.go:812  node startup completed:
CockroachDB node starting at 2020-03-13 14:05:56.8170318 +0000 UTC (took 0.9s)
build:               CCL v19.2.4 @ 2020/02/06 21:55:19 (go1.12.12)
webui:               http://9497d994ceec:8080
sql:                 postgresql://root@9497d994ceec:26257?sslmode=disable
RPC client flags:    /cockroach/cockroach <client cmd> --host=9497d994ceec:26257 --insecure
logs:                /cockroach/cockroach-data/logs
temp dir:            /cockroach/cockroach-data/cockroach-temp273773348
external I/O path:   /cockroach/cockroach-data/extern
store[0]:            path=/cockroach/cockroach-data
status:              restarted pre-existing node
clusterID:           658b6d5e-e699-44c5-895d-ae8ec745f62b
nodeID:              1
I200313 14:05:56.831919 162 server/server_update.go:50  [n1] failed attempt to upgrade cluster version, error: node 2 not running (DEAD), cannot determine version
I200313 14:05:56.833023 212 sql/event_log.go:130  [n1] Event: "node_restart", target: 1, info: {Descriptor:{NodeID:1 Address:9497d994ceec:26257 Attrs: Locality: ServerVersion:19.2 BuildTag:v19.2.4 StartedAt:1584108356712118900 LocalityAddress:[] ClusterName: SQLAddress:9497d994ceec:26257} ClusterID:658b6d5e-e699-44c5-895d-ae8ec745f62b StartedAt:1584108356712118900 LastUp:1584106920234870200}
I200313 14:05:56.837786 291 sql/lease.go:1919  released orphaned table lease: {id:23 version:1 expiration:{Time:{wall:943357000 ext:63719703930 loc:<nil>}}}
I200313 14:05:57.334472 341 gossip/client.go:124  [n1] started gossip client to a6f7baf6d0d1:26257
I200313 14:05:57.905807 162 server/server_update.go:53  [n1] no need to upgrade, cluster already at the newest version
I200313 14:05:58.772710 88 gossip/gossip.go:1531  [n1] node has connected to cluster via gossip
I200313 14:05:58.773248 88 storage/stores.go:259  [n1] wrote 1 node addresses to persistent storage
I200313 14:06:06.736778 143 server/status/runtime.go:498  [n1] runtime stats: 117 MiB RSS, 162 goroutines, 96 MiB/27 MiB/135 MiB GO alloc/idle/total, 13 MiB/19 MiB CGO alloc/total, 0.0 CGO/sec, 0.0/0.0 %(u/s)time, 0.0 %gc (9x), 60 KiB/66 KiB (r/w)net
W200313 14:06:06.827435 156 server/node.go:826  [n1,summaries] health alerts detected: {Alerts:[{StoreID:1 Category:METRICS Description:ranges.underreplicated Value:24}]}
I200313 14:06:16.736544 143 server/status/runtime.go:498  [n1] runtime stats: 130 MiB RSS, 160 goroutines, 106 MiB/17 MiB/135 MiB GO alloc/idle/total, 14 MiB/19 MiB CGO alloc/total, 264.1 CGO/sec, 1.8/2.7 %(u/s)time, 0.0 %gc (0x), 27 KiB/16 KiB (r/w)net
I200313 14:06:16.803666 138 storage/store.go:2364  [n1,s1] sstables (read amplification = 1):
6 [ 292K 1 ]: 292K
I200313 14:06:16.804241 138 storage/store.go:2365  [n1,s1] 
** Compaction Stats [default] **
Level    Files   Size     Score Read(GB)  Rn(GB) Rnp1(GB) Write(GB) Wnew(GB) Moved(GB) W-Amp Rd(MB/s) Wr(MB/s) Comp(sec) CompMergeCPU(sec) Comp(cnt) Avg(sec) KeyIn KeyDrop
----------------------------------------------------------------------------------------------------------------------------------------------------------------------------
  L0      0/0    0.00 KB   0.0      0.0     0.0      0.0       0.0      0.0       0.0   1.0      0.0      4.4      0.01              0.00         1    0.013       0      0
  L6      1/0   292.34 KB   0.0      0.0     0.0      0.0       0.0      0.0       0.0   0.7      7.1      5.0      0.06              0.05         1    0.057    8171   3979
 Sum      1/0   292.34 KB   0.0      0.0     0.0      0.0       0.0      0.0       0.0   6.0      5.7      4.9      0.07              0.05         2    0.035    8171   3979
 Int      0/0    0.00 KB   0.0      0.0     0.0      0.0       0.0      0.0       0.0   6.0      5.7      4.9      0.07              0.05         2    0.035    8171   3979

** Compaction Stats [default] **
Priority    Files   Size     Score Read(GB)  Rn(GB) Rnp1(GB) Write(GB) Wnew(GB) Moved(GB) W-Amp Rd(MB/s) Wr(MB/s) Comp(sec) CompMergeCPU(sec) Comp(cnt) Avg(sec) KeyIn KeyDrop
-------------------------------------------------------------------------------------------------------------------------------------------------------------------------------
 Low      0/0    0.00 KB   0.0      0.0     0.0      0.0       0.0      0.0       0.0   0.0      7.1      5.0      0.06              0.05         1    0.057    8171   3979
User      0/0    0.00 KB   0.0      0.0     0.0      0.0       0.0      0.0       0.0   0.0      0.0      4.4      0.01              0.00         1    0.013       0      0
Uptime(secs): 20.6 total, 20.6 interval
Flush(GB): cumulative 0.000, interval 0.000
AddFile(GB): cumulative 0.000, interval 0.000
AddFile(Total Files): cumulative 0, interval 0
AddFile(L0 Files): cumulative 0, interval 0
AddFile(Keys): cumulative 0, interval 0
Cumulative compaction: 0.00 GB write, 0.02 MB/s write, 0.00 GB read, 0.02 MB/s read, 0.1 seconds
Interval compaction: 0.00 GB write, 0.02 MB/s write, 0.00 GB read, 0.02 MB/s read, 0.1 seconds
Stalls(count): 0 level0_slowdown, 0 level0_slowdown_with_compaction, 0 level0_numfiles, 0 level0_numfiles_with_compaction, 0 stop for pending_compaction_bytes, 0 slowdown for pending_compaction_bytes, 0 memtable_compaction, 0 memtable_slowdown, interval 0 total count
estimated_pending_compaction_bytes: 0 B
W200313 14:06:16.844668 156 server/node.go:826  [n1,summaries] health alerts detected: {Alerts:[{StoreID:1 Category:METRICS Description:ranges.underreplicated Value:24}]}
I200313 14:06:26.737518 143 server/status/runtime.go:498  [n1] runtime stats: 140 MiB RSS, 160 goroutines, 116 MiB/7.0 MiB/135 MiB GO alloc/idle/total, 14 MiB/20 MiB CGO alloc/total, 50.0 CGO/sec, 1.4/2.6 %(u/s)time, 0.0 %gc (0x), 26 KiB/13 KiB (r/w)net
W200313 14:06:26.828623 156 server/node.go:826  [n1,summaries] health alerts detected: {Alerts:[{StoreID:1 Category:METRICS Description:ranges.underreplicated Value:24}]}
I200313 14:06:36.704097 143 server/status/runtime.go:498  [n1] runtime stats: 157 MiB RSS, 164 goroutines, 125 MiB/60 MiB/196 MiB GO alloc/idle/total, 14 MiB/20 MiB CGO alloc/total, 39.9 CGO/sec, 3.9/2.0 %(u/s)time, 0.0 %gc (1x), 52 KiB/5.9 MiB (r/w)net
W200313 14:06:36.777052 156 server/node.go:826  [n1,summaries] health alerts detected: {Alerts:[{StoreID:1 Category:METRICS Description:ranges.underreplicated Value:24}]}
I200313 14:06:46.705406 143 server/status/runtime.go:498  [n1] runtime stats: 164 MiB RSS, 164 goroutines, 136 MiB/50 MiB/201 MiB GO alloc/idle/total, 14 MiB/20 MiB CGO alloc/total, 37.0 CGO/sec, 1.3/2.9 %(u/s)time, 0.0 %gc (0x), 31 KiB/66 KiB (r/w)net
W200313 14:06:46.788018 156 server/node.go:826  [n1,summaries] health alerts detected: {Alerts:[{StoreID:1 Category:METRICS Description:ranges.underreplicated Value:24}]}
I200313 14:06:56.700566 139 gossip/gossip.go:566  [n1] gossip status (ok, 2 nodes)
gossip client (1/3 cur/max conns)
  2: a6f7baf6d0d1:26257 (59s: infos 177/33 sent/received, bytes 27586B/8039B sent/received)
gossip server (0/3 cur/max conns, infos 190/40 sent/received, bytes 40368B/9305B sent/received)
gossip connectivity
  n1 [sentinel];
  n1 -> n2;
I200313 14:06:56.707001 143 server/status/runtime.go:498  [n1] runtime stats: 171 MiB RSS, 165 goroutines, 86 MiB/98 MiB/201 MiB GO alloc/idle/total, 14 MiB/20 MiB CGO alloc/total, 35.7 CGO/sec, 2.3/1.9 %(u/s)time, 0.0 %gc (1x), 30 KiB/64 KiB (r/w)net
W200313 14:06:56.789082 156 server/node.go:826  [n1,summaries] health alerts detected: {Alerts:[{StoreID:1 Category:METRICS Description:ranges.underreplicated Value:24}]}
I200313 14:07:06.672514 143 server/status/runtime.go:498  [n1] runtime stats: 171 MiB RSS, 163 goroutines, 97 MiB/89 MiB/201 MiB GO alloc/idle/total, 14 MiB/21 MiB CGO alloc/total, 55.8 CGO/sec, 1.0/3.3 %(u/s)time, 0.0 %gc (0x), 33 KiB/69 KiB (r/w)net
W200313 14:07:06.744334 156 server/node.go:826  [n1,summaries] health alerts detected: {Alerts:[{StoreID:1 Category:METRICS Description:ranges.underreplicated Value:24}]}
I200313 14:07:16.673289 143 server/status/runtime.go:498  [n1] runtime stats: 172 MiB RSS, 163 goroutines, 105 MiB/81 MiB/201 MiB GO alloc/idle/total, 14 MiB/21 MiB CGO alloc/total, 29.1 CGO/sec, 1.8/1.7 %(u/s)time, 0.0 %gc (0x), 30 KiB/64 KiB (r/w)net
W200313 14:07:16.752655 156 server/node.go:826  [n1,summaries] health alerts detected: {Alerts:[{StoreID:1 Category:METRICS Description:ranges.underreplicated Value:24}]}
I200313 14:07:26.674305 143 server/status/runtime.go:498  [n1] runtime stats: 173 MiB RSS, 164 goroutines, 114 MiB/73 MiB/201 MiB GO alloc/idle/total, 14 MiB/21 MiB CGO alloc/total, 33.7 CGO/sec, 1.4/2.3 %(u/s)time, 0.0 %gc (0x), 30 KiB/65 KiB (r/w)net
W200313 14:07:26.748588 156 server/node.go:826  [n1,summaries] health alerts detected: {Alerts:[{StoreID:1 Category:METRICS Description:ranges.underreplicated Value:24}]}
I200313 14:07:36.640793 143 server/status/runtime.go:498  [n1] runtime stats: 173 MiB RSS, 164 goroutines, 122 MiB/64 MiB/202 MiB GO alloc/idle/total, 14 MiB/21 MiB CGO alloc/total, 40.4 CGO/sec, 1.7/2.2 %(u/s)time, 0.0 %gc (0x), 33 KiB/69 KiB (r/w)net
W200313 14:07:36.712866 156 server/node.go:826  [n1,summaries] health alerts detected: {Alerts:[{StoreID:1 Category:METRICS Description:ranges.underreplicated Value:24}]}
I200313 14:07:46.640319 143 server/status/runtime.go:498  [n1] runtime stats: 174 MiB RSS, 164 goroutines, 132 MiB/55 MiB/202 MiB GO alloc/idle/total, 14 MiB/21 MiB CGO alloc/total, 31.4 CGO/sec, 1.5/2.1 %(u/s)time, 0.0 %gc (0x), 30 KiB/64 KiB (r/w)net
W200313 14:07:46.713625 156 server/node.go:826  [n1,summaries] health alerts detected: {Alerts:[{StoreID:1 Category:METRICS Description:ranges.underreplicated Value:24}]}
I200313 14:07:56.632138 139 gossip/gossip.go:566  [n1] gossip status (ok, 2 nodes)
gossip client (1/3 cur/max conns)
  2: a6f7baf6d0d1:26257 (1m59s: infos 321/64 sent/received, bytes 45787B/14733B sent/received)
gossip server (0/3 cur/max conns, infos 334/71 sent/received, bytes 58569B/15999B sent/received)
I200313 14:07:56.640978 143 server/status/runtime.go:498  [n1] runtime stats: 177 MiB RSS, 164 goroutines, 140 MiB/47 MiB/202 MiB GO alloc/idle/total, 14 MiB/21 MiB CGO alloc/total, 33.5 CGO/sec, 1.4/2.6 %(u/s)time, 0.0 %gc (0x), 30 KiB/64 KiB (r/w)net
W200313 14:07:56.732724 156 server/node.go:826  [n1,summaries] health alerts detected: {Alerts:[{StoreID:1 Category:METRICS Description:ranges.underreplicated Value:24}]}
I200313 14:08:06.607097 143 server/status/runtime.go:498  [n1] runtime stats: 183 MiB RSS, 163 goroutines, 87 MiB/96 MiB/202 MiB GO alloc/idle/total, 15 MiB/21 MiB CGO alloc/total, 58.8 CGO/sec, 1.0/2.9 %(u/s)time, 0.0 %gc (1x), 33 KiB/68 KiB (r/w)net
W200313 14:08:06.684772 156 server/node.go:826  [n1,summaries] health alerts detected: {Alerts:[{StoreID:1 Category:METRICS Description:ranges.underreplicated Value:24}]}
I200313 14:08:16.607083 143 server/status/runtime.go:498  [n1] runtime stats: 184 MiB RSS, 163 goroutines, 97 MiB/88 MiB/202 MiB GO alloc/idle/total, 15 MiB/21 MiB CGO alloc/total, 43.7 CGO/sec, 1.7/0.9 %(u/s)time, 0.0 %gc (0x), 34 KiB/75 KiB (r/w)net
W200313 14:08:16.681619 156 server/node.go:826  [n1,summaries] health alerts detected: {Alerts:[{StoreID:1 Category:METRICS Description:ranges.underreplicated Value:24}]}
I200313 14:08:26.607890 143 server/status/runtime.go:498  [n1] runtime stats: 205 MiB RSS, 175 goroutines, 85 MiB/94 MiB/203 MiB GO alloc/idle/total, 15 MiB/21 MiB CGO alloc/total, 407.6 CGO/sec, 9.3/4.8 %(u/s)time, 0.0 %gc (2x), 61 KiB/50 KiB (r/w)net
W200313 14:08:26.690818 156 server/node.go:826  [n1,summaries] health alerts detected: {Alerts:[{StoreID:1 Category:METRICS Description:ranges.underreplicated Value:24}]}
I200313 14:08:36.573794 143 server/status/runtime.go:498  [n1] runtime stats: 206 MiB RSS, 176 goroutines, 98 MiB/83 MiB/203 MiB GO alloc/idle/total, 15 MiB/21 MiB CGO alloc/total, 45.5 CGO/sec, 1.5/1.9 %(u/s)time, 0.0 %gc (0x), 55 KiB/170 KiB (r/w)net
W200313 14:08:36.642447 156 server/node.go:826  [n1,summaries] health alerts detected: {Alerts:[{StoreID:1 Category:METRICS Description:ranges.underreplicated Value:24}]}
I200313 14:08:46.575682 143 server/status/runtime.go:498  [n1] runtime stats: 207 MiB RSS, 176 goroutines, 107 MiB/76 MiB/203 MiB GO alloc/idle/total, 15 MiB/22 MiB CGO alloc/total, 28.9 CGO/sec, 1.1/1.3 %(u/s)time, 0.0 %gc (0x), 30 KiB/65 KiB (r/w)net
W200313 14:08:46.700856 156 server/node.go:826  [n1,summaries] health alerts detected: {Alerts:[{StoreID:1 Category:METRICS Description:ranges.underreplicated Value:24}]}
I200313 14:08:56.561772 139 gossip/gossip.go:566  [n1] gossip status (ok, 2 nodes)
gossip client (1/3 cur/max conns)
  2: a6f7baf6d0d1:26257 (2m59s: infos 465/95 sent/received, bytes 63913B/21391B sent/received)
gossip server (0/3 cur/max conns, infos 478/102 sent/received, bytes 76695B/22657B sent/received)
I200313 14:08:56.575355 143 server/status/runtime.go:498  [n1] runtime stats: 208 MiB RSS, 176 goroutines, 115 MiB/68 MiB/203 MiB GO alloc/idle/total, 23 MiB/30 MiB CGO alloc/total, 36.1 CGO/sec, 1.3/1.3 %(u/s)time, 0.0 %gc (0x), 28 KiB/12 KiB (r/w)net
W200313 14:08:56.650075 156 server/node.go:826  [n1,summaries] health alerts detected: {Alerts:[{StoreID:1 Category:METRICS Description:ranges.underreplicated Value:24}]}
I200313 14:09:06.540454 143 server/status/runtime.go:498  [n1] runtime stats: 208 MiB RSS, 175 goroutines, 130 MiB/55 MiB/203 MiB GO alloc/idle/total, 23 MiB/30 MiB CGO alloc/total, 114.5 CGO/sec, 2.7/2.7 %(u/s)time, 0.0 %gc (0x), 40 KiB/73 KiB (r/w)net
W200313 14:09:06.610425 156 server/node.go:826  [n1,summaries] health alerts detected: {Alerts:[{StoreID:1 Category:METRICS Description:ranges.underreplicated Value:24}]}
I200313 14:09:16.541043 143 server/status/runtime.go:498  [n1] runtime stats: 209 MiB RSS, 175 goroutines, 141 MiB/45 MiB/203 MiB GO alloc/idle/total, 23 MiB/30 MiB CGO alloc/total, 61.5 CGO/sec, 2.2/2.7 %(u/s)time, 0.0 %gc (0x), 36 KiB/78 KiB (r/w)net
W200313 14:09:16.618725 156 server/node.go:826  [n1,summaries] health alerts detected: {Alerts:[{StoreID:1 Category:METRICS Description:ranges.underreplicated Value:24}]}
I200313 14:09:26.541378 143 server/status/runtime.go:498  [n1] runtime stats: 209 MiB RSS, 175 goroutines, 152 MiB/34 MiB/203 MiB GO alloc/idle/total, 22 MiB/30 MiB CGO alloc/total, 42.2 CGO/sec, 1.8/2.2 %(u/s)time, 0.0 %gc (0x), 33 KiB/76 KiB (r/w)net
W200313 14:09:26.641171 156 server/node.go:826  [n1,summaries] health alerts detected: {Alerts:[{StoreID:1 Category:METRICS Description:ranges.underreplicated Value:24}]}
I200313 14:09:36.508827 143 server/status/runtime.go:498  [n1] runtime stats: 209 MiB RSS, 176 goroutines, 91 MiB/89 MiB/203 MiB GO alloc/idle/total, 22 MiB/30 MiB CGO alloc/total, 42.1 CGO/sec, 2.0/2.8 %(u/s)time, 0.0 %gc (1x), 36 KiB/79 KiB (r/w)net
W200313 14:09:36.571416 156 server/node.go:826  [n1,summaries] health alerts detected: {Alerts:[{StoreID:1 Category:METRICS Description:ranges.underreplicated Value:24}]}
I200313 14:09:46.507913 143 server/status/runtime.go:498  [n1] runtime stats: 210 MiB RSS, 176 goroutines, 101 MiB/81 MiB/203 MiB GO alloc/idle/total, 22 MiB/30 MiB CGO alloc/total, 44.1 CGO/sec, 2.1/2.3 %(u/s)time, 0.0 %gc (0x), 34 KiB/78 KiB (r/w)net
W200313 14:09:46.575943 156 server/node.go:826  [n1,summaries] health alerts detected: {Alerts:[{StoreID:1 Category:METRICS Description:ranges.underreplicated Value:24}]}
I200313 14:09:56.493068 139 gossip/gossip.go:566  [n1] gossip status (ok, 2 nodes)
gossip client (1/3 cur/max conns)
  2: a6f7baf6d0d1:26257 (3m59s: infos 608/126 sent/received, bytes 82106B/28121B sent/received)
gossip server (0/3 cur/max conns, infos 621/133 sent/received, bytes 94888B/29387B sent/received)
I200313 14:09:56.511565 143 server/status/runtime.go:498  [n1] runtime stats: 211 MiB RSS, 176 goroutines, 109 MiB/74 MiB/203 MiB GO alloc/idle/total, 22 MiB/30 MiB CGO alloc/total, 36.2 CGO/sec, 1.5/2.3 %(u/s)time, 0.0 %gc (0x), 30 KiB/19 KiB (r/w)net
W200313 14:09:56.568701 156 server/node.go:826  [n1,summaries] health alerts detected: {Alerts:[{StoreID:1 Category:METRICS Description:ranges.underreplicated Value:24}]}
I200313 14:10:06.475488 143 server/status/runtime.go:498  [n1] runtime stats: 211 MiB RSS, 175 goroutines, 119 MiB/65 MiB/203 MiB GO alloc/idle/total, 22 MiB/30 MiB CGO alloc/total, 68.0 CGO/sec, 2.3/2.4 %(u/s)time, 0.0 %gc (0x), 35 KiB/75 KiB (r/w)net
W200313 14:10:06.540776 156 server/node.go:826  [n1,summaries] health alerts detected: {Alerts:[{StoreID:1 Category:METRICS Description:ranges.underreplicated Value:24}]}
I200313 14:10:16.477383 143 server/status/runtime.go:498  [n1] runtime stats: 212 MiB RSS, 175 goroutines, 129 MiB/56 MiB/203 MiB GO alloc/idle/total, 22 MiB/30 MiB CGO alloc/total, 38.3 CGO/sec, 1.9/2.0 %(u/s)time, 0.0 %gc (0x), 33 KiB/77 KiB (r/w)net
W200313 14:10:16.542009 156 server/node.go:826  [n1,summaries] health alerts detected: {Alerts:[{StoreID:1 Category:METRICS Description:ranges.underreplicated Value:24}]}
I200313 14:10:26.476939 143 server/status/runtime.go:498  [n1] runtime stats: 212 MiB RSS, 175 goroutines, 138 MiB/47 MiB/203 MiB GO alloc/idle/total, 21 MiB/30 MiB CGO alloc/total, 40.6 CGO/sec, 1.4/2.7 %(u/s)time, 0.0 %gc (0x), 32 KiB/77 KiB (r/w)net
W200313 14:10:26.539640 156 server/node.go:826  [n1,summaries] health alerts detected: {Alerts:[{StoreID:1 Category:METRICS Description:ranges.underreplicated Value:24}]}
I200313 14:10:36.443002 143 server/status/runtime.go:498  [n1] runtime stats: 213 MiB RSS, 176 goroutines, 147 MiB/38 MiB/203 MiB GO alloc/idle/total, 21 MiB/30 MiB CGO alloc/total, 43.3 CGO/sec, 0.9/2.7 %(u/s)time, 0.0 %gc (0x), 36 KiB/81 KiB (r/w)net
W200313 14:10:36.512002 156 server/node.go:826  [n1,summaries] health alerts detected: {Alerts:[{StoreID:1 Category:METRICS Description:ranges.underreplicated Value:24}]}
