I200313 14:40:47.903133 1 util/log/clog.go:1196  [config] file created at: 2020/03/13 14:40:47
I200313 14:40:47.903133 1 util/log/clog.go:1196  [config] running on machine: 068c9c09d521
I200313 14:40:47.903133 1 util/log/clog.go:1196  [config] binary: CockroachDB CCL v19.2.4 (x86_64-unknown-linux-gnu, built 2020/02/06 21:55:19, go1.12.12)
I200313 14:40:47.903133 1 util/log/clog.go:1196  [config] arguments: [/cockroach/cockroach start --insecure --join=node_1]
I200313 14:40:47.903133 1 util/log/clog.go:1196  line format: [IWEF]yymmdd hh:mm:ss.uuuuuu goid file:line msg utf8=✓
I200313 14:40:47.903115 1 cli/start.go:1144  logging to directory /cockroach/cockroach-data/logs
W200313 14:40:47.909544 1 cli/start.go:1182  RUNNING IN INSECURE MODE!

- Your cluster is open for any client that can access <all your IP addresses>.
- Any user, even root, can log in without providing a password.
- Any user, connecting as root, can read or write any data in your cluster.
- There is no network encryption nor authentication, and thus no confidentiality.

Check out how to secure your cluster: https://www.cockroachlabs.com/docs/v19.2/secure-a-cluster.html
I200313 14:40:47.911253 1 server/status/recorder.go:597  available memory from cgroups is unsupported, using system memory 2.0 GiB instead: failed to find cgroup memory limit
W200313 14:40:47.911626 1 cli/start.go:1052  Using the default setting for --cache (128 MiB).
  A significantly larger value is usually needed for good performance.
  If you have a dedicated server a reasonable setting is --cache=.25 (500 MiB).
I200313 14:40:47.912535 1 server/status/recorder.go:597  available memory from cgroups is unsupported, using system memory 2.0 GiB instead: failed to find cgroup memory limit
W200313 14:40:47.912755 1 cli/start.go:1065  Using the default setting for --max-sql-memory (128 MiB).
  A significantly larger value is usually needed in production.
  If you have a dedicated server a reasonable setting is --max-sql-memory=.25 (500 MiB).
I200313 14:40:47.913709 1 server/status/recorder.go:597  available memory from cgroups is unsupported, using system memory 2.0 GiB instead: failed to find cgroup memory limit
I200313 14:40:47.913798 1 cli/start.go:1196  CockroachDB CCL v19.2.4 (x86_64-unknown-linux-gnu, built 2020/02/06 21:55:19, go1.12.12)
I200313 14:40:48.177614 1 server/status/recorder.go:597  available memory from cgroups is unsupported, using system memory 2.0 GiB instead: failed to find cgroup memory limit
I200313 14:40:48.177669 1 server/config.go:394  system total memory: 2.0 GiB
I200313 14:40:48.177896 1 server/config.go:396  server configuration:
max offset             500000000
cache size             128 MiB
SQL memory pool size   128 MiB
scan interval          10m0s
scan min idle time     10ms
scan max idle time     1s
event log enabled      true
I200313 14:40:48.177999 1 cli/start.go:1030  using local environment variables: COCKROACH_CHANNEL=official-docker
I200313 14:40:48.178135 1 cli/start.go:1037  process identity: uid 0 euid 0 gid 0 egid 0
I200313 14:40:48.178651 1 cli/start.go:644  starting cockroach node
I200313 14:40:48.193358 13 storage/engine/rocksdb.go:622  opening rocksdb instance at "/cockroach/cockroach-data/cockroach-temp768673444"
I200313 14:40:48.343629 13 server/server.go:928  [n?] monitoring forward clock jumps based on server.clock.forward_jump_check_enabled
I200313 14:40:48.345792 13 storage/engine/rocksdb.go:622  opening rocksdb instance at "/cockroach/cockroach-data"
I200313 14:40:48.485817 13 server/config.go:502  [n?] 1 storage engine initialized
I200313 14:40:48.485870 13 server/config.go:505  [n?] RocksDB cache size: 128 MiB
I200313 14:40:48.485962 13 server/config.go:505  [n?] store 0: RocksDB, max size 0 B, max open file limit 1043576
W200313 14:40:48.525383 13 gossip/gossip.go:1517  [n?] no incoming or outgoing connections
W200313 14:40:48.525661 13 cli/start.go:996  neither --listen-addr nor --advertise-addr was specified.
The server will advertise "068c9c09d521" to other nodes, is this routable?

Consider using:
- for local-only servers:  --listen-addr=localhost
- for multi-node clusters: --advertise-addr=<host/IP addr>
I200313 14:40:48.530079 13 server/server.go:978  [n?] Sleeping till wall time 1584110448529865700 to catches up to 1584110448843298201 to ensure monotonicity. Delta: 313.432501ms
I200313 14:40:48.844505 13 gossip/gossip.go:394  [n1] NodeDescriptor set to node_id:1 address:<network_field:"tcp" address_field:"068c9c09d521:26257" > attrs:<> locality:<> ServerVersion:<major_val:19 minor_val:2 patch:0 unstable:0 > build_tag:"v19.2.4" started_at:1584110448844239700 cluster_name:"" sql_address:<network_field:"tcp" address_field:"068c9c09d521:26257" > 
I200313 14:40:48.848043 99 gossip/client.go:124  [n1] started gossip client to node_1:26257
I200313 14:40:48.848792 99 gossip/client.go:129  [n1] closing client to n1 (node_1:26257): stopping outgoing client to n1 (node_1:26257); loopback connection
W200313 14:40:48.863399 157 storage/replica_range_lease.go:554  can't determine lease status due to node liveness error: node not in the liveness table
github.com/cockroachdb/cockroach/pkg/storage.init.ializers
	/go/src/github.com/cockroachdb/cockroach/pkg/storage/node_liveness.go:44
runtime.main
	/usr/local/go/src/runtime/proc.go:188
runtime.goexit
	/usr/local/go/src/runtime/asm_amd64.s:1337
W200313 14:40:48.863602 157 storage/store.go:1530  [n1,s1,r6/1:/Table/{SystemCon…-11}] could not gossip system config: [NotLeaseHolderError] r6: replica (n1,s1):1 not lease holder; lease holder unknown
I200313 14:40:48.865624 77 vendor/github.com/cockroachdb/circuitbreaker/circuitbreaker.go:322  [n1] circuitbreaker: rpc [::]:26257 [n4] tripped: failed to resolve n4: unable to look up descriptor for n4
I200313 14:40:48.865706 77 vendor/github.com/cockroachdb/circuitbreaker/circuitbreaker.go:447  [n1] circuitbreaker: rpc [::]:26257 [n4] event: BreakerTripped
I200313 14:40:48.865741 165 vendor/github.com/cockroachdb/circuitbreaker/circuitbreaker.go:322  [n1] circuitbreaker: rpc [::]:26257 [n3] tripped: failed to resolve n3: unable to look up descriptor for n3
I200313 14:40:48.865793 165 vendor/github.com/cockroachdb/circuitbreaker/circuitbreaker.go:447  [n1] circuitbreaker: rpc [::]:26257 [n3] event: BreakerTripped
I200313 14:40:48.865887 78 vendor/github.com/cockroachdb/circuitbreaker/circuitbreaker.go:322  [n1] circuitbreaker: rpc [::]:26257 [n2] tripped: failed to resolve n2: unable to look up descriptor for n2
I200313 14:40:48.865928 78 vendor/github.com/cockroachdb/circuitbreaker/circuitbreaker.go:447  [n1] circuitbreaker: rpc [::]:26257 [n2] event: BreakerTripped
W200313 14:40:48.907187 157 storage/store.go:1530  [n1,s1,r6/1:/Table/{SystemCon…-11}] could not gossip system config: [NotLeaseHolderError] r6: replica (n1,s1):1 not lease holder; lease holder unknown
I200313 14:40:48.928660 13 server/node.go:431  [n1] initialized store [n1,s1]: disk (capacity=58 TiB, available=32 TiB, used=1.2 MiB, logicalBytes=143 KiB), ranges=17, leases=0, queries=0.00, writes=0.00, bytesPerReplica={p10=0.00 p25=0.00 p50=0.00 p75=469.00 p90=17047.00 pMax=109064.00}, writesPerReplica={p10=0.00 p25=0.00 p50=0.00 p75=0.00 p90=0.00 pMax=0.00}
I200313 14:40:48.928886 13 storage/stores.go:240  [n1] read 3 node addresses from persistent storage
I200313 14:40:48.929332 13 server/node.go:645  [n1] connecting to gossip network to verify cluster ID...
I200313 14:40:48.929393 13 server/node.go:665  [n1] node connected via gossip and verified as part of cluster "658b6d5e-e699-44c5-895d-ae8ec745f62b"
I200313 14:40:48.929551 13 server/node.go:512  [n1] node=1: started with [<no-attributes>=/cockroach/cockroach-data] engine(s) and attributes []
I200313 14:40:48.931092 13 server/server.go:1514  [n1] starting http server at [::]:8080 (use: 068c9c09d521:8080)
I200313 14:40:48.931141 13 server/server.go:1521  [n1] starting grpc/postgres server at [::]:26257
I200313 14:40:48.931187 13 server/server.go:1522  [n1] advertising CockroachDB node at 068c9c09d521:26257
W200313 14:40:49.017736 157 storage/store.go:1530  [n1,s1,r6/1:/Table/{SystemCon…-11}] could not gossip system config: [NotLeaseHolderError] r6: replica (n1,s1):1 not lease holder; lease holder unknown
W200313 14:40:49.205007 157 storage/store.go:1530  [n1,s1,r6/1:/Table/{SystemCon…-11}] could not gossip system config: [NotLeaseHolderError] r6: replica (n1,s1):1 not lease holder; lease holder unknown
I200313 14:40:49.535933 187 gossip/client.go:124  [n1] started gossip client to 287541f04cdc:26257
W200313 14:40:49.569552 157 storage/store.go:1530  [n1,s1,r6/1:/Table/{SystemCon…-11}] could not gossip system config: [NotLeaseHolderError] r6: replica (n1,s1):1 not lease holder; lease holder unknown
W200313 14:40:50.310525 157 storage/store.go:1530  [n1,s1,r6/1:/Table/{SystemCon…-11}] could not gossip system config: [NotLeaseHolderError] r6: replica (n1,s1):1 not lease holder; lease holder unknown
I200313 14:40:50.569273 283 vendor/github.com/cockroachdb/circuitbreaker/circuitbreaker.go:447  [n1] circuitbreaker: rpc [::]:26257 [n2] event: BreakerReset
I200313 14:40:50.866806 303 vendor/github.com/cockroachdb/circuitbreaker/circuitbreaker.go:447  [n1] circuitbreaker: rpc [::]:26257 [n3] event: BreakerReset
I200313 14:40:50.990664 371 gossip/client.go:124  [n1] started gossip client to 22bf95210875:26257
W200313 14:40:51.179693 157 storage/store.go:1530  [n1,s1,r6/1:/Table/{SystemCon…-11}] could not gossip system config: [NotLeaseHolderError] r6: replica (n1,s1):1 not lease holder; lease holder unknown
I200313 14:40:52.163779 424 vendor/github.com/cockroachdb/circuitbreaker/circuitbreaker.go:447  [n1] circuitbreaker: rpc [::]:26257 [n4] event: BreakerReset
W200313 14:40:52.599558 204 storage/node_liveness.go:559  [n1,liveness-hb] slow heartbeat took 3.7s
I200313 14:40:52.599649 204 storage/node_liveness.go:474  [n1,liveness-hb] heartbeat failed on epoch increment; retrying
I200313 14:40:52.852494 13 server/server.go:1590  [n1] done ensuring all necessary migrations have run
I200313 14:40:52.853149 13 server/server.go:1841  [n1] serving sql connections
I200313 14:40:52.853461 13 cli/start.go:803  [config] clusterID: 658b6d5e-e699-44c5-895d-ae8ec745f62b
I200313 14:40:52.853572 13 cli/start.go:812  node startup completed:
CockroachDB node starting at 2020-03-13 14:40:52.8532681 +0000 UTC (took 5.0s)
build:               CCL v19.2.4 @ 2020/02/06 21:55:19 (go1.12.12)
webui:               http://068c9c09d521:8080
sql:                 postgresql://root@068c9c09d521:26257?sslmode=disable
RPC client flags:    /cockroach/cockroach <client cmd> --host=068c9c09d521:26257 --insecure
logs:                /cockroach/cockroach-data/logs
temp dir:            /cockroach/cockroach-data/cockroach-temp768673444
external I/O path:   /cockroach/cockroach-data/extern
store[0]:            path=/cockroach/cockroach-data
status:              restarted pre-existing node
clusterID:           658b6d5e-e699-44c5-895d-ae8ec745f62b
nodeID:              1
I200313 14:40:52.859877 432 storage/node_liveness.go:790  [n1,s1,r6/1:/Table/{SystemCon…-11}] incremented n2 liveness epoch to 9
I200313 14:40:52.907457 503 storage/queue.go:1132  [n1,replicate] purgatory is now empty
I200313 14:40:52.916315 495 server/server_update.go:50  [n1] failed attempt to upgrade cluster version, error: node 4 not running (UNAVAILABLE), cannot determine version
I200313 14:40:53.051096 497 sql/event_log.go:130  [n1] Event: "node_restart", target: 1, info: {Descriptor:{NodeID:1 Address:068c9c09d521:26257 Attrs: Locality: ServerVersion:19.2 BuildTag:v19.2.4 StartedAt:1584110448844239700 LocalityAddress:[] ClusterName: SQLAddress:068c9c09d521:26257} ClusterID:658b6d5e-e699-44c5-895d-ae8ec745f62b StartedAt:1584110448844239700 LastUp:1584110231235040500}
I200313 14:40:53.192812 26 gossip/gossip.go:1531  [n1] node has connected to cluster via gossip
I200313 14:40:53.193159 26 storage/stores.go:259  [n1] wrote 3 node addresses to persistent storage
I200313 14:40:53.798524 495 server/server_update.go:53  [n1] no need to upgrade, cluster already at the newest version
I200313 14:40:58.903579 198 server/status/runtime.go:498  [n1] runtime stats: 115 MiB RSS, 271 goroutines, 99 MiB/22 MiB/135 MiB GO alloc/idle/total, 14 MiB/19 MiB CGO alloc/total, 0.0 CGO/sec, 0.0/0.0 %(u/s)time, 0.0 %gc (8x), 227 KiB/442 KiB (r/w)net
W200313 14:41:02.879213 489 server/node.go:826  [n1,summaries] health alerts detected: {Alerts:[{StoreID:0 Category:METRICS Description:liveness.heartbeatfailures Value:1}]}
I200313 14:41:08.904028 198 server/status/runtime.go:498  [n1] runtime stats: 129 MiB RSS, 271 goroutines, 81 MiB/36 MiB/135 MiB GO alloc/idle/total, 14 MiB/19 MiB CGO alloc/total, 30.7 CGO/sec, 3.9/5.9 %(u/s)time, 0.0 %gc (1x), 123 KiB/171 KiB (r/w)net
I200313 14:41:08.950864 33 storage/store.go:2364  [n1,s1] sstables (read amplification = 2):
0 [  64K 1 ]: 64K
6 [ 149K 1 ]: 149K
I200313 14:41:08.950986 33 storage/store.go:2365  [n1,s1] 
** Compaction Stats [default] **
Level    Files   Size     Score Read(GB)  Rn(GB) Rnp1(GB) Write(GB) Wnew(GB) Moved(GB) W-Amp Rd(MB/s) Wr(MB/s) Comp(sec) CompMergeCPU(sec) Comp(cnt) Avg(sec) KeyIn KeyDrop
----------------------------------------------------------------------------------------------------------------------------------------------------------------------------
  L0      1/0   64.34 KB   0.5      0.0     0.0      0.0       0.0      0.0       0.0   1.0      0.0      7.6      0.01              0.00         1    0.008       0      0
  L6      1/0   149.14 KB   0.0      0.0     0.0      0.0       0.0      0.0       0.0   0.0      0.0      0.0      0.00              0.00         0    0.000       0      0
 Sum      2/0   213.49 KB   0.0      0.0     0.0      0.0       0.0      0.0       0.0   1.0      0.0      7.6      0.01              0.00         1    0.008       0      0
 Int      0/0    0.00 KB   0.0      0.0     0.0      0.0       0.0      0.0       0.0   1.0      0.0      7.6      0.01              0.00         1    0.008       0      0

** Compaction Stats [default] **
Priority    Files   Size     Score Read(GB)  Rn(GB) Rnp1(GB) Write(GB) Wnew(GB) Moved(GB) W-Amp Rd(MB/s) Wr(MB/s) Comp(sec) CompMergeCPU(sec) Comp(cnt) Avg(sec) KeyIn KeyDrop
-------------------------------------------------------------------------------------------------------------------------------------------------------------------------------
User      0/0    0.00 KB   0.0      0.0     0.0      0.0       0.0      0.0       0.0   0.0      0.0      7.6      0.01              0.00         1    0.008       0      0
Uptime(secs): 20.6 total, 20.6 interval
Flush(GB): cumulative 0.000, interval 0.000
AddFile(GB): cumulative 0.000, interval 0.000
AddFile(Total Files): cumulative 0, interval 0
AddFile(L0 Files): cumulative 0, interval 0
AddFile(Keys): cumulative 0, interval 0
Cumulative compaction: 0.00 GB write, 0.00 MB/s write, 0.00 GB read, 0.00 MB/s read, 0.0 seconds
Interval compaction: 0.00 GB write, 0.00 MB/s write, 0.00 GB read, 0.00 MB/s read, 0.0 seconds
Stalls(count): 0 level0_slowdown, 0 level0_slowdown_with_compaction, 0 level0_numfiles, 0 level0_numfiles_with_compaction, 0 stop for pending_compaction_bytes, 0 slowdown for pending_compaction_bytes, 0 memtable_compaction, 0 memtable_slowdown, interval 0 total count
estimated_pending_compaction_bytes: 0 B
I200313 14:41:18.904366 198 server/status/runtime.go:498  [n1] runtime stats: 131 MiB RSS, 272 goroutines, 92 MiB/27 MiB/135 MiB GO alloc/idle/total, 14 MiB/19 MiB CGO alloc/total, 31.0 CGO/sec, 3.4/5.3 %(u/s)time, 0.0 %gc (0x), 114 KiB/164 KiB (r/w)net
I200313 14:41:28.870636 198 server/status/runtime.go:498  [n1] runtime stats: 160 MiB RSS, 274 goroutines, 85 MiB/97 MiB/201 MiB GO alloc/idle/total, 15 MiB/20 MiB CGO alloc/total, 42.6 CGO/sec, 4.6/5.5 %(u/s)time, 0.0 %gc (1x), 137 KiB/286 KiB (r/w)net
I200313 14:41:38.873409 198 server/status/runtime.go:498  [n1] runtime stats: 161 MiB RSS, 274 goroutines, 98 MiB/86 MiB/201 MiB GO alloc/idle/total, 15 MiB/20 MiB CGO alloc/total, 31.1 CGO/sec, 3.1/6.0 %(u/s)time, 0.0 %gc (0x), 123 KiB/276 KiB (r/w)net
I200313 14:41:48.862857 194 gossip/gossip.go:566  [n1] gossip status (ok, 4 nodes)
gossip client (2/3 cur/max conns)
  4: 287541f04cdc:26257 (59s: infos 297/233 sent/received, bytes 64769B/50191B sent/received)
  2: 22bf95210875:26257 (58s: infos 247/216 sent/received, bytes 55661B/46507B sent/received)
gossip server (1/3 cur/max conns, infos 823/696 sent/received, bytes 187097B/144852B sent/received)
  3: f47a1c7300a3:26257 (59s)
gossip connectivity
  n1 [sentinel];
  n1 -> n2; n1 -> n4; n2 -> n4; n3 -> n1; n3 -> n2; n4 -> n3;
I200313 14:41:48.873264 198 server/status/runtime.go:498  [n1] runtime stats: 162 MiB RSS, 276 goroutines, 110 MiB/76 MiB/201 MiB GO alloc/idle/total, 15 MiB/20 MiB CGO alloc/total, 33.2 CGO/sec, 3.1/6.0 %(u/s)time, 0.0 %gc (0x), 122 KiB/273 KiB (r/w)net
I200313 14:41:58.838871 198 server/status/runtime.go:498  [n1] runtime stats: 163 MiB RSS, 273 goroutines, 124 MiB/61 MiB/201 MiB GO alloc/idle/total, 15 MiB/20 MiB CGO alloc/total, 51.4 CGO/sec, 3.1/6.1 %(u/s)time, 0.0 %gc (0x), 136 KiB/294 KiB (r/w)net
I200313 14:42:08.851554 198 server/status/runtime.go:498  [n1] runtime stats: 166 MiB RSS, 273 goroutines, 137 MiB/48 MiB/201 MiB GO alloc/idle/total, 15 MiB/20 MiB CGO alloc/total, 30.2 CGO/sec, 3.3/5.0 %(u/s)time, 0.0 %gc (0x), 114 KiB/266 KiB (r/w)net
I200313 14:42:18.841561 198 server/status/runtime.go:498  [n1] runtime stats: 177 MiB RSS, 273 goroutines, 85 MiB/95 MiB/202 MiB GO alloc/idle/total, 15 MiB/20 MiB CGO alloc/total, 29.1 CGO/sec, 3.4/5.9 %(u/s)time, 0.0 %gc (1x), 119 KiB/271 KiB (r/w)net
I200313 14:42:28.807267 198 server/status/runtime.go:498  [n1] runtime stats: 178 MiB RSS, 274 goroutines, 96 MiB/86 MiB/202 MiB GO alloc/idle/total, 15 MiB/20 MiB CGO alloc/total, 37.2 CGO/sec, 2.8/5.9 %(u/s)time, 0.0 %gc (0x), 119 KiB/170 KiB (r/w)net
I200313 14:42:38.807517 198 server/status/runtime.go:498  [n1] runtime stats: 178 MiB RSS, 274 goroutines, 107 MiB/77 MiB/202 MiB GO alloc/idle/total, 15 MiB/20 MiB CGO alloc/total, 28.7 CGO/sec, 3.1/5.1 %(u/s)time, 0.0 %gc (0x), 115 KiB/267 KiB (r/w)net
I200313 14:42:48.793254 194 gossip/gossip.go:566  [n1] gossip status (ok, 4 nodes)
gossip client (2/3 cur/max conns)
  4: 287541f04cdc:26257 (1m59s: infos 543/411 sent/received, bytes 105104B/87981B sent/received)
  2: 22bf95210875:26257 (1m58s: infos 459/408 sent/received, bytes 90591B/84584B sent/received)
gossip server (1/3 cur/max conns, infos 1509/1266 sent/received, bytes 304509B/256766B sent/received)
  3: f47a1c7300a3:26257 (1m58s)
I200313 14:42:48.808537 198 server/status/runtime.go:498  [n1] runtime stats: 178 MiB RSS, 274 goroutines, 118 MiB/66 MiB/202 MiB GO alloc/idle/total, 15 MiB/20 MiB CGO alloc/total, 31.2 CGO/sec, 2.3/6.0 %(u/s)time, 0.0 %gc (0x), 123 KiB/273 KiB (r/w)net
I200313 14:42:58.775196 198 server/status/runtime.go:498  [n1] runtime stats: 179 MiB RSS, 268 goroutines, 131 MiB/54 MiB/202 MiB GO alloc/idle/total, 15 MiB/20 MiB CGO alloc/total, 42.7 CGO/sec, 3.1/4.2 %(u/s)time, 0.0 %gc (0x), 126 KiB/291 KiB (r/w)net
I200313 14:43:08.775120 198 server/status/runtime.go:498  [n1] runtime stats: 180 MiB RSS, 268 goroutines, 142 MiB/43 MiB/202 MiB GO alloc/idle/total, 15 MiB/20 MiB CGO alloc/total, 34.0 CGO/sec, 3.4/4.6 %(u/s)time, 0.0 %gc (0x), 124 KiB/274 KiB (r/w)net
I200313 14:43:18.776397 198 server/status/runtime.go:498  [n1] runtime stats: 185 MiB RSS, 268 goroutines, 84 MiB/95 MiB/202 MiB GO alloc/idle/total, 15 MiB/21 MiB CGO alloc/total, 30.9 CGO/sec, 3.0/6.2 %(u/s)time, 0.0 %gc (1x), 116 KiB/266 KiB (r/w)net
I200313 14:43:28.741774 198 server/status/runtime.go:498  [n1] runtime stats: 186 MiB RSS, 269 goroutines, 97 MiB/84 MiB/202 MiB GO alloc/idle/total, 15 MiB/21 MiB CGO alloc/total, 35.3 CGO/sec, 2.8/5.4 %(u/s)time, 0.0 %gc (0x), 119 KiB/276 KiB (r/w)net
I200313 14:43:38.742561 198 server/status/runtime.go:498  [n1] runtime stats: 186 MiB RSS, 269 goroutines, 109 MiB/74 MiB/202 MiB GO alloc/idle/total, 15 MiB/21 MiB CGO alloc/total, 27.8 CGO/sec, 4.1/4.2 %(u/s)time, 0.0 %gc (0x), 115 KiB/268 KiB (r/w)net
I200313 14:43:48.723688 194 gossip/gossip.go:566  [n1] gossip status (ok, 4 nodes)
gossip client (2/3 cur/max conns)
  4: 287541f04cdc:26257 (2m59s: infos 789/592 sent/received, bytes 144805B/125666B sent/received)
  2: 22bf95210875:26257 (2m58s: infos 671/597 sent/received, bytes 124006B/120727B sent/received)
gossip server (1/3 cur/max conns, infos 2200/1833 sent/received, bytes 419977B/365226B sent/received)
  3: f47a1c7300a3:26257 (2m58s)
I200313 14:43:48.749268 198 server/status/runtime.go:498  [n1] runtime stats: 187 MiB RSS, 269 goroutines, 121 MiB/64 MiB/202 MiB GO alloc/idle/total, 15 MiB/21 MiB CGO alloc/total, 34.7 CGO/sec, 3.6/5.1 %(u/s)time, 0.0 %gc (0x), 126 KiB/277 KiB (r/w)net
I200313 14:43:58.710080 198 server/status/runtime.go:498  [n1] runtime stats: 187 MiB RSS, 268 goroutines, 133 MiB/52 MiB/202 MiB GO alloc/idle/total, 15 MiB/21 MiB CGO alloc/total, 41.6 CGO/sec, 3.8/5.0 %(u/s)time, 0.0 %gc (0x), 125 KiB/280 KiB (r/w)net
I200313 14:44:08.712010 198 server/status/runtime.go:498  [n1] runtime stats: 188 MiB RSS, 268 goroutines, 144 MiB/41 MiB/202 MiB GO alloc/idle/total, 15 MiB/21 MiB CGO alloc/total, 30.5 CGO/sec, 3.4/5.2 %(u/s)time, 0.0 %gc (0x), 117 KiB/269 KiB (r/w)net
I200313 14:44:18.710883 198 server/status/runtime.go:498  [n1] runtime stats: 189 MiB RSS, 268 goroutines, 86 MiB/93 MiB/202 MiB GO alloc/idle/total, 15 MiB/21 MiB CGO alloc/total, 27.2 CGO/sec, 3.5/5.8 %(u/s)time, 0.0 %gc (1x), 113 KiB/265 KiB (r/w)net
I200313 14:44:28.677075 198 server/status/runtime.go:498  [n1] runtime stats: 189 MiB RSS, 269 goroutines, 98 MiB/84 MiB/202 MiB GO alloc/idle/total, 15 MiB/21 MiB CGO alloc/total, 37.7 CGO/sec, 3.4/4.7 %(u/s)time, 0.0 %gc (0x), 121 KiB/277 KiB (r/w)net
I200313 14:44:38.677130 198 server/status/runtime.go:498  [n1] runtime stats: 190 MiB RSS, 269 goroutines, 109 MiB/75 MiB/202 MiB GO alloc/idle/total, 15 MiB/21 MiB CGO alloc/total, 33.4 CGO/sec, 3.8/5.1 %(u/s)time, 0.0 %gc (0x), 123 KiB/274 KiB (r/w)net
I200313 14:44:47.720576 1 cli/start.go:865  received signal 'terminated'
I200313 14:44:47.724072 1 cli/start.go:930  initiating graceful shutdown of server
I200313 14:44:48.655232 194 gossip/gossip.go:566  [n1] gossip status (ok, 4 nodes)
gossip client (2/3 cur/max conns)
  4: 287541f04cdc:26257 (3m59s: infos 1030/786 sent/received, bytes 183920B/164907B sent/received)
  2: 22bf95210875:26257 (3m58s: infos 883/786 sent/received, bytes 157932B/157344B sent/received)
gossip server (1/3 cur/max conns, infos 2869/2411 sent/received, bytes 533327B/475684B sent/received)
  3: f47a1c7300a3:26257 (3m58s)
I200313 14:44:48.677520 198 server/status/runtime.go:498  [n1] runtime stats: 190 MiB RSS, 271 goroutines, 118 MiB/66 MiB/202 MiB GO alloc/idle/total, 15 MiB/21 MiB CGO alloc/total, 25.2 CGO/sec, 2.9/4.9 %(u/s)time, 0.0 %gc (0x), 119 KiB/165 KiB (r/w)net
I200313 14:44:48.794135 4732 storage/store.go:1111  [drain] waiting for 10 replicas to transfer their lease away
I200313 14:44:50.143660 4732 storage/store.go:1111  [drain] waiting for 10 replicas to transfer their lease away
I200313 14:44:52.050312 4732 storage/store.go:1111  [drain] waiting for 10 replicas to transfer their lease away
I200313 14:44:52.727978 4733 cli/start.go:940  6 running tasks
I200313 14:44:53.186523 4732 storage/store.go:1111  [drain] waiting for 10 replicas to transfer their lease away
W200313 14:44:53.723978 424 storage/raft_transport.go:634  [n1] while processing outgoing Raft queue to node 4: EOF:
W200313 14:44:53.726344 375 storage/raft_transport.go:634  [n1] while processing outgoing Raft queue to node 4: EOF:
W200313 14:44:53.736200 401 vendor/google.golang.org/grpc/clientconn.go:1206  grpc: addrConn.createTransport failed to connect to {287541f04cdc:26257 0  <nil>}. Err :connection error: desc = "transport: Error while dialing cannot reuse client connection". Reconnecting...
W200313 14:44:53.736547 190 vendor/google.golang.org/grpc/clientconn.go:1206  grpc: addrConn.createTransport failed to connect to {287541f04cdc:26257 0  <nil>}. Err :connection error: desc = "transport: Error while dialing cannot reuse client connection". Reconnecting...
W200313 14:44:53.737137 386 vendor/google.golang.org/grpc/clientconn.go:1206  grpc: addrConn.createTransport failed to connect to {287541f04cdc:26257 0  <nil>}. Err :connection error: desc = "transport: Error while dialing cannot reuse client connection". Reconnecting...
W200313 14:44:53.755647 4791 storage/raft_transport.go:634  [n1] while processing outgoing Raft queue to node 2: EOF:
W200313 14:44:53.755705 283 storage/raft_transport.go:634  [n1] while processing outgoing Raft queue to node 2: EOF:
W200313 14:44:53.759825 328 vendor/google.golang.org/grpc/clientconn.go:1206  grpc: addrConn.createTransport failed to connect to {22bf95210875:26257 0  <nil>}. Err :connection error: desc = "transport: Error while dialing cannot reuse client connection". Reconnecting...
W200313 14:44:53.760323 286 vendor/google.golang.org/grpc/clientconn.go:1206  grpc: addrConn.createTransport failed to connect to {22bf95210875:26257 0  <nil>}. Err :connection error: desc = "transport: Error while dialing cannot reuse client connection". Reconnecting...
W200313 14:44:53.772275 221 storage/raft_transport.go:634  [n1] while processing outgoing Raft queue to node 3: EOF:
W200313 14:44:53.772395 303 storage/raft_transport.go:634  [n1] while processing outgoing Raft queue to node 3: EOF:
W200313 14:44:53.775296 338 vendor/google.golang.org/grpc/clientconn.go:1206  grpc: addrConn.createTransport failed to connect to {f47a1c7300a3:26257 0  <nil>}. Err :connection error: desc = "transport: Error while dialing cannot reuse client connection". Reconnecting...
W200313 14:44:53.775368 228 vendor/google.golang.org/grpc/clientconn.go:1206  grpc: addrConn.createTransport failed to connect to {f47a1c7300a3:26257 0  <nil>}. Err :connection error: desc = "transport: Error while dialing cannot reuse client connection". Reconnecting...
W200313 14:44:53.791411 5154 vendor/google.golang.org/grpc/clientconn.go:1206  grpc: addrConn.createTransport failed to connect to {287541f04cdc:26257 0  <nil>}. Err :connection error: desc = "transport: Error while dialing dial tcp 172.20.0.2:26257: connect: connection refused". Reconnecting...
W200313 14:44:53.793410 4732 storage/store.go:1120  [drain] unable to drain cleanly within 5s, service might briefly deteriorate: operation "wait for raft leadership transfer" timed out after 5s:
  - waiting for 10 replicas to transfer their lease away
    github.com/cockroachdb/cockroach/pkg/storage.(*Store).SetDraining.func3.1
    	/go/src/github.com/cockroachdb/cockroach/pkg/storage/store.go:1109
    github.com/cockroachdb/cockroach/pkg/util/retry.WithMaxAttempts
    	/go/src/github.com/cockroachdb/cockroach/pkg/util/retry/retry.go:159
    github.com/cockroachdb/cockroach/pkg/storage.(*Store).SetDraining.func3
    	/go/src/github.com/cockroachdb/cockroach/pkg/storage/store.go:1107
    github.com/cockroachdb/cockroach/pkg/util/contextutil.RunWithTimeout
    	/go/src/github.com/cockroachdb/cockroach/pkg/util/contextutil/context.go:135
    github.com/cockroachdb/cockroach/pkg/storage.(*Store).SetDraining
    	/go/src/github.com/cockroachdb/cockroach/pkg/storage/store.go:1098
    github.com/cockroachdb/cockroach/pkg/server.(*Node).SetDraining.func1
    	/go/src/github.com/cockroachdb/cockroach/pkg/server/node.go:532
    github.com/cockroachdb/cockroach/pkg/storage.(*Stores).VisitStores.func1
    	/go/src/github.com/cockroachdb/cockroach/pkg/storage/stores.go:126
    github.com/cockroachdb/cockroach/pkg/util/syncutil.(*IntMap).Range
    	/go/src/github.com/cockroachdb/cockroach/pkg/util/syncutil/int_map.go:352
    github.com/cockroachdb/cockroach/pkg/storage.(*Stores).VisitStores
    	/go/src/github.com/cockroachdb/cockroach/pkg/storage/stores.go:125
    github.com/cockroachdb/cockroach/pkg/server.(*Node).SetDraining
    	/go/src/github.com/cockroachdb/cockroach/pkg/server/node.go:531
    github.com/cockroachdb/cockroach/pkg/server.(*Server).doDrain
    	/go/src/github.com/cockroachdb/cockroach/pkg/server/server.go:1954
    github.com/cockroachdb/cockroach/pkg/server.(*Server).Drain
    	/go/src/github.com/cockroachdb/cockroach/pkg/server/server.go:1979
    github.com/cockroachdb/cockroach/pkg/cli.runStart.func4
    	/go/src/github.com/cockroachdb/cockroach/pkg/cli/start.go:901
    runtime.goexit
    	/usr/local/go/src/runtime/asm_amd64.s:1337
I200313 14:44:53.794316 4732 util/stop/stopper.go:542  [server drain process] quiescing; tasks left:
3      [async] closedts-subscription
2      rpc heartbeat
1      [async] intent_resolver_ir_batcher
1      [async] intent_resolver_gc_batcher
1      [async] closedts-rangefeed-subscriber
I200313 14:44:53.795205 5144 vendor/github.com/cockroachdb/circuitbreaker/circuitbreaker.go:322  [n1] circuitbreaker: rpc [::]:26257 [n3] tripped: failed to connect to n3 at f47a1c7300a3:26257: initial connection heartbeat failed: rpc error: code = Canceled desc = grpc: the client connection is closing
W200313 14:44:53.794038 5158 vendor/google.golang.org/grpc/clientconn.go:1206  grpc: addrConn.createTransport failed to connect to {22bf95210875:26257 0  <nil>}. Err :connection error: desc = "transport: Error while dialing dial tcp 172.20.0.4:26257: connect: connection refused". Reconnecting...
I200313 14:44:53.793628 5145 vendor/github.com/cockroachdb/circuitbreaker/circuitbreaker.go:322  [n1] circuitbreaker: rpc [::]:26257 [n4] tripped: failed to connect to n4 at 287541f04cdc:26257: initial connection heartbeat failed: rpc error: code = Unavailable desc = all SubConns are in TransientFailure, latest connection error: connection error: desc = "transport: Error while dialing dial tcp 172.20.0.2:26257: connect: connection refused"
W200313 14:44:53.794516 5095 vendor/google.golang.org/grpc/clientconn.go:1206  grpc: addrConn.createTransport failed to connect to {f47a1c7300a3:26257 0  <nil>}. Err :connection error: desc = "transport: Error while dialing dial tcp 172.20.0.3:26257: connect: connection refused". Reconnecting...
I200313 14:44:53.795152 5146 vendor/github.com/cockroachdb/circuitbreaker/circuitbreaker.go:322  [n1] circuitbreaker: rpc [::]:26257 [n2] tripped: failed to connect to n2 at 22bf95210875:26257: initial connection heartbeat failed: rpc error: code = Canceled desc = grpc: the client connection is closing
I200313 14:44:53.795303 4732 util/stop/stopper.go:542  [server drain process] quiescing; tasks left:
3      [async] closedts-subscription
1      [async] closedts-rangefeed-subscriber
I200313 14:44:53.795622 5144 vendor/github.com/cockroachdb/circuitbreaker/circuitbreaker.go:447  [n1] circuitbreaker: rpc [::]:26257 [n3] event: BreakerTripped
I200313 14:44:53.796482 5145 vendor/github.com/cockroachdb/circuitbreaker/circuitbreaker.go:447  [n1] circuitbreaker: rpc [::]:26257 [n4] event: BreakerTripped
I200313 14:44:53.798076 5146 vendor/github.com/cockroachdb/circuitbreaker/circuitbreaker.go:447  [n1] circuitbreaker: rpc [::]:26257 [n2] event: BreakerTripped
I200313 14:44:53.799713 5144 rpc/nodedialer/nodedialer.go:160  [ct-client] unable to connect to n3: failed to connect to n3 at f47a1c7300a3:26257: initial connection heartbeat failed: rpc error: code = Canceled desc = grpc: the client connection is closing
I200313 14:44:53.801345 5145 rpc/nodedialer/nodedialer.go:160  [ct-client] unable to connect to n4: failed to connect to n4 at 287541f04cdc:26257: initial connection heartbeat failed: rpc error: code = Unavailable desc = all SubConns are in TransientFailure, latest connection error: connection error: desc = "transport: Error while dialing dial tcp 172.20.0.2:26257: connect: connection refused"
I200313 14:44:53.802623 5146 rpc/nodedialer/nodedialer.go:160  [ct-client] unable to connect to n2: failed to connect to n2 at 22bf95210875:26257: initial connection heartbeat failed: rpc error: code = Canceled desc = grpc: the client connection is closing
I200313 14:44:53.805357 4732 storage/engine/rocksdb.go:762  closing rocksdb instance at "/cockroach/cockroach-data/cockroach-temp768673444"
I200313 14:44:53.855418 4732 storage/engine/rocksdb.go:762  closing rocksdb instance at "/cockroach/cockroach-data"
I200313 14:44:53.869545 1 cli/start.go:976  server drained and shutdown completed
