I200313 14:05:56.123021 38 util/log/clog.go:1196  [config] file created at: 2020/03/13 14:05:56
I200313 14:05:56.123021 38 util/log/clog.go:1196  [config] running on machine: 9497d994ceec
I200313 14:05:56.123021 38 util/log/clog.go:1196  [config] binary: CockroachDB CCL v19.2.4 (x86_64-unknown-linux-gnu, built 2020/02/06 21:55:19, go1.12.12)
I200313 14:05:56.123021 38 util/log/clog.go:1196  [config] arguments: [/cockroach/cockroach start --insecure]
I200313 14:05:56.123021 38 util/log/clog.go:1196  line format: [IWEF]yymmdd hh:mm:ss.uuuuuu goid file:line msg utf8=✓
I200313 14:05:56.122990 38 storage/engine/rocksdb.go:120  RocksDB version: 6.2.1
I200313 14:05:56.131019 38 storage/engine/rocksdb.go:120  Git sha rocksdb_build_git_sha:@b7009236531fa784872f4823eabf393501e41bf2@
I200313 14:05:56.131065 38 storage/engine/rocksdb.go:120  Compile date Feb  6 2020
I200313 14:05:56.131109 38 storage/engine/rocksdb.go:120  DB SUMMARY
I200313 14:05:56.134897 38 storage/engine/rocksdb.go:120  SST files in /cockroach/cockroach-data/cockroach-temp273773348 dir, Total Num: 0, files: 
I200313 14:05:56.143554 38 storage/engine/rocksdb.go:120  Write Ahead Log file in /cockroach/cockroach-data/cockroach-temp273773348: 
I200313 14:05:56.143582 38 storage/engine/rocksdb.go:120                          Options.error_if_exists: 0
I200313 14:05:56.143603 38 storage/engine/rocksdb.go:120                        Options.create_if_missing: 1
I200313 14:05:56.143624 38 storage/engine/rocksdb.go:120                          Options.paranoid_checks: 1
I200313 14:05:56.143645 38 storage/engine/rocksdb.go:120                                      Options.env: 0x756aca0
I200313 14:05:56.143666 38 storage/engine/rocksdb.go:120                                 Options.info_log: 0x7f12f4287fe0
I200313 14:05:56.143687 38 storage/engine/rocksdb.go:120                 Options.max_file_opening_threads: 16
I200313 14:05:56.143707 38 storage/engine/rocksdb.go:120                               Options.statistics: 0x7f12f421d8d0
I200313 14:05:56.143728 38 storage/engine/rocksdb.go:120                                Options.use_fsync: 0
I200313 14:05:56.143749 38 storage/engine/rocksdb.go:120                        Options.max_log_file_size: 0
I200313 14:05:56.143771 38 storage/engine/rocksdb.go:120                   Options.max_manifest_file_size: 134217728
I200313 14:05:56.143792 38 storage/engine/rocksdb.go:120                    Options.log_file_time_to_roll: 0
I200313 14:05:56.143812 38 storage/engine/rocksdb.go:120                        Options.keep_log_file_num: 1000
I200313 14:05:56.143833 38 storage/engine/rocksdb.go:120                     Options.recycle_log_file_num: 1
I200313 14:05:56.143855 38 storage/engine/rocksdb.go:120                          Options.allow_fallocate: 1
I200313 14:05:56.143876 38 storage/engine/rocksdb.go:120                         Options.allow_mmap_reads: 0
I200313 14:05:56.143898 38 storage/engine/rocksdb.go:120                        Options.allow_mmap_writes: 0
I200313 14:05:56.143919 38 storage/engine/rocksdb.go:120                         Options.use_direct_reads: 0
I200313 14:05:56.143941 38 storage/engine/rocksdb.go:120                         Options.use_direct_io_for_flush_and_compaction: 0
I200313 14:05:56.143962 38 storage/engine/rocksdb.go:120           Options.create_missing_column_families: 0
I200313 14:05:56.143982 38 storage/engine/rocksdb.go:120                               Options.db_log_dir: 
I200313 14:05:56.144004 38 storage/engine/rocksdb.go:120                                  Options.wal_dir: /cockroach/cockroach-data/cockroach-temp273773348
I200313 14:05:56.144024 38 storage/engine/rocksdb.go:120                 Options.table_cache_numshardbits: 6
I200313 14:05:56.144045 38 storage/engine/rocksdb.go:120                       Options.max_subcompactions: 1
I200313 14:05:56.144066 38 storage/engine/rocksdb.go:120                   Options.max_background_flushes: -1
I200313 14:05:56.144087 38 storage/engine/rocksdb.go:120                          Options.WAL_ttl_seconds: 0
I200313 14:05:56.144107 38 storage/engine/rocksdb.go:120                        Options.WAL_size_limit_MB: 0
I200313 14:05:56.144128 38 storage/engine/rocksdb.go:120              Options.manifest_preallocation_size: 4194304
I200313 14:05:56.144149 38 storage/engine/rocksdb.go:120                      Options.is_fd_close_on_exec: 1
I200313 14:05:56.144170 38 storage/engine/rocksdb.go:120                    Options.advise_random_on_open: 1
I200313 14:05:56.144191 38 storage/engine/rocksdb.go:120                     Options.db_write_buffer_size: 0
I200313 14:05:56.144212 38 storage/engine/rocksdb.go:120                     Options.write_buffer_manager: 0x7f12f4260ce0
I200313 14:05:56.144233 38 storage/engine/rocksdb.go:120          Options.access_hint_on_compaction_start: 1
I200313 14:05:56.144257 38 storage/engine/rocksdb.go:120   Options.new_table_reader_for_compaction_inputs: 0
I200313 14:05:56.144283 38 storage/engine/rocksdb.go:120            Options.random_access_max_buffer_size: 1048576
I200313 14:05:56.144304 38 storage/engine/rocksdb.go:120                       Options.use_adaptive_mutex: 0
I200313 14:05:56.144327 38 storage/engine/rocksdb.go:120                             Options.rate_limiter: (nil)
I200313 14:05:56.144355 38 storage/engine/rocksdb.go:120      Options.sst_file_manager.rate_bytes_per_sec: 0
I200313 14:05:56.144376 38 storage/engine/rocksdb.go:120                        Options.wal_recovery_mode: 0
I200313 14:05:56.144397 38 storage/engine/rocksdb.go:120                   Options.enable_thread_tracking: 0
I200313 14:05:56.144418 38 storage/engine/rocksdb.go:120                   Options.enable_pipelined_write: 0
I200313 14:05:56.144439 38 storage/engine/rocksdb.go:120          Options.allow_concurrent_memtable_write: 1
I200313 14:05:56.144460 38 storage/engine/rocksdb.go:120       Options.enable_write_thread_adaptive_yield: 1
I200313 14:05:56.144482 38 storage/engine/rocksdb.go:120              Options.write_thread_max_yield_usec: 100
I200313 14:05:56.144503 38 storage/engine/rocksdb.go:120             Options.write_thread_slow_yield_usec: 3
I200313 14:05:56.144524 38 storage/engine/rocksdb.go:120                                Options.row_cache: None
I200313 14:05:56.144546 38 storage/engine/rocksdb.go:120                               Options.wal_filter: None
I200313 14:05:56.144566 38 storage/engine/rocksdb.go:120              Options.avoid_flush_during_recovery: 0
I200313 14:05:56.144588 38 storage/engine/rocksdb.go:120              Options.allow_ingest_behind: 0
I200313 14:05:56.144609 38 storage/engine/rocksdb.go:120              Options.preserve_deletes: 0
I200313 14:05:56.144630 38 storage/engine/rocksdb.go:120              Options.two_write_queues: 0
I200313 14:05:56.144651 38 storage/engine/rocksdb.go:120              Options.manual_wal_flush: 1
I200313 14:05:56.144673 38 storage/engine/rocksdb.go:120              Options.atomic_flush: 0
I200313 14:05:56.144693 38 storage/engine/rocksdb.go:120              Options.avoid_unnecessary_blocking_io: 0
I200313 14:05:56.144715 38 storage/engine/rocksdb.go:120              Options.max_background_jobs: 4
I200313 14:05:56.144736 38 storage/engine/rocksdb.go:120              Options.max_background_compactions: -1
I200313 14:05:56.144757 38 storage/engine/rocksdb.go:120              Options.avoid_flush_during_shutdown: 0
I200313 14:05:56.144778 38 storage/engine/rocksdb.go:120            Options.writable_file_max_buffer_size: 1048576
I200313 14:05:56.144798 38 storage/engine/rocksdb.go:120              Options.delayed_write_rate : 16777216
I200313 14:05:56.144882 38 storage/engine/rocksdb.go:120              Options.max_total_wal_size: 0
I200313 14:05:56.144905 38 storage/engine/rocksdb.go:120              Options.delete_obsolete_files_period_micros: 21600000000
I200313 14:05:56.144926 38 storage/engine/rocksdb.go:120                    Options.stats_dump_period_sec: 0
I200313 14:05:56.144948 38 storage/engine/rocksdb.go:120                  Options.stats_persist_period_sec: 600
I200313 14:05:56.144969 38 storage/engine/rocksdb.go:120                  Options.stats_history_buffer_size: 1048576
I200313 14:05:56.144986 38 storage/engine/rocksdb.go:120                           Options.max_open_files: 128
I200313 14:05:56.145007 38 storage/engine/rocksdb.go:120                           Options.bytes_per_sync: 524288
I200313 14:05:56.145027 38 storage/engine/rocksdb.go:120                       Options.wal_bytes_per_sync: 0
I200313 14:05:56.145049 38 storage/engine/rocksdb.go:120                    Options.strict_bytes_per_sync: 1
I200313 14:05:56.145070 38 storage/engine/rocksdb.go:120        Options.compaction_readahead_size: 0
I200313 14:05:56.145091 38 storage/engine/rocksdb.go:120  Compression algorithms supported:
I200313 14:05:56.145113 38 storage/engine/rocksdb.go:120  	kZSTDNotFinalCompression supported: 0
I200313 14:05:56.145134 38 storage/engine/rocksdb.go:120  	kZSTD supported: 0
I200313 14:05:56.145155 38 storage/engine/rocksdb.go:120  	kXpressCompression supported: 0
I200313 14:05:56.145176 38 storage/engine/rocksdb.go:120  	kLZ4HCCompression supported: 0
I200313 14:05:56.145197 38 storage/engine/rocksdb.go:120  	kLZ4Compression supported: 0
I200313 14:05:56.145218 38 storage/engine/rocksdb.go:120  	kBZip2Compression supported: 0
I200313 14:05:56.145239 38 storage/engine/rocksdb.go:120  	kZlibCompression supported: 0
I200313 14:05:56.145260 38 storage/engine/rocksdb.go:120  	kSnappyCompression supported: 1
I200313 14:05:56.145293 38 storage/engine/rocksdb.go:120  Fast CRC32 supported: Supported on x86
I200313 14:05:56.151331 38 storage/engine/rocksdb.go:120  [db/db_impl_open.cc:242] Creating manifest 1 
I200313 14:05:56.169420 38 storage/engine/rocksdb.go:120  [db/version_set.cc:4072] Recovering from manifest file: /cockroach/cockroach-data/cockroach-temp273773348/MANIFEST-000001
I200313 14:05:56.174190 38 storage/engine/rocksdb.go:120  [db/column_family.cc:488] --------------- Options for column family [default]:
I200313 14:05:56.174354 38 storage/engine/rocksdb.go:120                Options.comparator: cockroach_comparator
I200313 14:05:56.174487 38 storage/engine/rocksdb.go:120            Options.merge_operator: cockroach_merge_operator
I200313 14:05:56.174524 38 storage/engine/rocksdb.go:120         Options.compaction_filter: None
I200313 14:05:56.174711 38 storage/engine/rocksdb.go:120         Options.compaction_filter_factory: None
I200313 14:05:56.174748 38 storage/engine/rocksdb.go:120          Options.memtable_factory: SkipListFactory
I200313 14:05:56.174786 38 storage/engine/rocksdb.go:120             Options.table_factory: BlockBasedTable
I200313 14:05:56.174975 38 storage/engine/rocksdb.go:120             table_factory options:   flush_block_policy_factory: FlushBlockBySizePolicyFactory (0x7f12f4224040)
  cache_index_and_filter_blocks: 0
  cache_index_and_filter_blocks_with_high_priority: 0
  pin_l0_filter_and_index_blocks_in_cache: 0
  pin_top_level_index_and_filter: 1
  index_type: 0
  data_block_index_type: 0
  index_shortening: 1
  data_block_hash_table_util_ratio: 0.750000
  hash_index_allow_collision: 1
  checksum: 1
  no_block_cache: 0
  block_cache: 0x7f12f424b210
  block_cache_name: LRUCache
  block_cache_options:
    capacity : 1048576
    num_shard_bits : 4
    strict_capacity_limit : 0
    memory_allocator : None
    high_pri_pool_ratio: 0.000
  block_cache_compressed: (nil)
  persistent_cache: (nil)
  block_size: 32768
  block_size_deviation: 10
  block_restart_interval: 16
  index_block_restart_interval: 1
  metadata_block_size: 4096
  partition_filters: 0
  use_delta_encoding: 1
  filter_policy: rocksdb.BuiltinBloomFilter
  whole_key_filtering: 0
  verify_compression: 0
  read_amp_bytes_per_bit: 0
  format_version: 2
  enable_index_compression: 1
  block_align: 0
I200313 14:05:56.175126 38 storage/engine/rocksdb.go:120         Options.write_buffer_size: 67108864
I200313 14:05:56.175164 38 storage/engine/rocksdb.go:120   Options.max_write_buffer_number: 4
I200313 14:05:56.175311 38 storage/engine/rocksdb.go:120           Options.compression: Snappy
I200313 14:05:56.175345 38 storage/engine/rocksdb.go:120                   Options.bottommost_compression: Disabled
I200313 14:05:56.175494 38 storage/engine/rocksdb.go:120        Options.prefix_extractor: cockroach_prefix_extractor
I200313 14:05:56.175528 38 storage/engine/rocksdb.go:120    Options.memtable_insert_with_hint_prefix_extractor: nullptr
I200313 14:05:56.175675 38 storage/engine/rocksdb.go:120              Options.num_levels: 7
I200313 14:05:56.175709 38 storage/engine/rocksdb.go:120         Options.min_write_buffer_number_to_merge: 1
I200313 14:05:56.175858 38 storage/engine/rocksdb.go:120      Options.max_write_buffer_number_to_maintain: 0
I200313 14:05:56.175892 38 storage/engine/rocksdb.go:120             Options.bottommost_compression_opts.window_bits: -14
I200313 14:05:56.176041 38 storage/engine/rocksdb.go:120                   Options.bottommost_compression_opts.level: 32767
I200313 14:05:56.176075 38 storage/engine/rocksdb.go:120                Options.bottommost_compression_opts.strategy: 0
I200313 14:05:56.176223 38 storage/engine/rocksdb.go:120          Options.bottommost_compression_opts.max_dict_bytes: 0
I200313 14:05:56.176257 38 storage/engine/rocksdb.go:120          Options.bottommost_compression_opts.zstd_max_train_bytes: 0
I200313 14:05:56.176413 38 storage/engine/rocksdb.go:120                   Options.bottommost_compression_opts.enabled: false
I200313 14:05:56.176448 38 storage/engine/rocksdb.go:120             Options.compression_opts.window_bits: -14
I200313 14:05:56.176612 38 storage/engine/rocksdb.go:120                   Options.compression_opts.level: 32767
I200313 14:05:56.176788 38 storage/engine/rocksdb.go:120                Options.compression_opts.strategy: 0
I200313 14:05:56.176823 38 storage/engine/rocksdb.go:120          Options.compression_opts.max_dict_bytes: 0
I200313 14:05:56.176970 38 storage/engine/rocksdb.go:120          Options.compression_opts.zstd_max_train_bytes: 0
I200313 14:05:56.177005 38 storage/engine/rocksdb.go:120                   Options.compression_opts.enabled: false
I200313 14:05:56.177153 38 storage/engine/rocksdb.go:120       Options.level0_file_num_compaction_trigger: 2
I200313 14:05:56.177188 38 storage/engine/rocksdb.go:120           Options.level0_slowdown_writes_trigger: 950
I200313 14:05:56.177335 38 storage/engine/rocksdb.go:120               Options.level0_stop_writes_trigger: 1000
I200313 14:05:56.177370 38 storage/engine/rocksdb.go:120                    Options.target_file_size_base: 4194304
I200313 14:05:56.177531 38 storage/engine/rocksdb.go:120              Options.target_file_size_multiplier: 2
I200313 14:05:56.177568 38 storage/engine/rocksdb.go:120                 Options.max_bytes_for_level_base: 67108864
I200313 14:05:56.177719 38 storage/engine/rocksdb.go:120  Options.level_compaction_dynamic_level_bytes: 1
I200313 14:05:56.177757 38 storage/engine/rocksdb.go:120           Options.max_bytes_for_level_multiplier: 10.000000
I200313 14:05:56.177913 38 storage/engine/rocksdb.go:120  Options.max_bytes_for_level_multiplier_addtl[0]: 1
I200313 14:05:56.177954 38 storage/engine/rocksdb.go:120  Options.max_bytes_for_level_multiplier_addtl[1]: 1
I200313 14:05:56.178100 38 storage/engine/rocksdb.go:120  Options.max_bytes_for_level_multiplier_addtl[2]: 1
I200313 14:05:56.178134 38 storage/engine/rocksdb.go:120  Options.max_bytes_for_level_multiplier_addtl[3]: 1
I200313 14:05:56.178282 38 storage/engine/rocksdb.go:120  Options.max_bytes_for_level_multiplier_addtl[4]: 1
I200313 14:05:56.178317 38 storage/engine/rocksdb.go:120  Options.max_bytes_for_level_multiplier_addtl[5]: 1
I200313 14:05:56.178554 38 storage/engine/rocksdb.go:120  Options.max_bytes_for_level_multiplier_addtl[6]: 1
I200313 14:05:56.178590 38 storage/engine/rocksdb.go:120        Options.max_sequential_skip_in_iterations: 8
I200313 14:05:56.178624 38 storage/engine/rocksdb.go:120                     Options.max_compaction_bytes: 104857600
I200313 14:05:56.178776 38 storage/engine/rocksdb.go:120                         Options.arena_block_size: 8388608
I200313 14:05:56.178810 38 storage/engine/rocksdb.go:120    Options.soft_pending_compaction_bytes_limit: 2199023255552
I200313 14:05:56.178853 38 storage/engine/rocksdb.go:120    Options.hard_pending_compaction_bytes_limit: 4400193994752
I200313 14:05:56.179001 38 storage/engine/rocksdb.go:120        Options.rate_limit_delay_max_milliseconds: 100
I200313 14:05:56.179036 38 storage/engine/rocksdb.go:120                 Options.disable_auto_compactions: 0
I200313 14:05:56.179200 38 storage/engine/rocksdb.go:120                         Options.compaction_style: kCompactionStyleLevel
I200313 14:05:56.179359 38 storage/engine/rocksdb.go:120                           Options.compaction_pri: kMinOverlappingRatio
I200313 14:05:56.179395 38 storage/engine/rocksdb.go:120  Options.compaction_options_universal.size_ratio: 1
I200313 14:05:56.179544 38 storage/engine/rocksdb.go:120  Options.compaction_options_universal.min_merge_width: 2
I200313 14:05:56.179579 38 storage/engine/rocksdb.go:120  Options.compaction_options_universal.max_merge_width: 4294967295
I200313 14:05:56.179770 38 storage/engine/rocksdb.go:120  Options.compaction_options_universal.max_size_amplification_percent: 200
I200313 14:05:56.179876 38 storage/engine/rocksdb.go:120  Options.compaction_options_universal.compression_size_percent: -1
I200313 14:05:56.179972 38 storage/engine/rocksdb.go:120  Options.compaction_options_universal.stop_style: kCompactionStopStyleTotalSize
I200313 14:05:56.180125 38 storage/engine/rocksdb.go:120  Options.compaction_options_fifo.max_table_files_size: 1073741824
I200313 14:05:56.180160 38 storage/engine/rocksdb.go:120  Options.compaction_options_fifo.allow_compaction: 0
I200313 14:05:56.180359 38 storage/engine/rocksdb.go:120                    Options.table_properties_collectors: TimeBoundTblPropCollectorFactory; DeleteRangeTblPropCollectorFactory; 
I200313 14:05:56.180393 38 storage/engine/rocksdb.go:120                    Options.inplace_update_support: 0
I200313 14:05:56.180429 38 storage/engine/rocksdb.go:120                  Options.inplace_update_num_locks: 10000
I200313 14:05:56.180567 38 storage/engine/rocksdb.go:120                Options.memtable_prefix_bloom_size_ratio: 0.000000
I200313 14:05:56.180596 38 storage/engine/rocksdb.go:120                Options.memtable_whole_key_filtering: 0
I200313 14:05:56.180625 38 storage/engine/rocksdb.go:120    Options.memtable_huge_page_size: 0
I200313 14:05:56.180652 38 storage/engine/rocksdb.go:120                            Options.bloom_locality: 0
I200313 14:05:56.180680 38 storage/engine/rocksdb.go:120                     Options.max_successive_merges: 0
I200313 14:05:56.180808 38 storage/engine/rocksdb.go:120                 Options.optimize_filters_for_hits: 1
I200313 14:05:56.180837 38 storage/engine/rocksdb.go:120                 Options.paranoid_file_checks: 0
I200313 14:05:56.180865 38 storage/engine/rocksdb.go:120                 Options.force_consistency_checks: 0
I200313 14:05:56.180892 38 storage/engine/rocksdb.go:120                 Options.report_bg_io_stats: 0
I200313 14:05:56.180920 38 storage/engine/rocksdb.go:120                                Options.ttl: 0
I200313 14:05:56.180948 38 storage/engine/rocksdb.go:120           Options.periodic_compaction_seconds: 0
I200313 14:05:56.185688 38 storage/engine/rocksdb.go:120  [db/version_set.cc:4286] Recovered from manifest file:/cockroach/cockroach-data/cockroach-temp273773348/MANIFEST-000001 succeeded,manifest_file_number is 1, next_file_number is 3, last_sequence is 0, log_number is 0,prev_log_number is 0,max_column_family is 0,min_log_number_to_keep is 0
I200313 14:05:56.185719 38 storage/engine/rocksdb.go:120  [db/version_set.cc:4295] Column family [default] (ID 0), log number is 0
I200313 14:05:56.197612 38 storage/engine/rocksdb.go:120  DB pointer 0x7f12f437c000
I200313 14:05:56.218180 38 storage/engine/rocksdb.go:120  RocksDB version: 6.2.1
I200313 14:05:56.218204 38 storage/engine/rocksdb.go:120  Git sha rocksdb_build_git_sha:@b7009236531fa784872f4823eabf393501e41bf2@
I200313 14:05:56.218222 38 storage/engine/rocksdb.go:120  Compile date Feb  6 2020
I200313 14:05:56.218241 38 storage/engine/rocksdb.go:120  DB SUMMARY
I200313 14:05:56.221155 38 storage/engine/rocksdb.go:120  CURRENT file:  CURRENT
I200313 14:05:56.221179 38 storage/engine/rocksdb.go:120  IDENTITY file:  IDENTITY
I200313 14:05:56.221634 38 storage/engine/rocksdb.go:120  MANIFEST file:  MANIFEST-000008 size: 106 Bytes
I200313 14:05:56.221657 38 storage/engine/rocksdb.go:120  SST files in /cockroach/cockroach-data dir, Total Num: 1, files: 000007.sst 
I200313 14:05:56.221677 38 storage/engine/rocksdb.go:120  Write Ahead Log file in /cockroach/cockroach-data: 000003.log size: 59822538 ; 000006.log size: 1558549 ; 
I200313 14:05:56.221698 38 storage/engine/rocksdb.go:120                          Options.error_if_exists: 0
I200313 14:05:56.221716 38 storage/engine/rocksdb.go:120                        Options.create_if_missing: 1
I200313 14:05:56.221735 38 storage/engine/rocksdb.go:120                          Options.paranoid_checks: 1
I200313 14:05:56.221753 38 storage/engine/rocksdb.go:120                                      Options.env: 0x756aca0
I200313 14:05:56.221772 38 storage/engine/rocksdb.go:120                                 Options.info_log: 0x7f12f040d0a0
I200313 14:05:56.221790 38 storage/engine/rocksdb.go:120                 Options.max_file_opening_threads: 16
I200313 14:05:56.221809 38 storage/engine/rocksdb.go:120                               Options.statistics: 0x7f12f0424010
I200313 14:05:56.221827 38 storage/engine/rocksdb.go:120                                Options.use_fsync: 0
I200313 14:05:56.221846 38 storage/engine/rocksdb.go:120                        Options.max_log_file_size: 0
I200313 14:05:56.221864 38 storage/engine/rocksdb.go:120                   Options.max_manifest_file_size: 134217728
I200313 14:05:56.221883 38 storage/engine/rocksdb.go:120                    Options.log_file_time_to_roll: 0
I200313 14:05:56.221901 38 storage/engine/rocksdb.go:120                        Options.keep_log_file_num: 1000
I200313 14:05:56.221921 38 storage/engine/rocksdb.go:120                     Options.recycle_log_file_num: 1
I200313 14:05:56.221940 38 storage/engine/rocksdb.go:120                          Options.allow_fallocate: 1
I200313 14:05:56.221958 38 storage/engine/rocksdb.go:120                         Options.allow_mmap_reads: 0
I200313 14:05:56.221977 38 storage/engine/rocksdb.go:120                        Options.allow_mmap_writes: 0
I200313 14:05:56.221996 38 storage/engine/rocksdb.go:120                         Options.use_direct_reads: 0
I200313 14:05:56.222014 38 storage/engine/rocksdb.go:120                         Options.use_direct_io_for_flush_and_compaction: 0
I200313 14:05:56.222033 38 storage/engine/rocksdb.go:120           Options.create_missing_column_families: 0
I200313 14:05:56.222051 38 storage/engine/rocksdb.go:120                               Options.db_log_dir: 
I200313 14:05:56.222070 38 storage/engine/rocksdb.go:120                                  Options.wal_dir: /cockroach/cockroach-data
I200313 14:05:56.222088 38 storage/engine/rocksdb.go:120                 Options.table_cache_numshardbits: 6
I200313 14:05:56.222106 38 storage/engine/rocksdb.go:120                       Options.max_subcompactions: 1
I200313 14:05:56.222125 38 storage/engine/rocksdb.go:120                   Options.max_background_flushes: -1
I200313 14:05:56.222144 38 storage/engine/rocksdb.go:120                          Options.WAL_ttl_seconds: 0
I200313 14:05:56.222162 38 storage/engine/rocksdb.go:120                        Options.WAL_size_limit_MB: 0
I200313 14:05:56.222181 38 storage/engine/rocksdb.go:120              Options.manifest_preallocation_size: 4194304
I200313 14:05:56.222199 38 storage/engine/rocksdb.go:120                      Options.is_fd_close_on_exec: 1
I200313 14:05:56.222218 38 storage/engine/rocksdb.go:120                    Options.advise_random_on_open: 1
I200313 14:05:56.222237 38 storage/engine/rocksdb.go:120                     Options.db_write_buffer_size: 0
I200313 14:05:56.222255 38 storage/engine/rocksdb.go:120                     Options.write_buffer_manager: 0x7f12f048c030
I200313 14:05:56.222274 38 storage/engine/rocksdb.go:120          Options.access_hint_on_compaction_start: 1
I200313 14:05:56.222292 38 storage/engine/rocksdb.go:120   Options.new_table_reader_for_compaction_inputs: 0
I200313 14:05:56.222311 38 storage/engine/rocksdb.go:120            Options.random_access_max_buffer_size: 1048576
I200313 14:05:56.222329 38 storage/engine/rocksdb.go:120                       Options.use_adaptive_mutex: 0
I200313 14:05:56.222348 38 storage/engine/rocksdb.go:120                             Options.rate_limiter: (nil)
I200313 14:05:56.222367 38 storage/engine/rocksdb.go:120      Options.sst_file_manager.rate_bytes_per_sec: 0
I200313 14:05:56.222386 38 storage/engine/rocksdb.go:120                        Options.wal_recovery_mode: 0
I200313 14:05:56.222404 38 storage/engine/rocksdb.go:120                   Options.enable_thread_tracking: 0
I200313 14:05:56.222422 38 storage/engine/rocksdb.go:120                   Options.enable_pipelined_write: 0
I200313 14:05:56.222441 38 storage/engine/rocksdb.go:120          Options.allow_concurrent_memtable_write: 1
I200313 14:05:56.222459 38 storage/engine/rocksdb.go:120       Options.enable_write_thread_adaptive_yield: 1
I200313 14:05:56.222478 38 storage/engine/rocksdb.go:120              Options.write_thread_max_yield_usec: 100
I200313 14:05:56.222496 38 storage/engine/rocksdb.go:120             Options.write_thread_slow_yield_usec: 3
I200313 14:05:56.222514 38 storage/engine/rocksdb.go:120                                Options.row_cache: None
I200313 14:05:56.222533 38 storage/engine/rocksdb.go:120                               Options.wal_filter: None
I200313 14:05:56.222551 38 storage/engine/rocksdb.go:120              Options.avoid_flush_during_recovery: 0
I200313 14:05:56.222570 38 storage/engine/rocksdb.go:120              Options.allow_ingest_behind: 0
I200313 14:05:56.222589 38 storage/engine/rocksdb.go:120              Options.preserve_deletes: 0
I200313 14:05:56.222607 38 storage/engine/rocksdb.go:120              Options.two_write_queues: 0
I200313 14:05:56.222625 38 storage/engine/rocksdb.go:120              Options.manual_wal_flush: 1
I200313 14:05:56.222644 38 storage/engine/rocksdb.go:120              Options.atomic_flush: 0
I200313 14:05:56.222662 38 storage/engine/rocksdb.go:120              Options.avoid_unnecessary_blocking_io: 0
I200313 14:05:56.222681 38 storage/engine/rocksdb.go:120              Options.max_background_jobs: 4
I200313 14:05:56.222699 38 storage/engine/rocksdb.go:120              Options.max_background_compactions: -1
I200313 14:05:56.222718 38 storage/engine/rocksdb.go:120              Options.avoid_flush_during_shutdown: 0
I200313 14:05:56.222737 38 storage/engine/rocksdb.go:120            Options.writable_file_max_buffer_size: 1048576
I200313 14:05:56.222755 38 storage/engine/rocksdb.go:120              Options.delayed_write_rate : 16777216
I200313 14:05:56.222774 38 storage/engine/rocksdb.go:120              Options.max_total_wal_size: 0
I200313 14:05:56.222792 38 storage/engine/rocksdb.go:120              Options.delete_obsolete_files_period_micros: 21600000000
I200313 14:05:56.222811 38 storage/engine/rocksdb.go:120                    Options.stats_dump_period_sec: 0
I200313 14:05:56.222829 38 storage/engine/rocksdb.go:120                  Options.stats_persist_period_sec: 600
I200313 14:05:56.222848 38 storage/engine/rocksdb.go:120                  Options.stats_history_buffer_size: 1048576
I200313 14:05:56.222866 38 storage/engine/rocksdb.go:120                           Options.max_open_files: 1043576
I200313 14:05:56.222885 38 storage/engine/rocksdb.go:120                           Options.bytes_per_sync: 524288
I200313 14:05:56.222904 38 storage/engine/rocksdb.go:120                       Options.wal_bytes_per_sync: 0
I200313 14:05:56.222925 38 storage/engine/rocksdb.go:120                    Options.strict_bytes_per_sync: 1
I200313 14:05:56.222944 38 storage/engine/rocksdb.go:120        Options.compaction_readahead_size: 0
I200313 14:05:56.222962 38 storage/engine/rocksdb.go:120  Compression algorithms supported:
I200313 14:05:56.222981 38 storage/engine/rocksdb.go:120  	kZSTDNotFinalCompression supported: 0
I200313 14:05:56.223000 38 storage/engine/rocksdb.go:120  	kZSTD supported: 0
I200313 14:05:56.223019 38 storage/engine/rocksdb.go:120  	kXpressCompression supported: 0
I200313 14:05:56.223038 38 storage/engine/rocksdb.go:120  	kLZ4HCCompression supported: 0
I200313 14:05:56.223057 38 storage/engine/rocksdb.go:120  	kLZ4Compression supported: 0
I200313 14:05:56.223076 38 storage/engine/rocksdb.go:120  	kBZip2Compression supported: 0
I200313 14:05:56.223094 38 storage/engine/rocksdb.go:120  	kZlibCompression supported: 0
I200313 14:05:56.223113 38 storage/engine/rocksdb.go:120  	kSnappyCompression supported: 1
I200313 14:05:56.223139 38 storage/engine/rocksdb.go:120  Fast CRC32 supported: Supported on x86
I200313 14:05:56.228670 38 storage/engine/rocksdb.go:120  [db/version_set.cc:4072] Recovering from manifest file: /cockroach/cockroach-data/MANIFEST-000008
I200313 14:05:56.229482 38 storage/engine/rocksdb.go:120  [db/column_family.cc:488] --------------- Options for column family [default]:
I200313 14:05:56.229505 38 storage/engine/rocksdb.go:120                Options.comparator: cockroach_comparator
I200313 14:05:56.229524 38 storage/engine/rocksdb.go:120            Options.merge_operator: cockroach_merge_operator
I200313 14:05:56.229543 38 storage/engine/rocksdb.go:120         Options.compaction_filter: None
I200313 14:05:56.229562 38 storage/engine/rocksdb.go:120         Options.compaction_filter_factory: None
I200313 14:05:56.229581 38 storage/engine/rocksdb.go:120          Options.memtable_factory: SkipListFactory
I200313 14:05:56.229599 38 storage/engine/rocksdb.go:120             Options.table_factory: BlockBasedTable
I200313 14:05:56.229644 38 storage/engine/rocksdb.go:120             table_factory options:   flush_block_policy_factory: FlushBlockBySizePolicyFactory (0x7f12f0422028)
  cache_index_and_filter_blocks: 0
  cache_index_and_filter_blocks_with_high_priority: 0
  pin_l0_filter_and_index_blocks_in_cache: 0
  pin_top_level_index_and_filter: 1
  index_type: 0
  data_block_index_type: 0
  index_shortening: 1
  data_block_hash_table_util_ratio: 0.750000
  hash_index_allow_collision: 1
  checksum: 1
  no_block_cache: 0
  block_cache: 0x7f12f0414010
  block_cache_name: LRUCache
  block_cache_options:
    capacity : 67108864
    num_shard_bits : 4
    strict_capacity_limit : 0
    memory_allocator : None
    high_pri_pool_ratio: 0.000
  block_cache_compressed: (nil)
  persistent_cache: (nil)
  block_size: 32768
  block_size_deviation: 10
  block_restart_interval: 16
  index_block_restart_interval: 1
  metadata_block_size: 4096
  partition_filters: 0
  use_delta_encoding: 1
  filter_policy: rocksdb.BuiltinBloomFilter
  whole_key_filtering: 0
  verify_compression: 0
  read_amp_bytes_per_bit: 0
  format_version: 2
  enable_index_compression: 1
  block_align: 0
I200313 14:05:56.229667 38 storage/engine/rocksdb.go:120         Options.write_buffer_size: 67108864
I200313 14:05:56.229688 38 storage/engine/rocksdb.go:120   Options.max_write_buffer_number: 4
I200313 14:05:56.229707 38 storage/engine/rocksdb.go:120           Options.compression: Snappy
I200313 14:05:56.229725 38 storage/engine/rocksdb.go:120                   Options.bottommost_compression: Disabled
I200313 14:05:56.229744 38 storage/engine/rocksdb.go:120        Options.prefix_extractor: cockroach_prefix_extractor
I200313 14:05:56.229762 38 storage/engine/rocksdb.go:120    Options.memtable_insert_with_hint_prefix_extractor: nullptr
I200313 14:05:56.229781 38 storage/engine/rocksdb.go:120              Options.num_levels: 7
I200313 14:05:56.229800 38 storage/engine/rocksdb.go:120         Options.min_write_buffer_number_to_merge: 1
I200313 14:05:56.229818 38 storage/engine/rocksdb.go:120      Options.max_write_buffer_number_to_maintain: 0
I200313 14:05:56.229837 38 storage/engine/rocksdb.go:120             Options.bottommost_compression_opts.window_bits: -14
I200313 14:05:56.229855 38 storage/engine/rocksdb.go:120                   Options.bottommost_compression_opts.level: 32767
I200313 14:05:56.229874 38 storage/engine/rocksdb.go:120                Options.bottommost_compression_opts.strategy: 0
I200313 14:05:56.229892 38 storage/engine/rocksdb.go:120          Options.bottommost_compression_opts.max_dict_bytes: 0
I200313 14:05:56.229911 38 storage/engine/rocksdb.go:120          Options.bottommost_compression_opts.zstd_max_train_bytes: 0
I200313 14:05:56.229929 38 storage/engine/rocksdb.go:120                   Options.bottommost_compression_opts.enabled: false
I200313 14:05:56.229948 38 storage/engine/rocksdb.go:120             Options.compression_opts.window_bits: -14
I200313 14:05:56.229966 38 storage/engine/rocksdb.go:120                   Options.compression_opts.level: 32767
I200313 14:05:56.229985 38 storage/engine/rocksdb.go:120                Options.compression_opts.strategy: 0
I200313 14:05:56.230003 38 storage/engine/rocksdb.go:120          Options.compression_opts.max_dict_bytes: 0
I200313 14:05:56.230022 38 storage/engine/rocksdb.go:120          Options.compression_opts.zstd_max_train_bytes: 0
I200313 14:05:56.230040 38 storage/engine/rocksdb.go:120                   Options.compression_opts.enabled: false
I200313 14:05:56.230058 38 storage/engine/rocksdb.go:120       Options.level0_file_num_compaction_trigger: 2
I200313 14:05:56.230077 38 storage/engine/rocksdb.go:120           Options.level0_slowdown_writes_trigger: 950
I200313 14:05:56.230096 38 storage/engine/rocksdb.go:120               Options.level0_stop_writes_trigger: 1000
I200313 14:05:56.230114 38 storage/engine/rocksdb.go:120                    Options.target_file_size_base: 4194304
I200313 14:05:56.230133 38 storage/engine/rocksdb.go:120              Options.target_file_size_multiplier: 2
I200313 14:05:56.230152 38 storage/engine/rocksdb.go:120                 Options.max_bytes_for_level_base: 67108864
I200313 14:05:56.230170 38 storage/engine/rocksdb.go:120  Options.level_compaction_dynamic_level_bytes: 1
I200313 14:05:56.230190 38 storage/engine/rocksdb.go:120           Options.max_bytes_for_level_multiplier: 10.000000
I200313 14:05:56.230209 38 storage/engine/rocksdb.go:120  Options.max_bytes_for_level_multiplier_addtl[0]: 1
I200313 14:05:56.230233 38 storage/engine/rocksdb.go:120  Options.max_bytes_for_level_multiplier_addtl[1]: 1
I200313 14:05:56.230252 38 storage/engine/rocksdb.go:120  Options.max_bytes_for_level_multiplier_addtl[2]: 1
I200313 14:05:56.230271 38 storage/engine/rocksdb.go:120  Options.max_bytes_for_level_multiplier_addtl[3]: 1
I200313 14:05:56.230296 38 storage/engine/rocksdb.go:120  Options.max_bytes_for_level_multiplier_addtl[4]: 1
I200313 14:05:56.230316 38 storage/engine/rocksdb.go:120  Options.max_bytes_for_level_multiplier_addtl[5]: 1
I200313 14:05:56.230338 38 storage/engine/rocksdb.go:120  Options.max_bytes_for_level_multiplier_addtl[6]: 1
I200313 14:05:56.230356 38 storage/engine/rocksdb.go:120        Options.max_sequential_skip_in_iterations: 8
I200313 14:05:56.230377 38 storage/engine/rocksdb.go:120                     Options.max_compaction_bytes: 104857600
I200313 14:05:56.230396 38 storage/engine/rocksdb.go:120                         Options.arena_block_size: 8388608
I200313 14:05:56.230414 38 storage/engine/rocksdb.go:120    Options.soft_pending_compaction_bytes_limit: 2199023255552
I200313 14:05:56.230433 38 storage/engine/rocksdb.go:120    Options.hard_pending_compaction_bytes_limit: 4400193994752
I200313 14:05:56.230452 38 storage/engine/rocksdb.go:120        Options.rate_limit_delay_max_milliseconds: 100
I200313 14:05:56.230470 38 storage/engine/rocksdb.go:120                 Options.disable_auto_compactions: 0
I200313 14:05:56.230490 38 storage/engine/rocksdb.go:120                         Options.compaction_style: kCompactionStyleLevel
I200313 14:05:56.230509 38 storage/engine/rocksdb.go:120                           Options.compaction_pri: kMinOverlappingRatio
I200313 14:05:56.230528 38 storage/engine/rocksdb.go:120  Options.compaction_options_universal.size_ratio: 1
I200313 14:05:56.230547 38 storage/engine/rocksdb.go:120  Options.compaction_options_universal.min_merge_width: 2
I200313 14:05:56.230565 38 storage/engine/rocksdb.go:120  Options.compaction_options_universal.max_merge_width: 4294967295
I200313 14:05:56.230584 38 storage/engine/rocksdb.go:120  Options.compaction_options_universal.max_size_amplification_percent: 200
I200313 14:05:56.230603 38 storage/engine/rocksdb.go:120  Options.compaction_options_universal.compression_size_percent: -1
I200313 14:05:56.230622 38 storage/engine/rocksdb.go:120  Options.compaction_options_universal.stop_style: kCompactionStopStyleTotalSize
I200313 14:05:56.230641 38 storage/engine/rocksdb.go:120  Options.compaction_options_fifo.max_table_files_size: 1073741824
I200313 14:05:56.230659 38 storage/engine/rocksdb.go:120  Options.compaction_options_fifo.allow_compaction: 0
I200313 14:05:56.230680 38 storage/engine/rocksdb.go:120                    Options.table_properties_collectors: TimeBoundTblPropCollectorFactory; DeleteRangeTblPropCollectorFactory; 
I200313 14:05:56.230700 38 storage/engine/rocksdb.go:120                    Options.inplace_update_support: 0
I200313 14:05:56.230718 38 storage/engine/rocksdb.go:120                  Options.inplace_update_num_locks: 10000
I200313 14:05:56.230737 38 storage/engine/rocksdb.go:120                Options.memtable_prefix_bloom_size_ratio: 0.000000
I200313 14:05:56.230757 38 storage/engine/rocksdb.go:120                Options.memtable_whole_key_filtering: 0
I200313 14:05:56.230775 38 storage/engine/rocksdb.go:120    Options.memtable_huge_page_size: 0
I200313 14:05:56.230794 38 storage/engine/rocksdb.go:120                            Options.bloom_locality: 0
I200313 14:05:56.230813 38 storage/engine/rocksdb.go:120                     Options.max_successive_merges: 0
I200313 14:05:56.230831 38 storage/engine/rocksdb.go:120                 Options.optimize_filters_for_hits: 1
I200313 14:05:56.230849 38 storage/engine/rocksdb.go:120                 Options.paranoid_file_checks: 0
I200313 14:05:56.230868 38 storage/engine/rocksdb.go:120                 Options.force_consistency_checks: 0
I200313 14:05:56.230887 38 storage/engine/rocksdb.go:120                 Options.report_bg_io_stats: 0
I200313 14:05:56.230905 38 storage/engine/rocksdb.go:120                                Options.ttl: 0
I200313 14:05:56.230924 38 storage/engine/rocksdb.go:120           Options.periodic_compaction_seconds: 0
I200313 14:05:56.236311 38 storage/engine/rocksdb.go:120  [db/version_set.cc:4286] Recovered from manifest file:/cockroach/cockroach-data/MANIFEST-000008 succeeded,manifest_file_number is 8, next_file_number is 10, last_sequence is 210879, log_number is 6,prev_log_number is 0,max_column_family is 0,min_log_number_to_keep is 0
I200313 14:05:56.236337 38 storage/engine/rocksdb.go:120  [db/version_set.cc:4295] Column family [default] (ID 0), log number is 6
I200313 14:05:56.238748 38 storage/engine/rocksdb.go:120  EVENT_LOG_v1 {"time_micros": 1584108356238715, "job": 1, "event": "recovery_started", "log_files": [3, 6]}
I200313 14:05:56.238779 38 storage/engine/rocksdb.go:120  [db/db_impl_open.cc:586] Skipping log #3 since it is older than min log to keep #6
I200313 14:05:56.238801 38 storage/engine/rocksdb.go:120  [db/db_impl_open.cc:598] Recovering log #6 mode 0
I200313 14:05:56.262507 38 storage/engine/rocksdb.go:120  EVENT_LOG_v1 {"time_micros": 1584108356262386, "cf_name": "default", "job": 1, "event": "table_file_creation", "file_number": 10, "file_size": 59668, "table_properties": {"data_size": 56541, "index_size": 398, "index_partitions": 0, "top_level_index_size": 0, "index_key_is_user_key": 0, "index_value_is_delta_encoded": 0, "filter_size": 1861, "raw_key_size": 77872, "raw_average_key_size": 53, "raw_value_size": 215853, "raw_average_value_size": 148, "num_data_blocks": 7, "num_entries": 1450, "num_deletions": 41, "num_merge_operands": 1328, "num_range_deletions": 1328, "format_version": 0, "fixed_key_len": 0, "filter_policy": "rocksdb.BuiltinBloomFilter", "column_family_name": "default", "column_family_id": 0, "comparator": "cockroach_comparator", "merge_operator": "cockroach_merge_operator", "prefix_extractor_name": "cockroach_prefix_extractor", "property_collectors": "[TimeBoundTblPropCollectorFactory,DeleteRangeTblPropCollectorFactory]", "compression": "Snappy", "compression_options": "window_bits=-14; level=32767; strategy=0; max_dict_bytes=0; zstd_max_train_bytes=0; enabled=0; ", "creation_time": 1584108356, "oldest_key_time": 3, "file_creation_time": 0}}
I200313 14:05:56.263176 38 storage/engine/rocksdb.go:120  [db/version_set.cc:3560] Creating manifest 11
I200313 14:05:56.268678 38 storage/engine/rocksdb.go:120  EVENT_LOG_v1 {"time_micros": 1584108356268582, "job": 1, "event": "recovery_finished"}
I200313 14:05:56.305817 17 storage/engine/rocksdb.go:120  [db/compaction_job.cc:1647] [default] [JOB 3] Compacting 2@0 files to L6, score 1.00
I200313 14:05:56.305856 17 storage/engine/rocksdb.go:120  [db/compaction_job.cc:1651] [default] Compaction start summary: Base version 2 Base level 0, inputs: [10(58KB) 7(350KB)]
I200313 14:05:56.305922 17 storage/engine/rocksdb.go:120  EVENT_LOG_v1 {"time_micros": 1584108356305888, "job": 3, "event": "compaction_started", "compaction_reason": "LevelL0FilesNum", "files_L0": [10, 7], "score": 1, "input_data_size": 418408}
I200313 14:05:56.309264 38 storage/engine/rocksdb.go:120  DB pointer 0x7f12f0499000
I200313 14:05:56.361129 17 storage/engine/rocksdb.go:120  [db/compaction_job.cc:1334] [default] [JOB 3] Generated table #15: 2864 keys, 299360 bytes
I200313 14:05:56.361293 17 storage/engine/rocksdb.go:120  EVENT_LOG_v1 {"time_micros": 1584108356361169, "cf_name": "default", "job": 3, "event": "table_file_creation", "file_number": 15, "file_size": 299360, "table_properties": {"data_size": 296326, "index_size": 4423, "index_partitions": 0, "top_level_index_size": 0, "index_key_is_user_key": 0, "index_value_is_delta_encoded": 0, "filter_size": 0, "raw_key_size": 118550, "raw_average_key_size": 41, "raw_value_size": 2118837, "raw_average_value_size": 739, "num_data_blocks": 67, "num_entries": 2864, "num_deletions": 0, "num_merge_operands": 0, "num_range_deletions": 0, "format_version": 0, "fixed_key_len": 0, "filter_policy": "rocksdb.BuiltinBloomFilter", "column_family_name": "default", "column_family_id": 0, "comparator": "cockroach_comparator", "merge_operator": "cockroach_merge_operator", "prefix_extractor_name": "cockroach_prefix_extractor", "property_collectors": "[TimeBoundTblPropCollectorFactory,DeleteRangeTblPropCollectorFactory]", "compression": "Snappy", "compression_options": "window_bits=-14; level=32767; strategy=0; max_dict_bytes=0; zstd_max_train_bytes=0; enabled=0; ", "creation_time": 1584108356, "oldest_key_time": 0, "file_creation_time": 1584108356}}
I200313 14:05:56.364402 17 storage/engine/rocksdb.go:120  [db/compaction_job.cc:1397] [default] [JOB 3] Compacted 2@0 files to L6 => 299360 bytes
I200313 14:05:56.364506 17 storage/engine/rocksdb.go:120  [db/version_set.cc:3086] More existing levels in DB than needed. max_bytes_for_level_multiplier may not be guaranteed.
I200313 14:05:56.365399 17 storage/engine/rocksdb.go:120  (Original Log Time 2020/03/13-14:05:56.364973) [db/compaction_job.cc:770] [default] compacted to: base level 6 level multiplier 10.00 max bytes base 67108864 files[0 0 0 0 0 0 1] max score 0.00, MB/sec: 7.4 rd, 5.3 wr, level 6, files in(2, 0) out(1) MB in(0.4, 0.0) out(0.3), read-write-amplify(1.7) write-amplify(0.7) OK, records in: 8171, records dropped: 3979 output_compression: Snappy
I200313 14:05:56.365437 17 storage/engine/rocksdb.go:120  (Original Log Time 2020/03/13-14:05:56.365012) EVENT_LOG_v1 {"time_micros": 1584108356364993, "job": 3, "event": "compaction_finished", "compaction_time_micros": 56573, "compaction_time_cpu_micros": 49002, "output_level": 6, "num_output_files": 1, "total_output_size": 299360, "num_input_records": 6843, "num_output_records": 2864, "num_subcompactions": 1, "output_compression": "Snappy", "num_single_delete_mismatches": 0, "num_single_delete_fallthrough": 0, "lsm_state": [0, 0, 0, 0, 0, 0, 1]}
I200313 14:05:56.366886 17 storage/engine/rocksdb.go:120  EVENT_LOG_v1 {"time_micros": 1584108356366860, "job": 3, "event": "table_file_deletion", "file_number": 10}
I200313 14:05:56.368335 17 storage/engine/rocksdb.go:120  EVENT_LOG_v1 {"time_micros": 1584108356368305, "job": 3, "event": "table_file_deletion", "file_number": 7}
