I200313 14:45:06.783012 14 util/log/clog.go:1196  [config] file created at: 2020/03/13 14:45:06
I200313 14:45:06.783012 14 util/log/clog.go:1196  [config] running on machine: 6f5a45d6756d
I200313 14:45:06.783012 14 util/log/clog.go:1196  [config] binary: CockroachDB CCL v19.2.4 (x86_64-unknown-linux-gnu, built 2020/02/06 21:55:19, go1.12.12)
I200313 14:45:06.783012 14 util/log/clog.go:1196  [config] arguments: [/cockroach/cockroach start --insecure --join=node_1]
I200313 14:45:06.783012 14 util/log/clog.go:1196  line format: [IWEF]yymmdd hh:mm:ss.uuuuuu goid file:line msg utf8=✓
I200313 14:45:06.782976 14 storage/engine/rocksdb.go:120  RocksDB version: 6.2.1
I200313 14:45:06.803233 14 storage/engine/rocksdb.go:120  Git sha rocksdb_build_git_sha:@b7009236531fa784872f4823eabf393501e41bf2@
I200313 14:45:06.803261 14 storage/engine/rocksdb.go:120  Compile date Feb  6 2020
I200313 14:45:06.803287 14 storage/engine/rocksdb.go:120  DB SUMMARY
I200313 14:45:06.806756 14 storage/engine/rocksdb.go:120  SST files in /cockroach/cockroach-data/cockroach-temp251595636 dir, Total Num: 0, files: 
I200313 14:45:06.854722 14 storage/engine/rocksdb.go:120  Write Ahead Log file in /cockroach/cockroach-data/cockroach-temp251595636: 
I200313 14:45:06.854744 14 storage/engine/rocksdb.go:120                          Options.error_if_exists: 0
I200313 14:45:06.854761 14 storage/engine/rocksdb.go:120                        Options.create_if_missing: 1
I200313 14:45:06.854811 14 storage/engine/rocksdb.go:120                          Options.paranoid_checks: 1
I200313 14:45:06.854832 14 storage/engine/rocksdb.go:120                                      Options.env: 0x756aca0
I200313 14:45:06.854850 14 storage/engine/rocksdb.go:120                                 Options.info_log: 0x7fb688c0d160
I200313 14:45:06.854866 14 storage/engine/rocksdb.go:120                 Options.max_file_opening_threads: 16
I200313 14:45:06.854882 14 storage/engine/rocksdb.go:120                               Options.statistics: 0x7fb688c29010
I200313 14:45:06.854895 14 storage/engine/rocksdb.go:120                                Options.use_fsync: 0
I200313 14:45:06.854909 14 storage/engine/rocksdb.go:120                        Options.max_log_file_size: 0
I200313 14:45:06.854928 14 storage/engine/rocksdb.go:120                   Options.max_manifest_file_size: 134217728
I200313 14:45:06.854943 14 storage/engine/rocksdb.go:120                    Options.log_file_time_to_roll: 0
I200313 14:45:06.854962 14 storage/engine/rocksdb.go:120                        Options.keep_log_file_num: 1000
I200313 14:45:06.854980 14 storage/engine/rocksdb.go:120                     Options.recycle_log_file_num: 1
I200313 14:45:06.854999 14 storage/engine/rocksdb.go:120                          Options.allow_fallocate: 1
I200313 14:45:06.855018 14 storage/engine/rocksdb.go:120                         Options.allow_mmap_reads: 0
I200313 14:45:06.855036 14 storage/engine/rocksdb.go:120                        Options.allow_mmap_writes: 0
I200313 14:45:06.855050 14 storage/engine/rocksdb.go:120                         Options.use_direct_reads: 0
I200313 14:45:06.855075 14 storage/engine/rocksdb.go:120                         Options.use_direct_io_for_flush_and_compaction: 0
I200313 14:45:06.855094 14 storage/engine/rocksdb.go:120           Options.create_missing_column_families: 0
I200313 14:45:06.855112 14 storage/engine/rocksdb.go:120                               Options.db_log_dir: 
I200313 14:45:06.855127 14 storage/engine/rocksdb.go:120                                  Options.wal_dir: /cockroach/cockroach-data/cockroach-temp251595636
I200313 14:45:06.855146 14 storage/engine/rocksdb.go:120                 Options.table_cache_numshardbits: 6
I200313 14:45:06.855164 14 storage/engine/rocksdb.go:120                       Options.max_subcompactions: 1
I200313 14:45:06.855183 14 storage/engine/rocksdb.go:120                   Options.max_background_flushes: -1
I200313 14:45:06.855203 14 storage/engine/rocksdb.go:120                          Options.WAL_ttl_seconds: 0
I200313 14:45:06.855222 14 storage/engine/rocksdb.go:120                        Options.WAL_size_limit_MB: 0
I200313 14:45:06.855241 14 storage/engine/rocksdb.go:120              Options.manifest_preallocation_size: 4194304
I200313 14:45:06.855260 14 storage/engine/rocksdb.go:120                      Options.is_fd_close_on_exec: 1
I200313 14:45:06.855274 14 storage/engine/rocksdb.go:120                    Options.advise_random_on_open: 1
I200313 14:45:06.855291 14 storage/engine/rocksdb.go:120                     Options.db_write_buffer_size: 0
I200313 14:45:06.855306 14 storage/engine/rocksdb.go:120                     Options.write_buffer_manager: 0x7fb688c91030
I200313 14:45:06.855326 14 storage/engine/rocksdb.go:120          Options.access_hint_on_compaction_start: 1
I200313 14:45:06.855345 14 storage/engine/rocksdb.go:120   Options.new_table_reader_for_compaction_inputs: 0
I200313 14:45:06.855364 14 storage/engine/rocksdb.go:120            Options.random_access_max_buffer_size: 1048576
I200313 14:45:06.855378 14 storage/engine/rocksdb.go:120                       Options.use_adaptive_mutex: 0
I200313 14:45:06.855397 14 storage/engine/rocksdb.go:120                             Options.rate_limiter: (nil)
I200313 14:45:06.855416 14 storage/engine/rocksdb.go:120      Options.sst_file_manager.rate_bytes_per_sec: 0
I200313 14:45:06.855430 14 storage/engine/rocksdb.go:120                        Options.wal_recovery_mode: 0
I200313 14:45:06.855449 14 storage/engine/rocksdb.go:120                   Options.enable_thread_tracking: 0
I200313 14:45:06.855463 14 storage/engine/rocksdb.go:120                   Options.enable_pipelined_write: 0
I200313 14:45:06.855480 14 storage/engine/rocksdb.go:120          Options.allow_concurrent_memtable_write: 1
I200313 14:45:06.855495 14 storage/engine/rocksdb.go:120       Options.enable_write_thread_adaptive_yield: 1
I200313 14:45:06.855515 14 storage/engine/rocksdb.go:120              Options.write_thread_max_yield_usec: 100
I200313 14:45:06.855534 14 storage/engine/rocksdb.go:120             Options.write_thread_slow_yield_usec: 3
I200313 14:45:06.855553 14 storage/engine/rocksdb.go:120                                Options.row_cache: None
I200313 14:45:06.855572 14 storage/engine/rocksdb.go:120                               Options.wal_filter: None
I200313 14:45:06.855591 14 storage/engine/rocksdb.go:120              Options.avoid_flush_during_recovery: 0
I200313 14:45:06.855610 14 storage/engine/rocksdb.go:120              Options.allow_ingest_behind: 0
I200313 14:45:06.855623 14 storage/engine/rocksdb.go:120              Options.preserve_deletes: 0
I200313 14:45:06.855642 14 storage/engine/rocksdb.go:120              Options.two_write_queues: 0
I200313 14:45:06.855657 14 storage/engine/rocksdb.go:120              Options.manual_wal_flush: 1
I200313 14:45:06.855671 14 storage/engine/rocksdb.go:120              Options.atomic_flush: 0
I200313 14:45:06.855690 14 storage/engine/rocksdb.go:120              Options.avoid_unnecessary_blocking_io: 0
I200313 14:45:06.855709 14 storage/engine/rocksdb.go:120              Options.max_background_jobs: 4
I200313 14:45:06.855728 14 storage/engine/rocksdb.go:120              Options.max_background_compactions: -1
I200313 14:45:06.855746 14 storage/engine/rocksdb.go:120              Options.avoid_flush_during_shutdown: 0
I200313 14:45:06.855765 14 storage/engine/rocksdb.go:120            Options.writable_file_max_buffer_size: 1048576
I200313 14:45:06.855778 14 storage/engine/rocksdb.go:120              Options.delayed_write_rate : 16777216
I200313 14:45:06.855799 14 storage/engine/rocksdb.go:120              Options.max_total_wal_size: 0
I200313 14:45:06.855819 14 storage/engine/rocksdb.go:120              Options.delete_obsolete_files_period_micros: 21600000000
I200313 14:45:06.855832 14 storage/engine/rocksdb.go:120                    Options.stats_dump_period_sec: 0
I200313 14:45:06.855848 14 storage/engine/rocksdb.go:120                  Options.stats_persist_period_sec: 600
I200313 14:45:06.855863 14 storage/engine/rocksdb.go:120                  Options.stats_history_buffer_size: 1048576
I200313 14:45:06.855883 14 storage/engine/rocksdb.go:120                           Options.max_open_files: 128
I200313 14:45:06.855901 14 storage/engine/rocksdb.go:120                           Options.bytes_per_sync: 524288
I200313 14:45:06.855920 14 storage/engine/rocksdb.go:120                       Options.wal_bytes_per_sync: 0
I200313 14:45:06.855939 14 storage/engine/rocksdb.go:120                    Options.strict_bytes_per_sync: 1
I200313 14:45:06.855953 14 storage/engine/rocksdb.go:120        Options.compaction_readahead_size: 0
I200313 14:45:06.855972 14 storage/engine/rocksdb.go:120  Compression algorithms supported:
I200313 14:45:06.855991 14 storage/engine/rocksdb.go:120  	kZSTDNotFinalCompression supported: 0
I200313 14:45:06.856017 14 storage/engine/rocksdb.go:120  	kZSTD supported: 0
I200313 14:45:06.856036 14 storage/engine/rocksdb.go:120  	kXpressCompression supported: 0
I200313 14:45:06.856053 14 storage/engine/rocksdb.go:120  	kLZ4HCCompression supported: 0
I200313 14:45:06.856068 14 storage/engine/rocksdb.go:120  	kLZ4Compression supported: 0
I200313 14:45:06.856087 14 storage/engine/rocksdb.go:120  	kBZip2Compression supported: 0
I200313 14:45:06.856106 14 storage/engine/rocksdb.go:120  	kZlibCompression supported: 0
I200313 14:45:06.856125 14 storage/engine/rocksdb.go:120  	kSnappyCompression supported: 1
I200313 14:45:06.856151 14 storage/engine/rocksdb.go:120  Fast CRC32 supported: Supported on x86
I200313 14:45:06.862025 14 storage/engine/rocksdb.go:120  [db/db_impl_open.cc:242] Creating manifest 1 
I200313 14:45:06.886158 14 storage/engine/rocksdb.go:120  [db/version_set.cc:4072] Recovering from manifest file: /cockroach/cockroach-data/cockroach-temp251595636/MANIFEST-000001
I200313 14:45:06.890359 14 storage/engine/rocksdb.go:120  [db/column_family.cc:488] --------------- Options for column family [default]:
I200313 14:45:06.890384 14 storage/engine/rocksdb.go:120                Options.comparator: cockroach_comparator
I200313 14:45:06.890403 14 storage/engine/rocksdb.go:120            Options.merge_operator: cockroach_merge_operator
I200313 14:45:06.890423 14 storage/engine/rocksdb.go:120         Options.compaction_filter: None
I200313 14:45:06.890447 14 storage/engine/rocksdb.go:120         Options.compaction_filter_factory: None
I200313 14:45:06.890498 14 storage/engine/rocksdb.go:120          Options.memtable_factory: SkipListFactory
I200313 14:45:06.890512 14 storage/engine/rocksdb.go:120             Options.table_factory: BlockBasedTable
I200313 14:45:06.890708 14 storage/engine/rocksdb.go:120             table_factory options:   flush_block_policy_factory: FlushBlockBySizePolicyFactory (0x7fb688c22030)
  cache_index_and_filter_blocks: 0
  cache_index_and_filter_blocks_with_high_priority: 0
  pin_l0_filter_and_index_blocks_in_cache: 0
  pin_top_level_index_and_filter: 1
  index_type: 0
  data_block_index_type: 0
  index_shortening: 1
  data_block_hash_table_util_ratio: 0.750000
  hash_index_allow_collision: 1
  checksum: 1
  no_block_cache: 0
  block_cache: 0x7fb688c14010
  block_cache_name: LRUCache
  block_cache_options:
    capacity : 1048576
    num_shard_bits : 4
    strict_capacity_limit : 0
    memory_allocator : None
    high_pri_pool_ratio: 0.000
  block_cache_compressed: (nil)
  persistent_cache: (nil)
  block_size: 32768
  block_size_deviation: 10
  block_restart_interval: 16
  index_block_restart_interval: 1
  metadata_block_size: 4096
  partition_filters: 0
  use_delta_encoding: 1
  filter_policy: rocksdb.BuiltinBloomFilter
  whole_key_filtering: 0
  verify_compression: 0
  read_amp_bytes_per_bit: 0
  format_version: 2
  enable_index_compression: 1
  block_align: 0
I200313 14:45:06.890729 14 storage/engine/rocksdb.go:120         Options.write_buffer_size: 67108864
I200313 14:45:06.890750 14 storage/engine/rocksdb.go:120   Options.max_write_buffer_number: 4
I200313 14:45:06.890768 14 storage/engine/rocksdb.go:120           Options.compression: Snappy
I200313 14:45:06.890787 14 storage/engine/rocksdb.go:120                   Options.bottommost_compression: Disabled
I200313 14:45:06.890819 14 storage/engine/rocksdb.go:120        Options.prefix_extractor: cockroach_prefix_extractor
I200313 14:45:06.890857 14 storage/engine/rocksdb.go:120    Options.memtable_insert_with_hint_prefix_extractor: nullptr
I200313 14:45:06.890876 14 storage/engine/rocksdb.go:120              Options.num_levels: 7
I200313 14:45:06.890897 14 storage/engine/rocksdb.go:120         Options.min_write_buffer_number_to_merge: 1
I200313 14:45:06.890929 14 storage/engine/rocksdb.go:120      Options.max_write_buffer_number_to_maintain: 0
I200313 14:45:06.890947 14 storage/engine/rocksdb.go:120             Options.bottommost_compression_opts.window_bits: -14
I200313 14:45:06.890985 14 storage/engine/rocksdb.go:120                   Options.bottommost_compression_opts.level: 32767
I200313 14:45:06.891004 14 storage/engine/rocksdb.go:120                Options.bottommost_compression_opts.strategy: 0
I200313 14:45:06.891022 14 storage/engine/rocksdb.go:120          Options.bottommost_compression_opts.max_dict_bytes: 0
I200313 14:45:06.891042 14 storage/engine/rocksdb.go:120          Options.bottommost_compression_opts.zstd_max_train_bytes: 0
I200313 14:45:06.891075 14 storage/engine/rocksdb.go:120                   Options.bottommost_compression_opts.enabled: false
I200313 14:45:06.891094 14 storage/engine/rocksdb.go:120             Options.compression_opts.window_bits: -14
I200313 14:45:06.891137 14 storage/engine/rocksdb.go:120                   Options.compression_opts.level: 32767
I200313 14:45:06.891156 14 storage/engine/rocksdb.go:120                Options.compression_opts.strategy: 0
I200313 14:45:06.891175 14 storage/engine/rocksdb.go:120          Options.compression_opts.max_dict_bytes: 0
I200313 14:45:06.891208 14 storage/engine/rocksdb.go:120          Options.compression_opts.zstd_max_train_bytes: 0
I200313 14:45:06.891224 14 storage/engine/rocksdb.go:120                   Options.compression_opts.enabled: false
I200313 14:45:06.891242 14 storage/engine/rocksdb.go:120       Options.level0_file_num_compaction_trigger: 2
I200313 14:45:06.891279 14 storage/engine/rocksdb.go:120           Options.level0_slowdown_writes_trigger: 950
I200313 14:45:06.891298 14 storage/engine/rocksdb.go:120               Options.level0_stop_writes_trigger: 1000
I200313 14:45:06.891316 14 storage/engine/rocksdb.go:120                    Options.target_file_size_base: 4194304
I200313 14:45:06.891336 14 storage/engine/rocksdb.go:120              Options.target_file_size_multiplier: 2
I200313 14:45:06.891368 14 storage/engine/rocksdb.go:120                 Options.max_bytes_for_level_base: 67108864
I200313 14:45:06.891387 14 storage/engine/rocksdb.go:120  Options.level_compaction_dynamic_level_bytes: 1
I200313 14:45:06.891426 14 storage/engine/rocksdb.go:120           Options.max_bytes_for_level_multiplier: 10.000000
I200313 14:45:06.891445 14 storage/engine/rocksdb.go:120  Options.max_bytes_for_level_multiplier_addtl[0]: 1
I200313 14:45:06.891464 14 storage/engine/rocksdb.go:120  Options.max_bytes_for_level_multiplier_addtl[1]: 1
I200313 14:45:06.891502 14 storage/engine/rocksdb.go:120  Options.max_bytes_for_level_multiplier_addtl[2]: 1
I200313 14:45:06.891518 14 storage/engine/rocksdb.go:120  Options.max_bytes_for_level_multiplier_addtl[3]: 1
I200313 14:45:06.891536 14 storage/engine/rocksdb.go:120  Options.max_bytes_for_level_multiplier_addtl[4]: 1
I200313 14:45:06.891573 14 storage/engine/rocksdb.go:120  Options.max_bytes_for_level_multiplier_addtl[5]: 1
I200313 14:45:06.891592 14 storage/engine/rocksdb.go:120  Options.max_bytes_for_level_multiplier_addtl[6]: 1
I200313 14:45:06.891611 14 storage/engine/rocksdb.go:120        Options.max_sequential_skip_in_iterations: 8
I200313 14:45:06.891631 14 storage/engine/rocksdb.go:120                     Options.max_compaction_bytes: 104857600
I200313 14:45:06.891663 14 storage/engine/rocksdb.go:120                         Options.arena_block_size: 8388608
I200313 14:45:06.891681 14 storage/engine/rocksdb.go:120    Options.soft_pending_compaction_bytes_limit: 2199023255552
I200313 14:45:06.891718 14 storage/engine/rocksdb.go:120    Options.hard_pending_compaction_bytes_limit: 4400193994752
I200313 14:45:06.891737 14 storage/engine/rocksdb.go:120        Options.rate_limit_delay_max_milliseconds: 100
I200313 14:45:06.891756 14 storage/engine/rocksdb.go:120                 Options.disable_auto_compactions: 0
I200313 14:45:06.891776 14 storage/engine/rocksdb.go:120                         Options.compaction_style: kCompactionStyleLevel
I200313 14:45:06.891809 14 storage/engine/rocksdb.go:120                           Options.compaction_pri: kMinOverlappingRatio
I200313 14:45:06.891828 14 storage/engine/rocksdb.go:120  Options.compaction_options_universal.size_ratio: 1
I200313 14:45:06.891865 14 storage/engine/rocksdb.go:120  Options.compaction_options_universal.min_merge_width: 2
I200313 14:45:06.891884 14 storage/engine/rocksdb.go:120  Options.compaction_options_universal.max_merge_width: 4294967295
I200313 14:45:06.891902 14 storage/engine/rocksdb.go:120  Options.compaction_options_universal.max_size_amplification_percent: 200
I200313 14:45:06.891922 14 storage/engine/rocksdb.go:120  Options.compaction_options_universal.compression_size_percent: -1
I200313 14:45:06.891955 14 storage/engine/rocksdb.go:120  Options.compaction_options_universal.stop_style: kCompactionStopStyleTotalSize
I200313 14:45:06.891973 14 storage/engine/rocksdb.go:120  Options.compaction_options_fifo.max_table_files_size: 1073741824
I200313 14:45:06.892011 14 storage/engine/rocksdb.go:120  Options.compaction_options_fifo.allow_compaction: 0
I200313 14:45:06.892032 14 storage/engine/rocksdb.go:120                    Options.table_properties_collectors: TimeBoundTblPropCollectorFactory; DeleteRangeTblPropCollectorFactory; 
I200313 14:45:06.892053 14 storage/engine/rocksdb.go:120                    Options.inplace_update_support: 0
I200313 14:45:06.892068 14 storage/engine/rocksdb.go:120                  Options.inplace_update_num_locks: 10000
I200313 14:45:06.892100 14 storage/engine/rocksdb.go:120                Options.memtable_prefix_bloom_size_ratio: 0.000000
I200313 14:45:06.892119 14 storage/engine/rocksdb.go:120                Options.memtable_whole_key_filtering: 0
I200313 14:45:06.892156 14 storage/engine/rocksdb.go:120    Options.memtable_huge_page_size: 0
I200313 14:45:06.892175 14 storage/engine/rocksdb.go:120                            Options.bloom_locality: 0
I200313 14:45:06.892194 14 storage/engine/rocksdb.go:120                     Options.max_successive_merges: 0
I200313 14:45:06.892232 14 storage/engine/rocksdb.go:120                 Options.optimize_filters_for_hits: 1
I200313 14:45:06.892247 14 storage/engine/rocksdb.go:120                 Options.paranoid_file_checks: 0
I200313 14:45:06.892266 14 storage/engine/rocksdb.go:120                 Options.force_consistency_checks: 0
I200313 14:45:06.892299 14 storage/engine/rocksdb.go:120                 Options.report_bg_io_stats: 0
I200313 14:45:06.892318 14 storage/engine/rocksdb.go:120                                Options.ttl: 0
I200313 14:45:06.892337 14 storage/engine/rocksdb.go:120           Options.periodic_compaction_seconds: 0
I200313 14:45:06.900313 14 storage/engine/rocksdb.go:120  [db/version_set.cc:4286] Recovered from manifest file:/cockroach/cockroach-data/cockroach-temp251595636/MANIFEST-000001 succeeded,manifest_file_number is 1, next_file_number is 3, last_sequence is 0, log_number is 0,prev_log_number is 0,max_column_family is 0,min_log_number_to_keep is 0
I200313 14:45:06.900343 14 storage/engine/rocksdb.go:120  [db/version_set.cc:4295] Column family [default] (ID 0), log number is 0
I200313 14:45:06.933475 14 storage/engine/rocksdb.go:120  DB pointer 0x7fb688c99000
I200313 14:45:07.010342 14 storage/engine/rocksdb.go:120  RocksDB version: 6.2.1
I200313 14:45:07.010481 14 storage/engine/rocksdb.go:120  Git sha rocksdb_build_git_sha:@b7009236531fa784872f4823eabf393501e41bf2@
I200313 14:45:07.010615 14 storage/engine/rocksdb.go:120  Compile date Feb  6 2020
I200313 14:45:07.010656 14 storage/engine/rocksdb.go:120  DB SUMMARY
I200313 14:45:07.016903 14 storage/engine/rocksdb.go:120  CURRENT file:  CURRENT
I200313 14:45:07.016957 14 storage/engine/rocksdb.go:120  IDENTITY file:  IDENTITY
I200313 14:45:07.018835 14 storage/engine/rocksdb.go:120  MANIFEST file:  MANIFEST-000067 size: 172 Bytes
I200313 14:45:07.018874 14 storage/engine/rocksdb.go:120  SST files in /cockroach/cockroach-data dir, Total Num: 2, files: 000064.sst 000066.sst 
I200313 14:45:07.018965 14 storage/engine/rocksdb.go:120  Write Ahead Log file in /cockroach/cockroach-data: 000068.log size: 5618862 ; 
I200313 14:45:07.019002 14 storage/engine/rocksdb.go:120                          Options.error_if_exists: 0
I200313 14:45:07.019027 14 storage/engine/rocksdb.go:120                        Options.create_if_missing: 1
I200313 14:45:07.019050 14 storage/engine/rocksdb.go:120                          Options.paranoid_checks: 1
I200313 14:45:07.019074 14 storage/engine/rocksdb.go:120                                      Options.env: 0x756aca0
I200313 14:45:07.019106 14 storage/engine/rocksdb.go:120                                 Options.info_log: 0x7fb680e0d080
I200313 14:45:07.019125 14 storage/engine/rocksdb.go:120                 Options.max_file_opening_threads: 16
I200313 14:45:07.019144 14 storage/engine/rocksdb.go:120                               Options.statistics: 0x7fb680e1d010
I200313 14:45:07.019163 14 storage/engine/rocksdb.go:120                                Options.use_fsync: 0
I200313 14:45:07.019181 14 storage/engine/rocksdb.go:120                        Options.max_log_file_size: 0
I200313 14:45:07.019200 14 storage/engine/rocksdb.go:120                   Options.max_manifest_file_size: 134217728
I200313 14:45:07.019221 14 storage/engine/rocksdb.go:120                    Options.log_file_time_to_roll: 0
I200313 14:45:07.019236 14 storage/engine/rocksdb.go:120                        Options.keep_log_file_num: 1000
I200313 14:45:07.019250 14 storage/engine/rocksdb.go:120                     Options.recycle_log_file_num: 1
I200313 14:45:07.019269 14 storage/engine/rocksdb.go:120                          Options.allow_fallocate: 1
I200313 14:45:07.019288 14 storage/engine/rocksdb.go:120                         Options.allow_mmap_reads: 0
I200313 14:45:07.019307 14 storage/engine/rocksdb.go:120                        Options.allow_mmap_writes: 0
I200313 14:45:07.019326 14 storage/engine/rocksdb.go:120                         Options.use_direct_reads: 0
I200313 14:45:07.019344 14 storage/engine/rocksdb.go:120                         Options.use_direct_io_for_flush_and_compaction: 0
I200313 14:45:07.019369 14 storage/engine/rocksdb.go:120           Options.create_missing_column_families: 0
I200313 14:45:07.019388 14 storage/engine/rocksdb.go:120                               Options.db_log_dir: 
I200313 14:45:07.019407 14 storage/engine/rocksdb.go:120                                  Options.wal_dir: /cockroach/cockroach-data
I200313 14:45:07.019426 14 storage/engine/rocksdb.go:120                 Options.table_cache_numshardbits: 6
I200313 14:45:07.019445 14 storage/engine/rocksdb.go:120                       Options.max_subcompactions: 1
I200313 14:45:07.019465 14 storage/engine/rocksdb.go:120                   Options.max_background_flushes: -1
I200313 14:45:07.019484 14 storage/engine/rocksdb.go:120                          Options.WAL_ttl_seconds: 0
I200313 14:45:07.019499 14 storage/engine/rocksdb.go:120                        Options.WAL_size_limit_MB: 0
I200313 14:45:07.019518 14 storage/engine/rocksdb.go:120              Options.manifest_preallocation_size: 4194304
I200313 14:45:07.019537 14 storage/engine/rocksdb.go:120                      Options.is_fd_close_on_exec: 1
I200313 14:45:07.019556 14 storage/engine/rocksdb.go:120                    Options.advise_random_on_open: 1
I200313 14:45:07.019575 14 storage/engine/rocksdb.go:120                     Options.db_write_buffer_size: 0
I200313 14:45:07.019594 14 storage/engine/rocksdb.go:120                     Options.write_buffer_manager: 0x7fb680e85030
I200313 14:45:07.019613 14 storage/engine/rocksdb.go:120          Options.access_hint_on_compaction_start: 1
I200313 14:45:07.019638 14 storage/engine/rocksdb.go:120   Options.new_table_reader_for_compaction_inputs: 0
I200313 14:45:07.019657 14 storage/engine/rocksdb.go:120            Options.random_access_max_buffer_size: 1048576
I200313 14:45:07.019676 14 storage/engine/rocksdb.go:120                       Options.use_adaptive_mutex: 0
I200313 14:45:07.019695 14 storage/engine/rocksdb.go:120                             Options.rate_limiter: (nil)
I200313 14:45:07.019715 14 storage/engine/rocksdb.go:120      Options.sst_file_manager.rate_bytes_per_sec: 0
I200313 14:45:07.019734 14 storage/engine/rocksdb.go:120                        Options.wal_recovery_mode: 0
I200313 14:45:07.019752 14 storage/engine/rocksdb.go:120                   Options.enable_thread_tracking: 0
I200313 14:45:07.019777 14 storage/engine/rocksdb.go:120                   Options.enable_pipelined_write: 0
I200313 14:45:07.019934 14 storage/engine/rocksdb.go:120          Options.allow_concurrent_memtable_write: 1
I200313 14:45:07.019956 14 storage/engine/rocksdb.go:120       Options.enable_write_thread_adaptive_yield: 1
I200313 14:45:07.019983 14 storage/engine/rocksdb.go:120              Options.write_thread_max_yield_usec: 100
I200313 14:45:07.020048 14 storage/engine/rocksdb.go:120             Options.write_thread_slow_yield_usec: 3
I200313 14:45:07.020071 14 storage/engine/rocksdb.go:120                                Options.row_cache: None
I200313 14:45:07.020094 14 storage/engine/rocksdb.go:120                               Options.wal_filter: None
I200313 14:45:07.020160 14 storage/engine/rocksdb.go:120              Options.avoid_flush_during_recovery: 0
I200313 14:45:07.020184 14 storage/engine/rocksdb.go:120              Options.allow_ingest_behind: 0
I200313 14:45:07.020214 14 storage/engine/rocksdb.go:120              Options.preserve_deletes: 0
I200313 14:45:07.020260 14 storage/engine/rocksdb.go:120              Options.two_write_queues: 0
I200313 14:45:07.020283 14 storage/engine/rocksdb.go:120              Options.manual_wal_flush: 1
I200313 14:45:07.020307 14 storage/engine/rocksdb.go:120              Options.atomic_flush: 0
I200313 14:45:07.020331 14 storage/engine/rocksdb.go:120              Options.avoid_unnecessary_blocking_io: 0
I200313 14:45:07.020357 14 storage/engine/rocksdb.go:120              Options.max_background_jobs: 4
I200313 14:45:07.020381 14 storage/engine/rocksdb.go:120              Options.max_background_compactions: -1
I200313 14:45:07.020399 14 storage/engine/rocksdb.go:120              Options.avoid_flush_during_shutdown: 0
I200313 14:45:07.020418 14 storage/engine/rocksdb.go:120            Options.writable_file_max_buffer_size: 1048576
I200313 14:45:07.020440 14 storage/engine/rocksdb.go:120              Options.delayed_write_rate : 16777216
I200313 14:45:07.020488 14 storage/engine/rocksdb.go:120              Options.max_total_wal_size: 0
I200313 14:45:07.020573 14 storage/engine/rocksdb.go:120              Options.delete_obsolete_files_period_micros: 21600000000
I200313 14:45:07.020595 14 storage/engine/rocksdb.go:120                    Options.stats_dump_period_sec: 0
I200313 14:45:07.020608 14 storage/engine/rocksdb.go:120                  Options.stats_persist_period_sec: 600
I200313 14:45:07.020627 14 storage/engine/rocksdb.go:120                  Options.stats_history_buffer_size: 1048576
I200313 14:45:07.020640 14 storage/engine/rocksdb.go:120                           Options.max_open_files: 1043576
I200313 14:45:07.020657 14 storage/engine/rocksdb.go:120                           Options.bytes_per_sync: 524288
I200313 14:45:07.020683 14 storage/engine/rocksdb.go:120                       Options.wal_bytes_per_sync: 0
I200313 14:45:07.020696 14 storage/engine/rocksdb.go:120                    Options.strict_bytes_per_sync: 1
I200313 14:45:07.020710 14 storage/engine/rocksdb.go:120        Options.compaction_readahead_size: 0
I200313 14:45:07.020730 14 storage/engine/rocksdb.go:120  Compression algorithms supported:
I200313 14:45:07.020750 14 storage/engine/rocksdb.go:120  	kZSTDNotFinalCompression supported: 0
I200313 14:45:07.020769 14 storage/engine/rocksdb.go:120  	kZSTD supported: 0
I200313 14:45:07.022827 14 storage/engine/rocksdb.go:120  	kXpressCompression supported: 0
I200313 14:45:07.022849 14 storage/engine/rocksdb.go:120  	kLZ4HCCompression supported: 0
I200313 14:45:07.022882 14 storage/engine/rocksdb.go:120  	kLZ4Compression supported: 0
I200313 14:45:07.022900 14 storage/engine/rocksdb.go:120  	kBZip2Compression supported: 0
I200313 14:45:07.022924 14 storage/engine/rocksdb.go:120  	kZlibCompression supported: 0
I200313 14:45:07.022948 14 storage/engine/rocksdb.go:120  	kSnappyCompression supported: 1
I200313 14:45:07.024587 14 storage/engine/rocksdb.go:120  Fast CRC32 supported: Supported on x86
I200313 14:45:07.062965 14 storage/engine/rocksdb.go:120  [db/version_set.cc:4072] Recovering from manifest file: /cockroach/cockroach-data/MANIFEST-000067
I200313 14:45:07.066034 14 storage/engine/rocksdb.go:120  [db/column_family.cc:488] --------------- Options for column family [default]:
I200313 14:45:07.066160 14 storage/engine/rocksdb.go:120                Options.comparator: cockroach_comparator
I200313 14:45:07.066183 14 storage/engine/rocksdb.go:120            Options.merge_operator: cockroach_merge_operator
I200313 14:45:07.066426 14 storage/engine/rocksdb.go:120         Options.compaction_filter: None
I200313 14:45:07.066453 14 storage/engine/rocksdb.go:120         Options.compaction_filter_factory: None
I200313 14:45:07.066480 14 storage/engine/rocksdb.go:120          Options.memtable_factory: SkipListFactory
I200313 14:45:07.066538 14 storage/engine/rocksdb.go:120             Options.table_factory: BlockBasedTable
I200313 14:45:07.066595 14 storage/engine/rocksdb.go:120             table_factory options:   flush_block_policy_factory: FlushBlockBySizePolicyFactory (0x7fb680e11028)
  cache_index_and_filter_blocks: 0
  cache_index_and_filter_blocks_with_high_priority: 0
  pin_l0_filter_and_index_blocks_in_cache: 0
  pin_top_level_index_and_filter: 1
  index_type: 0
  data_block_index_type: 0
  index_shortening: 1
  data_block_hash_table_util_ratio: 0.750000
  hash_index_allow_collision: 1
  checksum: 1
  no_block_cache: 0
  block_cache: 0x7fb68100e010
  block_cache_name: LRUCache
  block_cache_options:
    capacity : 67108864
    num_shard_bits : 4
    strict_capacity_limit : 0
    memory_allocator : None
    high_pri_pool_ratio: 0.000
  block_cache_compressed: (nil)
  persistent_cache: (nil)
  block_size: 32768
  block_size_deviation: 10
  block_restart_interval: 16
  index_block_restart_interval: 1
  metadata_block_size: 4096
  partition_filters: 0
  use_delta_encoding: 1
  filter_policy: rocksdb.BuiltinBloomFilter
  whole_key_filtering: 0
  verify_compression: 0
  read_amp_bytes_per_bit: 0
  format_version: 2
  enable_index_compression: 1
  block_align: 0
I200313 14:45:07.066621 14 storage/engine/rocksdb.go:120         Options.write_buffer_size: 67108864
I200313 14:45:07.066649 14 storage/engine/rocksdb.go:120   Options.max_write_buffer_number: 4
I200313 14:45:07.066677 14 storage/engine/rocksdb.go:120           Options.compression: Snappy
I200313 14:45:07.066700 14 storage/engine/rocksdb.go:120                   Options.bottommost_compression: Disabled
I200313 14:45:07.066735 14 storage/engine/rocksdb.go:120        Options.prefix_extractor: cockroach_prefix_extractor
I200313 14:45:07.066767 14 storage/engine/rocksdb.go:120    Options.memtable_insert_with_hint_prefix_extractor: nullptr
I200313 14:45:07.066799 14 storage/engine/rocksdb.go:120              Options.num_levels: 7
I200313 14:45:07.066831 14 storage/engine/rocksdb.go:120         Options.min_write_buffer_number_to_merge: 1
I200313 14:45:07.066855 14 storage/engine/rocksdb.go:120      Options.max_write_buffer_number_to_maintain: 0
I200313 14:45:07.066878 14 storage/engine/rocksdb.go:120             Options.bottommost_compression_opts.window_bits: -14
I200313 14:45:07.066902 14 storage/engine/rocksdb.go:120                   Options.bottommost_compression_opts.level: 32767
I200313 14:45:07.066925 14 storage/engine/rocksdb.go:120                Options.bottommost_compression_opts.strategy: 0
I200313 14:45:07.066949 14 storage/engine/rocksdb.go:120          Options.bottommost_compression_opts.max_dict_bytes: 0
I200313 14:45:07.066973 14 storage/engine/rocksdb.go:120          Options.bottommost_compression_opts.zstd_max_train_bytes: 0
I200313 14:45:07.066996 14 storage/engine/rocksdb.go:120                   Options.bottommost_compression_opts.enabled: false
I200313 14:45:07.067012 14 storage/engine/rocksdb.go:120             Options.compression_opts.window_bits: -14
I200313 14:45:07.067065 14 storage/engine/rocksdb.go:120                   Options.compression_opts.level: 32767
I200313 14:45:07.067088 14 storage/engine/rocksdb.go:120                Options.compression_opts.strategy: 0
I200313 14:45:07.067111 14 storage/engine/rocksdb.go:120          Options.compression_opts.max_dict_bytes: 0
I200313 14:45:07.067134 14 storage/engine/rocksdb.go:120          Options.compression_opts.zstd_max_train_bytes: 0
I200313 14:45:07.067157 14 storage/engine/rocksdb.go:120                   Options.compression_opts.enabled: false
I200313 14:45:07.067179 14 storage/engine/rocksdb.go:120       Options.level0_file_num_compaction_trigger: 2
I200313 14:45:07.067208 14 storage/engine/rocksdb.go:120           Options.level0_slowdown_writes_trigger: 950
I200313 14:45:07.067231 14 storage/engine/rocksdb.go:120               Options.level0_stop_writes_trigger: 1000
I200313 14:45:07.067253 14 storage/engine/rocksdb.go:120                    Options.target_file_size_base: 4194304
I200313 14:45:07.067276 14 storage/engine/rocksdb.go:120              Options.target_file_size_multiplier: 2
I200313 14:45:07.067305 14 storage/engine/rocksdb.go:120                 Options.max_bytes_for_level_base: 67108864
I200313 14:45:07.067322 14 storage/engine/rocksdb.go:120  Options.level_compaction_dynamic_level_bytes: 1
I200313 14:45:07.067344 14 storage/engine/rocksdb.go:120           Options.max_bytes_for_level_multiplier: 10.000000
I200313 14:45:07.067367 14 storage/engine/rocksdb.go:120  Options.max_bytes_for_level_multiplier_addtl[0]: 1
I200313 14:45:07.067390 14 storage/engine/rocksdb.go:120  Options.max_bytes_for_level_multiplier_addtl[1]: 1
I200313 14:45:07.067496 14 storage/engine/rocksdb.go:120  Options.max_bytes_for_level_multiplier_addtl[2]: 1
I200313 14:45:07.067520 14 storage/engine/rocksdb.go:120  Options.max_bytes_for_level_multiplier_addtl[3]: 1
I200313 14:45:07.067542 14 storage/engine/rocksdb.go:120  Options.max_bytes_for_level_multiplier_addtl[4]: 1
I200313 14:45:07.067566 14 storage/engine/rocksdb.go:120  Options.max_bytes_for_level_multiplier_addtl[5]: 1
I200313 14:45:07.068064 14 storage/engine/rocksdb.go:120  Options.max_bytes_for_level_multiplier_addtl[6]: 1
I200313 14:45:07.068094 14 storage/engine/rocksdb.go:120        Options.max_sequential_skip_in_iterations: 8
I200313 14:45:07.068120 14 storage/engine/rocksdb.go:120                     Options.max_compaction_bytes: 104857600
I200313 14:45:07.068140 14 storage/engine/rocksdb.go:120                         Options.arena_block_size: 8388608
I200313 14:45:07.068164 14 storage/engine/rocksdb.go:120    Options.soft_pending_compaction_bytes_limit: 2199023255552
I200313 14:45:07.068294 14 storage/engine/rocksdb.go:120    Options.hard_pending_compaction_bytes_limit: 4400193994752
I200313 14:45:07.068364 14 storage/engine/rocksdb.go:120        Options.rate_limit_delay_max_milliseconds: 100
I200313 14:45:07.068395 14 storage/engine/rocksdb.go:120                 Options.disable_auto_compactions: 0
I200313 14:45:07.068428 14 storage/engine/rocksdb.go:120                         Options.compaction_style: kCompactionStyleLevel
I200313 14:45:07.068468 14 storage/engine/rocksdb.go:120                           Options.compaction_pri: kMinOverlappingRatio
I200313 14:45:07.068492 14 storage/engine/rocksdb.go:120  Options.compaction_options_universal.size_ratio: 1
I200313 14:45:07.068515 14 storage/engine/rocksdb.go:120  Options.compaction_options_universal.min_merge_width: 2
I200313 14:45:07.068539 14 storage/engine/rocksdb.go:120  Options.compaction_options_universal.max_merge_width: 4294967295
I200313 14:45:07.068564 14 storage/engine/rocksdb.go:120  Options.compaction_options_universal.max_size_amplification_percent: 200
I200313 14:45:07.068589 14 storage/engine/rocksdb.go:120  Options.compaction_options_universal.compression_size_percent: -1
I200313 14:45:07.068623 14 storage/engine/rocksdb.go:120  Options.compaction_options_universal.stop_style: kCompactionStopStyleTotalSize
I200313 14:45:07.068656 14 storage/engine/rocksdb.go:120  Options.compaction_options_fifo.max_table_files_size: 1073741824
I200313 14:45:07.068678 14 storage/engine/rocksdb.go:120  Options.compaction_options_fifo.allow_compaction: 0
I200313 14:45:07.068717 14 storage/engine/rocksdb.go:120                    Options.table_properties_collectors: TimeBoundTblPropCollectorFactory; DeleteRangeTblPropCollectorFactory; 
I200313 14:45:07.068749 14 storage/engine/rocksdb.go:120                    Options.inplace_update_support: 0
I200313 14:45:07.068784 14 storage/engine/rocksdb.go:120                  Options.inplace_update_num_locks: 10000
I200313 14:45:07.068812 14 storage/engine/rocksdb.go:120                Options.memtable_prefix_bloom_size_ratio: 0.000000
I200313 14:45:07.068837 14 storage/engine/rocksdb.go:120                Options.memtable_whole_key_filtering: 0
I200313 14:45:07.068864 14 storage/engine/rocksdb.go:120    Options.memtable_huge_page_size: 0
I200313 14:45:07.068889 14 storage/engine/rocksdb.go:120                            Options.bloom_locality: 0
I200313 14:45:07.068924 14 storage/engine/rocksdb.go:120                     Options.max_successive_merges: 0
I200313 14:45:07.068943 14 storage/engine/rocksdb.go:120                 Options.optimize_filters_for_hits: 1
I200313 14:45:07.068973 14 storage/engine/rocksdb.go:120                 Options.paranoid_file_checks: 0
I200313 14:45:07.068997 14 storage/engine/rocksdb.go:120                 Options.force_consistency_checks: 0
I200313 14:45:07.069019 14 storage/engine/rocksdb.go:120                 Options.report_bg_io_stats: 0
I200313 14:45:07.069045 14 storage/engine/rocksdb.go:120                                Options.ttl: 0
I200313 14:45:07.069085 14 storage/engine/rocksdb.go:120           Options.periodic_compaction_seconds: 0
I200313 14:45:07.090987 14 storage/engine/rocksdb.go:120  [db/version_set.cc:3086] More existing levels in DB than needed. max_bytes_for_level_multiplier may not be guaranteed.
I200313 14:45:07.091040 14 storage/engine/rocksdb.go:120  [db/version_set.cc:4286] Recovered from manifest file:/cockroach/cockroach-data/MANIFEST-000067 succeeded,manifest_file_number is 67, next_file_number is 69, last_sequence is 319259, log_number is 63,prev_log_number is 0,max_column_family is 0,min_log_number_to_keep is 0
I200313 14:45:07.091101 14 storage/engine/rocksdb.go:120  [db/version_set.cc:4295] Column family [default] (ID 0), log number is 63
I200313 14:45:07.118546 14 storage/engine/rocksdb.go:120  EVENT_LOG_v1 {"time_micros": 1584110707118377, "job": 1, "event": "recovery_started", "log_files": [68]}
I200313 14:45:07.118726 14 storage/engine/rocksdb.go:120  [db/db_impl_open.cc:598] Recovering log #68 mode 0
I200313 14:45:07.189984 14 storage/engine/rocksdb.go:120  EVENT_LOG_v1 {"time_micros": 1584110707189792, "cf_name": "default", "job": 1, "event": "table_file_creation", "file_number": 69, "file_size": 71673, "table_properties": {"data_size": 69215, "index_size": 192, "index_partitions": 0, "top_level_index_size": 0, "index_key_is_user_key": 0, "index_value_is_delta_encoded": 0, "filter_size": 1349, "raw_key_size": 30908, "raw_average_key_size": 25, "raw_value_size": 183010, "raw_average_value_size": 152, "num_data_blocks": 5, "num_entries": 1204, "num_deletions": 761, "num_merge_operands": 0, "num_range_deletions": 0, "format_version": 0, "fixed_key_len": 0, "filter_policy": "rocksdb.BuiltinBloomFilter", "column_family_name": "default", "column_family_id": 0, "comparator": "cockroach_comparator", "merge_operator": "cockroach_merge_operator", "prefix_extractor_name": "cockroach_prefix_extractor", "property_collectors": "[TimeBoundTblPropCollectorFactory,DeleteRangeTblPropCollectorFactory]", "compression": "Snappy", "compression_options": "window_bits=-14; level=32767; strategy=0; max_dict_bytes=0; zstd_max_train_bytes=0; enabled=0; ", "creation_time": 1584110707, "oldest_key_time": 3, "file_creation_time": 0}}
I200313 14:45:07.191170 14 storage/engine/rocksdb.go:120  [db/version_set.cc:3560] Creating manifest 70
I200313 14:45:07.196800 14 storage/engine/rocksdb.go:120  [db/version_set.cc:3086] More existing levels in DB than needed. max_bytes_for_level_multiplier may not be guaranteed.
I200313 14:45:07.202514 14 storage/engine/rocksdb.go:120  EVENT_LOG_v1 {"time_micros": 1584110707202421, "job": 1, "event": "recovery_finished"}
I200313 14:45:07.232000 17 storage/engine/rocksdb.go:120  [db/compaction_job.cc:1647] [default] [JOB 3] Compacting 2@0 + 1@6 files to L6, score 1.00
I200313 14:45:07.232050 17 storage/engine/rocksdb.go:120  [db/compaction_job.cc:1651] [default] Compaction start summary: Base version 2 Base level 0, inputs: [69(69KB) 66(64KB)], [64(149KB)]
I200313 14:45:07.232157 17 storage/engine/rocksdb.go:120  EVENT_LOG_v1 {"time_micros": 1584110707232095, "job": 3, "event": "compaction_started", "compaction_reason": "LevelL0FilesNum", "files_L0": [69, 66], "files_L6": [64], "score": 1, "input_data_size": 290282}
I200313 14:45:07.238492 14 storage/engine/rocksdb.go:120  DB pointer 0x7fb680e93000
I200313 14:45:07.249251 17 storage/engine/rocksdb.go:120  [db/compaction_job.cc:1334] [default] [JOB 3] Generated table #74: 2010 keys, 132830 bytes
I200313 14:45:07.249458 17 storage/engine/rocksdb.go:120  EVENT_LOG_v1 {"time_micros": 1584110707249310, "cf_name": "default", "job": 3, "event": "table_file_creation", "file_number": 74, "file_size": 132830, "table_properties": {"data_size": 131625, "index_size": 387, "index_partitions": 0, "top_level_index_size": 0, "index_key_is_user_key": 0, "index_value_is_delta_encoded": 0, "filter_size": 0, "raw_key_size": 54496, "raw_average_key_size": 27, "raw_value_size": 320196, "raw_average_value_size": 159, "num_data_blocks": 10, "num_entries": 2010, "num_deletions": 0, "num_merge_operands": 0, "num_range_deletions": 0, "format_version": 0, "fixed_key_len": 0, "filter_policy": "rocksdb.BuiltinBloomFilter", "column_family_name": "default", "column_family_id": 0, "comparator": "cockroach_comparator", "merge_operator": "cockroach_merge_operator", "prefix_extractor_name": "cockroach_prefix_extractor", "property_collectors": "[TimeBoundTblPropCollectorFactory,DeleteRangeTblPropCollectorFactory]", "compression": "Snappy", "compression_options": "window_bits=-14; level=32767; strategy=0; max_dict_bytes=0; zstd_max_train_bytes=0; enabled=0; ", "creation_time": 1584110707, "oldest_key_time": 0, "file_creation_time": 1584110707}}
I200313 14:45:07.252787 17 storage/engine/rocksdb.go:120  [db/compaction_job.cc:1397] [default] [JOB 3] Compacted 2@0 + 1@6 files to L6 => 132830 bytes
I200313 14:45:07.252860 17 storage/engine/rocksdb.go:120  [db/version_set.cc:3086] More existing levels in DB than needed. max_bytes_for_level_multiplier may not be guaranteed.
I200313 14:45:07.253933 17 storage/engine/rocksdb.go:120  (Original Log Time 2020/03/13-14:45:07.253578) [db/compaction_job.cc:770] [default] compacted to: base level 6 level multiplier 10.00 max bytes base 67108864 files[0 0 0 0 0 0 1] max score 0.00, MB/sec: 15.7 rd, 7.2 wr, level 6, files in(2, 1) out(1) MB in(0.1, 0.1) out(0.1), read-write-amplify(3.1) write-amplify(1.0) OK, records in: 4009, records dropped: 1999 output_compression: Snappy
I200313 14:45:07.253978 17 storage/engine/rocksdb.go:120  (Original Log Time 2020/03/13-14:45:07.253719) EVENT_LOG_v1 {"time_micros": 1584110707253623, "job": 3, "event": "compaction_finished", "compaction_time_micros": 18495, "compaction_time_cpu_micros": 9707, "output_level": 6, "num_output_files": 1, "total_output_size": 132830, "num_input_records": 4009, "num_output_records": 2010, "num_subcompactions": 1, "output_compression": "Snappy", "num_single_delete_mismatches": 0, "num_single_delete_fallthrough": 0, "lsm_state": [0, 0, 0, 0, 0, 0, 1]}
I200313 14:45:07.255389 17 storage/engine/rocksdb.go:120  EVENT_LOG_v1 {"time_micros": 1584110707255348, "job": 3, "event": "table_file_deletion", "file_number": 69}
I200313 14:45:07.257904 17 storage/engine/rocksdb.go:120  EVENT_LOG_v1 {"time_micros": 1584110707257854, "job": 3, "event": "table_file_deletion", "file_number": 66}
I200313 14:45:07.264892 17 storage/engine/rocksdb.go:120  EVENT_LOG_v1 {"time_micros": 1584110707264748, "job": 3, "event": "table_file_deletion", "file_number": 64}
